mode: set
github.com/muety/wakapi/utils/auth.go:18.79,20.54 2 0
github.com/muety/wakapi/utils/auth.go:20.54,22.3 1 0
github.com/muety/wakapi/utils/auth.go:24.2,26.16 3 0
github.com/muety/wakapi/utils/auth.go:26.16,28.3 1 0
github.com/muety/wakapi/utils/auth.go:30.2,32.45 3 0
github.com/muety/wakapi/utils/auth.go:32.45,34.3 1 0
github.com/muety/wakapi/utils/auth.go:35.2,36.32 2 0
github.com/muety/wakapi/utils/auth.go:39.65,41.85 2 0
github.com/muety/wakapi/utils/auth.go:41.85,43.3 1 0
github.com/muety/wakapi/utils/auth.go:45.2,46.30 2 0
github.com/muety/wakapi/utils/auth.go:51.57,52.34 1 0
github.com/muety/wakapi/utils/auth.go:52.34,54.3 1 0
github.com/muety/wakapi/utils/auth.go:55.2,55.45 1 0
github.com/muety/wakapi/utils/auth.go:58.57,60.2 1 0
github.com/muety/wakapi/utils/auth.go:62.55,66.2 3 0
github.com/muety/wakapi/utils/auth.go:68.55,71.16 3 0
github.com/muety/wakapi/utils/auth.go:71.16,73.3 1 0
github.com/muety/wakapi/utils/auth.go:74.2,74.16 1 0
github.com/muety/wakapi/utils/auth.go:77.57,81.2 3 0
github.com/muety/wakapi/utils/auth.go:83.57,86.29 3 0
github.com/muety/wakapi/utils/auth.go:86.29,88.3 1 0
github.com/muety/wakapi/utils/auth.go:89.2,90.16 2 0
github.com/muety/wakapi/utils/auth.go:90.16,92.3 1 0
github.com/muety/wakapi/utils/auth.go:93.2,93.16 1 0
github.com/muety/wakapi/utils/collection.go:7.52,8.28 1 0
github.com/muety/wakapi/utils/collection.go:8.28,10.3 1 0
github.com/muety/wakapi/utils/collection.go:11.2,11.26 1 0
github.com/muety/wakapi/utils/collection.go:11.26,13.3 1 0
github.com/muety/wakapi/utils/collection.go:14.2,14.28 1 0
github.com/muety/wakapi/utils/collection.go:17.78,19.22 2 0
github.com/muety/wakapi/utils/collection.go:19.22,20.18 1 0
github.com/muety/wakapi/utils/collection.go:20.18,22.4 1 0
github.com/muety/wakapi/utils/collection.go:23.3,23.12 1 0
github.com/muety/wakapi/utils/collection.go:25.2,25.11 1 0
github.com/muety/wakapi/utils/color.go:8.41,11.16 2 0
github.com/muety/wakapi/utils/color.go:12.9,13.51 1 0
github.com/muety/wakapi/utils/color.go:14.9,18.12 4 0
github.com/muety/wakapi/utils/color.go:20.2,20.8 1 0
github.com/muety/wakapi/utils/color.go:23.37,25.2 1 0
github.com/muety/wakapi/utils/color.go:27.70,28.15 1 0
github.com/muety/wakapi/utils/color.go:28.15,30.3 1 0
github.com/muety/wakapi/utils/color.go:30.8,30.22 1 0
github.com/muety/wakapi/utils/color.go:30.22,32.3 1 0
github.com/muety/wakapi/utils/color.go:34.2,39.43 5 0
github.com/muety/wakapi/utils/cron.go:5.44,7.21 2 0
github.com/muety/wakapi/utils/cron.go:7.21,9.3 1 0
github.com/muety/wakapi/utils/cron.go:10.2,10.20 1 0
github.com/muety/wakapi/utils/date.go:11.26,13.2 1 0
github.com/muety/wakapi/utils/date.go:15.52,18.2 2 0
github.com/muety/wakapi/utils/date.go:20.48,22.2 1 0
github.com/muety/wakapi/utils/date.go:24.77,26.2 1 0
github.com/muety/wakapi/utils/date.go:28.52,30.2 1 0
github.com/muety/wakapi/utils/date.go:32.51,34.2 1 0
github.com/muety/wakapi/utils/date.go:37.41,39.21 2 0
github.com/muety/wakapi/utils/date.go:39.21,41.3 1 0
github.com/muety/wakapi/utils/date.go:42.2,42.33 1 0
github.com/muety/wakapi/utils/date.go:46.67,49.33 2 1
github.com/muety/wakapi/utils/date.go:49.33,52.15 2 1
github.com/muety/wakapi/utils/date.go:52.15,54.12 2 1
github.com/muety/wakapi/utils/date.go:56.3,56.19 1 1
github.com/muety/wakapi/utils/date.go:56.19,58.4 1 1
github.com/muety/wakapi/utils/date.go:59.3,60.10 2 1
github.com/muety/wakapi/utils/date.go:63.2,63.18 1 1
github.com/muety/wakapi/utils/date.go:67.36,70.2 2 0
github.com/muety/wakapi/utils/date.go:73.57,75.2 1 0
github.com/muety/wakapi/utils/date.go:77.48,78.28 1 0
github.com/muety/wakapi/utils/date.go:78.28,80.17 2 0
github.com/muety/wakapi/utils/date.go:80.17,81.65 1 0
github.com/muety/wakapi/utils/date.go:81.65,83.5 1 0
github.com/muety/wakapi/utils/date.go:86.2,86.20 1 0
github.com/muety/wakapi/utils/date.go:89.42,90.28 1 0
github.com/muety/wakapi/utils/date.go:91.52,92.21 1 0
github.com/muety/wakapi/utils/date.go:93.53,94.22 1 0
github.com/muety/wakapi/utils/date.go:95.55,96.24 1 0
github.com/muety/wakapi/utils/date.go:97.54,98.23 1 0
github.com/muety/wakapi/utils/date.go:99.52,100.21 1 0
github.com/muety/wakapi/utils/date.go:101.54,102.23 1 0
github.com/muety/wakapi/utils/date.go:103.52,104.21 1 0
github.com/muety/wakapi/utils/date.go:106.2,106.20 1 0
github.com/muety/wakapi/utils/db.go:12.34,13.37 1 0
github.com/muety/wakapi/utils/db.go:13.37,15.110 2 0
github.com/muety/wakapi/utils/db.go:15.110,18.4 2 0
github.com/muety/wakapi/utils/db.go:19.3,19.20 1 0
github.com/muety/wakapi/utils/db.go:21.2,22.14 2 0
github.com/muety/wakapi/utils/db.go:25.39,26.37 1 0
github.com/muety/wakapi/utils/db.go:26.37,28.119 2 0
github.com/muety/wakapi/utils/db.go:28.119,31.4 2 0
github.com/muety/wakapi/utils/db.go:32.3,32.20 1 0
github.com/muety/wakapi/utils/db.go:34.2,35.14 2 0
github.com/muety/wakapi/utils/db.go:38.66,39.48 1 0
github.com/muety/wakapi/utils/db.go:39.48,41.3 1 0
github.com/muety/wakapi/utils/db.go:42.2,42.53 1 0
github.com/muety/wakapi/utils/db.go:45.59,46.16 1 0
github.com/muety/wakapi/utils/db.go:46.16,48.3 1 0
github.com/muety/wakapi/utils/db.go:49.2,49.15 1 0
github.com/muety/wakapi/utils/db.go:49.15,51.3 1 0
github.com/muety/wakapi/utils/db.go:52.2,52.14 1 0
github.com/muety/wakapi/utils/db.go:59.47,61.2 1 0
github.com/muety/wakapi/utils/db.go:63.60,65.2 1 0
github.com/muety/wakapi/utils/db.go:68.63,72.2 3 0
github.com/muety/wakapi/utils/db.go:75.80,77.41 2 0
github.com/muety/wakapi/utils/db.go:77.41,79.3 1 0
github.com/muety/wakapi/utils/db.go:80.2,80.57 1 0
github.com/muety/wakapi/utils/dns.go:9.38,11.21 2 0
github.com/muety/wakapi/utils/dns.go:11.21,13.3 1 0
github.com/muety/wakapi/utils/dns.go:14.2,15.39 2 0
github.com/muety/wakapi/utils/func.go:10.77,11.15 1 0
github.com/muety/wakapi/utils/func.go:11.15,12.31 1 0
github.com/muety/wakapi/utils/func.go:12.31,16.4 3 0
github.com/muety/wakapi/utils/func.go:18.2,19.12 2 0
github.com/muety/wakapi/utils/func.go:23.57,24.48 1 0
github.com/muety/wakapi/utils/func.go:24.48,26.3 1 0
github.com/muety/wakapi/utils/http.go:34.13,36.2 1 1
github.com/muety/wakapi/utils/http.go:43.34,44.20 1 0
github.com/muety/wakapi/utils/http.go:44.20,46.3 1 0
github.com/muety/wakapi/utils/http.go:47.2,47.19 1 0
github.com/muety/wakapi/utils/http.go:50.35,51.21 1 0
github.com/muety/wakapi/utils/http.go:51.21,53.3 1 0
github.com/muety/wakapi/utils/http.go:54.2,54.34 1 0
github.com/muety/wakapi/utils/http.go:58.62,60.48 2 0
github.com/muety/wakapi/utils/http.go:60.48,62.3 1 0
github.com/muety/wakapi/utils/http.go:63.2,63.93 1 0
github.com/muety/wakapi/utils/http.go:63.93,64.89 1 0
github.com/muety/wakapi/utils/http.go:64.89,66.4 1 0
github.com/muety/wakapi/utils/http.go:68.2,68.14 1 0
github.com/muety/wakapi/utils/http.go:71.51,75.46 4 0
github.com/muety/wakapi/utils/http.go:75.46,77.3 1 0
github.com/muety/wakapi/utils/http.go:78.2,78.73 1 0
github.com/muety/wakapi/utils/http.go:78.73,80.3 1 0
github.com/muety/wakapi/utils/http.go:81.2,81.19 1 0
github.com/muety/wakapi/utils/http.go:84.78,86.26 2 0
github.com/muety/wakapi/utils/http.go:86.26,88.3 1 0
github.com/muety/wakapi/utils/http.go:89.2,89.30 1 0
github.com/muety/wakapi/utils/http.go:89.30,91.3 1 0
github.com/muety/wakapi/utils/http.go:92.2,92.19 1 0
github.com/muety/wakapi/utils/http.go:96.56,98.14 2 1
github.com/muety/wakapi/utils/http.go:98.14,100.3 1 1
github.com/muety/wakapi/utils/http.go:103.2,103.50 1 1
github.com/muety/wakapi/utils/http.go:103.50,109.38 2 1
github.com/muety/wakapi/utils/http.go:109.38,112.31 2 1
github.com/muety/wakapi/utils/http.go:112.31,114.5 1 1
github.com/muety/wakapi/utils/http.go:115.4,115.31 1 1
github.com/muety/wakapi/utils/http.go:115.31,117.5 1 1
github.com/muety/wakapi/utils/http.go:119.4,120.57 2 1
github.com/muety/wakapi/utils/http.go:120.57,122.5 1 1
github.com/muety/wakapi/utils/http.go:123.4,123.19 1 1
github.com/muety/wakapi/utils/http.go:123.19,125.5 1 1
github.com/muety/wakapi/utils/http.go:125.10,125.29 1 1
github.com/muety/wakapi/utils/http.go:125.29,127.5 1 1
github.com/muety/wakapi/utils/http.go:129.4,130.38 2 1
github.com/muety/wakapi/utils/http.go:130.38,133.5 2 1
github.com/muety/wakapi/utils/http.go:134.4,136.26 2 1
github.com/muety/wakapi/utils/http.go:141.2,141.61 1 1
github.com/muety/wakapi/utils/http.go:141.61,142.27 1 1
github.com/muety/wakapi/utils/http.go:142.27,144.4 1 1
github.com/muety/wakapi/utils/http.go:144.9,144.62 1 1
github.com/muety/wakapi/utils/http.go:144.62,146.4 1 1
github.com/muety/wakapi/utils/http.go:148.2,148.64 1 0
github.com/muety/wakapi/utils/http.go:151.76,152.16 1 0
github.com/muety/wakapi/utils/http.go:152.16,154.3 1 0
github.com/muety/wakapi/utils/http.go:155.2,155.27 1 0
github.com/muety/wakapi/utils/http.go:155.27,158.100 3 0
github.com/muety/wakapi/utils/http.go:158.100,163.4 4 0
github.com/muety/wakapi/utils/http.go:164.3,164.139 1 0
github.com/muety/wakapi/utils/http.go:166.2,166.17 1 0
github.com/muety/wakapi/utils/http.go:170.39,171.20 1 1
github.com/muety/wakapi/utils/http.go:171.20,173.3 1 0
github.com/muety/wakapi/utils/http.go:175.2,177.36 2 1
github.com/muety/wakapi/utils/http.go:177.36,183.3 5 1
github.com/muety/wakapi/utils/http.go:185.2,185.68 1 1
github.com/muety/wakapi/utils/http.go:185.68,188.50 3 1
github.com/muety/wakapi/utils/http.go:188.50,190.4 1 1
github.com/muety/wakapi/utils/http.go:193.2,193.11 1 1
github.com/muety/wakapi/utils/http.go:196.54,198.28 1 1
github.com/muety/wakapi/utils/http.go:198.28,199.69 1 1
github.com/muety/wakapi/utils/http.go:199.69,201.4 1 1
github.com/muety/wakapi/utils/http.go:204.2,208.34 3 1
github.com/muety/wakapi/utils/http.go:208.34,210.32 2 1
github.com/muety/wakapi/utils/http.go:210.32,211.12 1 1
github.com/muety/wakapi/utils/http.go:214.3,217.70 3 1
github.com/muety/wakapi/utils/http.go:217.70,218.12 1 1
github.com/muety/wakapi/utils/http.go:221.3,221.27 1 1
github.com/muety/wakapi/utils/http.go:221.27,222.12 1 0
github.com/muety/wakapi/utils/http.go:226.3,226.48 1 1
github.com/muety/wakapi/utils/http.go:226.48,228.52 2 1
github.com/muety/wakapi/utils/http.go:228.52,230.5 1 1
github.com/muety/wakapi/utils/http.go:231.4,231.12 1 1
github.com/muety/wakapi/utils/http.go:234.3,234.26 1 1
github.com/muety/wakapi/utils/http.go:234.26,236.4 1 1
github.com/muety/wakapi/utils/http.go:239.2,239.84 1 1
github.com/muety/wakapi/utils/http.go:243.39,244.48 1 1
github.com/muety/wakapi/utils/http.go:244.48,246.3 1 0
github.com/muety/wakapi/utils/http.go:247.2,247.91 1 1
github.com/muety/wakapi/utils/http.go:247.91,249.3 1 0
github.com/muety/wakapi/utils/http.go:250.2,250.87 1 1
github.com/muety/wakapi/utils/http.go:250.87,252.3 1 0
github.com/muety/wakapi/utils/http.go:253.2,253.14 1 1
github.com/muety/wakapi/utils/http.go:256.27,258.2 1 1
github.com/muety/wakapi/utils/json.go:12.75,18.62 2 0
github.com/muety/wakapi/utils/json.go:18.62,20.3 1 0
github.com/muety/wakapi/utils/json.go:22.2,22.29 1 0
github.com/muety/wakapi/utils/json.go:22.29,24.3 1 0
github.com/muety/wakapi/utils/json.go:26.2,26.72 1 0
github.com/muety/wakapi/utils/json.go:26.72,28.3 1 0
github.com/muety/wakapi/utils/json.go:29.2,29.70 1 0
github.com/muety/wakapi/utils/json.go:29.70,31.3 1 0
github.com/muety/wakapi/utils/json.go:33.2,33.20 1 0
github.com/muety/wakapi/utils/net.go:8.51,10.2 1 0
github.com/muety/wakapi/utils/net.go:12.69,14.2 1 0
github.com/muety/wakapi/utils/random.go:11.58,13.54 2 0
github.com/muety/wakapi/utils/random.go:13.54,15.3 1 0
github.com/muety/wakapi/utils/random.go:16.2,16.59 1 0
github.com/muety/wakapi/utils/random.go:19.48,21.16 2 0
github.com/muety/wakapi/utils/random.go:21.16,23.3 1 0
github.com/muety/wakapi/utils/random.go:24.2,26.16 3 0
github.com/muety/wakapi/utils/random.go:26.16,28.3 1 0
github.com/muety/wakapi/utils/random.go:29.2,29.25 1 0
github.com/muety/wakapi/utils/strings.go:7.58,8.49 1 0
github.com/muety/wakapi/utils/strings.go:8.49,9.32 1 0
github.com/muety/wakapi/utils/strings.go:9.32,10.22 1 0
github.com/muety/wakapi/utils/strings.go:10.22,12.5 1 0
github.com/muety/wakapi/utils/strings.go:14.3,14.15 1 0
github.com/muety/wakapi/utils/strings.go:18.77,19.29 1 0
github.com/muety/wakapi/utils/strings.go:19.29,20.18 1 0
github.com/muety/wakapi/utils/strings.go:20.18,22.4 1 0
github.com/muety/wakapi/utils/strings.go:24.2,24.19 1 0
github.com/muety/wakapi/utils/sync.go:11.66,13.12 2 0
github.com/muety/wakapi/utils/sync.go:13.12,16.3 2 0
github.com/muety/wakapi/utils/sync.go:17.2,17.9 1 0
github.com/muety/wakapi/utils/sync.go:18.11,19.15 1 0
github.com/muety/wakapi/utils/sync.go:20.29,21.14 1 0
github.com/muety/wakapi/utils/system.go:8.20,10.2 1 0
github.com/muety/wakapi/utils/system.go:12.21,14.2 1 0
github.com/muety/wakapi/utils/template.go:13.41,15.16 2 0
github.com/muety/wakapi/utils/template.go:15.16,17.3 1 0
github.com/muety/wakapi/utils/template.go:18.2,18.23 1 0
github.com/muety/wakapi/utils/template.go:21.37,22.30 1 0
github.com/muety/wakapi/utils/template.go:22.30,24.3 1 0
github.com/muety/wakapi/utils/template.go:25.2,25.10 1 0
github.com/muety/wakapi/utils/template.go:28.83,33.16 4 0
github.com/muety/wakapi/utils/template.go:33.16,35.3 1 0
github.com/muety/wakapi/utils/template.go:37.2,37.29 1 0
github.com/muety/wakapi/utils/template.go:37.29,39.51 2 0
github.com/muety/wakapi/utils/template.go:39.51,40.12 1 0
github.com/muety/wakapi/utils/template.go:43.3,44.17 2 0
github.com/muety/wakapi/utils/template.go:44.17,46.4 1 0
github.com/muety/wakapi/utils/template.go:47.3,48.17 2 0
github.com/muety/wakapi/utils/template.go:48.17,50.4 1 0
github.com/muety/wakapi/utils/template.go:52.3,55.17 3 0
github.com/muety/wakapi/utils/template.go:55.17,57.4 1 0
github.com/muety/wakapi/utils/template.go:59.3,59.27 1 0
github.com/muety/wakapi/utils/template.go:62.2,62.23 1 0
github.com/muety/wakapi/middlewares/custom/wakatime.go:35.60,39.70 1 1
github.com/muety/wakapi/middlewares/custom/wakatime.go:39.70,41.5 1 1
github.com/muety/wakapi/middlewares/custom/wakatime.go:49.72,50.71 1 0
github.com/muety/wakapi/middlewares/custom/wakatime.go:50.71,52.3 1 0
github.com/muety/wakapi/middlewares/custom/wakatime.go:55.108,61.70 4 1
github.com/muety/wakapi/middlewares/custom/wakatime.go:61.70,63.3 1 1
github.com/muety/wakapi/middlewares/custom/wakatime.go:65.2,66.46 2 1
github.com/muety/wakapi/middlewares/custom/wakatime.go:66.46,68.3 1 1
github.com/muety/wakapi/middlewares/custom/wakatime.go:70.2,70.76 1 1
github.com/muety/wakapi/middlewares/custom/wakatime.go:70.76,73.3 2 1
github.com/muety/wakapi/middlewares/custom/wakatime.go:76.2,77.40 2 1
github.com/muety/wakapi/middlewares/custom/wakatime.go:77.40,79.3 1 0
github.com/muety/wakapi/middlewares/custom/wakatime.go:80.2,80.16 1 1
github.com/muety/wakapi/middlewares/custom/wakatime.go:80.16,83.3 2 0
github.com/muety/wakapi/middlewares/custom/wakatime.go:86.2,87.28 2 1
github.com/muety/wakapi/middlewares/custom/wakatime.go:87.28,89.3 1 0
github.com/muety/wakapi/middlewares/custom/wakatime.go:91.2,113.3 3 1
github.com/muety/wakapi/middlewares/custom/wakatime.go:116.119,118.16 2 1
github.com/muety/wakapi/middlewares/custom/wakatime.go:118.16,121.3 2 0
github.com/muety/wakapi/middlewares/custom/wakatime.go:123.2,123.28 1 1
github.com/muety/wakapi/middlewares/custom/wakatime.go:123.28,124.23 1 1
github.com/muety/wakapi/middlewares/custom/wakatime.go:124.23,126.4 1 1
github.com/muety/wakapi/middlewares/custom/wakatime.go:129.2,130.16 2 1
github.com/muety/wakapi/middlewares/custom/wakatime.go:130.16,133.3 2 0
github.com/muety/wakapi/middlewares/custom/wakatime.go:135.2,135.61 1 1
github.com/muety/wakapi/middlewares/custom/wakatime.go:135.61,139.57 2 0
github.com/muety/wakapi/middlewares/custom/wakatime.go:139.57,141.4 1 0
github.com/muety/wakapi/middlewares/custom/wakatime.go:142.3,142.81 1 0
github.com/muety/wakapi/middlewares/custom/wakatime.go:142.81,147.4 1 0
github.com/muety/wakapi/middlewares/custom/wakatime.go:147.9,147.23 1 0
github.com/muety/wakapi/middlewares/custom/wakatime.go:147.23,149.4 1 0
github.com/muety/wakapi/middlewares/custom/wakatime.go:157.82,159.16 2 1
github.com/muety/wakapi/middlewares/custom/wakatime.go:159.16,161.3 1 0
github.com/muety/wakapi/middlewares/custom/wakatime.go:165.2,166.16 2 1
github.com/muety/wakapi/middlewares/custom/wakatime.go:166.16,168.3 1 0
github.com/muety/wakapi/middlewares/custom/wakatime.go:169.2,172.80 3 1
github.com/muety/wakapi/middlewares/custom/wakatime.go:172.80,174.3 1 0
github.com/muety/wakapi/middlewares/custom/wakatime.go:176.2,178.68 2 1
github.com/muety/wakapi/middlewares/custom/wakatime.go:178.68,179.23 1 1
github.com/muety/wakapi/middlewares/custom/wakatime.go:179.23,181.4 1 0
github.com/muety/wakapi/middlewares/custom/wakatime.go:182.3,184.58 2 1
github.com/muety/wakapi/middlewares/custom/wakatime.go:184.58,187.4 2 1
github.com/muety/wakapi/middlewares/custom/wakatime.go:190.2,190.50 1 1
github.com/muety/wakapi/middlewares/custom/wakatime.go:190.50,191.33 1 1
github.com/muety/wakapi/middlewares/custom/wakatime.go:191.33,193.4 1 1
github.com/muety/wakapi/middlewares/custom/wakatime.go:194.8,194.32 1 1
github.com/muety/wakapi/middlewares/custom/wakatime.go:194.32,196.3 1 1
github.com/muety/wakapi/middlewares/custom/wakatime.go:198.2,198.23 1 1
github.com/muety/wakapi/middlewares/custom/wakatime.go:198.23,200.3 1 0
github.com/muety/wakapi/middlewares/custom/wakatime.go:202.2,202.37 1 1
github.com/muety/wakapi/middlewares/custom/wakatime.go:202.37,205.3 2 1
github.com/muety/wakapi/middlewares/custom/wakatime.go:207.2,208.62 2 1
github.com/muety/wakapi/middlewares/custom/wakatime.go:208.62,210.3 1 0
github.com/muety/wakapi/middlewares/custom/wakatime.go:212.2,212.25 1 1
github.com/muety/wakapi/middlewares/authenticate.go:39.91,47.2 1 1
github.com/muety/wakapi/middlewares/authenticate.go:49.91,52.2 2 0
github.com/muety/wakapi/middlewares/authenticate.go:54.100,57.2 2 0
github.com/muety/wakapi/middlewares/authenticate.go:59.90,62.2 2 0
github.com/muety/wakapi/middlewares/authenticate.go:64.99,67.2 2 0
github.com/muety/wakapi/middlewares/authenticate.go:69.101,72.2 2 1
github.com/muety/wakapi/middlewares/authenticate.go:74.71,75.71 1 0
github.com/muety/wakapi/middlewares/authenticate.go:75.71,77.3 1 0
github.com/muety/wakapi/middlewares/authenticate.go:80.107,84.16 3 0
github.com/muety/wakapi/middlewares/authenticate.go:84.16,86.3 1 0
github.com/muety/wakapi/middlewares/authenticate.go:87.2,87.16 1 0
github.com/muety/wakapi/middlewares/authenticate.go:87.16,89.3 1 0
github.com/muety/wakapi/middlewares/authenticate.go:90.2,90.16 1 0
github.com/muety/wakapi/middlewares/authenticate.go:90.16,92.3 1 0
github.com/muety/wakapi/middlewares/authenticate.go:93.2,93.55 1 0
github.com/muety/wakapi/middlewares/authenticate.go:93.55,95.3 1 0
github.com/muety/wakapi/middlewares/authenticate.go:97.2,97.31 1 0
github.com/muety/wakapi/middlewares/authenticate.go:97.31,98.22 1 0
github.com/muety/wakapi/middlewares/authenticate.go:98.22,101.4 2 0
github.com/muety/wakapi/middlewares/authenticate.go:103.3,103.29 1 0
github.com/muety/wakapi/middlewares/authenticate.go:103.29,106.4 2 0
github.com/muety/wakapi/middlewares/authenticate.go:106.9,107.36 1 0
github.com/muety/wakapi/middlewares/authenticate.go:107.36,111.5 3 0
github.com/muety/wakapi/middlewares/authenticate.go:112.4,116.59 5 0
github.com/muety/wakapi/middlewares/authenticate.go:118.3,118.9 1 0
github.com/muety/wakapi/middlewares/authenticate.go:121.2,122.12 2 0
github.com/muety/wakapi/middlewares/authenticate.go:125.67,126.39 1 0
github.com/muety/wakapi/middlewares/authenticate.go:126.39,127.58 1 0
github.com/muety/wakapi/middlewares/authenticate.go:127.58,129.4 1 0
github.com/muety/wakapi/middlewares/authenticate.go:131.2,131.41 1 0
github.com/muety/wakapi/middlewares/authenticate.go:131.41,132.37 1 0
github.com/muety/wakapi/middlewares/authenticate.go:132.37,134.4 1 0
github.com/muety/wakapi/middlewares/authenticate.go:136.2,136.14 1 0
github.com/muety/wakapi/middlewares/authenticate.go:139.98,141.16 2 1
github.com/muety/wakapi/middlewares/authenticate.go:141.16,143.3 1 1
github.com/muety/wakapi/middlewares/authenticate.go:145.2,148.16 4 1
github.com/muety/wakapi/middlewares/authenticate.go:148.16,150.3 1 1
github.com/muety/wakapi/middlewares/authenticate.go:151.2,151.18 1 1
github.com/muety/wakapi/middlewares/authenticate.go:154.97,158.19 4 1
github.com/muety/wakapi/middlewares/authenticate.go:158.19,160.3 1 1
github.com/muety/wakapi/middlewares/authenticate.go:161.2,162.16 2 1
github.com/muety/wakapi/middlewares/authenticate.go:162.16,164.3 1 0
github.com/muety/wakapi/middlewares/authenticate.go:165.2,165.18 1 1
github.com/muety/wakapi/middlewares/authenticate.go:168.112,169.42 1 1
github.com/muety/wakapi/middlewares/authenticate.go:169.42,171.3 1 1
github.com/muety/wakapi/middlewares/authenticate.go:172.2,175.22 3 1
github.com/muety/wakapi/middlewares/authenticate.go:175.22,177.3 1 0
github.com/muety/wakapi/middlewares/authenticate.go:178.2,178.170 1 1
github.com/muety/wakapi/middlewares/authenticate.go:178.170,180.3 1 1
github.com/muety/wakapi/middlewares/authenticate.go:180.5,182.3 1 1
github.com/muety/wakapi/middlewares/authenticate.go:184.2,185.16 2 1
github.com/muety/wakapi/middlewares/authenticate.go:185.16,187.3 1 1
github.com/muety/wakapi/middlewares/authenticate.go:189.2,189.50 1 1
github.com/muety/wakapi/middlewares/authenticate.go:189.50,191.3 1 1
github.com/muety/wakapi/middlewares/authenticate.go:194.2,200.68 3 1
github.com/muety/wakapi/middlewares/authenticate.go:200.68,202.3 1 0
github.com/muety/wakapi/middlewares/authenticate.go:203.2,203.43 1 1
github.com/muety/wakapi/middlewares/authenticate.go:206.92,208.16 2 0
github.com/muety/wakapi/middlewares/authenticate.go:208.16,210.3 1 0
github.com/muety/wakapi/middlewares/authenticate.go:212.2,213.16 2 0
github.com/muety/wakapi/middlewares/authenticate.go:213.16,215.3 1 0
github.com/muety/wakapi/middlewares/authenticate.go:220.2,220.18 1 0
github.com/muety/wakapi/middlewares/authenticate.go:223.113,225.16 2 1
github.com/muety/wakapi/middlewares/authenticate.go:225.16,227.3 1 1
github.com/muety/wakapi/middlewares/authenticate.go:228.2,229.16 2 1
github.com/muety/wakapi/middlewares/authenticate.go:229.16,231.3 1 0
github.com/muety/wakapi/middlewares/authenticate.go:233.2,233.18 1 1
github.com/muety/wakapi/middlewares/filetype.go:13.83,14.43 1 0
github.com/muety/wakapi/middlewares/filetype.go:14.43,19.3 1 0
github.com/muety/wakapi/middlewares/filetype.go:22.84,24.34 2 0
github.com/muety/wakapi/middlewares/filetype.go:24.34,25.50 1 0
github.com/muety/wakapi/middlewares/filetype.go:25.50,29.4 3 0
github.com/muety/wakapi/middlewares/filetype.go:31.2,31.27 1 0
github.com/muety/wakapi/middlewares/logging.go:21.102,22.43 1 0
github.com/muety/wakapi/middlewares/logging.go:22.43,28.3 1 0
github.com/muety/wakapi/middlewares/logging.go:31.80,40.44 7 0
github.com/muety/wakapi/middlewares/logging.go:40.44,41.38 1 0
github.com/muety/wakapi/middlewares/logging.go:41.38,43.4 1 0
github.com/muety/wakapi/middlewares/logging.go:46.2,54.3 1 0
github.com/muety/wakapi/middlewares/logging.go:57.41,59.14 2 0
github.com/muety/wakapi/middlewares/logging.go:59.14,61.3 1 0
github.com/muety/wakapi/middlewares/logging.go:62.2,62.14 1 0
github.com/muety/wakapi/middlewares/logging.go:62.14,64.3 1 0
github.com/muety/wakapi/middlewares/logging.go:65.2,65.11 1 0
github.com/muety/wakapi/middlewares/logging.go:68.41,69.42 1 0
github.com/muety/wakapi/middlewares/logging.go:69.42,71.3 1 0
github.com/muety/wakapi/middlewares/logging.go:72.2,72.12 1 0
github.com/muety/wakapi/middlewares/logging.go:103.52,105.2 1 0
github.com/muety/wakapi/middlewares/logging.go:117.45,118.20 1 0
github.com/muety/wakapi/middlewares/logging.go:118.20,122.3 3 0
github.com/muety/wakapi/middlewares/logging.go:124.54,127.18 3 0
github.com/muety/wakapi/middlewares/logging.go:127.18,130.17 2 0
github.com/muety/wakapi/middlewares/logging.go:130.17,132.4 1 0
github.com/muety/wakapi/middlewares/logging.go:134.2,135.15 2 0
github.com/muety/wakapi/middlewares/logging.go:137.42,138.20 1 0
github.com/muety/wakapi/middlewares/logging.go:138.20,140.3 1 0
github.com/muety/wakapi/middlewares/logging.go:142.36,144.2 1 0
github.com/muety/wakapi/middlewares/logging.go:145.42,147.2 1 0
github.com/muety/wakapi/middlewares/logging.go:148.40,150.2 1 0
github.com/muety/wakapi/middlewares/logging.go:151.52,153.2 1 0
github.com/muety/wakapi/middlewares/principal.go:10.55,12.2 1 0
github.com/muety/wakapi/middlewares/principal.go:14.49,16.2 1 0
github.com/muety/wakapi/middlewares/security.go:19.62,20.43 1 0
github.com/muety/wakapi/middlewares/security.go:20.43,22.3 1 0
github.com/muety/wakapi/middlewares/security.go:25.80,26.36 1 0
github.com/muety/wakapi/middlewares/security.go:26.36,27.30 1 0
github.com/muety/wakapi/middlewares/security.go:27.30,29.4 1 0
github.com/muety/wakapi/middlewares/security.go:31.2,31.27 1 0
github.com/muety/wakapi/middlewares/sentry.go:15.60,16.43 1 0
github.com/muety/wakapi/middlewares/sentry.go:16.43,20.3 1 0
github.com/muety/wakapi/middlewares/sentry.go:23.78,26.54 3 0
github.com/muety/wakapi/middlewares/sentry.go:26.54,27.43 1 0
github.com/muety/wakapi/middlewares/sentry.go:27.43,29.4 1 0
github.com/muety/wakapi/middlewares/shared_data.go:32.64,33.43 1 0
github.com/muety/wakapi/middlewares/shared_data.go:33.43,35.3 1 0
github.com/muety/wakapi/middlewares/shared_data.go:38.82,42.2 3 0
github.com/muety/wakapi/config/config.go:253.46,254.25 1 1
github.com/muety/wakapi/config/config.go:254.25,256.3 1 1
github.com/muety/wakapi/config/config.go:257.2,257.35 1 1
github.com/muety/wakapi/config/config.go:260.47,264.38 3 1
github.com/muety/wakapi/config/config.go:264.38,266.3 1 1
github.com/muety/wakapi/config/config.go:267.2,267.22 1 1
github.com/muety/wakapi/config/config.go:267.22,269.3 1 1
github.com/muety/wakapi/config/config.go:270.2,270.26 1 1
github.com/muety/wakapi/config/config.go:270.26,272.3 1 1
github.com/muety/wakapi/config/config.go:273.2,273.46 1 1
github.com/muety/wakapi/config/config.go:273.46,275.3 1 1
github.com/muety/wakapi/config/config.go:276.2,276.12 1 1
github.com/muety/wakapi/config/config.go:279.45,281.2 1 0
github.com/muety/wakapi/config/config.go:283.64,285.2 1 0
github.com/muety/wakapi/config/config.go:287.59,289.2 1 0
github.com/muety/wakapi/config/config.go:291.82,292.16 1 0
github.com/muety/wakapi/config/config.go:292.16,294.3 1 0
github.com/muety/wakapi/config/config.go:296.2,304.3 1 0
github.com/muety/wakapi/config/config.go:307.31,309.2 1 0
github.com/muety/wakapi/config/config.go:311.32,313.2 1 0
github.com/muety/wakapi/config/config.go:315.60,317.2 1 0
github.com/muety/wakapi/config/config.go:319.67,320.37 1 0
github.com/muety/wakapi/config/config.go:320.37,322.3 1 0
github.com/muety/wakapi/config/config.go:323.2,323.62 1 0
github.com/muety/wakapi/config/config.go:326.59,328.2 1 0
github.com/muety/wakapi/config/config.go:330.57,332.2 1 0
github.com/muety/wakapi/config/config.go:334.53,336.2 1 0
github.com/muety/wakapi/config/config.go:338.53,339.46 1 1
github.com/muety/wakapi/config/config.go:339.46,343.17 3 0
github.com/muety/wakapi/config/config.go:343.17,345.4 1 0
github.com/muety/wakapi/config/config.go:347.3,348.17 2 0
github.com/muety/wakapi/config/config.go:348.17,350.4 1 0
github.com/muety/wakapi/config/config.go:352.3,352.44 1 0
github.com/muety/wakapi/config/config.go:355.2,355.51 1 1
github.com/muety/wakapi/config/config.go:358.50,359.47 1 1
github.com/muety/wakapi/config/config.go:359.47,366.17 5 0
github.com/muety/wakapi/config/config.go:366.17,368.4 1 0
github.com/muety/wakapi/config/config.go:370.3,371.17 2 0
github.com/muety/wakapi/config/config.go:371.17,373.4 1 0
github.com/muety/wakapi/config/config.go:375.3,375.54 1 0
github.com/muety/wakapi/config/config.go:378.2,378.52 1 1
github.com/muety/wakapi/config/config.go:381.65,386.56 3 1
github.com/muety/wakapi/config/config.go:386.56,388.33 1 0
github.com/muety/wakapi/config/config.go:388.33,391.18 3 0
github.com/muety/wakapi/config/config.go:391.18,393.5 1 0
github.com/muety/wakapi/config/config.go:395.4,396.18 2 0
github.com/muety/wakapi/config/config.go:396.18,398.5 1 0
github.com/muety/wakapi/config/config.go:400.4,400.45 1 0
github.com/muety/wakapi/config/config.go:402.8,403.33 1 1
github.com/muety/wakapi/config/config.go:403.33,405.4 1 1
github.com/muety/wakapi/config/config.go:408.2,408.76 1 1
github.com/muety/wakapi/config/config.go:408.76,410.3 1 1
github.com/muety/wakapi/config/config.go:412.2,412.14 1 1
github.com/muety/wakapi/config/config.go:415.54,418.2 2 0
github.com/muety/wakapi/config/config.go:420.63,421.38 1 1
github.com/muety/wakapi/config/config.go:421.38,423.3 1 1
github.com/muety/wakapi/config/config.go:424.2,424.43 1 1
github.com/muety/wakapi/config/config.go:424.43,425.46 1 1
github.com/muety/wakapi/config/config.go:425.46,427.4 1 1
github.com/muety/wakapi/config/config.go:429.2,429.14 1 1
github.com/muety/wakapi/config/config.go:432.54,435.64 2 1
github.com/muety/wakapi/config/config.go:435.64,437.15 1 1
github.com/muety/wakapi/config/config.go:437.15,438.12 1 1
github.com/muety/wakapi/config/config.go:442.3,443.17 2 0
github.com/muety/wakapi/config/config.go:443.17,445.12 2 0
github.com/muety/wakapi/config/config.go:449.3,450.22 2 0
github.com/muety/wakapi/config/config.go:450.22,452.29 2 0
github.com/muety/wakapi/config/config.go:452.29,454.5 1 0
github.com/muety/wakapi/config/config.go:455.4,457.12 3 0
github.com/muety/wakapi/config/config.go:460.3,460.55 1 0
github.com/muety/wakapi/config/config.go:464.61,466.2 1 0
github.com/muety/wakapi/config/config.go:468.66,470.2 1 0
github.com/muety/wakapi/config/config.go:472.65,474.2 1 0
github.com/muety/wakapi/config/config.go:476.73,478.2 1 0
github.com/muety/wakapi/config/config.go:480.78,482.2 1 0
github.com/muety/wakapi/config/config.go:484.55,485.112 1 0
github.com/muety/wakapi/config/config.go:485.112,487.3 1 0
github.com/muety/wakapi/config/config.go:490.70,493.23 3 0
github.com/muety/wakapi/config/config.go:493.23,495.3 1 0
github.com/muety/wakapi/config/config.go:497.2,501.20 4 0
github.com/muety/wakapi/config/config.go:502.11,503.28 1 0
github.com/muety/wakapi/config/config.go:504.11,505.28 1 0
github.com/muety/wakapi/config/config.go:506.11,507.26 1 0
github.com/muety/wakapi/config/config.go:510.2,510.51 1 0
github.com/muety/wakapi/config/config.go:513.36,515.2 1 1
github.com/muety/wakapi/config/config.go:517.35,519.2 1 0
github.com/muety/wakapi/config/config.go:521.38,523.2 1 0
github.com/muety/wakapi/config/config.go:525.35,527.2 1 1
github.com/muety/wakapi/config/config.go:529.46,531.2 1 1
github.com/muety/wakapi/config/config.go:533.43,535.2 1 0
github.com/muety/wakapi/config/config.go:537.29,539.2 1 1
github.com/muety/wakapi/config/config.go:541.48,552.16 2 1
github.com/muety/wakapi/config/config.go:552.16,553.48 1 1
github.com/muety/wakapi/config/config.go:553.48,555.4 1 0
github.com/muety/wakapi/config/config.go:555.9,557.4 1 1
github.com/muety/wakapi/config/config.go:560.2,561.53 2 1
github.com/muety/wakapi/config/config.go:561.53,563.3 1 0
github.com/muety/wakapi/config/config.go:565.2,565.15 1 1
github.com/muety/wakapi/config/config.go:568.45,569.27 1 1
github.com/muety/wakapi/config/config.go:569.27,571.3 1 0
github.com/muety/wakapi/config/config.go:572.2,572.24 1 1
github.com/muety/wakapi/config/config.go:572.24,574.3 1 0
github.com/muety/wakapi/config/config.go:575.2,575.25 1 1
github.com/muety/wakapi/config/config.go:575.25,577.3 1 0
github.com/muety/wakapi/config/config.go:578.2,578.15 1 1
github.com/muety/wakapi/config/config.go:581.26,583.2 1 1
github.com/muety/wakapi/config/config.go:585.20,587.2 1 1
github.com/muety/wakapi/config/config.go:589.54,594.101 4 1
github.com/muety/wakapi/config/config.go:594.101,596.3 1 0
github.com/muety/wakapi/config/config.go:598.2,604.21 5 1
github.com/muety/wakapi/config/config.go:604.21,606.3 1 0
github.com/muety/wakapi/config/config.go:608.2,611.35 4 1
github.com/muety/wakapi/config/config.go:611.35,613.3 1 0
github.com/muety/wakapi/config/config.go:614.2,614.25 1 1
github.com/muety/wakapi/config/config.go:614.25,617.3 2 0
github.com/muety/wakapi/config/config.go:619.2,620.16 2 1
github.com/muety/wakapi/config/config.go:620.16,623.3 2 0
github.com/muety/wakapi/config/config.go:624.2,624.25 1 1
github.com/muety/wakapi/config/config.go:624.25,627.3 1 1
github.com/muety/wakapi/config/config.go:628.2,628.25 1 1
github.com/muety/wakapi/config/config.go:628.25,630.3 1 0
github.com/muety/wakapi/config/config.go:631.2,636.81 4 1
github.com/muety/wakapi/config/config.go:636.81,638.3 1 1
github.com/muety/wakapi/config/config.go:638.8,640.3 1 0
github.com/muety/wakapi/config/config.go:642.2,642.47 1 1
github.com/muety/wakapi/config/config.go:642.47,643.14 1 0
github.com/muety/wakapi/config/config.go:643.14,645.4 1 0
github.com/muety/wakapi/config/config.go:648.2,648.29 1 1
github.com/muety/wakapi/config/config.go:648.29,649.38 1 0
github.com/muety/wakapi/config/config.go:649.38,651.4 1 0
github.com/muety/wakapi/config/config.go:652.3,653.60 2 0
github.com/muety/wakapi/config/config.go:656.2,656.70 1 1
github.com/muety/wakapi/config/config.go:656.70,658.50 2 1
github.com/muety/wakapi/config/config.go:658.50,660.4 1 1
github.com/muety/wakapi/config/config.go:663.2,663.41 1 1
github.com/muety/wakapi/config/config.go:663.41,665.3 1 1
github.com/muety/wakapi/config/config.go:665.8,667.35 2 0
github.com/muety/wakapi/config/config.go:667.35,669.4 1 0
github.com/muety/wakapi/config/config.go:670.3,670.34 1 0
github.com/muety/wakapi/config/config.go:674.2,674.108 1 1
github.com/muety/wakapi/config/config.go:674.108,676.3 1 0
github.com/muety/wakapi/config/config.go:677.2,677.52 1 1
github.com/muety/wakapi/config/config.go:677.52,679.3 1 0
github.com/muety/wakapi/config/config.go:680.2,680.51 1 1
github.com/muety/wakapi/config/config.go:680.51,683.3 2 1
github.com/muety/wakapi/config/config.go:684.2,684.100 1 1
github.com/muety/wakapi/config/config.go:684.100,686.3 1 0
github.com/muety/wakapi/config/config.go:687.2,687.53 1 1
github.com/muety/wakapi/config/config.go:687.53,689.3 1 0
github.com/muety/wakapi/config/config.go:690.2,690.74 1 1
github.com/muety/wakapi/config/config.go:690.74,692.3 1 0
github.com/muety/wakapi/config/config.go:693.2,693.95 1 1
github.com/muety/wakapi/config/config.go:693.95,695.3 1 0
github.com/muety/wakapi/config/config.go:696.2,696.156 1 1
github.com/muety/wakapi/config/config.go:696.156,698.3 1 0
github.com/muety/wakapi/config/config.go:699.2,699.165 1 1
github.com/muety/wakapi/config/config.go:699.165,701.3 1 0
github.com/muety/wakapi/config/config.go:702.2,702.57 1 1
github.com/muety/wakapi/config/config.go:702.57,703.45 1 1
github.com/muety/wakapi/config/config.go:703.45,705.4 1 0
github.com/muety/wakapi/config/config.go:708.2,710.78 2 1
github.com/muety/wakapi/config/config.go:710.78,712.3 1 0
github.com/muety/wakapi/config/config.go:713.2,713.81 1 1
github.com/muety/wakapi/config/config.go:713.81,715.3 1 0
github.com/muety/wakapi/config/config.go:716.2,716.66 1 1
github.com/muety/wakapi/config/config.go:716.66,717.48 1 1
github.com/muety/wakapi/config/config.go:717.48,719.4 1 0
github.com/muety/wakapi/config/config.go:723.2,723.76 1 1
github.com/muety/wakapi/config/config.go:723.76,725.3 1 0
github.com/muety/wakapi/config/config.go:728.2,728.55 1 1
github.com/muety/wakapi/config/config.go:728.55,730.3 1 0
github.com/muety/wakapi/config/config.go:731.2,731.56 1 1
github.com/muety/wakapi/config/config.go:731.56,733.3 1 0
github.com/muety/wakapi/config/config.go:734.2,734.65 1 1
github.com/muety/wakapi/config/config.go:734.65,736.3 1 0
github.com/muety/wakapi/config/config.go:738.2,745.14 5 1
github.com/muety/wakapi/config/config.go:748.22,758.2 1 1
github.com/muety/wakapi/config/config.go:760.38,763.2 2 0
github.com/muety/wakapi/config/config.go:765.40,767.50 1 1
github.com/muety/wakapi/config/config.go:767.50,770.3 2 1
github.com/muety/wakapi/config/config.go:773.35,777.16 3 1
github.com/muety/wakapi/config/config.go:777.16,779.3 1 0
github.com/muety/wakapi/config/config.go:781.2,788.16 3 1
github.com/muety/wakapi/config/config.go:788.16,790.3 1 0
github.com/muety/wakapi/config/config.go:793.22,805.33 2 1
github.com/muety/wakapi/config/config.go:805.33,810.69 3 1
github.com/muety/wakapi/config/config.go:810.69,814.135 3 1
github.com/muety/wakapi/config/config.go:814.135,817.5 2 0
github.com/muety/wakapi/config/config.go:818.4,818.18 1 1
github.com/muety/wakapi/config/config.go:829.24,830.33 1 1
github.com/muety/wakapi/config/config.go:830.33,832.22 2 1
github.com/muety/wakapi/config/config.go:832.22,833.12 1 0
github.com/muety/wakapi/config/config.go:835.3,837.36 2 1
github.com/muety/wakapi/config/config.go:837.36,839.28 2 1
github.com/muety/wakapi/config/config.go:839.28,842.5 2 0
github.com/muety/wakapi/config/config.go:844.4,845.18 2 1
github.com/muety/wakapi/config/config.go:845.18,848.5 2 0
github.com/muety/wakapi/config/config.go:850.4,851.18 2 1
github.com/muety/wakapi/config/cookie.go:15.57,17.2 1 1
github.com/muety/wakapi/config/cookie.go:29.47,31.16 2 1
github.com/muety/wakapi/config/cookie.go:31.16,33.3 1 0
github.com/muety/wakapi/config/cookie.go:35.2,39.36 4 1
github.com/muety/wakapi/config/cookie.go:39.36,41.3 1 0
github.com/muety/wakapi/config/cookie.go:43.2,43.29 1 1
github.com/muety/wakapi/config/cookie.go:46.45,48.16 2 1
github.com/muety/wakapi/config/cookie.go:48.16,50.3 1 0
github.com/muety/wakapi/config/cookie.go:52.2,53.61 2 1
github.com/muety/wakapi/config/cookie.go:56.36,59.2 2 1
github.com/muety/wakapi/config/cookie.go:61.26,63.2 1 1
github.com/muety/wakapi/config/cookie.go:65.46,66.46 1 0
github.com/muety/wakapi/config/cookie.go:66.46,68.3 1 0
github.com/muety/wakapi/config/cookie.go:69.2,69.42 1 0
github.com/muety/wakapi/config/cookie.go:72.49,73.44 1 0
github.com/muety/wakapi/config/cookie.go:73.44,75.3 1 0
github.com/muety/wakapi/config/cookie.go:76.2,76.40 1 0
github.com/muety/wakapi/config/db.go:53.50,54.19 1 0
github.com/muety/wakapi/config/db.go:55.23,59.5 1 0
github.com/muety/wakapi/config/db.go:60.26,63.5 1 0
github.com/muety/wakapi/config/db.go:64.24,65.48 1 0
github.com/muety/wakapi/config/db.go:68.2,68.12 1 0
github.com/muety/wakapi/config/db.go:71.53,72.25 1 1
github.com/muety/wakapi/config/db.go:72.25,74.3 1 0
github.com/muety/wakapi/config/db.go:76.2,78.25 2 1
github.com/muety/wakapi/config/db.go:78.25,80.3 1 1
github.com/muety/wakapi/config/db.go:82.2,90.3 1 1
github.com/muety/wakapi/config/db.go:93.56,94.25 1 1
github.com/muety/wakapi/config/db.go:94.25,96.3 1 0
github.com/muety/wakapi/config/db.go:98.2,99.16 2 1
github.com/muety/wakapi/config/db.go:99.16,101.3 1 0
github.com/muety/wakapi/config/db.go:106.2,113.3 1 1
github.com/muety/wakapi/config/db.go:116.54,118.2 1 1
github.com/muety/wakapi/config/db_opts.go:11.56,13.2 1 0
github.com/muety/wakapi/config/db_opts.go:15.59,17.2 1 0
github.com/muety/wakapi/config/db_opts.go:19.61,21.39 1 0
github.com/muety/wakapi/config/db_opts.go:21.39,23.100 1 0
github.com/muety/wakapi/config/db_opts.go:23.100,25.4 1 0
github.com/muety/wakapi/config/db_opts.go:28.2,28.30 1 0
github.com/muety/wakapi/config/db_opts.go:28.30,29.68 1 0
github.com/muety/wakapi/config/db_opts.go:29.68,31.4 1 0
github.com/muety/wakapi/config/db_opts.go:34.2,34.12 1 0
github.com/muety/wakapi/config/eventbus.go:33.13,35.2 1 1
github.com/muety/wakapi/config/eventbus.go:37.26,39.2 1 0
github.com/muety/wakapi/config/eventbus.go:41.37,43.2 1 0
github.com/muety/wakapi/config/fs.go:9.56,10.19 1 0
github.com/muety/wakapi/config/fs.go:10.19,11.46 1 0
github.com/muety/wakapi/config/fs.go:11.46,13.4 1 0
github.com/muety/wakapi/config/fs.go:14.3,14.98 1 0
github.com/muety/wakapi/config/fs.go:16.2,16.19 1 0
github.com/muety/wakapi/config/jobqueue.go:29.13,31.2 1 1
github.com/muety/wakapi/config/jobqueue.go:33.18,41.2 7 0
github.com/muety/wakapi/config/jobqueue.go:43.48,44.34 1 0
github.com/muety/wakapi/config/jobqueue.go:44.34,46.3 1 0
github.com/muety/wakapi/config/jobqueue.go:47.2,50.12 4 0
github.com/muety/wakapi/config/jobqueue.go:53.44,55.2 1 0
github.com/muety/wakapi/config/jobqueue.go:57.48,58.35 1 0
github.com/muety/wakapi/config/jobqueue.go:58.35,60.3 1 0
github.com/muety/wakapi/config/jobqueue.go:61.2,61.24 1 0
github.com/muety/wakapi/config/jobqueue.go:64.43,66.37 2 0
github.com/muety/wakapi/config/jobqueue.go:66.37,72.3 1 0
github.com/muety/wakapi/config/jobqueue.go:73.2,73.16 1 0
github.com/muety/wakapi/config/jobqueue.go:76.20,77.30 1 0
github.com/muety/wakapi/config/jobqueue.go:77.30,79.3 1 0
github.com/muety/wakapi/config/logging.go:11.35,13.25 2 1
github.com/muety/wakapi/config/logging.go:13.25,16.62 1 0
github.com/muety/wakapi/config/logging.go:16.62,17.44 1 0
github.com/muety/wakapi/config/logging.go:17.44,21.6 1 0
github.com/muety/wakapi/config/logging.go:22.5,22.13 1 0
github.com/muety/wakapi/config/logging.go:24.8,29.3 1 1
github.com/muety/wakapi/config/logging.go:30.2,30.36 1 1
github.com/muety/wakapi/config/oidc.go:36.48,38.31 1 1
github.com/muety/wakapi/config/oidc.go:38.31,39.65 1 1
github.com/muety/wakapi/config/oidc.go:39.65,41.4 1 1
github.com/muety/wakapi/config/oidc.go:45.2,45.62 1 1
github.com/muety/wakapi/config/oidc.go:45.62,47.3 1 1
github.com/muety/wakapi/config/oidc.go:48.2,48.53 1 1
github.com/muety/wakapi/config/oidc.go:48.53,50.3 1 1
github.com/muety/wakapi/config/oidc.go:51.2,51.52 1 1
github.com/muety/wakapi/config/oidc.go:51.52,53.3 1 1
github.com/muety/wakapi/config/oidc.go:54.2,54.11 1 1
github.com/muety/wakapi/config/oidc.go:57.69,58.28 1 1
github.com/muety/wakapi/config/oidc.go:58.28,59.48 1 1
github.com/muety/wakapi/config/oidc.go:59.48,60.38 1 1
github.com/muety/wakapi/config/oidc.go:60.38,62.5 1 1
github.com/muety/wakapi/config/oidc.go:65.2,65.11 1 1
github.com/muety/wakapi/config/oidc.go:70.58,79.2 4 1
github.com/muety/wakapi/config/oidc.go:81.60,85.16 3 1
github.com/muety/wakapi/config/oidc.go:85.16,88.3 2 0
github.com/muety/wakapi/config/oidc.go:90.2,91.39 2 1
github.com/muety/wakapi/config/oidc.go:91.39,92.78 1 0
github.com/muety/wakapi/config/oidc.go:92.78,94.4 1 0
github.com/muety/wakapi/config/oidc.go:97.2,111.3 2 1
github.com/muety/wakapi/config/oidc.go:114.58,116.9 2 1
github.com/muety/wakapi/config/oidc.go:116.9,118.3 1 0
github.com/muety/wakapi/config/oidc.go:119.2,119.22 1 1
github.com/muety/wakapi/config/oidc.go:122.53,125.2 2 0
github.com/muety/wakapi/config/sentry.go:27.26,29.16 2 1
github.com/muety/wakapi/config/sentry.go:29.16,31.3 1 1
github.com/muety/wakapi/config/sentry.go:33.2,33.136 1 1
github.com/muety/wakapi/config/sentry.go:33.136,35.30 2 0
github.com/muety/wakapi/config/sentry.go:35.30,36.29 1 0
github.com/muety/wakapi/config/sentry.go:36.29,38.5 1 0
github.com/muety/wakapi/config/sentry.go:40.3,40.24 1 0
github.com/muety/wakapi/config/sentry.go:43.2,48.4 1 1
github.com/muety/wakapi/config/sentry.go:51.26,53.25 1 1
github.com/muety/wakapi/config/sentry.go:53.25,55.3 1 1
github.com/muety/wakapi/config/sentry.go:56.2,57.21 2 1
github.com/muety/wakapi/config/sentry.go:60.55,64.2 3 0
github.com/muety/wakapi/config/sentry.go:66.63,69.39 3 0
github.com/muety/wakapi/config/sentry.go:69.39,71.3 1 0
github.com/muety/wakapi/config/sentry.go:72.2,72.11 1 0
github.com/muety/wakapi/config/sentry.go:83.73,91.59 1 0
github.com/muety/wakapi/config/sentry.go:91.59,93.38 2 0
github.com/muety/wakapi/config/sentry.go:93.38,94.38 1 0
github.com/muety/wakapi/config/sentry.go:94.38,96.6 1 0
github.com/muety/wakapi/config/sentry.go:98.4,98.50 1 0
github.com/muety/wakapi/config/sentry.go:98.50,100.5 1 0
github.com/muety/wakapi/config/sentry.go:101.4,101.37 1 0
github.com/muety/wakapi/config/sentry.go:103.79,106.4 1 0
github.com/muety/wakapi/config/sentry.go:107.17,109.3 1 0
github.com/muety/wakapi/config/sentry.go:113.43,115.23 2 0
github.com/muety/wakapi/config/sentry.go:115.23,118.3 2 0
github.com/muety/wakapi/config/sentry.go:119.2,120.16 2 0
github.com/muety/wakapi/config/sentry.go:120.16,122.3 1 0
github.com/muety/wakapi/config/sentry.go:123.2,123.21 1 0
github.com/muety/wakapi/config/shared_data.go:18.34,20.2 1 0
github.com/muety/wakapi/config/testutils.go:3.111,5.2 1 0
github.com/muety/wakapi/config/testutils.go:7.137,20.2 4 0
github.com/muety/wakapi/routes/api/activity.go:19.13,21.2 1 1
github.com/muety/wakapi/routes/api/activity.go:29.126,35.2 1 0
github.com/muety/wakapi/routes/api/activity.go:37.64,46.2 4 0
github.com/muety/wakapi/routes/api/activity.go:48.87,55.45 3 0
github.com/muety/wakapi/routes/api/activity.go:55.45,59.3 3 0
github.com/muety/wakapi/routes/api/activity.go:60.2,61.16 2 0
github.com/muety/wakapi/routes/api/activity.go:61.16,64.3 2 0
github.com/muety/wakapi/routes/api/activity.go:66.2,66.68 1 0
github.com/muety/wakapi/routes/api/activity.go:66.68,67.40 1 0
github.com/muety/wakapi/routes/api/activity.go:67.40,70.4 2 0
github.com/muety/wakapi/routes/api/activity.go:73.2,77.16 4 0
github.com/muety/wakapi/routes/api/activity.go:77.16,81.3 3 0
github.com/muety/wakapi/routes/api/activity.go:83.2,86.24 4 0
github.com/muety/wakapi/routes/api/avatar.go:19.40,21.16 2 0
github.com/muety/wakapi/routes/api/avatar.go:21.16,22.13 1 0
github.com/muety/wakapi/routes/api/avatar.go:25.2,28.3 1 0
github.com/muety/wakapi/routes/api/avatar.go:31.59,36.2 4 0
github.com/muety/wakapi/routes/api/avatar.go:38.69,41.37 2 0
github.com/muety/wakapi/routes/api/avatar.go:41.37,43.3 1 0
github.com/muety/wakapi/routes/api/avatar.go:45.2,45.29 1 0
github.com/muety/wakapi/routes/api/avatar.go:45.29,47.3 1 0
github.com/muety/wakapi/routes/api/avatar.go:48.2,53.32 5 0
github.com/muety/wakapi/routes/api/badge.go:28.112,35.2 1 1
github.com/muety/wakapi/routes/api/badge.go:37.58,42.2 4 1
github.com/muety/wakapi/routes/api/badge.go:44.68,47.16 3 1
github.com/muety/wakapi/routes/api/badge.go:47.16,50.3 2 0
github.com/muety/wakapi/routes/api/badge.go:52.2,53.16 2 1
github.com/muety/wakapi/routes/api/badge.go:53.16,57.3 3 1
github.com/muety/wakapi/routes/api/badge.go:58.2,62.62 4 1
github.com/muety/wakapi/routes/api/badge.go:62.62,65.3 2 0
github.com/muety/wakapi/routes/api/badge.go:67.2,75.16 3 1
github.com/muety/wakapi/routes/api/badge.go:75.16,79.3 3 0
github.com/muety/wakapi/routes/api/badge.go:81.2,82.66 2 1
github.com/muety/wakapi/routes/api/badge.go:82.66,84.3 1 0
github.com/muety/wakapi/routes/api/badge.go:85.2,85.66 1 1
github.com/muety/wakapi/routes/api/badge.go:85.66,87.3 1 0
github.com/muety/wakapi/routes/api/badge.go:89.2,89.101 1 1
github.com/muety/wakapi/routes/api/badge.go:89.101,91.3 1 1
github.com/muety/wakapi/routes/api/badge.go:93.2,95.25 3 1
github.com/muety/wakapi/routes/api/badge.go:98.53,103.2 4 1
github.com/muety/wakapi/routes/api/captcha.go:13.42,17.2 1 0
github.com/muety/wakapi/routes/api/captcha.go:19.60,21.2 1 0
github.com/muety/wakapi/routes/api/diagnostics.go:20.138,26.2 1 0
github.com/muety/wakapi/routes/api/diagnostics.go:28.67,30.2 1 0
github.com/muety/wakapi/routes/api/diagnostics.go:39.78,42.69 2 0
github.com/muety/wakapi/routes/api/diagnostics.go:42.69,47.3 4 0
github.com/muety/wakapi/routes/api/diagnostics.go:49.2,49.66 1 0
github.com/muety/wakapi/routes/api/diagnostics.go:49.66,54.3 4 0
github.com/muety/wakapi/routes/api/diagnostics.go:56.2,56.59 1 0
github.com/muety/wakapi/routes/api/health.go:22.57,24.2 1 0
github.com/muety/wakapi/routes/api/health.go:26.62,28.2 1 0
github.com/muety/wakapi/routes/api/health.go:36.72,38.41 2 0
github.com/muety/wakapi/routes/api/health.go:38.41,39.38 1 0
github.com/muety/wakapi/routes/api/health.go:39.38,41.4 1 0
github.com/muety/wakapi/routes/api/health.go:44.2,44.72 1 0
github.com/muety/wakapi/routes/api/health.go:44.72,47.3 2 0
github.com/muety/wakapi/routes/api/health.go:49.2,50.56 2 0
github.com/muety/wakapi/routes/api/heartbeat.go:28.187,35.2 1 1
github.com/muety/wakapi/routes/api/heartbeat.go:37.65,38.34 1 1
github.com/muety/wakapi/routes/api/heartbeat.go:38.34,54.36 10 1
github.com/muety/wakapi/routes/api/heartbeat.go:54.36,56.4 1 1
github.com/muety/wakapi/routes/api/heartbeat.go:68.76,70.16 2 1
github.com/muety/wakapi/routes/api/heartbeat.go:70.16,72.3 1 0
github.com/muety/wakapi/routes/api/heartbeat.go:74.2,76.16 3 1
github.com/muety/wakapi/routes/api/heartbeat.go:76.16,81.3 4 0
github.com/muety/wakapi/routes/api/heartbeat.go:83.2,90.32 6 1
github.com/muety/wakapi/routes/api/heartbeat.go:90.32,91.16 1 1
github.com/muety/wakapi/routes/api/heartbeat.go:91.16,96.12 2 0
github.com/muety/wakapi/routes/api/heartbeat.go:99.3,104.25 5 1
github.com/muety/wakapi/routes/api/heartbeat.go:104.25,109.4 4 0
github.com/muety/wakapi/routes/api/heartbeat.go:110.3,110.23 1 1
github.com/muety/wakapi/routes/api/heartbeat.go:110.23,112.4 1 0
github.com/muety/wakapi/routes/api/heartbeat.go:114.3,123.65 8 1
github.com/muety/wakapi/routes/api/heartbeat.go:123.65,128.12 2 1
github.com/muety/wakapi/routes/api/heartbeat.go:131.3,133.48 3 1
github.com/muety/wakapi/routes/api/heartbeat.go:136.2,136.30 1 1
github.com/muety/wakapi/routes/api/heartbeat.go:136.30,137.70 1 1
github.com/muety/wakapi/routes/api/heartbeat.go:137.70,142.4 4 0
github.com/muety/wakapi/routes/api/heartbeat.go:144.3,144.20 1 1
github.com/muety/wakapi/routes/api/heartbeat.go:144.20,146.53 2 0
github.com/muety/wakapi/routes/api/heartbeat.go:146.53,151.5 4 0
github.com/muety/wakapi/routes/api/heartbeat.go:155.2,155.28 1 1
github.com/muety/wakapi/routes/api/heartbeat.go:155.28,159.3 3 0
github.com/muety/wakapi/routes/api/heartbeat.go:161.2,161.82 1 1
github.com/muety/wakapi/routes/api/heartbeat.go:165.93,169.28 2 1
github.com/muety/wakapi/routes/api/heartbeat.go:169.28,171.3 1 1
github.com/muety/wakapi/routes/api/heartbeat.go:172.2,172.11 1 1
github.com/muety/wakapi/routes/api/heartbeat.go:176.114,182.45 1 1
github.com/muety/wakapi/routes/api/heartbeat.go:182.45,184.3 1 1
github.com/muety/wakapi/routes/api/heartbeat.go:186.2,186.31 1 1
github.com/muety/wakapi/routes/api/heartbeat.go:186.31,188.76 1 1
github.com/muety/wakapi/routes/api/heartbeat.go:188.76,190.4 1 1
github.com/muety/wakapi/routes/api/heartbeat.go:193.2,193.32 1 1
github.com/muety/wakapi/routes/api/heartbeat.go:193.32,195.137 1 1
github.com/muety/wakapi/routes/api/heartbeat.go:195.137,197.4 1 1
github.com/muety/wakapi/routes/api/heartbeat.go:200.2,200.30 1 1
github.com/muety/wakapi/routes/api/heartbeat.go:200.30,202.137 1 1
github.com/muety/wakapi/routes/api/heartbeat.go:202.137,204.4 1 1
github.com/muety/wakapi/routes/api/heartbeat.go:207.2,208.11 2 1
github.com/muety/wakapi/routes/api/heartbeat.go:222.45,222.46 0 0
github.com/muety/wakapi/routes/api/heartbeat.go:233.45,233.46 0 0
github.com/muety/wakapi/routes/api/heartbeat.go:244.45,244.46 0 0
github.com/muety/wakapi/routes/api/heartbeat.go:254.45,254.46 0 0
github.com/muety/wakapi/routes/api/heartbeat.go:265.45,265.46 0 0
github.com/muety/wakapi/routes/api/heartbeat.go:276.45,276.46 0 0
github.com/muety/wakapi/routes/api/heartbeat.go:287.45,287.46 0 0
github.com/muety/wakapi/routes/api/metrics.go:74.298,84.2 1 0
github.com/muety/wakapi/routes/api/metrics.go:86.60,87.38 1 0
github.com/muety/wakapi/routes/api/metrics.go:87.38,89.3 1 0
github.com/muety/wakapi/routes/api/metrics.go:91.2,97.29 5 0
github.com/muety/wakapi/routes/api/metrics.go:100.70,102.20 2 0
github.com/muety/wakapi/routes/api/metrics.go:102.20,106.3 3 0
github.com/muety/wakapi/routes/api/metrics.go:108.2,110.63 2 0
github.com/muety/wakapi/routes/api/metrics.go:110.63,115.3 4 0
github.com/muety/wakapi/routes/api/metrics.go:115.8,116.34 1 0
github.com/muety/wakapi/routes/api/metrics.go:116.34,118.4 1 0
github.com/muety/wakapi/routes/api/metrics.go:121.2,121.21 1 0
github.com/muety/wakapi/routes/api/metrics.go:121.21,122.66 1 0
github.com/muety/wakapi/routes/api/metrics.go:122.66,127.4 4 0
github.com/muety/wakapi/routes/api/metrics.go:127.9,128.36 1 0
github.com/muety/wakapi/routes/api/metrics.go:128.36,130.5 1 0
github.com/muety/wakapi/routes/api/metrics.go:134.2,137.34 3 0
github.com/muety/wakapi/routes/api/metrics.go:140.81,144.16 3 0
github.com/muety/wakapi/routes/api/metrics.go:144.16,147.3 2 0
github.com/muety/wakapi/routes/api/metrics.go:149.2,152.16 3 0
github.com/muety/wakapi/routes/api/metrics.go:152.16,155.3 2 0
github.com/muety/wakapi/routes/api/metrics.go:157.2,158.16 2 0
github.com/muety/wakapi/routes/api/metrics.go:158.16,161.3 2 0
github.com/muety/wakapi/routes/api/metrics.go:163.2,164.37 2 0
github.com/muety/wakapi/routes/api/metrics.go:164.37,166.17 2 0
github.com/muety/wakapi/routes/api/metrics.go:166.17,169.4 2 0
github.com/muety/wakapi/routes/api/metrics.go:174.2,195.42 4 0
github.com/muety/wakapi/routes/api/metrics.go:195.42,202.3 1 0
github.com/muety/wakapi/routes/api/metrics.go:204.2,204.43 1 0
github.com/muety/wakapi/routes/api/metrics.go:204.43,211.3 1 0
github.com/muety/wakapi/routes/api/metrics.go:213.2,213.41 1 0
github.com/muety/wakapi/routes/api/metrics.go:213.41,220.3 1 0
github.com/muety/wakapi/routes/api/metrics.go:222.2,222.50 1 0
github.com/muety/wakapi/routes/api/metrics.go:222.50,229.3 1 0
github.com/muety/wakapi/routes/api/metrics.go:231.2,231.42 1 0
github.com/muety/wakapi/routes/api/metrics.go:231.42,238.3 1 0
github.com/muety/wakapi/routes/api/metrics.go:240.2,240.40 1 0
github.com/muety/wakapi/routes/api/metrics.go:240.40,247.3 1 0
github.com/muety/wakapi/routes/api/metrics.go:249.2,249.44 1 0
github.com/muety/wakapi/routes/api/metrics.go:249.44,256.3 1 0
github.com/muety/wakapi/routes/api/metrics.go:258.2,259.34 2 0
github.com/muety/wakapi/routes/api/metrics.go:259.34,261.3 1 0
github.com/muety/wakapi/routes/api/metrics.go:262.2,352.16 16 0
github.com/muety/wakapi/routes/api/metrics.go:352.16,354.3 1 0
github.com/muety/wakapi/routes/api/metrics.go:356.2,364.44 2 0
github.com/muety/wakapi/routes/api/metrics.go:364.44,378.3 2 0
github.com/muety/wakapi/routes/api/metrics.go:380.2,380.22 1 0
github.com/muety/wakapi/routes/api/metrics.go:383.82,389.19 4 0
github.com/muety/wakapi/routes/api/metrics.go:389.19,391.3 1 0
github.com/muety/wakapi/routes/api/metrics.go:393.2,394.106 2 0
github.com/muety/wakapi/routes/api/metrics.go:394.106,395.56 1 0
github.com/muety/wakapi/routes/api/metrics.go:395.56,397.4 1 0
github.com/muety/wakapi/routes/api/metrics.go:400.2,405.16 5 0
github.com/muety/wakapi/routes/api/metrics.go:405.16,408.3 2 0
github.com/muety/wakapi/routes/api/metrics.go:409.2,442.16 7 0
github.com/muety/wakapi/routes/api/metrics.go:442.16,445.3 2 0
github.com/muety/wakapi/routes/api/metrics.go:447.2,447.32 1 0
github.com/muety/wakapi/routes/api/metrics.go:447.32,454.3 1 0
github.com/muety/wakapi/routes/api/metrics.go:455.2,465.29 6 0
github.com/muety/wakapi/routes/api/metrics.go:465.29,466.20 1 0
github.com/muety/wakapi/routes/api/metrics.go:466.20,468.18 2 0
github.com/muety/wakapi/routes/api/metrics.go:468.18,471.5 2 0
github.com/muety/wakapi/routes/api/metrics.go:472.4,479.6 3 0
github.com/muety/wakapi/routes/api/metrics.go:483.2,486.22 3 0
github.com/muety/wakapi/routes/api/root.go:13.42,15.2 1 1
github.com/muety/wakapi/routes/api/root.go:17.60,19.2 1 1
github.com/muety/wakapi/routes/api/root.go:21.70,23.88 2 1
github.com/muety/wakapi/routes/api/root.go:23.88,26.3 2 1
github.com/muety/wakapi/routes/api/root.go:27.2,27.21 1 1
github.com/muety/wakapi/routes/api/summary.go:20.122,26.2 1 0
github.com/muety/wakapi/routes/api/summary.go:28.63,34.2 4 0
github.com/muety/wakapi/routes/api/summary.go:53.73,55.16 2 0
github.com/muety/wakapi/routes/api/summary.go:55.16,59.3 3 0
github.com/muety/wakapi/routes/api/summary.go:61.2,61.51 1 0
github.com/muety/wakapi/routes/compat/wakatime/v1/all_time.go:25.116,31.2 1 0
github.com/muety/wakapi/routes/compat/wakatime/v1/all_time.go:33.60,34.34 1 0
github.com/muety/wakapi/routes/compat/wakatime/v1/all_time.go:34.34,37.3 2 0
github.com/muety/wakapi/routes/compat/wakatime/v1/all_time.go:49.70,51.16 2 0
github.com/muety/wakapi/routes/compat/wakatime/v1/all_time.go:51.16,53.3 1 0
github.com/muety/wakapi/routes/compat/wakatime/v1/all_time.go:55.2,56.16 2 0
github.com/muety/wakapi/routes/compat/wakatime/v1/all_time.go:56.16,60.3 3 0
github.com/muety/wakapi/routes/compat/wakatime/v1/all_time.go:62.2,63.46 2 0
github.com/muety/wakapi/routes/compat/wakatime/v1/all_time.go:66.116,75.29 3 0
github.com/muety/wakapi/routes/compat/wakatime/v1/all_time.go:75.29,77.3 1 0
github.com/muety/wakapi/routes/compat/wakatime/v1/all_time.go:79.2,88.16 2 0
github.com/muety/wakapi/routes/compat/wakatime/v1/all_time.go:88.16,90.3 1 0
github.com/muety/wakapi/routes/compat/wakatime/v1/all_time.go:92.2,92.36 1 0
github.com/muety/wakapi/routes/compat/wakatime/v1/heartbeat.go:29.124,34.2 1 0
github.com/muety/wakapi/routes/compat/wakatime/v1/heartbeat.go:36.62,37.34 1 0
github.com/muety/wakapi/routes/compat/wakatime/v1/heartbeat.go:37.34,40.3 2 0
github.com/muety/wakapi/routes/compat/wakatime/v1/heartbeat.go:52.72,54.16 2 0
github.com/muety/wakapi/routes/compat/wakatime/v1/heartbeat.go:54.16,56.3 1 0
github.com/muety/wakapi/routes/compat/wakatime/v1/heartbeat.go:58.2,61.16 4 0
github.com/muety/wakapi/routes/compat/wakatime/v1/heartbeat.go:61.16,65.3 3 0
github.com/muety/wakapi/routes/compat/wakatime/v1/heartbeat.go:67.2,71.16 4 0
github.com/muety/wakapi/routes/compat/wakatime/v1/heartbeat.go:71.16,76.3 4 0
github.com/muety/wakapi/routes/compat/wakatime/v1/heartbeat.go:78.2,84.47 2 0
github.com/muety/wakapi/routes/compat/wakatime/v1/leaders.go:27.124,33.2 1 0
github.com/muety/wakapi/routes/compat/wakatime/v1/leaders.go:35.60,36.34 1 0
github.com/muety/wakapi/routes/compat/wakatime/v1/leaders.go:36.34,39.3 2 0
github.com/muety/wakapi/routes/compat/wakatime/v1/leaders.go:50.70,56.63 5 0
github.com/muety/wakapi/routes/compat/wakatime/v1/leaders.go:56.63,57.26 1 0
github.com/muety/wakapi/routes/compat/wakatime/v1/leaders.go:57.26,59.4 1 0
github.com/muety/wakapi/routes/compat/wakatime/v1/leaders.go:59.9,61.18 2 0
github.com/muety/wakapi/routes/compat/wakatime/v1/leaders.go:61.18,63.5 1 0
github.com/muety/wakapi/routes/compat/wakatime/v1/leaders.go:64.4,64.19 1 0
github.com/muety/wakapi/routes/compat/wakatime/v1/leaders.go:68.2,68.67 1 0
github.com/muety/wakapi/routes/compat/wakatime/v1/leaders.go:68.67,69.18 1 0
github.com/muety/wakapi/routes/compat/wakatime/v1/leaders.go:69.18,71.4 1 0
github.com/muety/wakapi/routes/compat/wakatime/v1/leaders.go:72.3,72.26 1 0
github.com/muety/wakapi/routes/compat/wakatime/v1/leaders.go:72.26,74.4 1 0
github.com/muety/wakapi/routes/compat/wakatime/v1/leaders.go:74.9,76.18 2 0
github.com/muety/wakapi/routes/compat/wakatime/v1/leaders.go:76.18,78.5 1 0
github.com/muety/wakapi/routes/compat/wakatime/v1/leaders.go:79.4,79.19 1 0
github.com/muety/wakapi/routes/compat/wakatime/v1/leaders.go:83.2,84.16 2 0
github.com/muety/wakapi/routes/compat/wakatime/v1/leaders.go:84.16,89.3 4 0
github.com/muety/wakapi/routes/compat/wakatime/v1/leaders.go:90.2,93.16 3 0
github.com/muety/wakapi/routes/compat/wakatime/v1/leaders.go:93.16,98.3 4 0
github.com/muety/wakapi/routes/compat/wakatime/v1/leaders.go:101.2,101.57 1 0
github.com/muety/wakapi/routes/compat/wakatime/v1/leaders.go:101.57,102.57 1 0
github.com/muety/wakapi/routes/compat/wakatime/v1/leaders.go:102.57,104.4 1 0
github.com/muety/wakapi/routes/compat/wakatime/v1/leaders.go:104.9,106.4 1 0
github.com/muety/wakapi/routes/compat/wakatime/v1/leaders.go:110.2,112.46 3 0
github.com/muety/wakapi/routes/compat/wakatime/v1/leaders.go:115.200,117.17 2 0
github.com/muety/wakapi/routes/compat/wakatime/v1/leaders.go:117.17,119.3 1 0
github.com/muety/wakapi/routes/compat/wakatime/v1/leaders.go:121.2,141.32 6 0
github.com/muety/wakapi/routes/compat/wakatime/v1/leaders.go:141.32,147.3 1 0
github.com/muety/wakapi/routes/compat/wakatime/v1/leaders.go:149.2,149.42 1 0
github.com/muety/wakapi/routes/compat/wakatime/v1/leaders.go:149.42,159.219 2 0
github.com/muety/wakapi/routes/compat/wakatime/v1/leaders.go:159.219,164.6 1 0
github.com/muety/wakapi/routes/compat/wakatime/v1/leaders.go:170.2,170.11 1 0
github.com/muety/wakapi/routes/compat/wakatime/v1/projects.go:28.164,35.2 1 0
github.com/muety/wakapi/routes/compat/wakatime/v1/projects.go:37.61,38.34 1 0
github.com/muety/wakapi/routes/compat/wakatime/v1/projects.go:38.34,42.3 3 0
github.com/muety/wakapi/routes/compat/wakatime/v1/projects.go:55.71,57.16 2 0
github.com/muety/wakapi/routes/compat/wakatime/v1/projects.go:57.16,59.3 1 0
github.com/muety/wakapi/routes/compat/wakatime/v1/projects.go:61.2,62.16 2 0
github.com/muety/wakapi/routes/compat/wakatime/v1/projects.go:62.16,67.3 4 0
github.com/muety/wakapi/routes/compat/wakatime/v1/projects.go:69.2,70.46 2 0
github.com/muety/wakapi/routes/compat/wakatime/v1/projects.go:83.74,85.16 2 0
github.com/muety/wakapi/routes/compat/wakatime/v1/projects.go:85.16,87.3 1 0
github.com/muety/wakapi/routes/compat/wakatime/v1/projects.go:89.2,90.16 2 0
github.com/muety/wakapi/routes/compat/wakatime/v1/projects.go:90.16,95.3 4 0
github.com/muety/wakapi/routes/compat/wakatime/v1/projects.go:97.2,97.24 1 0
github.com/muety/wakapi/routes/compat/wakatime/v1/projects.go:97.24,101.3 3 0
github.com/muety/wakapi/routes/compat/wakatime/v1/projects.go:103.2,104.46 2 0
github.com/muety/wakapi/routes/compat/wakatime/v1/projects.go:107.104,109.16 2 0
github.com/muety/wakapi/routes/compat/wakatime/v1/projects.go:109.16,111.3 1 0
github.com/muety/wakapi/routes/compat/wakatime/v1/projects.go:113.2,114.28 2 0
github.com/muety/wakapi/routes/compat/wakatime/v1/projects.go:114.28,115.79 1 0
github.com/muety/wakapi/routes/compat/wakatime/v1/projects.go:115.79,124.4 1 0
github.com/muety/wakapi/routes/compat/wakatime/v1/projects.go:127.2,127.22 1 0
github.com/muety/wakapi/routes/compat/wakatime/v1/stats.go:23.112,29.2 1 0
github.com/muety/wakapi/routes/compat/wakatime/v1/stats.go:31.58,32.34 1 0
github.com/muety/wakapi/routes/compat/wakatime/v1/stats.go:32.34,42.3 5 0
github.com/muety/wakapi/routes/compat/wakatime/v1/stats.go:63.68,69.53 5 0
github.com/muety/wakapi/routes/compat/wakatime/v1/stats.go:69.53,71.3 1 0
github.com/muety/wakapi/routes/compat/wakatime/v1/stats.go:73.2,74.16 2 0
github.com/muety/wakapi/routes/compat/wakatime/v1/stats.go:74.16,78.3 3 0
github.com/muety/wakapi/routes/compat/wakatime/v1/stats.go:82.2,82.22 1 0
github.com/muety/wakapi/routes/compat/wakatime/v1/stats.go:82.22,83.100 1 0
github.com/muety/wakapi/routes/compat/wakatime/v1/stats.go:83.100,85.4 1 0
github.com/muety/wakapi/routes/compat/wakatime/v1/stats.go:85.9,87.4 1 0
github.com/muety/wakapi/routes/compat/wakatime/v1/stats.go:90.2,91.16 2 0
github.com/muety/wakapi/routes/compat/wakatime/v1/stats.go:91.16,95.3 3 0
github.com/muety/wakapi/routes/compat/wakatime/v1/stats.go:97.2,99.69 2 0
github.com/muety/wakapi/routes/compat/wakatime/v1/stats.go:99.69,103.3 3 0
github.com/muety/wakapi/routes/compat/wakatime/v1/stats.go:105.2,106.16 2 0
github.com/muety/wakapi/routes/compat/wakatime/v1/stats.go:106.16,110.3 3 0
github.com/muety/wakapi/routes/compat/wakatime/v1/stats.go:112.2,112.40 1 0
github.com/muety/wakapi/routes/compat/wakatime/v1/stats.go:112.40,117.3 4 0
github.com/muety/wakapi/routes/compat/wakatime/v1/stats.go:118.2,126.68 7 0
github.com/muety/wakapi/routes/compat/wakatime/v1/stats.go:126.68,128.34 1 0
github.com/muety/wakapi/routes/compat/wakatime/v1/stats.go:128.34,130.4 1 0
github.com/muety/wakapi/routes/compat/wakatime/v1/stats.go:131.3,131.36 1 0
github.com/muety/wakapi/routes/compat/wakatime/v1/stats.go:131.36,133.4 1 0
github.com/muety/wakapi/routes/compat/wakatime/v1/stats.go:134.3,134.35 1 0
github.com/muety/wakapi/routes/compat/wakatime/v1/stats.go:134.35,136.4 1 0
github.com/muety/wakapi/routes/compat/wakatime/v1/stats.go:137.3,137.30 1 0
github.com/muety/wakapi/routes/compat/wakatime/v1/stats.go:137.30,139.4 1 0
github.com/muety/wakapi/routes/compat/wakatime/v1/stats.go:140.3,140.35 1 0
github.com/muety/wakapi/routes/compat/wakatime/v1/stats.go:140.35,142.4 1 0
github.com/muety/wakapi/routes/compat/wakatime/v1/stats.go:145.2,145.49 1 0
github.com/muety/wakapi/routes/compat/wakatime/v1/stats.go:148.136,157.16 3 0
github.com/muety/wakapi/routes/compat/wakatime/v1/stats.go:157.16,159.3 1 0
github.com/muety/wakapi/routes/compat/wakatime/v1/stats.go:161.2,161.36 1 0
github.com/muety/wakapi/routes/compat/wakatime/v1/statusbar.go:30.120,36.2 1 0
github.com/muety/wakapi/routes/compat/wakatime/v1/statusbar.go:38.62,39.34 1 0
github.com/muety/wakapi/routes/compat/wakatime/v1/statusbar.go:39.34,44.3 4 0
github.com/muety/wakapi/routes/compat/wakatime/v1/statusbar.go:56.72,58.16 2 0
github.com/muety/wakapi/routes/compat/wakatime/v1/statusbar.go:58.16,60.3 1 0
github.com/muety/wakapi/routes/compat/wakatime/v1/statusbar.go:62.2,63.22 2 0
github.com/muety/wakapi/routes/compat/wakatime/v1/statusbar.go:63.22,65.3 1 0
github.com/muety/wakapi/routes/compat/wakatime/v1/statusbar.go:67.2,68.16 2 0
github.com/muety/wakapi/routes/compat/wakatime/v1/statusbar.go:68.16,72.3 3 0
github.com/muety/wakapi/routes/compat/wakatime/v1/statusbar.go:74.2,75.16 2 0
github.com/muety/wakapi/routes/compat/wakatime/v1/statusbar.go:75.16,79.3 3 0
github.com/muety/wakapi/routes/compat/wakatime/v1/statusbar.go:80.2,84.4 2 0
github.com/muety/wakapi/routes/compat/wakatime/v1/statusbar.go:87.115,96.29 3 0
github.com/muety/wakapi/routes/compat/wakatime/v1/statusbar.go:96.29,98.3 1 0
github.com/muety/wakapi/routes/compat/wakatime/v1/statusbar.go:100.2,101.16 2 0
github.com/muety/wakapi/routes/compat/wakatime/v1/statusbar.go:101.16,103.3 1 0
github.com/muety/wakapi/routes/compat/wakatime/v1/statusbar.go:105.2,105.36 1 0
github.com/muety/wakapi/routes/compat/wakatime/v1/summaries.go:28.120,34.2 1 0
github.com/muety/wakapi/routes/compat/wakatime/v1/summaries.go:36.62,37.34 1 0
github.com/muety/wakapi/routes/compat/wakatime/v1/summaries.go:37.34,40.3 2 0
github.com/muety/wakapi/routes/compat/wakatime/v1/summaries.go:66.72,68.16 2 0
github.com/muety/wakapi/routes/compat/wakatime/v1/summaries.go:68.16,70.3 1 0
github.com/muety/wakapi/routes/compat/wakatime/v1/summaries.go:72.2,73.16 2 0
github.com/muety/wakapi/routes/compat/wakatime/v1/summaries.go:73.16,77.3 3 0
github.com/muety/wakapi/routes/compat/wakatime/v1/summaries.go:79.2,80.46 2 0
github.com/muety/wakapi/routes/compat/wakatime/v1/summaries.go:83.114,89.19 5 0
github.com/muety/wakapi/routes/compat/wakatime/v1/summaries.go:89.19,90.56 1 0
github.com/muety/wakapi/routes/compat/wakatime/v1/summaries.go:90.56,92.4 1 0
github.com/muety/wakapi/routes/compat/wakatime/v1/summaries.go:95.2,96.22 2 0
github.com/muety/wakapi/routes/compat/wakatime/v1/summaries.go:96.22,98.111 1 0
github.com/muety/wakapi/routes/compat/wakatime/v1/summaries.go:98.111,100.4 1 0
github.com/muety/wakapi/routes/compat/wakatime/v1/summaries.go:100.9,102.4 1 0
github.com/muety/wakapi/routes/compat/wakatime/v1/summaries.go:103.8,103.143 1 0
github.com/muety/wakapi/routes/compat/wakatime/v1/summaries.go:103.143,106.3 1 0
github.com/muety/wakapi/routes/compat/wakatime/v1/summaries.go:106.8,111.17 3 0
github.com/muety/wakapi/routes/compat/wakatime/v1/summaries.go:111.17,113.4 1 0
github.com/muety/wakapi/routes/compat/wakatime/v1/summaries.go:115.3,116.17 2 0
github.com/muety/wakapi/routes/compat/wakatime/v1/summaries.go:116.17,118.4 1 0
github.com/muety/wakapi/routes/compat/wakatime/v1/summaries.go:125.2,127.23 2 0
github.com/muety/wakapi/routes/compat/wakatime/v1/summaries.go:127.23,129.3 1 0
github.com/muety/wakapi/routes/compat/wakatime/v1/summaries.go:131.2,143.37 5 0
github.com/muety/wakapi/routes/compat/wakatime/v1/summaries.go:143.37,145.17 2 0
github.com/muety/wakapi/routes/compat/wakatime/v1/summaries.go:145.17,147.4 1 0
github.com/muety/wakapi/routes/compat/wakatime/v1/summaries.go:149.3,151.25 3 0
github.com/muety/wakapi/routes/compat/wakatime/v1/summaries.go:154.2,154.38 1 0
github.com/muety/wakapi/routes/compat/wakatime/v1/user_agents.go:22.127,28.2 1 0
github.com/muety/wakapi/routes/compat/wakatime/v1/user_agents.go:30.63,31.34 1 0
github.com/muety/wakapi/routes/compat/wakatime/v1/user_agents.go:31.34,34.3 2 0
github.com/muety/wakapi/routes/compat/wakatime/v1/user_agents.go:46.73,48.16 2 0
github.com/muety/wakapi/routes/compat/wakatime/v1/user_agents.go:48.16,50.3 1 0
github.com/muety/wakapi/routes/compat/wakatime/v1/user_agents.go:52.2,53.16 2 0
github.com/muety/wakapi/routes/compat/wakatime/v1/user_agents.go:53.16,58.3 4 0
github.com/muety/wakapi/routes/compat/wakatime/v1/user_agents.go:60.2,61.46 2 0
github.com/muety/wakapi/routes/compat/wakatime/v1/user_agents.go:64.100,70.32 2 0
github.com/muety/wakapi/routes/compat/wakatime/v1/user_agents.go:70.32,72.3 1 0
github.com/muety/wakapi/routes/compat/wakatime/v1/user_agents.go:74.2,74.11 1 0
github.com/muety/wakapi/routes/compat/wakatime/v1/users.go:21.116,27.2 1 1
github.com/muety/wakapi/routes/compat/wakatime/v1/users.go:29.58,30.34 1 1
github.com/muety/wakapi/routes/compat/wakatime/v1/users.go:30.34,33.3 2 1
github.com/muety/wakapi/routes/compat/wakatime/v1/users.go:45.68,47.16 2 1
github.com/muety/wakapi/routes/compat/wakatime/v1/users.go:47.16,49.3 1 1
github.com/muety/wakapi/routes/compat/wakatime/v1/users.go:51.2,52.72 2 1
github.com/muety/wakapi/routes/compat/wakatime/v1/users.go:52.72,54.3 1 1
github.com/muety/wakapi/routes/compat/wakatime/v1/users.go:54.8,56.3 1 0
github.com/muety/wakapi/routes/compat/wakatime/v1/users.go:58.2,58.72 1 1
github.com/muety/wakapi/models/alias.go:20.32,25.2 1 0
github.com/muety/wakapi/models/alias.go:27.37,28.35 1 0
github.com/muety/wakapi/models/alias.go:28.35,29.18 1 0
github.com/muety/wakapi/models/alias.go:29.18,31.4 1 0
github.com/muety/wakapi/models/alias.go:33.2,33.14 1 0
github.com/muety/wakapi/models/alias.go:36.41,37.72 1 0
github.com/muety/wakapi/models/alias.go:37.72,39.3 1 0
github.com/muety/wakapi/models/alias.go:40.2,43.20 4 0
github.com/muety/wakapi/models/api_key.go:11.33,13.2 1 0
github.com/muety/wakapi/models/canonical_names.go:16.19,23.2 2 0
github.com/muety/wakapi/models/canonical_names.go:25.59,26.27 1 0
github.com/muety/wakapi/models/canonical_names.go:26.27,28.3 1 0
github.com/muety/wakapi/models/canonical_names.go:30.2,30.46 1 0
github.com/muety/wakapi/models/canonical_names.go:30.46,32.3 1 0
github.com/muety/wakapi/models/canonical_names.go:34.2,35.64 2 0
github.com/muety/wakapi/models/canonical_names.go:35.64,37.3 1 0
github.com/muety/wakapi/models/canonical_names.go:39.2,39.34 1 0
github.com/muety/wakapi/models/duration.go:38.40,40.2 1 0
github.com/muety/wakapi/models/duration.go:42.75,43.23 1 0
github.com/muety/wakapi/models/duration.go:43.23,45.3 1 0
github.com/muety/wakapi/models/duration.go:46.2,52.35 1 0
github.com/muety/wakapi/models/duration.go:52.35,54.3 1 0
github.com/muety/wakapi/models/duration.go:55.2,55.18 1 0
github.com/muety/wakapi/models/duration.go:58.55,60.53 2 0
github.com/muety/wakapi/models/duration.go:60.53,62.3 1 0
github.com/muety/wakapi/models/duration.go:64.2,65.57 2 0
github.com/muety/wakapi/models/duration.go:65.57,67.3 1 0
github.com/muety/wakapi/models/duration.go:69.2,71.26 3 0
github.com/muety/wakapi/models/duration.go:71.26,76.3 2 0
github.com/muety/wakapi/models/duration.go:78.2,94.10 2 0
github.com/muety/wakapi/models/duration.go:97.50,100.2 2 0
github.com/muety/wakapi/models/duration.go:102.66,105.2 2 0
github.com/muety/wakapi/models/duration.go:107.39,109.16 2 0
github.com/muety/wakapi/models/duration.go:109.16,111.3 1 0
github.com/muety/wakapi/models/duration.go:112.2,113.10 2 0
github.com/muety/wakapi/models/duration.go:116.76,118.48 2 0
github.com/muety/wakapi/models/duration.go:118.48,122.109 1 0
github.com/muety/wakapi/models/duration.go:122.109,125.4 2 0
github.com/muety/wakapi/models/duration.go:127.2,127.10 1 0
github.com/muety/wakapi/models/duration.go:130.49,131.11 1 0
github.com/muety/wakapi/models/duration.go:132.22,133.18 1 0
github.com/muety/wakapi/models/duration.go:134.21,135.17 1 0
github.com/muety/wakapi/models/duration.go:136.23,137.19 1 0
github.com/muety/wakapi/models/duration.go:138.17,139.26 1 0
github.com/muety/wakapi/models/duration.go:140.22,141.18 1 0
github.com/muety/wakapi/models/duration.go:142.21,143.17 1 0
github.com/muety/wakapi/models/duration.go:144.21,145.17 1 0
github.com/muety/wakapi/models/duration.go:146.23,147.19 1 0
github.com/muety/wakapi/models/duration.go:150.2,150.15 1 0
github.com/muety/wakapi/models/duration.go:150.15,152.3 1 0
github.com/muety/wakapi/models/duration.go:154.2,154.12 1 0
github.com/muety/wakapi/models/durations.go:7.30,9.2 1 0
github.com/muety/wakapi/models/durations.go:11.40,13.2 1 0
github.com/muety/wakapi/models/durations.go:15.35,17.2 1 0
github.com/muety/wakapi/models/durations.go:19.45,21.22 2 0
github.com/muety/wakapi/models/durations.go:21.22,23.3 1 0
github.com/muety/wakapi/models/durations.go:24.2,24.14 1 0
github.com/muety/wakapi/models/durations.go:27.39,30.2 2 0
github.com/muety/wakapi/models/durations.go:32.39,34.18 1 0
github.com/muety/wakapi/models/durations.go:34.18,36.3 1 0
github.com/muety/wakapi/models/durations.go:37.2,37.16 1 0
github.com/muety/wakapi/models/durations.go:40.38,42.18 1 0
github.com/muety/wakapi/models/durations.go:42.18,44.3 1 0
github.com/muety/wakapi/models/durations.go:45.2,45.24 1 0
github.com/muety/wakapi/models/durations.go:48.76,49.25 1 0
github.com/muety/wakapi/models/durations.go:49.25,51.3 1 0
github.com/muety/wakapi/models/durations.go:52.2,52.10 1 0
github.com/muety/wakapi/models/filters.go:29.33,31.2 1 1
github.com/muety/wakapi/models/filters.go:33.48,34.22 1 1
github.com/muety/wakapi/models/filters.go:34.22,35.48 1 1
github.com/muety/wakapi/models/filters.go:35.48,37.4 1 1
github.com/muety/wakapi/models/filters.go:39.2,39.14 1 1
github.com/muety/wakapi/models/filters.go:47.56,49.2 1 1
github.com/muety/wakapi/models/filters.go:51.66,54.2 2 1
github.com/muety/wakapi/models/filters.go:56.59,58.2 1 1
github.com/muety/wakapi/models/filters.go:60.53,63.33 1 0
github.com/muety/wakapi/models/filters.go:63.33,65.3 1 0
github.com/muety/wakapi/models/filters.go:66.2,66.10 1 0
github.com/muety/wakapi/models/filters.go:69.70,70.16 1 1
github.com/muety/wakapi/models/filters.go:71.22,72.41 1 1
github.com/muety/wakapi/models/filters.go:73.17,74.31 1 0
github.com/muety/wakapi/models/filters.go:75.23,76.43 1 1
github.com/muety/wakapi/models/filters.go:77.21,78.39 1 0
github.com/muety/wakapi/models/filters.go:79.22,80.41 1 0
github.com/muety/wakapi/models/filters.go:81.20,82.37 1 1
github.com/muety/wakapi/models/filters.go:83.21,84.39 1 0
github.com/muety/wakapi/models/filters.go:85.21,86.39 1 0
github.com/muety/wakapi/models/filters.go:87.23,88.43 1 0
github.com/muety/wakapi/models/filters.go:90.2,90.10 1 1
github.com/muety/wakapi/models/filters.go:93.49,94.44 1 1
github.com/muety/wakapi/models/filters.go:94.44,96.3 1 1
github.com/muety/wakapi/models/filters.go:96.8,96.41 1 1
github.com/muety/wakapi/models/filters.go:96.41,98.3 1 0
github.com/muety/wakapi/models/filters.go:98.8,98.53 1 1
github.com/muety/wakapi/models/filters.go:98.53,100.3 1 1
github.com/muety/wakapi/models/filters.go:100.8,100.49 1 1
github.com/muety/wakapi/models/filters.go:100.49,102.3 1 0
github.com/muety/wakapi/models/filters.go:102.8,102.51 1 1
github.com/muety/wakapi/models/filters.go:102.51,104.3 1 0
github.com/muety/wakapi/models/filters.go:104.8,104.47 1 1
github.com/muety/wakapi/models/filters.go:104.47,106.3 1 0
github.com/muety/wakapi/models/filters.go:106.8,106.49 1 1
github.com/muety/wakapi/models/filters.go:106.49,108.3 1 0
github.com/muety/wakapi/models/filters.go:108.8,108.49 1 1
github.com/muety/wakapi/models/filters.go:108.49,110.3 1 0
github.com/muety/wakapi/models/filters.go:110.8,110.53 1 1
github.com/muety/wakapi/models/filters.go:110.53,112.3 1 0
github.com/muety/wakapi/models/filters.go:113.2,113.29 1 1
github.com/muety/wakapi/models/filters.go:116.46,117.30 1 1
github.com/muety/wakapi/models/filters.go:117.30,119.3 1 1
github.com/muety/wakapi/models/filters.go:120.2,120.66 1 0
github.com/muety/wakapi/models/filters.go:123.34,126.2 2 1
github.com/muety/wakapi/models/filters.go:128.31,130.51 2 0
github.com/muety/wakapi/models/filters.go:130.51,132.3 1 0
github.com/muety/wakapi/models/filters.go:133.2,133.14 1 0
github.com/muety/wakapi/models/filters.go:136.44,138.51 2 0
github.com/muety/wakapi/models/filters.go:138.51,139.27 1 0
github.com/muety/wakapi/models/filters.go:139.27,141.4 1 0
github.com/muety/wakapi/models/filters.go:143.2,143.14 1 0
github.com/muety/wakapi/models/filters.go:146.49,148.2 1 1
github.com/muety/wakapi/models/filters.go:150.56,151.25 1 1
github.com/muety/wakapi/models/filters.go:151.25,153.3 1 1
github.com/muety/wakapi/models/filters.go:154.2,154.29 1 1
github.com/muety/wakapi/models/filters.go:157.37,159.51 2 1
github.com/muety/wakapi/models/filters.go:159.51,160.35 1 1
github.com/muety/wakapi/models/filters.go:160.35,162.4 1 1
github.com/muety/wakapi/models/filters.go:164.2,164.14 1 1
github.com/muety/wakapi/models/filters.go:167.57,168.18 1 1
github.com/muety/wakapi/models/filters.go:169.22,170.20 1 1
github.com/muety/wakapi/models/filters.go:171.23,172.21 1 1
github.com/muety/wakapi/models/filters.go:173.21,174.19 1 1
github.com/muety/wakapi/models/filters.go:175.17,176.15 1 1
github.com/muety/wakapi/models/filters.go:177.22,178.20 1 1
github.com/muety/wakapi/models/filters.go:179.20,180.18 1 1
github.com/muety/wakapi/models/filters.go:181.21,182.19 1 1
github.com/muety/wakapi/models/filters.go:183.21,184.19 1 1
github.com/muety/wakapi/models/filters.go:185.23,186.21 1 0
github.com/muety/wakapi/models/filters.go:187.10,188.21 1 0
github.com/muety/wakapi/models/filters.go:192.33,194.16 2 0
github.com/muety/wakapi/models/filters.go:194.16,196.3 1 0
github.com/muety/wakapi/models/filters.go:197.2,197.32 1 0
github.com/muety/wakapi/models/filters.go:200.53,207.2 1 1
github.com/muety/wakapi/models/filters.go:209.51,216.2 1 0
github.com/muety/wakapi/models/filters.go:219.70,220.26 1 1
github.com/muety/wakapi/models/filters.go:220.26,222.3 1 0
github.com/muety/wakapi/models/filters.go:224.2,224.25 1 1
github.com/muety/wakapi/models/filters.go:224.25,226.3 1 1
github.com/muety/wakapi/models/filters.go:228.2,228.22 1 1
github.com/muety/wakapi/models/filters.go:228.22,230.31 2 1
github.com/muety/wakapi/models/filters.go:230.31,233.4 2 1
github.com/muety/wakapi/models/filters.go:234.3,235.22 2 1
github.com/muety/wakapi/models/filters.go:237.2,237.17 1 1
github.com/muety/wakapi/models/filters.go:237.17,239.26 2 0
github.com/muety/wakapi/models/filters.go:239.26,242.4 2 0
github.com/muety/wakapi/models/filters.go:243.3,244.17 2 0
github.com/muety/wakapi/models/filters.go:246.2,246.23 1 1
github.com/muety/wakapi/models/filters.go:246.23,248.32 2 1
github.com/muety/wakapi/models/filters.go:248.32,251.4 2 1
github.com/muety/wakapi/models/filters.go:252.3,253.23 2 1
github.com/muety/wakapi/models/filters.go:255.2,255.21 1 1
github.com/muety/wakapi/models/filters.go:255.21,257.30 2 0
github.com/muety/wakapi/models/filters.go:257.30,260.4 2 0
github.com/muety/wakapi/models/filters.go:261.3,262.21 2 0
github.com/muety/wakapi/models/filters.go:264.2,264.22 1 1
github.com/muety/wakapi/models/filters.go:264.22,266.31 2 0
github.com/muety/wakapi/models/filters.go:266.31,269.4 2 0
github.com/muety/wakapi/models/filters.go:270.3,271.22 2 0
github.com/muety/wakapi/models/filters.go:273.2,273.21 1 1
github.com/muety/wakapi/models/filters.go:273.21,275.30 2 0
github.com/muety/wakapi/models/filters.go:275.30,278.4 2 0
github.com/muety/wakapi/models/filters.go:279.3,280.21 2 0
github.com/muety/wakapi/models/filters.go:282.2,282.23 1 1
github.com/muety/wakapi/models/filters.go:282.23,284.32 2 0
github.com/muety/wakapi/models/filters.go:284.32,287.4 2 0
github.com/muety/wakapi/models/filters.go:288.3,289.23 2 0
github.com/muety/wakapi/models/filters.go:293.2,294.10 2 1
github.com/muety/wakapi/models/filters.go:297.83,298.71 1 1
github.com/muety/wakapi/models/filters.go:298.71,300.3 1 0
github.com/muety/wakapi/models/filters.go:301.2,301.28 1 1
github.com/muety/wakapi/models/filters.go:301.28,303.3 1 1
github.com/muety/wakapi/models/filters.go:304.2,305.10 2 1
github.com/muety/wakapi/models/filters.go:308.43,310.2 1 0
github.com/muety/wakapi/models/heartbeat.go:51.34,53.2 1 1
github.com/muety/wakapi/models/heartbeat.go:55.55,58.2 2 0
github.com/muety/wakapi/models/heartbeat.go:60.43,64.22 4 0
github.com/muety/wakapi/models/heartbeat.go:64.22,65.44 1 0
[...]
github.com/muety/wakapi/routes/settings.go:682.101,683.22 1 0
github.com/muety/wakapi/routes/settings.go:683.22,685.3 1 0
github.com/muety/wakapi/routes/settings.go:687.2,687.33 1 0
github.com/muety/wakapi/routes/settings.go:687.33,689.3 1 0
github.com/muety/wakapi/routes/settings.go:691.2,692.31 2 0
github.com/muety/wakapi/routes/settings.go:692.31,694.3 1 0
github.com/muety/wakapi/routes/settings.go:696.2,701.48 5 0
github.com/muety/wakapi/routes/settings.go:701.48,703.3 1 0
github.com/muety/wakapi/routes/settings.go:705.2,705.23 1 0
github.com/muety/wakapi/routes/settings.go:705.23,707.92 2 0
github.com/muety/wakapi/routes/settings.go:707.92,714.4 1 0
github.com/muety/wakapi/routes/settings.go:716.3,717.94 2 0
github.com/muety/wakapi/routes/settings.go:717.94,724.4 1 0
github.com/muety/wakapi/routes/settings.go:727.2,727.82 1 0
github.com/muety/wakapi/routes/settings.go:727.82,736.121 4 0
github.com/muety/wakapi/routes/settings.go:736.121,738.4 1 0
github.com/muety/wakapi/routes/settings.go:738.9,741.4 1 0
github.com/muety/wakapi/routes/settings.go:742.3,742.25 1 0
github.com/muety/wakapi/routes/settings.go:742.25,745.4 2 0
github.com/muety/wakapi/routes/settings.go:748.3,756.45 4 0
github.com/muety/wakapi/routes/settings.go:756.45,757.61 1 0
github.com/muety/wakapi/routes/settings.go:757.61,759.5 1 0
github.com/muety/wakapi/routes/settings.go:762.3,762.26 1 0
github.com/muety/wakapi/routes/settings.go:762.26,766.50 3 0
github.com/muety/wakapi/routes/settings.go:766.50,769.5 2 0
github.com/muety/wakapi/routes/settings.go:771.3,771.21 1 0
github.com/muety/wakapi/routes/settings.go:771.21,773.4 1 0
github.com/muety/wakapi/routes/settings.go:775.3,780.20 4 0
github.com/muety/wakapi/routes/settings.go:780.20,782.53 2 0
github.com/muety/wakapi/routes/settings.go:782.53,784.5 1 0
github.com/muety/wakapi/routes/settings.go:787.3,787.23 1 0
github.com/muety/wakapi/routes/settings.go:787.23,788.118 1 0
github.com/muety/wakapi/routes/settings.go:788.118,790.5 1 0
github.com/muety/wakapi/routes/settings.go:790.10,792.5 1 0
github.com/muety/wakapi/routes/settings.go:796.2,801.127 2 0
github.com/muety/wakapi/routes/settings.go:804.106,805.22 1 0
github.com/muety/wakapi/routes/settings.go:805.22,807.3 1 0
github.com/muety/wakapi/routes/settings.go:809.2,811.36 2 0
github.com/muety/wakapi/routes/settings.go:811.36,813.3 1 0
github.com/muety/wakapi/routes/settings.go:815.2,815.46 1 0
github.com/muety/wakapi/routes/settings.go:815.46,818.53 3 0
github.com/muety/wakapi/routes/settings.go:818.53,820.4 1 0
github.com/muety/wakapi/routes/settings.go:823.2,823.154 1 0
github.com/muety/wakapi/routes/settings.go:826.96,827.22 1 0
github.com/muety/wakapi/routes/settings.go:827.22,829.3 1 0
github.com/muety/wakapi/routes/settings.go:831.2,834.46 3 0
github.com/muety/wakapi/routes/settings.go:834.46,836.61 2 0
github.com/muety/wakapi/routes/settings.go:836.61,838.4 1 0
github.com/muety/wakapi/routes/settings.go:840.3,841.59 2 0
github.com/muety/wakapi/routes/settings.go:841.59,843.4 1 0
github.com/muety/wakapi/routes/settings.go:845.3,846.60 2 0
github.com/muety/wakapi/routes/settings.go:846.60,848.4 1 0
github.com/muety/wakapi/routes/settings.go:851.2,851.110 1 0
github.com/muety/wakapi/routes/settings.go:854.97,855.22 1 0
github.com/muety/wakapi/routes/settings.go:855.22,857.3 1 0
github.com/muety/wakapi/routes/settings.go:859.2,860.46 2 0
github.com/muety/wakapi/routes/settings.go:860.46,863.49 2 0
github.com/muety/wakapi/routes/settings.go:863.49,865.4 1 0
github.com/muety/wakapi/routes/settings.go:865.9,867.4 1 0
github.com/muety/wakapi/routes/settings.go:870.2,873.38 4 0
github.com/muety/wakapi/routes/settings.go:876.101,877.22 1 0
github.com/muety/wakapi/routes/settings.go:877.22,879.3 1 0
github.com/muety/wakapi/routes/settings.go:881.2,887.17 3 0
github.com/muety/wakapi/routes/settings.go:887.17,889.3 1 0
github.com/muety/wakapi/routes/settings.go:891.2,898.3 1 0
github.com/muety/wakapi/routes/settings.go:901.68,903.2 1 0
github.com/muety/wakapi/routes/settings.go:905.83,906.19 1 0
github.com/muety/wakapi/routes/settings.go:906.19,908.3 1 0
github.com/muety/wakapi/routes/settings.go:910.2,922.16 3 0
github.com/muety/wakapi/routes/settings.go:922.16,924.3 1 0
github.com/muety/wakapi/routes/settings.go:926.2,928.73 2 0
github.com/muety/wakapi/routes/settings.go:928.73,930.3 1 0
github.com/muety/wakapi/routes/settings.go:932.2,932.13 1 0
github.com/muety/wakapi/routes/settings.go:935.72,938.60 2 0
github.com/muety/wakapi/routes/settings.go:938.60,941.3 2 0
github.com/muety/wakapi/routes/settings.go:943.2,943.89 1 0
github.com/muety/wakapi/routes/settings.go:943.89,946.3 2 0
github.com/muety/wakapi/routes/settings.go:948.2,948.12 1 0
github.com/muety/wakapi/routes/settings.go:951.96,952.22 1 0
github.com/muety/wakapi/routes/settings.go:952.22,954.3 1 0
github.com/muety/wakapi/routes/settings.go:956.2,963.17 2 0
github.com/muety/wakapi/routes/settings.go:963.17,965.3 1 0
github.com/muety/wakapi/routes/settings.go:967.2,968.50 2 0
github.com/muety/wakapi/routes/settings.go:971.99,972.22 1 0
github.com/muety/wakapi/routes/settings.go:972.22,974.3 1 0
github.com/muety/wakapi/routes/settings.go:976.2,979.32 3 0
github.com/muety/wakapi/routes/settings.go:979.32,981.3 1 0
github.com/muety/wakapi/routes/settings.go:983.2,984.16 2 0
github.com/muety/wakapi/routes/settings.go:984.16,986.3 1 0
github.com/muety/wakapi/routes/settings.go:988.2,988.28 1 0
github.com/muety/wakapi/routes/settings.go:988.28,989.30 1 0
github.com/muety/wakapi/routes/settings.go:989.30,990.49 1 0
github.com/muety/wakapi/routes/settings.go:990.49,992.5 1 0
github.com/muety/wakapi/routes/settings.go:993.4,993.79 1 0
github.com/muety/wakapi/routes/settings.go:996.2,996.72 1 0
github.com/muety/wakapi/routes/settings.go:999.98,1000.22 1 1
github.com/muety/wakapi/routes/settings.go:1000.22,1002.3 1 0
github.com/muety/wakapi/routes/settings.go:1004.2,1004.39 1 1
github.com/muety/wakapi/routes/settings.go:1004.39,1006.3 1 0
github.com/muety/wakapi/routes/settings.go:1008.2,1009.30 2 1
github.com/muety/wakapi/routes/settings.go:1009.30,1011.3 1 0
github.com/muety/wakapi/routes/settings.go:1013.2,1013.68 1 1
github.com/muety/wakapi/routes/settings.go:1013.68,1016.3 2 0
github.com/muety/wakapi/routes/settings.go:1017.2,1018.29 2 1
github.com/muety/wakapi/routes/settings.go:1018.29,1020.3 1 0
github.com/muety/wakapi/routes/settings.go:1022.2,1022.37 1 1
github.com/muety/wakapi/routes/settings.go:1022.37,1023.34 1 1
github.com/muety/wakapi/routes/settings.go:1023.34,1025.4 1 1
github.com/muety/wakapi/routes/settings.go:1028.2,1030.16 3 1
github.com/muety/wakapi/routes/settings.go:1030.16,1032.3 1 0
github.com/muety/wakapi/routes/settings.go:1035.2,1036.16 2 1
github.com/muety/wakapi/routes/settings.go:1036.16,1039.3 2 0
github.com/muety/wakapi/routes/settings.go:1040.2,1041.16 2 1
github.com/muety/wakapi/routes/settings.go:1041.16,1044.3 2 0
github.com/muety/wakapi/routes/settings.go:1045.2,1046.16 2 1
github.com/muety/wakapi/routes/settings.go:1046.16,1048.3 1 0
github.com/muety/wakapi/routes/settings.go:1050.2,1050.90 1 1
github.com/muety/wakapi/routes/settings.go:1053.101,1054.22 1 1
github.com/muety/wakapi/routes/settings.go:1054.22,1056.3 1 0
github.com/muety/wakapi/routes/settings.go:1058.2,1058.39 1 1
github.com/muety/wakapi/routes/settings.go:1058.39,1060.3 1 0
github.com/muety/wakapi/routes/settings.go:1062.2,1063.30 2 1
github.com/muety/wakapi/routes/settings.go:1063.30,1065.3 1 0
github.com/muety/wakapi/routes/settings.go:1067.2,1069.37 3 1
github.com/muety/wakapi/routes/settings.go:1069.37,1071.3 1 0
github.com/muety/wakapi/routes/settings.go:1072.2,1072.68 1 1
github.com/muety/wakapi/routes/settings.go:1072.68,1074.3 1 0
github.com/muety/wakapi/routes/settings.go:1075.2,1075.92 1 1
github.com/muety/wakapi/routes/settings.go:1078.136,1086.16 4 1
github.com/muety/wakapi/routes/settings.go:1086.16,1094.3 2 0
github.com/muety/wakapi/routes/settings.go:1095.2,1096.28 2 1
github.com/muety/wakapi/routes/settings.go:1096.28,1098.32 2 0
github.com/muety/wakapi/routes/settings.go:1098.32,1100.4 1 0
github.com/muety/wakapi/routes/settings.go:1100.9,1102.4 1 0
github.com/muety/wakapi/routes/settings.go:1105.2,1106.29 2 1
github.com/muety/wakapi/routes/settings.go:1106.29,1112.23 2 0
github.com/muety/wakapi/routes/settings.go:1112.23,1114.4 1 0
github.com/muety/wakapi/routes/settings.go:1115.3,1115.48 1 0
github.com/muety/wakapi/routes/settings.go:1119.2,1120.16 2 1
github.com/muety/wakapi/routes/settings.go:1120.16,1128.3 2 0
github.com/muety/wakapi/routes/settings.go:1130.2,1131.29 2 1
github.com/muety/wakapi/routes/settings.go:1131.29,1136.24 2 0
github.com/muety/wakapi/routes/settings.go:1136.24,1138.4 1 0
github.com/muety/wakapi/routes/settings.go:1139.3,1139.46 1 0
github.com/muety/wakapi/routes/settings.go:1141.2,1141.49 1 1
github.com/muety/wakapi/routes/settings.go:1141.49,1143.3 1 0
github.com/muety/wakapi/routes/settings.go:1146.2,1147.16 2 1
github.com/muety/wakapi/routes/settings.go:1147.16,1155.3 2 0
github.com/muety/wakapi/routes/settings.go:1158.2,1159.36 2 1
github.com/muety/wakapi/routes/settings.go:1159.36,1161.3 1 0
github.com/muety/wakapi/routes/settings.go:1164.2,1165.16 2 1
github.com/muety/wakapi/routes/settings.go:1165.16,1173.3 2 0
github.com/muety/wakapi/routes/settings.go:1176.2,1189.16 5 1
github.com/muety/wakapi/routes/settings.go:1189.16,1197.3 2 0
github.com/muety/wakapi/routes/settings.go:1198.2,1198.33 1 1
github.com/muety/wakapi/routes/settings.go:1198.33,1204.3 1 0
github.com/muety/wakapi/routes/settings.go:1206.2,1206.56 1 1
github.com/muety/wakapi/routes/settings.go:1206.56,1214.3 2 0
github.com/muety/wakapi/routes/settings.go:1217.2,1218.85 2 1
github.com/muety/wakapi/routes/settings.go:1218.85,1220.3 1 0
github.com/muety/wakapi/routes/settings.go:1222.2,1242.49 2 1
github.com/muety/wakapi/routes/settings.go:1245.77,1247.2 1 0
github.com/muety/wakapi/routes/settings.go:1249.67,1252.2 2 0
github.com/muety/wakapi/routes/settings.go:1254.78,1255.19 1 1
github.com/muety/wakapi/routes/settings.go:1255.19,1257.3 1 1
github.com/muety/wakapi/routes/settings.go:1258.2,1260.9 3 0
github.com/muety/wakapi/routes/settings.go:1260.9,1262.3 1 0
github.com/muety/wakapi/routes/settings.go:1263.2,1263.16 1 0
github.com/muety/wakapi/routes/setup.go:19.71,24.2 1 0
github.com/muety/wakapi/routes/setup.go:26.58,38.2 5 0
github.com/muety/wakapi/routes/setup.go:40.73,41.22 1 0
github.com/muety/wakapi/routes/setup.go:41.22,43.3 1 0
github.com/muety/wakapi/routes/setup.go:45.2,45.66 1 0
github.com/muety/wakapi/routes/setup.go:48.100,55.2 1 0
github.com/muety/wakapi/routes/subscription.go:52.24,56.34 3 0
github.com/muety/wakapi/routes/subscription.go:56.34,60.17 3 0
github.com/muety/wakapi/routes/subscription.go:60.17,62.4 1 0
github.com/muety/wakapi/routes/subscription.go:63.3,65.103 2 0
github.com/muety/wakapi/routes/subscription.go:68.2,77.33 3 0
github.com/muety/wakapi/routes/subscription.go:77.33,78.31 1 0
github.com/muety/wakapi/routes/subscription.go:78.31,80.37 2 0
github.com/muety/wakapi/routes/subscription.go:80.37,81.13 1 0
github.com/muety/wakapi/routes/subscription.go:84.4,85.63 2 0
github.com/muety/wakapi/routes/subscription.go:85.63,87.5 1 0
github.com/muety/wakapi/routes/subscription.go:87.10,89.5 1 0
github.com/muety/wakapi/routes/subscription.go:93.2,93.16 1 0
github.com/muety/wakapi/routes/subscription.go:98.65,99.37 1 0
github.com/muety/wakapi/routes/subscription.go:99.37,101.3 1 0
github.com/muety/wakapi/routes/subscription.go:103.2,118.48 10 0
github.com/muety/wakapi/routes/subscription.go:121.84,122.22 1 0
github.com/muety/wakapi/routes/subscription.go:122.22,124.3 1 0
github.com/muety/wakapi/routes/subscription.go:126.2,127.22 2 0
github.com/muety/wakapi/routes/subscription.go:127.22,131.3 3 0
github.com/muety/wakapi/routes/subscription.go:133.2,133.38 1 0
github.com/muety/wakapi/routes/subscription.go:133.38,137.3 3 0
github.com/muety/wakapi/routes/subscription.go:139.2,153.33 2 0
github.com/muety/wakapi/routes/subscription.go:153.33,155.3 1 0
github.com/muety/wakapi/routes/subscription.go:155.8,157.3 1 0
github.com/muety/wakapi/routes/subscription.go:159.2,160.16 2 0
github.com/muety/wakapi/routes/subscription.go:160.16,165.3 4 0
github.com/muety/wakapi/routes/subscription.go:167.2,167.55 1 0
github.com/muety/wakapi/routes/subscription.go:170.82,171.22 1 0
github.com/muety/wakapi/routes/subscription.go:171.22,173.3 1 0
github.com/muety/wakapi/routes/subscription.go:175.2,176.33 2 0
github.com/muety/wakapi/routes/subscription.go:176.33,180.3 3 0
github.com/muety/wakapi/routes/subscription.go:182.2,188.16 3 0
github.com/muety/wakapi/routes/subscription.go:188.16,193.3 4 0
github.com/muety/wakapi/routes/subscription.go:195.2,195.55 1 0
github.com/muety/wakapi/routes/subscription.go:198.83,201.16 3 0
github.com/muety/wakapi/routes/subscription.go:201.16,205.3 3 0
github.com/muety/wakapi/routes/subscription.go:207.2,210.16 2 0
github.com/muety/wakapi/routes/subscription.go:210.16,214.3 3 0
github.com/muety/wakapi/routes/subscription.go:216.2,216.20 1 0
github.com/muety/wakapi/routes/subscription.go:219.35,222.17 2 0
github.com/muety/wakapi/routes/subscription.go:222.17,224.4 1 0
github.com/muety/wakapi/routes/subscription.go:225.3,229.17 3 0
github.com/muety/wakapi/routes/subscription.go:229.17,234.18 3 0
github.com/muety/wakapi/routes/subscription.go:234.18,238.5 3 0
github.com/muety/wakapi/routes/subscription.go:240.4,241.18 2 0
github.com/muety/wakapi/routes/subscription.go:241.18,245.5 3 0
github.com/muety/wakapi/routes/subscription.go:246.4,246.12 1 0
github.com/muety/wakapi/routes/subscription.go:249.3,249.71 1 0
github.com/muety/wakapi/routes/subscription.go:249.71,253.4 3 0
github.com/muety/wakapi/routes/subscription.go:255.36,258.17 2 0
github.com/muety/wakapi/routes/subscription.go:258.17,260.4 1 0
github.com/muety/wakapi/routes/subscription.go:261.3,264.17 3 0
github.com/muety/wakapi/routes/subscription.go:264.17,267.4 2 0
github.com/muety/wakapi/routes/subscription.go:269.3,269.34 1 0
github.com/muety/wakapi/routes/subscription.go:269.34,271.53 2 0
github.com/muety/wakapi/routes/subscription.go:271.53,273.5 1 0
github.com/muety/wakapi/routes/subscription.go:273.10,275.5 1 0
github.com/muety/wakapi/routes/subscription.go:276.9,276.66 1 0
github.com/muety/wakapi/routes/subscription.go:276.66,278.4 1 0
github.com/muety/wakapi/routes/subscription.go:280.10,281.81 1 0
github.com/muety/wakapi/routes/subscription.go:284.2,284.30 1 0
github.com/muety/wakapi/routes/subscription.go:287.90,290.2 2 0
github.com/muety/wakapi/routes/subscription.go:292.89,294.2 1 0
github.com/muety/wakapi/routes/subscription.go:296.115,299.29 2 0
github.com/muety/wakapi/routes/subscription.go:300.16,303.80 2 0
github.com/muety/wakapi/routes/subscription.go:303.80,308.4 4 0
github.com/muety/wakapi/routes/subscription.go:310.3,310.104 1 0
github.com/muety/wakapi/routes/subscription.go:310.104,313.4 2 0
github.com/muety/wakapi/routes/subscription.go:314.50,317.154 3 0
github.com/muety/wakapi/routes/subscription.go:318.10,320.13 2 0
github.com/muety/wakapi/routes/subscription.go:323.2,324.33 2 0
github.com/muety/wakapi/routes/subscription.go:324.33,326.3 1 0
github.com/muety/wakapi/routes/subscription.go:327.2,327.12 1 0
github.com/muety/wakapi/routes/subscription.go:330.144,332.70 2 0
github.com/muety/wakapi/routes/subscription.go:332.70,336.3 3 0
github.com/muety/wakapi/routes/subscription.go:337.2,337.27 1 0
github.com/muety/wakapi/routes/subscription.go:340.150,342.73 2 0
github.com/muety/wakapi/routes/subscription.go:342.73,346.3 3 0
github.com/muety/wakapi/routes/subscription.go:348.2,348.30 1 0
github.com/muety/wakapi/routes/subscription.go:351.79,354.16 2 0
github.com/muety/wakapi/routes/subscription.go:354.16,356.3 1 0
github.com/muety/wakapi/routes/subscription.go:357.2,358.12 2 0
github.com/muety/wakapi/routes/subscription.go:361.97,369.38 3 0
github.com/muety/wakapi/routes/subscription.go:369.38,371.3 1 0
github.com/muety/wakapi/routes/subscription.go:373.2,373.20 1 0
github.com/muety/wakapi/routes/subscription.go:373.20,375.3 1 0
github.com/muety/wakapi/routes/subscription.go:375.8,377.3 1 0
github.com/muety/wakapi/routes/subscription.go:380.110,392.62 4 0
github.com/muety/wakapi/routes/subscription.go:392.62,394.3 1 0
github.com/muety/wakapi/routes/subscription.go:395.2,395.86 1 0
github.com/muety/wakapi/routes/subscription.go:398.82,400.57 2 0
github.com/muety/wakapi/routes/subscription.go:400.57,402.3 1 0
github.com/muety/wakapi/routes/summary.go:34.242,43.2 1 0
github.com/muety/wakapi/routes/summary.go:45.60,54.2 4 0
github.com/muety/wakapi/routes/summary.go:56.75,57.22 1 0
github.com/muety/wakapi/routes/summary.go:57.22,59.3 1 0
github.com/muety/wakapi/routes/summary.go:61.2,63.52 3 0
github.com/muety/wakapi/routes/summary.go:63.52,66.89 1 0
github.com/muety/wakapi/routes/summary.go:66.89,70.4 3 0
github.com/muety/wakapi/routes/summary.go:72.3,73.30 2 0
github.com/muety/wakapi/routes/summary.go:74.8,74.36 1 0
github.com/muety/wakapi/routes/summary.go:74.36,78.3 2 0
github.com/muety/wakapi/routes/summary.go:80.2,82.16 3 0
github.com/muety/wakapi/routes/summary.go:82.16,87.3 4 0
github.com/muety/wakapi/routes/summary.go:89.2,90.16 2 0
github.com/muety/wakapi/routes/summary.go:90.16,95.3 4 0
github.com/muety/wakapi/routes/summary.go:96.2,99.17 3 0
github.com/muety/wakapi/routes/summary.go:99.17,103.3 3 0
github.com/muety/wakapi/routes/summary.go:106.2,107.16 2 0
github.com/muety/wakapi/routes/summary.go:107.16,112.3 4 0
github.com/muety/wakapi/routes/summary.go:115.2,116.120 2 0
github.com/muety/wakapi/routes/summary.go:116.120,118.17 2 0
github.com/muety/wakapi/routes/summary.go:118.17,120.4 1 0
github.com/muety/wakapi/routes/summary.go:120.9,122.4 1 0
github.com/muety/wakapi/routes/summary.go:126.2,128.35 3 0
github.com/muety/wakapi/routes/summary.go:128.35,130.3 1 0
github.com/muety/wakapi/routes/summary.go:131.2,131.148 1 0
github.com/muety/wakapi/routes/summary.go:131.148,134.28 1 0
github.com/muety/wakapi/routes/summary.go:134.28,135.126 1 0
github.com/muety/wakapi/routes/summary.go:135.126,138.5 2 0
github.com/muety/wakapi/routes/summary.go:140.8,142.3 1 0
github.com/muety/wakapi/routes/summary.go:144.2,163.48 2 0
github.com/muety/wakapi/routes/summary.go:166.104,174.2 2 0
github.com/muety/wakapi/routes/summary.go:176.103,179.37 3 0
github.com/muety/wakapi/routes/summary.go:179.37,181.17 2 0
github.com/muety/wakapi/routes/summary.go:181.17,183.4 1 0
github.com/muety/wakapi/routes/summary.go:184.3,184.44 1 0
github.com/muety/wakapi/routes/summary.go:186.2,186.23 1 0
github.com/muety/wakapi/routes/summary.go:190.97,192.91 1 0
github.com/muety/wakapi/routes/summary.go:192.91,192.110 1 0
github.com/muety/wakapi/routes/summary.go:193.92,193.111 1 0
github.com/muety/wakapi/routes/summary.go:194.91,194.110 1 0
github.com/muety/wakapi/routes/summary.go:195.89,195.108 1 0
github.com/muety/wakapi/routes/summary.go:196.93,196.112 1 0
github.com/muety/wakapi/routes/test_utils.go:14.69,21.2 6 1
github.com/muety/wakapi/routes/test_utils.go:30.105,41.53 2 1
github.com/muety/wakapi/routes/test_utils.go:41.53,42.26 1 1
github.com/muety/wakapi/routes/test_utils.go:42.26,44.4 1 1
github.com/muety/wakapi/routes/test_utils.go:45.3,45.27 1 1
github.com/muety/wakapi/routes/test_utils.go:45.27,47.4 1 1
github.com/muety/wakapi/routes/test_utils.go:48.3,48.31 1 1
github.com/muety/wakapi/routes/test_utils.go:48.31,50.4 1 1
github.com/muety/wakapi/routes/test_utils.go:51.3,51.33 1 1
github.com/muety/wakapi/routes/test_utils.go:51.33,53.4 1 1
github.com/muety/wakapi/routes/test_utils.go:54.3,54.32 1 1
github.com/muety/wakapi/routes/test_utils.go:54.32,56.4 1 1
github.com/muety/wakapi/routes/test_utils.go:57.3,57.22 1 1
github.com/muety/wakapi/routes/test_utils.go:57.22,59.4 1 1
github.com/muety/wakapi/routes/test_utils.go:60.3,60.25 1 1
github.com/muety/wakapi/routes/test_utils.go:60.25,62.4 1 0
github.com/muety/wakapi/routes/test_utils.go:65.2,66.23 2 1
