mode: set
github.com/muety/wakapi/helpers/date.go:18.73,19.58 1 0
github.com/muety/wakapi/helpers/date.go:19.58,21.3 1 0
github.com/muety/wakapi/helpers/date.go:22.2,22.87 1 0
github.com/muety/wakapi/helpers/date.go:22.87,24.3 1 0
github.com/muety/wakapi/helpers/date.go:25.2,25.64 1 0
github.com/muety/wakapi/helpers/date.go:28.40,30.2 1 0
github.com/muety/wakapi/helpers/date.go:32.44,34.2 1 0
github.com/muety/wakapi/helpers/date.go:36.49,38.2 1 0
github.com/muety/wakapi/helpers/date.go:40.51,42.39 2 0
github.com/muety/wakapi/helpers/date.go:42.39,44.3 1 0
github.com/muety/wakapi/helpers/date.go:45.2,45.28 1 0
github.com/muety/wakapi/helpers/date.go:48.45,50.2 1 0
github.com/muety/wakapi/helpers/date.go:52.50,58.2 5 0
github.com/muety/wakapi/helpers/http.go:11.94,13.16 2 0
github.com/muety/wakapi/helpers/http.go:13.16,15.3 1 0
github.com/muety/wakapi/helpers/http.go:17.2,17.107 1 0
github.com/muety/wakapi/helpers/http.go:17.107,19.3 1 0
github.com/muety/wakapi/helpers/http.go:21.2,21.22 1 0
github.com/muety/wakapi/helpers/http.go:24.90,27.58 3 0
github.com/muety/wakapi/helpers/http.go:27.58,29.3 1 0
github.com/muety/wakapi/helpers/interval.go:11.66,12.40 1 0
github.com/muety/wakapi/helpers/interval.go:12.40,13.27 1 0
github.com/muety/wakapi/helpers/interval.go:13.27,15.4 1 0
github.com/muety/wakapi/helpers/interval.go:17.2,17.48 1 0
github.com/muety/wakapi/helpers/interval.go:20.61,23.2 2 0
github.com/muety/wakapi/helpers/interval.go:25.114,28.2 2 0
github.com/muety/wakapi/helpers/interval.go:30.121,32.16 2 0
github.com/muety/wakapi/helpers/interval.go:32.16,34.3 1 0
github.com/muety/wakapi/helpers/interval.go:35.2,35.51 1 0
github.com/muety/wakapi/helpers/interval.go:38.131,42.18 3 1
github.com/muety/wakapi/helpers/interval.go:43.28,44.32 1 0
github.com/muety/wakapi/helpers/interval.go:45.32,47.30 2 0
github.com/muety/wakapi/helpers/interval.go:48.30,49.34 1 1
github.com/muety/wakapi/helpers/interval.go:50.31,51.48 1 0
github.com/muety/wakapi/helpers/interval.go:52.31,54.46 2 0
github.com/muety/wakapi/helpers/interval.go:55.32,56.36 1 0
github.com/muety/wakapi/helpers/interval.go:57.32,59.34 2 0
github.com/muety/wakapi/helpers/interval.go:60.31,61.35 1 0
github.com/muety/wakapi/helpers/interval.go:62.32,63.31 1 1
github.com/muety/wakapi/helpers/interval.go:64.41,66.48 2 0
github.com/muety/wakapi/helpers/interval.go:67.33,68.32 1 1
github.com/muety/wakapi/helpers/interval.go:69.33,70.32 1 1
github.com/muety/wakapi/helpers/interval.go:71.34,72.31 1 1
github.com/muety/wakapi/helpers/interval.go:73.35,74.32 1 1
github.com/muety/wakapi/helpers/interval.go:75.26,76.25 1 0
github.com/muety/wakapi/helpers/interval.go:77.10,78.39 1 0
github.com/muety/wakapi/helpers/interval.go:81.2,81.22 1 1
github.com/muety/wakapi/helpers/interval.go:85.65,86.15 1 1
github.com/muety/wakapi/helpers/interval.go:86.15,88.3 1 1
github.com/muety/wakapi/helpers/interval.go:89.2,89.14 1 1
github.com/muety/wakapi/helpers/interval.go:89.14,91.3 1 1
github.com/muety/wakapi/helpers/interval.go:92.2,92.14 1 1
github.com/muety/wakapi/helpers/interval.go:92.14,94.3 1 1
github.com/muety/wakapi/helpers/interval.go:95.2,95.15 1 1
github.com/muety/wakapi/helpers/interval.go:95.15,97.3 1 1
github.com/muety/wakapi/helpers/interval.go:98.2,98.15 1 1
github.com/muety/wakapi/helpers/interval.go:98.15,100.3 1 1
github.com/muety/wakapi/helpers/interval.go:101.2,101.16 1 1
github.com/muety/wakapi/helpers/interval.go:101.16,103.3 1 1
github.com/muety/wakapi/helpers/interval.go:104.2,104.16 1 1
github.com/muety/wakapi/helpers/interval.go:104.16,106.3 1 1
github.com/muety/wakapi/helpers/interval.go:107.2,107.41 1 1
github.com/muety/wakapi/helpers/summary.go:12.73,19.56 5 0
github.com/muety/wakapi/helpers/summary.go:19.56,21.3 1 0
github.com/muety/wakapi/helpers/summary.go:21.8,21.54 1 0
github.com/muety/wakapi/helpers/summary.go:21.54,23.3 1 0
github.com/muety/wakapi/helpers/summary.go:23.8,25.17 2 0
github.com/muety/wakapi/helpers/summary.go:25.17,27.4 1 0
github.com/muety/wakapi/helpers/summary.go:29.3,30.17 2 0
github.com/muety/wakapi/helpers/summary.go:30.17,32.4 1 0
github.com/muety/wakapi/helpers/summary.go:35.2,45.8 3 0
github.com/muety/wakapi/helpers/summary.go:48.59,50.48 2 0
github.com/muety/wakapi/helpers/summary.go:50.48,52.3 1 0
github.com/muety/wakapi/helpers/summary.go:53.2,53.49 1 0
github.com/muety/wakapi/helpers/summary.go:53.49,55.3 1 0
github.com/muety/wakapi/helpers/summary.go:56.2,56.47 1 0
github.com/muety/wakapi/helpers/summary.go:56.47,58.3 1 0
github.com/muety/wakapi/helpers/summary.go:59.2,59.48 1 0
github.com/muety/wakapi/helpers/summary.go:59.48,61.3 1 0
github.com/muety/wakapi/helpers/summary.go:62.2,62.57 1 0
github.com/muety/wakapi/helpers/summary.go:62.57,64.3 1 0
github.com/muety/wakapi/helpers/summary.go:65.2,65.46 1 0
github.com/muety/wakapi/helpers/summary.go:65.46,67.3 1 0
github.com/muety/wakapi/helpers/summary.go:68.2,68.47 1 0
github.com/muety/wakapi/helpers/summary.go:68.47,70.3 1 0
github.com/muety/wakapi/helpers/summary.go:71.2,71.47 1 0
github.com/muety/wakapi/helpers/summary.go:71.47,73.3 1 0
github.com/muety/wakapi/helpers/summary.go:74.2,74.49 1 0
github.com/muety/wakapi/helpers/summary.go:74.49,76.3 1 0
github.com/muety/wakapi/helpers/summary.go:77.2,77.16 1 0
github.com/muety/wakapi/helpers/summary.go:80.48,82.23 2 0
github.com/muety/wakapi/helpers/summary.go:82.23,85.3 2 0
github.com/muety/wakapi/helpers/summary.go:86.2,87.16 2 0
github.com/muety/wakapi/helpers/summary.go:87.16,89.3 1 0
github.com/muety/wakapi/helpers/summary.go:90.2,90.27 1 0
github.com/muety/wakapi/config/config.go:234.46,235.25 1 1
github.com/muety/wakapi/config/config.go:235.25,237.3 1 1
github.com/muety/wakapi/config/config.go:238.2,238.35 1 1
github.com/muety/wakapi/config/config.go:241.47,245.38 3 1
github.com/muety/wakapi/config/config.go:245.38,247.3 1 1
github.com/muety/wakapi/config/config.go:248.2,248.22 1 1
github.com/muety/wakapi/config/config.go:248.22,250.3 1 1
github.com/muety/wakapi/config/config.go:251.2,251.26 1 1
github.com/muety/wakapi/config/config.go:251.26,253.3 1 1
github.com/muety/wakapi/config/config.go:254.2,254.46 1 1
github.com/muety/wakapi/config/config.go:254.46,256.3 1 1
github.com/muety/wakapi/config/config.go:257.2,257.12 1 1
github.com/muety/wakapi/config/config.go:260.45,262.2 1 0
github.com/muety/wakapi/config/config.go:264.64,266.2 1 0
github.com/muety/wakapi/config/config.go:268.59,270.2 1 0
github.com/muety/wakapi/config/config.go:272.82,273.16 1 0
github.com/muety/wakapi/config/config.go:273.16,275.3 1 0
github.com/muety/wakapi/config/config.go:277.2,285.3 1 0
github.com/muety/wakapi/config/config.go:288.31,290.2 1 1
github.com/muety/wakapi/config/config.go:292.32,294.2 1 0
github.com/muety/wakapi/config/config.go:296.60,298.2 1 0
github.com/muety/wakapi/config/config.go:300.67,301.37 1 0
github.com/muety/wakapi/config/config.go:301.37,303.3 1 0
github.com/muety/wakapi/config/config.go:304.2,304.62 1 0
github.com/muety/wakapi/config/config.go:307.59,309.2 1 0
github.com/muety/wakapi/config/config.go:311.57,313.2 1 0
github.com/muety/wakapi/config/config.go:315.53,317.2 1 0
github.com/muety/wakapi/config/config.go:319.53,320.46 1 1
github.com/muety/wakapi/config/config.go:320.46,324.17 3 0
github.com/muety/wakapi/config/config.go:324.17,326.4 1 0
github.com/muety/wakapi/config/config.go:328.3,329.17 2 0
github.com/muety/wakapi/config/config.go:329.17,331.4 1 0
github.com/muety/wakapi/config/config.go:333.3,333.44 1 0
github.com/muety/wakapi/config/config.go:336.2,336.51 1 1
github.com/muety/wakapi/config/config.go:339.50,340.47 1 1
github.com/muety/wakapi/config/config.go:340.47,347.17 5 0
github.com/muety/wakapi/config/config.go:347.17,349.4 1 0
github.com/muety/wakapi/config/config.go:351.3,352.17 2 0
github.com/muety/wakapi/config/config.go:352.17,354.4 1 0
github.com/muety/wakapi/config/config.go:356.3,356.54 1 0
github.com/muety/wakapi/config/config.go:359.2,359.52 1 1
github.com/muety/wakapi/config/config.go:362.65,367.56 3 1
github.com/muety/wakapi/config/config.go:367.56,369.33 1 0
github.com/muety/wakapi/config/config.go:369.33,372.18 3 0
github.com/muety/wakapi/config/config.go:372.18,374.5 1 0
github.com/muety/wakapi/config/config.go:376.4,377.18 2 0
github.com/muety/wakapi/config/config.go:377.18,379.5 1 0
github.com/muety/wakapi/config/config.go:381.4,381.45 1 0
github.com/muety/wakapi/config/config.go:383.8,384.33 1 1
github.com/muety/wakapi/config/config.go:384.33,386.4 1 1
github.com/muety/wakapi/config/config.go:389.2,389.76 1 1
github.com/muety/wakapi/config/config.go:389.76,391.3 1 1
github.com/muety/wakapi/config/config.go:393.2,393.14 1 1
github.com/muety/wakapi/config/config.go:396.54,399.2 2 0
github.com/muety/wakapi/config/config.go:401.54,404.64 2 1
github.com/muety/wakapi/config/config.go:404.64,406.15 1 1
github.com/muety/wakapi/config/config.go:406.15,407.12 1 1
github.com/muety/wakapi/config/config.go:411.3,412.17 2 0
github.com/muety/wakapi/config/config.go:412.17,414.12 2 0
github.com/muety/wakapi/config/config.go:418.3,419.22 2 0
github.com/muety/wakapi/config/config.go:419.22,421.29 2 0
github.com/muety/wakapi/config/config.go:421.29,423.5 1 0
github.com/muety/wakapi/config/config.go:424.4,426.12 3 0
github.com/muety/wakapi/config/config.go:429.3,429.55 1 0
github.com/muety/wakapi/config/config.go:433.61,435.2 1 0
github.com/muety/wakapi/config/config.go:437.66,439.2 1 0
github.com/muety/wakapi/config/config.go:441.65,443.2 1 0
github.com/muety/wakapi/config/config.go:445.73,447.2 1 0
github.com/muety/wakapi/config/config.go:449.78,451.2 1 0
github.com/muety/wakapi/config/config.go:453.55,454.112 1 0
github.com/muety/wakapi/config/config.go:454.112,456.3 1 0
github.com/muety/wakapi/config/config.go:459.70,462.23 3 0
github.com/muety/wakapi/config/config.go:462.23,464.3 1 0
github.com/muety/wakapi/config/config.go:466.2,470.20 4 0
github.com/muety/wakapi/config/config.go:471.11,472.28 1 0
github.com/muety/wakapi/config/config.go:473.11,474.28 1 0
github.com/muety/wakapi/config/config.go:475.11,476.26 1 0
github.com/muety/wakapi/config/config.go:479.2,479.51 1 0
github.com/muety/wakapi/config/config.go:482.36,484.2 1 1
github.com/muety/wakapi/config/config.go:486.35,488.2 1 0
github.com/muety/wakapi/config/config.go:490.38,492.2 1 0
github.com/muety/wakapi/config/config.go:494.35,496.2 1 1
github.com/muety/wakapi/config/config.go:498.46,500.2 1 1
github.com/muety/wakapi/config/config.go:502.43,504.2 1 0
github.com/muety/wakapi/config/config.go:506.29,508.2 1 1
github.com/muety/wakapi/config/config.go:510.48,521.16 2 1
github.com/muety/wakapi/config/config.go:521.16,522.48 1 1
github.com/muety/wakapi/config/config.go:522.48,524.4 1 0
github.com/muety/wakapi/config/config.go:524.9,526.4 1 1
github.com/muety/wakapi/config/config.go:529.2,530.53 2 1
github.com/muety/wakapi/config/config.go:530.53,532.3 1 0
github.com/muety/wakapi/config/config.go:534.2,534.15 1 1
github.com/muety/wakapi/config/config.go:537.45,538.27 1 1
github.com/muety/wakapi/config/config.go:538.27,540.3 1 0
github.com/muety/wakapi/config/config.go:541.2,541.24 1 1
github.com/muety/wakapi/config/config.go:541.24,543.3 1 0
github.com/muety/wakapi/config/config.go:544.2,544.25 1 1
github.com/muety/wakapi/config/config.go:544.25,546.3 1 0
github.com/muety/wakapi/config/config.go:547.2,547.15 1 1
github.com/muety/wakapi/config/config.go:550.26,552.2 1 1
github.com/muety/wakapi/config/config.go:554.20,556.2 1 1
github.com/muety/wakapi/config/config.go:558.54,562.101 3 1
github.com/muety/wakapi/config/config.go:562.101,564.3 1 0
github.com/muety/wakapi/config/config.go:566.2,572.21 5 1
github.com/muety/wakapi/config/config.go:572.21,574.3 1 0
github.com/muety/wakapi/config/config.go:576.2,579.35 4 1
github.com/muety/wakapi/config/config.go:579.35,581.3 1 0
github.com/muety/wakapi/config/config.go:582.2,582.25 1 1
github.com/muety/wakapi/config/config.go:582.25,585.3 2 0
github.com/muety/wakapi/config/config.go:587.2,591.16 4 1
github.com/muety/wakapi/config/config.go:591.16,595.3 3 1
github.com/muety/wakapi/config/config.go:596.2,596.37 1 1
github.com/muety/wakapi/config/config.go:596.37,598.3 1 0
github.com/muety/wakapi/config/config.go:600.2,606.47 5 1
github.com/muety/wakapi/config/config.go:606.47,607.14 1 0
github.com/muety/wakapi/config/config.go:607.14,609.4 1 0
github.com/muety/wakapi/config/config.go:612.2,612.29 1 1
github.com/muety/wakapi/config/config.go:612.29,613.38 1 0
github.com/muety/wakapi/config/config.go:613.38,615.4 1 0
github.com/muety/wakapi/config/config.go:616.3,617.60 2 0
github.com/muety/wakapi/config/config.go:620.2,620.41 1 1
github.com/muety/wakapi/config/config.go:620.41,622.3 1 1
github.com/muety/wakapi/config/config.go:622.8,624.35 2 0
github.com/muety/wakapi/config/config.go:624.35,626.4 1 0
github.com/muety/wakapi/config/config.go:627.3,627.34 1 0
github.com/muety/wakapi/config/config.go:631.2,631.108 1 1
github.com/muety/wakapi/config/config.go:631.108,633.3 1 0
github.com/muety/wakapi/config/config.go:634.2,634.52 1 1
github.com/muety/wakapi/config/config.go:634.52,636.3 1 0
github.com/muety/wakapi/config/config.go:637.2,637.51 1 1
github.com/muety/wakapi/config/config.go:637.51,640.3 2 1
github.com/muety/wakapi/config/config.go:641.2,641.100 1 1
github.com/muety/wakapi/config/config.go:641.100,643.3 1 0
github.com/muety/wakapi/config/config.go:644.2,644.53 1 1
github.com/muety/wakapi/config/config.go:644.53,646.3 1 0
github.com/muety/wakapi/config/config.go:647.2,647.74 1 1
github.com/muety/wakapi/config/config.go:647.74,649.3 1 0
github.com/muety/wakapi/config/config.go:650.2,650.95 1 1
github.com/muety/wakapi/config/config.go:650.95,652.3 1 0
github.com/muety/wakapi/config/config.go:653.2,653.156 1 1
github.com/muety/wakapi/config/config.go:653.156,655.3 1 0
github.com/muety/wakapi/config/config.go:656.2,656.165 1 1
github.com/muety/wakapi/config/config.go:656.165,658.3 1 0
github.com/muety/wakapi/config/config.go:659.2,659.57 1 1
github.com/muety/wakapi/config/config.go:659.57,660.45 1 1
github.com/muety/wakapi/config/config.go:660.45,662.4 1 0
github.com/muety/wakapi/config/config.go:665.2,667.78 2 1
github.com/muety/wakapi/config/config.go:667.78,669.3 1 0
github.com/muety/wakapi/config/config.go:670.2,670.81 1 1
github.com/muety/wakapi/config/config.go:670.81,672.3 1 0
github.com/muety/wakapi/config/config.go:673.2,673.66 1 1
github.com/muety/wakapi/config/config.go:673.66,674.48 1 1
github.com/muety/wakapi/config/config.go:674.48,676.4 1 0
github.com/muety/wakapi/config/config.go:680.2,680.76 1 1
github.com/muety/wakapi/config/config.go:680.76,682.3 1 0
github.com/muety/wakapi/config/config.go:685.2,685.55 1 1
github.com/muety/wakapi/config/config.go:685.55,687.3 1 0
github.com/muety/wakapi/config/config.go:688.2,688.56 1 1
github.com/muety/wakapi/config/config.go:688.56,690.3 1 0
github.com/muety/wakapi/config/config.go:691.2,691.65 1 1
github.com/muety/wakapi/config/config.go:691.65,693.3 1 0
github.com/muety/wakapi/config/config.go:695.2,700.14 3 1
github.com/muety/wakapi/config/config.go:703.22,713.2 1 0
github.com/muety/wakapi/config/config.go:715.38,718.2 2 0
github.com/muety/wakapi/config/config.go:720.40,722.50 1 1
github.com/muety/wakapi/config/config.go:722.50,725.3 2 1
github.com/muety/wakapi/config/config.go:728.22,740.33 2 1
github.com/muety/wakapi/config/config.go:740.33,745.69 3 1
github.com/muety/wakapi/config/config.go:745.69,749.135 3 1
github.com/muety/wakapi/config/config.go:749.135,752.5 2 0
github.com/muety/wakapi/config/config.go:753.4,753.18 1 1
github.com/muety/wakapi/config/db.go:53.50,54.19 1 0
github.com/muety/wakapi/config/db.go:55.23,59.5 1 0
github.com/muety/wakapi/config/db.go:60.26,63.5 1 0
github.com/muety/wakapi/config/db.go:64.24,65.48 1 0
github.com/muety/wakapi/config/db.go:68.2,68.12 1 0
github.com/muety/wakapi/config/db.go:71.53,72.25 1 1
github.com/muety/wakapi/config/db.go:72.25,74.3 1 0
github.com/muety/wakapi/config/db.go:76.2,78.25 2 1
github.com/muety/wakapi/config/db.go:78.25,80.3 1 1
github.com/muety/wakapi/config/db.go:82.2,90.3 1 1
github.com/muety/wakapi/config/db.go:93.56,94.25 1 1
github.com/muety/wakapi/config/db.go:94.25,96.3 1 0
github.com/muety/wakapi/config/db.go:98.2,99.16 2 1
github.com/muety/wakapi/config/db.go:99.16,101.3 1 0
github.com/muety/wakapi/config/db.go:106.2,113.3 1 1
github.com/muety/wakapi/config/db.go:116.54,118.2 1 1
github.com/muety/wakapi/config/db_opts.go:11.56,13.2 1 0
github.com/muety/wakapi/config/db_opts.go:15.59,17.2 1 0
github.com/muety/wakapi/config/db_opts.go:19.61,21.39 1 0
github.com/muety/wakapi/config/db_opts.go:21.39,23.100 1 0
github.com/muety/wakapi/config/db_opts.go:23.100,25.4 1 0
github.com/muety/wakapi/config/db_opts.go:28.2,28.30 1 0
github.com/muety/wakapi/config/db_opts.go:28.30,29.68 1 0
github.com/muety/wakapi/config/db_opts.go:29.68,31.4 1 0
github.com/muety/wakapi/config/db_opts.go:34.2,34.12 1 0
github.com/muety/wakapi/config/eventbus.go:30.13,32.2 1 1
github.com/muety/wakapi/config/eventbus.go:34.26,36.2 1 0
github.com/muety/wakapi/config/fs.go:9.56,10.19 1 0
github.com/muety/wakapi/config/fs.go:10.19,11.46 1 0
github.com/muety/wakapi/config/fs.go:11.46,13.4 1 0
github.com/muety/wakapi/config/fs.go:14.3,14.98 1 0
github.com/muety/wakapi/config/fs.go:16.2,16.19 1 0
github.com/muety/wakapi/config/jobqueue.go:29.13,31.2 1 1
github.com/muety/wakapi/config/jobqueue.go:33.18,41.2 7 0
github.com/muety/wakapi/config/jobqueue.go:43.48,44.34 1 0
github.com/muety/wakapi/config/jobqueue.go:44.34,46.3 1 0
github.com/muety/wakapi/config/jobqueue.go:47.2,50.12 4 0
github.com/muety/wakapi/config/jobqueue.go:53.44,55.2 1 0
github.com/muety/wakapi/config/jobqueue.go:57.48,58.35 1 0
github.com/muety/wakapi/config/jobqueue.go:58.35,60.3 1 0
github.com/muety/wakapi/config/jobqueue.go:61.2,61.24 1 0
github.com/muety/wakapi/config/jobqueue.go:64.43,66.37 2 0
github.com/muety/wakapi/config/jobqueue.go:66.37,72.3 1 0
github.com/muety/wakapi/config/jobqueue.go:73.2,73.16 1 0
github.com/muety/wakapi/config/jobqueue.go:76.20,77.30 1 0
github.com/muety/wakapi/config/jobqueue.go:77.30,79.3 1 0
github.com/muety/wakapi/config/key_utils.go:10.58,14.44 2 1
github.com/muety/wakapi/config/key_utils.go:14.44,16.17 2 1
github.com/muety/wakapi/config/key_utils.go:16.17,18.4 1 0
github.com/muety/wakapi/config/key_utils.go:19.3,22.17 3 1
github.com/muety/wakapi/config/key_utils.go:22.17,24.4 1 0
github.com/muety/wakapi/config/key_utils.go:25.3,25.46 1 1
github.com/muety/wakapi/config/key_utils.go:29.2,30.16 2 0
github.com/muety/wakapi/config/key_utils.go:30.16,32.3 1 0
github.com/muety/wakapi/config/key_utils.go:33.2,36.51 3 0
github.com/muety/wakapi/config/key_utils.go:36.51,38.3 1 0
github.com/muety/wakapi/config/key_utils.go:39.2,39.45 1 0
github.com/muety/wakapi/config/logging.go:9.29,11.11 2 1
github.com/muety/wakapi/config/logging.go:11.11,13.3 1 1
github.com/muety/wakapi/config/logging.go:13.8,16.62 1 0
github.com/muety/wakapi/config/logging.go:16.62,17.44 1 0
github.com/muety/wakapi/config/logging.go:17.44,21.6 1 0
github.com/muety/wakapi/config/logging.go:22.5,22.13 1 0
github.com/muety/wakapi/config/logging.go:25.2,25.36 1 1
github.com/muety/wakapi/config/oidc.go:32.46,34.2 1 0
github.com/muety/wakapi/config/oidc.go:36.45,38.2 1 0
github.com/muety/wakapi/config/oidc.go:40.48,42.62 1 0
github.com/muety/wakapi/config/oidc.go:42.62,44.3 1 0
github.com/muety/wakapi/config/oidc.go:45.2,45.53 1 0
github.com/muety/wakapi/config/oidc.go:45.53,47.3 1 0
github.com/muety/wakapi/config/oidc.go:48.2,48.52 1 0
github.com/muety/wakapi/config/oidc.go:48.52,50.3 1 0
github.com/muety/wakapi/config/oidc.go:51.2,51.11 1 0
github.com/muety/wakapi/config/oidc.go:56.60,60.16 3 1
github.com/muety/wakapi/config/oidc.go:60.16,63.3 2 0
github.com/muety/wakapi/config/oidc.go:65.2,78.3 2 1
github.com/muety/wakapi/config/oidc.go:81.58,83.9 2 1
github.com/muety/wakapi/config/oidc.go:83.9,85.3 1 0
github.com/muety/wakapi/config/oidc.go:86.2,86.22 1 1
github.com/muety/wakapi/config/oidc.go:89.53,92.2 2 0
github.com/muety/wakapi/config/sentry.go:27.26,29.16 2 1
github.com/muety/wakapi/config/sentry.go:29.16,31.3 1 1
github.com/muety/wakapi/config/sentry.go:33.2,33.136 1 1
github.com/muety/wakapi/config/sentry.go:33.136,35.30 2 0
github.com/muety/wakapi/config/sentry.go:35.30,36.29 1 0
github.com/muety/wakapi/config/sentry.go:36.29,38.5 1 0
github.com/muety/wakapi/config/sentry.go:40.3,40.24 1 0
github.com/muety/wakapi/config/sentry.go:43.2,48.4 1 1
github.com/muety/wakapi/config/sentry.go:51.26,53.25 1 1
github.com/muety/wakapi/config/sentry.go:53.25,55.3 1 1
github.com/muety/wakapi/config/sentry.go:56.2,57.21 2 1
github.com/muety/wakapi/config/sentry.go:60.55,64.2 3 0
github.com/muety/wakapi/config/sentry.go:66.63,69.39 3 0
github.com/muety/wakapi/config/sentry.go:69.39,71.3 1 0
github.com/muety/wakapi/config/sentry.go:72.2,72.11 1 0
github.com/muety/wakapi/config/sentry.go:83.73,91.59 1 0
github.com/muety/wakapi/config/sentry.go:91.59,93.38 2 0
github.com/muety/wakapi/config/sentry.go:93.38,94.38 1 0
github.com/muety/wakapi/config/sentry.go:94.38,96.6 1 0
github.com/muety/wakapi/config/sentry.go:98.4,98.50 1 0
github.com/muety/wakapi/config/sentry.go:98.50,100.5 1 0
github.com/muety/wakapi/config/sentry.go:101.4,101.37 1 0
github.com/muety/wakapi/config/sentry.go:103.79,106.4 1 0
github.com/muety/wakapi/config/sentry.go:107.17,109.3 1 0
github.com/muety/wakapi/config/sentry.go:113.43,115.23 2 0
github.com/muety/wakapi/config/sentry.go:115.23,118.3 2 0
github.com/muety/wakapi/config/sentry.go:119.2,120.16 2 0
github.com/muety/wakapi/config/sentry.go:120.16,122.3 1 0
github.com/muety/wakapi/config/sentry.go:123.2,123.21 1 0
github.com/muety/wakapi/config/session.go:13.46,19.36 2 0
github.com/muety/wakapi/config/session.go:19.36,22.3 2 0
github.com/muety/wakapi/config/session.go:24.2,24.14 1 0
github.com/muety/wakapi/config/session.go:27.46,28.25 1 0
github.com/muety/wakapi/config/session.go:28.25,30.3 1 0
github.com/muety/wakapi/config/session.go:31.2,31.21 1 0
github.com/muety/wakapi/config/shared_data.go:18.34,20.2 1 0
github.com/muety/wakapi/config/testutils.go:3.89,13.2 4 0
github.com/muety/wakapi/lib/concurrent_map.go:10.67,14.2 1 0
github.com/muety/wakapi/lib/concurrent_map.go:16.51,20.2 3 0
github.com/muety/wakapi/lib/concurrent_map.go:22.52,27.2 4 0
github.com/muety/wakapi/lib/concurrent_map.go:29.48,32.2 2 0
github.com/muety/wakapi/lib/concurrent_map.go:34.45,38.2 3 0
github.com/muety/wakapi/lib/concurrent_map.go:40.41,44.2 3 0
github.com/muety/wakapi/main.go:115.13,120.18 4 0
github.com/muety/wakapi/main.go:120.18,123.3 2 0
github.com/muety/wakapi/main.go:124.2,149.16 8 0
github.com/muety/wakapi/main.go:149.16,151.3 1 0
github.com/muety/wakapi/main.go:153.2,153.20 1 0
github.com/muety/wakapi/main.go:153.20,155.3 1 0
github.com/muety/wakapi/main.go:156.2,157.16 2 0
github.com/muety/wakapi/main.go:157.16,159.3 1 0
github.com/muety/wakapi/main.go:160.2,165.28 4 0
github.com/muety/wakapi/main.go:165.28,167.3 1 0
github.com/muety/wakapi/main.go:170.2,201.35 29 0
github.com/muety/wakapi/main.go:201.35,203.3 1 0
github.com/muety/wakapi/main.go:206.2,212.35 6 0
github.com/muety/wakapi/main.go:212.35,214.3 1 0
github.com/muety/wakapi/main.go:216.2,273.29 35 0
github.com/muety/wakapi/main.go:273.29,275.3 1 0
github.com/muety/wakapi/main.go:278.2,329.21 41 0
github.com/muety/wakapi/main.go:329.21,331.3 1 0
github.com/muety/wakapi/main.go:332.2,339.24 6 0
github.com/muety/wakapi/main.go:339.24,341.13 2 0
github.com/muety/wakapi/main.go:341.13,343.4 1 0
github.com/muety/wakapi/main.go:347.2,347.16 1 0
github.com/muety/wakapi/main.go:350.35,354.71 2 0
github.com/muety/wakapi/main.go:354.71,362.3 2 0
github.com/muety/wakapi/main.go:365.2,365.71 1 0
github.com/muety/wakapi/main.go:365.71,373.3 2 0
github.com/muety/wakapi/main.go:376.2,376.75 1 0
github.com/muety/wakapi/main.go:376.75,378.64 1 0
github.com/muety/wakapi/main.go:378.64,380.64 2 0
github.com/muety/wakapi/main.go:380.64,382.5 1 0
github.com/muety/wakapi/main.go:384.3,388.4 1 0
github.com/muety/wakapi/main.go:391.2,391.21 1 0
github.com/muety/wakapi/main.go:391.21,392.61 1 0
github.com/muety/wakapi/main.go:392.61,394.14 2 0
github.com/muety/wakapi/main.go:394.14,395.101 1 0
github.com/muety/wakapi/main.go:395.101,397.19 2 0
github.com/muety/wakapi/main.go:397.19,399.7 1 0
github.com/muety/wakapi/main.go:400.6,400.27 1 0
github.com/muety/wakapi/main.go:404.3,404.16 1 0
github.com/muety/wakapi/main.go:404.16,406.14 2 0
github.com/muety/wakapi/main.go:406.14,407.101 1 0
github.com/muety/wakapi/main.go:407.101,409.6 1 0
github.com/muety/wakapi/main.go:412.3,412.21 1 0
github.com/muety/wakapi/main.go:412.21,414.14 2 0
github.com/muety/wakapi/main.go:414.14,416.19 2 0
github.com/muety/wakapi/main.go:416.19,418.6 1 0
github.com/muety/wakapi/main.go:419.5,419.109 1 0
github.com/muety/wakapi/main.go:419.109,421.6 1 0
github.com/muety/wakapi/main.go:422.5,422.111 1 0
github.com/muety/wakapi/main.go:422.111,424.6 1 0
github.com/muety/wakapi/main.go:427.8,428.61 1 0
github.com/muety/wakapi/main.go:428.61,430.14 2 0
github.com/muety/wakapi/main.go:430.14,431.47 1 0
github.com/muety/wakapi/main.go:431.47,433.19 2 0
github.com/muety/wakapi/main.go:433.19,435.7 1 0
github.com/muety/wakapi/main.go:436.6,436.27 1 0
github.com/muety/wakapi/main.go:440.3,440.16 1 0
github.com/muety/wakapi/main.go:440.16,442.14 2 0
github.com/muety/wakapi/main.go:442.14,443.47 1 0
github.com/muety/wakapi/main.go:443.47,445.6 1 0
github.com/muety/wakapi/main.go:448.3,448.21 1 0
github.com/muety/wakapi/main.go:448.21,450.14 2 0
github.com/muety/wakapi/main.go:450.14,452.19 2 0
github.com/muety/wakapi/main.go:452.19,454.6 1 0
github.com/muety/wakapi/main.go:455.5,455.109 1 0
github.com/muety/wakapi/main.go:455.109,457.6 1 0
github.com/muety/wakapi/main.go:458.5,458.55 1 0
github.com/muety/wakapi/main.go:458.55,460.6 1 0
github.com/muety/wakapi/main.go:465.2,465.29 1 0
github.com/muety/wakapi/middlewares/authenticate.go:40.91,48.2 1 1
github.com/muety/wakapi/middlewares/authenticate.go:50.91,53.2 2 0
github.com/muety/wakapi/middlewares/authenticate.go:55.100,58.2 2 0
github.com/muety/wakapi/middlewares/authenticate.go:60.90,63.2 2 0
github.com/muety/wakapi/middlewares/authenticate.go:65.99,68.2 2 0
github.com/muety/wakapi/middlewares/authenticate.go:70.101,73.2 2 1
github.com/muety/wakapi/middlewares/authenticate.go:75.71,76.71 1 0
github.com/muety/wakapi/middlewares/authenticate.go:76.71,78.3 1 0
github.com/muety/wakapi/middlewares/authenticate.go:81.107,84.27 2 0
github.com/muety/wakapi/middlewares/authenticate.go:84.27,88.3 1 0
github.com/muety/wakapi/middlewares/authenticate.go:90.2,91.16 2 0
github.com/muety/wakapi/middlewares/authenticate.go:91.16,93.3 1 0
github.com/muety/wakapi/middlewares/authenticate.go:94.2,94.16 1 0
github.com/muety/wakapi/middlewares/authenticate.go:94.16,96.3 1 0
github.com/muety/wakapi/middlewares/authenticate.go:97.2,97.55 1 0
github.com/muety/wakapi/middlewares/authenticate.go:97.55,99.3 1 0
github.com/muety/wakapi/middlewares/authenticate.go:101.2,101.31 1 0
github.com/muety/wakapi/middlewares/authenticate.go:101.31,102.22 1 0
github.com/muety/wakapi/middlewares/authenticate.go:102.22,105.4 2 0
github.com/muety/wakapi/middlewares/authenticate.go:107.3,107.29 1 0
github.com/muety/wakapi/middlewares/authenticate.go:107.29,110.4 2 0
github.com/muety/wakapi/middlewares/authenticate.go:110.9,111.36 1 0
github.com/muety/wakapi/middlewares/authenticate.go:111.36,115.5 3 0
github.com/muety/wakapi/middlewares/authenticate.go:116.4,117.59 2 0
github.com/muety/wakapi/middlewares/authenticate.go:119.3,119.9 1 0
github.com/muety/wakapi/middlewares/authenticate.go:122.2,123.12 2 0
github.com/muety/wakapi/middlewares/authenticate.go:126.67,127.39 1 0
github.com/muety/wakapi/middlewares/authenticate.go:127.39,128.58 1 0
github.com/muety/wakapi/middlewares/authenticate.go:128.58,130.4 1 0
github.com/muety/wakapi/middlewares/authenticate.go:132.2,132.41 1 0
github.com/muety/wakapi/middlewares/authenticate.go:132.41,133.37 1 0
github.com/muety/wakapi/middlewares/authenticate.go:133.37,135.4 1 0
github.com/muety/wakapi/middlewares/authenticate.go:137.2,137.14 1 0
github.com/muety/wakapi/middlewares/authenticate.go:140.98,142.16 2 1
github.com/muety/wakapi/middlewares/authenticate.go:142.16,144.3 1 1
github.com/muety/wakapi/middlewares/authenticate.go:146.2,149.16 4 1
github.com/muety/wakapi/middlewares/authenticate.go:149.16,151.3 1 1
github.com/muety/wakapi/middlewares/authenticate.go:152.2,152.18 1 1
github.com/muety/wakapi/middlewares/authenticate.go:155.97,159.19 4 1
github.com/muety/wakapi/middlewares/authenticate.go:159.19,161.3 1 1
github.com/muety/wakapi/middlewares/authenticate.go:162.2,163.16 2 1
github.com/muety/wakapi/middlewares/authenticate.go:163.16,165.3 1 0
github.com/muety/wakapi/middlewares/authenticate.go:166.2,166.18 1 1
github.com/muety/wakapi/middlewares/authenticate.go:169.112,170.42 1 1
github.com/muety/wakapi/middlewares/authenticate.go:170.42,172.3 1 1
github.com/muety/wakapi/middlewares/authenticate.go:173.2,176.22 3 1
github.com/muety/wakapi/middlewares/authenticate.go:176.22,178.3 1 0
github.com/muety/wakapi/middlewares/authenticate.go:179.2,179.170 1 1
github.com/muety/wakapi/middlewares/authenticate.go:179.170,181.3 1 1
github.com/muety/wakapi/middlewares/authenticate.go:181.5,183.3 1 1
github.com/muety/wakapi/middlewares/authenticate.go:185.2,186.16 2 1
github.com/muety/wakapi/middlewares/authenticate.go:186.16,188.3 1 1
github.com/muety/wakapi/middlewares/authenticate.go:190.2,190.50 1 1
github.com/muety/wakapi/middlewares/authenticate.go:190.50,192.3 1 1
github.com/muety/wakapi/middlewares/authenticate.go:195.2,201.68 3 1
github.com/muety/wakapi/middlewares/authenticate.go:201.68,203.3 1 0
github.com/muety/wakapi/middlewares/authenticate.go:204.2,204.43 1 1
github.com/muety/wakapi/middlewares/authenticate.go:207.92,209.16 2 0
github.com/muety/wakapi/middlewares/authenticate.go:209.16,211.3 1 0
github.com/muety/wakapi/middlewares/authenticate.go:213.2,214.16 2 0
github.com/muety/wakapi/middlewares/authenticate.go:214.16,216.3 1 0
github.com/muety/wakapi/middlewares/authenticate.go:221.2,221.18 1 0
github.com/muety/wakapi/middlewares/authenticate.go:226.93,228.20 2 1
github.com/muety/wakapi/middlewares/authenticate.go:228.20,230.3 1 1
github.com/muety/wakapi/middlewares/authenticate.go:232.2,232.24 1 1
github.com/muety/wakapi/middlewares/authenticate.go:232.24,234.17 2 1
github.com/muety/wakapi/middlewares/authenticate.go:234.17,237.4 2 0
github.com/muety/wakapi/middlewares/authenticate.go:239.3,239.85 1 1
github.com/muety/wakapi/middlewares/authenticate.go:239.85,242.4 2 1
github.com/muety/wakapi/middlewares/authenticate.go:244.3,246.14 3 1
github.com/muety/wakapi/middlewares/authenticate.go:249.2,249.14 1 1
github.com/muety/wakapi/middlewares/filetype.go:13.83,14.43 1 0
github.com/muety/wakapi/middlewares/filetype.go:14.43,19.3 1 0
github.com/muety/wakapi/middlewares/filetype.go:22.84,24.34 2 0
github.com/muety/wakapi/middlewares/filetype.go:24.34,25.50 1 0
github.com/muety/wakapi/middlewares/filetype.go:25.50,29.4 3 0
github.com/muety/wakapi/middlewares/filetype.go:31.2,31.27 1 0
github.com/muety/wakapi/middlewares/logging.go:21.102,22.43 1 0
github.com/muety/wakapi/middlewares/logging.go:22.43,28.3 1 0
github.com/muety/wakapi/middlewares/logging.go:31.80,40.44 7 0
github.com/muety/wakapi/middlewares/logging.go:40.44,41.38 1 0
github.com/muety/wakapi/middlewares/logging.go:41.38,43.4 1 0
github.com/muety/wakapi/middlewares/logging.go:46.2,54.3 1 0
github.com/muety/wakapi/middlewares/logging.go:57.41,59.14 2 0
github.com/muety/wakapi/middlewares/logging.go:59.14,61.3 1 0
github.com/muety/wakapi/middlewares/logging.go:62.2,62.14 1 0
github.com/muety/wakapi/middlewares/logging.go:62.14,64.3 1 0
github.com/muety/wakapi/middlewares/logging.go:65.2,65.11 1 0
github.com/muety/wakapi/middlewares/logging.go:68.41,69.42 1 0
github.com/muety/wakapi/middlewares/logging.go:69.42,71.3 1 0
github.com/muety/wakapi/middlewares/logging.go:72.2,72.12 1 0
github.com/muety/wakapi/middlewares/logging.go:103.52,105.2 1 0
github.com/muety/wakapi/middlewares/logging.go:117.45,118.20 1 0
github.com/muety/wakapi/middlewares/logging.go:118.20,122.3 3 0
github.com/muety/wakapi/middlewares/logging.go:124.54,127.18 3 0
github.com/muety/wakapi/middlewares/logging.go:127.18,130.17 2 0
github.com/muety/wakapi/middlewares/logging.go:130.17,132.4 1 0
github.com/muety/wakapi/middlewares/logging.go:134.2,135.15 2 0
github.com/muety/wakapi/middlewares/logging.go:137.42,138.20 1 0
github.com/muety/wakapi/middlewares/logging.go:138.20,140.3 1 0
github.com/muety/wakapi/middlewares/logging.go:142.36,144.2 1 0
github.com/muety/wakapi/middlewares/logging.go:145.42,147.2 1 0
github.com/muety/wakapi/middlewares/logging.go:148.40,150.2 1 0
github.com/muety/wakapi/middlewares/logging.go:151.52,153.2 1 0
github.com/muety/wakapi/middlewares/principal.go:10.55,12.2 1 0
github.com/muety/wakapi/middlewares/principal.go:14.49,16.2 1 0
github.com/muety/wakapi/middlewares/security.go:19.62,20.43 1 0
github.com/muety/wakapi/middlewares/security.go:20.43,22.3 1 0
github.com/muety/wakapi/middlewares/security.go:25.80,26.36 1 0
github.com/muety/wakapi/middlewares/security.go:26.36,27.30 1 0
github.com/muety/wakapi/middlewares/security.go:27.30,29.4 1 0
github.com/muety/wakapi/middlewares/security.go:31.2,31.27 1 0
github.com/muety/wakapi/middlewares/sentry.go:15.60,16.43 1 0
github.com/muety/wakapi/middlewares/sentry.go:16.43,20.3 1 0
github.com/muety/wakapi/middlewares/sentry.go:23.78,26.54 3 0
github.com/muety/wakapi/middlewares/sentry.go:26.54,27.43 1 0
github.com/muety/wakapi/middlewares/sentry.go:27.43,29.4 1 0
github.com/muety/wakapi/middlewares/shared_data.go:32.64,33.43 1 0
github.com/muety/wakapi/middlewares/shared_data.go:33.43,35.3 1 0
github.com/muety/wakapi/middlewares/shared_data.go:38.82,42.2 3 0
github.com/muety/wakapi/migrations/20201103_rename_language_mappings_table.go:10.13,13.50 1 0
github.com/muety/wakapi/migrations/20201103_rename_language_mappings_table.go:13.50,18.39 4 0
github.com/muety/wakapi/migrations/20201103_rename_language_mappings_table.go:18.39,20.89 2 0
github.com/muety/wakapi/migrations/20201103_rename_language_mappings_table.go:20.89,22.6 1 0
github.com/muety/wakapi/migrations/20201103_rename_language_mappings_table.go:24.5,25.87 2 0
github.com/muety/wakapi/migrations/20201103_rename_language_mappings_table.go:27.4,27.14 1 0
github.com/muety/wakapi/migrations/20201103_rename_language_mappings_table.go:31.2,31.25 1 0
github.com/muety/wakapi/migrations/20201106_migration_cascade_constraints.go:10.13,15.50 2 0
github.com/muety/wakapi/migrations/20201106_migration_cascade_constraints.go:15.50,21.49 2 0
github.com/muety/wakapi/migrations/20201106_migration_cascade_constraints.go:21.49,27.5 2 0
github.com/muety/wakapi/migrations/20201106_migration_cascade_constraints.go:29.4,29.52 1 0
github.com/muety/wakapi/migrations/20201106_migration_cascade_constraints.go:29.52,32.5 2 0
github.com/muety/wakapi/migrations/20201106_migration_cascade_constraints.go:34.4,34.24 1 0
github.com/muety/wakapi/migrations/20201106_migration_cascade_constraints.go:34.24,36.5 1 0
github.com/muety/wakapi/migrations/20201106_migration_cascade_constraints.go:39.4,52.41 2 0
github.com/muety/wakapi/migrations/20201106_migration_cascade_constraints.go:52.41,53.44 1 0
github.com/muety/wakapi/migrations/20201106_migration_cascade_constraints.go:53.44,55.65 2 0
github.com/muety/wakapi/migrations/20201106_migration_cascade_constraints.go:55.65,57.7 1 0
github.com/muety/wakapi/migrations/20201106_migration_cascade_constraints.go:61.4,62.14 2 0
github.com/muety/wakapi/migrations/20201106_migration_cascade_constraints.go:66.2,66.25 1 0
github.com/muety/wakapi/migrations/20210202_fix_cascade_for_alias_user_constraint.go:10.13,15.50 2 0
github.com/muety/wakapi/migrations/20210202_fix_cascade_for_alias_user_constraint.go:15.50,18.49 2 0
github.com/muety/wakapi/migrations/20210202_fix_cascade_for_alias_user_constraint.go:18.49,22.5 2 0
github.com/muety/wakapi/migrations/20210202_fix_cascade_for_alias_user_constraint.go:24.4,24.52 1 0
github.com/muety/wakapi/migrations/20210202_fix_cascade_for_alias_user_constraint.go:24.52,27.5 2 0
github.com/muety/wakapi/migrations/20210202_fix_cascade_for_alias_user_constraint.go:29.4,29.24 1 0
github.com/muety/wakapi/migrations/20210202_fix_cascade_for_alias_user_constraint.go:29.24,31.5 1 0
github.com/muety/wakapi/migrations/20210202_fix_cascade_for_alias_user_constraint.go:33.4,33.66 1 0
github.com/muety/wakapi/migrations/20210202_fix_cascade_for_alias_user_constraint.go:33.66,35.87 2 0
github.com/muety/wakapi/migrations/20210202_fix_cascade_for_alias_user_constraint.go:35.87,37.6 1 0
github.com/muety/wakapi/migrations/20210202_fix_cascade_for_alias_user_constraint.go:40.4,41.14 2 0
github.com/muety/wakapi/migrations/20210202_fix_cascade_for_alias_user_constraint.go:45.2,45.25 1 0
github.com/muety/wakapi/migrations/20210206_drop_badges_column_add_sharing_flags.go:10.13,13.50 1 0
github.com/muety/wakapi/migrations/20210206_drop_badges_column_add_sharing_flags.go:13.50,16.61 2 0
github.com/muety/wakapi/migrations/20210206_drop_badges_column_add_sharing_flags.go:16.61,19.5 1 0
github.com/muety/wakapi/migrations/20210206_drop_badges_column_add_sharing_flags.go:21.4,21.113 1 0
github.com/muety/wakapi/migrations/20210206_drop_badges_column_add_sharing_flags.go:21.113,23.5 1 0
github.com/muety/wakapi/migrations/20210206_drop_badges_column_add_sharing_flags.go:24.4,24.109 1 0
github.com/muety/wakapi/migrations/20210206_drop_badges_column_add_sharing_flags.go:24.109,26.5 1 0
github.com/muety/wakapi/migrations/20210206_drop_badges_column_add_sharing_flags.go:27.4,27.111 1 0
github.com/muety/wakapi/migrations/20210206_drop_badges_column_add_sharing_flags.go:27.111,29.5 1 0
github.com/muety/wakapi/migrations/20210206_drop_badges_column_add_sharing_flags.go:30.4,30.110 1 0
github.com/muety/wakapi/migrations/20210206_drop_badges_column_add_sharing_flags.go:30.110,32.5 1 0
github.com/muety/wakapi/migrations/20210206_drop_badges_column_add_sharing_flags.go:33.4,33.105 1 0
github.com/muety/wakapi/migrations/20210206_drop_badges_column_add_sharing_flags.go:33.105,35.5 1 0
github.com/muety/wakapi/migrations/20210206_drop_badges_column_add_sharing_flags.go:36.4,36.110 1 0
github.com/muety/wakapi/migrations/20210206_drop_badges_column_add_sharing_flags.go:36.110,38.5 1 0
github.com/muety/wakapi/migrations/20210206_drop_badges_column_add_sharing_flags.go:40.4,40.49 1 0
github.com/muety/wakapi/migrations/20210206_drop_badges_column_add_sharing_flags.go:40.49,43.5 2 0
github.com/muety/wakapi/migrations/20210206_drop_badges_column_add_sharing_flags.go:45.4,45.80 1 0
github.com/muety/wakapi/migrations/20210206_drop_badges_column_add_sharing_flags.go:45.80,47.5 1 0
github.com/muety/wakapi/migrations/20210206_drop_badges_column_add_sharing_flags.go:48.4,50.14 2 0
github.com/muety/wakapi/migrations/20210206_drop_badges_column_add_sharing_flags.go:54.2,54.26 1 0
github.com/muety/wakapi/migrations/20210213_add_has_data_field.go:8.13,12.50 2 0
github.com/muety/wakapi/migrations/20210213_add_has_data_field.go:12.50,13.24 1 0
github.com/muety/wakapi/migrations/20210213_add_has_data_field.go:13.24,15.5 1 0
github.com/muety/wakapi/migrations/20210213_add_has_data_field.go:17.4,19.24 2 0
github.com/muety/wakapi/migrations/20210213_add_has_data_field.go:19.24,21.5 1 0
github.com/muety/wakapi/migrations/20210213_add_has_data_field.go:23.4,23.51 1 0
github.com/muety/wakapi/migrations/20210213_add_has_data_field.go:23.51,25.5 1 0
github.com/muety/wakapi/migrations/20210213_add_has_data_field.go:27.4,28.14 2 0
github.com/muety/wakapi/migrations/20210213_add_has_data_field.go:32.2,32.26 1 0
github.com/muety/wakapi/migrations/20210221_add_created_date_column.go:8.13,12.50 2 0
github.com/muety/wakapi/migrations/20210221_add_created_date_column.go:12.50,13.24 1 0
github.com/muety/wakapi/migrations/20210221_add_created_date_column.go:13.24,15.5 1 0
github.com/muety/wakapi/migrations/20210221_add_created_date_column.go:17.4,17.83 1 0
github.com/muety/wakapi/migrations/20210221_add_created_date_column.go:17.83,19.5 1 0
github.com/muety/wakapi/migrations/20210221_add_created_date_column.go:21.4,22.14 2 0
github.com/muety/wakapi/migrations/20210221_add_created_date_column.go:26.2,26.26 1 0
github.com/muety/wakapi/migrations/20210411_add_imprint_content.go:11.13,15.50 2 0
github.com/muety/wakapi/migrations/20210411_add_imprint_content.go:15.50,16.24 1 0
github.com/muety/wakapi/migrations/20210411_add_imprint_content.go:16.24,18.5 1 0
github.com/muety/wakapi/migrations/20210411_add_imprint_content.go:20.4,27.41 3 0
github.com/muety/wakapi/migrations/20210411_add_imprint_content.go:27.41,29.5 1 0
github.com/muety/wakapi/migrations/20210411_add_imprint_content.go:31.4,32.14 2 0
github.com/muety/wakapi/migrations/20210411_add_imprint_content.go:36.2,36.26 1 0
github.com/muety/wakapi/migrations/20210411_drop_migrations_table.go:9.13,13.50 2 0
github.com/muety/wakapi/migrations/20210411_drop_migrations_table.go:13.50,14.69 1 0
github.com/muety/wakapi/migrations/20210411_drop_migrations_table.go:14.69,16.5 1 0
github.com/muety/wakapi/migrations/20210411_drop_migrations_table.go:17.4,17.14 1 0
github.com/muety/wakapi/migrations/20210411_drop_migrations_table.go:21.2,21.26 1 0
github.com/muety/wakapi/migrations/20210806_remove_persisted_project_labels.go:11.13,15.50 2 0
github.com/muety/wakapi/migrations/20210806_remove_persisted_project_labels.go:15.50,16.24 1 0
github.com/muety/wakapi/migrations/20210806_remove_persisted_project_labels.go:16.24,18.5 1 0
github.com/muety/wakapi/migrations/20210806_remove_persisted_project_labels.go:20.4,21.18 2 0
github.com/muety/wakapi/migrations/20210806_remove_persisted_project_labels.go:21.18,24.5 2 0
github.com/muety/wakapi/migrations/20210806_remove_persisted_project_labels.go:25.4,25.119 1 0
github.com/muety/wakapi/migrations/20210806_remove_persisted_project_labels.go:25.119,28.5 2 0
github.com/muety/wakapi/migrations/20210806_remove_persisted_project_labels.go:29.4,32.14 3 0
github.com/muety/wakapi/migrations/20210806_remove_persisted_project_labels.go:36.2,36.26 1 0
github.com/muety/wakapi/migrations/20211215_migrate_id_to_bigint.go:9.13,13.50 2 0
github.com/muety/wakapi/migrations/20211215_migrate_id_to_bigint.go:13.50,14.24 1 0
github.com/muety/wakapi/migrations/20211215_migrate_id_to_bigint.go:14.24,16.5 1 0
github.com/muety/wakapi/migrations/20211215_migrate_id_to_bigint.go:18.4,20.24 2 0
github.com/muety/wakapi/migrations/20211215_migrate_id_to_bigint.go:20.24,22.115 2 0
github.com/muety/wakapi/migrations/20211215_migrate_id_to_bigint.go:22.115,24.6 1 0
github.com/muety/wakapi/migrations/20211215_migrate_id_to_bigint.go:25.5,25.118 1 0
github.com/muety/wakapi/migrations/20211215_migrate_id_to_bigint.go:25.118,27.6 1 0
github.com/muety/wakapi/migrations/20211215_migrate_id_to_bigint.go:28.5,28.16 1 0
github.com/muety/wakapi/migrations/20211215_migrate_id_to_bigint.go:29.10,29.34 1 0
github.com/muety/wakapi/migrations/20211215_migrate_id_to_bigint.go:29.34,33.95 2 0
github.com/muety/wakapi/migrations/20211215_migrate_id_to_bigint.go:33.95,35.6 1 0
github.com/muety/wakapi/migrations/20211215_migrate_id_to_bigint.go:36.5,36.98 1 0
github.com/muety/wakapi/migrations/20211215_migrate_id_to_bigint.go:36.98,38.6 1 0
github.com/muety/wakapi/migrations/20211215_migrate_id_to_bigint.go:39.5,39.16 1 0
github.com/muety/wakapi/migrations/20211215_migrate_id_to_bigint.go:40.10,44.5 1 0
github.com/muety/wakapi/migrations/20211215_migrate_id_to_bigint.go:46.4,47.14 2 0
github.com/muety/wakapi/migrations/20211215_migrate_id_to_bigint.go:51.2,51.26 1 0
github.com/muety/wakapi/migrations/20212212_total_summary_heartbeats.go:11.13,15.50 2 0
github.com/muety/wakapi/migrations/20212212_total_summary_heartbeats.go:15.50,16.24 1 0
github.com/muety/wakapi/migrations/20212212_total_summary_heartbeats.go:16.24,18.5 1 0
github.com/muety/wakapi/migrations/20212212_total_summary_heartbeats.go:20.4,27.40 3 0
github.com/muety/wakapi/migrations/20212212_total_summary_heartbeats.go:27.40,29.5 1 0
github.com/muety/wakapi/migrations/20212212_total_summary_heartbeats.go:31.4,32.32 2 0
github.com/muety/wakapi/migrations/20212212_total_summary_heartbeats.go:32.32,35.5 2 0
github.com/muety/wakapi/migrations/20212212_total_summary_heartbeats.go:36.4,36.44 1 0
github.com/muety/wakapi/migrations/20212212_total_summary_heartbeats.go:36.44,40.5 3 0
github.com/muety/wakapi/migrations/20212212_total_summary_heartbeats.go:42.4,43.14 2 0
github.com/muety/wakapi/migrations/20212212_total_summary_heartbeats.go:47.2,47.26 1 0
github.com/muety/wakapi/migrations/20220317_align_num_heartbeats.go:10.13,14.50 2 0
github.com/muety/wakapi/migrations/20220317_align_num_heartbeats.go:14.50,15.24 1 0
github.com/muety/wakapi/migrations/20220317_align_num_heartbeats.go:15.24,17.5 1 0
github.com/muety/wakapi/migrations/20220317_align_num_heartbeats.go:19.4,27.40 3 0
github.com/muety/wakapi/migrations/20220317_align_num_heartbeats.go:27.40,29.5 1 0
github.com/muety/wakapi/migrations/20220317_align_num_heartbeats.go:32.4,44.39 2 0
github.com/muety/wakapi/migrations/20220317_align_num_heartbeats.go:44.39,46.5 1 0
github.com/muety/wakapi/migrations/20220317_align_num_heartbeats.go:48.4,51.14 3 0
github.com/muety/wakapi/migrations/20220317_align_num_heartbeats.go:55.2,55.26 1 0
github.com/muety/wakapi/migrations/20220318_mysql_timestamp_precision.go:9.13,13.50 2 0
github.com/muety/wakapi/migrations/20220318_mysql_timestamp_precision.go:13.50,14.24 1 0
github.com/muety/wakapi/migrations/20220318_mysql_timestamp_precision.go:14.24,16.5 1 0
github.com/muety/wakapi/migrations/20220318_mysql_timestamp_precision.go:18.4,18.24 1 0
github.com/muety/wakapi/migrations/20220318_mysql_timestamp_precision.go:18.24,23.110 4 0
github.com/muety/wakapi/migrations/20220318_mysql_timestamp_precision.go:23.110,25.6 1 0
github.com/muety/wakapi/migrations/20220318_mysql_timestamp_precision.go:26.5,26.116 1 0
github.com/muety/wakapi/migrations/20220318_mysql_timestamp_precision.go:26.116,28.6 1 0
github.com/muety/wakapi/migrations/20220318_mysql_timestamp_precision.go:29.5,32.69 3 0
github.com/muety/wakapi/migrations/20220318_mysql_timestamp_precision.go:35.4,36.14 2 0
github.com/muety/wakapi/migrations/20220318_mysql_timestamp_precision.go:40.2,40.26 1 0
github.com/muety/wakapi/migrations/202203191_drop_diagnostics_user.go:10.13,14.50 2 0
github.com/muety/wakapi/migrations/202203191_drop_diagnostics_user.go:14.50,15.24 1 0
github.com/muety/wakapi/migrations/202203191_drop_diagnostics_user.go:15.24,17.5 1 0
github.com/muety/wakapi/migrations/202203191_drop_diagnostics_user.go:19.4,21.60 2 0
github.com/muety/wakapi/migrations/202203191_drop_diagnostics_user.go:21.60,24.97 2 0
github.com/muety/wakapi/migrations/202203191_drop_diagnostics_user.go:24.97,26.6 1 0
github.com/muety/wakapi/migrations/202203191_drop_diagnostics_user.go:28.5,28.81 1 0
github.com/muety/wakapi/migrations/202203191_drop_diagnostics_user.go:28.81,30.6 1 0
github.com/muety/wakapi/migrations/202203191_drop_diagnostics_user.go:33.4,34.14 2 0
github.com/muety/wakapi/migrations/202203191_drop_diagnostics_user.go:38.2,38.26 1 0
github.com/muety/wakapi/migrations/20220403_drop_user_project_idx.go:16.13,22.50 3 0
github.com/muety/wakapi/migrations/20220403_drop_user_project_idx.go:22.50,23.77 1 0
github.com/muety/wakapi/migrations/20220403_drop_user_project_idx.go:23.77,25.5 1 0
github.com/muety/wakapi/migrations/20220403_drop_user_project_idx.go:27.4,27.81 1 0
github.com/muety/wakapi/migrations/20220403_drop_user_project_idx.go:27.81,29.81 2 0
github.com/muety/wakapi/migrations/20220403_drop_user_project_idx.go:29.81,31.6 1 0
github.com/muety/wakapi/migrations/20220403_drop_user_project_idx.go:34.4,35.14 2 0
github.com/muety/wakapi/migrations/20220403_drop_user_project_idx.go:39.2,39.25 1 0
github.com/muety/wakapi/migrations/20220930_drop_heartbeats_entity_idx.go:9.13,15.50 3 0
github.com/muety/wakapi/migrations/20220930_drop_heartbeats_entity_idx.go:15.50,16.109 1 0
github.com/muety/wakapi/migrations/20220930_drop_heartbeats_entity_idx.go:16.109,18.5 1 0
github.com/muety/wakapi/migrations/20220930_drop_heartbeats_entity_idx.go:19.4,19.64 1 0
github.com/muety/wakapi/migrations/20220930_drop_heartbeats_entity_idx.go:23.2,23.25 1 0
github.com/muety/wakapi/migrations/20221002_fix_summary_id_types.go:12.13,17.50 2 0
github.com/muety/wakapi/migrations/20221002_fix_summary_id_types.go:17.50,18.48 1 0
github.com/muety/wakapi/migrations/20221002_fix_summary_id_types.go:18.48,20.5 1 0
github.com/muety/wakapi/migrations/20221002_fix_summary_id_types.go:22.4,22.100 1 0
github.com/muety/wakapi/migrations/20221002_fix_summary_id_types.go:22.100,24.5 1 0
github.com/muety/wakapi/migrations/20221002_fix_summary_id_types.go:26.4,33.42 2 0
github.com/muety/wakapi/migrations/20221002_fix_summary_id_types.go:33.42,35.5 1 0
github.com/muety/wakapi/migrations/20221002_fix_summary_id_types.go:37.4,37.45 1 0
github.com/muety/wakapi/migrations/20221002_fix_summary_id_types.go:37.45,38.83 1 0
github.com/muety/wakapi/migrations/20221002_fix_summary_id_types.go:38.83,39.104 1 0
github.com/muety/wakapi/migrations/20221002_fix_summary_id_types.go:39.104,41.7 1 0
github.com/muety/wakapi/migrations/20221002_fix_summary_id_types.go:43.5,43.85 1 0
github.com/muety/wakapi/migrations/20221002_fix_summary_id_types.go:43.85,44.106 1 0
github.com/muety/wakapi/migrations/20221002_fix_summary_id_types.go:44.106,46.7 1 0
github.com/muety/wakapi/migrations/20221002_fix_summary_id_types.go:48.5,48.84 1 0
github.com/muety/wakapi/migrations/20221002_fix_summary_id_types.go:48.84,49.105 1 0
github.com/muety/wakapi/migrations/20221002_fix_summary_id_types.go:49.105,51.7 1 0
github.com/muety/wakapi/migrations/20221002_fix_summary_id_types.go:53.5,53.93 1 0
github.com/muety/wakapi/migrations/20221002_fix_summary_id_types.go:53.93,54.114 1 0
github.com/muety/wakapi/migrations/20221002_fix_summary_id_types.go:54.114,56.7 1 0
github.com/muety/wakapi/migrations/20221002_fix_summary_id_types.go:58.5,58.84 1 0
github.com/muety/wakapi/migrations/20221002_fix_summary_id_types.go:58.84,59.105 1 0
github.com/muety/wakapi/migrations/20221002_fix_summary_id_types.go:59.105,61.7 1 0
github.com/muety/wakapi/migrations/20221002_fix_summary_id_types.go:64.5,64.87 1 0
github.com/muety/wakapi/migrations/20221002_fix_summary_id_types.go:64.87,65.108 1 0
github.com/muety/wakapi/migrations/20221002_fix_summary_id_types.go:65.108,67.7 1 0
github.com/muety/wakapi/migrations/20221002_fix_summary_id_types.go:69.5,69.82 1 0
github.com/muety/wakapi/migrations/20221002_fix_summary_id_types.go:69.82,70.103 1 0
github.com/muety/wakapi/migrations/20221002_fix_summary_id_types.go:70.103,72.7 1 0
github.com/muety/wakapi/migrations/20221002_fix_summary_id_types.go:75.5,75.78 1 0
github.com/muety/wakapi/migrations/20221002_fix_summary_id_types.go:75.78,77.6 1 0
github.com/muety/wakapi/migrations/20221002_fix_summary_id_types.go:78.5,78.90 1 0
github.com/muety/wakapi/migrations/20221002_fix_summary_id_types.go:78.90,80.6 1 0
github.com/muety/wakapi/migrations/20221002_fix_summary_id_types.go:83.4,83.14 1 0
github.com/muety/wakapi/migrations/20221002_fix_summary_id_types.go:87.2,87.25 1 0
github.com/muety/wakapi/migrations/20221016_drop_rank_column.go:10.13,14.50 2 0
github.com/muety/wakapi/migrations/20221016_drop_rank_column.go:14.50,15.24 1 0
github.com/muety/wakapi/migrations/20221016_drop_rank_column.go:15.24,17.5 1 0
github.com/muety/wakapi/migrations/20221016_drop_rank_column.go:19.4,21.109 2 0
github.com/muety/wakapi/migrations/20221016_drop_rank_column.go:21.109,24.82 2 0
github.com/muety/wakapi/migrations/20221016_drop_rank_column.go:24.82,26.6 1 0
github.com/muety/wakapi/migrations/20221016_drop_rank_column.go:29.4,30.14 2 0
github.com/muety/wakapi/migrations/20221016_drop_rank_column.go:34.2,34.26 1 0
github.com/muety/wakapi/migrations/20221028_fix_heartbeats_time_user_idx.go:15.13,19.50 2 0
github.com/muety/wakapi/migrations/20221028_fix_heartbeats_time_user_idx.go:19.50,22.47 2 0
github.com/muety/wakapi/migrations/20221028_fix_heartbeats_time_user_idx.go:22.47,24.5 1 0
github.com/muety/wakapi/migrations/20221028_fix_heartbeats_time_user_idx.go:26.4,27.24 2 0
github.com/muety/wakapi/migrations/20221028_fix_heartbeats_time_user_idx.go:27.24,31.5 1 0
github.com/muety/wakapi/migrations/20221028_fix_heartbeats_time_user_idx.go:32.4,32.25 1 0
github.com/muety/wakapi/migrations/20221028_fix_heartbeats_time_user_idx.go:32.25,41.35 2 0
github.com/muety/wakapi/migrations/20221028_fix_heartbeats_time_user_idx.go:41.35,43.6 1 0
github.com/muety/wakapi/migrations/20221028_fix_heartbeats_time_user_idx.go:45.5,46.116 2 0
github.com/muety/wakapi/migrations/20221028_fix_heartbeats_time_user_idx.go:46.116,48.6 1 0
github.com/muety/wakapi/migrations/20221028_fix_heartbeats_time_user_idx.go:49.10,51.19 2 0
github.com/muety/wakapi/migrations/20221028_fix_heartbeats_time_user_idx.go:51.19,53.6 1 0
github.com/muety/wakapi/migrations/20221028_fix_heartbeats_time_user_idx.go:55.5,55.33 1 0
github.com/muety/wakapi/migrations/20221028_fix_heartbeats_time_user_idx.go:55.33,56.97 1 0
github.com/muety/wakapi/migrations/20221028_fix_heartbeats_time_user_idx.go:56.97,58.12 2 0
github.com/muety/wakapi/migrations/20221028_fix_heartbeats_time_user_idx.go:63.4,63.13 1 0
github.com/muety/wakapi/migrations/20221028_fix_heartbeats_time_user_idx.go:63.13,65.5 1 0
github.com/muety/wakapi/migrations/20221028_fix_heartbeats_time_user_idx.go:67.4,67.83 1 0
github.com/muety/wakapi/migrations/20221028_fix_heartbeats_time_user_idx.go:67.83,69.5 1 0
github.com/muety/wakapi/migrations/20221028_fix_heartbeats_time_user_idx.go:70.4,72.14 2 0
github.com/muety/wakapi/migrations/20221028_fix_heartbeats_time_user_idx.go:76.2,76.25 1 0
github.com/muety/wakapi/migrations/20230219_add_astro_language.go:9.13,13.50 2 0
github.com/muety/wakapi/migrations/20230219_add_astro_language.go:13.50,14.24 1 0
github.com/muety/wakapi/migrations/20230219_add_astro_language.go:14.24,16.5 1 0
github.com/muety/wakapi/migrations/20230219_add_astro_language.go:18.4,20.130 2 0
github.com/muety/wakapi/migrations/20230219_add_astro_language.go:20.130,22.5 1 0
github.com/muety/wakapi/migrations/20230219_add_astro_language.go:24.4,25.14 2 0
github.com/muety/wakapi/migrations/20230219_add_astro_language.go:29.2,29.26 1 0
github.com/muety/wakapi/migrations/20230219_add_subscription_renewal.go:10.13,14.50 2 0
github.com/muety/wakapi/migrations/20230219_add_subscription_renewal.go:14.50,15.24 1 0
github.com/muety/wakapi/migrations/20230219_add_subscription_renewal.go:15.24,17.5 1 0
github.com/muety/wakapi/migrations/20230219_add_subscription_renewal.go:19.4,21.66 2 0
github.com/muety/wakapi/migrations/20230219_add_subscription_renewal.go:21.66,24.136 2 0
github.com/muety/wakapi/migrations/20230219_add_subscription_renewal.go:24.136,26.6 1 0
github.com/muety/wakapi/migrations/20230219_add_subscription_renewal.go:29.4,30.14 2 0
github.com/muety/wakapi/migrations/20230219_add_subscription_renewal.go:34.2,34.26 1 0
github.com/muety/wakapi/migrations/20231023_fill_last_branch.go:11.13,15.50 2 0
github.com/muety/wakapi/migrations/20231023_fill_last_branch.go:15.50,16.24 1 0
github.com/muety/wakapi/migrations/20231023_fill_last_branch.go:16.24,18.5 1 0
github.com/muety/wakapi/migrations/20231023_fill_last_branch.go:20.4,21.105 2 0
github.com/muety/wakapi/migrations/20231023_fill_last_branch.go:21.105,23.5 1 0
github.com/muety/wakapi/migrations/20231023_fill_last_branch.go:25.4,28.33 2 0
github.com/muety/wakapi/migrations/20231023_fill_last_branch.go:28.33,30.22 2 0
github.com/muety/wakapi/migrations/20231023_fill_last_branch.go:30.22,37.40 2 0
github.com/muety/wakapi/migrations/20231023_fill_last_branch.go:37.40,39.7 1 0
github.com/muety/wakapi/migrations/20231023_fill_last_branch.go:40.6,43.38 1 0
github.com/muety/wakapi/migrations/20231023_fill_last_branch.go:47.4,50.14 3 0
github.com/muety/wakapi/migrations/20231023_fill_last_branch.go:54.2,54.26 1 0
github.com/muety/wakapi/migrations/20241220_share_activity_chart_flag.go:9.13,13.50 2 0
github.com/muety/wakapi/migrations/20241220_share_activity_chart_flag.go:13.50,14.24 1 0
github.com/muety/wakapi/migrations/20241220_share_activity_chart_flag.go:14.24,16.5 1 0
github.com/muety/wakapi/migrations/20241220_share_activity_chart_flag.go:18.4,25.14 3 0
github.com/muety/wakapi/migrations/20241220_share_activity_chart_flag.go:29.2,29.26 1 0
github.com/muety/wakapi/migrations/20250219_update_heartbeats_timeout.go:9.13,13.50 2 0
github.com/muety/wakapi/migrations/20250219_update_heartbeats_timeout.go:13.50,14.24 1 0
github.com/muety/wakapi/migrations/20250219_update_heartbeats_timeout.go:14.24,16.5 1 0
github.com/muety/wakapi/migrations/20250219_update_heartbeats_timeout.go:18.4,39.14 9 0
github.com/muety/wakapi/migrations/20250219_update_heartbeats_timeout.go:43.2,43.26 1 0
github.com/muety/wakapi/migrations/20250313_fix_browsing_category.go:9.13,14.50 2 0
github.com/muety/wakapi/migrations/20250313_fix_browsing_category.go:14.50,15.24 1 0
github.com/muety/wakapi/migrations/20250313_fix_browsing_category.go:15.24,17.5 1 0
github.com/muety/wakapi/migrations/20250313_fix_browsing_category.go:19.4,28.14 3 0
github.com/muety/wakapi/migrations/20250313_fix_browsing_category.go:32.2,32.26 1 0
github.com/muety/wakapi/migrations/20250425_add_durations_primary_key.go:12.13,17.50 2 0
github.com/muety/wakapi/migrations/20250425_add_durations_primary_key.go:17.50,18.24 1 0
github.com/muety/wakapi/migrations/20250425_add_durations_primary_key.go:18.24,20.5 1 0
github.com/muety/wakapi/migrations/20250425_add_durations_primary_key.go:22.4,22.49 1 0
github.com/muety/wakapi/migrations/20250425_add_durations_primary_key.go:22.49,24.5 1 0
github.com/muety/wakapi/migrations/20250425_add_durations_primary_key.go:25.4,25.44 1 0
github.com/muety/wakapi/migrations/20250425_add_durations_primary_key.go:25.44,27.5 1 0
github.com/muety/wakapi/migrations/20250425_add_durations_primary_key.go:28.4,28.57 1 0
github.com/muety/wakapi/migrations/20250425_add_durations_primary_key.go:28.57,30.5 1 0
github.com/muety/wakapi/migrations/20250425_add_durations_primary_key.go:32.4,32.53 1 0
github.com/muety/wakapi/migrations/20250425_add_durations_primary_key.go:32.53,33.64 1 0
github.com/muety/wakapi/migrations/20250425_add_durations_primary_key.go:33.64,34.85 1 0
github.com/muety/wakapi/migrations/20250425_add_durations_primary_key.go:34.85,36.7 1 0
github.com/muety/wakapi/migrations/20250425_add_durations_primary_key.go:38.5,38.77 1 0
github.com/muety/wakapi/migrations/20250425_add_durations_primary_key.go:38.77,39.98 1 0
github.com/muety/wakapi/migrations/20250425_add_durations_primary_key.go:39.98,41.7 1 0
github.com/muety/wakapi/migrations/20250425_add_durations_primary_key.go:43.5,43.83 1 0
github.com/muety/wakapi/migrations/20250425_add_durations_primary_key.go:43.83,45.6 1 0
github.com/muety/wakapi/migrations/20250425_add_durations_primary_key.go:46.5,46.73 1 0
github.com/muety/wakapi/migrations/20250425_add_durations_primary_key.go:46.73,48.6 1 0
github.com/muety/wakapi/migrations/20250425_add_durations_primary_key.go:49.5,49.236 1 0
github.com/muety/wakapi/migrations/20250425_add_durations_primary_key.go:49.236,51.6 1 0
github.com/muety/wakapi/migrations/20250425_add_durations_primary_key.go:52.5,52.68 1 0
github.com/muety/wakapi/migrations/20250425_add_durations_primary_key.go:52.68,54.6 1 0
github.com/muety/wakapi/migrations/20250425_add_durations_primary_key.go:55.5,55.15 1 0
github.com/muety/wakapi/migrations/20250425_add_durations_primary_key.go:56.19,58.5 1 0
github.com/muety/wakapi/migrations/20250425_add_durations_primary_key.go:60.4,61.14 2 0
github.com/muety/wakapi/migrations/20250425_add_durations_primary_key.go:65.2,65.25 1 0
github.com/muety/wakapi/migrations/20250802_fix_default_coding_category.go:10.13,15.50 2 0
github.com/muety/wakapi/migrations/20250802_fix_default_coding_category.go:15.50,16.24 1 0
github.com/muety/wakapi/migrations/20250802_fix_default_coding_category.go:16.24,18.5 1 0
github.com/muety/wakapi/migrations/20250802_fix_default_coding_category.go:20.4,20.142 1 0
github.com/muety/wakapi/migrations/20250802_fix_default_coding_category.go:20.142,22.5 1 0
github.com/muety/wakapi/migrations/20250802_fix_default_coding_category.go:24.4,25.14 2 0
github.com/muety/wakapi/migrations/20250802_fix_default_coding_category.go:29.2,29.26 1 0
github.com/muety/wakapi/migrations/20250802_fix_wsl_os.go:8.13,13.50 2 0
github.com/muety/wakapi/migrations/20250802_fix_wsl_os.go:13.50,14.24 1 0
github.com/muety/wakapi/migrations/20250802_fix_wsl_os.go:14.24,16.5 1 0
github.com/muety/wakapi/migrations/20250802_fix_wsl_os.go:18.4,18.123 1 0
github.com/muety/wakapi/migrations/20250802_fix_wsl_os.go:18.123,20.5 1 0
github.com/muety/wakapi/migrations/20250802_fix_wsl_os.go:22.4,23.14 2 0
github.com/muety/wakapi/migrations/20250802_fix_wsl_os.go:27.2,27.26 1 0
github.com/muety/wakapi/migrations/20250907_add_user_heartbeats_range_view.go:9.13,14.50 2 0
github.com/muety/wakapi/migrations/20250907_add_user_heartbeats_range_view.go:14.50,15.24 1 0
github.com/muety/wakapi/migrations/20250907_add_user_heartbeats_range_view.go:15.24,17.5 1 0
github.com/muety/wakapi/migrations/20250907_add_user_heartbeats_range_view.go:19.4,23.53 2 0
github.com/muety/wakapi/migrations/20250907_add_user_heartbeats_range_view.go:23.53,25.26 1 0
github.com/muety/wakapi/migrations/20250907_add_user_heartbeats_range_view.go:25.26,26.76 1 0
github.com/muety/wakapi/migrations/20250907_add_user_heartbeats_range_view.go:26.76,28.7 1 0
github.com/muety/wakapi/migrations/20250907_add_user_heartbeats_range_view.go:31.5,34.20 1 0
github.com/muety/wakapi/migrations/20250907_add_user_heartbeats_range_view.go:34.20,36.6 1 0
github.com/muety/wakapi/migrations/20250907_add_user_heartbeats_range_view.go:37.5,37.141 1 0
github.com/muety/wakapi/migrations/20250907_add_user_heartbeats_range_view.go:37.141,39.6 1 0
github.com/muety/wakapi/migrations/20250907_add_user_heartbeats_range_view.go:40.5,40.15 1 0
github.com/muety/wakapi/migrations/20250907_add_user_heartbeats_range_view.go:41.19,43.5 1 0
github.com/muety/wakapi/migrations/20250907_add_user_heartbeats_range_view.go:45.4,46.14 2 0
github.com/muety/wakapi/migrations/20250907_add_user_heartbeats_range_view.go:50.2,50.26 1 0
github.com/muety/wakapi/migrations/20251005-drop_duplicate_emails.go:8.13,13.50 2 0
github.com/muety/wakapi/migrations/20251005-drop_duplicate_emails.go:13.50,14.24 1 0
github.com/muety/wakapi/migrations/20251005-drop_duplicate_emails.go:14.24,16.5 1 0
github.com/muety/wakapi/migrations/20251005-drop_duplicate_emails.go:19.4,25.43 2 0
github.com/muety/wakapi/migrations/20251005-drop_duplicate_emails.go:25.43,27.5 1 0
github.com/muety/wakapi/migrations/20251005-drop_duplicate_emails.go:29.4,30.14 2 0
github.com/muety/wakapi/migrations/20251005-drop_duplicate_emails.go:34.2,34.26 1 0
github.com/muety/wakapi/migrations/migrations.go:30.61,31.24 1 0
github.com/muety/wakapi/migrations/migrations.go:32.10,33.34 1 0
github.com/muety/wakapi/migrations/migrations.go:33.34,34.92 1 0
github.com/muety/wakapi/migrations/migrations.go:34.92,36.5 1 0
github.com/muety/wakapi/migrations/migrations.go:37.4,37.102 1 0
github.com/muety/wakapi/migrations/migrations.go:37.102,39.5 1 0
github.com/muety/wakapi/migrations/migrations.go:40.4,40.93 1 0
github.com/muety/wakapi/migrations/migrations.go:40.93,42.5 1 0
github.com/muety/wakapi/migrations/migrations.go:43.4,43.97 1 0
github.com/muety/wakapi/migrations/migrations.go:43.97,45.5 1 0
github.com/muety/wakapi/migrations/migrations.go:46.4,46.95 1 0
github.com/muety/wakapi/migrations/migrations.go:46.95,48.5 1 0
github.com/muety/wakapi/migrations/migrations.go:49.4,49.99 1 0
github.com/muety/wakapi/migrations/migrations.go:49.99,51.5 1 0
github.com/muety/wakapi/migrations/migrations.go:52.4,52.103 1 0
github.com/muety/wakapi/migrations/migrations.go:52.103,54.5 1 0
github.com/muety/wakapi/migrations/migrations.go:55.4,55.100 1 0
github.com/muety/wakapi/migrations/migrations.go:55.100,57.5 1 0
github.com/muety/wakapi/migrations/migrations.go:58.4,58.99 1 0
github.com/muety/wakapi/migrations/migrations.go:58.99,60.5 1 0
github.com/muety/wakapi/migrations/migrations.go:61.4,61.103 1 0
github.com/muety/wakapi/migrations/migrations.go:61.103,63.5 1 0
github.com/muety/wakapi/migrations/migrations.go:64.4,64.96 1 0
github.com/muety/wakapi/migrations/migrations.go:64.96,66.5 1 0
github.com/muety/wakapi/migrations/migrations.go:67.4,67.94 1 0
github.com/muety/wakapi/migrations/migrations.go:67.94,69.5 1 0
github.com/muety/wakapi/migrations/migrations.go:70.4,70.14 1 0
github.com/muety/wakapi/migrations/migrations.go:75.44,77.2 1 0
github.com/muety/wakapi/migrations/migrations.go:79.45,81.2 1 0
github.com/muety/wakapi/migrations/migrations.go:83.43,87.2 3 0
github.com/muety/wakapi/migrations/migrations.go:89.59,90.50 1 0
github.com/muety/wakapi/migrations/migrations.go:90.50,92.3 1 0
github.com/muety/wakapi/migrations/migrations.go:95.56,98.34 2 0
github.com/muety/wakapi/migrations/migrations.go:98.34,100.38 2 0
github.com/muety/wakapi/migrations/migrations.go:100.38,102.4 1 0
github.com/muety/wakapi/migrations/migrations.go:106.57,109.35 2 0
github.com/muety/wakapi/migrations/migrations.go:109.35,112.32 2 0
github.com/muety/wakapi/migrations/migrations.go:112.32,113.39 1 0
github.com/muety/wakapi/migrations/migrations.go:113.39,115.5 1 0
github.com/muety/wakapi/migrations/migrations.go:118.3,118.19 1 0
github.com/muety/wakapi/migrations/migrations.go:118.19,120.4 1 0
github.com/muety/wakapi/migrations/migrations.go:120.9,122.4 1 0
github.com/muety/wakapi/migrations/migrations.go:126.35,128.2 1 0
github.com/muety/wakapi/migrations/migrations.go:130.45,132.2 1 0
github.com/muety/wakapi/migrations/migrations.go:134.40,136.2 1 0
github.com/muety/wakapi/migrations/shared.go:10.44,14.64 3 0
github.com/muety/wakapi/migrations/shared.go:14.64,17.3 2 0
github.com/muety/wakapi/migrations/shared.go:18.2,18.14 1 0
github.com/muety/wakapi/migrations/shared.go:21.42,25.23 1 0
github.com/muety/wakapi/migrations/shared.go:25.23,27.3 1 0
github.com/muety/wakapi/middlewares/custom/wakatime.go:31.60,40.2 1 0
github.com/muety/wakapi/middlewares/custom/wakatime.go:42.72,43.71 1 0
github.com/muety/wakapi/middlewares/custom/wakatime.go:43.71,45.3 1 0
github.com/muety/wakapi/middlewares/custom/wakatime.go:48.108,54.70 4 0
github.com/muety/wakapi/middlewares/custom/wakatime.go:54.70,56.3 1 0
github.com/muety/wakapi/middlewares/custom/wakatime.go:58.2,59.46 2 0
github.com/muety/wakapi/middlewares/custom/wakatime.go:59.46,61.3 1 0
github.com/muety/wakapi/middlewares/custom/wakatime.go:63.2,64.16 2 0
github.com/muety/wakapi/middlewares/custom/wakatime.go:64.16,67.3 2 0
github.com/muety/wakapi/middlewares/custom/wakatime.go:69.2,75.28 5 0
github.com/muety/wakapi/middlewares/custom/wakatime.go:75.28,77.3 1 0
github.com/muety/wakapi/middlewares/custom/wakatime.go:79.2,101.3 3 0
github.com/muety/wakapi/middlewares/custom/wakatime.go:104.119,106.16 2 0
github.com/muety/wakapi/middlewares/custom/wakatime.go:106.16,109.3 2 0
github.com/muety/wakapi/middlewares/custom/wakatime.go:111.2,111.28 1 0
github.com/muety/wakapi/middlewares/custom/wakatime.go:111.28,112.23 1 0
github.com/muety/wakapi/middlewares/custom/wakatime.go:112.23,114.4 1 0
github.com/muety/wakapi/middlewares/custom/wakatime.go:117.2,118.16 2 0
github.com/muety/wakapi/middlewares/custom/wakatime.go:118.16,121.3 2 0
github.com/muety/wakapi/middlewares/custom/wakatime.go:123.2,123.61 1 0
github.com/muety/wakapi/middlewares/custom/wakatime.go:123.61,127.57 2 0
github.com/muety/wakapi/middlewares/custom/wakatime.go:127.57,129.4 1 0
github.com/muety/wakapi/middlewares/custom/wakatime.go:130.3,130.81 1 0
github.com/muety/wakapi/middlewares/custom/wakatime.go:130.81,135.4 1 0
github.com/muety/wakapi/middlewares/custom/wakatime.go:135.9,135.23 1 0
github.com/muety/wakapi/middlewares/custom/wakatime.go:135.23,137.4 1 0
github.com/muety/wakapi/middlewares/custom/wakatime.go:145.72,147.16 2 0
github.com/muety/wakapi/middlewares/custom/wakatime.go:147.16,149.3 1 0
github.com/muety/wakapi/middlewares/custom/wakatime.go:151.2,156.94 5 0
github.com/muety/wakapi/middlewares/custom/wakatime.go:156.94,158.3 1 0
github.com/muety/wakapi/middlewares/custom/wakatime.go:160.2,162.68 2 0
github.com/muety/wakapi/middlewares/custom/wakatime.go:162.68,165.58 2 0
github.com/muety/wakapi/middlewares/custom/wakatime.go:165.58,168.4 2 0
github.com/muety/wakapi/middlewares/custom/wakatime.go:171.2,171.50 1 0
github.com/muety/wakapi/middlewares/custom/wakatime.go:171.50,172.33 1 0
github.com/muety/wakapi/middlewares/custom/wakatime.go:172.33,174.4 1 0
github.com/muety/wakapi/middlewares/custom/wakatime.go:175.8,175.32 1 0
github.com/muety/wakapi/middlewares/custom/wakatime.go:175.32,177.3 1 0
github.com/muety/wakapi/middlewares/custom/wakatime.go:179.2,179.23 1 0
github.com/muety/wakapi/middlewares/custom/wakatime.go:179.23,181.3 1 0
github.com/muety/wakapi/middlewares/custom/wakatime.go:183.2,183.37 1 0
github.com/muety/wakapi/middlewares/custom/wakatime.go:183.37,186.3 2 0
github.com/muety/wakapi/middlewares/custom/wakatime.go:188.2,189.62 2 0
github.com/muety/wakapi/middlewares/custom/wakatime.go:189.62,191.3 1 0
github.com/muety/wakapi/middlewares/custom/wakatime.go:192.2,194.12 2 0
github.com/muety/wakapi/mocks/alias_repository.go:13.65,16.2 2 0
github.com/muety/wakapi/mocks/alias_repository.go:18.76,21.2 2 0
github.com/muety/wakapi/mocks/alias_repository.go:23.93,26.2 2 0
github.com/muety/wakapi/mocks/alias_repository.go:28.109,31.2 2 0
github.com/muety/wakapi/mocks/alias_repository.go:33.109,36.2 2 0
github.com/muety/wakapi/mocks/alias_repository.go:38.78,41.2 2 0
github.com/muety/wakapi/mocks/alias_repository.go:43.52,46.2 2 0
github.com/muety/wakapi/mocks/alias_repository.go:48.59,51.2 2 0
github.com/muety/wakapi/mocks/alias_service.go:12.57,15.2 2 0
github.com/muety/wakapi/mocks/alias_service.go:17.59,20.2 2 0
github.com/muety/wakapi/mocks/alias_service.go:22.92,25.2 2 0
github.com/muety/wakapi/mocks/alias_service.go:27.73,30.2 2 0
github.com/muety/wakapi/mocks/alias_service.go:32.89,35.2 2 0
github.com/muety/wakapi/mocks/alias_service.go:37.106,40.2 2 0
github.com/muety/wakapi/mocks/alias_service.go:42.75,45.2 2 0
github.com/muety/wakapi/mocks/alias_service.go:47.58,50.2 2 0
github.com/muety/wakapi/mocks/alias_service.go:52.65,55.2 2 0
github.com/muety/wakapi/mocks/api_key_service.go:12.107,14.24 2 0
github.com/muety/wakapi/mocks/api_key_service.go:14.24,16.3 1 0
github.com/muety/wakapi/mocks/api_key_service.go:17.2,17.52 1 0
github.com/muety/wakapi/mocks/api_key_service.go:20.80,22.24 2 0
github.com/muety/wakapi/mocks/api_key_service.go:22.24,24.3 1 0
github.com/muety/wakapi/mocks/api_key_service.go:25.2,25.54 1 0
github.com/muety/wakapi/mocks/api_key_service.go:28.83,30.24 2 0
github.com/muety/wakapi/mocks/api_key_service.go:30.24,32.3 1 0
github.com/muety/wakapi/mocks/api_key_service.go:33.2,33.52 1 0
github.com/muety/wakapi/mocks/api_key_service.go:36.65,39.2 2 0
github.com/muety/wakapi/mocks/base_repository.go:12.52,15.2 2 0
github.com/muety/wakapi/mocks/base_repository.go:17.73,20.2 2 0
github.com/muety/wakapi/mocks/base_repository.go:22.74,25.2 2 0
github.com/muety/wakapi/mocks/base_repository.go:27.71,30.2 2 0
github.com/muety/wakapi/mocks/base_repository.go:32.50,33.2 0 0
github.com/muety/wakapi/mocks/duration_repository.go:15.74,18.2 2 0
github.com/muety/wakapi/mocks/duration_repository.go:20.71,23.2 2 0
github.com/muety/wakapi/mocks/duration_repository.go:25.118,28.2 2 0
github.com/muety/wakapi/mocks/duration_repository.go:30.151,33.2 2 0
github.com/muety/wakapi/mocks/duration_repository.go:35.91,38.2 2 0
github.com/muety/wakapi/mocks/duration_repository.go:40.110,43.2 2 0
github.com/muety/wakapi/mocks/duration_repository.go:45.92,48.2 2 0
github.com/muety/wakapi/mocks/duration_repository.go:50.124,53.2 2 0
github.com/muety/wakapi/mocks/duration_repository.go:55.157,58.2 2 0
github.com/muety/wakapi/mocks/duration_repository.go:60.69,63.2 2 0
github.com/muety/wakapi/mocks/duration_repository.go:65.88,68.2 2 0
github.com/muety/wakapi/mocks/duration_service.go:13.158,16.2 2 0
github.com/muety/wakapi/mocks/duration_service.go:18.66,20.2 1 0
github.com/muety/wakapi/mocks/duration_service.go:22.48,23.2 0 0
github.com/muety/wakapi/mocks/duration_service.go:25.66,28.2 2 0
github.com/muety/wakapi/mocks/heartbeat_service.go:15.66,18.2 2 0
github.com/muety/wakapi/mocks/heartbeat_service.go:20.73,23.2 2 0
github.com/muety/wakapi/mocks/heartbeat_service.go:25.61,28.2 2 0
github.com/muety/wakapi/mocks/heartbeat_service.go:30.78,33.2 2 0
github.com/muety/wakapi/mocks/heartbeat_service.go:35.98,38.2 2 0
github.com/muety/wakapi/mocks/heartbeat_service.go:40.126,43.2 2 0
github.com/muety/wakapi/mocks/heartbeat_service.go:45.123,48.2 2 0
github.com/muety/wakapi/mocks/heartbeat_service.go:50.160,53.2 2 0
github.com/muety/wakapi/mocks/heartbeat_service.go:55.160,58.2 2 0
github.com/muety/wakapi/mocks/heartbeat_service.go:60.76,63.2 2 0
github.com/muety/wakapi/mocks/heartbeat_service.go:65.75,68.2 2 0
github.com/muety/wakapi/mocks/heartbeat_service.go:70.82,73.2 2 0
github.com/muety/wakapi/mocks/heartbeat_service.go:75.81,78.2 2 0
github.com/muety/wakapi/mocks/heartbeat_service.go:80.92,83.2 2 0
github.com/muety/wakapi/mocks/heartbeat_service.go:85.94,88.2 2 0
github.com/muety/wakapi/mocks/heartbeat_service.go:90.113,93.2 2 0
github.com/muety/wakapi/mocks/heartbeat_service.go:95.113,98.2 2 0
github.com/muety/wakapi/mocks/heartbeat_service.go:100.91,103.2 2 0
github.com/muety/wakapi/mocks/heartbeat_service.go:105.67,108.2 2 0
github.com/muety/wakapi/mocks/heartbeat_service.go:110.67,113.2 2 0
github.com/muety/wakapi/mocks/heartbeat_service.go:115.86,118.2 2 0
github.com/muety/wakapi/mocks/heartbeat_service.go:120.146,123.2 2 0
github.com/muety/wakapi/mocks/heartbeat_service.go:125.97,128.2 2 0
github.com/muety/wakapi/mocks/key_value_service.go:13.83,16.2 2 0
github.com/muety/wakapi/mocks/key_value_service.go:18.78,21.2 2 0
github.com/muety/wakapi/mocks/key_value_service.go:23.87,26.2 2 0
github.com/muety/wakapi/mocks/key_value_service.go:28.73,31.2 2 0
github.com/muety/wakapi/mocks/key_value_service.go:33.60,36.2 2 0
github.com/muety/wakapi/mocks/key_value_service.go:38.74,41.2 2 0
github.com/muety/wakapi/mocks/key_value_service.go:43.62,46.2 2 0
github.com/muety/wakapi/mocks/key_value_service.go:48.76,51.2 2 0
github.com/muety/wakapi/mocks/key_value_service.go:53.69,56.2 2 0
github.com/muety/wakapi/mocks/language_mapping_service.go:12.87,15.2 2 0
github.com/muety/wakapi/mocks/language_mapping_service.go:17.93,20.2 2 0
github.com/muety/wakapi/mocks/language_mapping_service.go:22.89,25.2 2 0
github.com/muety/wakapi/mocks/language_mapping_service.go:27.105,30.2 2 0
github.com/muety/wakapi/mocks/language_mapping_service.go:32.78,35.2 2 0
github.com/muety/wakapi/mocks/mail_service.go:14.88,17.2 2 0
github.com/muety/wakapi/mocks/mail_service.go:19.101,22.2 2 0
github.com/muety/wakapi/mocks/mail_service.go:24.118,27.2 2 0
github.com/muety/wakapi/mocks/mail_service.go:29.86,32.2 2 0
github.com/muety/wakapi/mocks/mail_service.go:34.98,37.2 2 0
github.com/muety/wakapi/mocks/project_label_service.go:12.81,15.2 2 0
github.com/muety/wakapi/mocks/project_label_service.go:17.87,20.2 2 0
github.com/muety/wakapi/mocks/project_label_service.go:22.105,25.2 2 0
github.com/muety/wakapi/mocks/project_label_service.go:27.113,30.2 2 0
github.com/muety/wakapi/mocks/project_label_service.go:32.96,35.2 2 0
github.com/muety/wakapi/mocks/project_label_service.go:37.72,40.2 2 0
github.com/muety/wakapi/mocks/summary_repository.go:15.65,18.2 2 0
github.com/muety/wakapi/mocks/summary_repository.go:20.74,23.2 2 0
github.com/muety/wakapi/mocks/summary_repository.go:25.69,28.2 2 0
github.com/muety/wakapi/mocks/summary_repository.go:30.120,33.2 2 0
github.com/muety/wakapi/mocks/summary_repository.go:35.79,38.2 2 0
github.com/muety/wakapi/mocks/summary_repository.go:40.62,43.2 2 0
github.com/muety/wakapi/mocks/summary_repository.go:45.81,48.2 2 0
github.com/muety/wakapi/mocks/summary_service.go:14.177,17.2 2 0
github.com/muety/wakapi/mocks/summary_service.go:19.144,22.2 2 0
github.com/muety/wakapi/mocks/summary_service.go:24.145,27.2 2 0
github.com/muety/wakapi/mocks/summary_service.go:29.78,32.2 2 0
github.com/muety/wakapi/mocks/summary_service.go:34.59,37.2 2 0
github.com/muety/wakapi/mocks/summary_service.go:39.78,42.2 2 0
github.com/muety/wakapi/mocks/summary_service.go:44.62,47.2 2 0
github.com/muety/wakapi/mocks/user_repository.go:16.78,18.24 2 0
github.com/muety/wakapi/mocks/user_repository.go:18.24,20.3 1 0
github.com/muety/wakapi/mocks/user_repository.go:21.2,21.50 1 0
github.com/muety/wakapi/mocks/user_repository.go:24.81,26.24 2 0
github.com/muety/wakapi/mocks/user_repository.go:26.24,28.3 1 0
github.com/muety/wakapi/mocks/user_repository.go:29.2,29.52 1 0
github.com/muety/wakapi/mocks/user_repository.go:32.63,34.24 2 0
github.com/muety/wakapi/mocks/user_repository.go:34.24,36.3 1 0
github.com/muety/wakapi/mocks/user_repository.go:37.2,37.52 1 0
github.com/muety/wakapi/mocks/user_repository.go:40.76,42.24 2 0
github.com/muety/wakapi/mocks/user_repository.go:42.24,44.3 1 0
github.com/muety/wakapi/mocks/user_repository.go:45.2,45.52 1 0
github.com/muety/wakapi/mocks/user_repository.go:48.91,50.24 2 0
github.com/muety/wakapi/mocks/user_repository.go:50.24,52.3 1 0
github.com/muety/wakapi/mocks/user_repository.go:53.2,53.52 1 0
github.com/muety/wakapi/mocks/user_repository.go:56.99,58.24 2 0
github.com/muety/wakapi/mocks/user_repository.go:58.24,60.3 1 0
github.com/muety/wakapi/mocks/user_repository.go:61.2,61.52 1 0
github.com/muety/wakapi/mocks/user_repository.go:64.87,66.24 2 0
github.com/muety/wakapi/mocks/user_repository.go:66.24,68.3 1 0
github.com/muety/wakapi/mocks/user_repository.go:69.2,69.52 1 0
github.com/muety/wakapi/mocks/user_repository.go:72.86,74.24 2 0
github.com/muety/wakapi/mocks/user_repository.go:74.24,76.3 1 0
github.com/muety/wakapi/mocks/user_repository.go:77.2,77.52 1 0
github.com/muety/wakapi/mocks/user_repository.go:80.88,82.24 2 0
github.com/muety/wakapi/mocks/user_repository.go:82.24,84.3 1 0
github.com/muety/wakapi/mocks/user_repository.go:85.2,85.52 1 0
github.com/muety/wakapi/mocks/user_repository.go:88.53,91.2 2 0
github.com/muety/wakapi/mocks/user_repository.go:93.89,95.24 2 0
github.com/muety/wakapi/mocks/user_repository.go:95.24,97.3 1 0
github.com/muety/wakapi/mocks/user_repository.go:98.2,98.64 1 0
github.com/muety/wakapi/mocks/user_repository.go:101.78,103.24 2 0
github.com/muety/wakapi/mocks/user_repository.go:103.24,105.3 1 0
github.com/muety/wakapi/mocks/user_repository.go:106.2,106.50 1 0
github.com/muety/wakapi/mocks/user_repository.go:109.114,111.24 2 0
github.com/muety/wakapi/mocks/user_repository.go:111.24,113.3 1 0
github.com/muety/wakapi/mocks/user_repository.go:114.2,114.50 1 0
github.com/muety/wakapi/mocks/user_repository.go:117.62,120.2 2 0
github.com/muety/wakapi/mocks/user_repository.go:122.77,125.2 2 0
github.com/muety/wakapi/mocks/user_service.go:13.71,15.24 2 0
github.com/muety/wakapi/mocks/user_service.go:15.24,17.3 1 0
github.com/muety/wakapi/mocks/user_service.go:18.2,18.50 1 0
github.com/muety/wakapi/mocks/user_service.go:21.80,23.24 2 0
github.com/muety/wakapi/mocks/user_service.go:23.24,25.3 1 0
github.com/muety/wakapi/mocks/user_service.go:26.2,26.50 1 0
github.com/muety/wakapi/mocks/user_service.go:29.74,31.24 2 0
github.com/muety/wakapi/mocks/user_service.go:31.24,33.3 1 0
github.com/muety/wakapi/mocks/user_service.go:34.2,34.50 1 0
github.com/muety/wakapi/mocks/user_service.go:37.79,40.2 2 0
github.com/muety/wakapi/mocks/user_service.go:42.85,45.2 2 0
github.com/muety/wakapi/mocks/user_service.go:47.78,49.24 2 0
github.com/muety/wakapi/mocks/user_service.go:49.24,51.3 1 0
[...]
github.com/muety/wakapi/routes/settings.go:479.64,481.3 1 0
github.com/muety/wakapi/routes/settings.go:483.2,483.77 1 0
github.com/muety/wakapi/routes/settings.go:486.95,487.22 1 0
github.com/muety/wakapi/routes/settings.go:487.22,489.3 1 0
github.com/muety/wakapi/routes/settings.go:490.2,494.16 5 0
github.com/muety/wakapi/routes/settings.go:494.16,496.3 1 0
github.com/muety/wakapi/routes/settings.go:498.2,505.53 2 0
github.com/muety/wakapi/routes/settings.go:505.53,508.3 1 0
github.com/muety/wakapi/routes/settings.go:510.2,510.73 1 0
github.com/muety/wakapi/routes/settings.go:513.95,514.22 1 0
github.com/muety/wakapi/routes/settings.go:514.22,516.3 1 0
github.com/muety/wakapi/routes/settings.go:517.2,521.36 3 0
github.com/muety/wakapi/routes/settings.go:521.36,528.3 2 0
github.com/muety/wakapi/routes/settings.go:530.2,530.31 1 0
github.com/muety/wakapi/routes/settings.go:530.31,532.23 2 0
github.com/muety/wakapi/routes/settings.go:532.23,534.4 1 0
github.com/muety/wakapi/routes/settings.go:535.3,535.61 1 0
github.com/muety/wakapi/routes/settings.go:535.61,538.4 1 0
github.com/muety/wakapi/routes/settings.go:540.2,540.84 1 0
github.com/muety/wakapi/routes/settings.go:543.98,544.22 1 0
github.com/muety/wakapi/routes/settings.go:544.22,546.3 1 0
github.com/muety/wakapi/routes/settings.go:548.2,553.16 5 0
github.com/muety/wakapi/routes/settings.go:553.16,555.3 1 0
github.com/muety/wakapi/routes/settings.go:557.2,557.27 1 0
github.com/muety/wakapi/routes/settings.go:557.27,558.56 1 0
github.com/muety/wakapi/routes/settings.go:558.56,559.55 1 0
github.com/muety/wakapi/routes/settings.go:559.55,561.5 1 0
github.com/muety/wakapi/routes/settings.go:562.4,562.77 1 0
github.com/muety/wakapi/routes/settings.go:565.2,565.70 1 0
github.com/muety/wakapi/routes/settings.go:568.108,569.22 1 0
github.com/muety/wakapi/routes/settings.go:569.22,571.3 1 0
github.com/muety/wakapi/routes/settings.go:573.2,575.16 3 0
github.com/muety/wakapi/routes/settings.go:575.16,577.3 1 0
github.com/muety/wakapi/routes/settings.go:579.2,580.34 2 0
github.com/muety/wakapi/routes/settings.go:580.34,582.3 1 0
github.com/muety/wakapi/routes/settings.go:582.8,582.38 1 0
github.com/muety/wakapi/routes/settings.go:582.38,584.3 1 0
github.com/muety/wakapi/routes/settings.go:586.2,586.62 1 0
github.com/muety/wakapi/routes/settings.go:586.62,588.3 1 0
github.com/muety/wakapi/routes/settings.go:590.2,590.77 1 0
github.com/muety/wakapi/routes/settings.go:593.105,594.22 1 0
github.com/muety/wakapi/routes/settings.go:594.22,596.3 1 0
github.com/muety/wakapi/routes/settings.go:597.2,601.25 4 0
github.com/muety/wakapi/routes/settings.go:601.25,603.3 1 0
github.com/muety/wakapi/routes/settings.go:605.2,611.65 2 0
github.com/muety/wakapi/routes/settings.go:611.65,613.3 1 0
github.com/muety/wakapi/routes/settings.go:615.2,615.75 1 0
github.com/muety/wakapi/routes/settings.go:618.104,619.22 1 0
github.com/muety/wakapi/routes/settings.go:619.22,621.3 1 0
github.com/muety/wakapi/routes/settings.go:623.2,626.51 4 0
github.com/muety/wakapi/routes/settings.go:626.51,628.3 1 0
github.com/muety/wakapi/routes/settings.go:631.2,631.91 1 0
github.com/muety/wakapi/routes/settings.go:631.91,633.3 1 0
github.com/muety/wakapi/routes/settings.go:635.2,635.86 1 0
github.com/muety/wakapi/routes/settings.go:635.86,637.3 1 0
github.com/muety/wakapi/routes/settings.go:639.2,639.86 1 0
github.com/muety/wakapi/routes/settings.go:642.101,643.22 1 0
github.com/muety/wakapi/routes/settings.go:643.22,645.3 1 0
github.com/muety/wakapi/routes/settings.go:647.2,647.33 1 0
github.com/muety/wakapi/routes/settings.go:647.33,649.3 1 0
github.com/muety/wakapi/routes/settings.go:651.2,652.31 2 0
github.com/muety/wakapi/routes/settings.go:652.31,654.3 1 0
github.com/muety/wakapi/routes/settings.go:656.2,660.23 4 0
github.com/muety/wakapi/routes/settings.go:660.23,662.92 2 0
github.com/muety/wakapi/routes/settings.go:662.92,669.4 1 0
github.com/muety/wakapi/routes/settings.go:671.3,672.94 2 0
github.com/muety/wakapi/routes/settings.go:672.94,679.4 1 0
github.com/muety/wakapi/routes/settings.go:682.2,682.46 1 0
github.com/muety/wakapi/routes/settings.go:682.46,692.121 5 0
github.com/muety/wakapi/routes/settings.go:692.121,694.4 1 0
github.com/muety/wakapi/routes/settings.go:694.9,697.4 1 0
github.com/muety/wakapi/routes/settings.go:698.3,698.25 1 0
github.com/muety/wakapi/routes/settings.go:698.25,701.4 2 0
github.com/muety/wakapi/routes/settings.go:704.3,712.45 4 0
github.com/muety/wakapi/routes/settings.go:712.45,713.61 1 0
github.com/muety/wakapi/routes/settings.go:713.61,715.5 1 0
github.com/muety/wakapi/routes/settings.go:718.3,718.26 1 0
github.com/muety/wakapi/routes/settings.go:718.26,722.50 3 0
github.com/muety/wakapi/routes/settings.go:722.50,725.5 2 0
github.com/muety/wakapi/routes/settings.go:727.3,727.21 1 0
github.com/muety/wakapi/routes/settings.go:727.21,729.4 1 0
github.com/muety/wakapi/routes/settings.go:731.3,736.20 4 0
github.com/muety/wakapi/routes/settings.go:736.20,738.53 2 0
github.com/muety/wakapi/routes/settings.go:738.53,740.5 1 0
github.com/muety/wakapi/routes/settings.go:743.3,743.23 1 0
github.com/muety/wakapi/routes/settings.go:743.23,744.118 1 0
github.com/muety/wakapi/routes/settings.go:744.118,746.5 1 0
github.com/muety/wakapi/routes/settings.go:746.10,748.5 1 0
github.com/muety/wakapi/routes/settings.go:752.2,757.127 2 0
github.com/muety/wakapi/routes/settings.go:760.106,761.22 1 0
github.com/muety/wakapi/routes/settings.go:761.22,763.3 1 0
github.com/muety/wakapi/routes/settings.go:765.2,767.36 2 0
github.com/muety/wakapi/routes/settings.go:767.36,769.3 1 0
github.com/muety/wakapi/routes/settings.go:771.2,771.46 1 0
github.com/muety/wakapi/routes/settings.go:771.46,774.53 3 0
github.com/muety/wakapi/routes/settings.go:774.53,776.4 1 0
github.com/muety/wakapi/routes/settings.go:779.2,779.154 1 0
github.com/muety/wakapi/routes/settings.go:782.96,783.22 1 0
github.com/muety/wakapi/routes/settings.go:783.22,785.3 1 0
github.com/muety/wakapi/routes/settings.go:787.2,790.46 3 0
github.com/muety/wakapi/routes/settings.go:790.46,792.61 2 0
github.com/muety/wakapi/routes/settings.go:792.61,794.4 1 0
github.com/muety/wakapi/routes/settings.go:796.3,797.59 2 0
github.com/muety/wakapi/routes/settings.go:797.59,799.4 1 0
github.com/muety/wakapi/routes/settings.go:801.3,802.60 2 0
github.com/muety/wakapi/routes/settings.go:802.60,804.4 1 0
github.com/muety/wakapi/routes/settings.go:807.2,807.110 1 0
github.com/muety/wakapi/routes/settings.go:810.97,811.22 1 0
github.com/muety/wakapi/routes/settings.go:811.22,813.3 1 0
github.com/muety/wakapi/routes/settings.go:815.2,816.46 2 0
github.com/muety/wakapi/routes/settings.go:816.46,819.49 2 0
github.com/muety/wakapi/routes/settings.go:819.49,821.4 1 0
github.com/muety/wakapi/routes/settings.go:821.9,823.4 1 0
github.com/muety/wakapi/routes/settings.go:826.2,829.38 4 0
github.com/muety/wakapi/routes/settings.go:832.101,833.22 1 0
github.com/muety/wakapi/routes/settings.go:833.22,835.3 1 0
github.com/muety/wakapi/routes/settings.go:837.2,843.17 3 0
github.com/muety/wakapi/routes/settings.go:843.17,845.3 1 0
github.com/muety/wakapi/routes/settings.go:847.2,854.3 1 0
github.com/muety/wakapi/routes/settings.go:857.83,858.19 1 0
github.com/muety/wakapi/routes/settings.go:858.19,860.3 1 0
github.com/muety/wakapi/routes/settings.go:862.2,874.16 3 0
github.com/muety/wakapi/routes/settings.go:874.16,876.3 1 0
github.com/muety/wakapi/routes/settings.go:878.2,880.73 2 0
github.com/muety/wakapi/routes/settings.go:880.73,882.3 1 0
github.com/muety/wakapi/routes/settings.go:884.2,884.13 1 0
github.com/muety/wakapi/routes/settings.go:887.72,890.60 2 0
github.com/muety/wakapi/routes/settings.go:890.60,893.3 2 0
github.com/muety/wakapi/routes/settings.go:895.2,895.89 1 0
github.com/muety/wakapi/routes/settings.go:895.89,898.3 2 0
github.com/muety/wakapi/routes/settings.go:900.2,900.12 1 0
github.com/muety/wakapi/routes/settings.go:903.96,904.22 1 0
github.com/muety/wakapi/routes/settings.go:904.22,906.3 1 0
github.com/muety/wakapi/routes/settings.go:908.2,915.17 2 0
github.com/muety/wakapi/routes/settings.go:915.17,917.3 1 0
github.com/muety/wakapi/routes/settings.go:919.2,920.50 2 0
github.com/muety/wakapi/routes/settings.go:923.99,924.22 1 0
github.com/muety/wakapi/routes/settings.go:924.22,926.3 1 0
github.com/muety/wakapi/routes/settings.go:928.2,931.32 3 0
github.com/muety/wakapi/routes/settings.go:931.32,933.3 1 0
github.com/muety/wakapi/routes/settings.go:935.2,936.16 2 0
github.com/muety/wakapi/routes/settings.go:936.16,938.3 1 0
github.com/muety/wakapi/routes/settings.go:940.2,940.28 1 0
github.com/muety/wakapi/routes/settings.go:940.28,941.30 1 0
github.com/muety/wakapi/routes/settings.go:941.30,942.49 1 0
github.com/muety/wakapi/routes/settings.go:942.49,944.5 1 0
github.com/muety/wakapi/routes/settings.go:945.4,945.79 1 0
github.com/muety/wakapi/routes/settings.go:948.2,948.72 1 0
github.com/muety/wakapi/routes/settings.go:951.136,959.16 4 0
github.com/muety/wakapi/routes/settings.go:959.16,967.3 2 0
github.com/muety/wakapi/routes/settings.go:968.2,969.28 2 0
github.com/muety/wakapi/routes/settings.go:969.28,971.32 2 0
github.com/muety/wakapi/routes/settings.go:971.32,973.4 1 0
github.com/muety/wakapi/routes/settings.go:973.9,975.4 1 0
github.com/muety/wakapi/routes/settings.go:978.2,979.29 2 0
github.com/muety/wakapi/routes/settings.go:979.29,985.23 2 0
github.com/muety/wakapi/routes/settings.go:985.23,987.4 1 0
github.com/muety/wakapi/routes/settings.go:988.3,988.48 1 0
github.com/muety/wakapi/routes/settings.go:992.2,993.16 2 0
github.com/muety/wakapi/routes/settings.go:993.16,1001.3 2 0
github.com/muety/wakapi/routes/settings.go:1003.2,1004.29 2 0
github.com/muety/wakapi/routes/settings.go:1004.29,1009.24 2 0
github.com/muety/wakapi/routes/settings.go:1009.24,1011.4 1 0
github.com/muety/wakapi/routes/settings.go:1012.3,1012.46 1 0
github.com/muety/wakapi/routes/settings.go:1014.2,1014.49 1 0
github.com/muety/wakapi/routes/settings.go:1014.49,1016.3 1 0
github.com/muety/wakapi/routes/settings.go:1019.2,1020.16 2 0
github.com/muety/wakapi/routes/settings.go:1020.16,1028.3 2 0
github.com/muety/wakapi/routes/settings.go:1031.2,1032.36 2 0
github.com/muety/wakapi/routes/settings.go:1032.36,1034.3 1 0
github.com/muety/wakapi/routes/settings.go:1037.2,1038.16 2 0
github.com/muety/wakapi/routes/settings.go:1038.16,1046.3 2 0
github.com/muety/wakapi/routes/settings.go:1049.2,1062.16 5 0
github.com/muety/wakapi/routes/settings.go:1062.16,1070.3 2 0
github.com/muety/wakapi/routes/settings.go:1071.2,1071.33 1 0
github.com/muety/wakapi/routes/settings.go:1071.33,1077.3 1 0
github.com/muety/wakapi/routes/settings.go:1079.2,1098.85 3 0
github.com/muety/wakapi/routes/settings.go:1098.85,1100.3 1 0
github.com/muety/wakapi/routes/settings.go:1101.2,1103.49 2 0
github.com/muety/wakapi/routes/settings.go:1106.77,1108.2 1 0
github.com/muety/wakapi/routes/settings.go:1110.67,1113.2 2 0
github.com/muety/wakapi/routes/settings.go:1115.78,1116.19 1 0
github.com/muety/wakapi/routes/settings.go:1116.19,1118.3 1 0
github.com/muety/wakapi/routes/settings.go:1119.2,1121.9 3 0
github.com/muety/wakapi/routes/settings.go:1121.9,1123.3 1 0
github.com/muety/wakapi/routes/settings.go:1124.2,1124.16 1 0
github.com/muety/wakapi/routes/setup.go:19.71,24.2 1 0
github.com/muety/wakapi/routes/setup.go:26.58,38.2 5 0
github.com/muety/wakapi/routes/setup.go:40.73,41.22 1 0
github.com/muety/wakapi/routes/setup.go:41.22,43.3 1 0
github.com/muety/wakapi/routes/setup.go:45.2,45.66 1 0
github.com/muety/wakapi/routes/setup.go:48.100,55.2 1 0
github.com/muety/wakapi/routes/subscription.go:52.24,56.34 3 0
github.com/muety/wakapi/routes/subscription.go:56.34,60.17 3 0
github.com/muety/wakapi/routes/subscription.go:60.17,62.4 1 0
github.com/muety/wakapi/routes/subscription.go:63.3,65.103 2 0
github.com/muety/wakapi/routes/subscription.go:68.2,77.33 3 0
github.com/muety/wakapi/routes/subscription.go:77.33,78.31 1 0
github.com/muety/wakapi/routes/subscription.go:78.31,80.37 2 0
github.com/muety/wakapi/routes/subscription.go:80.37,81.13 1 0
github.com/muety/wakapi/routes/subscription.go:84.4,85.63 2 0
github.com/muety/wakapi/routes/subscription.go:85.63,87.5 1 0
github.com/muety/wakapi/routes/subscription.go:87.10,89.5 1 0
github.com/muety/wakapi/routes/subscription.go:93.2,93.16 1 0
github.com/muety/wakapi/routes/subscription.go:98.65,99.37 1 0
github.com/muety/wakapi/routes/subscription.go:99.37,101.3 1 0
github.com/muety/wakapi/routes/subscription.go:103.2,118.48 10 0
github.com/muety/wakapi/routes/subscription.go:121.84,122.22 1 0
github.com/muety/wakapi/routes/subscription.go:122.22,124.3 1 0
github.com/muety/wakapi/routes/subscription.go:126.2,127.22 2 0
github.com/muety/wakapi/routes/subscription.go:127.22,131.3 3 0
github.com/muety/wakapi/routes/subscription.go:133.2,133.38 1 0
github.com/muety/wakapi/routes/subscription.go:133.38,137.3 3 0
github.com/muety/wakapi/routes/subscription.go:139.2,153.33 2 0
github.com/muety/wakapi/routes/subscription.go:153.33,155.3 1 0
github.com/muety/wakapi/routes/subscription.go:155.8,157.3 1 0
github.com/muety/wakapi/routes/subscription.go:159.2,160.16 2 0
github.com/muety/wakapi/routes/subscription.go:160.16,165.3 4 0
github.com/muety/wakapi/routes/subscription.go:167.2,167.55 1 0
github.com/muety/wakapi/routes/subscription.go:170.82,171.22 1 0
github.com/muety/wakapi/routes/subscription.go:171.22,173.3 1 0
github.com/muety/wakapi/routes/subscription.go:175.2,176.33 2 0
github.com/muety/wakapi/routes/subscription.go:176.33,180.3 3 0
github.com/muety/wakapi/routes/subscription.go:182.2,188.16 3 0
github.com/muety/wakapi/routes/subscription.go:188.16,193.3 4 0
github.com/muety/wakapi/routes/subscription.go:195.2,195.55 1 0
github.com/muety/wakapi/routes/subscription.go:198.83,201.16 3 0
github.com/muety/wakapi/routes/subscription.go:201.16,205.3 3 0
github.com/muety/wakapi/routes/subscription.go:207.2,210.16 2 0
github.com/muety/wakapi/routes/subscription.go:210.16,214.3 3 0
github.com/muety/wakapi/routes/subscription.go:216.2,216.20 1 0
github.com/muety/wakapi/routes/subscription.go:219.35,222.17 2 0
github.com/muety/wakapi/routes/subscription.go:222.17,224.4 1 0
github.com/muety/wakapi/routes/subscription.go:225.3,229.17 3 0
github.com/muety/wakapi/routes/subscription.go:229.17,234.18 3 0
github.com/muety/wakapi/routes/subscription.go:234.18,238.5 3 0
github.com/muety/wakapi/routes/subscription.go:240.4,241.18 2 0
github.com/muety/wakapi/routes/subscription.go:241.18,245.5 3 0
github.com/muety/wakapi/routes/subscription.go:246.4,246.12 1 0
github.com/muety/wakapi/routes/subscription.go:249.3,249.71 1 0
github.com/muety/wakapi/routes/subscription.go:249.71,253.4 3 0
github.com/muety/wakapi/routes/subscription.go:255.36,258.17 2 0
github.com/muety/wakapi/routes/subscription.go:258.17,260.4 1 0
github.com/muety/wakapi/routes/subscription.go:261.3,264.17 3 0
github.com/muety/wakapi/routes/subscription.go:264.17,267.4 2 0
github.com/muety/wakapi/routes/subscription.go:269.3,269.34 1 0
github.com/muety/wakapi/routes/subscription.go:269.34,271.53 2 0
github.com/muety/wakapi/routes/subscription.go:271.53,273.5 1 0
github.com/muety/wakapi/routes/subscription.go:273.10,275.5 1 0
github.com/muety/wakapi/routes/subscription.go:276.9,276.66 1 0
github.com/muety/wakapi/routes/subscription.go:276.66,278.4 1 0
github.com/muety/wakapi/routes/subscription.go:280.10,281.81 1 0
github.com/muety/wakapi/routes/subscription.go:284.2,284.30 1 0
github.com/muety/wakapi/routes/subscription.go:287.90,290.2 2 0
github.com/muety/wakapi/routes/subscription.go:292.89,294.2 1 0
github.com/muety/wakapi/routes/subscription.go:296.115,299.29 2 0
github.com/muety/wakapi/routes/subscription.go:300.16,303.80 2 0
github.com/muety/wakapi/routes/subscription.go:303.80,308.4 4 0
github.com/muety/wakapi/routes/subscription.go:310.3,310.104 1 0
github.com/muety/wakapi/routes/subscription.go:310.104,313.4 2 0
github.com/muety/wakapi/routes/subscription.go:314.50,317.154 3 0
github.com/muety/wakapi/routes/subscription.go:318.10,320.13 2 0
github.com/muety/wakapi/routes/subscription.go:323.2,324.33 2 0
github.com/muety/wakapi/routes/subscription.go:324.33,326.3 1 0
github.com/muety/wakapi/routes/subscription.go:327.2,327.12 1 0
github.com/muety/wakapi/routes/subscription.go:330.144,332.70 2 0
github.com/muety/wakapi/routes/subscription.go:332.70,336.3 3 0
github.com/muety/wakapi/routes/subscription.go:337.2,337.27 1 0
github.com/muety/wakapi/routes/subscription.go:340.150,342.73 2 0
github.com/muety/wakapi/routes/subscription.go:342.73,346.3 3 0
github.com/muety/wakapi/routes/subscription.go:348.2,348.30 1 0
github.com/muety/wakapi/routes/subscription.go:351.79,354.16 2 0
github.com/muety/wakapi/routes/subscription.go:354.16,356.3 1 0
github.com/muety/wakapi/routes/subscription.go:357.2,358.12 2 0
github.com/muety/wakapi/routes/subscription.go:361.97,369.38 3 0
github.com/muety/wakapi/routes/subscription.go:369.38,371.3 1 0
github.com/muety/wakapi/routes/subscription.go:373.2,373.20 1 0
github.com/muety/wakapi/routes/subscription.go:373.20,375.3 1 0
github.com/muety/wakapi/routes/subscription.go:375.8,377.3 1 0
github.com/muety/wakapi/routes/subscription.go:380.110,392.62 4 0
github.com/muety/wakapi/routes/subscription.go:392.62,394.3 1 0
github.com/muety/wakapi/routes/subscription.go:395.2,395.86 1 0
github.com/muety/wakapi/routes/subscription.go:398.82,400.57 2 0
github.com/muety/wakapi/routes/subscription.go:400.57,402.3 1 0
github.com/muety/wakapi/routes/summary.go:34.242,43.2 1 0
github.com/muety/wakapi/routes/summary.go:45.60,54.2 4 0
github.com/muety/wakapi/routes/summary.go:56.75,57.22 1 0
github.com/muety/wakapi/routes/summary.go:57.22,59.3 1 0
github.com/muety/wakapi/routes/summary.go:61.2,63.52 3 0
github.com/muety/wakapi/routes/summary.go:63.52,65.89 1 0
github.com/muety/wakapi/routes/summary.go:65.89,68.4 2 0
github.com/muety/wakapi/routes/summary.go:70.3,71.30 2 0
github.com/muety/wakapi/routes/summary.go:72.8,72.36 1 0
github.com/muety/wakapi/routes/summary.go:72.36,76.3 2 0
github.com/muety/wakapi/routes/summary.go:78.2,80.16 3 0
github.com/muety/wakapi/routes/summary.go:80.16,85.3 4 0
github.com/muety/wakapi/routes/summary.go:87.2,88.16 2 0
github.com/muety/wakapi/routes/summary.go:88.16,93.3 4 0
github.com/muety/wakapi/routes/summary.go:94.2,97.17 3 0
github.com/muety/wakapi/routes/summary.go:97.17,101.3 3 0
github.com/muety/wakapi/routes/summary.go:104.2,105.16 2 0
github.com/muety/wakapi/routes/summary.go:105.16,110.3 4 0
github.com/muety/wakapi/routes/summary.go:113.2,114.120 2 0
github.com/muety/wakapi/routes/summary.go:114.120,116.17 2 0
github.com/muety/wakapi/routes/summary.go:116.17,118.4 1 0
github.com/muety/wakapi/routes/summary.go:118.9,120.4 1 0
github.com/muety/wakapi/routes/summary.go:124.2,126.35 3 0
github.com/muety/wakapi/routes/summary.go:126.35,128.3 1 0
github.com/muety/wakapi/routes/summary.go:129.2,129.148 1 0
github.com/muety/wakapi/routes/summary.go:129.148,130.125 1 0
github.com/muety/wakapi/routes/summary.go:130.125,133.4 2 0
github.com/muety/wakapi/routes/summary.go:134.8,136.3 1 0
github.com/muety/wakapi/routes/summary.go:138.2,157.48 2 0
github.com/muety/wakapi/routes/summary.go:160.104,168.2 2 0
github.com/muety/wakapi/routes/summary.go:170.103,173.37 3 0
github.com/muety/wakapi/routes/summary.go:173.37,175.17 2 0
github.com/muety/wakapi/routes/summary.go:175.17,177.4 1 0
github.com/muety/wakapi/routes/summary.go:178.3,178.44 1 0
github.com/muety/wakapi/routes/summary.go:180.2,180.23 1 0
github.com/muety/wakapi/routes/summary.go:184.97,186.91 1 0
github.com/muety/wakapi/routes/summary.go:186.91,186.110 1 0
github.com/muety/wakapi/routes/summary.go:187.92,187.111 1 0
github.com/muety/wakapi/routes/summary.go:188.91,188.110 1 0
github.com/muety/wakapi/routes/summary.go:189.89,189.108 1 0
github.com/muety/wakapi/routes/summary.go:190.93,190.112 1 0
github.com/muety/wakapi/routes/test_utils.go:12.69,19.2 6 1
