mode: set
github.com/muety/wakapi/helpers/date.go:19.2,19.58 1 0
github.com/muety/wakapi/helpers/date.go:20.3,21.1 1 0
github.com/muety/wakapi/helpers/date.go:22.2,22.87 1 0
github.com/muety/wakapi/helpers/date.go:23.3,24.1 1 0
github.com/muety/wakapi/helpers/date.go:25.2,25.64 1 0
github.com/muety/wakapi/helpers/date.go:29.2,30.1 1 0
github.com/muety/wakapi/helpers/date.go:33.2,34.1 1 0
github.com/muety/wakapi/helpers/date.go:37.2,38.1 1 0
github.com/muety/wakapi/helpers/date.go:41.2,42.39 2 0
github.com/muety/wakapi/helpers/date.go:43.3,44.1 1 0
github.com/muety/wakapi/helpers/date.go:45.2,45.28 1 0
github.com/muety/wakapi/helpers/date.go:49.2,50.1 1 0
github.com/muety/wakapi/helpers/date.go:53.2,58.1 5 0
github.com/muety/wakapi/helpers/http.go:11.2,13.58 3 0
github.com/muety/wakapi/helpers/http.go:14.3,15.1 1 0
github.com/muety/wakapi/helpers/interval.go:12.2,12.40 1 0
github.com/muety/wakapi/helpers/interval.go:13.3,13.27 1 0
github.com/muety/wakapi/helpers/interval.go:14.4,15.1 1 0
github.com/muety/wakapi/helpers/interval.go:17.2,17.48 1 0
github.com/muety/wakapi/helpers/interval.go:21.2,23.1 2 0
github.com/muety/wakapi/helpers/interval.go:26.2,28.1 2 0
github.com/muety/wakapi/helpers/interval.go:31.2,32.16 2 0
github.com/muety/wakapi/helpers/interval.go:33.3,34.1 1 0
github.com/muety/wakapi/helpers/interval.go:35.2,35.51 1 0
github.com/muety/wakapi/helpers/interval.go:39.2,41.1 3 1
github.com/muety/wakapi/helpers/interval.go:42.2,42.18 3 1
github.com/muety/wakapi/helpers/interval.go:44.3,44.32 1 0
github.com/muety/wakapi/helpers/interval.go:46.3,47.30 2 0
github.com/muety/wakapi/helpers/interval.go:49.3,49.34 1 1
github.com/muety/wakapi/helpers/interval.go:51.3,51.48 1 0
github.com/muety/wakapi/helpers/interval.go:53.3,54.46 2 0
github.com/muety/wakapi/helpers/interval.go:56.3,56.36 1 0
github.com/muety/wakapi/helpers/interval.go:58.3,59.34 2 0
github.com/muety/wakapi/helpers/interval.go:61.3,61.35 1 0
github.com/muety/wakapi/helpers/interval.go:63.3,63.31 1 1
github.com/muety/wakapi/helpers/interval.go:65.3,66.48 2 0
github.com/muety/wakapi/helpers/interval.go:68.3,68.32 1 1
github.com/muety/wakapi/helpers/interval.go:70.3,70.32 1 1
github.com/muety/wakapi/helpers/interval.go:72.3,72.31 1 1
github.com/muety/wakapi/helpers/interval.go:74.3,74.32 1 1
github.com/muety/wakapi/helpers/interval.go:76.3,76.25 1 0
github.com/muety/wakapi/helpers/interval.go:78.3,78.39 1 0
github.com/muety/wakapi/helpers/interval.go:81.2,81.22 1 1
github.com/muety/wakapi/helpers/interval.go:86.2,86.15 1 1
github.com/muety/wakapi/helpers/interval.go:87.3,88.1 1 1
github.com/muety/wakapi/helpers/interval.go:89.2,89.14 1 1
github.com/muety/wakapi/helpers/interval.go:90.3,91.1 1 1
github.com/muety/wakapi/helpers/interval.go:92.2,92.14 1 1
github.com/muety/wakapi/helpers/interval.go:93.3,94.1 1 1
github.com/muety/wakapi/helpers/interval.go:95.2,95.15 1 1
github.com/muety/wakapi/helpers/interval.go:96.3,97.1 1 1
github.com/muety/wakapi/helpers/interval.go:98.2,98.15 1 1
github.com/muety/wakapi/helpers/interval.go:99.3,100.1 1 1
github.com/muety/wakapi/helpers/interval.go:101.2,101.16 1 1
github.com/muety/wakapi/helpers/interval.go:102.3,103.1 1 1
github.com/muety/wakapi/helpers/interval.go:104.2,104.16 1 1
github.com/muety/wakapi/helpers/interval.go:105.3,106.1 1 1
github.com/muety/wakapi/helpers/interval.go:107.2,107.41 1 1
github.com/muety/wakapi/helpers/summary.go:13.2,15.1 5 0
github.com/muety/wakapi/helpers/summary.go:16.2,18.1 5 0
github.com/muety/wakapi/helpers/summary.go:19.2,19.56 5 0
github.com/muety/wakapi/helpers/summary.go:20.3,21.1 1 0
github.com/muety/wakapi/helpers/summary.go:21.9,21.54 1 0
github.com/muety/wakapi/helpers/summary.go:22.3,23.1 1 0
github.com/muety/wakapi/helpers/summary.go:24.3,25.17 2 0
github.com/muety/wakapi/helpers/summary.go:26.4,27.1 1 0
github.com/muety/wakapi/helpers/summary.go:29.3,30.17 2 0
github.com/muety/wakapi/helpers/summary.go:31.4,32.1 1 0
github.com/muety/wakapi/helpers/summary.go:35.2,36.1 3 0
github.com/muety/wakapi/helpers/summary.go:37.2,38.1 3 0
github.com/muety/wakapi/helpers/summary.go:39.2,45.8 3 0
github.com/muety/wakapi/helpers/summary.go:49.2,50.48 2 0
github.com/muety/wakapi/helpers/summary.go:51.3,52.1 1 0
github.com/muety/wakapi/helpers/summary.go:53.2,53.49 1 0
github.com/muety/wakapi/helpers/summary.go:54.3,55.1 1 0
github.com/muety/wakapi/helpers/summary.go:56.2,56.47 1 0
github.com/muety/wakapi/helpers/summary.go:57.3,58.1 1 0
github.com/muety/wakapi/helpers/summary.go:59.2,59.48 1 0
github.com/muety/wakapi/helpers/summary.go:60.3,61.1 1 0
github.com/muety/wakapi/helpers/summary.go:62.2,62.57 1 0
github.com/muety/wakapi/helpers/summary.go:63.3,64.1 1 0
github.com/muety/wakapi/helpers/summary.go:65.2,65.46 1 0
github.com/muety/wakapi/helpers/summary.go:66.3,67.1 1 0
github.com/muety/wakapi/helpers/summary.go:68.2,68.47 1 0
github.com/muety/wakapi/helpers/summary.go:69.3,70.1 1 0
github.com/muety/wakapi/helpers/summary.go:71.2,71.47 1 0
github.com/muety/wakapi/helpers/summary.go:72.3,73.1 1 0
github.com/muety/wakapi/helpers/summary.go:74.2,74.49 1 0
github.com/muety/wakapi/helpers/summary.go:75.3,76.1 1 0
github.com/muety/wakapi/helpers/summary.go:77.2,77.16 1 0
github.com/muety/wakapi/helpers/summary.go:81.2,82.23 2 0
github.com/muety/wakapi/helpers/summary.go:83.3,85.1 2 0
github.com/muety/wakapi/helpers/summary.go:86.2,87.16 2 0
github.com/muety/wakapi/helpers/summary.go:88.3,89.1 1 0
github.com/muety/wakapi/helpers/summary.go:90.2,90.27 1 0
github.com/muety/wakapi/config/config.go:254.2,254.25 1 1
github.com/muety/wakapi/config/config.go:255.3,256.1 1 1
github.com/muety/wakapi/config/config.go:257.2,257.35 1 1
github.com/muety/wakapi/config/config.go:261.2,263.1 3 1
github.com/muety/wakapi/config/config.go:264.2,264.38 3 1
github.com/muety/wakapi/config/config.go:265.3,266.1 1 1
github.com/muety/wakapi/config/config.go:267.2,267.22 1 1
github.com/muety/wakapi/config/config.go:268.3,269.1 1 1
github.com/muety/wakapi/config/config.go:270.2,270.26 1 1
github.com/muety/wakapi/config/config.go:271.3,272.1 1 1
github.com/muety/wakapi/config/config.go:273.2,273.46 1 1
github.com/muety/wakapi/config/config.go:274.3,275.1 1 1
github.com/muety/wakapi/config/config.go:276.2,276.12 1 1
github.com/muety/wakapi/config/config.go:280.2,281.1 1 0
github.com/muety/wakapi/config/config.go:284.2,285.1 1 0
github.com/muety/wakapi/config/config.go:288.2,289.1 1 0
github.com/muety/wakapi/config/config.go:292.2,292.16 1 0
github.com/muety/wakapi/config/config.go:293.3,294.1 1 0
github.com/muety/wakapi/config/config.go:296.2,304.1 1 0
github.com/muety/wakapi/config/config.go:308.2,309.1 1 0
github.com/muety/wakapi/config/config.go:312.2,313.1 1 0
github.com/muety/wakapi/config/config.go:316.2,317.1 1 0
github.com/muety/wakapi/config/config.go:320.2,320.37 1 0
github.com/muety/wakapi/config/config.go:321.3,322.1 1 0
github.com/muety/wakapi/config/config.go:323.2,323.62 1 0
github.com/muety/wakapi/config/config.go:327.2,328.1 1 0
github.com/muety/wakapi/config/config.go:331.2,332.1 1 0
github.com/muety/wakapi/config/config.go:335.2,336.1 1 0
github.com/muety/wakapi/config/config.go:339.2,339.46 1 1
github.com/muety/wakapi/config/config.go:341.3,343.17 3 0
github.com/muety/wakapi/config/config.go:344.4,345.1 1 0
github.com/muety/wakapi/config/config.go:347.3,348.17 2 0
github.com/muety/wakapi/config/config.go:349.4,350.1 1 0
github.com/muety/wakapi/config/config.go:352.3,352.44 1 0
github.com/muety/wakapi/config/config.go:355.2,355.51 1 1
github.com/muety/wakapi/config/config.go:359.2,359.47 1 1
github.com/muety/wakapi/config/config.go:361.3,364.1 5 0
github.com/muety/wakapi/config/config.go:365.3,366.17 5 0
github.com/muety/wakapi/config/config.go:367.4,368.1 1 0
github.com/muety/wakapi/config/config.go:370.3,371.17 2 0
github.com/muety/wakapi/config/config.go:372.4,373.1 1 0
github.com/muety/wakapi/config/config.go:375.3,375.54 1 0
github.com/muety/wakapi/config/config.go:378.2,378.52 1 1
github.com/muety/wakapi/config/config.go:382.2,383.1 3 1
github.com/muety/wakapi/config/config.go:384.2,385.1 3 1
github.com/muety/wakapi/config/config.go:386.2,386.56 3 1
github.com/muety/wakapi/config/config.go:388.3,388.33 1 0
github.com/muety/wakapi/config/config.go:389.4,391.18 3 0
github.com/muety/wakapi/config/config.go:392.5,393.1 1 0
github.com/muety/wakapi/config/config.go:395.4,396.18 2 0
github.com/muety/wakapi/config/config.go:397.5,398.1 1 0
github.com/muety/wakapi/config/config.go:400.4,400.45 1 0
github.com/muety/wakapi/config/config.go:403.3,403.33 1 1
github.com/muety/wakapi/config/config.go:404.4,405.1 1 1
github.com/muety/wakapi/config/config.go:408.2,408.76 1 1
github.com/muety/wakapi/config/config.go:409.3,410.1 1 1
github.com/muety/wakapi/config/config.go:412.2,412.14 1 1
github.com/muety/wakapi/config/config.go:416.2,418.1 2 0
github.com/muety/wakapi/config/config.go:421.2,421.38 1 1
github.com/muety/wakapi/config/config.go:422.3,423.1 1 1
github.com/muety/wakapi/config/config.go:424.2,424.43 1 1
github.com/muety/wakapi/config/config.go:425.3,425.46 1 1
github.com/muety/wakapi/config/config.go:426.4,427.1 1 1
github.com/muety/wakapi/config/config.go:429.2,429.14 1 1
github.com/muety/wakapi/config/config.go:433.2,434.1 2 1
github.com/muety/wakapi/config/config.go:435.2,435.64 2 1
github.com/muety/wakapi/config/config.go:437.3,437.15 1 1
github.com/muety/wakapi/config/config.go:438.4,438.12 1 1
github.com/muety/wakapi/config/config.go:442.3,443.17 2 0
github.com/muety/wakapi/config/config.go:444.4,445.12 2 0
github.com/muety/wakapi/config/config.go:449.3,450.22 2 0
github.com/muety/wakapi/config/config.go:451.4,452.29 2 0
github.com/muety/wakapi/config/config.go:453.5,454.1 1 0
github.com/muety/wakapi/config/config.go:455.4,457.12 3 0
github.com/muety/wakapi/config/config.go:460.3,460.55 1 0
github.com/muety/wakapi/config/config.go:465.2,466.1 1 0
github.com/muety/wakapi/config/config.go:469.2,470.1 1 0
github.com/muety/wakapi/config/config.go:473.2,474.1 1 0
github.com/muety/wakapi/config/config.go:477.2,478.1 1 0
github.com/muety/wakapi/config/config.go:481.2,482.1 1 0
github.com/muety/wakapi/config/config.go:485.2,485.112 1 0
github.com/muety/wakapi/config/config.go:486.3,487.1 1 0
github.com/muety/wakapi/config/config.go:491.2,493.23 3 0
github.com/muety/wakapi/config/config.go:494.3,495.1 1 0
github.com/muety/wakapi/config/config.go:497.2,499.1 4 0
github.com/muety/wakapi/config/config.go:500.2,501.20 4 0
github.com/muety/wakapi/config/config.go:503.3,503.28 1 0
github.com/muety/wakapi/config/config.go:505.3,505.28 1 0
github.com/muety/wakapi/config/config.go:507.3,507.26 1 0
github.com/muety/wakapi/config/config.go:510.2,510.51 1 0
github.com/muety/wakapi/config/config.go:514.2,515.1 1 1
github.com/muety/wakapi/config/config.go:518.2,519.1 1 0
github.com/muety/wakapi/config/config.go:522.2,523.1 1 0
github.com/muety/wakapi/config/config.go:526.2,527.1 1 1
github.com/muety/wakapi/config/config.go:530.2,531.1 1 1
github.com/muety/wakapi/config/config.go:534.2,535.1 1 0
github.com/muety/wakapi/config/config.go:538.2,539.1 1 1
github.com/muety/wakapi/config/config.go:551.2,552.16 2 1
github.com/muety/wakapi/config/config.go:553.3,553.48 1 1
github.com/muety/wakapi/config/config.go:554.4,555.1 1 0
github.com/muety/wakapi/config/config.go:556.4,557.1 1 1
github.com/muety/wakapi/config/config.go:560.2,561.53 2 1
github.com/muety/wakapi/config/config.go:562.3,563.1 1 0
github.com/muety/wakapi/config/config.go:565.2,565.15 1 1
github.com/muety/wakapi/config/config.go:569.2,569.27 1 1
github.com/muety/wakapi/config/config.go:570.3,571.1 1 0
github.com/muety/wakapi/config/config.go:572.2,572.24 1 1
github.com/muety/wakapi/config/config.go:573.3,574.1 1 0
github.com/muety/wakapi/config/config.go:575.2,575.25 1 1
github.com/muety/wakapi/config/config.go:576.3,577.1 1 0
github.com/muety/wakapi/config/config.go:578.2,578.15 1 1
github.com/muety/wakapi/config/config.go:582.2,583.1 1 1
github.com/muety/wakapi/config/config.go:586.2,587.1 1 1
github.com/muety/wakapi/config/config.go:590.2,592.1 4 1
github.com/muety/wakapi/config/config.go:593.2,594.101 4 1
github.com/muety/wakapi/config/config.go:595.3,596.1 1 0
github.com/muety/wakapi/config/config.go:598.2,599.1 5 1
github.com/muety/wakapi/config/config.go:600.2,601.1 5 1
github.com/muety/wakapi/config/config.go:602.2,604.21 5 1
github.com/muety/wakapi/config/config.go:605.3,606.1 1 0
github.com/muety/wakapi/config/config.go:608.2,611.35 4 1
github.com/muety/wakapi/config/config.go:612.3,613.1 1 0
github.com/muety/wakapi/config/config.go:614.2,614.25 1 1
github.com/muety/wakapi/config/config.go:615.3,617.1 2 0
github.com/muety/wakapi/config/config.go:619.2,620.16 2 1
github.com/muety/wakapi/config/config.go:621.3,623.1 2 0
github.com/muety/wakapi/config/config.go:624.2,624.25 1 1
github.com/muety/wakapi/config/config.go:626.3,627.1 1 1
github.com/muety/wakapi/config/config.go:628.2,628.25 1 1
github.com/muety/wakapi/config/config.go:629.3,630.1 1 0
github.com/muety/wakapi/config/config.go:631.2,632.1 4 1
github.com/muety/wakapi/config/config.go:633.2,634.1 4 1
github.com/muety/wakapi/config/config.go:635.2,636.81 4 1
github.com/muety/wakapi/config/config.go:637.3,638.1 1 1
github.com/muety/wakapi/config/config.go:639.3,640.1 1 0
github.com/muety/wakapi/config/config.go:642.2,642.47 1 1
github.com/muety/wakapi/config/config.go:643.3,643.14 1 0
github.com/muety/wakapi/config/config.go:644.4,645.1 1 0
github.com/muety/wakapi/config/config.go:648.2,648.29 1 1
github.com/muety/wakapi/config/config.go:649.3,649.38 1 0
github.com/muety/wakapi/config/config.go:650.4,651.1 1 0
github.com/muety/wakapi/config/config.go:652.3,653.60 2 0
github.com/muety/wakapi/config/config.go:656.2,656.70 1 1
github.com/muety/wakapi/config/config.go:657.3,658.50 2 1
github.com/muety/wakapi/config/config.go:659.4,660.1 1 1
github.com/muety/wakapi/config/config.go:663.2,663.41 1 1
github.com/muety/wakapi/config/config.go:664.3,665.1 1 1
github.com/muety/wakapi/config/config.go:666.3,667.35 2 0
github.com/muety/wakapi/config/config.go:668.4,669.1 1 0
github.com/muety/wakapi/config/config.go:670.3,670.34 1 0
github.com/muety/wakapi/config/config.go:674.2,674.108 1 1
github.com/muety/wakapi/config/config.go:675.3,676.1 1 0
github.com/muety/wakapi/config/config.go:677.2,677.52 1 1
github.com/muety/wakapi/config/config.go:678.3,679.1 1 0
github.com/muety/wakapi/config/config.go:680.2,680.51 1 1
github.com/muety/wakapi/config/config.go:681.3,683.1 2 1
github.com/muety/wakapi/config/config.go:684.2,684.100 1 1
github.com/muety/wakapi/config/config.go:685.3,686.1 1 0
github.com/muety/wakapi/config/config.go:687.2,687.53 1 1
github.com/muety/wakapi/config/config.go:688.3,689.1 1 0
github.com/muety/wakapi/config/config.go:690.2,690.74 1 1
github.com/muety/wakapi/config/config.go:691.3,692.1 1 0
github.com/muety/wakapi/config/config.go:693.2,693.95 1 1
github.com/muety/wakapi/config/config.go:694.3,695.1 1 0
github.com/muety/wakapi/config/config.go:696.2,696.156 1 1
github.com/muety/wakapi/config/config.go:697.3,698.1 1 0
github.com/muety/wakapi/config/config.go:699.2,699.165 1 1
github.com/muety/wakapi/config/config.go:700.3,701.1 1 0
github.com/muety/wakapi/config/config.go:702.2,702.57 1 1
github.com/muety/wakapi/config/config.go:703.3,703.45 1 1
github.com/muety/wakapi/config/config.go:704.4,705.1 1 0
github.com/muety/wakapi/config/config.go:708.2,709.1 2 1
github.com/muety/wakapi/config/config.go:710.2,710.78 2 1
github.com/muety/wakapi/config/config.go:711.3,712.1 1 0
github.com/muety/wakapi/config/config.go:713.2,713.81 1 1
github.com/muety/wakapi/config/config.go:714.3,715.1 1 0
github.com/muety/wakapi/config/config.go:716.2,716.66 1 1
github.com/muety/wakapi/config/config.go:717.3,717.48 1 1
github.com/muety/wakapi/config/config.go:718.4,719.1 1 0
github.com/muety/wakapi/config/config.go:723.2,723.76 1 1
github.com/muety/wakapi/config/config.go:724.3,725.1 1 0
github.com/muety/wakapi/config/config.go:728.2,728.55 1 1
github.com/muety/wakapi/config/config.go:729.3,730.1 1 0
github.com/muety/wakapi/config/config.go:731.2,731.56 1 1
github.com/muety/wakapi/config/config.go:732.3,733.1 1 0
github.com/muety/wakapi/config/config.go:734.2,734.65 1 1
github.com/muety/wakapi/config/config.go:735.3,736.1 1 0
github.com/muety/wakapi/config/config.go:738.2,739.1 5 1
github.com/muety/wakapi/config/config.go:741.2,744.1 5 1
github.com/muety/wakapi/config/config.go:745.2,745.14 5 1
github.com/muety/wakapi/config/config.go:749.2,757.1 1 1
github.com/muety/wakapi/config/config.go:761.2,763.1 2 0
github.com/muety/wakapi/config/config.go:767.2,767.50 1 1
github.com/muety/wakapi/config/config.go:768.3,770.1 2 1
github.com/muety/wakapi/config/config.go:774.2,775.1 3 1
github.com/muety/wakapi/config/config.go:776.2,777.16 3 1
github.com/muety/wakapi/config/config.go:778.3,779.1 1 0
github.com/muety/wakapi/config/config.go:781.2,785.1 3 1
github.com/muety/wakapi/config/config.go:787.2,788.16 3 1
github.com/muety/wakapi/config/config.go:789.3,790.1 1 0
github.com/muety/wakapi/config/config.go:803.2,804.1 2 1
github.com/muety/wakapi/config/config.go:805.2,805.33 2 1
github.com/muety/wakapi/config/config.go:806.3,808.1 3 1
github.com/muety/wakapi/config/config.go:810.3,810.69 3 1
github.com/muety/wakapi/config/config.go:811.4,813.1 3 1
github.com/muety/wakapi/config/config.go:814.4,814.135 3 1
github.com/muety/wakapi/config/config.go:815.5,817.1 2 0
github.com/muety/wakapi/config/config.go:818.4,818.18 1 1
github.com/muety/wakapi/config/config.go:830.2,830.33 1 1
github.com/muety/wakapi/config/config.go:831.3,832.22 2 1
github.com/muety/wakapi/config/config.go:833.4,833.12 1 0
github.com/muety/wakapi/config/config.go:835.3,836.1 2 1
github.com/muety/wakapi/config/config.go:837.3,837.36 2 1
github.com/muety/wakapi/config/config.go:838.4,839.28 2 1
github.com/muety/wakapi/config/config.go:840.5,842.1 2 0
github.com/muety/wakapi/config/config.go:844.4,845.18 2 1
github.com/muety/wakapi/config/config.go:846.5,848.1 2 0
github.com/muety/wakapi/config/config.go:850.4,851.18 2 1
github.com/muety/wakapi/config/cookie.go:16.2,17.1 1 1
github.com/muety/wakapi/config/cookie.go:30.2,31.16 2 1
github.com/muety/wakapi/config/cookie.go:32.3,33.1 1 0
github.com/muety/wakapi/config/cookie.go:35.2,38.1 4 1
github.com/muety/wakapi/config/cookie.go:39.2,39.36 4 1
github.com/muety/wakapi/config/cookie.go:40.3,41.1 1 0
github.com/muety/wakapi/config/cookie.go:43.2,43.29 1 1
github.com/muety/wakapi/config/cookie.go:47.2,48.16 2 1
github.com/muety/wakapi/config/cookie.go:49.3,50.1 1 0
github.com/muety/wakapi/config/cookie.go:52.2,53.61 2 1
github.com/muety/wakapi/config/cookie.go:57.2,59.1 2 1
github.com/muety/wakapi/config/cookie.go:62.2,63.1 1 1
github.com/muety/wakapi/config/cookie.go:66.2,66.46 1 0
github.com/muety/wakapi/config/cookie.go:67.3,68.1 1 0
github.com/muety/wakapi/config/cookie.go:69.2,69.42 1 0
github.com/muety/wakapi/config/cookie.go:73.2,73.44 1 0
github.com/muety/wakapi/config/cookie.go:74.3,75.1 1 0
github.com/muety/wakapi/config/cookie.go:76.2,76.40 1 0
github.com/muety/wakapi/config/db.go:54.2,54.19 1 0
github.com/muety/wakapi/config/db.go:56.3,59.5 1 0
github.com/muety/wakapi/config/db.go:61.3,63.5 1 0
github.com/muety/wakapi/config/db.go:65.3,65.48 1 0
github.com/muety/wakapi/config/db.go:68.2,68.12 1 0
github.com/muety/wakapi/config/db.go:72.2,72.25 1 1
github.com/muety/wakapi/config/db.go:73.3,74.1 1 0
github.com/muety/wakapi/config/db.go:76.2,77.1 2 1
github.com/muety/wakapi/config/db.go:78.2,78.25 2 1
github.com/muety/wakapi/config/db.go:79.3,80.1 1 1
github.com/muety/wakapi/config/db.go:82.2,90.3 1 1
github.com/muety/wakapi/config/db.go:94.2,94.25 1 1
github.com/muety/wakapi/config/db.go:95.3,96.1 1 0
github.com/muety/wakapi/config/db.go:98.2,99.16 2 1
github.com/muety/wakapi/config/db.go:100.3,101.1 1 0
github.com/muety/wakapi/config/db.go:106.2,113.3 1 1
github.com/muety/wakapi/config/db.go:117.2,118.1 1 1
github.com/muety/wakapi/config/db_opts.go:12.2,13.1 1 0
github.com/muety/wakapi/config/db_opts.go:16.2,17.1 1 0
github.com/muety/wakapi/config/db_opts.go:21.2,21.39 1 0
github.com/muety/wakapi/config/db_opts.go:23.3,23.100 1 0
github.com/muety/wakapi/config/db_opts.go:24.4,25.1 1 0
github.com/muety/wakapi/config/db_opts.go:28.2,28.30 1 0
github.com/muety/wakapi/config/db_opts.go:29.3,29.68 1 0
github.com/muety/wakapi/config/db_opts.go:30.4,31.1 1 0
github.com/muety/wakapi/config/db_opts.go:34.2,34.12 1 0
github.com/muety/wakapi/config/eventbus.go:34.2,35.1 1 1
github.com/muety/wakapi/config/eventbus.go:38.2,39.1 1 0
github.com/muety/wakapi/config/eventbus.go:42.2,43.1 1 0
github.com/muety/wakapi/config/fs.go:10.2,10.19 1 0
github.com/muety/wakapi/config/fs.go:11.3,11.46 1 0
github.com/muety/wakapi/config/fs.go:12.4,13.1 1 0
github.com/muety/wakapi/config/fs.go:14.3,14.98 1 0
github.com/muety/wakapi/config/fs.go:16.2,16.19 1 0
github.com/muety/wakapi/config/jobqueue.go:30.2,31.1 1 1
github.com/muety/wakapi/config/jobqueue.go:34.2,41.1 7 0
github.com/muety/wakapi/config/jobqueue.go:44.2,44.34 1 0
github.com/muety/wakapi/config/jobqueue.go:45.3,46.1 1 0
github.com/muety/wakapi/config/jobqueue.go:47.2,50.12 4 0
github.com/muety/wakapi/config/jobqueue.go:54.2,55.1 1 0
github.com/muety/wakapi/config/jobqueue.go:58.2,58.35 1 0
github.com/muety/wakapi/config/jobqueue.go:59.3,60.1 1 0
github.com/muety/wakapi/config/jobqueue.go:61.2,61.24 1 0
github.com/muety/wakapi/config/jobqueue.go:65.2,66.37 2 0
github.com/muety/wakapi/config/jobqueue.go:67.3,72.1 1 0
github.com/muety/wakapi/config/jobqueue.go:73.2,73.16 1 0
github.com/muety/wakapi/config/jobqueue.go:77.2,77.30 1 0
github.com/muety/wakapi/config/jobqueue.go:78.3,79.1 1 0
github.com/muety/wakapi/config/logging.go:12.2,13.25 2 1
github.com/muety/wakapi/config/logging.go:14.3,16.62 1 0
github.com/muety/wakapi/config/logging.go:17.5,17.44 1 0
github.com/muety/wakapi/config/logging.go:20.6,21.1 1 0
github.com/muety/wakapi/config/logging.go:22.5,22.13 1 0
github.com/muety/wakapi/config/logging.go:25.3,29.1 1 1
github.com/muety/wakapi/config/logging.go:30.2,30.36 1 1
github.com/muety/wakapi/config/oidc.go:38.2,38.31 1 1
github.com/muety/wakapi/config/oidc.go:39.3,39.65 1 1
github.com/muety/wakapi/config/oidc.go:40.4,41.1 1 1
github.com/muety/wakapi/config/oidc.go:45.2,45.62 1 1
github.com/muety/wakapi/config/oidc.go:46.3,47.1 1 1
github.com/muety/wakapi/config/oidc.go:48.2,48.53 1 1
github.com/muety/wakapi/config/oidc.go:49.3,50.1 1 1
github.com/muety/wakapi/config/oidc.go:51.2,51.52 1 1
github.com/muety/wakapi/config/oidc.go:52.3,53.1 1 1
github.com/muety/wakapi/config/oidc.go:54.2,54.11 1 1
github.com/muety/wakapi/config/oidc.go:58.2,58.28 1 1
github.com/muety/wakapi/config/oidc.go:59.3,59.48 1 1
github.com/muety/wakapi/config/oidc.go:60.4,60.38 1 1
github.com/muety/wakapi/config/oidc.go:61.5,62.1 1 1
github.com/muety/wakapi/config/oidc.go:65.2,65.11 1 1
github.com/muety/wakapi/config/oidc.go:71.2,75.1 4 1
github.com/muety/wakapi/config/oidc.go:76.2,79.1 4 1
github.com/muety/wakapi/config/oidc.go:82.2,83.1 3 1
github.com/muety/wakapi/config/oidc.go:84.2,85.16 3 1
github.com/muety/wakapi/config/oidc.go:86.3,88.1 2 0
github.com/muety/wakapi/config/oidc.go:90.2,91.39 2 1
github.com/muety/wakapi/config/oidc.go:92.3,92.78 1 0
github.com/muety/wakapi/config/oidc.go:93.4,94.1 1 0
github.com/muety/wakapi/config/oidc.go:97.2,103.1 2 1
github.com/muety/wakapi/config/oidc.go:105.2,111.1 2 1
github.com/muety/wakapi/config/oidc.go:115.2,116.9 2 1
github.com/muety/wakapi/config/oidc.go:117.3,118.1 1 0
github.com/muety/wakapi/config/oidc.go:119.2,119.22 1 1
github.com/muety/wakapi/config/oidc.go:123.2,125.1 2 0
github.com/muety/wakapi/config/sentry.go:28.2,29.16 2 1
github.com/muety/wakapi/config/sentry.go:30.3,31.1 1 1
github.com/muety/wakapi/config/sentry.go:33.2,33.136 1 1
github.com/muety/wakapi/config/sentry.go:34.3,35.30 2 0
github.com/muety/wakapi/config/sentry.go:36.4,36.29 1 0
github.com/muety/wakapi/config/sentry.go:37.5,38.1 1 0
github.com/muety/wakapi/config/sentry.go:40.3,40.24 1 0
github.com/muety/wakapi/config/sentry.go:43.2,48.4 1 1
github.com/muety/wakapi/config/sentry.go:53.2,53.25 1 1
github.com/muety/wakapi/config/sentry.go:54.3,55.1 1 1
github.com/muety/wakapi/config/sentry.go:56.2,57.21 2 1
github.com/muety/wakapi/config/sentry.go:61.2,64.1 3 0
github.com/muety/wakapi/config/sentry.go:67.2,69.39 3 0
github.com/muety/wakapi/config/sentry.go:70.3,71.1 1 0
github.com/muety/wakapi/config/sentry.go:72.2,72.11 1 0
github.com/muety/wakapi/config/sentry.go:84.2,91.59 1 0
github.com/muety/wakapi/config/sentry.go:92.4,93.38 2 0
github.com/muety/wakapi/config/sentry.go:94.5,94.38 1 0
github.com/muety/wakapi/config/sentry.go:95.6,96.1 1 0
github.com/muety/wakapi/config/sentry.go:98.4,98.50 1 0
github.com/muety/wakapi/config/sentry.go:99.5,100.1 1 0
github.com/muety/wakapi/config/sentry.go:101.4,101.37 1 0
github.com/muety/wakapi/config/sentry.go:105.4,106.1 1 0
github.com/muety/wakapi/config/sentry.go:108.3,109.1 1 0
github.com/muety/wakapi/config/sentry.go:114.2,115.23 2 0
github.com/muety/wakapi/config/sentry.go:116.3,118.1 2 0
github.com/muety/wakapi/config/sentry.go:119.2,120.16 2 0
github.com/muety/wakapi/config/sentry.go:121.3,122.1 1 0
github.com/muety/wakapi/config/sentry.go:123.2,123.21 1 0
github.com/muety/wakapi/config/shared_data.go:19.2,20.1 1 0
github.com/muety/wakapi/config/testutils.go:4.2,5.1 1 0
github.com/muety/wakapi/config/testutils.go:8.2,15.1 4 0
github.com/muety/wakapi/config/testutils.go:17.2,20.1 4 0
github.com/muety/wakapi/middlewares/authenticate.go:40.2,46.1 1 1
github.com/muety/wakapi/middlewares/authenticate.go:50.2,52.1 2 0
github.com/muety/wakapi/middlewares/authenticate.go:55.2,57.1 2 0
github.com/muety/wakapi/middlewares/authenticate.go:60.2,62.1 2 0
github.com/muety/wakapi/middlewares/authenticate.go:65.2,67.1 2 0
github.com/muety/wakapi/middlewares/authenticate.go:70.2,72.1 2 1
github.com/muety/wakapi/middlewares/authenticate.go:75.2,75.71 1 0
github.com/muety/wakapi/middlewares/authenticate.go:76.3,77.1 1 0
github.com/muety/wakapi/middlewares/authenticate.go:81.2,82.1 3 0
github.com/muety/wakapi/middlewares/authenticate.go:83.2,84.16 3 0
github.com/muety/wakapi/middlewares/authenticate.go:85.3,86.1 1 0
github.com/muety/wakapi/middlewares/authenticate.go:87.2,87.16 1 0
github.com/muety/wakapi/middlewares/authenticate.go:88.3,89.1 1 0
github.com/muety/wakapi/middlewares/authenticate.go:90.2,90.16 1 0
github.com/muety/wakapi/middlewares/authenticate.go:91.3,92.1 1 0
github.com/muety/wakapi/middlewares/authenticate.go:93.2,93.55 1 0
github.com/muety/wakapi/middlewares/authenticate.go:94.3,95.1 1 0
github.com/muety/wakapi/middlewares/authenticate.go:97.2,97.31 1 0
github.com/muety/wakapi/middlewares/authenticate.go:98.3,98.22 1 0
github.com/muety/wakapi/middlewares/authenticate.go:99.4,101.1 2 0
github.com/muety/wakapi/middlewares/authenticate.go:103.3,103.29 1 0
github.com/muety/wakapi/middlewares/authenticate.go:104.4,106.1 2 0
github.com/muety/wakapi/middlewares/authenticate.go:107.4,107.36 1 0
github.com/muety/wakapi/middlewares/authenticate.go:108.5,111.1 3 0
github.com/muety/wakapi/middlewares/authenticate.go:112.4,116.59 5 0
github.com/muety/wakapi/middlewares/authenticate.go:118.3,118.9 1 0
github.com/muety/wakapi/middlewares/authenticate.go:121.2,122.12 2 0
github.com/muety/wakapi/middlewares/authenticate.go:126.2,126.39 1 0
github.com/muety/wakapi/middlewares/authenticate.go:127.3,127.58 1 0
github.com/muety/wakapi/middlewares/authenticate.go:128.4,129.1 1 0
github.com/muety/wakapi/middlewares/authenticate.go:131.2,131.41 1 0
github.com/muety/wakapi/middlewares/authenticate.go:132.3,132.37 1 0
github.com/muety/wakapi/middlewares/authenticate.go:133.4,134.1 1 0
github.com/muety/wakapi/middlewares/authenticate.go:136.2,136.14 1 0
github.com/muety/wakapi/middlewares/authenticate.go:140.2,141.16 2 1
github.com/muety/wakapi/middlewares/authenticate.go:142.3,143.1 1 1
github.com/muety/wakapi/middlewares/authenticate.go:145.2,148.16 4 1
github.com/muety/wakapi/middlewares/authenticate.go:149.3,150.1 1 1
github.com/muety/wakapi/middlewares/authenticate.go:151.2,151.18 1 1
github.com/muety/wakapi/middlewares/authenticate.go:155.2,158.19 4 1
github.com/muety/wakapi/middlewares/authenticate.go:159.3,160.1 1 1
github.com/muety/wakapi/middlewares/authenticate.go:161.2,162.16 2 1
github.com/muety/wakapi/middlewares/authenticate.go:163.3,164.1 1 0
github.com/muety/wakapi/middlewares/authenticate.go:165.2,165.18 1 1
github.com/muety/wakapi/middlewares/authenticate.go:169.2,169.42 1 1
github.com/muety/wakapi/middlewares/authenticate.go:170.3,171.1 1 1
github.com/muety/wakapi/middlewares/authenticate.go:172.2,173.1 3 1
github.com/muety/wakapi/middlewares/authenticate.go:174.2,175.22 3 1
github.com/muety/wakapi/middlewares/authenticate.go:176.3,177.1 1 0
github.com/muety/wakapi/middlewares/authenticate.go:178.2,178.170 1 1
github.com/muety/wakapi/middlewares/authenticate.go:179.3,180.1 1 1
github.com/muety/wakapi/middlewares/authenticate.go:181.3,182.1 1 1
github.com/muety/wakapi/middlewares/authenticate.go:184.2,185.16 2 1
github.com/muety/wakapi/middlewares/authenticate.go:186.3,187.1 1 1
github.com/muety/wakapi/middlewares/authenticate.go:189.2,189.50 1 1
github.com/muety/wakapi/middlewares/authenticate.go:190.3,191.1 1 1
github.com/muety/wakapi/middlewares/authenticate.go:194.2,197.1 3 1
github.com/muety/wakapi/middlewares/authenticate.go:199.2,200.68 3 1
github.com/muety/wakapi/middlewares/authenticate.go:201.3,202.1 1 0
github.com/muety/wakapi/middlewares/authenticate.go:203.2,203.43 1 1
github.com/muety/wakapi/middlewares/authenticate.go:207.2,208.16 2 0
github.com/muety/wakapi/middlewares/authenticate.go:209.3,210.1 1 0
github.com/muety/wakapi/middlewares/authenticate.go:212.2,213.16 2 0
github.com/muety/wakapi/middlewares/authenticate.go:214.3,215.1 1 0
github.com/muety/wakapi/middlewares/authenticate.go:220.2,220.18 1 0
github.com/muety/wakapi/middlewares/authenticate.go:224.2,225.16 2 1
github.com/muety/wakapi/middlewares/authenticate.go:226.3,227.1 1 1
github.com/muety/wakapi/middlewares/authenticate.go:228.2,229.16 2 1
github.com/muety/wakapi/middlewares/authenticate.go:230.3,231.1 1 0
github.com/muety/wakapi/middlewares/authenticate.go:233.2,233.18 1 1
github.com/muety/wakapi/middlewares/filetype.go:14.2,14.43 1 0
github.com/muety/wakapi/middlewares/filetype.go:15.3,18.1 1 0
github.com/muety/wakapi/middlewares/filetype.go:23.2,24.34 2 0
github.com/muety/wakapi/middlewares/filetype.go:25.3,25.50 1 0
github.com/muety/wakapi/middlewares/filetype.go:26.4,29.1 3 0
github.com/muety/wakapi/middlewares/filetype.go:31.2,31.27 1 0
github.com/muety/wakapi/middlewares/logging.go:22.2,22.43 1 0
github.com/muety/wakapi/middlewares/logging.go:23.3,27.1 1 0
github.com/muety/wakapi/middlewares/logging.go:32.2,33.1 7 0
github.com/muety/wakapi/middlewares/logging.go:34.2,38.1 7 0
github.com/muety/wakapi/middlewares/logging.go:39.2,40.44 7 0
github.com/muety/wakapi/middlewares/logging.go:41.3,41.38 1 0
github.com/muety/wakapi/middlewares/logging.go:42.4,43.1 1 0
github.com/muety/wakapi/middlewares/logging.go:46.2,54.3 1 0
github.com/muety/wakapi/middlewares/logging.go:58.2,59.14 2 0
github.com/muety/wakapi/middlewares/logging.go:60.3,61.1 1 0
github.com/muety/wakapi/middlewares/logging.go:62.2,62.14 1 0
github.com/muety/wakapi/middlewares/logging.go:63.3,64.1 1 0
github.com/muety/wakapi/middlewares/logging.go:65.2,65.11 1 0
github.com/muety/wakapi/middlewares/logging.go:69.2,69.42 1 0
github.com/muety/wakapi/middlewares/logging.go:70.3,71.1 1 0
github.com/muety/wakapi/middlewares/logging.go:72.2,72.12 1 0
github.com/muety/wakapi/middlewares/logging.go:104.2,105.1 1 0
github.com/muety/wakapi/middlewares/logging.go:118.2,118.20 1 0
github.com/muety/wakapi/middlewares/logging.go:119.3,122.1 3 0
github.com/muety/wakapi/middlewares/logging.go:125.2,127.18 3 0
github.com/muety/wakapi/middlewares/logging.go:128.3,129.1 2 0
github.com/muety/wakapi/middlewares/logging.go:130.3,130.17 2 0
github.com/muety/wakapi/middlewares/logging.go:131.4,132.1 1 0
github.com/muety/wakapi/middlewares/logging.go:134.2,135.15 2 0
github.com/muety/wakapi/middlewares/logging.go:138.2,138.20 1 0
github.com/muety/wakapi/middlewares/logging.go:139.3,140.1 1 0
github.com/muety/wakapi/middlewares/logging.go:143.2,144.1 1 0
github.com/muety/wakapi/middlewares/logging.go:146.2,147.1 1 0
github.com/muety/wakapi/middlewares/logging.go:149.2,150.1 1 0
github.com/muety/wakapi/middlewares/logging.go:152.2,153.1 1 0
github.com/muety/wakapi/middlewares/principal.go:11.2,12.1 1 0
github.com/muety/wakapi/middlewares/principal.go:15.2,16.1 1 0
github.com/muety/wakapi/middlewares/security.go:20.2,20.43 1 0
github.com/muety/wakapi/middlewares/security.go:21.3,22.1 1 0
github.com/muety/wakapi/middlewares/security.go:26.2,26.36 1 0
github.com/muety/wakapi/middlewares/security.go:27.3,27.30 1 0
github.com/muety/wakapi/middlewares/security.go:28.4,29.1 1 0
github.com/muety/wakapi/middlewares/security.go:31.2,31.27 1 0
github.com/muety/wakapi/middlewares/sentry.go:16.2,16.43 1 0
github.com/muety/wakapi/middlewares/sentry.go:17.3,20.1 1 0
github.com/muety/wakapi/middlewares/sentry.go:24.2,26.54 3 0
github.com/muety/wakapi/middlewares/sentry.go:27.3,27.43 1 0
github.com/muety/wakapi/middlewares/sentry.go:28.4,29.1 1 0
github.com/muety/wakapi/middlewares/shared_data.go:33.2,33.43 1 0
github.com/muety/wakapi/middlewares/shared_data.go:34.3,35.1 1 0
github.com/muety/wakapi/middlewares/shared_data.go:39.2,42.1 3 0
github.com/muety/wakapi/middlewares/custom/wakatime.go:36.2,39.70 1 1
github.com/muety/wakapi/middlewares/custom/wakatime.go:40.5,41.1 1 1
github.com/muety/wakapi/middlewares/custom/wakatime.go:50.2,50.71 1 0
github.com/muety/wakapi/middlewares/custom/wakatime.go:51.3,52.1 1 0
github.com/muety/wakapi/middlewares/custom/wakatime.go:56.2,57.1 4 1
github.com/muety/wakapi/middlewares/custom/wakatime.go:58.2,60.1 4 1
github.com/muety/wakapi/middlewares/custom/wakatime.go:61.2,61.70 4 1
github.com/muety/wakapi/middlewares/custom/wakatime.go:62.3,63.1 1 1
github.com/muety/wakapi/middlewares/custom/wakatime.go:65.2,66.46 2 1
github.com/muety/wakapi/middlewares/custom/wakatime.go:67.3,68.1 1 1
github.com/muety/wakapi/middlewares/custom/wakatime.go:70.2,70.76 1 1
github.com/muety/wakapi/middlewares/custom/wakatime.go:71.3,73.1 2 1
github.com/muety/wakapi/middlewares/custom/wakatime.go:76.2,77.40 2 1
github.com/muety/wakapi/middlewares/custom/wakatime.go:78.3,79.1 1 0
github.com/muety/wakapi/middlewares/custom/wakatime.go:80.2,80.16 1 1
github.com/muety/wakapi/middlewares/custom/wakatime.go:81.3,83.1 2 0
github.com/muety/wakapi/middlewares/custom/wakatime.go:86.2,87.28 2 1
github.com/muety/wakapi/middlewares/custom/wakatime.go:88.3,89.1 1 0
github.com/muety/wakapi/middlewares/custom/wakatime.go:91.2,103.1 3 1
github.com/muety/wakapi/middlewares/custom/wakatime.go:105.2,106.1 3 1
github.com/muety/wakapi/middlewares/custom/wakatime.go:107.2,113.3 3 1
github.com/muety/wakapi/middlewares/custom/wakatime.go:117.2,118.16 2 1
github.com/muety/wakapi/middlewares/custom/wakatime.go:119.3,121.1 2 0
github.com/muety/wakapi/middlewares/custom/wakatime.go:123.2,123.28 1 1
github.com/muety/wakapi/middlewares/custom/wakatime.go:124.3,124.23 1 1
github.com/muety/wakapi/middlewares/custom/wakatime.go:125.4,126.1 1 1
github.com/muety/wakapi/middlewares/custom/wakatime.go:129.2,130.16 2 1
github.com/muety/wakapi/middlewares/custom/wakatime.go:131.3,133.1 2 0
github.com/muety/wakapi/middlewares/custom/wakatime.go:135.2,135.61 1 1
github.com/muety/wakapi/middlewares/custom/wakatime.go:136.3,137.1 2 0
github.com/muety/wakapi/middlewares/custom/wakatime.go:139.3,139.57 2 0
github.com/muety/wakapi/middlewares/custom/wakatime.go:140.4,141.1 1 0
github.com/muety/wakapi/middlewares/custom/wakatime.go:142.3,142.81 1 0
github.com/muety/wakapi/middlewares/custom/wakatime.go:143.4,147.1 1 0
github.com/muety/wakapi/middlewares/custom/wakatime.go:147.10,147.23 1 0
github.com/muety/wakapi/middlewares/custom/wakatime.go:148.4,149.1 1 0
github.com/muety/wakapi/middlewares/custom/wakatime.go:158.2,159.16 2 1
github.com/muety/wakapi/middlewares/custom/wakatime.go:160.3,161.1 1 0
github.com/muety/wakapi/middlewares/custom/wakatime.go:165.2,166.16 2 1
github.com/muety/wakapi/middlewares/custom/wakatime.go:167.3,168.1 1 0
github.com/muety/wakapi/middlewares/custom/wakatime.go:169.2,170.1 3 1
github.com/muety/wakapi/middlewares/custom/wakatime.go:171.2,172.80 3 1
github.com/muety/wakapi/middlewares/custom/wakatime.go:173.3,174.1 1 0
github.com/muety/wakapi/middlewares/custom/wakatime.go:176.2,177.1 2 1
github.com/muety/wakapi/middlewares/custom/wakatime.go:178.2,178.68 2 1
github.com/muety/wakapi/middlewares/custom/wakatime.go:179.3,179.23 1 1
github.com/muety/wakapi/middlewares/custom/wakatime.go:180.4,181.1 1 0
github.com/muety/wakapi/middlewares/custom/wakatime.go:182.3,183.1 2 1
github.com/muety/wakapi/middlewares/custom/wakatime.go:184.3,184.58 2 1
github.com/muety/wakapi/middlewares/custom/wakatime.go:185.4,187.1 2 1
github.com/muety/wakapi/middlewares/custom/wakatime.go:190.2,190.50 1 1
github.com/muety/wakapi/middlewares/custom/wakatime.go:191.3,191.33 1 1
github.com/muety/wakapi/middlewares/custom/wakatime.go:192.4,193.1 1 1
github.com/muety/wakapi/middlewares/custom/wakatime.go:194.9,194.32 1 1
github.com/muety/wakapi/middlewares/custom/wakatime.go:195.3,196.1 1 1
github.com/muety/wakapi/middlewares/custom/wakatime.go:198.2,198.23 1 1
github.com/muety/wakapi/middlewares/custom/wakatime.go:199.3,200.1 1 0
github.com/muety/wakapi/middlewares/custom/wakatime.go:202.2,202.37 1 1
github.com/muety/wakapi/middlewares/custom/wakatime.go:203.3,205.1 2 1
github.com/muety/wakapi/middlewares/custom/wakatime.go:207.2,208.62 2 1
github.com/muety/wakapi/middlewares/custom/wakatime.go:209.3,210.1 1 0
github.com/muety/wakapi/middlewares/custom/wakatime.go:212.2,212.25 1 1
github.com/muety/wakapi/models/alias.go:21.2,25.1 1 0
github.com/muety/wakapi/models/alias.go:28.2,28.35 1 0
github.com/muety/wakapi/models/alias.go:29.3,29.18 1 0
github.com/muety/wakapi/models/alias.go:30.4,31.1 1 0
github.com/muety/wakapi/models/alias.go:33.2,33.14 1 0
github.com/muety/wakapi/models/alias.go:37.2,37.72 1 0
github.com/muety/wakapi/models/alias.go:38.3,39.1 1 0
github.com/muety/wakapi/models/alias.go:40.2,43.20 4 0
github.com/muety/wakapi/models/api_key.go:12.2,13.1 1 0
github.com/muety/wakapi/models/canonical_names.go:17.2,22.1 2 0
github.com/muety/wakapi/models/canonical_names.go:26.2,26.27 1 0
github.com/muety/wakapi/models/canonical_names.go:27.3,28.1 1 0
github.com/muety/wakapi/models/canonical_names.go:30.2,30.46 1 0
github.com/muety/wakapi/models/canonical_names.go:31.3,32.1 1 0
github.com/muety/wakapi/models/canonical_names.go:34.2,35.64 2 0
github.com/muety/wakapi/models/canonical_names.go:36.3,37.1 1 0
github.com/muety/wakapi/models/canonical_names.go:39.2,39.34 1 0
github.com/muety/wakapi/models/duration.go:39.2,40.1 1 0
github.com/muety/wakapi/models/duration.go:43.2,43.23 1 0
github.com/muety/wakapi/models/duration.go:44.3,45.1 1 0
github.com/muety/wakapi/models/duration.go:46.2,52.35 1 0
github.com/muety/wakapi/models/duration.go:53.3,54.1 1 0
github.com/muety/wakapi/models/duration.go:55.2,55.18 1 0
github.com/muety/wakapi/models/duration.go:59.2,60.53 2 0
github.com/muety/wakapi/models/duration.go:61.3,62.1 1 0
github.com/muety/wakapi/models/duration.go:64.2,65.57 2 0
github.com/muety/wakapi/models/duration.go:66.3,67.1 1 0
github.com/muety/wakapi/models/duration.go:69.2,71.26 3 0
github.com/muety/wakapi/models/duration.go:74.3,76.1 2 0
github.com/muety/wakapi/models/duration.go:78.2,93.1 2 0
github.com/muety/wakapi/models/duration.go:94.2,94.10 2 0
github.com/muety/wakapi/models/duration.go:98.2,100.1 2 0
github.com/muety/wakapi/models/duration.go:103.2,105.1 2 0
github.com/muety/wakapi/models/duration.go:108.2,109.16 2 0
github.com/muety/wakapi/models/duration.go:110.3,111.1 1 0
github.com/muety/wakapi/models/duration.go:112.2,113.10 2 0
github.com/muety/wakapi/models/duration.go:117.2,118.48 2 0
github.com/muety/wakapi/models/duration.go:122.3,122.109 1 0
github.com/muety/wakapi/models/duration.go:123.4,125.1 2 0
github.com/muety/wakapi/models/duration.go:127.2,127.10 1 0
github.com/muety/wakapi/models/duration.go:131.2,131.11 1 0
github.com/muety/wakapi/models/duration.go:133.3,133.18 1 0
github.com/muety/wakapi/models/duration.go:135.3,135.17 1 0
github.com/muety/wakapi/models/duration.go:137.3,137.19 1 0
github.com/muety/wakapi/models/duration.go:139.3,139.26 1 0
github.com/muety/wakapi/models/duration.go:141.3,141.18 1 0
github.com/muety/wakapi/models/duration.go:143.3,143.17 1 0
github.com/muety/wakapi/models/duration.go:145.3,145.17 1 0
github.com/muety/wakapi/models/duration.go:147.3,147.19 1 0
github.com/muety/wakapi/models/duration.go:150.2,150.15 1 0
github.com/muety/wakapi/models/duration.go:151.3,152.1 1 0
github.com/muety/wakapi/models/duration.go:154.2,154.12 1 0
github.com/muety/wakapi/models/durations.go:8.2,9.1 1 0
github.com/muety/wakapi/models/durations.go:12.2,13.1 1 0
github.com/muety/wakapi/models/durations.go:16.2,17.1 1 0
github.com/muety/wakapi/models/durations.go:20.2,21.22 2 0
github.com/muety/wakapi/models/durations.go:22.3,23.1 1 0
github.com/muety/wakapi/models/durations.go:24.2,24.14 1 0
github.com/muety/wakapi/models/durations.go:28.2,30.1 2 0
github.com/muety/wakapi/models/durations.go:34.2,34.18 1 0
github.com/muety/wakapi/models/durations.go:35.3,36.1 1 0
github.com/muety/wakapi/models/durations.go:37.2,37.16 1 0
github.com/muety/wakapi/models/durations.go:42.2,42.18 1 0
github.com/muety/wakapi/models/durations.go:43.3,44.1 1 0
github.com/muety/wakapi/models/durations.go:45.2,45.24 1 0
github.com/muety/wakapi/models/durations.go:49.2,49.25 1 0
github.com/muety/wakapi/models/durations.go:50.3,51.1 1 0
github.com/muety/wakapi/models/durations.go:52.2,52.10 1 0
github.com/muety/wakapi/models/filters.go:30.2,31.1 1 1
github.com/muety/wakapi/models/filters.go:34.2,34.22 1 1
github.com/muety/wakapi/models/filters.go:35.3,35.48 1 1
github.com/muety/wakapi/models/filters.go:36.4,37.1 1 1
github.com/muety/wakapi/models/filters.go:39.2,39.14 1 1
github.com/muety/wakapi/models/filters.go:48.2,49.1 1 1
github.com/muety/wakapi/models/filters.go:52.2,54.1 2 1
github.com/muety/wakapi/models/filters.go:57.2,58.1 1 1
github.com/muety/wakapi/models/filters.go:63.2,63.33 1 0
github.com/muety/wakapi/models/filters.go:64.3,65.1 1 0
github.com/muety/wakapi/models/filters.go:66.2,66.10 1 0
github.com/muety/wakapi/models/filters.go:70.2,70.16 1 1
github.com/muety/wakapi/models/filters.go:72.3,72.41 1 1
github.com/muety/wakapi/models/filters.go:74.3,74.31 1 0
github.com/muety/wakapi/models/filters.go:76.3,76.43 1 1
github.com/muety/wakapi/models/filters.go:78.3,78.39 1 0
github.com/muety/wakapi/models/filters.go:80.3,80.41 1 0
github.com/muety/wakapi/models/filters.go:82.3,82.37 1 1
github.com/muety/wakapi/models/filters.go:84.3,84.39 1 0
github.com/muety/wakapi/models/filters.go:86.3,86.39 1 0
github.com/muety/wakapi/models/filters.go:88.3,88.43 1 0
github.com/muety/wakapi/models/filters.go:90.2,90.10 1 1
github.com/muety/wakapi/models/filters.go:94.2,94.44 1 1
github.com/muety/wakapi/models/filters.go:95.3,96.1 1 1
github.com/muety/wakapi/models/filters.go:96.9,96.41 1 1
github.com/muety/wakapi/models/filters.go:97.3,98.1 1 0
github.com/muety/wakapi/models/filters.go:98.9,98.53 1 1
github.com/muety/wakapi/models/filters.go:99.3,100.1 1 1
github.com/muety/wakapi/models/filters.go:100.9,100.49 1 1
github.com/muety/wakapi/models/filters.go:101.3,102.1 1 0
github.com/muety/wakapi/models/filters.go:102.9,102.51 1 1
github.com/muety/wakapi/models/filters.go:103.3,104.1 1 0
github.com/muety/wakapi/models/filters.go:104.9,104.47 1 1
github.com/muety/wakapi/models/filters.go:105.3,106.1 1 0
github.com/muety/wakapi/models/filters.go:106.9,106.49 1 1
github.com/muety/wakapi/models/filters.go:107.3,108.1 1 0
github.com/muety/wakapi/models/filters.go:108.9,108.49 1 1
github.com/muety/wakapi/models/filters.go:109.3,110.1 1 0
github.com/muety/wakapi/models/filters.go:110.9,110.53 1 1
github.com/muety/wakapi/models/filters.go:111.3,112.1 1 0
github.com/muety/wakapi/models/filters.go:113.2,113.29 1 1
github.com/muety/wakapi/models/filters.go:117.2,117.30 1 1
github.com/muety/wakapi/models/filters.go:118.3,119.1 1 1
github.com/muety/wakapi/models/filters.go:120.2,120.66 1 0
github.com/muety/wakapi/models/filters.go:124.2,126.1 2 1
github.com/muety/wakapi/models/filters.go:129.2,130.51 2 0
github.com/muety/wakapi/models/filters.go:131.3,132.1 1 0
github.com/muety/wakapi/models/filters.go:133.2,133.14 1 0
github.com/muety/wakapi/models/filters.go:137.2,138.51 2 0
github.com/muety/wakapi/models/filters.go:139.3,139.27 1 0
github.com/muety/wakapi/models/filters.go:140.4,141.1 1 0
github.com/muety/wakapi/models/filters.go:143.2,143.14 1 0
github.com/muety/wakapi/models/filters.go:147.2,148.1 1 1
github.com/muety/wakapi/models/filters.go:151.2,151.25 1 1
github.com/muety/wakapi/models/filters.go:152.3,153.1 1 1
github.com/muety/wakapi/models/filters.go:154.2,154.29 1 1
github.com/muety/wakapi/models/filters.go:158.2,159.51 2 1
github.com/muety/wakapi/models/filters.go:160.3,160.35 1 1
github.com/muety/wakapi/models/filters.go:161.4,162.1 1 1
github.com/muety/wakapi/models/filters.go:164.2,164.14 1 1
github.com/muety/wakapi/models/filters.go:168.2,168.18 1 1
github.com/muety/wakapi/models/filters.go:170.3,170.20 1 1
github.com/muety/wakapi/models/filters.go:172.3,172.21 1 1
github.com/muety/wakapi/models/filters.go:174.3,174.19 1 1
github.com/muety/wakapi/models/filters.go:176.3,176.15 1 1
github.com/muety/wakapi/models/filters.go:178.3,178.20 1 1
github.com/muety/wakapi/models/filters.go:180.3,180.18 1 1
github.com/muety/wakapi/models/filters.go:182.3,182.19 1 1
github.com/muety/wakapi/models/filters.go:184.3,184.19 1 1
github.com/muety/wakapi/models/filters.go:186.3,186.21 1 0
github.com/muety/wakapi/models/filters.go:188.3,188.21 1 0
github.com/muety/wakapi/models/filters.go:193.2,194.16 2 0
github.com/muety/wakapi/models/filters.go:195.3,196.1 1 0
github.com/muety/wakapi/models/filters.go:197.2,197.32 1 0
github.com/muety/wakapi/models/filters.go:201.2,207.1 1 1
github.com/muety/wakapi/models/filters.go:210.2,216.1 1 0
github.com/muety/wakapi/models/filters.go:220.2,220.26 1 1
github.com/muety/wakapi/models/filters.go:221.3,222.1 1 0
github.com/muety/wakapi/models/filters.go:224.2,224.25 1 1
github.com/muety/wakapi/models/filters.go:225.3,226.1 1 1
github.com/muety/wakapi/models/filters.go:228.2,228.22 1 1
github.com/muety/wakapi/models/filters.go:229.3,230.31 2 1
github.com/muety/wakapi/models/filters.go:231.4,233.1 2 1
github.com/muety/wakapi/models/filters.go:234.3,235.22 2 1
github.com/muety/wakapi/models/filters.go:237.2,237.17 1 1
github.com/muety/wakapi/models/filters.go:238.3,239.26 2 0
github.com/muety/wakapi/models/filters.go:240.4,242.1 2 0
github.com/muety/wakapi/models/filters.go:243.3,244.17 2 0
github.com/muety/wakapi/models/filters.go:246.2,246.23 1 1
github.com/muety/wakapi/models/filters.go:247.3,248.32 2 1
github.com/muety/wakapi/models/filters.go:249.4,251.1 2 1
github.com/muety/wakapi/models/filters.go:252.3,253.23 2 1
github.com/muety/wakapi/models/filters.go:255.2,255.21 1 1
github.com/muety/wakapi/models/filters.go:256.3,257.30 2 0
github.com/muety/wakapi/models/filters.go:258.4,260.1 2 0
github.com/muety/wakapi/models/filters.go:261.3,262.21 2 0
github.com/muety/wakapi/models/filters.go:264.2,264.22 1 1
github.com/muety/wakapi/models/filters.go:265.3,266.31 2 0
github.com/muety/wakapi/models/filters.go:267.4,269.1 2 0
github.com/muety/wakapi/models/filters.go:270.3,271.22 2 0
github.com/muety/wakapi/models/filters.go:273.2,273.21 1 1
github.com/muety/wakapi/models/filters.go:274.3,275.30 2 0
github.com/muety/wakapi/models/filters.go:276.4,278.1 2 0
github.com/muety/wakapi/models/filters.go:279.3,280.21 2 0
github.com/muety/wakapi/models/filters.go:282.2,282.23 1 1
github.com/muety/wakapi/models/filters.go:283.3,284.32 2 0
github.com/muety/wakapi/models/filters.go:285.4,287.1 2 0
github.com/muety/wakapi/models/filters.go:288.3,289.23 2 0
github.com/muety/wakapi/models/filters.go:293.2,294.10 2 1
github.com/muety/wakapi/models/filters.go:298.2,298.71 1 1
github.com/muety/wakapi/models/filters.go:299.3,300.1 1 0
github.com/muety/wakapi/models/filters.go:301.2,301.28 1 1
github.com/muety/wakapi/models/filters.go:302.3,303.1 1 1
github.com/muety/wakapi/models/filters.go:304.2,305.10 2 1
github.com/muety/wakapi/models/filters.go:309.2,310.1 1 0
github.com/muety/wakapi/models/heartbeat.go:52.2,53.1 1 1
github.com/muety/wakapi/models/heartbeat.go:56.2,58.1 2 0
github.com/muety/wakapi/models/heartbeat.go:61.2,64.22 4 0
github.com/muety/wakapi/models/heartbeat.go:65.3,65.44 1 0
github.com/muety/wakapi/models/heartbeat.go:66.4,67.1 1 0
github.com/muety/wakapi/models/heartbeat.go:67.10,67.50 1 0
github.com/muety/wakapi/models/heartbeat.go:68.4,69.1 1 0
github.com/muety/wakapi/models/heartbeat.go:72.2,72.10 1 0
github.com/muety/wakapi/models/heartbeat.go:76.2,77.46 2 1
github.com/muety/wakapi/models/heartbeat.go:78.3,78.108 1 1
github.com/muety/wakapi/models/heartbeat.go:79.4,81.1 2 1
github.com/muety/wakapi/models/heartbeat.go:86.2,86.11 1 1
github.com/muety/wakapi/models/heartbeat.go:88.3,88.18 1 1
github.com/muety/wakapi/models/heartbeat.go:90.3,90.17 1 1
github.com/muety/wakapi/models/heartbeat.go:92.3,92.19 1 1
github.com/muety/wakapi/models/heartbeat.go:94.3,94.26 1 1
github.com/muety/wakapi/models/heartbeat.go:96.3,96.18 1 1
github.com/muety/wakapi/models/heartbeat.go:98.3,98.17 1 0
github.com/muety/wakapi/models/heartbeat.go:100.3,100.17 1 0
github.com/muety/wakapi/models/heartbeat.go:102.3,102.19 1 1
github.com/muety/wakapi/models/heartbeat.go:105.2,105.15 1 1
github.com/muety/wakapi/models/heartbeat.go:106.3,107.1 1 1
github.com/muety/wakapi/models/heartbeat.go:109.2,109.12 1 1
github.com/muety/wakapi/models/heartbeat.go:113.2,114.1 1 0
github.com/muety/wakapi/models/heartbeat.go:117.2,118.1 1 0
github.com/muety/wakapi/models/heartbeat.go:121.2,122.1 1 0
github.com/muety/wakapi/models/heartbeat.go:125.2,126.1 1 0
github.com/muety/wakapi/models/heartbeat.go:129.2,129.29 1 0
github.com/muety/wakapi/models/heartbeat.go:130.3,131.1 1 0
github.com/muety/wakapi/models/heartbeat.go:132.2,132.30 1 0
github.com/muety/wakapi/models/heartbeat.go:133.3,134.1 1 0
github.com/muety/wakapi/models/heartbeat.go:135.2,135.31 1 0
github.com/muety/wakapi/models/heartbeat.go:136.3,137.1 1 0
github.com/muety/wakapi/models/heartbeat.go:141.2,156.1 1 0
github.com/muety/wakapi/models/heartbeat.go:165.2,166.16 2 1
github.com/muety/wakapi/models/heartbeat.go:167.3,168.1 1 0
github.com/muety/wakapi/models/heartbeat.go:169.2,170.10 2 1
github.com/muety/wakapi/models/heartbeat.go:174.2,185.1 1 0
github.com/muety/wakapi/models/heartbeats.go:8.2,9.1 1 0
github.com/muety/wakapi/models/heartbeats.go:12.2,13.1 1 0
github.com/muety/wakapi/models/heartbeats.go:16.2,17.1 1 0
github.com/muety/wakapi/models/heartbeats.go:20.2,22.1 2 0
github.com/muety/wakapi/models/heartbeats.go:26.2,26.18 1 0
github.com/muety/wakapi/models/heartbeats.go:27.3,28.1 1 0
github.com/muety/wakapi/models/heartbeats.go:29.2,29.16 1 0
github.com/muety/wakapi/models/heartbeats.go:34.2,34.18 1 0
github.com/muety/wakapi/models/heartbeats.go:35.3,36.1 1 0
github.com/muety/wakapi/models/heartbeats.go:37.2,37.24 1 0
github.com/muety/wakapi/models/interval.go:48.2,48.23 1 0
github.com/muety/wakapi/models/interval.go:49.3,49.13 1 0
github.com/muety/wakapi/models/interval.go:50.4,51.1 1 0
github.com/muety/wakapi/models/interval.go:53.2,53.14 1 0
github.com/muety/wakapi/models/interval.go:57.2,57.23 1 0
github.com/muety/wakapi/models/interval.go:58.3,58.34 1 0
github.com/muety/wakapi/models/interval.go:59.4,60.1 1 0
github.com/muety/wakapi/models/interval.go:62.2,62.11 1 0
github.com/muety/wakapi/models/language_mapping.go:12.2,13.1 1 0
github.com/muety/wakapi/models/language_mapping.go:16.2,17.1 1 0
github.com/muety/wakapi/models/language_mapping.go:20.2,21.1 1 0
github.com/muety/wakapi/models/leaderboard.go:29.2,30.1 1 0
github.com/muety/wakapi/models/leaderboard.go:40.2,40.103 1 0
github.com/muety/wakapi/models/leaderboard.go:41.3,42.1 1 0
github.com/muety/wakapi/models/leaderboard.go:43.3,44.1 1 0
github.com/muety/wakapi/models/leaderboard.go:48.2,48.29 1 0
github.com/muety/wakapi/models/leaderboard.go:49.3,50.1 1 0
github.com/muety/wakapi/models/leaderboard.go:55.2,55.94 1 0
github.com/muety/wakapi/models/leaderboard.go:56.3,57.1 1 0
github.com/muety/wakapi/models/leaderboard.go:61.2,61.123 1 0
github.com/muety/wakapi/models/leaderboard.go:62.3,63.1 1 0
github.com/muety/wakapi/models/leaderboard.go:67.2,68.1 1 0
github.com/muety/wakapi/models/leaderboard.go:72.2,72.109 1 0
github.com/muety/wakapi/models/leaderboard.go:73.3,74.1 1 0
github.com/muety/wakapi/models/leaderboard.go:75.2,75.15 1 0
github.com/muety/wakapi/models/leaderboard.go:79.2,79.95 1 0
github.com/muety/wakapi/models/leaderboard.go:80.3,81.1 1 0
github.com/muety/wakapi/models/leaderboard.go:85.2,85.114 1 0
github.com/muety/wakapi/models/leaderboard.go:86.3,87.1 1 0
github.com/muety/wakapi/models/leaderboard.go:91.2,92.1 2 0
github.com/muety/wakapi/models/leaderboard.go:93.2,93.25 2 0
github.com/muety/wakapi/models/leaderboard.go:94.3,94.58 1 0
github.com/muety/wakapi/models/leaderboard.go:95.4,95.12 1 0
github.com/muety/wakapi/models/leaderboard.go:97.3,98.38 2 0
github.com/muety/wakapi/models/leaderboard.go:99.4,100.1 1 0
github.com/muety/wakapi/models/leaderboard.go:101.3,101.40 1 0
github.com/muety/wakapi/models/leaderboard.go:104.2,104.184 1 0
github.com/muety/wakapi/models/leaderboard.go:105.3,106.1 1 0
github.com/muety/wakapi/models/leaderboard.go:107.2,107.67 1 0
github.com/muety/wakapi/models/leaderboard.go:108.3,109.1 1 0
github.com/muety/wakapi/models/leaderboard.go:111.2,111.15 1 0
github.com/muety/wakapi/models/leaderboard.go:115.2,115.128 1 0
github.com/muety/wakapi/models/leaderboard.go:116.3,117.1 1 0
github.com/muety/wakapi/models/leaderboard.go:121.2,121.107 1 0
github.com/muety/wakapi/models/leaderboard.go:122.3,123.1 1 0
github.com/muety/wakapi/models/leaderboard.go:127.2,128.25 2 0
github.com/muety/wakapi/models/leaderboard.go:129.3,129.43 1 0
github.com/muety/wakapi/models/leaderboard.go:130.4,131.1 1 0
github.com/muety/wakapi/models/leaderboard.go:133.2,133.19 1 0
github.com/muety/wakapi/models/mail.go:26.2,29.1 3 0
github.com/muety/wakapi/models/mail.go:32.2,35.1 3 0
github.com/muety/wakapi/models/mail.go:38.2,38.18 1 0
github.com/muety/wakapi/models/mail.go:39.3,40.1 1 0
github.com/muety/wakapi/models/mail.go:41.2,41.21 1 0
github.com/muety/wakapi/models/mail.go:42.3,43.1 1 0
github.com/muety/wakapi/models/mail.go:44.2,44.23 1 0
github.com/muety/wakapi/models/mail.go:45.3,46.1 1 0
github.com/muety/wakapi/models/mail.go:47.2,47.10 1 0
github.com/muety/wakapi/models/mail.go:51.2,66.1 2 0
github.com/muety/wakapi/models/mail.go:67.2,67.29 2 0
github.com/muety/wakapi/models/mail.go:68.3,69.1 1 0
github.com/muety/wakapi/models/mail.go:71.2,71.56 1 0
github.com/muety/wakapi/models/mail.go:75.2,76.1 1 0
github.com/muety/wakapi/models/mail_address.go:19.2,21.1 2 1
github.com/muety/wakapi/models/mail_address.go:28.2,29.1 1 0
github.com/muety/wakapi/models/mail_address.go:32.2,33.21 2 1
github.com/muety/wakapi/models/mail_address.go:34.3,34.21 1 1
github.com/muety/wakapi/models/mail_address.go:35.4,36.1 1 1
github.com/muety/wakapi/models/mail_address.go:37.3,37.18 1 1
github.com/muety/wakapi/models/mail_address.go:39.2,39.11 1 1
github.com/muety/wakapi/models/mail_address.go:43.2,44.21 2 0
github.com/muety/wakapi/models/mail_address.go:45.3,46.1 1 0
github.com/muety/wakapi/models/mail_address.go:47.2,47.17 1 0
github.com/muety/wakapi/models/mail_address.go:51.2,52.1 1 1
github.com/muety/wakapi/models/mail_address.go:55.2,56.22 2 0
github.com/muety/wakapi/models/mail_address.go:57.3,58.1 1 0
github.com/muety/wakapi/models/mail_address.go:59.2,59.12 1 0
github.com/muety/wakapi/models/mail_address.go:63.2,64.22 2 1
github.com/muety/wakapi/models/mail_address.go:65.3,66.1 1 1
github.com/muety/wakapi/models/mail_address.go:67.2,67.12 1 1
github.com/muety/wakapi/models/mail_address.go:71.2,71.22 1 1
github.com/muety/wakapi/models/mail_address.go:72.3,72.17 1 1
github.com/muety/wakapi/models/mail_address.go:73.4,74.1 1 1
github.com/muety/wakapi/models/mail_address.go:76.2,76.13 1 1
github.com/muety/wakapi/models/models.go:3.14,3.14 0 1
github.com/muety/wakapi/models/project_label.go:15.2,16.1 1 0
github.com/muety/wakapi/models/shared.go:56.2,56.56 1 0
github.com/muety/wakapi/models/shared.go:57.3,58.1 1 0
github.com/muety/wakapi/models/shared.go:60.2,61.1 2 0
github.com/muety/wakapi/models/shared.go:62.2,62.65 2 0
github.com/muety/wakapi/models/shared.go:62.66,62.66 0 0
github.com/muety/wakapi/models/shared.go:66.2,66.53 1 0
github.com/muety/wakapi/models/shared.go:67.3,68.1 1 0
github.com/muety/wakapi/models/shared.go:70.2,70.10 1 0
github.com/muety/wakapi/models/shared.go:74.2,75.1 1 0
github.com/muety/wakapi/models/shared.go:78.2,80.16 3 1
github.com/muety/wakapi/models/shared.go:81.3,82.1 1 0
github.com/muety/wakapi/models/shared.go:83.2,85.12 3 1
github.com/muety/wakapi/models/shared.go:89.2,92.1 3 0
github.com/muety/wakapi/models/shared.go:95.2,99.1 2 0
github.com/muety/wakapi/models/shared.go:100.2,100.23 2 0
github.com/muety/wakapi/models/shared.go:101.3,102.1 1 0
github.com/muety/wakapi/models/shared.go:104.2,104.27 1 0
github.com/muety/wakapi/models/shared.go:106.3,106.24 1 0
github.com/muety/wakapi/models/shared.go:108.3,108.31 1 0
github.com/muety/wakapi/models/shared.go:112.3,113.17 2 0
github.com/muety/wakapi/models/shared.go:114.4,115.1 1 0
github.com/muety/wakapi/models/shared.go:116.3,116.17 1 0
github.com/muety/wakapi/models/shared.go:117.4,118.1 1 0
github.com/muety/wakapi/models/shared.go:119.3,119.17 1 0
github.com/muety/wakapi/models/shared.go:120.4,121.1 1 0
github.com/muety/wakapi/models/shared.go:123.3,123.8 1 0
github.com/muety/wakapi/models/shared.go:125.3,125.64 1 0
github.com/muety/wakapi/models/shared.go:130.2,130.26 1 0
github.com/muety/wakapi/models/shared.go:131.3,132.1 1 0
github.com/muety/wakapi/models/shared.go:134.2,136.1 3 0
github.com/muety/wakapi/models/shared.go:137.2,137.12 3 0
github.com/muety/wakapi/models/shared.go:141.2,141.23 1 0
github.com/muety/wakapi/models/shared.go:142.3,143.1 1 0
github.com/muety/wakapi/models/shared.go:145.2,146.16 2 0
github.com/muety/wakapi/models/shared.go:147.3,148.1 1 0
github.com/muety/wakapi/models/shared.go:149.2,149.15 1 0
github.com/muety/wakapi/models/shared.go:153.2,154.1 1 1
github.com/muety/wakapi/models/shared.go:157.2,158.1 1 0
github.com/muety/wakapi/models/shared.go:161.2,162.1 1 1
github.com/muety/wakapi/models/shared.go:165.2,166.1 1 0
github.com/muety/wakapi/models/summary.go:85.2,86.1 1 1
github.com/muety/wakapi/models/summary.go:89.2,90.1 1 0
github.com/muety/wakapi/models/summary.go:93.2,94.1 1 0
github.com/muety/wakapi/models/summary.go:97.2,107.1 1 0
github.com/muety/wakapi/models/summary.go:111.2,121.1 10 1
github.com/muety/wakapi/models/summary.go:124.2,125.1 1 1
github.com/muety/wakapi/models/summary.go:128.2,138.1 1 1
github.com/muety/wakapi/models/summary.go:142.2,142.21 1 1
github.com/muety/wakapi/models/summary.go:144.3,144.21 1 1
github.com/muety/wakapi/models/summary.go:146.3,146.22 1 1
github.com/muety/wakapi/models/summary.go:148.3,148.20 1 1
github.com/muety/wakapi/models/summary.go:150.3,150.29 1 1
github.com/muety/wakapi/models/summary.go:152.3,152.21 1 1
github.com/muety/wakapi/models/summary.go:154.3,154.19 1 1
github.com/muety/wakapi/models/summary.go:156.3,156.21 1 1
github.com/muety/wakapi/models/summary.go:158.3,158.21 1 1
github.com/muety/wakapi/models/summary.go:160.3,160.23 1 1
github.com/muety/wakapi/models/summary.go:162.2,162.12 1 0
github.com/muety/wakapi/models/summary.go:166.2,166.21 1 1
github.com/muety/wakapi/models/summary.go:168.3,169.8 2 1
github.com/muety/wakapi/models/summary.go:171.3,172.8 2 0
github.com/muety/wakapi/models/summary.go:174.3,175.8 2 0
github.com/muety/wakapi/models/summary.go:177.3,178.8 2 0
github.com/muety/wakapi/models/summary.go:180.3,181.8 2 0
github.com/muety/wakapi/models/summary.go:183.3,184.8 2 0
github.com/muety/wakapi/models/summary.go:186.3,187.8 2 0
github.com/muety/wakapi/models/summary.go:189.3,190.8 2 0
github.com/muety/wakapi/models/summary.go:192.3,193.8 2 0
github.com/muety/wakapi/models/summary.go:198.2,198.21 1 1
github.com/muety/wakapi/models/summary.go:199.3,200.1 1 1
github.com/muety/wakapi/models/summary.go:202.2,202.35 1 1
github.com/muety/wakapi/models/summary.go:203.3,203.41 1 1
github.com/muety/wakapi/models/summary.go:204.4,205.1 1 1
github.com/muety/wakapi/models/summary.go:208.2,208.10 1 1
github.com/muety/wakapi/models/summary.go:216.2,216.116 1 1
github.com/muety/wakapi/models/summary.go:217.3,218.1 1 1
github.com/muety/wakapi/models/summary.go:219.2,220.10 2 1
github.com/muety/wakapi/models/summary.go:237.2,240.1 4 1
github.com/muety/wakapi/models/summary.go:241.2,241.26 4 1
github.com/muety/wakapi/models/summary.go:242.3,242.30 1 1
github.com/muety/wakapi/models/summary.go:243.4,244.1 1 1
github.com/muety/wakapi/models/summary.go:248.2,248.37 1 1
github.com/muety/wakapi/models/summary.go:249.3,250.1 1 0
github.com/muety/wakapi/models/summary.go:253.2,254.16 2 1
github.com/muety/wakapi/models/summary.go:255.3,256.1 1 0
github.com/muety/wakapi/models/summary.go:257.2,257.33 1 1
github.com/muety/wakapi/models/summary.go:258.3,259.1 1 1
github.com/muety/wakapi/models/summary.go:264.2,267.1 5 1
github.com/muety/wakapi/models/summary.go:268.2,269.28 5 1
github.com/muety/wakapi/models/summary.go:270.3,271.1 1 1
github.com/muety/wakapi/models/summary.go:273.2,274.42 2 1
github.com/muety/wakapi/models/summary.go:275.3,275.22 1 0
github.com/muety/wakapi/models/summary.go:276.4,277.9 2 0
github.com/muety/wakapi/models/summary.go:281.2,282.15 2 1
github.com/muety/wakapi/models/summary.go:283.3,283.28 1 1
github.com/muety/wakapi/models/summary.go:284.4,285.1 1 0
github.com/muety/wakapi/models/summary.go:286.4,291.1 1 1
github.com/muety/wakapi/models/summary.go:296.2,297.73 2 0
github.com/muety/wakapi/models/summary.go:298.3,299.1 1 0
github.com/muety/wakapi/models/summary.go:300.2,300.86 1 0
github.com/muety/wakapi/models/summary.go:304.2,305.1 4 1
github.com/muety/wakapi/models/summary.go:306.2,308.16 4 1
github.com/muety/wakapi/models/summary.go:309.3,310.1 1 0
github.com/muety/wakapi/models/summary.go:311.2,311.39 1 1
github.com/muety/wakapi/models/summary.go:312.3,313.1 1 1
github.com/muety/wakapi/models/summary.go:315.2,315.30 1 1
github.com/muety/wakapi/models/summary.go:319.2,320.55 2 1
github.com/muety/wakapi/models/summary.go:321.3,321.31 1 1
github.com/muety/wakapi/models/summary.go:322.4,323.1 1 1
github.com/muety/wakapi/models/summary.go:325.2,325.16 1 1
github.com/muety/wakapi/models/summary.go:329.2,330.55 2 1
github.com/muety/wakapi/models/summary.go:331.3,331.31 1 1
github.com/muety/wakapi/models/summary.go:332.4,332.23 1 1
github.com/muety/wakapi/models/summary.go:333.5,333.13 1 1
github.com/muety/wakapi/models/summary.go:335.4,335.46 1 1
github.com/muety/wakapi/models/summary.go:338.2,338.16 1 1
github.com/muety/wakapi/models/summary.go:342.2,343.34 2 1
github.com/muety/wakapi/models/summary.go:344.3,345.1 1 1
github.com/muety/wakapi/models/summary.go:346.2,346.14 1 1
github.com/muety/wakapi/models/summary.go:350.2,352.55 3 0
github.com/muety/wakapi/models/summary.go:353.3,353.31 1 0
github.com/muety/wakapi/models/summary.go:354.4,354.44 1 0
github.com/muety/wakapi/models/summary.go:355.5,356.1 1 0
github.com/muety/wakapi/models/summary.go:359.2,359.12 1 0
github.com/muety/wakapi/models/summary.go:363.2,364.16 2 0
github.com/muety/wakapi/models/summary.go:365.3,366.1 1 0
github.com/muety/wakapi/models/summary.go:367.2,367.16 1 0
github.com/muety/wakapi/models/summary.go:371.2,371.62 1 1
github.com/muety/wakapi/models/summary.go:372.3,372.19 1 1
github.com/muety/wakapi/models/summary.go:373.4,374.1 1 1
github.com/muety/wakapi/models/summary.go:375.3,376.1 2 1
github.com/muety/wakapi/models/summary.go:377.3,377.45 2 1
github.com/muety/wakapi/models/summary.go:378.4,378.38 1 1
github.com/muety/wakapi/models/summary.go:379.5,379.24 1 1
github.com/muety/wakapi/models/summary.go:380.6,381.1 1 1
github.com/muety/wakapi/models/summary.go:383.4,383.14 1 1
github.com/muety/wakapi/models/summary.go:386.3,386.30 1 1
github.com/muety/wakapi/models/summary.go:388.4,388.60 1 1
github.com/muety/wakapi/models/summary.go:389.5,390.1 1 1
github.com/muety/wakapi/models/summary.go:393.3,393.30 1 1
github.com/muety/wakapi/models/summary.go:395.4,395.60 1 1
github.com/muety/wakapi/models/summary.go:396.5,396.55 1 1
github.com/muety/wakapi/models/summary.go:397.6,398.1 1 1
github.com/muety/wakapi/models/summary.go:399.6,406.1 1 1
github.com/muety/wakapi/models/summary.go:410.3,410.22 1 1
github.com/muety/wakapi/models/summary.go:414.2,422.1 9 1
github.com/muety/wakapi/models/summary.go:424.2,424.10 9 1
github.com/muety/wakapi/models/summary.go:430.2,433.1 3 0
github.com/muety/wakapi/models/summary.go:436.2,436.30 1 1
github.com/muety/wakapi/models/summary.go:437.3,437.28 1 1
github.com/muety/wakapi/models/summary.go:438.4,439.1 1 1
github.com/muety/wakapi/models/summary.go:441.2,441.43 1 0
github.com/muety/wakapi/models/summary.go:445.2,446.1 1 1
github.com/muety/wakapi/models/summary.go:449.2,449.52 1 1
github.com/muety/wakapi/models/summary.go:450.3,451.1 1 1
github.com/muety/wakapi/models/summary.go:452.2,453.99 2 1
github.com/muety/wakapi/models/summary.go:457.2,457.27 1 0
github.com/muety/wakapi/models/summary.go:458.3,459.1 1 0
github.com/muety/wakapi/models/summary.go:460.2,461.19 2 0
github.com/muety/wakapi/models/summary.go:465.2,466.1 1 0
github.com/muety/wakapi/models/summary.go:471.2,472.1 1 1
github.com/muety/wakapi/models/summary.go:475.2,475.101 1 0
github.com/muety/wakapi/models/summary.go:476.3,477.1 1 0
github.com/muety/wakapi/models/summary.go:481.2,482.1 1 0
github.com/muety/wakapi/models/summary.go:485.2,486.1 1 0
github.com/muety/wakapi/models/summary.go:489.2,490.1 1 0
github.com/muety/wakapi/models/summary.go:493.2,494.1 1 1
github.com/muety/wakapi/models/summary.go:497.2,498.1 1 1
github.com/muety/wakapi/models/summary.go:501.2,502.1 1 1
github.com/muety/wakapi/models/user.go:26.2,27.1 1 1
github.com/muety/wakapi/models/user.go:127.2,128.1 2 0
github.com/muety/wakapi/models/user.go:129.2,136.1 2 0
github.com/muety/wakapi/models/user.go:140.2,141.1 1 0
github.com/muety/wakapi/models/user.go:144.2,144.22 1 1
github.com/muety/wakapi/models/user.go:145.3,146.1 1 1
github.com/muety/wakapi/models/user.go:147.2,148.16 2 1
github.com/muety/wakapi/models/user.go:149.3,150.1 1 0
github.com/muety/wakapi/models/user.go:151.2,151.11 1 1
github.com/muety/wakapi/models/user.go:157.2,159.1 2 1
github.com/muety/wakapi/models/user.go:163.2,163.44 1 0
github.com/muety/wakapi/models/user.go:164.3,165.1 1 0
github.com/muety/wakapi/models/user.go:166.2,166.36 1 0
github.com/muety/wakapi/models/user.go:170.2,172.54 3 0
github.com/muety/wakapi/models/user.go:173.3,174.1 1 0
github.com/muety/wakapi/models/user.go:175.2,175.51 1 0
github.com/muety/wakapi/models/user.go:176.3,177.1 1 0
github.com/muety/wakapi/models/user.go:178.2,178.20 1 0
github.com/muety/wakapi/models/user.go:182.2,182.32 1 0
github.com/muety/wakapi/models/user.go:183.3,184.1 1 0
github.com/muety/wakapi/models/user.go:185.2,185.33 1 0
github.com/muety/wakapi/models/user.go:189.2,190.1 1 0
github.com/muety/wakapi/models/user.go:194.2,194.28 1 0
github.com/muety/wakapi/models/user.go:195.3,196.1 1 0
github.com/muety/wakapi/models/user.go:197.2,197.17 1 0
github.com/muety/wakapi/models/user.go:202.2,203.1 1 1
github.com/muety/wakapi/models/user.go:206.2,207.1 1 1
github.com/muety/wakapi/models/user.go:214.2,215.32 2 0
github.com/muety/wakapi/models/user.go:216.3,217.1 1 0
github.com/muety/wakapi/models/user.go:218.2,218.30 1 0
github.com/muety/wakapi/models/user.go:219.3,220.1 1 0
github.com/muety/wakapi/models/user.go:221.2,222.24 2 0
github.com/muety/wakapi/models/user.go:226.2,227.55 2 1
github.com/muety/wakapi/models/user.go:228.3,229.1 1 1
github.com/muety/wakapi/models/user.go:231.2,231.51 1 1
github.com/muety/wakapi/models/user.go:235.2,236.1 1 0
github.com/muety/wakapi/models/user.go:239.2,240.1 1 0
github.com/muety/wakapi/models/user.go:243.2,245.1 1 0
github.com/muety/wakapi/models/user.go:248.2,250.1 1 0
github.com/muety/wakapi/models/user.go:253.2,254.1 3 0
github.com/muety/wakapi/models/user.go:255.2,256.52 3 0
github.com/muety/wakapi/models/user.go:257.3,258.1 1 0
github.com/muety/wakapi/models/user.go:260.2,264.15 1 0
github.com/muety/wakapi/models/user.go:268.2,269.1 1 0
github.com/muety/wakapi/models/user.go:272.2,273.1 1 0
github.com/muety/wakapi/models/user.go:276.2,277.1 1 0
github.com/muety/wakapi/models/user.go:280.2,281.1 1 0
github.com/muety/wakapi/models/user.go:285.2,288.1 3 0
github.com/muety/wakapi/models/user.go:291.2,293.1 2 0
github.com/muety/wakapi/models/user.go:296.2,297.1 1 0
github.com/muety/wakapi/models/user.go:301.2,302.1 1 0
github.com/muety/wakapi/models/user.go:306.2,307.1 1 0
github.com/muety/wakapi/models/user.go:311.2,312.1 1 0
github.com/muety/wakapi/models/user.go:316.2,316.89 1 0
github.com/muety/wakapi/models/user.go:317.3,318.1 1 0
github.com/muety/wakapi/models/user_agent.go:19.2,21.1 2 0
github.com/muety/wakapi/models/webauthn.go:22.2,23.1 1 0
github.com/muety/wakapi/models/webauthn.go:30.2,31.1 1 0
github.com/muety/wakapi/models/webauthn.go:39.2,39.18 1 0
github.com/muety/wakapi/models/webauthn.go:40.3,42.1 2 0
github.com/muety/wakapi/models/webauthn.go:44.2,45.27 2 0
github.com/muety/wakapi/models/webauthn.go:47.3,47.8 1 0
github.com/muety/wakapi/models/webauthn.go:49.3,49.15 1 0
github.com/muety/wakapi/models/webauthn.go:51.3,51.15 1 0
github.com/muety/wakapi/models/webauthn.go:53.3,53.70 1 0
github.com/muety/wakapi/models/webauthn.go:57.2,57.23 1 0
github.com/muety/wakapi/models/webauthn.go:58.3,59.1 1 0
github.com/muety/wakapi/models/webauthn.go:61.2,63.12 3 0
github.com/muety/wakapi/models/webauthn.go:81.2,82.1 1 0
github.com/muety/wakapi/models/webauthn.go:85.2,93.1 1 0
github.com/muety/wakapi/models/webauthn.go:97.2,107.1 1 0
github.com/muety/wakapi/models/webauthn.go:111.2,119.1 1 0
github.com/muety/wakapi/models/metrics/counter_metric.go:13.2,14.1 1 0
github.com/muety/wakapi/models/metrics/counter_metric.go:17.2,18.1 1 0
github.com/muety/wakapi/models/metrics/counter_metric.go:21.2,22.1 1 0
github.com/muety/wakapi/models/metrics/gauge_metric.go:13.2,14.1 1 0
github.com/muety/wakapi/models/metrics/gauge_metric.go:17.2,18.1 1 0
github.com/muety/wakapi/models/metrics/gauge_metric.go:21.2,22.1 1 0
github.com/muety/wakapi/models/metrics/label.go:16.2,17.22 2 0
github.com/muety/wakapi/models/metrics/label.go:18.3,19.1 1 0
github.com/muety/wakapi/models/metrics/label.go:20.2,20.17 1 0
github.com/muety/wakapi/models/metrics/label.go:21.3,22.1 1 0
github.com/muety/wakapi/models/metrics/label.go:23.2,23.62 1 0
github.com/muety/wakapi/models/metrics/label.go:27.2,28.1 1 0
github.com/muety/wakapi/models/metrics/metric.go:15.2,16.22 2 0
github.com/muety/wakapi/models/metrics/metric.go:17.3,17.44 1 0
github.com/muety/wakapi/models/metrics/metric.go:18.4,20.1 2 0
github.com/muety/wakapi/models/metrics/metric.go:21.3,21.43 1 0
github.com/muety/wakapi/models/metrics/metric.go:24.2,24.15 1 0
github.com/muety/wakapi/models/metrics/metric.go:28.2,29.1 1 0
github.com/muety/wakapi/models/metrics/metric.go:32.2,33.1 1 0
github.com/muety/wakapi/models/metrics/metric.go:36.2,37.1 1 0
github.com/muety/wakapi/mocks/alias_repository.go:14.2,16.1 2 0
github.com/muety/wakapi/mocks/alias_repository.go:19.2,21.1 2 0
github.com/muety/wakapi/mocks/alias_repository.go:24.2,26.1 2 0
github.com/muety/wakapi/mocks/alias_repository.go:29.2,31.1 2 0
github.com/muety/wakapi/mocks/alias_repository.go:34.2,36.1 2 0
github.com/muety/wakapi/mocks/alias_repository.go:39.2,41.1 2 0
github.com/muety/wakapi/mocks/alias_repository.go:44.2,46.1 2 0
github.com/muety/wakapi/mocks/alias_repository.go:49.2,51.1 2 0
github.com/muety/wakapi/mocks/alias_service.go:13.2,15.1 2 0
github.com/muety/wakapi/mocks/alias_service.go:18.2,20.1 2 0
github.com/muety/wakapi/mocks/alias_service.go:23.2,25.1 2 0
github.com/muety/wakapi/mocks/alias_service.go:28.2,30.1 2 0
github.com/muety/wakapi/mocks/alias_service.go:33.2,35.1 2 0
github.com/muety/wakapi/mocks/alias_service.go:38.2,40.1 2 0
github.com/muety/wakapi/mocks/alias_service.go:43.2,45.1 2 0
github.com/muety/wakapi/mocks/alias_service.go:48.2,50.1 2 0
github.com/muety/wakapi/mocks/alias_service.go:53.2,55.1 2 0
github.com/muety/wakapi/mocks/api_key_service.go:13.2,14.24 2 0
github.com/muety/wakapi/mocks/api_key_service.go:15.3,16.1 1 0
github.com/muety/wakapi/mocks/api_key_service.go:17.2,17.52 1 0
github.com/muety/wakapi/mocks/api_key_service.go:21.2,22.24 2 0
github.com/muety/wakapi/mocks/api_key_service.go:23.3,24.1 1 0
github.com/muety/wakapi/mocks/api_key_service.go:25.2,25.54 1 0
github.com/muety/wakapi/mocks/api_key_service.go:29.2,30.24 2 0
github.com/muety/wakapi/mocks/api_key_service.go:31.3,32.1 1 0
github.com/muety/wakapi/mocks/api_key_service.go:33.2,33.52 1 0
github.com/muety/wakapi/mocks/api_key_service.go:37.2,39.1 2 0
github.com/muety/wakapi/mocks/base_repository.go:13.2,15.1 2 0
github.com/muety/wakapi/mocks/base_repository.go:18.2,20.1 2 0
github.com/muety/wakapi/mocks/base_repository.go:23.2,25.1 2 0
github.com/muety/wakapi/mocks/base_repository.go:28.2,30.1 2 0
github.com/muety/wakapi/mocks/base_repository.go:32.50,32.50 0 0
github.com/muety/wakapi/mocks/duration_repository.go:16.2,18.1 2 0
github.com/muety/wakapi/mocks/duration_repository.go:21.2,23.1 2 0
github.com/muety/wakapi/mocks/duration_repository.go:26.2,28.1 2 0
github.com/muety/wakapi/mocks/duration_repository.go:31.2,33.1 2 0
github.com/muety/wakapi/mocks/duration_repository.go:36.2,38.1 2 0
github.com/muety/wakapi/mocks/duration_repository.go:41.2,43.1 2 0
github.com/muety/wakapi/mocks/duration_repository.go:46.2,48.1 2 0
github.com/muety/wakapi/mocks/duration_repository.go:51.2,53.1 2 0
github.com/muety/wakapi/mocks/duration_repository.go:56.2,58.1 2 0
github.com/muety/wakapi/mocks/duration_repository.go:61.2,63.1 2 0
github.com/muety/wakapi/mocks/duration_repository.go:66.2,68.1 2 0
github.com/muety/wakapi/mocks/duration_service.go:14.2,16.1 2 0
github.com/muety/wakapi/mocks/duration_service.go:19.2,20.1 1 0
github.com/muety/wakapi/mocks/duration_service.go:22.48,22.48 0 0
github.com/muety/wakapi/mocks/duration_service.go:26.2,28.1 2 0
github.com/muety/wakapi/mocks/heartbeat_repository.go:16.2,18.1 2 0
github.com/muety/wakapi/mocks/heartbeat_repository.go:21.2,22.24 2 0
github.com/muety/wakapi/mocks/heartbeat_repository.go:23.3,24.1 1 0
github.com/muety/wakapi/mocks/heartbeat_repository.go:25.2,25.27 1 0
github.com/muety/wakapi/mocks/heartbeat_repository.go:29.2,30.24 2 0
github.com/muety/wakapi/mocks/heartbeat_repository.go:31.3,32.1 1 0
github.com/muety/wakapi/mocks/heartbeat_repository.go:33.2,33.27 1 0
github.com/muety/wakapi/mocks/heartbeat_repository.go:37.2,38.24 2 0
github.com/muety/wakapi/mocks/heartbeat_repository.go:39.3,40.1 1 0
github.com/muety/wakapi/mocks/heartbeat_repository.go:41.2,41.27 1 0
github.com/muety/wakapi/mocks/heartbeat_repository.go:45.2,46.24 2 0
github.com/muety/wakapi/mocks/heartbeat_repository.go:47.3,48.1 1 0
github.com/muety/wakapi/mocks/heartbeat_repository.go:49.2,49.27 1 0
github.com/muety/wakapi/mocks/heartbeat_repository.go:53.2,54.24 2 0
github.com/muety/wakapi/mocks/heartbeat_repository.go:55.3,56.1 1 0
github.com/muety/wakapi/mocks/heartbeat_repository.go:57.2,57.27 1 0
github.com/muety/wakapi/mocks/heartbeat_repository.go:61.2,62.24 2 0
github.com/muety/wakapi/mocks/heartbeat_repository.go:63.3,64.1 1 0
github.com/muety/wakapi/mocks/heartbeat_repository.go:65.2,65.27 1 0
github.com/muety/wakapi/mocks/heartbeat_repository.go:69.2,70.24 2 0
github.com/muety/wakapi/mocks/heartbeat_repository.go:71.3,72.1 1 0
github.com/muety/wakapi/mocks/heartbeat_repository.go:73.2,73.27 1 0
github.com/muety/wakapi/mocks/heartbeat_repository.go:77.2,78.24 2 0
github.com/muety/wakapi/mocks/heartbeat_repository.go:79.3,80.1 1 0
github.com/muety/wakapi/mocks/heartbeat_repository.go:81.2,81.27 1 0
github.com/muety/wakapi/mocks/heartbeat_repository.go:85.2,86.24 2 0
github.com/muety/wakapi/mocks/heartbeat_repository.go:87.3,88.1 1 0
github.com/muety/wakapi/mocks/heartbeat_repository.go:89.2,89.27 1 0
github.com/muety/wakapi/mocks/heartbeat_repository.go:93.2,94.24 2 0
github.com/muety/wakapi/mocks/heartbeat_repository.go:95.3,96.1 1 0
github.com/muety/wakapi/mocks/heartbeat_repository.go:97.2,97.27 1 0
github.com/muety/wakapi/mocks/heartbeat_repository.go:101.2,102.24 2 0
github.com/muety/wakapi/mocks/heartbeat_repository.go:103.3,104.1 1 0
github.com/muety/wakapi/mocks/heartbeat_repository.go:105.2,105.27 1 0
github.com/muety/wakapi/mocks/heartbeat_repository.go:109.2,110.24 2 0
github.com/muety/wakapi/mocks/heartbeat_repository.go:111.3,112.1 1 0
github.com/muety/wakapi/mocks/heartbeat_repository.go:113.2,113.27 1 0
github.com/muety/wakapi/mocks/heartbeat_repository.go:117.2,119.1 2 0
github.com/muety/wakapi/mocks/heartbeat_repository.go:122.2,124.1 2 0
github.com/muety/wakapi/mocks/heartbeat_repository.go:127.2,128.24 2 0
github.com/muety/wakapi/mocks/heartbeat_repository.go:129.3,130.1 1 0
github.com/muety/wakapi/mocks/heartbeat_repository.go:131.2,131.27 1 0
github.com/muety/wakapi/mocks/heartbeat_repository.go:135.2,136.24 2 0
github.com/muety/wakapi/mocks/heartbeat_repository.go:137.3,138.1 1 0
github.com/muety/wakapi/mocks/heartbeat_repository.go:139.2,139.27 1 0
github.com/muety/wakapi/mocks/heartbeat_repository.go:143.2,145.1 2 0
github.com/muety/wakapi/mocks/heartbeat_repository.go:148.2,150.1 2 0
github.com/muety/wakapi/mocks/heartbeat_repository.go:153.2,155.1 2 0
github.com/muety/wakapi/mocks/heartbeat_repository.go:158.2,159.24 2 0
github.com/muety/wakapi/mocks/heartbeat_repository.go:160.3,161.1 1 0
github.com/muety/wakapi/mocks/heartbeat_repository.go:162.2,162.27 1 0
github.com/muety/wakapi/mocks/heartbeat_repository.go:166.2,167.24 2 0
github.com/muety/wakapi/mocks/heartbeat_repository.go:168.3,169.1 1 0
github.com/muety/wakapi/mocks/heartbeat_repository.go:170.2,170.27 1 0
github.com/muety/wakapi/mocks/heartbeat_service.go:16.2,18.1 2 0
github.com/muety/wakapi/mocks/heartbeat_service.go:21.2,23.1 2 0
github.com/muety/wakapi/mocks/heartbeat_service.go:26.2,28.1 2 0
github.com/muety/wakapi/mocks/heartbeat_service.go:31.2,33.1 2 0
github.com/muety/wakapi/mocks/heartbeat_service.go:36.2,38.1 2 0
github.com/muety/wakapi/mocks/heartbeat_service.go:41.2,43.1 2 0
github.com/muety/wakapi/mocks/heartbeat_service.go:46.2,48.1 2 0
github.com/muety/wakapi/mocks/heartbeat_service.go:51.2,53.1 2 0
github.com/muety/wakapi/mocks/heartbeat_service.go:56.2,58.1 2 0
github.com/muety/wakapi/mocks/heartbeat_service.go:61.2,63.1 2 0
github.com/muety/wakapi/mocks/heartbeat_service.go:66.2,68.1 2 0
github.com/muety/wakapi/mocks/heartbeat_service.go:71.2,73.1 2 0
github.com/muety/wakapi/mocks/heartbeat_service.go:76.2,78.1 2 0
github.com/muety/wakapi/mocks/heartbeat_service.go:81.2,83.1 2 0
github.com/muety/wakapi/mocks/heartbeat_service.go:86.2,88.1 2 0
github.com/muety/wakapi/mocks/heartbeat_service.go:91.2,93.1 2 0
github.com/muety/wakapi/mocks/heartbeat_service.go:96.2,98.1 2 0
github.com/muety/wakapi/mocks/heartbeat_service.go:101.2,103.1 2 0
github.com/muety/wakapi/mocks/heartbeat_service.go:106.2,108.1 2 0
github.com/muety/wakapi/mocks/heartbeat_service.go:111.2,113.1 2 0
github.com/muety/wakapi/mocks/heartbeat_service.go:116.2,118.1 2 0
github.com/muety/wakapi/mocks/heartbeat_service.go:121.2,123.1 2 0
github.com/muety/wakapi/mocks/heartbeat_service.go:126.2,128.1 2 0
[...]
github.com/muety/wakapi/routes/settings.go:806.3,807.1 1 0
github.com/muety/wakapi/routes/settings.go:809.2,810.1 2 0
github.com/muety/wakapi/routes/settings.go:811.2,811.36 2 0
github.com/muety/wakapi/routes/settings.go:812.3,813.1 1 0
github.com/muety/wakapi/routes/settings.go:815.2,815.46 1 0
github.com/muety/wakapi/routes/settings.go:816.3,818.53 3 0
github.com/muety/wakapi/routes/settings.go:819.4,820.1 1 0
github.com/muety/wakapi/routes/settings.go:823.2,823.154 1 0
github.com/muety/wakapi/routes/settings.go:827.2,827.22 1 0
github.com/muety/wakapi/routes/settings.go:828.3,829.1 1 0
github.com/muety/wakapi/routes/settings.go:831.2,833.1 3 0
github.com/muety/wakapi/routes/settings.go:834.2,834.46 3 0
github.com/muety/wakapi/routes/settings.go:835.3,836.61 2 0
github.com/muety/wakapi/routes/settings.go:837.4,838.1 1 0
github.com/muety/wakapi/routes/settings.go:840.3,841.59 2 0
github.com/muety/wakapi/routes/settings.go:842.4,843.1 1 0
github.com/muety/wakapi/routes/settings.go:845.3,846.60 2 0
github.com/muety/wakapi/routes/settings.go:847.4,848.1 1 0
github.com/muety/wakapi/routes/settings.go:851.2,851.110 1 0
github.com/muety/wakapi/routes/settings.go:855.2,855.22 1 0
github.com/muety/wakapi/routes/settings.go:856.3,857.1 1 0
github.com/muety/wakapi/routes/settings.go:859.2,860.46 2 0
github.com/muety/wakapi/routes/settings.go:861.3,862.1 2 0
github.com/muety/wakapi/routes/settings.go:863.3,863.49 2 0
github.com/muety/wakapi/routes/settings.go:864.4,865.1 1 0
github.com/muety/wakapi/routes/settings.go:866.4,867.1 1 0
github.com/muety/wakapi/routes/settings.go:870.2,873.38 4 0
github.com/muety/wakapi/routes/settings.go:877.2,877.22 1 0
github.com/muety/wakapi/routes/settings.go:878.3,879.1 1 0
github.com/muety/wakapi/routes/settings.go:881.2,883.1 3 0
github.com/muety/wakapi/routes/settings.go:884.2,887.17 3 0
github.com/muety/wakapi/routes/settings.go:888.3,889.1 1 0
github.com/muety/wakapi/routes/settings.go:891.2,898.1 1 0
github.com/muety/wakapi/routes/settings.go:902.2,903.1 1 0
github.com/muety/wakapi/routes/settings.go:906.2,906.19 1 0
github.com/muety/wakapi/routes/settings.go:907.3,908.1 1 0
github.com/muety/wakapi/routes/settings.go:910.2,915.1 3 0
github.com/muety/wakapi/routes/settings.go:917.2,922.16 3 0
github.com/muety/wakapi/routes/settings.go:923.3,924.1 1 0
github.com/muety/wakapi/routes/settings.go:926.2,927.1 2 0
github.com/muety/wakapi/routes/settings.go:928.2,928.73 2 0
github.com/muety/wakapi/routes/settings.go:929.3,930.1 1 0
github.com/muety/wakapi/routes/settings.go:932.2,932.13 1 0
github.com/muety/wakapi/routes/settings.go:936.2,937.1 2 0
github.com/muety/wakapi/routes/settings.go:938.2,938.60 2 0
github.com/muety/wakapi/routes/settings.go:939.3,941.1 2 0
github.com/muety/wakapi/routes/settings.go:943.2,943.89 1 0
github.com/muety/wakapi/routes/settings.go:944.3,946.1 2 0
github.com/muety/wakapi/routes/settings.go:948.2,948.12 1 0
github.com/muety/wakapi/routes/settings.go:952.2,952.22 1 0
github.com/muety/wakapi/routes/settings.go:953.3,954.1 1 0
github.com/muety/wakapi/routes/settings.go:956.2,957.1 2 0
github.com/muety/wakapi/routes/settings.go:958.2,963.17 2 0
github.com/muety/wakapi/routes/settings.go:964.3,965.1 1 0
github.com/muety/wakapi/routes/settings.go:967.2,968.50 2 0
github.com/muety/wakapi/routes/settings.go:972.2,972.22 1 0
github.com/muety/wakapi/routes/settings.go:973.3,974.1 1 0
github.com/muety/wakapi/routes/settings.go:976.2,978.1 3 0
github.com/muety/wakapi/routes/settings.go:979.2,979.32 3 0
github.com/muety/wakapi/routes/settings.go:980.3,981.1 1 0
github.com/muety/wakapi/routes/settings.go:983.2,984.16 2 0
github.com/muety/wakapi/routes/settings.go:985.3,986.1 1 0
github.com/muety/wakapi/routes/settings.go:988.2,988.28 1 0
github.com/muety/wakapi/routes/settings.go:989.3,989.30 1 0
github.com/muety/wakapi/routes/settings.go:990.4,990.49 1 0
github.com/muety/wakapi/routes/settings.go:991.5,992.1 1 0
github.com/muety/wakapi/routes/settings.go:993.4,993.79 1 0
github.com/muety/wakapi/routes/settings.go:996.2,996.72 1 0
github.com/muety/wakapi/routes/settings.go:1000.2,1000.22 1 1
github.com/muety/wakapi/routes/settings.go:1001.3,1002.1 1 0
github.com/muety/wakapi/routes/settings.go:1004.2,1004.39 1 1
github.com/muety/wakapi/routes/settings.go:1005.3,1006.1 1 0
github.com/muety/wakapi/routes/settings.go:1008.2,1009.30 2 1
github.com/muety/wakapi/routes/settings.go:1010.3,1011.1 1 0
github.com/muety/wakapi/routes/settings.go:1013.2,1013.68 1 1
github.com/muety/wakapi/routes/settings.go:1014.3,1016.1 2 0
github.com/muety/wakapi/routes/settings.go:1017.2,1018.29 2 1
github.com/muety/wakapi/routes/settings.go:1019.3,1020.1 1 0
github.com/muety/wakapi/routes/settings.go:1022.2,1022.37 1 1
github.com/muety/wakapi/routes/settings.go:1023.3,1023.34 1 1
github.com/muety/wakapi/routes/settings.go:1024.4,1025.1 1 1
github.com/muety/wakapi/routes/settings.go:1028.2,1030.16 3 1
github.com/muety/wakapi/routes/settings.go:1031.3,1032.1 1 0
github.com/muety/wakapi/routes/settings.go:1035.2,1036.16 2 1
github.com/muety/wakapi/routes/settings.go:1037.3,1039.1 2 0
github.com/muety/wakapi/routes/settings.go:1040.2,1041.16 2 1
github.com/muety/wakapi/routes/settings.go:1042.3,1044.1 2 0
github.com/muety/wakapi/routes/settings.go:1045.2,1046.16 2 1
github.com/muety/wakapi/routes/settings.go:1047.3,1048.1 1 0
github.com/muety/wakapi/routes/settings.go:1050.2,1050.90 1 1
github.com/muety/wakapi/routes/settings.go:1054.2,1054.22 1 1
github.com/muety/wakapi/routes/settings.go:1055.3,1056.1 1 0
github.com/muety/wakapi/routes/settings.go:1058.2,1058.39 1 1
github.com/muety/wakapi/routes/settings.go:1059.3,1060.1 1 0
github.com/muety/wakapi/routes/settings.go:1062.2,1063.30 2 1
github.com/muety/wakapi/routes/settings.go:1064.3,1065.1 1 0
github.com/muety/wakapi/routes/settings.go:1067.2,1069.37 3 1
github.com/muety/wakapi/routes/settings.go:1070.3,1071.1 1 0
github.com/muety/wakapi/routes/settings.go:1072.2,1072.68 1 1
github.com/muety/wakapi/routes/settings.go:1073.3,1074.1 1 0
github.com/muety/wakapi/routes/settings.go:1075.2,1075.92 1 1
github.com/muety/wakapi/routes/settings.go:1079.2,1080.1 4 1
github.com/muety/wakapi/routes/settings.go:1082.2,1083.1 4 1
github.com/muety/wakapi/routes/settings.go:1085.2,1086.16 4 1
github.com/muety/wakapi/routes/settings.go:1087.3,1093.1 2 0
github.com/muety/wakapi/routes/settings.go:1095.2,1096.28 2 1
github.com/muety/wakapi/routes/settings.go:1097.3,1098.32 2 0
github.com/muety/wakapi/routes/settings.go:1099.4,1100.1 1 0
github.com/muety/wakapi/routes/settings.go:1101.4,1102.1 1 0
github.com/muety/wakapi/routes/settings.go:1105.2,1106.29 2 1
github.com/muety/wakapi/routes/settings.go:1107.3,1111.1 2 0
github.com/muety/wakapi/routes/settings.go:1112.3,1112.23 2 0
github.com/muety/wakapi/routes/settings.go:1113.4,1114.1 1 0
github.com/muety/wakapi/routes/settings.go:1115.3,1115.48 1 0
github.com/muety/wakapi/routes/settings.go:1119.2,1120.16 2 1
github.com/muety/wakapi/routes/settings.go:1121.3,1127.1 2 0
github.com/muety/wakapi/routes/settings.go:1130.2,1131.29 2 1
github.com/muety/wakapi/routes/settings.go:1132.3,1135.1 2 0
github.com/muety/wakapi/routes/settings.go:1136.3,1136.24 2 0
github.com/muety/wakapi/routes/settings.go:1137.4,1138.1 1 0
github.com/muety/wakapi/routes/settings.go:1139.3,1139.46 1 0
github.com/muety/wakapi/routes/settings.go:1141.2,1141.49 1 1
github.com/muety/wakapi/routes/settings.go:1142.3,1143.1 1 0
github.com/muety/wakapi/routes/settings.go:1146.2,1147.16 2 1
github.com/muety/wakapi/routes/settings.go:1148.3,1154.1 2 0
github.com/muety/wakapi/routes/settings.go:1158.2,1159.36 2 1
github.com/muety/wakapi/routes/settings.go:1160.3,1161.1 1 0
github.com/muety/wakapi/routes/settings.go:1164.2,1165.16 2 1
github.com/muety/wakapi/routes/settings.go:1166.3,1172.1 2 0
github.com/muety/wakapi/routes/settings.go:1176.2,1178.1 5 1
github.com/muety/wakapi/routes/settings.go:1180.2,1186.1 5 1
github.com/muety/wakapi/routes/settings.go:1188.2,1189.16 5 1
github.com/muety/wakapi/routes/settings.go:1190.3,1196.1 2 0
github.com/muety/wakapi/routes/settings.go:1198.2,1198.33 1 1
github.com/muety/wakapi/routes/settings.go:1199.3,1204.1 1 0
github.com/muety/wakapi/routes/settings.go:1206.2,1206.56 1 1
github.com/muety/wakapi/routes/settings.go:1207.3,1213.1 2 0
github.com/muety/wakapi/routes/settings.go:1217.2,1218.85 2 1
github.com/muety/wakapi/routes/settings.go:1219.3,1220.1 1 0
github.com/muety/wakapi/routes/settings.go:1222.2,1240.1 2 1
github.com/muety/wakapi/routes/settings.go:1242.2,1242.49 2 1
github.com/muety/wakapi/routes/settings.go:1246.2,1247.1 1 0
github.com/muety/wakapi/routes/settings.go:1250.2,1252.1 2 0
github.com/muety/wakapi/routes/settings.go:1255.2,1255.19 1 1
github.com/muety/wakapi/routes/settings.go:1256.3,1257.1 1 1
github.com/muety/wakapi/routes/settings.go:1258.2,1260.9 3 0
github.com/muety/wakapi/routes/settings.go:1261.3,1262.1 1 0
github.com/muety/wakapi/routes/settings.go:1263.2,1263.16 1 0
github.com/muety/wakapi/routes/setup.go:20.2,23.1 1 0
github.com/muety/wakapi/routes/setup.go:27.2,28.1 5 0
github.com/muety/wakapi/routes/setup.go:29.2,33.1 5 0
github.com/muety/wakapi/routes/setup.go:34.2,36.1 5 0
github.com/muety/wakapi/routes/setup.go:37.2,38.1 5 0
github.com/muety/wakapi/routes/setup.go:41.2,41.22 1 0
github.com/muety/wakapi/routes/setup.go:42.3,43.1 1 0
github.com/muety/wakapi/routes/setup.go:45.2,45.66 1 0
github.com/muety/wakapi/routes/setup.go:49.2,54.1 1 0
github.com/muety/wakapi/routes/subscription.go:53.2,55.1 3 0
github.com/muety/wakapi/routes/subscription.go:56.2,56.34 3 0
github.com/muety/wakapi/routes/subscription.go:57.3,58.1 3 0
github.com/muety/wakapi/routes/subscription.go:59.3,60.17 3 0
github.com/muety/wakapi/routes/subscription.go:61.4,62.1 1 0
github.com/muety/wakapi/routes/subscription.go:63.3,64.1 2 0
github.com/muety/wakapi/routes/subscription.go:65.3,65.103 2 0
github.com/muety/wakapi/routes/subscription.go:68.2,74.1 3 0
github.com/muety/wakapi/routes/subscription.go:76.2,77.33 3 0
github.com/muety/wakapi/routes/subscription.go:78.3,78.31 1 0
github.com/muety/wakapi/routes/subscription.go:79.4,80.37 2 0
github.com/muety/wakapi/routes/subscription.go:81.5,81.13 1 0
github.com/muety/wakapi/routes/subscription.go:84.4,85.63 2 0
github.com/muety/wakapi/routes/subscription.go:86.5,87.1 1 0
github.com/muety/wakapi/routes/subscription.go:88.5,89.1 1 0
github.com/muety/wakapi/routes/subscription.go:93.2,93.16 1 0
github.com/muety/wakapi/routes/subscription.go:99.2,99.37 1 0
github.com/muety/wakapi/routes/subscription.go:100.3,101.1 1 0
github.com/muety/wakapi/routes/subscription.go:103.2,107.1 10 0
github.com/muety/wakapi/routes/subscription.go:108.2,116.1 10 0
github.com/muety/wakapi/routes/subscription.go:117.2,118.48 10 0
github.com/muety/wakapi/routes/subscription.go:122.2,122.22 1 0
github.com/muety/wakapi/routes/subscription.go:123.3,124.1 1 0
github.com/muety/wakapi/routes/subscription.go:126.2,127.22 2 0
github.com/muety/wakapi/routes/subscription.go:128.3,131.1 3 0
github.com/muety/wakapi/routes/subscription.go:133.2,133.38 1 0
github.com/muety/wakapi/routes/subscription.go:134.3,137.1 3 0
github.com/muety/wakapi/routes/subscription.go:139.2,151.1 2 0
github.com/muety/wakapi/routes/subscription.go:153.2,153.33 2 0
github.com/muety/wakapi/routes/subscription.go:154.3,155.1 1 0
github.com/muety/wakapi/routes/subscription.go:156.3,157.1 1 0
github.com/muety/wakapi/routes/subscription.go:159.2,160.16 2 0
github.com/muety/wakapi/routes/subscription.go:161.3,165.1 4 0
github.com/muety/wakapi/routes/subscription.go:167.2,167.55 1 0
github.com/muety/wakapi/routes/subscription.go:171.2,171.22 1 0
github.com/muety/wakapi/routes/subscription.go:172.3,173.1 1 0
github.com/muety/wakapi/routes/subscription.go:175.2,176.33 2 0
github.com/muety/wakapi/routes/subscription.go:177.3,180.1 3 0
github.com/muety/wakapi/routes/subscription.go:182.2,185.1 3 0
github.com/muety/wakapi/routes/subscription.go:187.2,188.16 3 0
github.com/muety/wakapi/routes/subscription.go:189.3,193.1 4 0
github.com/muety/wakapi/routes/subscription.go:195.2,195.55 1 0
github.com/muety/wakapi/routes/subscription.go:199.2,201.16 3 0
github.com/muety/wakapi/routes/subscription.go:202.3,205.1 3 0
github.com/muety/wakapi/routes/subscription.go:207.2,210.16 2 0
github.com/muety/wakapi/routes/subscription.go:211.3,214.1 3 0
github.com/muety/wakapi/routes/subscription.go:216.2,216.20 1 0
github.com/muety/wakapi/routes/subscription.go:221.3,222.17 2 0
github.com/muety/wakapi/routes/subscription.go:223.4,224.1 1 0
github.com/muety/wakapi/routes/subscription.go:225.3,226.1 3 0
github.com/muety/wakapi/routes/subscription.go:228.3,229.17 3 0
github.com/muety/wakapi/routes/subscription.go:230.4,231.1 3 0
github.com/muety/wakapi/routes/subscription.go:233.4,234.18 3 0
github.com/muety/wakapi/routes/subscription.go:235.5,238.1 3 0
github.com/muety/wakapi/routes/subscription.go:240.4,241.18 2 0
github.com/muety/wakapi/routes/subscription.go:242.5,245.1 3 0
github.com/muety/wakapi/routes/subscription.go:246.4,246.12 1 0
github.com/muety/wakapi/routes/subscription.go:249.3,249.71 1 0
github.com/muety/wakapi/routes/subscription.go:250.4,253.1 3 0
github.com/muety/wakapi/routes/subscription.go:257.3,258.17 2 0
github.com/muety/wakapi/routes/subscription.go:259.4,260.1 1 0
github.com/muety/wakapi/routes/subscription.go:261.3,262.1 3 0
github.com/muety/wakapi/routes/subscription.go:263.3,264.17 3 0
github.com/muety/wakapi/routes/subscription.go:265.4,267.1 2 0
github.com/muety/wakapi/routes/subscription.go:269.3,269.34 1 0
github.com/muety/wakapi/routes/subscription.go:270.4,271.53 2 0
github.com/muety/wakapi/routes/subscription.go:272.5,273.1 1 0
github.com/muety/wakapi/routes/subscription.go:274.5,275.1 1 0
github.com/muety/wakapi/routes/subscription.go:276.10,276.66 1 0
github.com/muety/wakapi/routes/subscription.go:277.4,278.1 1 0
github.com/muety/wakapi/routes/subscription.go:281.3,281.81 1 0
github.com/muety/wakapi/routes/subscription.go:284.2,284.30 1 0
github.com/muety/wakapi/routes/subscription.go:288.2,290.1 2 0
github.com/muety/wakapi/routes/subscription.go:293.2,294.1 1 0
github.com/muety/wakapi/routes/subscription.go:297.2,298.1 2 0
github.com/muety/wakapi/routes/subscription.go:299.2,299.29 2 0
github.com/muety/wakapi/routes/subscription.go:301.3,302.1 2 0
github.com/muety/wakapi/routes/subscription.go:303.3,303.80 2 0
github.com/muety/wakapi/routes/subscription.go:304.4,308.1 4 0
github.com/muety/wakapi/routes/subscription.go:310.3,310.104 1 0
github.com/muety/wakapi/routes/subscription.go:311.4,313.1 2 0
github.com/muety/wakapi/routes/subscription.go:315.3,317.154 3 0
github.com/muety/wakapi/routes/subscription.go:319.3,320.13 2 0
github.com/muety/wakapi/routes/subscription.go:323.2,324.33 2 0
github.com/muety/wakapi/routes/subscription.go:325.3,326.1 1 0
github.com/muety/wakapi/routes/subscription.go:327.2,327.12 1 0
github.com/muety/wakapi/routes/subscription.go:331.2,332.70 2 0
github.com/muety/wakapi/routes/subscription.go:333.3,336.1 3 0
github.com/muety/wakapi/routes/subscription.go:337.2,337.27 1 0
github.com/muety/wakapi/routes/subscription.go:341.2,342.73 2 0
github.com/muety/wakapi/routes/subscription.go:343.3,346.1 3 0
github.com/muety/wakapi/routes/subscription.go:348.2,348.30 1 0
github.com/muety/wakapi/routes/subscription.go:353.2,354.16 2 0
github.com/muety/wakapi/routes/subscription.go:355.3,356.1 1 0
github.com/muety/wakapi/routes/subscription.go:357.2,358.12 2 0
github.com/muety/wakapi/routes/subscription.go:362.2,366.1 3 0
github.com/muety/wakapi/routes/subscription.go:368.2,369.38 3 0
github.com/muety/wakapi/routes/subscription.go:370.3,371.1 1 0
github.com/muety/wakapi/routes/subscription.go:373.2,373.20 1 0
github.com/muety/wakapi/routes/subscription.go:374.3,375.1 1 0
github.com/muety/wakapi/routes/subscription.go:376.3,377.1 1 0
github.com/muety/wakapi/routes/subscription.go:381.2,389.1 4 0
github.com/muety/wakapi/routes/subscription.go:390.2,391.1 4 0
github.com/muety/wakapi/routes/subscription.go:392.2,392.62 4 0
github.com/muety/wakapi/routes/subscription.go:393.3,394.1 1 0
github.com/muety/wakapi/routes/subscription.go:395.2,395.86 1 0
github.com/muety/wakapi/routes/subscription.go:399.2,400.57 2 0
github.com/muety/wakapi/routes/subscription.go:401.3,402.1 1 0
github.com/muety/wakapi/routes/summary.go:35.2,42.1 1 0
github.com/muety/wakapi/routes/summary.go:46.2,52.1 4 0
github.com/muety/wakapi/routes/summary.go:53.2,54.1 4 0
github.com/muety/wakapi/routes/summary.go:57.2,57.22 1 0
github.com/muety/wakapi/routes/summary.go:58.3,59.1 1 0
github.com/muety/wakapi/routes/summary.go:61.2,63.52 3 0
github.com/muety/wakapi/routes/summary.go:66.3,66.89 1 0
github.com/muety/wakapi/routes/summary.go:67.4,70.1 3 0
github.com/muety/wakapi/routes/summary.go:72.3,73.30 2 0
github.com/muety/wakapi/routes/summary.go:74.9,74.36 1 0
github.com/muety/wakapi/routes/summary.go:76.3,78.1 2 0
github.com/muety/wakapi/routes/summary.go:80.2,82.16 3 0
github.com/muety/wakapi/routes/summary.go:83.3,87.1 4 0
github.com/muety/wakapi/routes/summary.go:89.2,90.16 2 0
github.com/muety/wakapi/routes/summary.go:91.3,95.1 4 0
github.com/muety/wakapi/routes/summary.go:96.2,97.1 3 0
github.com/muety/wakapi/routes/summary.go:98.2,99.17 3 0
github.com/muety/wakapi/routes/summary.go:100.3,103.1 3 0
github.com/muety/wakapi/routes/summary.go:106.2,107.16 2 0
github.com/muety/wakapi/routes/summary.go:108.3,112.1 4 0
github.com/muety/wakapi/routes/summary.go:115.2,116.120 2 0
github.com/muety/wakapi/routes/summary.go:117.3,118.17 2 0
github.com/muety/wakapi/routes/summary.go:119.4,120.1 1 0
github.com/muety/wakapi/routes/summary.go:121.4,122.1 1 0
github.com/muety/wakapi/routes/summary.go:126.2,128.35 3 0
github.com/muety/wakapi/routes/summary.go:129.3,130.1 1 0
github.com/muety/wakapi/routes/summary.go:131.2,131.148 1 0
github.com/muety/wakapi/routes/summary.go:134.3,134.28 1 0
github.com/muety/wakapi/routes/summary.go:135.4,135.126 1 0
github.com/muety/wakapi/routes/summary.go:136.5,138.1 2 0
github.com/muety/wakapi/routes/summary.go:141.3,142.1 1 0
github.com/muety/wakapi/routes/summary.go:144.2,161.1 2 0
github.com/muety/wakapi/routes/summary.go:163.2,163.48 2 0
github.com/muety/wakapi/routes/summary.go:167.2,174.1 2 0
github.com/muety/wakapi/routes/summary.go:177.2,179.37 3 0
github.com/muety/wakapi/routes/summary.go:180.3,181.17 2 0
github.com/muety/wakapi/routes/summary.go:182.4,183.1 1 0
github.com/muety/wakapi/routes/summary.go:184.3,184.44 1 0
github.com/muety/wakapi/routes/summary.go:186.2,186.23 1 0
github.com/muety/wakapi/routes/summary.go:191.2,192.91 1 0
github.com/muety/wakapi/routes/summary.go:192.93,192.110 1 0
github.com/muety/wakapi/routes/summary.go:193.94,193.111 1 0
github.com/muety/wakapi/routes/summary.go:194.93,194.110 1 0
github.com/muety/wakapi/routes/summary.go:195.91,195.108 1 0
github.com/muety/wakapi/routes/summary.go:196.95,196.112 1 0
github.com/muety/wakapi/routes/test_utils.go:15.2,21.1 6 1
github.com/muety/wakapi/routes/test_utils.go:32.2,38.1 2 1
github.com/muety/wakapi/routes/test_utils.go:41.2,41.53 2 1
github.com/muety/wakapi/routes/test_utils.go:42.3,42.26 1 1
github.com/muety/wakapi/routes/test_utils.go:43.4,44.1 1 1
github.com/muety/wakapi/routes/test_utils.go:45.3,45.27 1 1
github.com/muety/wakapi/routes/test_utils.go:46.4,47.1 1 1
github.com/muety/wakapi/routes/test_utils.go:48.3,48.31 1 1
github.com/muety/wakapi/routes/test_utils.go:49.4,50.1 1 1
github.com/muety/wakapi/routes/test_utils.go:51.3,51.33 1 1
github.com/muety/wakapi/routes/test_utils.go:52.4,53.1 1 1
github.com/muety/wakapi/routes/test_utils.go:54.3,54.32 1 1
github.com/muety/wakapi/routes/test_utils.go:55.4,56.1 1 1
github.com/muety/wakapi/routes/test_utils.go:57.3,57.22 1 1
github.com/muety/wakapi/routes/test_utils.go:58.4,59.1 1 1
github.com/muety/wakapi/routes/test_utils.go:60.3,60.25 1 1
github.com/muety/wakapi/routes/test_utils.go:61.4,62.1 1 0
github.com/muety/wakapi/routes/test_utils.go:65.2,66.23 2 1
