mode: set
github.com/muety/wakapi/helpers/date.go:17.73,18.58 1 0
github.com/muety/wakapi/helpers/date.go:18.58,20.3 1 0
github.com/muety/wakapi/helpers/date.go:21.2,21.87 1 0
github.com/muety/wakapi/helpers/date.go:21.87,23.3 1 0
github.com/muety/wakapi/helpers/date.go:24.2,24.64 1 0
github.com/muety/wakapi/helpers/date.go:27.40,29.2 1 0
github.com/muety/wakapi/helpers/date.go:31.44,33.2 1 0
github.com/muety/wakapi/helpers/date.go:35.49,37.2 1 0
github.com/muety/wakapi/helpers/date.go:39.45,41.2 1 0
github.com/muety/wakapi/helpers/date.go:43.50,49.2 5 0
github.com/muety/wakapi/helpers/http.go:11.94,13.16 2 0
github.com/muety/wakapi/helpers/http.go:13.16,15.3 1 0
github.com/muety/wakapi/helpers/http.go:17.2,17.107 1 0
github.com/muety/wakapi/helpers/http.go:17.107,19.3 1 0
github.com/muety/wakapi/helpers/http.go:21.2,21.22 1 0
github.com/muety/wakapi/helpers/http.go:24.90,27.58 3 0
github.com/muety/wakapi/helpers/http.go:27.58,29.3 1 0
github.com/muety/wakapi/helpers/interval.go:10.66,11.40 1 0
github.com/muety/wakapi/helpers/interval.go:11.40,12.27 1 0
github.com/muety/wakapi/helpers/interval.go:12.27,14.4 1 0
github.com/muety/wakapi/helpers/interval.go:16.2,16.48 1 0
github.com/muety/wakapi/helpers/interval.go:19.61,22.2 2 0
github.com/muety/wakapi/helpers/interval.go:24.88,27.2 2 0
github.com/muety/wakapi/helpers/interval.go:29.95,31.16 2 0
github.com/muety/wakapi/helpers/interval.go:31.16,33.3 1 0
github.com/muety/wakapi/helpers/interval.go:34.2,34.38 1 0
github.com/muety/wakapi/helpers/interval.go:37.105,41.18 3 1
github.com/muety/wakapi/helpers/interval.go:42.28,43.32 1 0
github.com/muety/wakapi/helpers/interval.go:44.32,46.30 2 0
github.com/muety/wakapi/helpers/interval.go:47.30,48.34 1 1
github.com/muety/wakapi/helpers/interval.go:49.31,50.35 1 0
github.com/muety/wakapi/helpers/interval.go:51.31,53.33 2 0
github.com/muety/wakapi/helpers/interval.go:54.32,55.36 1 0
github.com/muety/wakapi/helpers/interval.go:56.32,58.34 2 0
github.com/muety/wakapi/helpers/interval.go:59.31,60.35 1 0
github.com/muety/wakapi/helpers/interval.go:61.32,62.31 1 1
github.com/muety/wakapi/helpers/interval.go:63.41,65.48 2 0
github.com/muety/wakapi/helpers/interval.go:66.33,67.32 1 1
github.com/muety/wakapi/helpers/interval.go:68.33,69.32 1 1
github.com/muety/wakapi/helpers/interval.go:70.34,71.31 1 1
github.com/muety/wakapi/helpers/interval.go:72.35,73.32 1 1
github.com/muety/wakapi/helpers/interval.go:74.26,75.21 1 0
github.com/muety/wakapi/helpers/interval.go:76.10,77.39 1 0
github.com/muety/wakapi/helpers/interval.go:80.2,80.22 1 1
github.com/muety/wakapi/helpers/interval.go:84.65,85.15 1 1
github.com/muety/wakapi/helpers/interval.go:85.15,87.3 1 1
github.com/muety/wakapi/helpers/interval.go:88.2,88.14 1 1
github.com/muety/wakapi/helpers/interval.go:88.14,90.3 1 1
github.com/muety/wakapi/helpers/interval.go:91.2,91.14 1 1
github.com/muety/wakapi/helpers/interval.go:91.14,93.3 1 1
github.com/muety/wakapi/helpers/interval.go:94.2,94.15 1 1
github.com/muety/wakapi/helpers/interval.go:94.15,96.3 1 1
github.com/muety/wakapi/helpers/interval.go:97.2,97.15 1 1
github.com/muety/wakapi/helpers/interval.go:97.15,99.3 1 1
github.com/muety/wakapi/helpers/interval.go:100.2,100.16 1 1
github.com/muety/wakapi/helpers/interval.go:100.16,102.3 1 1
github.com/muety/wakapi/helpers/interval.go:103.2,103.16 1 1
github.com/muety/wakapi/helpers/interval.go:103.16,105.3 1 1
github.com/muety/wakapi/helpers/interval.go:106.2,106.41 1 1
github.com/muety/wakapi/helpers/summary.go:10.73,17.56 5 0
github.com/muety/wakapi/helpers/summary.go:17.56,19.3 1 0
github.com/muety/wakapi/helpers/summary.go:19.8,19.54 1 0
github.com/muety/wakapi/helpers/summary.go:19.54,21.3 1 0
github.com/muety/wakapi/helpers/summary.go:21.8,23.17 2 0
github.com/muety/wakapi/helpers/summary.go:23.17,25.4 1 0
github.com/muety/wakapi/helpers/summary.go:27.3,28.17 2 0
github.com/muety/wakapi/helpers/summary.go:28.17,30.4 1 0
github.com/muety/wakapi/helpers/summary.go:33.2,43.8 3 0
github.com/muety/wakapi/helpers/summary.go:46.59,48.48 2 0
github.com/muety/wakapi/helpers/summary.go:48.48,50.3 1 0
github.com/muety/wakapi/helpers/summary.go:51.2,51.49 1 0
github.com/muety/wakapi/helpers/summary.go:51.49,53.3 1 0
github.com/muety/wakapi/helpers/summary.go:54.2,54.47 1 0
github.com/muety/wakapi/helpers/summary.go:54.47,56.3 1 0
github.com/muety/wakapi/helpers/summary.go:57.2,57.48 1 0
github.com/muety/wakapi/helpers/summary.go:57.48,59.3 1 0
github.com/muety/wakapi/helpers/summary.go:60.2,60.57 1 0
github.com/muety/wakapi/helpers/summary.go:60.57,62.3 1 0
github.com/muety/wakapi/helpers/summary.go:63.2,63.46 1 0
github.com/muety/wakapi/helpers/summary.go:63.46,65.3 1 0
github.com/muety/wakapi/helpers/summary.go:66.2,66.47 1 0
github.com/muety/wakapi/helpers/summary.go:66.47,68.3 1 0
github.com/muety/wakapi/helpers/summary.go:69.2,69.47 1 0
github.com/muety/wakapi/helpers/summary.go:69.47,71.3 1 0
github.com/muety/wakapi/helpers/summary.go:72.2,72.16 1 0
github.com/muety/wakapi/helpers/summary.go:75.48,79.51 2 0
github.com/muety/wakapi/helpers/summary.go:79.51,81.3 1 0
github.com/muety/wakapi/helpers/summary.go:82.2,82.12 1 0
github.com/muety/wakapi/config/config.go:192.64,194.2 1 0
github.com/muety/wakapi/config/config.go:196.59,198.2 1 0
github.com/muety/wakapi/config/config.go:200.82,210.2 1 0
github.com/muety/wakapi/config/config.go:212.31,214.2 1 0
github.com/muety/wakapi/config/config.go:216.32,218.2 1 0
github.com/muety/wakapi/config/config.go:220.60,222.2 1 0
github.com/muety/wakapi/config/config.go:224.59,226.2 1 0
github.com/muety/wakapi/config/config.go:228.57,230.2 1 0
github.com/muety/wakapi/config/config.go:232.53,234.2 1 0
github.com/muety/wakapi/config/config.go:236.53,237.46 1 0
github.com/muety/wakapi/config/config.go:237.46,241.17 3 0
github.com/muety/wakapi/config/config.go:241.17,243.4 1 0
github.com/muety/wakapi/config/config.go:245.3,246.17 2 0
github.com/muety/wakapi/config/config.go:246.17,248.4 1 0
github.com/muety/wakapi/config/config.go:250.3,250.44 1 0
github.com/muety/wakapi/config/config.go:253.2,253.51 1 0
github.com/muety/wakapi/config/config.go:256.50,257.47 1 0
github.com/muety/wakapi/config/config.go:257.47,264.17 5 0
github.com/muety/wakapi/config/config.go:264.17,266.4 1 0
github.com/muety/wakapi/config/config.go:268.3,269.17 2 0
github.com/muety/wakapi/config/config.go:269.17,271.4 1 0
github.com/muety/wakapi/config/config.go:273.3,273.54 1 0
github.com/muety/wakapi/config/config.go:276.2,276.52 1 0
github.com/muety/wakapi/config/config.go:279.65,284.56 3 0
github.com/muety/wakapi/config/config.go:284.56,286.33 1 0
github.com/muety/wakapi/config/config.go:286.33,289.18 3 0
github.com/muety/wakapi/config/config.go:289.18,291.5 1 0
github.com/muety/wakapi/config/config.go:293.4,294.18 2 0
github.com/muety/wakapi/config/config.go:294.18,296.5 1 0
github.com/muety/wakapi/config/config.go:298.4,298.45 1 0
github.com/muety/wakapi/config/config.go:300.8,301.33 1 0
github.com/muety/wakapi/config/config.go:301.33,303.4 1 0
github.com/muety/wakapi/config/config.go:306.2,306.76 1 0
github.com/muety/wakapi/config/config.go:306.76,308.3 1 0
github.com/muety/wakapi/config/config.go:310.2,310.14 1 0
github.com/muety/wakapi/config/config.go:313.54,316.2 2 0
github.com/muety/wakapi/config/config.go:318.54,320.64 2 0
github.com/muety/wakapi/config/config.go:320.64,321.70 1 0
github.com/muety/wakapi/config/config.go:321.70,323.4 1 0
github.com/muety/wakapi/config/config.go:323.9,325.4 1 0
github.com/muety/wakapi/config/config.go:329.58,331.2 1 0
github.com/muety/wakapi/config/config.go:333.36,335.2 1 0
github.com/muety/wakapi/config/config.go:337.35,339.2 1 0
github.com/muety/wakapi/config/config.go:341.38,343.2 1 0
github.com/muety/wakapi/config/config.go:345.46,347.2 1 0
github.com/muety/wakapi/config/config.go:349.43,351.2 1 0
github.com/muety/wakapi/config/config.go:353.29,355.2 1 1
github.com/muety/wakapi/config/config.go:357.48,368.16 2 0
github.com/muety/wakapi/config/config.go:368.16,370.3 1 0
github.com/muety/wakapi/config/config.go:372.2,373.53 2 0
github.com/muety/wakapi/config/config.go:373.53,375.3 1 0
github.com/muety/wakapi/config/config.go:377.2,377.15 1 0
github.com/muety/wakapi/config/config.go:380.45,381.27 1 0
github.com/muety/wakapi/config/config.go:381.27,383.3 1 0
github.com/muety/wakapi/config/config.go:384.2,384.24 1 0
github.com/muety/wakapi/config/config.go:384.24,386.3 1 0
github.com/muety/wakapi/config/config.go:387.2,387.25 1 0
github.com/muety/wakapi/config/config.go:387.25,389.3 1 0
github.com/muety/wakapi/config/config.go:390.2,390.15 1 0
github.com/muety/wakapi/config/config.go:393.26,395.2 1 0
github.com/muety/wakapi/config/config.go:397.20,399.2 1 0
github.com/muety/wakapi/config/config.go:401.54,404.82 2 0
github.com/muety/wakapi/config/config.go:404.82,406.3 1 0
github.com/muety/wakapi/config/config.go:408.2,412.21 4 0
github.com/muety/wakapi/config/config.go:412.21,414.3 1 0
github.com/muety/wakapi/config/config.go:416.2,424.16 7 0
github.com/muety/wakapi/config/config.go:424.16,428.3 3 0
github.com/muety/wakapi/config/config.go:430.2,436.47 5 0
github.com/muety/wakapi/config/config.go:436.47,437.14 1 0
github.com/muety/wakapi/config/config.go:437.14,439.4 1 0
github.com/muety/wakapi/config/config.go:442.2,442.29 1 0
github.com/muety/wakapi/config/config.go:442.29,445.3 2 0
github.com/muety/wakapi/config/config.go:447.2,447.41 1 0
github.com/muety/wakapi/config/config.go:447.41,449.3 1 0
github.com/muety/wakapi/config/config.go:449.8,451.35 2 0
github.com/muety/wakapi/config/config.go:451.35,453.4 1 0
github.com/muety/wakapi/config/config.go:454.3,454.37 1 0
github.com/muety/wakapi/config/config.go:458.2,458.108 1 0
github.com/muety/wakapi/config/config.go:458.108,460.3 1 0
github.com/muety/wakapi/config/config.go:461.2,461.28 1 0
github.com/muety/wakapi/config/config.go:461.28,463.3 1 0
github.com/muety/wakapi/config/config.go:464.2,464.51 1 0
github.com/muety/wakapi/config/config.go:464.51,467.3 2 0
github.com/muety/wakapi/config/config.go:468.2,468.100 1 0
github.com/muety/wakapi/config/config.go:468.100,470.3 1 0
github.com/muety/wakapi/config/config.go:471.2,471.74 1 0
github.com/muety/wakapi/config/config.go:471.74,473.3 1 0
github.com/muety/wakapi/config/config.go:474.2,474.94 1 0
github.com/muety/wakapi/config/config.go:474.94,476.3 1 0
github.com/muety/wakapi/config/config.go:478.2,480.78 2 0
github.com/muety/wakapi/config/config.go:480.78,482.3 1 0
github.com/muety/wakapi/config/config.go:483.2,483.81 1 0
github.com/muety/wakapi/config/config.go:483.81,485.3 1 0
github.com/muety/wakapi/config/config.go:486.2,486.66 1 0
github.com/muety/wakapi/config/config.go:486.66,487.48 1 0
github.com/muety/wakapi/config/config.go:487.48,489.4 1 0
github.com/muety/wakapi/config/config.go:493.2,493.55 1 0
github.com/muety/wakapi/config/config.go:493.55,495.3 1 0
github.com/muety/wakapi/config/config.go:496.2,496.56 1 0
github.com/muety/wakapi/config/config.go:496.56,498.3 1 0
github.com/muety/wakapi/config/config.go:499.2,499.65 1 0
github.com/muety/wakapi/config/config.go:499.65,501.3 1 0
github.com/muety/wakapi/config/config.go:503.2,504.14 2 0
github.com/muety/wakapi/config/config.go:507.22,517.2 1 0
github.com/muety/wakapi/config/db.go:40.50,41.19 1 0
github.com/muety/wakapi/config/db.go:42.23,46.5 1 0
github.com/muety/wakapi/config/db.go:47.26,50.5 1 0
github.com/muety/wakapi/config/db.go:51.24,52.48 1 0
github.com/muety/wakapi/config/db.go:54.2,54.12 1 0
github.com/muety/wakapi/config/db.go:57.53,58.25 1 1
github.com/muety/wakapi/config/db.go:58.25,60.3 1 0
github.com/muety/wakapi/config/db.go:62.2,64.25 2 1
github.com/muety/wakapi/config/db.go:64.25,66.3 1 1
github.com/muety/wakapi/config/db.go:68.2,75.3 1 1
github.com/muety/wakapi/config/db.go:78.56,79.25 1 1
github.com/muety/wakapi/config/db.go:79.25,81.3 1 0
github.com/muety/wakapi/config/db.go:83.2,84.16 2 1
github.com/muety/wakapi/config/db.go:84.16,86.3 1 0
github.com/muety/wakapi/config/db.go:88.2,95.3 1 1
github.com/muety/wakapi/config/db.go:98.54,100.2 1 1
github.com/muety/wakapi/config/db_opts.go:11.56,13.2 1 0
github.com/muety/wakapi/config/db_opts.go:15.59,17.2 1 0
github.com/muety/wakapi/config/db_opts.go:19.61,21.39 1 0
github.com/muety/wakapi/config/db_opts.go:21.39,23.100 1 0
github.com/muety/wakapi/config/db_opts.go:23.100,25.4 1 0
github.com/muety/wakapi/config/db_opts.go:28.2,28.30 1 0
github.com/muety/wakapi/config/db_opts.go:28.30,29.68 1 0
github.com/muety/wakapi/config/db_opts.go:29.68,31.4 1 0
github.com/muety/wakapi/config/db_opts.go:34.2,34.12 1 0
github.com/muety/wakapi/config/eventbus.go:27.13,29.2 1 1
github.com/muety/wakapi/config/eventbus.go:31.26,33.2 1 0
github.com/muety/wakapi/config/fs.go:9.56,10.19 1 0
github.com/muety/wakapi/config/fs.go:10.19,12.3 1 0
github.com/muety/wakapi/config/fs.go:13.2,13.19 1 0
github.com/muety/wakapi/config/jobqueue.go:28.13,30.2 1 1
github.com/muety/wakapi/config/jobqueue.go:32.18,39.2 6 0
github.com/muety/wakapi/config/jobqueue.go:41.48,42.34 1 0
github.com/muety/wakapi/config/jobqueue.go:42.34,44.3 1 0
github.com/muety/wakapi/config/jobqueue.go:45.2,48.12 4 0
github.com/muety/wakapi/config/jobqueue.go:51.44,53.2 1 0
github.com/muety/wakapi/config/jobqueue.go:55.48,56.35 1 0
github.com/muety/wakapi/config/jobqueue.go:56.35,58.3 1 0
github.com/muety/wakapi/config/jobqueue.go:59.2,59.24 1 0
github.com/muety/wakapi/config/jobqueue.go:62.43,64.37 2 0
github.com/muety/wakapi/config/jobqueue.go:64.37,70.3 1 0
github.com/muety/wakapi/config/jobqueue.go:71.2,71.16 1 0
github.com/muety/wakapi/config/jobqueue.go:74.20,75.30 1 0
github.com/muety/wakapi/config/jobqueue.go:75.30,77.3 1 0
github.com/muety/wakapi/config/key_utils.go:11.58,15.44 2 0
github.com/muety/wakapi/config/key_utils.go:15.44,17.17 2 0
github.com/muety/wakapi/config/key_utils.go:17.17,19.4 1 0
github.com/muety/wakapi/config/key_utils.go:20.3,23.17 3 0
github.com/muety/wakapi/config/key_utils.go:23.17,25.4 1 0
github.com/muety/wakapi/config/key_utils.go:26.3,26.46 1 0
github.com/muety/wakapi/config/key_utils.go:30.2,31.16 2 0
github.com/muety/wakapi/config/key_utils.go:31.16,33.3 1 0
github.com/muety/wakapi/config/key_utils.go:34.2,37.51 3 0
github.com/muety/wakapi/config/key_utils.go:37.51,39.3 1 0
github.com/muety/wakapi/config/key_utils.go:40.2,40.45 1 0
github.com/muety/wakapi/config/sentry.go:21.35,23.2 1 0
github.com/muety/wakapi/config/sentry.go:25.62,28.2 2 0
github.com/muety/wakapi/config/sentry.go:38.33,45.2 2 0
github.com/muety/wakapi/config/sentry.go:47.79,50.2 2 0
github.com/muety/wakapi/config/sentry.go:52.72,56.2 3 0
github.com/muety/wakapi/config/sentry.go:58.71,62.2 3 0
github.com/muety/wakapi/config/sentry.go:64.71,68.2 3 0
github.com/muety/wakapi/config/sentry.go:70.72,74.2 3 0
github.com/muety/wakapi/config/sentry.go:76.72,80.2 3 0
github.com/muety/wakapi/config/sentry.go:82.67,87.18 4 0
github.com/muety/wakapi/config/sentry.go:87.18,88.65 1 0
github.com/muety/wakapi/config/sentry.go:88.65,91.45 3 0
github.com/muety/wakapi/config/sentry.go:91.45,93.5 1 0
github.com/muety/wakapi/config/sentry.go:94.4,95.10 2 0
github.com/muety/wakapi/config/sentry.go:99.2,99.28 1 0
github.com/muety/wakapi/config/sentry.go:109.50,115.59 1 0
github.com/muety/wakapi/config/sentry.go:115.59,117.38 2 0
github.com/muety/wakapi/config/sentry.go:117.38,118.38 1 0
github.com/muety/wakapi/config/sentry.go:118.38,120.6 1 0
github.com/muety/wakapi/config/sentry.go:122.4,122.39 1 0
github.com/muety/wakapi/config/sentry.go:122.39,124.5 1 0
github.com/muety/wakapi/config/sentry.go:125.4,125.37 1 0
github.com/muety/wakapi/config/sentry.go:127.79,128.27 1 0
github.com/muety/wakapi/config/sentry.go:128.27,129.84 1 0
github.com/muety/wakapi/config/sentry.go:129.84,130.45 1 0
github.com/muety/wakapi/config/sentry.go:130.45,132.7 1 0
github.com/muety/wakapi/config/sentry.go:135.4,135.16 1 0
github.com/muety/wakapi/config/sentry.go:137.17,139.3 1 0
github.com/muety/wakapi/config/sentry.go:143.43,148.51 2 0
github.com/muety/wakapi/config/sentry.go:148.51,150.3 1 0
github.com/muety/wakapi/config/sentry.go:151.2,151.11 1 0
github.com/muety/wakapi/config/session.go:9.46,10.25 1 0
github.com/muety/wakapi/config/session.go:10.25,12.3 1 0
github.com/muety/wakapi/config/session.go:13.2,13.21 1 0
github.com/muety/wakapi/middlewares/authenticate.go:35.91,41.2 1 1
github.com/muety/wakapi/middlewares/authenticate.go:43.90,46.2 2 0
github.com/muety/wakapi/middlewares/authenticate.go:48.90,51.2 2 0
github.com/muety/wakapi/middlewares/authenticate.go:53.99,56.2 2 0
github.com/muety/wakapi/middlewares/authenticate.go:58.71,59.71 1 0
github.com/muety/wakapi/middlewares/authenticate.go:59.71,61.3 1 0
github.com/muety/wakapi/middlewares/authenticate.go:64.107,68.16 3 0
github.com/muety/wakapi/middlewares/authenticate.go:68.16,70.3 1 0
github.com/muety/wakapi/middlewares/authenticate.go:71.2,71.16 1 0
github.com/muety/wakapi/middlewares/authenticate.go:71.16,73.3 1 0
github.com/muety/wakapi/middlewares/authenticate.go:74.2,74.55 1 0
github.com/muety/wakapi/middlewares/authenticate.go:74.55,76.3 1 0
github.com/muety/wakapi/middlewares/authenticate.go:78.2,78.31 1 0
github.com/muety/wakapi/middlewares/authenticate.go:78.31,79.31 1 0
github.com/muety/wakapi/middlewares/authenticate.go:79.31,82.4 2 0
github.com/muety/wakapi/middlewares/authenticate.go:84.3,84.29 1 0
github.com/muety/wakapi/middlewares/authenticate.go:84.29,87.4 2 0
github.com/muety/wakapi/middlewares/authenticate.go:87.9,88.36 1 0
github.com/muety/wakapi/middlewares/authenticate.go:88.36,92.5 3 0
github.com/muety/wakapi/middlewares/authenticate.go:93.4,94.59 2 0
github.com/muety/wakapi/middlewares/authenticate.go:96.3,96.9 1 0
github.com/muety/wakapi/middlewares/authenticate.go:99.2,100.12 2 0
github.com/muety/wakapi/middlewares/authenticate.go:103.70,104.39 1 0
github.com/muety/wakapi/middlewares/authenticate.go:104.39,105.60 1 0
github.com/muety/wakapi/middlewares/authenticate.go:105.60,107.4 1 0
github.com/muety/wakapi/middlewares/authenticate.go:109.2,109.14 1 0
github.com/muety/wakapi/middlewares/authenticate.go:112.98,114.16 2 1
github.com/muety/wakapi/middlewares/authenticate.go:114.16,116.3 1 1
github.com/muety/wakapi/middlewares/authenticate.go:118.2,121.16 4 1
github.com/muety/wakapi/middlewares/authenticate.go:121.16,123.3 1 0
github.com/muety/wakapi/middlewares/authenticate.go:124.2,124.18 1 1
github.com/muety/wakapi/middlewares/authenticate.go:127.97,131.19 4 1
github.com/muety/wakapi/middlewares/authenticate.go:131.19,133.3 1 1
github.com/muety/wakapi/middlewares/authenticate.go:134.2,135.16 2 1
github.com/muety/wakapi/middlewares/authenticate.go:135.16,137.3 1 0
github.com/muety/wakapi/middlewares/authenticate.go:138.2,138.18 1 1
github.com/muety/wakapi/middlewares/authenticate.go:141.99,143.22 2 1
github.com/muety/wakapi/middlewares/authenticate.go:143.22,145.3 1 0
github.com/muety/wakapi/middlewares/authenticate.go:146.2,146.161 1 1
github.com/muety/wakapi/middlewares/authenticate.go:146.161,148.3 1 1
github.com/muety/wakapi/middlewares/authenticate.go:148.5,150.3 1 1
github.com/muety/wakapi/middlewares/authenticate.go:151.2,151.43 1 1
github.com/muety/wakapi/middlewares/authenticate.go:154.92,156.16 2 0
github.com/muety/wakapi/middlewares/authenticate.go:156.16,158.3 1 0
github.com/muety/wakapi/middlewares/authenticate.go:160.2,161.16 2 0
github.com/muety/wakapi/middlewares/authenticate.go:161.16,163.3 1 0
github.com/muety/wakapi/middlewares/authenticate.go:168.2,168.18 1 0
github.com/muety/wakapi/middlewares/filetype.go:13.83,14.43 1 0
github.com/muety/wakapi/middlewares/filetype.go:14.43,19.3 1 0
github.com/muety/wakapi/middlewares/filetype.go:22.84,24.34 2 0
github.com/muety/wakapi/middlewares/filetype.go:24.34,25.50 1 0
github.com/muety/wakapi/middlewares/filetype.go:25.50,29.4 3 0
github.com/muety/wakapi/middlewares/filetype.go:31.2,31.27 1 0
github.com/muety/wakapi/middlewares/logging.go:20.102,21.43 1 0
github.com/muety/wakapi/middlewares/logging.go:21.43,27.3 1 0
github.com/muety/wakapi/middlewares/logging.go:30.80,39.44 7 0
github.com/muety/wakapi/middlewares/logging.go:39.44,40.38 1 0
github.com/muety/wakapi/middlewares/logging.go:40.38,42.4 1 0
github.com/muety/wakapi/middlewares/logging.go:45.2,54.3 1 0
github.com/muety/wakapi/middlewares/logging.go:57.41,59.14 2 0
github.com/muety/wakapi/middlewares/logging.go:59.14,61.3 1 0
github.com/muety/wakapi/middlewares/logging.go:62.2,62.14 1 0
github.com/muety/wakapi/middlewares/logging.go:62.14,64.3 1 0
github.com/muety/wakapi/middlewares/logging.go:65.2,65.11 1 0
github.com/muety/wakapi/middlewares/logging.go:68.41,69.42 1 0
github.com/muety/wakapi/middlewares/logging.go:69.42,71.3 1 0
github.com/muety/wakapi/middlewares/logging.go:72.2,72.12 1 0
github.com/muety/wakapi/middlewares/logging.go:103.52,105.2 1 0
github.com/muety/wakapi/middlewares/logging.go:117.45,118.20 1 0
github.com/muety/wakapi/middlewares/logging.go:118.20,122.3 3 0
github.com/muety/wakapi/middlewares/logging.go:124.54,127.18 3 0
github.com/muety/wakapi/middlewares/logging.go:127.18,130.17 2 0
github.com/muety/wakapi/middlewares/logging.go:130.17,132.4 1 0
github.com/muety/wakapi/middlewares/logging.go:134.2,135.15 2 0
github.com/muety/wakapi/middlewares/logging.go:137.42,138.20 1 0
github.com/muety/wakapi/middlewares/logging.go:138.20,140.3 1 0
github.com/muety/wakapi/middlewares/logging.go:142.36,144.2 1 0
github.com/muety/wakapi/middlewares/logging.go:145.42,147.2 1 0
github.com/muety/wakapi/middlewares/logging.go:148.40,150.2 1 0
github.com/muety/wakapi/middlewares/logging.go:151.52,153.2 1 0
github.com/muety/wakapi/middlewares/principal.go:15.62,17.2 1 0
github.com/muety/wakapi/middlewares/principal.go:19.58,21.2 1 0
github.com/muety/wakapi/middlewares/principal.go:23.60,24.24 1 0
github.com/muety/wakapi/middlewares/principal.go:24.24,26.3 1 0
github.com/muety/wakapi/middlewares/principal.go:27.2,27.31 1 0
github.com/muety/wakapi/middlewares/principal.go:49.71,50.43 1 0
github.com/muety/wakapi/middlewares/principal.go:50.43,52.3 1 0
github.com/muety/wakapi/middlewares/principal.go:55.81,58.2 2 0
github.com/muety/wakapi/middlewares/principal.go:60.55,61.52 1 0
github.com/muety/wakapi/middlewares/principal.go:61.52,63.3 1 0
github.com/muety/wakapi/middlewares/principal.go:66.49,67.52 1 0
github.com/muety/wakapi/middlewares/principal.go:67.52,69.3 1 0
github.com/muety/wakapi/middlewares/principal.go:70.2,70.12 1 0
github.com/muety/wakapi/middlewares/security.go:19.62,20.43 1 0
github.com/muety/wakapi/middlewares/security.go:20.43,22.3 1 0
github.com/muety/wakapi/middlewares/security.go:25.80,26.36 1 0
github.com/muety/wakapi/middlewares/security.go:26.36,27.30 1 0
github.com/muety/wakapi/middlewares/security.go:27.30,29.4 1 0
github.com/muety/wakapi/middlewares/security.go:31.2,31.27 1 0
github.com/muety/wakapi/middlewares/sentry.go:15.60,16.43 1 0
github.com/muety/wakapi/middlewares/sentry.go:16.43,20.3 1 0
github.com/muety/wakapi/middlewares/sentry.go:23.78,26.54 3 0
github.com/muety/wakapi/middlewares/sentry.go:26.54,27.43 1 0
github.com/muety/wakapi/middlewares/sentry.go:27.43,29.4 1 0
github.com/muety/wakapi/models/alias.go:18.32,20.2 1 0
github.com/muety/wakapi/models/alias.go:22.37,23.35 1 0
github.com/muety/wakapi/models/alias.go:23.35,24.18 1 0
github.com/muety/wakapi/models/alias.go:24.18,26.4 1 0
github.com/muety/wakapi/models/alias.go:28.2,28.14 1 0
github.com/muety/wakapi/models/duration.go:27.75,28.23 1 0
github.com/muety/wakapi/models/duration.go:28.23,30.3 1 0
github.com/muety/wakapi/models/duration.go:31.2,35.35 1 0
github.com/muety/wakapi/models/duration.go:35.35,37.3 1 0
github.com/muety/wakapi/models/duration.go:38.2,38.18 1 0
github.com/muety/wakapi/models/duration.go:41.55,56.2 2 0
github.com/muety/wakapi/models/duration.go:58.50,61.2 2 0
github.com/muety/wakapi/models/duration.go:63.39,65.16 2 0
github.com/muety/wakapi/models/duration.go:65.16,67.3 1 0
github.com/muety/wakapi/models/duration.go:68.2,69.10 2 0
github.com/muety/wakapi/models/duration.go:72.49,73.11 1 0
github.com/muety/wakapi/models/duration.go:74.22,75.18 1 0
github.com/muety/wakapi/models/duration.go:76.21,77.17 1 0
github.com/muety/wakapi/models/duration.go:78.23,79.19 1 0
github.com/muety/wakapi/models/duration.go:80.17,81.26 1 0
github.com/muety/wakapi/models/duration.go:82.22,83.18 1 0
github.com/muety/wakapi/models/duration.go:84.21,85.17 1 0
github.com/muety/wakapi/models/duration.go:86.21,87.17 1 0
github.com/muety/wakapi/models/duration.go:90.2,90.15 1 0
github.com/muety/wakapi/models/duration.go:90.15,92.3 1 0
github.com/muety/wakapi/models/duration.go:94.2,94.12 1 0
github.com/muety/wakapi/models/durations.go:7.30,9.2 1 0
github.com/muety/wakapi/models/durations.go:11.40,13.2 1 0
github.com/muety/wakapi/models/durations.go:15.35,17.2 1 0
github.com/muety/wakapi/models/durations.go:19.45,21.22 2 0
github.com/muety/wakapi/models/durations.go:21.22,23.3 1 0
github.com/muety/wakapi/models/durations.go:24.2,24.14 1 0
github.com/muety/wakapi/models/durations.go:27.39,30.2 2 0
github.com/muety/wakapi/models/durations.go:32.39,34.18 1 0
github.com/muety/wakapi/models/durations.go:34.18,36.3 1 0
github.com/muety/wakapi/models/durations.go:37.2,37.16 1 0
github.com/muety/wakapi/models/durations.go:40.38,42.18 1 0
github.com/muety/wakapi/models/durations.go:42.18,44.3 1 0
github.com/muety/wakapi/models/durations.go:45.2,45.24 1 0
github.com/muety/wakapi/models/filters.go:22.33,24.2 1 1
github.com/muety/wakapi/models/filters.go:26.48,27.22 1 1
github.com/muety/wakapi/models/filters.go:27.22,28.48 1 1
github.com/muety/wakapi/models/filters.go:28.48,30.4 1 1
github.com/muety/wakapi/models/filters.go:32.2,32.14 1 1
github.com/muety/wakapi/models/filters.go:40.56,42.2 1 1
github.com/muety/wakapi/models/filters.go:44.66,47.2 2 1
github.com/muety/wakapi/models/filters.go:49.59,51.2 1 1
github.com/muety/wakapi/models/filters.go:53.70,54.16 1 1
github.com/muety/wakapi/models/filters.go:55.22,56.41 1 1
github.com/muety/wakapi/models/filters.go:57.17,58.31 1 0
github.com/muety/wakapi/models/filters.go:59.23,60.43 1 1
github.com/muety/wakapi/models/filters.go:61.21,62.39 1 0
github.com/muety/wakapi/models/filters.go:63.22,64.41 1 0
github.com/muety/wakapi/models/filters.go:65.20,66.37 1 1
github.com/muety/wakapi/models/filters.go:67.21,68.39 1 0
github.com/muety/wakapi/models/filters.go:69.21,70.39 1 0
github.com/muety/wakapi/models/filters.go:72.2,72.10 1 1
github.com/muety/wakapi/models/filters.go:75.49,76.44 1 1
github.com/muety/wakapi/models/filters.go:76.44,78.3 1 1
github.com/muety/wakapi/models/filters.go:78.8,78.41 1 1
github.com/muety/wakapi/models/filters.go:78.41,80.3 1 0
github.com/muety/wakapi/models/filters.go:80.8,80.53 1 1
github.com/muety/wakapi/models/filters.go:80.53,82.3 1 1
github.com/muety/wakapi/models/filters.go:82.8,82.49 1 1
github.com/muety/wakapi/models/filters.go:82.49,84.3 1 0
github.com/muety/wakapi/models/filters.go:84.8,84.51 1 1
github.com/muety/wakapi/models/filters.go:84.51,86.3 1 0
github.com/muety/wakapi/models/filters.go:86.8,86.47 1 1
github.com/muety/wakapi/models/filters.go:86.47,88.3 1 0
github.com/muety/wakapi/models/filters.go:88.8,88.49 1 1
github.com/muety/wakapi/models/filters.go:88.49,90.3 1 0
github.com/muety/wakapi/models/filters.go:90.8,90.49 1 1
github.com/muety/wakapi/models/filters.go:90.49,92.3 1 0
github.com/muety/wakapi/models/filters.go:93.2,93.29 1 1
github.com/muety/wakapi/models/filters.go:96.46,97.30 1 1
github.com/muety/wakapi/models/filters.go:97.30,99.3 1 1
github.com/muety/wakapi/models/filters.go:100.2,100.66 1 0
github.com/muety/wakapi/models/filters.go:103.34,106.2 2 1
github.com/muety/wakapi/models/filters.go:108.31,110.51 2 0
github.com/muety/wakapi/models/filters.go:110.51,112.3 1 0
github.com/muety/wakapi/models/filters.go:113.2,113.14 1 0
github.com/muety/wakapi/models/filters.go:116.51,118.2 1 0
github.com/muety/wakapi/models/filters.go:120.37,122.51 2 0
github.com/muety/wakapi/models/filters.go:122.51,123.37 1 0
github.com/muety/wakapi/models/filters.go:123.37,125.4 1 0
github.com/muety/wakapi/models/filters.go:127.2,127.14 1 0
github.com/muety/wakapi/models/filters.go:130.59,131.18 1 0
github.com/muety/wakapi/models/filters.go:132.22,133.20 1 0
github.com/muety/wakapi/models/filters.go:134.23,135.21 1 0
github.com/muety/wakapi/models/filters.go:136.21,137.19 1 0
github.com/muety/wakapi/models/filters.go:138.17,139.15 1 0
github.com/muety/wakapi/models/filters.go:140.22,141.20 1 0
github.com/muety/wakapi/models/filters.go:142.20,143.18 1 0
github.com/muety/wakapi/models/filters.go:144.21,145.19 1 0
github.com/muety/wakapi/models/filters.go:146.21,147.19 1 0
github.com/muety/wakapi/models/filters.go:148.10,149.21 1 0
github.com/muety/wakapi/models/filters.go:153.33,155.16 2 0
github.com/muety/wakapi/models/filters.go:155.16,157.3 1 0
github.com/muety/wakapi/models/filters.go:158.2,158.32 1 0
github.com/muety/wakapi/models/filters.go:161.44,167.2 1 1
github.com/muety/wakapi/models/filters.go:170.70,171.22 1 1
github.com/muety/wakapi/models/filters.go:171.22,173.31 2 1
github.com/muety/wakapi/models/filters.go:173.31,176.4 2 1
github.com/muety/wakapi/models/filters.go:177.3,177.22 1 1
github.com/muety/wakapi/models/filters.go:179.2,179.17 1 1
github.com/muety/wakapi/models/filters.go:179.17,181.26 2 0
github.com/muety/wakapi/models/filters.go:181.26,184.4 2 0
github.com/muety/wakapi/models/filters.go:185.3,185.17 1 0
github.com/muety/wakapi/models/filters.go:187.2,187.23 1 1
github.com/muety/wakapi/models/filters.go:187.23,189.32 2 1
github.com/muety/wakapi/models/filters.go:189.32,192.4 2 1
github.com/muety/wakapi/models/filters.go:193.3,193.23 1 1
github.com/muety/wakapi/models/filters.go:195.2,195.21 1 1
github.com/muety/wakapi/models/filters.go:195.21,197.30 2 0
github.com/muety/wakapi/models/filters.go:197.30,200.4 2 0
github.com/muety/wakapi/models/filters.go:201.3,201.21 1 0
github.com/muety/wakapi/models/filters.go:203.2,203.22 1 1
github.com/muety/wakapi/models/filters.go:203.22,205.31 2 0
github.com/muety/wakapi/models/filters.go:205.31,208.4 2 0
github.com/muety/wakapi/models/filters.go:209.3,209.22 1 0
github.com/muety/wakapi/models/filters.go:211.2,211.21 1 1
github.com/muety/wakapi/models/filters.go:211.21,213.30 2 0
github.com/muety/wakapi/models/filters.go:213.30,216.4 2 0
github.com/muety/wakapi/models/filters.go:217.3,217.21 1 0
github.com/muety/wakapi/models/filters.go:220.2,220.10 1 1
github.com/muety/wakapi/models/filters.go:223.83,224.41 1 1
github.com/muety/wakapi/models/filters.go:224.41,226.3 1 0
github.com/muety/wakapi/models/filters.go:227.2,227.28 1 1
github.com/muety/wakapi/models/filters.go:227.28,229.3 1 1
github.com/muety/wakapi/models/filters.go:230.2,230.10 1 1
github.com/muety/wakapi/models/filters.go:233.43,235.2 1 0
github.com/muety/wakapi/models/heartbeat.go:34.34,36.2 1 1
github.com/muety/wakapi/models/heartbeat.go:38.55,41.2 2 0
github.com/muety/wakapi/models/heartbeat.go:43.43,49.80 1 0
github.com/muety/wakapi/models/heartbeat.go:49.80,51.3 1 0
github.com/muety/wakapi/models/heartbeat.go:53.2,56.10 3 0
github.com/muety/wakapi/models/heartbeat.go:59.65,61.46 2 1
github.com/muety/wakapi/models/heartbeat.go:61.46,62.108 1 1
github.com/muety/wakapi/models/heartbeat.go:62.108,65.4 2 1
github.com/muety/wakapi/models/heartbeat.go:69.50,70.11 1 1
github.com/muety/wakapi/models/heartbeat.go:71.22,72.18 1 1
github.com/muety/wakapi/models/heartbeat.go:73.21,74.17 1 1
github.com/muety/wakapi/models/heartbeat.go:75.23,76.19 1 1
github.com/muety/wakapi/models/heartbeat.go:77.17,78.26 1 1
github.com/muety/wakapi/models/heartbeat.go:79.22,80.18 1 1
github.com/muety/wakapi/models/heartbeat.go:81.21,82.17 1 0
github.com/muety/wakapi/models/heartbeat.go:83.21,84.17 1 0
github.com/muety/wakapi/models/heartbeat.go:87.2,87.15 1 1
github.com/muety/wakapi/models/heartbeat.go:87.15,89.3 1 1
github.com/muety/wakapi/models/heartbeat.go:91.2,91.12 1 1
github.com/muety/wakapi/models/heartbeat.go:94.37,110.2 1 0
github.com/muety/wakapi/models/heartbeat.go:118.41,120.16 2 1
github.com/muety/wakapi/models/heartbeat.go:120.16,122.3 1 0
github.com/muety/wakapi/models/heartbeat.go:123.2,124.10 2 1
github.com/muety/wakapi/models/heartbeat.go:127.38,137.2 1 0
github.com/muety/wakapi/models/heartbeats.go:7.31,9.2 1 0
github.com/muety/wakapi/models/heartbeats.go:11.41,13.2 1 0
github.com/muety/wakapi/models/heartbeats.go:15.36,17.2 1 0
github.com/muety/wakapi/models/heartbeats.go:19.43,22.2 2 0
github.com/muety/wakapi/models/heartbeats.go:24.41,26.18 1 0
github.com/muety/wakapi/models/heartbeats.go:26.18,28.3 1 0
github.com/muety/wakapi/models/heartbeats.go:29.2,29.16 1 0
github.com/muety/wakapi/models/heartbeats.go:32.40,34.18 1 0
github.com/muety/wakapi/models/heartbeats.go:34.18,36.3 1 0
github.com/muety/wakapi/models/heartbeats.go:37.2,37.24 1 0
github.com/muety/wakapi/models/interval.go:47.47,48.23 1 0
github.com/muety/wakapi/models/interval.go:48.23,49.13 1 0
github.com/muety/wakapi/models/interval.go:49.13,51.4 1 0
github.com/muety/wakapi/models/interval.go:53.2,53.14 1 0
github.com/muety/wakapi/models/interval.go:56.49,57.23 1 0
github.com/muety/wakapi/models/interval.go:57.23,58.34 1 0
github.com/muety/wakapi/models/interval.go:58.34,60.4 1 0
github.com/muety/wakapi/models/interval.go:62.2,62.11 1 0
github.com/muety/wakapi/models/language_mapping.go:11.42,13.2 1 0
github.com/muety/wakapi/models/language_mapping.go:15.51,17.2 1 0
github.com/muety/wakapi/models/language_mapping.go:19.52,21.2 1 0
github.com/muety/wakapi/models/leaderboard.go:28.73,30.2 1 0
github.com/muety/wakapi/models/leaderboard.go:34.56,35.103 1 0
github.com/muety/wakapi/models/leaderboard.go:35.103,37.3 1 0
github.com/muety/wakapi/models/leaderboard.go:37.13,39.3 1 0
github.com/muety/wakapi/models/leaderboard.go:42.63,43.29 1 0
github.com/muety/wakapi/models/leaderboard.go:43.29,45.3 1 0
github.com/muety/wakapi/models/leaderboard.go:48.41,49.123 1 0
github.com/muety/wakapi/models/leaderboard.go:49.123,51.3 1 0
github.com/muety/wakapi/models/leaderboard.go:54.50,56.2 1 0
github.com/muety/wakapi/models/leaderboard.go:58.65,59.95 1 0
github.com/muety/wakapi/models/leaderboard.go:59.95,61.3 1 0
github.com/muety/wakapi/models/leaderboard.go:64.49,72.25 3 0
github.com/muety/wakapi/models/leaderboard.go:72.25,73.58 1 0
github.com/muety/wakapi/models/leaderboard.go:73.58,74.12 1 0
github.com/muety/wakapi/models/leaderboard.go:76.3,77.38 2 0
github.com/muety/wakapi/models/leaderboard.go:77.38,79.4 1 0
github.com/muety/wakapi/models/leaderboard.go:80.3,80.40 1 0
github.com/muety/wakapi/models/leaderboard.go:83.2,83.129 1 0
github.com/muety/wakapi/models/leaderboard.go:83.129,85.3 1 0
github.com/muety/wakapi/models/leaderboard.go:86.2,86.67 1 0
github.com/muety/wakapi/models/leaderboard.go:86.67,88.3 1 0
github.com/muety/wakapi/models/leaderboard.go:90.2,90.79 1 0
github.com/muety/wakapi/models/leaderboard.go:90.79,92.3 1 0
github.com/muety/wakapi/models/leaderboard.go:95.70,96.107 1 0
github.com/muety/wakapi/models/leaderboard.go:96.107,98.3 1 0
github.com/muety/wakapi/models/leaderboard.go:101.45,103.25 2 0
github.com/muety/wakapi/models/leaderboard.go:103.25,104.43 1 0
github.com/muety/wakapi/models/leaderboard.go:104.43,106.4 1 0
github.com/muety/wakapi/models/leaderboard.go:108.2,108.19 1 0
github.com/muety/wakapi/models/mail.go:23.44,27.2 3 0
github.com/muety/wakapi/models/mail.go:29.44,33.2 3 0
github.com/muety/wakapi/models/mail.go:35.34,36.18 1 0
github.com/muety/wakapi/models/mail.go:36.18,38.3 1 0
github.com/muety/wakapi/models/mail.go:39.2,39.21 1 0
github.com/muety/wakapi/models/mail.go:39.21,41.3 1 0
github.com/muety/wakapi/models/mail.go:42.2,42.23 1 0
github.com/muety/wakapi/models/mail.go:42.23,44.3 1 0
github.com/muety/wakapi/models/mail.go:45.2,45.10 1 0
github.com/muety/wakapi/models/mail.go:48.32,67.2 1 0
github.com/muety/wakapi/models/mail.go:69.41,71.2 1 0
github.com/muety/wakapi/models/mail_address.go:18.13,21.2 2 1
github.com/muety/wakapi/models/mail_address.go:27.38,29.2 1 0
github.com/muety/wakapi/models/mail_address.go:31.35,33.21 2 1
github.com/muety/wakapi/models/mail_address.go:33.21,34.21 1 1
github.com/muety/wakapi/models/mail_address.go:34.21,36.4 1 1
github.com/muety/wakapi/models/mail_address.go:37.3,37.18 1 1
github.com/muety/wakapi/models/mail_address.go:39.2,39.11 1 1
github.com/muety/wakapi/models/mail_address.go:42.38,44.21 2 0
github.com/muety/wakapi/models/mail_address.go:44.21,46.3 1 0
github.com/muety/wakapi/models/mail_address.go:47.2,47.17 1 0
github.com/muety/wakapi/models/mail_address.go:50.35,52.2 1 1
github.com/muety/wakapi/models/mail_address.go:54.43,56.22 2 0
github.com/muety/wakapi/models/mail_address.go:56.22,58.3 1 0
github.com/muety/wakapi/models/mail_address.go:59.2,59.12 1 0
github.com/muety/wakapi/models/mail_address.go:62.46,64.22 2 1
github.com/muety/wakapi/models/mail_address.go:64.22,66.3 1 1
github.com/muety/wakapi/models/mail_address.go:67.2,67.12 1 1
github.com/muety/wakapi/models/mail_address.go:70.40,71.22 1 1
github.com/muety/wakapi/models/mail_address.go:71.22,72.17 1 1
github.com/muety/wakapi/models/mail_address.go:72.17,74.4 1 1
github.com/muety/wakapi/models/mail_address.go:76.2,76.13 1 1
github.com/muety/wakapi/models/models.go:3.14,5.2 0 1
github.com/muety/wakapi/models/project_label.go:14.39,16.2 1 0
github.com/muety/wakapi/models/shared.go:38.52,40.2 1 0
github.com/muety/wakapi/models/shared.go:42.52,45.16 3 0
github.com/muety/wakapi/models/shared.go:45.16,47.3 1 0
github.com/muety/wakapi/models/shared.go:48.2,50.12 3 0
github.com/muety/wakapi/models/shared.go:53.52,59.22 2 0
github.com/muety/wakapi/models/shared.go:60.14,64.17 2 0
github.com/muety/wakapi/models/shared.go:64.17,66.4 1 0
github.com/muety/wakapi/models/shared.go:67.17,69.8 2 0
github.com/muety/wakapi/models/shared.go:70.10,71.64 1 0
github.com/muety/wakapi/models/shared.go:74.2,77.12 3 0
github.com/muety/wakapi/models/shared.go:80.51,83.2 2 0
github.com/muety/wakapi/models/shared.go:85.45,87.2 1 1
github.com/muety/wakapi/models/shared.go:89.37,91.2 1 0
github.com/muety/wakapi/models/shared.go:93.35,95.2 1 1
github.com/muety/wakapi/models/shared.go:97.34,99.2 1 0
github.com/muety/wakapi/models/summary.go:70.29,72.2 1 1
github.com/muety/wakapi/models/summary.go:74.35,76.2 1 0
github.com/muety/wakapi/models/summary.go:78.38,80.2 1 0
github.com/muety/wakapi/models/summary.go:82.33,93.2 1 0
github.com/muety/wakapi/models/summary.go:95.37,105.2 9 1
github.com/muety/wakapi/models/summary.go:107.35,109.2 1 1
github.com/muety/wakapi/models/summary.go:111.57,122.2 1 1
github.com/muety/wakapi/models/summary.go:124.64,125.21 1 1
github.com/muety/wakapi/models/summary.go:126.22,127.21 1 1
github.com/muety/wakapi/models/summary.go:128.23,129.22 1 1
github.com/muety/wakapi/models/summary.go:130.21,131.20 1 1
github.com/muety/wakapi/models/summary.go:132.17,133.29 1 1
github.com/muety/wakapi/models/summary.go:134.22,135.21 1 1
github.com/muety/wakapi/models/summary.go:136.20,137.19 1 1
github.com/muety/wakapi/models/summary.go:138.21,139.21 1 1
github.com/muety/wakapi/models/summary.go:140.21,141.21 1 1
github.com/muety/wakapi/models/summary.go:143.2,143.12 1 0
github.com/muety/wakapi/models/summary.go:146.59,147.21 1 1
github.com/muety/wakapi/models/summary.go:147.21,149.3 1 1
github.com/muety/wakapi/models/summary.go:151.2,151.35 1 1
github.com/muety/wakapi/models/summary.go:151.35,152.41 1 1
github.com/muety/wakapi/models/summary.go:152.41,154.4 1 1
github.com/muety/wakapi/models/summary.go:157.2,157.10 1 1
github.com/muety/wakapi/models/summary.go:173.33,178.26 4 1
github.com/muety/wakapi/models/summary.go:178.26,179.30 1 1
github.com/muety/wakapi/models/summary.go:179.30,181.4 1 1
github.com/muety/wakapi/models/summary.go:185.2,185.37 1 1
github.com/muety/wakapi/models/summary.go:185.37,187.3 1 0
github.com/muety/wakapi/models/summary.go:190.2,191.16 2 1
github.com/muety/wakapi/models/summary.go:191.16,193.3 1 0
github.com/muety/wakapi/models/summary.go:194.2,194.33 1 1
github.com/muety/wakapi/models/summary.go:194.33,196.3 1 1
github.com/muety/wakapi/models/summary.go:200.56,206.28 5 1
github.com/muety/wakapi/models/summary.go:206.28,208.3 1 1
github.com/muety/wakapi/models/summary.go:210.2,211.42 2 1
github.com/muety/wakapi/models/summary.go:211.42,212.22 1 0
github.com/muety/wakapi/models/summary.go:212.22,214.9 2 0
github.com/muety/wakapi/models/summary.go:218.2,219.15 2 1
github.com/muety/wakapi/models/summary.go:219.15,220.28 1 1
github.com/muety/wakapi/models/summary.go:220.28,222.4 1 0
github.com/muety/wakapi/models/summary.go:222.9,228.4 1 1
github.com/muety/wakapi/models/summary.go:232.45,237.16 4 1
github.com/muety/wakapi/models/summary.go:237.16,239.3 1 0
github.com/muety/wakapi/models/summary.go:240.2,240.39 1 1
github.com/muety/wakapi/models/summary.go:240.39,242.3 1 1
github.com/muety/wakapi/models/summary.go:244.2,244.30 1 1
github.com/muety/wakapi/models/summary.go:247.73,249.55 2 1
github.com/muety/wakapi/models/summary.go:249.55,250.31 1 1
github.com/muety/wakapi/models/summary.go:250.31,252.4 1 1
github.com/muety/wakapi/models/summary.go:254.2,254.16 1 1
github.com/muety/wakapi/models/summary.go:257.88,259.55 2 1
github.com/muety/wakapi/models/summary.go:259.55,260.31 1 1
github.com/muety/wakapi/models/summary.go:260.31,261.23 1 1
github.com/muety/wakapi/models/summary.go:261.23,262.13 1 1
github.com/muety/wakapi/models/summary.go:264.4,264.46 1 1
github.com/muety/wakapi/models/summary.go:267.2,267.16 1 1
github.com/muety/wakapi/models/summary.go:270.73,272.34 2 1
github.com/muety/wakapi/models/summary.go:272.34,274.3 1 1
github.com/muety/wakapi/models/summary.go:275.2,275.14 1 1
github.com/muety/wakapi/models/summary.go:278.56,281.55 3 0
github.com/muety/wakapi/models/summary.go:281.55,282.31 1 0
github.com/muety/wakapi/models/summary.go:282.31,283.44 1 0
github.com/muety/wakapi/models/summary.go:283.44,285.5 1 0
github.com/muety/wakapi/models/summary.go:288.2,288.12 1 0
github.com/muety/wakapi/models/summary.go:291.58,293.16 2 0
github.com/muety/wakapi/models/summary.go:293.16,295.3 1 0
github.com/muety/wakapi/models/summary.go:296.2,296.16 1 0
github.com/muety/wakapi/models/summary.go:299.71,300.63 1 1
github.com/muety/wakapi/models/summary.go:300.63,301.20 1 1
github.com/muety/wakapi/models/summary.go:301.20,303.4 1 1
github.com/muety/wakapi/models/summary.go:305.3,307.45 2 1
github.com/muety/wakapi/models/summary.go:307.45,308.32 1 1
github.com/muety/wakapi/models/summary.go:308.32,309.24 1 1
github.com/muety/wakapi/models/summary.go:309.24,311.6 1 1
github.com/muety/wakapi/models/summary.go:313.4,313.14 1 1
github.com/muety/wakapi/models/summary.go:316.3,316.31 1 1
github.com/muety/wakapi/models/summary.go:316.31,318.60 1 1
github.com/muety/wakapi/models/summary.go:318.60,320.5 1 1
github.com/muety/wakapi/models/summary.go:323.3,323.31 1 1
github.com/muety/wakapi/models/summary.go:323.31,325.60 1 1
github.com/muety/wakapi/models/summary.go:325.60,326.55 1 1
github.com/muety/wakapi/models/summary.go:326.55,328.6 1 1
github.com/muety/wakapi/models/summary.go:328.11,336.6 1 1
github.com/muety/wakapi/models/summary.go:340.3,340.16 1 1
github.com/muety/wakapi/models/summary.go:344.2,353.10 8 1
github.com/muety/wakapi/models/summary.go:356.57,357.30 1 1
github.com/muety/wakapi/models/summary.go:357.30,358.28 1 1
github.com/muety/wakapi/models/summary.go:358.28,360.4 1 1
github.com/muety/wakapi/models/summary.go:362.2,362.43 1 0
github.com/muety/wakapi/models/summary.go:365.43,367.2 1 0
github.com/muety/wakapi/models/summary.go:369.49,370.21 1 0
github.com/muety/wakapi/models/summary.go:370.21,372.3 1 0
github.com/muety/wakapi/models/summary.go:373.2,374.54 2 0
github.com/muety/wakapi/models/summary.go:377.51,378.27 1 0
github.com/muety/wakapi/models/summary.go:378.27,380.3 1 0
github.com/muety/wakapi/models/summary.go:381.2,382.19 2 0
github.com/muety/wakapi/models/summary.go:385.50,389.2 1 1
github.com/muety/wakapi/models/summary.go:391.49,392.101 1 0
github.com/muety/wakapi/models/summary.go:392.101,394.3 1 0
github.com/muety/wakapi/models/summary.go:397.30,399.2 1 0
github.com/muety/wakapi/models/summary.go:401.40,403.2 1 0
github.com/muety/wakapi/models/summary.go:405.35,407.2 1 0
github.com/muety/wakapi/models/summary.go:409.33,411.2 1 1
github.com/muety/wakapi/models/summary.go:413.43,415.2 1 1
github.com/muety/wakapi/models/summary.go:417.38,419.2 1 1
github.com/muety/wakapi/models/user.go:13.13,15.2 1 1
github.com/muety/wakapi/models/user.go:90.34,92.2 1 0
github.com/muety/wakapi/models/user.go:94.36,95.22 1 1
github.com/muety/wakapi/models/user.go:95.22,97.3 1 1
github.com/muety/wakapi/models/user.go:98.2,99.16 2 1
github.com/muety/wakapi/models/user.go:99.16,101.3 1 0
github.com/muety/wakapi/models/user.go:102.2,102.11 1 1
github.com/muety/wakapi/models/user.go:107.41,110.2 2 1
github.com/muety/wakapi/models/user.go:112.53,115.54 3 0
github.com/muety/wakapi/models/user.go:115.54,117.3 1 0
github.com/muety/wakapi/models/user.go:118.2,118.51 1 0
github.com/muety/wakapi/models/user.go:118.51,120.3 1 0
github.com/muety/wakapi/models/user.go:121.2,121.20 1 0
github.com/muety/wakapi/models/user.go:125.52,126.28 1 0
github.com/muety/wakapi/models/user.go:126.28,128.3 1 0
github.com/muety/wakapi/models/user.go:129.2,129.17 1 0
github.com/muety/wakapi/models/user.go:133.45,135.2 1 1
github.com/muety/wakapi/models/user.go:137.51,139.2 1 1
github.com/muety/wakapi/models/user.go:145.65,147.32 2 0
github.com/muety/wakapi/models/user.go:147.32,149.3 1 0
github.com/muety/wakapi/models/user.go:150.2,150.30 1 0
github.com/muety/wakapi/models/user.go:150.30,152.3 1 0
github.com/muety/wakapi/models/user.go:153.2,154.24 2 0
github.com/muety/wakapi/models/user.go:157.39,159.55 2 1
github.com/muety/wakapi/models/user.go:159.55,161.3 1 1
github.com/muety/wakapi/models/user.go:163.2,163.51 1 1
github.com/muety/wakapi/models/user.go:166.37,168.2 1 0
github.com/muety/wakapi/models/user.go:170.43,173.2 1 0
github.com/muety/wakapi/models/user.go:175.45,178.2 1 0
github.com/muety/wakapi/models/user.go:180.33,185.2 1 0
github.com/muety/wakapi/models/user.go:187.41,189.2 1 0
github.com/muety/wakapi/models/user.go:191.45,193.2 1 0
github.com/muety/wakapi/models/user.go:195.45,197.2 1 0
github.com/muety/wakapi/models/user.go:200.39,202.2 1 0
github.com/muety/wakapi/models/user.go:204.39,207.2 2 0
github.com/muety/wakapi/routes/utils/badge_utils.go:20.13,23.2 2 1
github.com/muety/wakapi/routes/utils/badge_utils.go:25.129,27.76 2 0
github.com/muety/wakapi/routes/utils/badge_utils.go:27.76,29.3 1 0
github.com/muety/wakapi/routes/utils/badge_utils.go:31.2,32.72 2 0
github.com/muety/wakapi/routes/utils/badge_utils.go:32.72,33.61 1 0
github.com/muety/wakapi/routes/utils/badge_utils.go:33.61,35.4 1 0
github.com/muety/wakapi/routes/utils/badge_utils.go:38.2,46.140 4 0
github.com/muety/wakapi/routes/utils/badge_utils.go:46.140,48.3 1 0
github.com/muety/wakapi/routes/utils/badge_utils.go:50.2,52.22 3 0
github.com/muety/wakapi/routes/utils/badge_utils.go:53.17,55.68 2 0
github.com/muety/wakapi/routes/utils/badge_utils.go:56.12,58.63 2 0
github.com/muety/wakapi/routes/utils/badge_utils.go:59.16,61.67 2 0
github.com/muety/wakapi/routes/utils/badge_utils.go:62.18,64.69 2 0
github.com/muety/wakapi/routes/utils/badge_utils.go:65.17,67.68 2 0
github.com/muety/wakapi/routes/utils/badge_utils.go:68.15,70.66 2 0
github.com/muety/wakapi/routes/utils/badge_utils.go:72.10,75.30 2 0
github.com/muety/wakapi/routes/utils/badge_utils.go:78.2,78.19 1 0
github.com/muety/wakapi/routes/utils/badge_utils.go:78.19,80.3 1 0
github.com/muety/wakapi/routes/utils/badge_utils.go:82.2,82.31 1 0
github.com/muety/wakapi/routes/utils/heartbeat_utils.go:11.68,13.16 2 0
github.com/muety/wakapi/routes/utils/heartbeat_utils.go:13.16,15.3 1 0
github.com/muety/wakapi/routes/utils/heartbeat_utils.go:17.2,18.16 2 0
github.com/muety/wakapi/routes/utils/heartbeat_utils.go:18.16,20.3 1 0
github.com/muety/wakapi/routes/utils/heartbeat_utils.go:22.2,22.35 1 0
github.com/muety/wakapi/routes/utils/heartbeat_utils.go:25.65,33.48 6 0
github.com/muety/wakapi/routes/utils/heartbeat_utils.go:33.48,35.3 1 0
github.com/muety/wakapi/routes/utils/heartbeat_utils.go:37.2,37.24 1 0
github.com/muety/wakapi/routes/utils/heartbeat_utils.go:40.67,48.47 6 0
github.com/muety/wakapi/routes/utils/heartbeat_utils.go:48.47,50.3 1 0
github.com/muety/wakapi/routes/utils/heartbeat_utils.go:52.2,52.45 1 0
github.com/muety/wakapi/routes/utils/messages.go:9.71,11.2 1 0
github.com/muety/wakapi/routes/utils/messages.go:13.73,15.2 1 0
github.com/muety/wakapi/routes/utils/messages.go:17.97,19.57 2 0
github.com/muety/wakapi/routes/utils/messages.go:19.57,21.3 1 0
github.com/muety/wakapi/routes/utils/messages.go:22.2,22.65 1 0
github.com/muety/wakapi/routes/utils/messages.go:22.65,24.3 1 0
github.com/muety/wakapi/routes/utils/messages.go:25.2,26.11 2 0
github.com/muety/wakapi/routes/utils/messages.go:29.78,33.2 3 0
github.com/muety/wakapi/routes/utils/project_utils.go:15.144,18.16 2 0
github.com/muety/wakapi/routes/utils/project_utils.go:18.16,20.3 1 0
github.com/muety/wakapi/routes/utils/project_utils.go:23.2,24.16 2 0
github.com/muety/wakapi/routes/utils/project_utils.go:24.16,26.3 1 0
github.com/muety/wakapi/routes/utils/project_utils.go:28.2,32.35 2 0
github.com/muety/wakapi/routes/utils/project_utils.go:32.35,35.3 2 0
github.com/muety/wakapi/routes/utils/project_utils.go:37.2,39.20 3 0
github.com/muety/wakapi/routes/utils/summary_utils.go:12.98,14.16 2 0
github.com/muety/wakapi/routes/utils/summary_utils.go:14.16,16.3 1 0
github.com/muety/wakapi/routes/utils/summary_utils.go:17.2,17.51 1 0
github.com/muety/wakapi/routes/utils/summary_utils.go:20.119,22.22 2 0
github.com/muety/wakapi/routes/utils/summary_utils.go:22.22,24.3 1 0
github.com/muety/wakapi/routes/utils/summary_utils.go:26.2,34.16 2 0
github.com/muety/wakapi/routes/utils/summary_utils.go:34.16,36.3 1 0
github.com/muety/wakapi/routes/utils/summary_utils.go:38.2,41.36 3 0
github.com/muety/wakapi/routes/utils/summary_utils.go:44.90,46.32 2 0
github.com/muety/wakapi/routes/utils/summary_utils.go:46.32,47.50 1 0
github.com/muety/wakapi/routes/utils/summary_utils.go:47.50,49.4 1 0
github.com/muety/wakapi/routes/utils/summary_utils.go:51.2,51.15 1 0
github.com/muety/wakapi/routes/utils/user_utils.go:15.139,16.68 1 1
github.com/muety/wakapi/routes/utils/user_utils.go:16.68,21.3 4 1
github.com/muety/wakapi/routes/utils/user_utils.go:23.2,24.21 2 1
github.com/muety/wakapi/routes/utils/user_utils.go:24.21,26.3 1 1
github.com/muety/wakapi/routes/utils/user_utils.go:28.2,29.27 2 1
github.com/muety/wakapi/routes/utils/user_utils.go:29.27,31.3 1 1
github.com/muety/wakapi/routes/utils/user_utils.go:31.8,31.35 1 1
github.com/muety/wakapi/routes/utils/user_utils.go:31.35,33.3 1 1
github.com/muety/wakapi/routes/utils/user_utils.go:35.2,35.63 1 1
github.com/muety/wakapi/routes/utils/user_utils.go:35.63,37.3 1 1
github.com/muety/wakapi/routes/utils/user_utils.go:39.2,40.16 2 1
github.com/muety/wakapi/routes/utils/user_utils.go:40.16,42.3 1 0
github.com/muety/wakapi/routes/utils/user_utils.go:44.2,44.27 1 1
github.com/muety/wakapi/routes/compat/wakatime/v1/all_time.go:23.116,29.2 1 0
github.com/muety/wakapi/routes/compat/wakatime/v1/all_time.go:31.60,32.34 1 0
github.com/muety/wakapi/routes/compat/wakatime/v1/all_time.go:32.34,35.3 2 0
github.com/muety/wakapi/routes/compat/wakatime/v1/all_time.go:47.70,49.16 2 0
github.com/muety/wakapi/routes/compat/wakatime/v1/all_time.go:49.16,51.3 1 0
github.com/muety/wakapi/routes/compat/wakatime/v1/all_time.go:53.2,54.16 2 0
github.com/muety/wakapi/routes/compat/wakatime/v1/all_time.go:54.16,58.3 3 0
github.com/muety/wakapi/routes/compat/wakatime/v1/all_time.go:60.2,61.46 2 0
github.com/muety/wakapi/routes/compat/wakatime/v1/all_time.go:64.116,73.29 3 0
github.com/muety/wakapi/routes/compat/wakatime/v1/all_time.go:73.29,75.3 1 0
github.com/muety/wakapi/routes/compat/wakatime/v1/all_time.go:77.2,85.16 2 0
github.com/muety/wakapi/routes/compat/wakatime/v1/all_time.go:85.16,87.3 1 0
github.com/muety/wakapi/routes/compat/wakatime/v1/all_time.go:89.2,89.36 1 0
github.com/muety/wakapi/routes/compat/wakatime/v1/heartbeat.go:29.124,34.2 1 0
github.com/muety/wakapi/routes/compat/wakatime/v1/heartbeat.go:36.62,37.34 1 0
github.com/muety/wakapi/routes/compat/wakatime/v1/heartbeat.go:37.34,40.3 2 0
github.com/muety/wakapi/routes/compat/wakatime/v1/heartbeat.go:52.72,54.16 2 0
github.com/muety/wakapi/routes/compat/wakatime/v1/heartbeat.go:54.16,56.3 1 0
github.com/muety/wakapi/routes/compat/wakatime/v1/heartbeat.go:58.2,61.16 4 0
github.com/muety/wakapi/routes/compat/wakatime/v1/heartbeat.go:61.16,65.3 3 0
github.com/muety/wakapi/routes/compat/wakatime/v1/heartbeat.go:67.2,71.16 4 0
github.com/muety/wakapi/routes/compat/wakatime/v1/heartbeat.go:71.16,76.3 4 0
github.com/muety/wakapi/routes/compat/wakatime/v1/heartbeat.go:78.2,84.47 2 0
github.com/muety/wakapi/routes/compat/wakatime/v1/projects.go:23.123,29.2 1 0
github.com/muety/wakapi/routes/compat/wakatime/v1/projects.go:31.61,32.34 1 0
github.com/muety/wakapi/routes/compat/wakatime/v1/projects.go:32.34,35.3 2 0
github.com/muety/wakapi/routes/compat/wakatime/v1/projects.go:48.71,50.16 2 0
github.com/muety/wakapi/routes/compat/wakatime/v1/projects.go:50.16,52.3 1 0
github.com/muety/wakapi/routes/compat/wakatime/v1/projects.go:54.2,55.16 2 0
github.com/muety/wakapi/routes/compat/wakatime/v1/projects.go:55.16,60.3 4 0
github.com/muety/wakapi/routes/compat/wakatime/v1/projects.go:62.2,65.28 3 0
github.com/muety/wakapi/routes/compat/wakatime/v1/projects.go:65.28,66.30 1 0
github.com/muety/wakapi/routes/compat/wakatime/v1/projects.go:66.30,68.4 1 0
github.com/muety/wakapi/routes/compat/wakatime/v1/projects.go:71.2,72.46 2 0
github.com/muety/wakapi/routes/compat/wakatime/v1/stats.go:22.112,28.2 1 0
github.com/muety/wakapi/routes/compat/wakatime/v1/stats.go:30.58,31.34 1 0
github.com/muety/wakapi/routes/compat/wakatime/v1/stats.go:31.34,41.3 5 0
github.com/muety/wakapi/routes/compat/wakatime/v1/stats.go:62.68,68.53 5 0
github.com/muety/wakapi/routes/compat/wakatime/v1/stats.go:68.53,70.3 1 0
github.com/muety/wakapi/routes/compat/wakatime/v1/stats.go:72.2,73.16 2 0
github.com/muety/wakapi/routes/compat/wakatime/v1/stats.go:73.16,77.3 3 0
github.com/muety/wakapi/routes/compat/wakatime/v1/stats.go:81.2,81.22 1 0
github.com/muety/wakapi/routes/compat/wakatime/v1/stats.go:81.22,82.100 1 0
github.com/muety/wakapi/routes/compat/wakatime/v1/stats.go:82.100,84.4 1 0
github.com/muety/wakapi/routes/compat/wakatime/v1/stats.go:84.9,86.4 1 0
github.com/muety/wakapi/routes/compat/wakatime/v1/stats.go:89.2,90.16 2 0
github.com/muety/wakapi/routes/compat/wakatime/v1/stats.go:90.16,94.3 3 0
github.com/muety/wakapi/routes/compat/wakatime/v1/stats.go:96.2,98.69 2 0
github.com/muety/wakapi/routes/compat/wakatime/v1/stats.go:98.69,102.3 3 0
github.com/muety/wakapi/routes/compat/wakatime/v1/stats.go:104.2,105.16 2 0
github.com/muety/wakapi/routes/compat/wakatime/v1/stats.go:105.16,109.3 3 0
github.com/muety/wakapi/routes/compat/wakatime/v1/stats.go:111.2,118.33 6 0
github.com/muety/wakapi/routes/compat/wakatime/v1/stats.go:118.33,120.3 1 0
github.com/muety/wakapi/routes/compat/wakatime/v1/stats.go:121.2,121.35 1 0
github.com/muety/wakapi/routes/compat/wakatime/v1/stats.go:121.35,123.3 1 0
github.com/muety/wakapi/routes/compat/wakatime/v1/stats.go:124.2,124.34 1 0
github.com/muety/wakapi/routes/compat/wakatime/v1/stats.go:124.34,126.3 1 0
github.com/muety/wakapi/routes/compat/wakatime/v1/stats.go:127.2,127.29 1 0
github.com/muety/wakapi/routes/compat/wakatime/v1/stats.go:127.29,129.3 1 0
github.com/muety/wakapi/routes/compat/wakatime/v1/stats.go:130.2,130.34 1 0
github.com/muety/wakapi/routes/compat/wakatime/v1/stats.go:130.34,132.3 1 0
github.com/muety/wakapi/routes/compat/wakatime/v1/stats.go:134.2,134.49 1 0
github.com/muety/wakapi/routes/compat/wakatime/v1/stats.go:137.136,146.16 3 0
github.com/muety/wakapi/routes/compat/wakatime/v1/stats.go:146.16,148.3 1 0
github.com/muety/wakapi/routes/compat/wakatime/v1/stats.go:150.2,150.36 1 0
github.com/muety/wakapi/routes/compat/wakatime/v1/statusbar.go:29.120,35.2 1 0
github.com/muety/wakapi/routes/compat/wakatime/v1/statusbar.go:37.62,38.34 1 0
github.com/muety/wakapi/routes/compat/wakatime/v1/statusbar.go:38.34,43.3 4 0
github.com/muety/wakapi/routes/compat/wakatime/v1/statusbar.go:55.72,57.16 2 0
github.com/muety/wakapi/routes/compat/wakatime/v1/statusbar.go:57.16,59.3 1 0
github.com/muety/wakapi/routes/compat/wakatime/v1/statusbar.go:61.2,62.22 2 0
github.com/muety/wakapi/routes/compat/wakatime/v1/statusbar.go:62.22,64.3 1 0
github.com/muety/wakapi/routes/compat/wakatime/v1/statusbar.go:66.2,67.16 2 0
github.com/muety/wakapi/routes/compat/wakatime/v1/statusbar.go:67.16,71.3 3 0
github.com/muety/wakapi/routes/compat/wakatime/v1/statusbar.go:73.2,74.16 2 0
github.com/muety/wakapi/routes/compat/wakatime/v1/statusbar.go:74.16,78.3 3 0
github.com/muety/wakapi/routes/compat/wakatime/v1/statusbar.go:79.2,83.4 2 0
github.com/muety/wakapi/routes/compat/wakatime/v1/statusbar.go:86.115,95.29 3 0
github.com/muety/wakapi/routes/compat/wakatime/v1/statusbar.go:95.29,97.3 1 0
github.com/muety/wakapi/routes/compat/wakatime/v1/statusbar.go:99.2,100.16 2 0
github.com/muety/wakapi/routes/compat/wakatime/v1/statusbar.go:100.16,102.3 1 0
github.com/muety/wakapi/routes/compat/wakatime/v1/statusbar.go:104.2,104.36 1 0
github.com/muety/wakapi/routes/compat/wakatime/v1/summaries.go:27.120,33.2 1 0
github.com/muety/wakapi/routes/compat/wakatime/v1/summaries.go:35.62,36.34 1 0
github.com/muety/wakapi/routes/compat/wakatime/v1/summaries.go:36.34,39.3 2 0
github.com/muety/wakapi/routes/compat/wakatime/v1/summaries.go:65.72,67.16 2 0
github.com/muety/wakapi/routes/compat/wakatime/v1/summaries.go:67.16,69.3 1 0
github.com/muety/wakapi/routes/compat/wakatime/v1/summaries.go:71.2,72.16 2 0
github.com/muety/wakapi/routes/compat/wakatime/v1/summaries.go:72.16,76.3 3 0
github.com/muety/wakapi/routes/compat/wakatime/v1/summaries.go:78.2,79.46 2 0
github.com/muety/wakapi/routes/compat/wakatime/v1/summaries.go:82.114,87.19 4 0
github.com/muety/wakapi/routes/compat/wakatime/v1/summaries.go:87.19,88.56 1 0
github.com/muety/wakapi/routes/compat/wakatime/v1/summaries.go:88.56,90.4 1 0
github.com/muety/wakapi/routes/compat/wakatime/v1/summaries.go:93.2,94.22 2 0
github.com/muety/wakapi/routes/compat/wakatime/v1/summaries.go:94.22,96.98 1 0
github.com/muety/wakapi/routes/compat/wakatime/v1/summaries.go:96.98,98.4 1 0
github.com/muety/wakapi/routes/compat/wakatime/v1/summaries.go:98.9,100.4 1 0
github.com/muety/wakapi/routes/compat/wakatime/v1/summaries.go:101.8,101.130 1 0
github.com/muety/wakapi/routes/compat/wakatime/v1/summaries.go:101.130,104.3 1 0
github.com/muety/wakapi/routes/compat/wakatime/v1/summaries.go:104.8,109.17 3 0
github.com/muety/wakapi/routes/compat/wakatime/v1/summaries.go:109.17,111.4 1 0
github.com/muety/wakapi/routes/compat/wakatime/v1/summaries.go:113.3,114.17 2 0
github.com/muety/wakapi/routes/compat/wakatime/v1/summaries.go:114.17,116.4 1 0
github.com/muety/wakapi/routes/compat/wakatime/v1/summaries.go:123.2,137.37 6 0
github.com/muety/wakapi/routes/compat/wakatime/v1/summaries.go:137.37,139.17 2 0
github.com/muety/wakapi/routes/compat/wakatime/v1/summaries.go:139.17,141.4 1 0
github.com/muety/wakapi/routes/compat/wakatime/v1/summaries.go:143.3,145.25 3 0
github.com/muety/wakapi/routes/compat/wakatime/v1/summaries.go:148.2,148.38 1 0
github.com/muety/wakapi/routes/compat/wakatime/v1/users.go:21.116,27.2 1 1
github.com/muety/wakapi/routes/compat/wakatime/v1/users.go:29.58,30.34 1 1
github.com/muety/wakapi/routes/compat/wakatime/v1/users.go:30.34,33.3 2 1
github.com/muety/wakapi/routes/compat/wakatime/v1/users.go:45.68,47.16 2 1
github.com/muety/wakapi/routes/compat/wakatime/v1/users.go:47.16,49.3 1 1
github.com/muety/wakapi/routes/compat/wakatime/v1/users.go:51.2,52.72 2 1
github.com/muety/wakapi/routes/compat/wakatime/v1/users.go:52.72,54.3 1 1
github.com/muety/wakapi/routes/compat/wakatime/v1/users.go:54.8,56.3 1 0
github.com/muety/wakapi/routes/compat/wakatime/v1/users.go:58.2,58.72 1 1
github.com/muety/wakapi/routes/api/activity.go:22.126,28.2 1 0
github.com/muety/wakapi/routes/api/activity.go:30.64,39.2 4 0
github.com/muety/wakapi/routes/api/activity.go:41.87,44.16 3 0
github.com/muety/wakapi/routes/api/activity.go:44.16,47.3 2 0
github.com/muety/wakapi/routes/api/activity.go:49.2,49.68 1 0
github.com/muety/wakapi/routes/api/activity.go:49.68,50.159 1 0
github.com/muety/wakapi/routes/api/activity.go:50.159,53.4 2 0
github.com/muety/wakapi/routes/api/activity.go:56.2,60.16 4 0
github.com/muety/wakapi/routes/api/activity.go:60.16,64.3 3 0
github.com/muety/wakapi/routes/api/activity.go:66.2,69.24 4 0
github.com/muety/wakapi/routes/api/avatar.go:19.40,21.16 2 0
github.com/muety/wakapi/routes/api/avatar.go:21.16,22.13 1 0
github.com/muety/wakapi/routes/api/avatar.go:25.2,28.3 1 0
github.com/muety/wakapi/routes/api/avatar.go:31.59,36.2 4 0
github.com/muety/wakapi/routes/api/avatar.go:38.69,41.37 2 0
github.com/muety/wakapi/routes/api/avatar.go:41.37,43.3 1 0
github.com/muety/wakapi/routes/api/avatar.go:45.2,45.29 1 0
github.com/muety/wakapi/routes/api/avatar.go:45.29,47.3 1 0
github.com/muety/wakapi/routes/api/avatar.go:48.2,53.32 5 0
github.com/muety/wakapi/routes/api/badge.go:28.112,35.2 1 1
github.com/muety/wakapi/routes/api/badge.go:37.58,42.2 4 1
github.com/muety/wakapi/routes/api/badge.go:44.68,47.16 3 1
github.com/muety/wakapi/routes/api/badge.go:47.16,50.3 2 0
github.com/muety/wakapi/routes/api/badge.go:52.2,53.16 2 1
github.com/muety/wakapi/routes/api/badge.go:53.16,57.3 3 1
github.com/muety/wakapi/routes/api/badge.go:59.2,61.62 3 1
github.com/muety/wakapi/routes/api/badge.go:61.62,64.3 2 0
github.com/muety/wakapi/routes/api/badge.go:66.2,74.16 3 1
github.com/muety/wakapi/routes/api/badge.go:74.16,78.3 3 0
github.com/muety/wakapi/routes/api/badge.go:80.2,81.66 2 1
github.com/muety/wakapi/routes/api/badge.go:81.66,83.3 1 0
github.com/muety/wakapi/routes/api/badge.go:84.2,84.66 1 1
github.com/muety/wakapi/routes/api/badge.go:84.66,86.3 1 0
github.com/muety/wakapi/routes/api/badge.go:88.2,88.101 1 1
github.com/muety/wakapi/routes/api/badge.go:88.101,90.3 1 1
github.com/muety/wakapi/routes/api/badge.go:92.2,94.25 3 1
github.com/muety/wakapi/routes/api/badge.go:97.53,102.2 4 1
github.com/muety/wakapi/routes/api/diagnostics.go:20.138,26.2 1 0
github.com/muety/wakapi/routes/api/diagnostics.go:28.67,30.2 1 0
github.com/muety/wakapi/routes/api/diagnostics.go:39.78,42.69 2 0
github.com/muety/wakapi/routes/api/diagnostics.go:42.69,47.3 4 0
github.com/muety/wakapi/routes/api/diagnostics.go:49.2,49.66 1 0
github.com/muety/wakapi/routes/api/diagnostics.go:49.66,54.3 4 0
github.com/muety/wakapi/routes/api/diagnostics.go:56.2,56.59 1 0
github.com/muety/wakapi/routes/api/health.go:15.57,17.2 1 0
github.com/muety/wakapi/routes/api/health.go:19.62,21.2 1 0
github.com/muety/wakapi/routes/api/health.go:29.72,31.41 2 0
github.com/muety/wakapi/routes/api/health.go:31.41,32.38 1 0
github.com/muety/wakapi/routes/api/health.go:32.38,34.4 1 0
github.com/muety/wakapi/routes/api/health.go:37.2,38.56 2 0
github.com/muety/wakapi/routes/api/heartbeat.go:26.187,33.2 1 0
github.com/muety/wakapi/routes/api/heartbeat.go:39.65,40.34 1 0
github.com/muety/wakapi/routes/api/heartbeat.go:40.34,54.3 9 0
github.com/muety/wakapi/routes/api/heartbeat.go:65.76,67.16 2 0
github.com/muety/wakapi/routes/api/heartbeat.go:67.16,69.3 1 0
github.com/muety/wakapi/routes/api/heartbeat.go:71.2,73.16 3 0
github.com/muety/wakapi/routes/api/heartbeat.go:73.16,78.3 4 0
github.com/muety/wakapi/routes/api/heartbeat.go:80.2,84.32 4 0
github.com/muety/wakapi/routes/api/heartbeat.go:84.32,85.16 1 0
github.com/muety/wakapi/routes/api/heartbeat.go:85.16,89.4 3 0
github.com/muety/wakapi/routes/api/heartbeat.go:92.3,92.25 1 0
github.com/muety/wakapi/routes/api/heartbeat.go:92.25,97.4 4 0
github.com/muety/wakapi/routes/api/heartbeat.go:98.3,98.23 1 0
github.com/muety/wakapi/routes/api/heartbeat.go:98.23,100.4 1 0
github.com/muety/wakapi/routes/api/heartbeat.go:102.3,109.65 7 0
github.com/muety/wakapi/routes/api/heartbeat.go:109.65,113.4 3 0
github.com/muety/wakapi/routes/api/heartbeat.go:115.3,115.14 1 0
github.com/muety/wakapi/routes/api/heartbeat.go:118.2,118.64 1 0
github.com/muety/wakapi/routes/api/heartbeat.go:118.64,123.3 4 0
github.com/muety/wakapi/routes/api/heartbeat.go:125.2,125.19 1 0
github.com/muety/wakapi/routes/api/heartbeat.go:125.19,127.52 2 0
github.com/muety/wakapi/routes/api/heartbeat.go:127.52,132.4 4 0
github.com/muety/wakapi/routes/api/heartbeat.go:135.2,135.15 1 0
github.com/muety/wakapi/routes/api/heartbeat.go:135.16,135.17 0 0
github.com/muety/wakapi/routes/api/heartbeat.go:137.2,137.90 1 0
github.com/muety/wakapi/routes/api/heartbeat.go:146.59,149.25 2 0
github.com/muety/wakapi/routes/api/heartbeat.go:149.25,154.3 4 0
github.com/muety/wakapi/routes/api/heartbeat.go:156.2,158.3 1 0
github.com/muety/wakapi/routes/api/heartbeat.go:172.45,172.46 0 0
github.com/muety/wakapi/routes/api/heartbeat.go:183.45,183.46 0 0
github.com/muety/wakapi/routes/api/heartbeat.go:194.45,194.46 0 0
github.com/muety/wakapi/routes/api/heartbeat.go:204.45,204.46 0 0
github.com/muety/wakapi/routes/api/heartbeat.go:215.45,215.46 0 0
github.com/muety/wakapi/routes/api/heartbeat.go:226.45,226.46 0 0
github.com/muety/wakapi/routes/api/heartbeat.go:237.45,237.46 0 0
github.com/muety/wakapi/routes/api/metrics.go:64.249,73.2 1 0
github.com/muety/wakapi/routes/api/metrics.go:75.60,76.38 1 0
github.com/muety/wakapi/routes/api/metrics.go:76.38,78.3 1 0
github.com/muety/wakapi/routes/api/metrics.go:80.2,86.29 5 0
github.com/muety/wakapi/routes/api/metrics.go:89.70,91.20 2 0
github.com/muety/wakapi/routes/api/metrics.go:91.20,95.3 3 0
github.com/muety/wakapi/routes/api/metrics.go:97.2,99.63 2 0
github.com/muety/wakapi/routes/api/metrics.go:99.63,104.3 4 0
github.com/muety/wakapi/routes/api/metrics.go:104.8,105.34 1 0
github.com/muety/wakapi/routes/api/metrics.go:105.34,107.4 1 0
github.com/muety/wakapi/routes/api/metrics.go:110.2,110.21 1 0
github.com/muety/wakapi/routes/api/metrics.go:110.21,111.66 1 0
github.com/muety/wakapi/routes/api/metrics.go:111.66,116.4 4 0
github.com/muety/wakapi/routes/api/metrics.go:116.9,117.36 1 0
github.com/muety/wakapi/routes/api/metrics.go:117.36,119.5 1 0
github.com/muety/wakapi/routes/api/metrics.go:123.2,126.34 3 0
github.com/muety/wakapi/routes/api/metrics.go:129.81,133.16 3 0
github.com/muety/wakapi/routes/api/metrics.go:133.16,136.3 2 0
github.com/muety/wakapi/routes/api/metrics.go:138.2,141.16 3 0
github.com/muety/wakapi/routes/api/metrics.go:141.16,144.3 2 0
github.com/muety/wakapi/routes/api/metrics.go:146.2,147.16 2 0
github.com/muety/wakapi/routes/api/metrics.go:147.16,150.3 2 0
github.com/muety/wakapi/routes/api/metrics.go:154.2,175.42 4 0
github.com/muety/wakapi/routes/api/metrics.go:175.42,182.3 1 0
github.com/muety/wakapi/routes/api/metrics.go:184.2,184.43 1 0
github.com/muety/wakapi/routes/api/metrics.go:184.43,191.3 1 0
github.com/muety/wakapi/routes/api/metrics.go:193.2,193.41 1 0
github.com/muety/wakapi/routes/api/metrics.go:193.41,200.3 1 0
github.com/muety/wakapi/routes/api/metrics.go:202.2,202.50 1 0
github.com/muety/wakapi/routes/api/metrics.go:202.50,209.3 1 0
github.com/muety/wakapi/routes/api/metrics.go:211.2,211.42 1 0
github.com/muety/wakapi/routes/api/metrics.go:211.42,218.3 1 0
github.com/muety/wakapi/routes/api/metrics.go:220.2,220.40 1 0
github.com/muety/wakapi/routes/api/metrics.go:220.40,227.3 1 0
github.com/muety/wakapi/routes/api/metrics.go:230.2,270.16 9 0
github.com/muety/wakapi/routes/api/metrics.go:270.16,272.3 1 0
github.com/muety/wakapi/routes/api/metrics.go:274.2,282.44 2 0
github.com/muety/wakapi/routes/api/metrics.go:282.44,296.3 2 0
github.com/muety/wakapi/routes/api/metrics.go:298.2,298.22 1 0
github.com/muety/wakapi/routes/api/metrics.go:301.82,307.19 4 0
github.com/muety/wakapi/routes/api/metrics.go:307.19,309.3 1 0
github.com/muety/wakapi/routes/api/metrics.go:311.2,312.106 2 0
github.com/muety/wakapi/routes/api/metrics.go:312.106,313.56 1 0
github.com/muety/wakapi/routes/api/metrics.go:313.56,315.4 1 0
github.com/muety/wakapi/routes/api/metrics.go:318.2,323.16 5 0
github.com/muety/wakapi/routes/api/metrics.go:323.16,326.3 2 0
github.com/muety/wakapi/routes/api/metrics.go:327.2,360.16 7 0
github.com/muety/wakapi/routes/api/metrics.go:360.16,363.3 2 0
github.com/muety/wakapi/routes/api/metrics.go:365.2,365.32 1 0
github.com/muety/wakapi/routes/api/metrics.go:365.32,372.3 1 0
github.com/muety/wakapi/routes/api/metrics.go:373.2,383.29 6 0
github.com/muety/wakapi/routes/api/metrics.go:383.29,384.20 1 0
github.com/muety/wakapi/routes/api/metrics.go:384.20,386.18 2 0
github.com/muety/wakapi/routes/api/metrics.go:386.18,389.5 2 0
github.com/muety/wakapi/routes/api/metrics.go:390.4,397.6 3 0
github.com/muety/wakapi/routes/api/metrics.go:401.2,404.22 3 0
github.com/muety/wakapi/routes/api/summary.go:20.122,26.2 1 0
github.com/muety/wakapi/routes/api/summary.go:28.63,34.2 4 0
github.com/muety/wakapi/routes/api/summary.go:53.73,55.16 2 0
github.com/muety/wakapi/routes/api/summary.go:55.16,59.3 3 0
github.com/muety/wakapi/routes/api/summary.go:61.2,61.51 1 0
github.com/muety/wakapi/utils/auth.go:15.79,17.54 2 0
github.com/muety/wakapi/utils/auth.go:17.54,19.3 1 0
github.com/muety/wakapi/utils/auth.go:21.2,23.16 3 0
github.com/muety/wakapi/utils/auth.go:23.16,25.3 1 0
github.com/muety/wakapi/utils/auth.go:27.2,29.45 3 0
github.com/muety/wakapi/utils/auth.go:29.45,31.3 1 0
github.com/muety/wakapi/utils/auth.go:32.2,33.32 2 0
github.com/muety/wakapi/utils/auth.go:36.65,38.85 2 0
github.com/muety/wakapi/utils/auth.go:38.85,40.3 1 0
github.com/muety/wakapi/utils/auth.go:42.2,43.30 2 0
github.com/muety/wakapi/utils/auth.go:48.57,49.34 1 0
github.com/muety/wakapi/utils/auth.go:49.34,51.3 1 0
github.com/muety/wakapi/utils/auth.go:52.2,52.45 1 0
github.com/muety/wakapi/utils/auth.go:55.57,57.2 1 0
github.com/muety/wakapi/utils/auth.go:59.55,63.2 3 0
github.com/muety/wakapi/utils/auth.go:65.55,68.16 3 0
github.com/muety/wakapi/utils/auth.go:68.16,70.3 1 0
github.com/muety/wakapi/utils/auth.go:71.2,71.16 1 0
github.com/muety/wakapi/utils/auth.go:74.57,78.2 3 0
github.com/muety/wakapi/utils/auth.go:80.57,83.16 3 0
github.com/muety/wakapi/utils/auth.go:83.16,85.3 1 0
github.com/muety/wakapi/utils/auth.go:86.2,86.16 1 0
github.com/muety/wakapi/utils/collection.go:5.52,6.28 1 0
github.com/muety/wakapi/utils/collection.go:6.28,8.3 1 0
github.com/muety/wakapi/utils/collection.go:9.2,9.26 1 0
github.com/muety/wakapi/utils/collection.go:9.26,11.3 1 0
github.com/muety/wakapi/utils/collection.go:12.2,12.28 1 0
github.com/muety/wakapi/utils/collection.go:15.78,17.22 2 0
github.com/muety/wakapi/utils/collection.go:17.22,18.18 1 0
github.com/muety/wakapi/utils/collection.go:18.18,20.4 1 0
github.com/muety/wakapi/utils/collection.go:21.3,21.12 1 0
github.com/muety/wakapi/utils/collection.go:23.2,23.11 1 0
github.com/muety/wakapi/utils/color.go:8.41,11.16 2 0
github.com/muety/wakapi/utils/color.go:12.9,13.51 1 0
github.com/muety/wakapi/utils/color.go:14.9,18.12 4 0
github.com/muety/wakapi/utils/color.go:20.2,20.8 1 0
github.com/muety/wakapi/utils/color.go:23.37,25.2 1 0
github.com/muety/wakapi/utils/color.go:27.70,28.15 1 0
github.com/muety/wakapi/utils/color.go:28.15,30.3 1 0
github.com/muety/wakapi/utils/color.go:30.8,30.22 1 0
github.com/muety/wakapi/utils/color.go:30.22,32.3 1 0
github.com/muety/wakapi/utils/color.go:34.2,39.43 5 0
github.com/muety/wakapi/utils/cron.go:5.44,7.21 2 0
github.com/muety/wakapi/utils/cron.go:7.21,9.3 1 0
github.com/muety/wakapi/utils/cron.go:10.2,10.20 1 0
github.com/muety/wakapi/utils/date.go:9.48,11.2 1 0
github.com/muety/wakapi/utils/date.go:13.51,15.2 1 0
github.com/muety/wakapi/utils/date.go:17.52,19.2 1 0
github.com/muety/wakapi/utils/date.go:21.51,23.2 1 0
github.com/muety/wakapi/utils/date.go:26.41,28.21 2 0
github.com/muety/wakapi/utils/date.go:28.21,30.3 1 0
github.com/muety/wakapi/utils/date.go:31.2,31.33 1 0
github.com/muety/wakapi/utils/date.go:35.67,38.33 2 1
github.com/muety/wakapi/utils/date.go:38.33,40.19 2 1
github.com/muety/wakapi/utils/date.go:40.19,42.4 1 1
github.com/muety/wakapi/utils/date.go:43.3,44.10 2 1
github.com/muety/wakapi/utils/date.go:47.2,47.18 1 1
github.com/muety/wakapi/utils/date.go:51.36,54.2 2 0
github.com/muety/wakapi/utils/date.go:56.42,57.28 1 0
github.com/muety/wakapi/utils/date.go:58.52,59.21 1 0
github.com/muety/wakapi/utils/date.go:60.53,61.22 1 0
github.com/muety/wakapi/utils/date.go:62.55,63.24 1 0
github.com/muety/wakapi/utils/date.go:64.54,65.23 1 0
github.com/muety/wakapi/utils/date.go:66.52,67.21 1 0
github.com/muety/wakapi/utils/date.go:68.54,69.23 1 0
github.com/muety/wakapi/utils/date.go:70.52,71.21 1 0
github.com/muety/wakapi/utils/date.go:73.2,73.20 1 0
github.com/muety/wakapi/utils/db.go:10.34,11.37 1 0
github.com/muety/wakapi/utils/db.go:11.37,13.110 2 0
github.com/muety/wakapi/utils/db.go:13.110,16.4 2 0
github.com/muety/wakapi/utils/db.go:17.3,17.20 1 0
github.com/muety/wakapi/utils/db.go:19.2,20.14 2 0
github.com/muety/wakapi/utils/db.go:23.39,24.37 1 0
github.com/muety/wakapi/utils/db.go:24.37,26.119 2 0
github.com/muety/wakapi/utils/db.go:26.119,29.4 2 0
github.com/muety/wakapi/utils/db.go:30.3,30.20 1 0
github.com/muety/wakapi/utils/db.go:32.2,33.14 2 0
github.com/muety/wakapi/utils/db.go:36.66,37.48 1 0
github.com/muety/wakapi/utils/db.go:37.48,39.3 1 0
github.com/muety/wakapi/utils/db.go:40.2,40.53 1 0
github.com/muety/wakapi/utils/db.go:43.59,44.16 1 0
github.com/muety/wakapi/utils/db.go:44.16,46.3 1 0
github.com/muety/wakapi/utils/db.go:47.2,47.15 1 0
github.com/muety/wakapi/utils/db.go:47.15,49.3 1 0
github.com/muety/wakapi/utils/db.go:50.2,50.14 1 0
github.com/muety/wakapi/utils/dns.go:9.38,11.21 2 0
github.com/muety/wakapi/utils/dns.go:11.21,13.3 1 0
github.com/muety/wakapi/utils/dns.go:14.2,15.39 2 0
github.com/muety/wakapi/utils/http.go:25.13,27.2 1 1
github.com/muety/wakapi/utils/http.go:34.34,35.20 1 0
github.com/muety/wakapi/utils/http.go:35.20,37.3 1 0
github.com/muety/wakapi/utils/http.go:38.2,38.19 1 0
github.com/muety/wakapi/utils/http.go:41.35,42.21 1 0
github.com/muety/wakapi/utils/http.go:42.21,44.3 1 0
github.com/muety/wakapi/utils/http.go:45.2,45.34 1 0
github.com/muety/wakapi/utils/http.go:49.62,51.48 2 0
github.com/muety/wakapi/utils/http.go:51.48,53.3 1 0
github.com/muety/wakapi/utils/http.go:54.2,54.93 1 0
github.com/muety/wakapi/utils/http.go:54.93,55.89 1 0
github.com/muety/wakapi/utils/http.go:55.89,57.4 1 0
github.com/muety/wakapi/utils/http.go:59.2,59.14 1 0
github.com/muety/wakapi/utils/http.go:62.51,66.46 4 0
github.com/muety/wakapi/utils/http.go:66.46,68.3 1 0
github.com/muety/wakapi/utils/http.go:69.2,69.73 1 0
github.com/muety/wakapi/utils/http.go:69.73,71.3 1 0
github.com/muety/wakapi/utils/http.go:72.2,72.19 1 0
github.com/muety/wakapi/utils/http.go:75.78,77.26 2 0
github.com/muety/wakapi/utils/http.go:77.26,79.3 1 0
github.com/muety/wakapi/utils/http.go:80.2,80.30 1 0
github.com/muety/wakapi/utils/http.go:80.30,82.3 1 0
github.com/muety/wakapi/utils/http.go:83.2,83.19 1 0
github.com/muety/wakapi/utils/http.go:86.56,89.88 2 1
github.com/muety/wakapi/utils/http.go:89.88,90.28 1 1
github.com/muety/wakapi/utils/http.go:90.28,92.4 1 1
github.com/muety/wakapi/utils/http.go:93.3,93.61 1 1
github.com/muety/wakapi/utils/http.go:96.2,96.79 1 1
github.com/muety/wakapi/utils/http.go:96.79,98.3 1 1
github.com/muety/wakapi/utils/http.go:99.2,99.64 1 1
github.com/muety/wakapi/utils/http.go:102.76,103.16 1 0
github.com/muety/wakapi/utils/http.go:103.16,105.3 1 0
github.com/muety/wakapi/utils/http.go:106.2,106.27 1 0
github.com/muety/wakapi/utils/http.go:106.27,109.100 3 0
github.com/muety/wakapi/utils/http.go:109.100,114.4 4 0
github.com/muety/wakapi/utils/http.go:115.3,115.139 1 0
github.com/muety/wakapi/utils/http.go:117.2,117.17 1 0
github.com/muety/wakapi/utils/json.go:12.75,18.62 2 0
github.com/muety/wakapi/utils/json.go:18.62,20.3 1 0
github.com/muety/wakapi/utils/json.go:22.2,22.29 1 0
github.com/muety/wakapi/utils/json.go:22.29,24.3 1 0
github.com/muety/wakapi/utils/json.go:26.2,26.72 1 0
github.com/muety/wakapi/utils/json.go:26.72,28.3 1 0
github.com/muety/wakapi/utils/json.go:29.2,29.70 1 0
github.com/muety/wakapi/utils/json.go:29.70,31.3 1 0
github.com/muety/wakapi/utils/json.go:33.2,33.20 1 0
github.com/muety/wakapi/utils/strings.go:7.58,8.49 1 0
github.com/muety/wakapi/utils/strings.go:8.49,9.32 1 0
github.com/muety/wakapi/utils/strings.go:9.32,10.22 1 0
github.com/muety/wakapi/utils/strings.go:10.22,12.5 1 0
github.com/muety/wakapi/utils/strings.go:14.3,14.15 1 0
github.com/muety/wakapi/utils/strings.go:18.77,19.29 1 0
github.com/muety/wakapi/utils/strings.go:19.29,20.18 1 0
github.com/muety/wakapi/utils/strings.go:20.18,22.4 1 0
github.com/muety/wakapi/utils/strings.go:24.2,24.19 1 0
github.com/muety/wakapi/utils/sync.go:11.66,13.12 2 0
github.com/muety/wakapi/utils/sync.go:13.12,16.3 2 0
github.com/muety/wakapi/utils/sync.go:17.2,17.9 1 0
github.com/muety/wakapi/utils/sync.go:18.11,19.15 1 0
github.com/muety/wakapi/utils/sync.go:20.29,21.14 1 0
github.com/muety/wakapi/utils/system.go:8.20,10.2 1 0
github.com/muety/wakapi/utils/system.go:12.21,14.2 1 0
github.com/muety/wakapi/utils/template.go:13.41,15.16 2 0
github.com/muety/wakapi/utils/template.go:15.16,17.3 1 0
github.com/muety/wakapi/utils/template.go:18.2,18.23 1 0
github.com/muety/wakapi/utils/template.go:21.37,22.30 1 0
github.com/muety/wakapi/utils/template.go:22.30,24.3 1 0
github.com/muety/wakapi/utils/template.go:25.2,25.10 1 0
github.com/muety/wakapi/utils/template.go:28.83,33.16 4 0
github.com/muety/wakapi/utils/template.go:33.16,35.3 1 0
github.com/muety/wakapi/utils/template.go:37.2,37.29 1 0
github.com/muety/wakapi/utils/template.go:37.29,39.51 2 0
github.com/muety/wakapi/utils/template.go:39.51,40.12 1 0
github.com/muety/wakapi/utils/template.go:43.3,44.17 2 0
github.com/muety/wakapi/utils/template.go:44.17,46.4 1 0
github.com/muety/wakapi/utils/template.go:47.3,48.17 2 0
github.com/muety/wakapi/utils/template.go:48.17,50.4 1 0
github.com/muety/wakapi/utils/template.go:52.3,55.17 3 0
github.com/muety/wakapi/utils/template.go:55.17,57.4 1 0
github.com/muety/wakapi/utils/template.go:59.3,59.27 1 0
github.com/muety/wakapi/utils/template.go:62.2,62.23 1 0
github.com/muety/wakapi/services/activity.go:41.74,47.2 1 0
github.com/muety/wakapi/services/activity.go:51.145,53.65 2 0
github.com/muety/wakapi/services/activity.go:53.65,55.3 1 0
github.com/muety/wakapi/services/activity.go:57.2,57.18 1 0
github.com/muety/wakapi/services/activity.go:58.35,60.17 2 0
github.com/muety/wakapi/services/activity.go:60.17,62.4 1 0
github.com/muety/wakapi/services/activity.go:63.3,63.20 1 0
github.com/muety/wakapi/services/activity.go:64.10,65.48 1 0
github.com/muety/wakapi/services/activity.go:69.112,72.16 3 0
github.com/muety/wakapi/services/activity.go:72.16,74.3 1 0
github.com/muety/wakapi/services/activity.go:76.2,83.37 5 0
github.com/muety/wakapi/services/activity.go:83.37,87.20 3 0
github.com/muety/wakapi/services/activity.go:87.20,89.18 2 0
github.com/muety/wakapi/services/activity.go:89.18,96.5 6 0
github.com/muety/wakapi/services/activity.go:97.4,99.16 3 0
github.com/muety/wakapi/services/activity.go:103.2,129.30 9 0
github.com/muety/wakapi/services/activity.go:129.30,137.3 6 0
github.com/muety/wakapi/services/activity.go:139.2,139.22 1 0
github.com/muety/wakapi/services/activity.go:139.22,144.3 4 0
github.com/muety/wakapi/services/activity.go:146.2,148.26 2 0
github.com/muety/wakapi/services/aggregation.go:31.142,41.2 1 0
github.com/muety/wakapi/services/aggregation.go:50.43,53.52 2 0
github.com/muety/wakapi/services/aggregation.go:53.52,54.80 1 0
github.com/muety/wakapi/services/aggregation.go:54.80,56.4 1 0
github.com/muety/wakapi/services/aggregation.go:57.58,59.3 1 0
github.com/muety/wakapi/services/aggregation.go:62.92,63.47 1 0
[...]
github.com/muety/wakapi/services/misc.go:44.188,56.2 1 0
github.com/muety/wakapi/services/misc.go:58.36,60.95 2 0
github.com/muety/wakapi/services/misc.go:60.95,62.3 1 0
github.com/muety/wakapi/services/misc.go:64.2,65.111 2 0
github.com/muety/wakapi/services/misc.go:65.111,67.3 1 0
github.com/muety/wakapi/services/misc.go:69.2,69.128 1 0
github.com/muety/wakapi/services/misc.go:69.128,71.125 2 0
github.com/muety/wakapi/services/misc.go:71.125,73.4 1 0
github.com/muety/wakapi/services/misc.go:77.2,77.33 1 0
github.com/muety/wakapi/services/misc.go:77.33,78.71 1 0
github.com/muety/wakapi/services/misc.go:78.71,80.4 1 0
github.com/muety/wakapi/services/misc.go:82.2,82.33 1 0
github.com/muety/wakapi/services/misc.go:82.33,83.80 1 0
github.com/muety/wakapi/services/misc.go:83.80,85.4 1 0
github.com/muety/wakapi/services/misc.go:87.2,87.170 1 0
github.com/muety/wakapi/services/misc.go:87.170,88.83 1 0
github.com/muety/wakapi/services/misc.go:88.83,90.4 1 0
github.com/muety/wakapi/services/misc.go:94.42,96.36 2 0
github.com/muety/wakapi/services/misc.go:96.36,98.3 1 0
github.com/muety/wakapi/services/misc.go:99.2,102.16 3 0
github.com/muety/wakapi/services/misc.go:102.16,105.3 2 0
github.com/muety/wakapi/services/misc.go:107.2,111.26 4 0
github.com/muety/wakapi/services/misc.go:111.26,113.46 2 0
github.com/muety/wakapi/services/misc.go:113.46,116.4 2 0
github.com/muety/wakapi/services/misc.go:116.18,119.4 2 0
github.com/muety/wakapi/services/misc.go:123.2,123.30 1 0
github.com/muety/wakapi/services/misc.go:123.30,124.58 1 0
github.com/muety/wakapi/services/misc.go:124.58,128.19 1 0
github.com/muety/wakapi/services/misc.go:128.19,130.5 1 0
github.com/muety/wakapi/services/misc.go:132.4,135.19 1 0
github.com/muety/wakapi/services/misc.go:135.19,137.5 1 0
github.com/muety/wakapi/services/misc.go:138.9,140.4 1 0
github.com/muety/wakapi/services/misc.go:144.51,147.45 2 0
github.com/muety/wakapi/services/misc.go:147.45,148.41 1 0
github.com/muety/wakapi/services/misc.go:148.41,151.4 2 0
github.com/muety/wakapi/services/misc.go:152.3,155.17 3 0
github.com/muety/wakapi/services/misc.go:155.17,158.4 2 0
github.com/muety/wakapi/services/misc.go:160.3,160.33 1 0
github.com/muety/wakapi/services/misc.go:160.33,161.31 1 0
github.com/muety/wakapi/services/misc.go:161.31,162.13 1 0
github.com/muety/wakapi/services/misc.go:165.4,169.19 2 0
github.com/muety/wakapi/services/misc.go:169.19,171.5 1 0
github.com/muety/wakapi/services/misc.go:173.17,175.3 1 0
github.com/muety/wakapi/services/misc.go:186.54,187.82 1 0
github.com/muety/wakapi/services/misc.go:187.82,189.3 1 0
github.com/muety/wakapi/services/misc.go:191.2,195.16 4 0
github.com/muety/wakapi/services/misc.go:195.16,198.3 2 0
github.com/muety/wakapi/services/misc.go:200.2,201.104 2 0
github.com/muety/wakapi/services/misc.go:201.104,202.122 1 0
github.com/muety/wakapi/services/misc.go:202.122,204.4 1 0
github.com/muety/wakapi/services/misc.go:205.8,208.3 2 0
github.com/muety/wakapi/services/misc.go:210.2,210.26 1 0
github.com/muety/wakapi/services/misc.go:210.26,211.49 1 0
github.com/muety/wakapi/services/misc.go:211.49,213.4 1 0
github.com/muety/wakapi/services/misc.go:215.3,216.65 2 0
github.com/muety/wakapi/services/misc.go:216.65,218.130 1 0
github.com/muety/wakapi/services/misc.go:218.130,220.5 1 0
github.com/muety/wakapi/services/misc.go:220.10,220.25 1 0
github.com/muety/wakapi/services/misc.go:220.25,223.5 2 0
github.com/muety/wakapi/services/misc.go:230.3,230.137 1 0
github.com/muety/wakapi/services/misc.go:230.137,231.12 1 0
github.com/muety/wakapi/services/misc.go:234.3,235.89 2 0
github.com/muety/wakapi/services/misc.go:235.89,237.4 1 0
github.com/muety/wakapi/services/misc.go:241.73,243.16 2 0
github.com/muety/wakapi/services/misc.go:243.16,246.3 2 0
github.com/muety/wakapi/services/misc.go:247.2,247.27 1 0
github.com/muety/wakapi/services/misc.go:250.99,252.33 2 0
github.com/muety/wakapi/services/misc.go:252.33,256.86 3 0
github.com/muety/wakapi/services/misc.go:256.86,259.4 2 0
github.com/muety/wakapi/services/misc.go:261.3,264.18 1 0
github.com/muety/wakapi/services/misc.go:264.18,266.4 1 0
github.com/muety/wakapi/services/misc.go:270.53,272.16 2 0
github.com/muety/wakapi/services/misc.go:272.16,274.3 1 0
github.com/muety/wakapi/services/misc.go:275.2,275.25 1 0
github.com/muety/wakapi/services/misc.go:278.53,280.16 2 0
github.com/muety/wakapi/services/misc.go:280.16,282.3 1 0
github.com/muety/wakapi/services/misc.go:283.2,283.25 1 0
github.com/muety/wakapi/services/misc.go:286.64,288.16 2 0
github.com/muety/wakapi/services/misc.go:288.16,290.3 1 0
github.com/muety/wakapi/services/misc.go:291.2,291.25 1 0
github.com/muety/wakapi/services/project_label.go:21.111,28.2 1 0
github.com/muety/wakapi/services/project_label.go:30.80,32.2 1 0
github.com/muety/wakapi/services/project_label.go:34.90,35.51 1 0
github.com/muety/wakapi/services/project_label.go:35.51,37.3 1 0
github.com/muety/wakapi/services/project_label.go:39.2,40.16 2 0
github.com/muety/wakapi/services/project_label.go:40.16,42.3 1 0
github.com/muety/wakapi/services/project_label.go:43.2,44.20 2 0
github.com/muety/wakapi/services/project_label.go:48.108,50.16 2 0
github.com/muety/wakapi/services/project_label.go:50.16,52.3 1 0
github.com/muety/wakapi/services/project_label.go:53.2,53.112 1 0
github.com/muety/wakapi/services/project_label.go:53.112,55.3 1 0
github.com/muety/wakapi/services/project_label.go:56.2,56.26 1 0
github.com/muety/wakapi/services/project_label.go:60.116,62.16 2 0
github.com/muety/wakapi/services/project_label.go:62.16,64.3 1 0
github.com/muety/wakapi/services/project_label.go:65.2,65.112 1 0
github.com/muety/wakapi/services/project_label.go:65.112,67.3 1 0
github.com/muety/wakapi/services/project_label.go:68.2,68.26 1 0
github.com/muety/wakapi/services/project_label.go:71.98,73.16 2 0
github.com/muety/wakapi/services/project_label.go:73.16,75.3 1 0
github.com/muety/wakapi/services/project_label.go:77.2,79.20 3 0
github.com/muety/wakapi/services/project_label.go:82.74,83.24 1 0
github.com/muety/wakapi/services/project_label.go:83.24,85.3 1 0
github.com/muety/wakapi/services/project_label.go:86.2,89.12 4 0
github.com/muety/wakapi/services/project_label.go:92.89,94.14 2 0
github.com/muety/wakapi/services/project_label.go:94.14,96.3 1 0
github.com/muety/wakapi/services/project_label.go:97.2,100.4 1 0
github.com/muety/wakapi/services/report.go:33.122,46.2 2 0
github.com/muety/wakapi/services/report.go:48.38,51.45 2 0
github.com/muety/wakapi/services/report.go:51.45,52.46 1 0
github.com/muety/wakapi/services/report.go:52.46,55.57 2 0
github.com/muety/wakapi/services/report.go:55.57,57.5 1 0
github.com/muety/wakapi/services/report.go:60.4,60.58 1 0
github.com/muety/wakapi/services/report.go:60.58,63.5 2 0
github.com/muety/wakapi/services/report.go:64.18,66.4 1 0
github.com/muety/wakapi/services/report.go:69.2,69.49 1 0
github.com/muety/wakapi/services/report.go:69.49,72.17 2 0
github.com/muety/wakapi/services/report.go:72.17,75.4 2 0
github.com/muety/wakapi/services/report.go:78.3,78.78 1 0
github.com/muety/wakapi/services/report.go:78.78,80.4 1 0
github.com/muety/wakapi/services/report.go:83.3,84.27 2 0
github.com/muety/wakapi/services/report.go:84.27,86.4 1 0
github.com/muety/wakapi/services/report.go:89.2,89.16 1 0
github.com/muety/wakapi/services/report.go:89.16,91.3 1 0
github.com/muety/wakapi/services/report.go:94.87,95.22 1 0
github.com/muety/wakapi/services/report.go:95.22,98.3 2 0
github.com/muety/wakapi/services/report.go:100.2,106.16 5 0
github.com/muety/wakapi/services/report.go:106.16,109.3 2 0
github.com/muety/wakapi/services/report.go:112.2,115.40 3 0
github.com/muety/wakapi/services/report.go:115.40,118.17 3 0
github.com/muety/wakapi/services/report.go:118.17,120.9 2 0
github.com/muety/wakapi/services/report.go:122.3,124.30 3 0
github.com/muety/wakapi/services/report.go:127.2,135.65 2 0
github.com/muety/wakapi/services/report.go:135.65,138.3 2 0
github.com/muety/wakapi/services/report.go:140.2,141.12 2 0
github.com/muety/wakapi/services/summary.go:28.189,40.33 3 1
github.com/muety/wakapi/services/summary.go:40.33,41.31 1 1
github.com/muety/wakapi/services/summary.go:41.31,43.4 1 0
github.com/muety/wakapi/services/summary.go:46.2,46.12 1 1
github.com/muety/wakapi/services/summary.go:52.167,55.82 2 1
github.com/muety/wakapi/services/summary.go:55.82,56.67 1 1
github.com/muety/wakapi/services/summary.go:56.67,58.4 1 0
github.com/muety/wakapi/services/summary.go:62.2,67.20 4 1
github.com/muety/wakapi/services/summary.go:67.20,70.3 2 1
github.com/muety/wakapi/services/summary.go:73.2,73.65 1 1
github.com/muety/wakapi/services/summary.go:73.65,75.3 1 0
github.com/muety/wakapi/services/summary.go:78.2,79.16 2 1
github.com/muety/wakapi/services/summary.go:79.16,81.3 1 0
github.com/muety/wakapi/services/summary.go:84.2,89.79 5 1
github.com/muety/wakapi/services/summary.go:89.79,92.3 2 1
github.com/muety/wakapi/services/summary.go:94.2,95.30 2 1
github.com/muety/wakapi/services/summary.go:98.126,102.41 2 1
github.com/muety/wakapi/services/summary.go:102.41,105.17 2 1
github.com/muety/wakapi/services/summary.go:105.17,107.4 1 1
github.com/muety/wakapi/services/summary.go:107.9,109.4 1 0
github.com/muety/wakapi/services/summary.go:113.2,114.44 2 1
github.com/muety/wakapi/services/summary.go:114.44,115.87 1 1
github.com/muety/wakapi/services/summary.go:115.87,116.71 1 1
github.com/muety/wakapi/services/summary.go:116.71,120.13 1 0
github.com/muety/wakapi/services/summary.go:122.4,122.36 1 1
github.com/muety/wakapi/services/summary.go:123.9,125.4 1 0
github.com/muety/wakapi/services/summary.go:129.2,131.16 3 1
github.com/muety/wakapi/services/summary.go:131.16,133.3 1 0
github.com/muety/wakapi/services/summary.go:135.2,135.30 1 1
github.com/muety/wakapi/services/summary.go:138.127,141.16 2 1
github.com/muety/wakapi/services/summary.go:141.16,143.3 1 0
github.com/muety/wakapi/services/summary.go:145.2,146.50 2 1
github.com/muety/wakapi/services/summary.go:146.50,149.3 2 1
github.com/muety/wakapi/services/summary.go:151.2,153.26 3 1
github.com/muety/wakapi/services/summary.go:153.26,155.3 1 1
github.com/muety/wakapi/services/summary.go:158.2,166.34 8 1
github.com/muety/wakapi/services/summary.go:166.34,168.20 2 1
github.com/muety/wakapi/services/summary.go:169.30,170.29 1 1
github.com/muety/wakapi/services/summary.go:171.31,172.30 1 1
github.com/muety/wakapi/services/summary.go:173.29,174.28 1 1
github.com/muety/wakapi/services/summary.go:175.25,176.24 1 1
github.com/muety/wakapi/services/summary.go:177.30,178.29 1 1
github.com/muety/wakapi/services/summary.go:179.29,180.28 1 1
github.com/muety/wakapi/services/summary.go:181.29,182.28 1 1
github.com/muety/wakapi/services/summary.go:186.2,186.25 1 1
github.com/muety/wakapi/services/summary.go:186.25,189.3 2 1
github.com/muety/wakapi/services/summary.go:191.2,205.30 2 1
github.com/muety/wakapi/services/summary.go:210.76,212.2 1 0
github.com/muety/wakapi/services/summary.go:214.62,217.2 2 0
github.com/muety/wakapi/services/summary.go:219.81,222.2 2 0
github.com/muety/wakapi/services/summary.go:224.66,227.2 2 0
github.com/muety/wakapi/services/summary.go:231.125,234.30 2 1
github.com/muety/wakapi/services/summary.go:234.30,236.3 1 1
github.com/muety/wakapi/services/summary.go:238.2,239.28 2 1
github.com/muety/wakapi/services/summary.go:239.28,245.3 1 1
github.com/muety/wakapi/services/summary.go:247.2,247.40 1 1
github.com/muety/wakapi/services/summary.go:247.40,249.3 1 1
github.com/muety/wakapi/services/summary.go:251.2,251.67 1 1
github.com/muety/wakapi/services/summary.go:254.87,255.72 1 1
github.com/muety/wakapi/services/summary.go:255.72,261.3 1 1
github.com/muety/wakapi/services/summary.go:263.2,264.16 2 1
github.com/muety/wakapi/services/summary.go:264.16,267.3 2 0
github.com/muety/wakapi/services/summary.go:269.2,270.37 2 1
github.com/muety/wakapi/services/summary.go:270.37,272.3 1 1
github.com/muety/wakapi/services/summary.go:274.2,276.30 3 1
github.com/muety/wakapi/services/summary.go:276.30,277.48 1 1
github.com/muety/wakapi/services/summary.go:277.48,278.41 1 1
github.com/muety/wakapi/services/summary.go:278.41,280.5 1 1
github.com/muety/wakapi/services/summary.go:281.4,282.29 2 1
github.com/muety/wakapi/services/summary.go:287.2,288.29 2 1
github.com/muety/wakapi/services/summary.go:288.29,289.18 1 1
github.com/muety/wakapi/services/summary.go:289.18,291.4 1 1
github.com/muety/wakapi/services/summary.go:293.2,294.16 2 1
github.com/muety/wakapi/services/summary.go:297.97,302.24 1 1
github.com/muety/wakapi/services/summary.go:302.24,304.3 1 0
github.com/muety/wakapi/services/summary.go:306.2,323.30 5 1
github.com/muety/wakapi/services/summary.go:323.30,325.41 2 1
github.com/muety/wakapi/services/summary.go:325.41,327.12 2 1
github.com/muety/wakapi/services/summary.go:330.3,330.12 1 1
github.com/muety/wakapi/services/summary.go:330.12,331.70 1 1
github.com/muety/wakapi/services/summary.go:331.70,333.5 1 0
github.com/muety/wakapi/services/summary.go:336.3,336.38 1 1
github.com/muety/wakapi/services/summary.go:336.38,338.4 1 0
github.com/muety/wakapi/services/summary.go:340.3,340.37 1 1
github.com/muety/wakapi/services/summary.go:340.37,342.4 1 1
github.com/muety/wakapi/services/summary.go:344.3,344.34 1 1
github.com/muety/wakapi/services/summary.go:344.34,346.4 1 1
github.com/muety/wakapi/services/summary.go:348.3,358.25 10 1
github.com/muety/wakapi/services/summary.go:361.2,364.26 3 1
github.com/muety/wakapi/services/summary.go:367.127,371.32 2 1
github.com/muety/wakapi/services/summary.go:371.32,373.3 1 1
github.com/muety/wakapi/services/summary.go:375.2,375.27 1 1
github.com/muety/wakapi/services/summary.go:375.27,376.37 1 1
github.com/muety/wakapi/services/summary.go:376.37,378.4 1 1
github.com/muety/wakapi/services/summary.go:378.9,380.4 1 1
github.com/muety/wakapi/services/summary.go:383.2,385.26 3 1
github.com/muety/wakapi/services/summary.go:385.26,388.3 2 1
github.com/muety/wakapi/services/summary.go:390.2,390.43 1 1
github.com/muety/wakapi/services/summary.go:390.43,392.3 1 1
github.com/muety/wakapi/services/summary.go:394.2,394.17 1 1
github.com/muety/wakapi/services/summary.go:397.130,398.25 1 1
github.com/muety/wakapi/services/summary.go:398.25,400.3 1 0
github.com/muety/wakapi/services/summary.go:402.2,405.44 2 1
github.com/muety/wakapi/services/summary.go:405.44,407.3 1 1
github.com/muety/wakapi/services/summary.go:410.2,410.40 1 1
github.com/muety/wakapi/services/summary.go:410.40,412.51 2 1
github.com/muety/wakapi/services/summary.go:412.51,413.12 1 1
github.com/muety/wakapi/services/summary.go:416.3,423.15 3 1
github.com/muety/wakapi/services/summary.go:423.15,429.38 3 1
github.com/muety/wakapi/services/summary.go:429.38,431.5 1 0
github.com/muety/wakapi/services/summary.go:435.3,435.22 1 1
github.com/muety/wakapi/services/summary.go:435.22,437.4 1 1
github.com/muety/wakapi/services/summary.go:441.2,441.54 1 1
github.com/muety/wakapi/services/summary.go:441.54,443.3 1 1
github.com/muety/wakapi/services/summary.go:445.2,445.18 1 1
github.com/muety/wakapi/services/summary.go:448.59,450.2 1 1
github.com/muety/wakapi/services/summary.go:452.63,453.37 1 0
github.com/muety/wakapi/services/summary.go:453.37,454.36 1 0
github.com/muety/wakapi/services/summary.go:454.36,456.4 1 0
github.com/muety/wakapi/services/summary.go:460.85,461.40 1 1
github.com/muety/wakapi/services/summary.go:461.40,464.3 2 1
github.com/muety/wakapi/services/summary.go:467.99,468.42 1 1
github.com/muety/wakapi/services/summary.go:468.42,470.17 2 1
github.com/muety/wakapi/services/summary.go:470.17,472.4 1 0
github.com/muety/wakapi/services/summary.go:473.3,474.29 2 1
github.com/muety/wakapi/services/summary.go:474.29,476.4 1 1
github.com/muety/wakapi/services/summary.go:477.3,477.22 1 1
github.com/muety/wakapi/services/summary.go:481.114,482.33 1 1
github.com/muety/wakapi/services/summary.go:482.33,485.17 3 1
github.com/muety/wakapi/services/summary.go:485.17,486.33 1 1
github.com/muety/wakapi/services/summary.go:486.33,488.5 1 1
github.com/muety/wakapi/services/summary.go:490.3,491.28 2 1
github.com/muety/wakapi/services/summary.go:491.28,493.4 1 1
github.com/muety/wakapi/services/summary.go:494.3,494.24 1 1
github.com/muety/wakapi/services/user.go:27.99,37.33 3 0
github.com/muety/wakapi/services/user.go:37.33,38.31 1 0
github.com/muety/wakapi/services/user.go:38.31,44.73 4 0
github.com/muety/wakapi/services/user.go:44.73,46.5 1 0
github.com/muety/wakapi/services/user.go:48.4,48.24 1 0
github.com/muety/wakapi/services/user.go:48.24,49.80 1 0
github.com/muety/wakapi/services/user.go:49.80,51.6 1 0
github.com/muety/wakapi/services/user.go:51.11,53.6 1 0
github.com/muety/wakapi/services/user.go:58.2,58.12 1 0
github.com/muety/wakapi/services/user.go:61.74,62.18 1 0
github.com/muety/wakapi/services/user.go:62.18,64.3 1 0
github.com/muety/wakapi/services/user.go:66.2,66.40 1 0
github.com/muety/wakapi/services/user.go:66.40,68.3 1 0
github.com/muety/wakapi/services/user.go:70.2,71.16 2 0
github.com/muety/wakapi/services/user.go:71.16,73.3 1 0
github.com/muety/wakapi/services/user.go:75.2,76.15 2 0
github.com/muety/wakapi/services/user.go:79.72,80.15 1 0
github.com/muety/wakapi/services/user.go:80.15,82.3 1 0
github.com/muety/wakapi/services/user.go:84.2,84.37 1 0
github.com/muety/wakapi/services/user.go:84.37,86.3 1 0
github.com/muety/wakapi/services/user.go:88.2,89.16 2 0
github.com/muety/wakapi/services/user.go:89.16,91.3 1 0
github.com/muety/wakapi/services/user.go:93.2,94.15 2 0
github.com/muety/wakapi/services/user.go:97.76,98.17 1 0
github.com/muety/wakapi/services/user.go:98.17,100.3 1 0
github.com/muety/wakapi/services/user.go:101.2,101.58 1 0
github.com/muety/wakapi/services/user.go:104.86,105.22 1 0
github.com/muety/wakapi/services/user.go:105.22,107.3 1 0
github.com/muety/wakapi/services/user.go:108.2,108.68 1 0
github.com/muety/wakapi/services/user.go:111.92,112.22 1 0
github.com/muety/wakapi/services/user.go:112.22,114.3 1 0
github.com/muety/wakapi/services/user.go:115.2,115.74 1 0
github.com/muety/wakapi/services/user.go:118.58,120.2 1 0
github.com/muety/wakapi/services/user.go:122.71,124.2 1 0
github.com/muety/wakapi/services/user.go:126.86,128.16 2 0
github.com/muety/wakapi/services/user.go:128.16,130.3 1 0
github.com/muety/wakapi/services/user.go:131.2,131.112 1 0
github.com/muety/wakapi/services/user.go:131.112,133.3 1 0
github.com/muety/wakapi/services/user.go:136.86,138.2 1 0
github.com/muety/wakapi/services/user.go:140.94,142.2 1 0
github.com/muety/wakapi/services/user.go:144.71,146.12 2 0
github.com/muety/wakapi/services/user.go:146.12,148.3 1 0
github.com/muety/wakapi/services/user.go:150.2,151.42 2 0
github.com/muety/wakapi/services/user.go:151.42,153.3 1 0
github.com/muety/wakapi/services/user.go:155.2,156.16 2 0
github.com/muety/wakapi/services/user.go:156.16,158.3 1 0
github.com/muety/wakapi/services/user.go:160.2,161.21 2 0
github.com/muety/wakapi/services/user.go:164.48,166.2 1 0
github.com/muety/wakapi/services/user.go:168.102,178.95 2 0
github.com/muety/wakapi/services/user.go:178.95,180.3 1 0
github.com/muety/wakapi/services/user.go:180.8,182.3 1 0
github.com/muety/wakapi/services/user.go:184.2,184.38 1 0
github.com/muety/wakapi/services/user.go:187.73,191.2 3 0
github.com/muety/wakapi/services/user.go:193.78,197.2 3 0
github.com/muety/wakapi/services/user.go:199.122,202.35 2 0
github.com/muety/wakapi/services/user.go:202.35,203.89 1 0
github.com/muety/wakapi/services/user.go:203.89,205.4 1 0
github.com/muety/wakapi/services/user.go:208.2,208.35 1 0
github.com/muety/wakapi/services/user.go:208.35,210.3 1 0
github.com/muety/wakapi/services/user.go:212.2,212.18 1 0
github.com/muety/wakapi/services/user.go:215.85,217.2 1 0
github.com/muety/wakapi/services/user.go:219.57,227.2 5 0
github.com/muety/wakapi/services/user.go:229.38,231.2 1 0
github.com/muety/wakapi/services/user.go:233.55,235.2 1 0
github.com/muety/wakapi/services/user.go:237.57,242.2 1 0
github.com/muety/wakapi/services/user.go:244.57,249.2 1 0
