mode: set
github.com/muety/wakapi/models/heartbeat.go:32.34,34.2 1 1
github.com/muety/wakapi/models/heartbeat.go:36.65,38.46 2 1
github.com/muety/wakapi/models/heartbeat.go:38.46,39.108 1 1
github.com/muety/wakapi/models/heartbeat.go:39.108,42.4 2 1
github.com/muety/wakapi/models/heartbeat.go:46.50,47.11 1 1
github.com/muety/wakapi/models/heartbeat.go:60.2,60.15 1 1
github.com/muety/wakapi/models/heartbeat.go:64.2,64.12 1 1
github.com/muety/wakapi/models/heartbeat.go:48.22,49.18 1 1
github.com/muety/wakapi/models/heartbeat.go:50.21,51.17 1 1
github.com/muety/wakapi/models/heartbeat.go:52.23,53.19 1 1
github.com/muety/wakapi/models/heartbeat.go:54.17,55.26 1 1
github.com/muety/wakapi/models/heartbeat.go:56.22,57.18 1 1
github.com/muety/wakapi/models/heartbeat.go:60.15,62.3 1 1
github.com/muety/wakapi/models/heartbeat.go:67.37,83.2 1 0
github.com/muety/wakapi/models/heartbeat.go:91.41,93.16 2 0
github.com/muety/wakapi/models/heartbeat.go:96.2,97.10 2 0
github.com/muety/wakapi/models/heartbeat.go:93.16,95.3 1 0
github.com/muety/wakapi/models/heartbeats.go:7.31,9.2 1 0
github.com/muety/wakapi/models/heartbeats.go:11.41,13.2 1 0
github.com/muety/wakapi/models/heartbeats.go:15.36,17.2 1 0
github.com/muety/wakapi/models/heartbeats.go:19.43,22.2 2 0
github.com/muety/wakapi/models/heartbeats.go:24.41,26.18 1 0
github.com/muety/wakapi/models/heartbeats.go:29.2,29.16 1 0
github.com/muety/wakapi/models/heartbeats.go:26.18,28.3 1 0
github.com/muety/wakapi/models/heartbeats.go:32.40,34.18 1 0
github.com/muety/wakapi/models/heartbeats.go:37.2,37.24 1 0
github.com/muety/wakapi/models/heartbeats.go:34.18,36.3 1 0
github.com/muety/wakapi/models/interval.go:39.47,40.23 1 0
github.com/muety/wakapi/models/interval.go:45.2,45.14 1 0
github.com/muety/wakapi/models/interval.go:40.23,41.13 1 0
github.com/muety/wakapi/models/interval.go:41.13,43.4 1 0
github.com/muety/wakapi/models/language_mapping.go:11.42,13.2 1 0
github.com/muety/wakapi/models/language_mapping.go:15.51,17.2 1 0
github.com/muety/wakapi/models/language_mapping.go:19.52,21.2 1 0
github.com/muety/wakapi/models/mail.go:16.44,20.2 3 0
github.com/muety/wakapi/models/mail.go:22.44,26.2 3 0
github.com/muety/wakapi/models/mail.go:28.32,41.2 1 0
github.com/muety/wakapi/models/mail.go:43.41,45.2 1 0
github.com/muety/wakapi/models/models.go:3.14,5.2 0 1
github.com/muety/wakapi/models/shared.go:35.52,37.2 1 0
github.com/muety/wakapi/models/shared.go:39.52,42.16 3 0
github.com/muety/wakapi/models/shared.go:45.2,47.12 3 0
github.com/muety/wakapi/models/shared.go:42.16,44.3 1 0
github.com/muety/wakapi/models/shared.go:51.52,57.22 2 0
github.com/muety/wakapi/models/shared.go:73.2,76.12 3 0
github.com/muety/wakapi/models/shared.go:58.14,60.17 2 0
github.com/muety/wakapi/models/shared.go:63.13,65.8 2 0
github.com/muety/wakapi/models/shared.go:66.17,68.8 2 0
github.com/muety/wakapi/models/shared.go:69.10,70.64 1 0
github.com/muety/wakapi/models/shared.go:60.17,62.4 1 0
github.com/muety/wakapi/models/shared.go:79.45,81.2 1 0
github.com/muety/wakapi/models/shared.go:83.51,86.2 2 0
github.com/muety/wakapi/models/shared.go:88.37,91.2 2 0
github.com/muety/wakapi/models/shared.go:93.35,95.2 1 0
github.com/muety/wakapi/models/shared.go:97.34,99.2 1 0
github.com/muety/wakapi/models/user.go:5.13,7.2 1 1
github.com/muety/wakapi/models/user.go:70.43,73.2 1 0
github.com/muety/wakapi/models/user.go:75.45,78.2 1 0
github.com/muety/wakapi/models/user.go:80.33,85.2 1 0
github.com/muety/wakapi/models/user.go:87.41,89.2 1 0
github.com/muety/wakapi/models/user.go:91.45,93.2 1 0
github.com/muety/wakapi/models/user.go:95.45,97.2 1 0
github.com/muety/wakapi/models/user.go:99.39,101.2 1 0
github.com/muety/wakapi/models/alias.go:12.32,14.2 1 0
github.com/muety/wakapi/models/alias.go:16.37,17.35 1 0
github.com/muety/wakapi/models/alias.go:22.2,22.14 1 0
github.com/muety/wakapi/models/alias.go:17.35,18.18 1 0
github.com/muety/wakapi/models/alias.go:18.18,20.4 1 0
github.com/muety/wakapi/models/filters.go:16.56,17.16 1 0
github.com/muety/wakapi/models/filters.go:29.2,29.19 1 0
github.com/muety/wakapi/models/filters.go:18.22,19.32 1 0
github.com/muety/wakapi/models/filters.go:20.17,21.27 1 0
github.com/muety/wakapi/models/filters.go:22.23,23.33 1 0
github.com/muety/wakapi/models/filters.go:24.21,25.31 1 0
github.com/muety/wakapi/models/filters.go:26.22,27.32 1 0
github.com/muety/wakapi/models/filters.go:32.47,33.21 1 1
github.com/muety/wakapi/models/filters.go:44.2,44.21 1 1
github.com/muety/wakapi/models/filters.go:33.21,35.3 1 1
github.com/muety/wakapi/models/filters.go:35.8,35.23 1 1
github.com/muety/wakapi/models/filters.go:35.23,37.3 1 0
github.com/muety/wakapi/models/filters.go:37.8,37.29 1 1
github.com/muety/wakapi/models/filters.go:37.29,39.3 1 1
github.com/muety/wakapi/models/filters.go:39.8,39.27 1 1
github.com/muety/wakapi/models/filters.go:39.27,41.3 1 0
github.com/muety/wakapi/models/filters.go:41.8,41.28 1 1
github.com/muety/wakapi/models/filters.go:41.28,43.3 1 0
github.com/muety/wakapi/models/mail_address.go:15.13,18.2 2 1
github.com/muety/wakapi/models/mail_address.go:24.38,26.2 1 0
github.com/muety/wakapi/models/mail_address.go:28.35,30.21 2 0
github.com/muety/wakapi/models/mail_address.go:36.2,36.11 1 0
github.com/muety/wakapi/models/mail_address.go:30.21,31.21 1 0
github.com/muety/wakapi/models/mail_address.go:34.3,34.18 1 0
github.com/muety/wakapi/models/mail_address.go:31.21,33.4 1 0
github.com/muety/wakapi/models/mail_address.go:39.35,41.2 1 0
github.com/muety/wakapi/models/mail_address.go:43.43,45.22 2 0
github.com/muety/wakapi/models/mail_address.go:48.2,48.12 1 0
github.com/muety/wakapi/models/mail_address.go:45.22,47.3 1 0
github.com/muety/wakapi/models/mail_address.go:51.46,53.22 2 0
github.com/muety/wakapi/models/mail_address.go:56.2,56.12 1 0
github.com/muety/wakapi/models/mail_address.go:53.22,55.3 1 0
github.com/muety/wakapi/models/mail_address.go:59.40,60.22 1 0
github.com/muety/wakapi/models/mail_address.go:65.2,65.13 1 0
github.com/muety/wakapi/models/mail_address.go:60.22,61.17 1 0
github.com/muety/wakapi/models/mail_address.go:61.17,63.4 1 0
github.com/muety/wakapi/models/summary.go:69.29,71.2 1 1
github.com/muety/wakapi/models/summary.go:73.37,80.2 6 1
github.com/muety/wakapi/models/summary.go:82.35,84.2 1 1
github.com/muety/wakapi/models/summary.go:86.57,94.2 1 1
github.com/muety/wakapi/models/summary.go:96.64,98.2 1 0
github.com/muety/wakapi/models/summary.go:111.33,116.26 4 1
github.com/muety/wakapi/models/summary.go:123.2,123.37 1 1
github.com/muety/wakapi/models/summary.go:127.2,130.33 2 1
github.com/muety/wakapi/models/summary.go:116.26,117.30 1 1
github.com/muety/wakapi/models/summary.go:117.30,119.4 1 1
github.com/muety/wakapi/models/summary.go:123.37,125.3 1 0
github.com/muety/wakapi/models/summary.go:130.33,136.3 1 1
github.com/muety/wakapi/models/summary.go:139.45,144.30 3 1
github.com/muety/wakapi/models/summary.go:153.2,153.30 1 1
github.com/muety/wakapi/models/summary.go:144.30,145.47 1 1
github.com/muety/wakapi/models/summary.go:145.47,146.32 1 1
github.com/muety/wakapi/models/summary.go:149.4,149.9 1 1
github.com/muety/wakapi/models/summary.go:146.32,148.5 1 1
github.com/muety/wakapi/models/summary.go:156.73,158.55 2 1
github.com/muety/wakapi/models/summary.go:163.2,163.16 1 1
github.com/muety/wakapi/models/summary.go:158.55,159.31 1 1
github.com/muety/wakapi/models/summary.go:159.31,161.4 1 1
github.com/muety/wakapi/models/summary.go:166.88,168.55 2 1
github.com/muety/wakapi/models/summary.go:176.2,176.16 1 1
github.com/muety/wakapi/models/summary.go:168.55,169.31 1 1
github.com/muety/wakapi/models/summary.go:169.31,170.23 1 1
github.com/muety/wakapi/models/summary.go:173.4,173.46 1 1
github.com/muety/wakapi/models/summary.go:170.23,171.13 1 1
github.com/muety/wakapi/models/summary.go:179.70,181.8 2 1
github.com/muety/wakapi/models/summary.go:184.2,184.10 1 1
github.com/muety/wakapi/models/summary.go:181.8,183.3 1 1
github.com/muety/wakapi/models/summary.go:187.71,188.63 1 1
github.com/muety/wakapi/models/summary.go:228.2,234.10 6 1
github.com/muety/wakapi/models/summary.go:188.63,191.45 2 1
github.com/muety/wakapi/models/summary.go:200.3,200.31 1 1
github.com/muety/wakapi/models/summary.go:207.3,207.31 1 1
github.com/muety/wakapi/models/summary.go:224.3,224.16 1 1
github.com/muety/wakapi/models/summary.go:191.45,192.32 1 1
github.com/muety/wakapi/models/summary.go:197.4,197.14 1 1
github.com/muety/wakapi/models/summary.go:192.32,193.24 1 1
github.com/muety/wakapi/models/summary.go:193.24,195.6 1 1
github.com/muety/wakapi/models/summary.go:200.31,202.60 1 1
github.com/muety/wakapi/models/summary.go:202.60,204.5 1 1
github.com/muety/wakapi/models/summary.go:207.31,209.60 1 1
github.com/muety/wakapi/models/summary.go:209.60,210.55 1 1
github.com/muety/wakapi/models/summary.go:210.55,212.6 1 1
github.com/muety/wakapi/models/summary.go:212.11,220.6 1 1
github.com/muety/wakapi/models/summary.go:237.33,239.2 1 1
github.com/muety/wakapi/models/summary.go:241.43,243.2 1 1
github.com/muety/wakapi/models/summary.go:245.38,247.2 1 1
github.com/muety/wakapi/config/sentry.go:16.64,19.2 2 0
github.com/muety/wakapi/config/sentry.go:21.13,23.2 1 1
github.com/muety/wakapi/config/sentry.go:25.50,29.91 1 0
github.com/muety/wakapi/config/sentry.go:29.91,30.29 1 0
github.com/muety/wakapi/config/sentry.go:34.4,37.96 3 0
github.com/muety/wakapi/config/sentry.go:40.4,40.39 1 0
github.com/muety/wakapi/config/sentry.go:43.4,43.69 1 0
github.com/muety/wakapi/config/sentry.go:30.29,32.5 1 0
github.com/muety/wakapi/config/sentry.go:37.96,39.5 1 0
github.com/muety/wakapi/config/sentry.go:40.39,42.5 1 0
github.com/muety/wakapi/config/sentry.go:45.79,49.27 2 0
github.com/muety/wakapi/config/sentry.go:56.4,56.16 1 0
github.com/muety/wakapi/config/sentry.go:49.27,50.84 1 0
github.com/muety/wakapi/config/sentry.go:50.84,51.57 1 0
github.com/muety/wakapi/config/sentry.go:51.57,53.7 1 0
github.com/muety/wakapi/config/sentry.go:58.17,60.3 1 0
github.com/muety/wakapi/config/utils.go:5.78,7.22 2 0
github.com/muety/wakapi/config/utils.go:13.2,13.11 1 0
github.com/muety/wakapi/config/utils.go:7.22,8.18 1 0
github.com/muety/wakapi/config/utils.go:11.3,11.12 1 0
github.com/muety/wakapi/config/utils.go:8.18,10.4 1 0
github.com/muety/wakapi/config/config.go:145.70,147.2 1 0
github.com/muety/wakapi/config/config.go:149.65,151.2 1 0
github.com/muety/wakapi/config/config.go:153.82,163.2 1 0
github.com/muety/wakapi/config/config.go:165.31,167.2 1 0
github.com/muety/wakapi/config/config.go:169.32,171.2 1 0
github.com/muety/wakapi/config/config.go:173.74,174.19 1 0
github.com/muety/wakapi/config/config.go:175.10,176.34 1 0
github.com/muety/wakapi/config/config.go:176.34,177.57 1 0
github.com/muety/wakapi/config/config.go:180.4,180.67 1 0
github.com/muety/wakapi/config/config.go:183.4,183.58 1 0
github.com/muety/wakapi/config/config.go:186.4,186.62 1 0
github.com/muety/wakapi/config/config.go:189.4,189.60 1 0
github.com/muety/wakapi/config/config.go:192.4,192.64 1 0
github.com/muety/wakapi/config/config.go:195.4,195.68 1 0
github.com/muety/wakapi/config/config.go:198.4,198.14 1 0
github.com/muety/wakapi/config/config.go:177.57,179.5 1 0
github.com/muety/wakapi/config/config.go:180.67,182.5 1 0
github.com/muety/wakapi/config/config.go:183.58,185.5 1 0
github.com/muety/wakapi/config/config.go:186.62,188.5 1 0
github.com/muety/wakapi/config/config.go:189.60,191.5 1 0
github.com/muety/wakapi/config/config.go:192.64,194.5 1 0
github.com/muety/wakapi/config/config.go:195.68,197.5 1 0
github.com/muety/wakapi/config/config.go:203.50,204.19 1 0
github.com/muety/wakapi/config/config.go:217.2,217.12 1 0
github.com/muety/wakapi/config/config.go:205.23,209.5 1 0
github.com/muety/wakapi/config/config.go:210.26,213.5 1 0
github.com/muety/wakapi/config/config.go:214.24,215.48 1 0
github.com/muety/wakapi/config/config.go:220.53,231.2 1 1
github.com/muety/wakapi/config/config.go:233.56,235.16 2 1
github.com/muety/wakapi/config/config.go:239.2,246.3 1 1
github.com/muety/wakapi/config/config.go:235.16,237.3 1 0
github.com/muety/wakapi/config/config.go:249.54,251.2 1 1
github.com/muety/wakapi/config/config.go:253.60,255.2 1 0
github.com/muety/wakapi/config/config.go:257.59,259.2 1 0
github.com/muety/wakapi/config/config.go:261.57,263.2 1 0
github.com/muety/wakapi/config/config.go:265.53,267.2 1 0
github.com/muety/wakapi/config/config.go:269.46,271.2 1 0
github.com/muety/wakapi/config/config.go:273.43,275.2 1 0
github.com/muety/wakapi/config/config.go:277.29,279.2 1 1
github.com/muety/wakapi/config/config.go:281.48,291.65 2 0
github.com/muety/wakapi/config/config.go:295.2,295.15 1 0
github.com/muety/wakapi/config/config.go:291.65,293.3 1 0
github.com/muety/wakapi/config/config.go:298.38,299.43 1 0
github.com/muety/wakapi/config/config.go:302.2,302.15 1 0
github.com/muety/wakapi/config/config.go:299.43,301.3 1 0
github.com/muety/wakapi/config/config.go:305.45,306.27 1 0
github.com/muety/wakapi/config/config.go:309.2,309.15 1 0
github.com/muety/wakapi/config/config.go:306.27,308.3 1 0
github.com/muety/wakapi/config/config.go:312.77,313.29 1 0
github.com/muety/wakapi/config/config.go:318.2,318.19 1 0
github.com/muety/wakapi/config/config.go:313.29,314.18 1 0
github.com/muety/wakapi/config/config.go:314.18,316.4 1 0
github.com/muety/wakapi/config/config.go:321.26,323.2 1 0
github.com/muety/wakapi/config/config.go:325.20,327.2 1 0
github.com/muety/wakapi/config/config.go:329.35,334.96 3 0
github.com/muety/wakapi/config/config.go:338.2,346.52 5 0
github.com/muety/wakapi/config/config.go:350.2,350.47 1 0
github.com/muety/wakapi/config/config.go:356.2,356.70 1 0
github.com/muety/wakapi/config/config.go:360.2,360.28 1 0
github.com/muety/wakapi/config/config.go:364.2,364.29 1 0
github.com/muety/wakapi/config/config.go:369.2,369.94 1 0
github.com/muety/wakapi/config/config.go:373.2,374.14 2 0
github.com/muety/wakapi/config/config.go:334.96,336.3 1 0
github.com/muety/wakapi/config/config.go:346.52,348.3 1 0
github.com/muety/wakapi/config/config.go:350.47,351.14 1 0
github.com/muety/wakapi/config/config.go:351.14,353.4 1 0
github.com/muety/wakapi/config/config.go:356.70,358.3 1 0
github.com/muety/wakapi/config/config.go:360.28,362.3 1 0
github.com/muety/wakapi/config/config.go:364.29,367.3 2 0
github.com/muety/wakapi/config/config.go:369.94,371.3 1 0
github.com/muety/wakapi/utils/template.go:8.41,10.16 2 0
github.com/muety/wakapi/utils/template.go:13.2,13.23 1 0
github.com/muety/wakapi/utils/template.go:10.16,12.3 1 0
github.com/muety/wakapi/utils/template.go:16.37,17.30 1 0
github.com/muety/wakapi/utils/template.go:20.2,20.10 1 0
github.com/muety/wakapi/utils/template.go:17.30,19.3 1 0
github.com/muety/wakapi/utils/color.go:8.90,10.32 2 0
github.com/muety/wakapi/utils/color.go:15.2,15.15 1 0
github.com/muety/wakapi/utils/color.go:10.32,11.50 1 0
github.com/muety/wakapi/utils/color.go:11.50,13.4 1 0
github.com/muety/wakapi/utils/common.go:10.48,12.2 1 0
github.com/muety/wakapi/utils/common.go:14.52,16.2 1 0
github.com/muety/wakapi/utils/common.go:18.40,20.2 1 0
github.com/muety/wakapi/utils/common.go:22.44,24.2 1 0
github.com/muety/wakapi/utils/common.go:26.45,28.2 1 0
github.com/muety/wakapi/utils/common.go:30.24,32.2 1 0
github.com/muety/wakapi/utils/common.go:34.56,37.45 3 1
github.com/muety/wakapi/utils/common.go:40.2,40.40 1 1
github.com/muety/wakapi/utils/common.go:37.45,39.3 1 1
github.com/muety/wakapi/utils/filesystem.go:14.68,16.16 2 0
github.com/muety/wakapi/utils/filesystem.go:20.2,21.15 2 0
github.com/muety/wakapi/utils/filesystem.go:33.2,33.15 1 0
github.com/muety/wakapi/utils/filesystem.go:16.16,18.3 1 0
github.com/muety/wakapi/utils/filesystem.go:21.15,23.47 2 0
github.com/muety/wakapi/utils/filesystem.go:23.47,25.23 2 0
github.com/muety/wakapi/utils/filesystem.go:29.4,29.19 1 0
github.com/muety/wakapi/utils/filesystem.go:25.23,27.5 1 0
github.com/muety/wakapi/utils/strings.go:8.34,10.2 1 0
github.com/muety/wakapi/utils/strings.go:12.77,13.29 1 0
github.com/muety/wakapi/utils/strings.go:18.2,18.19 1 0
github.com/muety/wakapi/utils/strings.go:13.29,14.18 1 0
github.com/muety/wakapi/utils/strings.go:14.18,16.4 1 0
github.com/muety/wakapi/utils/auth.go:16.79,18.54 2 0
github.com/muety/wakapi/utils/auth.go:22.2,24.16 3 0
github.com/muety/wakapi/utils/auth.go:28.2,30.45 3 0
github.com/muety/wakapi/utils/auth.go:33.2,34.32 2 0
github.com/muety/wakapi/utils/auth.go:18.54,20.3 1 0
github.com/muety/wakapi/utils/auth.go:24.16,26.3 1 0
github.com/muety/wakapi/utils/auth.go:30.45,32.3 1 0
github.com/muety/wakapi/utils/auth.go:37.65,39.85 2 0
github.com/muety/wakapi/utils/auth.go:43.2,44.30 2 0
github.com/muety/wakapi/utils/auth.go:39.85,41.3 1 0
github.com/muety/wakapi/utils/auth.go:47.94,49.16 2 0
github.com/muety/wakapi/utils/auth.go:53.2,53.107 1 0
github.com/muety/wakapi/utils/auth.go:57.2,57.22 1 0
github.com/muety/wakapi/utils/auth.go:49.16,51.3 1 0
github.com/muety/wakapi/utils/auth.go:53.107,55.3 1 0
github.com/muety/wakapi/utils/auth.go:60.56,64.2 3 0
github.com/muety/wakapi/utils/auth.go:66.55,69.16 3 0
github.com/muety/wakapi/utils/auth.go:72.2,72.16 1 0
github.com/muety/wakapi/utils/auth.go:69.16,71.3 1 0
github.com/muety/wakapi/utils/date.go:8.31,10.2 1 0
github.com/muety/wakapi/utils/date.go:12.43,14.2 1 0
github.com/muety/wakapi/utils/date.go:16.30,20.2 3 0
github.com/muety/wakapi/utils/date.go:22.31,25.2 2 0
github.com/muety/wakapi/utils/date.go:27.30,30.2 2 0
github.com/muety/wakapi/utils/date.go:32.67,35.33 2 0
github.com/muety/wakapi/utils/date.go:44.2,44.18 1 0
github.com/muety/wakapi/utils/date.go:35.33,37.19 2 0
github.com/muety/wakapi/utils/date.go:40.3,41.10 2 0
github.com/muety/wakapi/utils/date.go:37.19,39.4 1 0
github.com/muety/wakapi/utils/date.go:47.50,53.2 5 0
github.com/muety/wakapi/utils/date.go:56.79,59.36 3 0
github.com/muety/wakapi/utils/date.go:63.2,63.21 1 0
github.com/muety/wakapi/utils/date.go:67.2,67.21 1 0
github.com/muety/wakapi/utils/date.go:71.2,71.13 1 0
github.com/muety/wakapi/utils/date.go:59.36,62.3 2 0
github.com/muety/wakapi/utils/date.go:63.21,66.3 2 0
github.com/muety/wakapi/utils/date.go:67.21,70.3 2 0
github.com/muety/wakapi/utils/http.go:9.73,12.58 3 0
github.com/muety/wakapi/utils/http.go:12.58,14.3 1 0
github.com/muety/wakapi/utils/summary.go:10.66,11.40 1 0
github.com/muety/wakapi/utils/summary.go:16.2,16.48 1 0
github.com/muety/wakapi/utils/summary.go:11.40,12.27 1 0
github.com/muety/wakapi/utils/summary.go:12.27,14.4 1 0
github.com/muety/wakapi/utils/summary.go:19.67,22.2 2 0
github.com/muety/wakapi/utils/summary.go:24.74,26.16 2 0
github.com/muety/wakapi/utils/summary.go:29.2,29.32 1 0
github.com/muety/wakapi/utils/summary.go:26.16,28.3 1 0
github.com/muety/wakapi/utils/summary.go:32.84,35.18 2 0
github.com/muety/wakapi/utils/summary.go:70.2,70.22 1 0
github.com/muety/wakapi/utils/summary.go:36.28,37.24 1 0
github.com/muety/wakapi/utils/summary.go:38.32,40.22 2 0
github.com/muety/wakapi/utils/summary.go:41.31,42.23 1 0
github.com/muety/wakapi/utils/summary.go:43.31,45.21 2 0
github.com/muety/wakapi/utils/summary.go:46.32,47.24 1 0
github.com/muety/wakapi/utils/summary.go:48.32,50.22 2 0
github.com/muety/wakapi/utils/summary.go:51.31,52.23 1 0
github.com/muety/wakapi/utils/summary.go:53.32,54.42 1 0
github.com/muety/wakapi/utils/summary.go:55.41,57.40 2 0
github.com/muety/wakapi/utils/summary.go:58.33,59.43 1 0
github.com/muety/wakapi/utils/summary.go:60.33,61.43 1 0
github.com/muety/wakapi/utils/summary.go:62.35,63.43 1 0
github.com/muety/wakapi/utils/summary.go:64.26,65.21 1 0
github.com/muety/wakapi/utils/summary.go:66.10,67.39 1 0
github.com/muety/wakapi/utils/summary.go:73.73,80.56 5 0
github.com/muety/wakapi/utils/summary.go:102.2,109.8 2 0
github.com/muety/wakapi/utils/summary.go:80.56,82.3 1 0
github.com/muety/wakapi/utils/summary.go:82.8,82.54 1 0
github.com/muety/wakapi/utils/summary.go:82.54,84.3 1 0
github.com/muety/wakapi/utils/summary.go:84.8,86.17 2 0
github.com/muety/wakapi/utils/summary.go:93.3,94.17 2 0
github.com/muety/wakapi/utils/summary.go:86.17,88.18 2 0
github.com/muety/wakapi/utils/summary.go:88.18,90.5 1 0
github.com/muety/wakapi/utils/summary.go:94.17,96.18 2 0
github.com/muety/wakapi/utils/summary.go:96.18,98.5 1 0
github.com/muety/wakapi/utils/summary.go:112.48,116.51 2 0
github.com/muety/wakapi/utils/summary.go:119.2,119.12 1 0
github.com/muety/wakapi/utils/summary.go:116.51,118.3 1 0
github.com/muety/wakapi/middlewares/filetype.go:13.83,14.43 1 0
github.com/muety/wakapi/middlewares/filetype.go:14.43,19.3 1 0
github.com/muety/wakapi/middlewares/filetype.go:22.84,24.34 2 0
github.com/muety/wakapi/middlewares/filetype.go:31.2,31.27 1 0
github.com/muety/wakapi/middlewares/filetype.go:24.34,25.50 1 0
github.com/muety/wakapi/middlewares/filetype.go:25.50,29.4 3 0
github.com/muety/wakapi/middlewares/logging.go:20.102,21.43 1 0
github.com/muety/wakapi/middlewares/logging.go:21.43,27.3 1 0
github.com/muety/wakapi/middlewares/logging.go:30.80,39.44 7 0
github.com/muety/wakapi/middlewares/logging.go:45.2,54.3 1 0
github.com/muety/wakapi/middlewares/logging.go:39.44,40.38 1 0
github.com/muety/wakapi/middlewares/logging.go:40.38,42.4 1 0
github.com/muety/wakapi/middlewares/logging.go:57.41,59.14 2 0
github.com/muety/wakapi/middlewares/logging.go:62.2,62.14 1 0
github.com/muety/wakapi/middlewares/logging.go:65.2,65.11 1 0
github.com/muety/wakapi/middlewares/logging.go:59.14,61.3 1 0
github.com/muety/wakapi/middlewares/logging.go:62.14,64.3 1 0
github.com/muety/wakapi/middlewares/logging.go:68.41,69.42 1 0
github.com/muety/wakapi/middlewares/logging.go:72.2,72.12 1 0
github.com/muety/wakapi/middlewares/logging.go:69.42,71.3 1 0
github.com/muety/wakapi/middlewares/logging.go:103.52,105.2 1 0
github.com/muety/wakapi/middlewares/logging.go:117.45,118.20 1 0
github.com/muety/wakapi/middlewares/logging.go:118.20,122.3 3 0
github.com/muety/wakapi/middlewares/logging.go:124.54,127.18 3 0
github.com/muety/wakapi/middlewares/logging.go:134.2,135.15 2 0
github.com/muety/wakapi/middlewares/logging.go:127.18,130.17 2 0
github.com/muety/wakapi/middlewares/logging.go:130.17,132.4 1 0
github.com/muety/wakapi/middlewares/logging.go:137.42,138.20 1 0
github.com/muety/wakapi/middlewares/logging.go:138.20,140.3 1 0
github.com/muety/wakapi/middlewares/logging.go:142.36,144.2 1 0
github.com/muety/wakapi/middlewares/logging.go:145.42,147.2 1 0
github.com/muety/wakapi/middlewares/logging.go:148.40,150.2 1 0
github.com/muety/wakapi/middlewares/logging.go:151.52,153.2 1 0
github.com/muety/wakapi/middlewares/principal.go:15.62,17.2 1 0
github.com/muety/wakapi/middlewares/principal.go:19.58,21.2 1 0
github.com/muety/wakapi/middlewares/principal.go:42.71,43.43 1 0
github.com/muety/wakapi/middlewares/principal.go:43.43,45.3 1 0
github.com/muety/wakapi/middlewares/principal.go:48.81,51.2 2 0
github.com/muety/wakapi/middlewares/principal.go:53.55,54.52 1 0
github.com/muety/wakapi/middlewares/principal.go:54.52,56.3 1 0
github.com/muety/wakapi/middlewares/principal.go:59.49,60.52 1 0
github.com/muety/wakapi/middlewares/principal.go:63.2,63.12 1 0
github.com/muety/wakapi/middlewares/principal.go:60.52,62.3 1 0
github.com/muety/wakapi/middlewares/sentry.go:14.60,15.43 1 0
github.com/muety/wakapi/middlewares/sentry.go:15.43,19.3 1 0
github.com/muety/wakapi/middlewares/sentry.go:22.78,25.54 3 0
github.com/muety/wakapi/middlewares/sentry.go:25.54,26.43 1 0
github.com/muety/wakapi/middlewares/sentry.go:26.43,28.4 1 0
github.com/muety/wakapi/middlewares/authenticate.go:19.91,25.2 1 1
github.com/muety/wakapi/middlewares/authenticate.go:27.90,30.2 2 0
github.com/muety/wakapi/middlewares/authenticate.go:32.90,35.2 2 0
github.com/muety/wakapi/middlewares/authenticate.go:37.71,38.71 1 0
github.com/muety/wakapi/middlewares/authenticate.go:38.71,40.3 1 0
github.com/muety/wakapi/middlewares/authenticate.go:43.107,47.16 3 0
github.com/muety/wakapi/middlewares/authenticate.go:51.2,51.31 1 0
github.com/muety/wakapi/middlewares/authenticate.go:67.2,68.12 2 0
github.com/muety/wakapi/middlewares/authenticate.go:47.16,49.3 1 0
github.com/muety/wakapi/middlewares/authenticate.go:51.31,52.31 1 0
github.com/muety/wakapi/middlewares/authenticate.go:57.3,57.29 1 0
github.com/muety/wakapi/middlewares/authenticate.go:64.3,64.9 1 0
github.com/muety/wakapi/middlewares/authenticate.go:52.31,55.4 2 0
github.com/muety/wakapi/middlewares/authenticate.go:57.29,60.4 2 0
github.com/muety/wakapi/middlewares/authenticate.go:60.9,63.4 2 0
github.com/muety/wakapi/middlewares/authenticate.go:71.70,72.39 1 0
github.com/muety/wakapi/middlewares/authenticate.go:77.2,77.14 1 0
github.com/muety/wakapi/middlewares/authenticate.go:72.39,73.60 1 0
github.com/muety/wakapi/middlewares/authenticate.go:73.60,75.4 1 0
github.com/muety/wakapi/middlewares/authenticate.go:80.92,82.16 2 1
github.com/muety/wakapi/middlewares/authenticate.go:86.2,89.16 4 1
github.com/muety/wakapi/middlewares/authenticate.go:92.2,92.18 1 1
github.com/muety/wakapi/middlewares/authenticate.go:82.16,84.3 1 1
github.com/muety/wakapi/middlewares/authenticate.go:89.16,91.3 1 0
github.com/muety/wakapi/middlewares/authenticate.go:95.92,97.16 2 0
github.com/muety/wakapi/middlewares/authenticate.go:101.2,102.16 2 0
github.com/muety/wakapi/middlewares/authenticate.go:109.2,109.18 1 0
github.com/muety/wakapi/middlewares/authenticate.go:97.16,99.3 1 0
github.com/muety/wakapi/middlewares/authenticate.go:102.16,104.3 1 0
github.com/muety/wakapi/services/heartbeat.go:17.141,23.2 1 0
github.com/muety/wakapi/services/heartbeat.go:25.72,27.2 1 0
github.com/muety/wakapi/services/heartbeat.go:29.80,34.32 3 0
github.com/muety/wakapi/services/heartbeat.go:41.2,41.55 1 0
github.com/muety/wakapi/services/heartbeat.go:34.32,35.36 1 0
github.com/muety/wakapi/services/heartbeat.go:35.36,38.4 2 0
github.com/muety/wakapi/services/heartbeat.go:44.53,46.2 1 0
github.com/muety/wakapi/services/heartbeat.go:48.76,50.2 1 0
github.com/muety/wakapi/services/heartbeat.go:52.96,54.2 1 0
github.com/muety/wakapi/services/heartbeat.go:56.111,58.16 2 0
github.com/muety/wakapi/services/heartbeat.go:61.2,61.43 1 0
github.com/muety/wakapi/services/heartbeat.go:58.16,60.3 1 0
github.com/muety/wakapi/services/heartbeat.go:64.116,66.2 1 0
github.com/muety/wakapi/services/heartbeat.go:68.78,70.2 1 0
github.com/muety/wakapi/services/heartbeat.go:72.62,74.2 1 0
github.com/muety/wakapi/services/heartbeat.go:76.116,78.16 2 0
github.com/muety/wakapi/services/heartbeat.go:82.2,82.28 1 0
github.com/muety/wakapi/services/heartbeat.go:86.2,86.24 1 0
github.com/muety/wakapi/services/heartbeat.go:78.16,80.3 1 0
github.com/muety/wakapi/services/heartbeat.go:82.28,84.3 1 0
github.com/muety/wakapi/services/key_value.go:14.89,19.2 1 0
github.com/muety/wakapi/services/key_value.go:21.83,23.2 1 0
github.com/muety/wakapi/services/key_value.go:25.78,27.16 2 0
github.com/muety/wakapi/services/key_value.go:33.2,33.11 1 0
github.com/muety/wakapi/services/key_value.go:27.16,32.3 1 0
github.com/muety/wakapi/services/key_value.go:36.72,38.2 1 0
github.com/muety/wakapi/services/key_value.go:40.60,42.2 1 0
github.com/muety/wakapi/services/language_mapping.go:18.118,24.2 1 0
github.com/muety/wakapi/services/language_mapping.go:26.86,28.2 1 0
github.com/muety/wakapi/services/language_mapping.go:30.96,31.53 1 0
github.com/muety/wakapi/services/language_mapping.go:35.2,36.16 2 0
github.com/muety/wakapi/services/language_mapping.go:39.2,40.22 2 0
github.com/muety/wakapi/services/language_mapping.go:31.53,33.3 1 0
github.com/muety/wakapi/services/language_mapping.go:36.16,38.3 1 0
github.com/muety/wakapi/services/language_mapping.go:43.92,46.16 3 0
github.com/muety/wakapi/services/language_mapping.go:50.2,50.33 1 0
github.com/muety/wakapi/services/language_mapping.go:53.2,53.22 1 0
github.com/muety/wakapi/services/language_mapping.go:46.16,48.3 1 0
github.com/muety/wakapi/services/language_mapping.go:50.33,52.3 1 0
github.com/muety/wakapi/services/language_mapping.go:56.109,58.16 2 0
github.com/muety/wakapi/services/language_mapping.go:62.2,63.20 2 0
github.com/muety/wakapi/services/language_mapping.go:58.16,60.3 1 0
github.com/muety/wakapi/services/language_mapping.go:66.82,67.26 1 0
github.com/muety/wakapi/services/language_mapping.go:70.2,72.12 3 0
github.com/muety/wakapi/services/language_mapping.go:67.26,69.3 1 0
github.com/muety/wakapi/services/language_mapping.go:75.74,78.2 1 0
github.com/muety/wakapi/services/misc.go:23.126,30.2 1 0
github.com/muety/wakapi/services/misc.go:42.50,44.48 1 0
github.com/muety/wakapi/services/misc.go:48.2,50.19 3 0
github.com/muety/wakapi/services/misc.go:44.48,46.3 1 0
github.com/muety/wakapi/services/misc.go:53.51,59.40 4 0
github.com/muety/wakapi/services/misc.go:63.2,66.56 2 0
github.com/muety/wakapi/services/misc.go:77.2,77.12 1 0
github.com/muety/wakapi/services/misc.go:59.40,61.3 1 0
github.com/muety/wakapi/services/misc.go:66.56,67.27 1 0
github.com/muety/wakapi/services/misc.go:67.27,72.4 1 0
github.com/muety/wakapi/services/misc.go:73.8,75.3 1 0
github.com/muety/wakapi/services/misc.go:80.116,81.24 1 0
github.com/muety/wakapi/services/misc.go:81.24,82.151 1 0
github.com/muety/wakapi/services/misc.go:91.3,91.48 1 0
github.com/muety/wakapi/services/misc.go:82.151,84.4 1 0
github.com/muety/wakapi/services/misc.go:84.9,90.4 2 0
github.com/muety/wakapi/services/misc.go:91.48,94.4 2 0
github.com/muety/wakapi/services/misc.go:98.86,101.30 3 0
github.com/muety/wakapi/services/misc.go:106.2,109.17 1 0
github.com/muety/wakapi/services/misc.go:113.2,116.17 1 0
github.com/muety/wakapi/services/misc.go:101.30,104.3 2 0
github.com/muety/wakapi/services/misc.go:109.17,111.3 1 0
github.com/muety/wakapi/services/misc.go:116.17,118.3 1 0
github.com/muety/wakapi/services/summary.go:27.149,35.2 1 1
github.com/muety/wakapi/services/summary.go:39.136,42.66 2 1
github.com/muety/wakapi/services/summary.go:47.2,47.44 1 1
github.com/muety/wakapi/services/summary.go:53.2,53.65 1 1
github.com/muety/wakapi/services/summary.go:58.2,59.16 2 1
github.com/muety/wakapi/services/summary.go:64.2,66.30 3 1
github.com/muety/wakapi/services/summary.go:42.66,44.3 1 0
github.com/muety/wakapi/services/summary.go:47.44,50.3 2 1
github.com/muety/wakapi/services/summary.go:53.65,55.3 1 0
github.com/muety/wakapi/services/summary.go:59.16,61.3 1 0
github.com/muety/wakapi/services/summary.go:69.101,72.52 2 1
github.com/muety/wakapi/services/summary.go:77.2,78.16 2 1
github.com/muety/wakapi/services/summary.go:83.2,84.44 2 1
github.com/muety/wakapi/services/summary.go:93.2,94.16 2 1
github.com/muety/wakapi/services/summary.go:99.2,100.30 2 1
github.com/muety/wakapi/services/summary.go:72.52,74.3 1 0
github.com/muety/wakapi/services/summary.go:78.16,80.3 1 0
github.com/muety/wakapi/services/summary.go:84.44,85.78 1 1
github.com/muety/wakapi/services/summary.go:85.78,87.4 1 1
github.com/muety/wakapi/services/summary.go:87.9,89.4 1 0
github.com/muety/wakapi/services/summary.go:94.16,96.3 1 0
github.com/muety/wakapi/services/summary.go:103.102,106.89 2 1
github.com/muety/wakapi/services/summary.go:112.2,116.26 4 1
github.com/muety/wakapi/services/summary.go:121.2,127.34 6 1
github.com/muety/wakapi/services/summary.go:143.2,143.26 1 1
github.com/muety/wakapi/services/summary.go:148.2,161.30 2 1
github.com/muety/wakapi/services/summary.go:106.89,108.3 1 1
github.com/muety/wakapi/services/summary.go:108.8,110.3 1 0
github.com/muety/wakapi/services/summary.go:116.26,118.3 1 1
github.com/muety/wakapi/services/summary.go:127.34,129.20 2 1
github.com/muety/wakapi/services/summary.go:130.30,131.29 1 1
github.com/muety/wakapi/services/summary.go:132.31,133.30 1 1
github.com/muety/wakapi/services/summary.go:134.29,135.28 1 1
github.com/muety/wakapi/services/summary.go:136.25,137.24 1 1
github.com/muety/wakapi/services/summary.go:138.30,139.29 1 1
github.com/muety/wakapi/services/summary.go:143.26,146.3 2 1
github.com/muety/wakapi/services/summary.go:166.76,168.2 1 0
github.com/muety/wakapi/services/summary.go:170.62,172.2 1 0
github.com/muety/wakapi/services/summary.go:174.66,176.2 1 0
github.com/muety/wakapi/services/summary.go:180.127,183.31 2 1
github.com/muety/wakapi/services/summary.go:206.2,207.30 2 1
github.com/muety/wakapi/services/summary.go:215.2,215.40 1 1
github.com/muety/wakapi/services/summary.go:219.2,219.67 1 1
github.com/muety/wakapi/services/summary.go:183.31,186.35 2 1
github.com/muety/wakapi/services/summary.go:190.3,190.13 1 1
github.com/muety/wakapi/services/summary.go:194.3,199.27 2 1
github.com/muety/wakapi/services/summary.go:203.3,203.26 1 1
github.com/muety/wakapi/services/summary.go:186.35,188.4 1 1
github.com/muety/wakapi/services/summary.go:190.13,191.12 1 1
github.com/muety/wakapi/services/summary.go:199.27,202.4 2 1
github.com/muety/wakapi/services/summary.go:207.30,213.3 1 1
github.com/muety/wakapi/services/summary.go:215.40,217.3 1 1
github.com/muety/wakapi/services/summary.go:222.97,223.24 1 1
github.com/muety/wakapi/services/summary.go:227.2,239.30 4 1
github.com/muety/wakapi/services/summary.go:259.2,262.26 3 1
github.com/muety/wakapi/services/summary.go:223.24,225.3 1 0
github.com/muety/wakapi/services/summary.go:239.30,240.38 1 1
github.com/muety/wakapi/services/summary.go:244.3,244.37 1 1
github.com/muety/wakapi/services/summary.go:248.3,248.34 1 1
github.com/muety/wakapi/services/summary.go:252.3,256.83 5 1
github.com/muety/wakapi/services/summary.go:240.38,242.4 1 0
github.com/muety/wakapi/services/summary.go:244.37,246.4 1 1
github.com/muety/wakapi/services/summary.go:248.34,250.4 1 1
github.com/muety/wakapi/services/summary.go:265.127,269.32 2 1
github.com/muety/wakapi/services/summary.go:273.2,273.27 1 1
github.com/muety/wakapi/services/summary.go:281.2,283.26 3 1
github.com/muety/wakapi/services/summary.go:288.2,288.43 1 1
github.com/muety/wakapi/services/summary.go:292.2,292.17 1 1
github.com/muety/wakapi/services/summary.go:269.32,271.3 1 1
github.com/muety/wakapi/services/summary.go:273.27,274.37 1 1
github.com/muety/wakapi/services/summary.go:274.37,276.4 1 1
github.com/muety/wakapi/services/summary.go:276.9,278.4 1 1
github.com/muety/wakapi/services/summary.go:283.26,286.3 2 1
github.com/muety/wakapi/services/summary.go:288.43,290.3 1 1
github.com/muety/wakapi/services/summary.go:295.116,296.25 1 1
github.com/muety/wakapi/services/summary.go:300.2,303.44 2 1
github.com/muety/wakapi/services/summary.go:308.2,308.40 1 1
github.com/muety/wakapi/services/summary.go:333.2,333.54 1 1
github.com/muety/wakapi/services/summary.go:337.2,337.18 1 1
github.com/muety/wakapi/services/summary.go:296.25,298.3 1 0
github.com/muety/wakapi/services/summary.go:303.44,305.3 1 1
github.com/muety/wakapi/services/summary.go:308.40,310.19 2 1
github.com/muety/wakapi/services/summary.go:317.3,322.34 3 1
github.com/muety/wakapi/services/summary.go:327.3,327.22 1 1
github.com/muety/wakapi/services/summary.go:310.19,311.12 1 1
github.com/muety/wakapi/services/summary.go:322.34,324.4 1 1
github.com/muety/wakapi/services/summary.go:327.22,329.4 1 1
github.com/muety/wakapi/services/summary.go:333.54,335.3 1 1
github.com/muety/wakapi/services/summary.go:340.59,342.25 2 1
github.com/muety/wakapi/services/summary.go:345.2,345.32 1 1
github.com/muety/wakapi/services/summary.go:342.25,344.3 1 1
github.com/muety/wakapi/services/aggregation.go:24.142,31.2 1 0
github.com/muety/wakapi/services/aggregation.go:40.43,42.37 1 0
github.com/muety/wakapi/services/aggregation.go:46.2,48.19 3 0
github.com/muety/wakapi/services/aggregation.go:42.37,44.3 1 0
github.com/muety/wakapi/services/aggregation.go:51.67,55.40 3 0
github.com/muety/wakapi/services/aggregation.go:59.2,59.50 1 0
github.com/muety/wakapi/services/aggregation.go:64.2,64.60 1 0
github.com/muety/wakapi/services/aggregation.go:70.2,70.35 1 0
github.com/muety/wakapi/services/aggregation.go:55.40,57.3 1 0
github.com/muety/wakapi/services/aggregation.go:59.50,61.3 1 0
github.com/muety/wakapi/services/aggregation.go:64.60,68.3 3 0
github.com/muety/wakapi/services/aggregation.go:73.109,74.24 1 0
github.com/muety/wakapi/services/aggregation.go:74.24,75.111 1 0
github.com/muety/wakapi/services/aggregation.go:75.111,77.4 1 0
github.com/muety/wakapi/services/aggregation.go:77.9,80.4 2 0
github.com/muety/wakapi/services/aggregation.go:84.80,85.33 1 0
github.com/muety/wakapi/services/aggregation.go:85.33,86.60 1 0
github.com/muety/wakapi/services/aggregation.go:86.60,88.4 1 0
github.com/muety/wakapi/services/aggregation.go:92.100,96.59 3 0
github.com/muety/wakapi/services/aggregation.go:111.2,112.16 2 0
github.com/muety/wakapi/services/aggregation.go:118.2,119.16 2 0
github.com/muety/wakapi/services/aggregation.go:125.2,126.44 2 0
github.com/muety/wakapi/services/aggregation.go:131.2,131.41 1 0
github.com/muety/wakapi/services/aggregation.go:145.2,145.12 1 0
github.com/muety/wakapi/services/aggregation.go:96.59,99.3 2 0
github.com/muety/wakapi/services/aggregation.go:99.8,99.47 1 0
github.com/muety/wakapi/services/aggregation.go:99.47,101.30 2 0
github.com/muety/wakapi/services/aggregation.go:101.30,102.43 1 0
github.com/muety/wakapi/services/aggregation.go:102.43,104.5 1 0
github.com/muety/wakapi/services/aggregation.go:106.8,108.3 1 0
github.com/muety/wakapi/services/aggregation.go:112.16,115.3 2 0
github.com/muety/wakapi/services/aggregation.go:119.16,122.3 2 0
github.com/muety/wakapi/services/aggregation.go:126.44,128.3 1 0
github.com/muety/wakapi/services/aggregation.go:131.41,132.21 1 0
github.com/muety/wakapi/services/aggregation.go:132.21,136.4 1 0
github.com/muety/wakapi/services/aggregation.go:136.9,136.62 1 0
github.com/muety/wakapi/services/aggregation.go:136.62,140.4 1 0
github.com/muety/wakapi/services/aggregation.go:148.83,163.41 5 0
github.com/muety/wakapi/services/aggregation.go:163.41,173.3 3 0
github.com/muety/wakapi/services/aggregation.go:176.34,179.2 2 0
github.com/muety/wakapi/services/alias.go:17.77,22.2 1 1
github.com/muety/wakapi/services/alias.go:26.60,27.43 1 1
github.com/muety/wakapi/services/alias.go:30.2,30.14 1 1
github.com/muety/wakapi/services/alias.go:27.43,29.3 1 1
github.com/muety/wakapi/services/alias.go:33.62,35.16 2 1
github.com/muety/wakapi/services/alias.go:38.2,38.12 1 1
github.com/muety/wakapi/services/alias.go:35.16,37.3 1 1
github.com/muety/wakapi/services/alias.go:41.76,43.16 2 0
github.com/muety/wakapi/services/alias.go:46.2,46.21 1 0
github.com/muety/wakapi/services/alias.go:43.16,45.3 1 0
github.com/muety/wakapi/services/alias.go:49.113,51.16 2 0
github.com/muety/wakapi/services/alias.go:54.2,54.21 1 0
github.com/muety/wakapi/services/alias.go:51.16,53.3 1 0
github.com/muety/wakapi/services/alias.go:57.108,58.32 1 1
github.com/muety/wakapi/services/alias.go:64.2,65.46 2 1
github.com/muety/wakapi/services/alias.go:70.2,70.19 1 1
github.com/muety/wakapi/services/alias.go:58.32,59.52 1 1
github.com/muety/wakapi/services/alias.go:59.52,61.4 1 1
github.com/muety/wakapi/services/alias.go:65.46,66.48 1 1
github.com/muety/wakapi/services/alias.go:66.48,68.4 1 1
github.com/muety/wakapi/services/alias.go:73.77,75.16 2 0
github.com/muety/wakapi/services/alias.go:78.2,79.20 2 0
github.com/muety/wakapi/services/alias.go:75.16,77.3 1 0
github.com/muety/wakapi/services/alias.go:82.60,83.24 1 0
github.com/muety/wakapi/services/alias.go:86.2,88.12 3 0
github.com/muety/wakapi/services/alias.go:83.24,85.3 1 0
github.com/muety/wakapi/services/alias.go:91.69,94.28 3 0
github.com/muety/wakapi/services/alias.go:102.2,104.31 2 0
github.com/muety/wakapi/services/alias.go:108.2,108.12 1 0
github.com/muety/wakapi/services/alias.go:94.28,95.21 1 0
github.com/muety/wakapi/services/alias.go:98.3,99.16 2 0
github.com/muety/wakapi/services/alias.go:95.21,97.4 1 0
github.com/muety/wakapi/services/alias.go:104.31,106.3 1 0
github.com/muety/wakapi/services/alias.go:111.52,112.51 1 0
github.com/muety/wakapi/services/alias.go:112.51,114.3 1 0
github.com/muety/wakapi/services/user.go:19.73,25.2 1 0
github.com/muety/wakapi/services/user.go:27.74,28.40 1 0
github.com/muety/wakapi/services/user.go:32.2,33.16 2 0
github.com/muety/wakapi/services/user.go:37.2,38.15 2 0
github.com/muety/wakapi/services/user.go:28.40,30.3 1 0
github.com/muety/wakapi/services/user.go:33.16,35.3 1 0
github.com/muety/wakapi/services/user.go:41.72,42.37 1 0
github.com/muety/wakapi/services/user.go:46.2,47.16 2 0
github.com/muety/wakapi/services/user.go:51.2,52.15 2 0
github.com/muety/wakapi/services/user.go:42.37,44.3 1 0
github.com/muety/wakapi/services/user.go:47.16,49.3 1 0
github.com/muety/wakapi/services/user.go:55.76,57.2 1 0
github.com/muety/wakapi/services/user.go:59.86,61.2 1 0
github.com/muety/wakapi/services/user.go:63.58,65.2 1 0
github.com/muety/wakapi/services/user.go:67.61,70.2 2 0
github.com/muety/wakapi/services/user.go:72.48,74.2 1 0
github.com/muety/wakapi/services/user.go:76.102,85.93 2 0
github.com/muety/wakapi/services/user.go:91.2,91.38 1 0
github.com/muety/wakapi/services/user.go:85.93,87.3 1 0
github.com/muety/wakapi/services/user.go:87.8,89.3 1 0
github.com/muety/wakapi/services/user.go:94.73,97.2 2 0
github.com/muety/wakapi/services/user.go:99.78,103.2 3 0
github.com/muety/wakapi/services/user.go:105.99,108.2 2 0
github.com/muety/wakapi/services/user.go:110.106,113.96 3 0
github.com/muety/wakapi/services/user.go:118.2,118.68 1 0
github.com/muety/wakapi/services/user.go:113.96,115.3 1 0
github.com/muety/wakapi/services/user.go:115.8,117.3 1 0
github.com/muety/wakapi/services/user.go:121.85,123.2 1 0
github.com/muety/wakapi/services/user.go:125.57,128.2 2 0
github.com/muety/wakapi/services/user.go:130.38,132.2 1 0
