mode: set
github.com/muety/wakapi/utils/auth.go:15.79,17.54 2 0
github.com/muety/wakapi/utils/auth.go:21.2,23.16 3 0
github.com/muety/wakapi/utils/auth.go:27.2,29.45 3 0
github.com/muety/wakapi/utils/auth.go:32.2,33.32 2 0
github.com/muety/wakapi/utils/auth.go:17.54,19.3 1 0
github.com/muety/wakapi/utils/auth.go:23.16,25.3 1 0
github.com/muety/wakapi/utils/auth.go:29.45,31.3 1 0
github.com/muety/wakapi/utils/auth.go:36.65,38.85 2 0
github.com/muety/wakapi/utils/auth.go:42.2,43.30 2 0
github.com/muety/wakapi/utils/auth.go:38.85,40.3 1 0
github.com/muety/wakapi/utils/auth.go:48.57,49.34 1 0
github.com/muety/wakapi/utils/auth.go:52.2,52.45 1 0
github.com/muety/wakapi/utils/auth.go:49.34,51.3 1 0
github.com/muety/wakapi/utils/auth.go:55.57,57.2 1 0
github.com/muety/wakapi/utils/auth.go:59.55,63.2 3 0
github.com/muety/wakapi/utils/auth.go:65.55,68.16 3 0
github.com/muety/wakapi/utils/auth.go:71.2,71.16 1 0
github.com/muety/wakapi/utils/auth.go:68.16,70.3 1 0
github.com/muety/wakapi/utils/auth.go:74.57,78.2 3 0
github.com/muety/wakapi/utils/auth.go:80.57,83.16 3 0
github.com/muety/wakapi/utils/auth.go:86.2,86.16 1 0
github.com/muety/wakapi/utils/auth.go:83.16,85.3 1 0
github.com/muety/wakapi/utils/db.go:10.34,11.37 1 0
github.com/muety/wakapi/utils/db.go:19.2,20.14 2 0
github.com/muety/wakapi/utils/db.go:11.37,13.110 2 0
github.com/muety/wakapi/utils/db.go:17.3,17.20 1 0
github.com/muety/wakapi/utils/db.go:13.110,16.4 2 0
github.com/muety/wakapi/utils/db.go:23.39,24.37 1 0
github.com/muety/wakapi/utils/db.go:32.2,33.14 2 0
github.com/muety/wakapi/utils/db.go:24.37,26.119 2 0
github.com/muety/wakapi/utils/db.go:30.3,30.20 1 0
github.com/muety/wakapi/utils/db.go:26.119,29.4 2 0
github.com/muety/wakapi/utils/db.go:36.66,37.48 1 0
github.com/muety/wakapi/utils/db.go:40.2,40.53 1 0
github.com/muety/wakapi/utils/db.go:37.48,39.3 1 0
github.com/muety/wakapi/utils/db.go:43.59,44.16 1 0
github.com/muety/wakapi/utils/db.go:47.2,47.15 1 0
github.com/muety/wakapi/utils/db.go:50.2,50.14 1 0
github.com/muety/wakapi/utils/db.go:44.16,46.3 1 0
github.com/muety/wakapi/utils/db.go:47.15,49.3 1 0
github.com/muety/wakapi/utils/dns.go:9.38,11.21 2 0
github.com/muety/wakapi/utils/dns.go:14.2,15.39 2 0
github.com/muety/wakapi/utils/dns.go:11.21,13.3 1 0
github.com/muety/wakapi/utils/template.go:13.41,15.16 2 0
github.com/muety/wakapi/utils/template.go:18.2,18.23 1 0
github.com/muety/wakapi/utils/template.go:15.16,17.3 1 0
github.com/muety/wakapi/utils/template.go:21.37,22.30 1 0
github.com/muety/wakapi/utils/template.go:25.2,25.10 1 0
github.com/muety/wakapi/utils/template.go:22.30,24.3 1 0
github.com/muety/wakapi/utils/template.go:28.83,33.16 4 0
github.com/muety/wakapi/utils/template.go:37.2,37.29 1 0
github.com/muety/wakapi/utils/template.go:62.2,62.23 1 0
github.com/muety/wakapi/utils/template.go:33.16,35.3 1 0
github.com/muety/wakapi/utils/template.go:37.29,39.51 2 0
github.com/muety/wakapi/utils/template.go:43.3,44.17 2 0
github.com/muety/wakapi/utils/template.go:47.3,48.17 2 0
github.com/muety/wakapi/utils/template.go:52.3,55.17 3 0
github.com/muety/wakapi/utils/template.go:59.3,59.27 1 0
github.com/muety/wakapi/utils/template.go:39.51,40.12 1 0
github.com/muety/wakapi/utils/template.go:44.17,46.4 1 0
github.com/muety/wakapi/utils/template.go:48.17,50.4 1 0
github.com/muety/wakapi/utils/template.go:55.17,57.4 1 0
github.com/muety/wakapi/utils/sync.go:11.66,13.12 2 0
github.com/muety/wakapi/utils/sync.go:17.2,17.9 1 0
github.com/muety/wakapi/utils/sync.go:13.12,16.3 2 0
github.com/muety/wakapi/utils/sync.go:18.11,19.15 1 0
github.com/muety/wakapi/utils/sync.go:20.29,21.14 1 0
github.com/muety/wakapi/utils/collection.go:5.52,6.26 1 0
github.com/muety/wakapi/utils/collection.go:9.2,9.28 1 0
github.com/muety/wakapi/utils/collection.go:6.26,8.3 1 0
github.com/muety/wakapi/utils/collection.go:12.78,14.22 2 0
github.com/muety/wakapi/utils/collection.go:20.2,20.11 1 0
github.com/muety/wakapi/utils/collection.go:14.22,15.18 1 0
github.com/muety/wakapi/utils/collection.go:18.3,18.12 1 0
github.com/muety/wakapi/utils/collection.go:15.18,17.4 1 0
github.com/muety/wakapi/utils/cron.go:5.44,7.21 2 0
github.com/muety/wakapi/utils/cron.go:10.2,10.20 1 0
github.com/muety/wakapi/utils/cron.go:7.21,9.3 1 0
github.com/muety/wakapi/utils/date.go:9.48,11.2 1 0
github.com/muety/wakapi/utils/date.go:13.51,15.2 1 0
github.com/muety/wakapi/utils/date.go:17.52,19.2 1 0
github.com/muety/wakapi/utils/date.go:21.51,23.2 1 0
github.com/muety/wakapi/utils/date.go:26.41,28.21 2 0
github.com/muety/wakapi/utils/date.go:31.2,31.33 1 0
github.com/muety/wakapi/utils/date.go:28.21,30.3 1 0
github.com/muety/wakapi/utils/date.go:35.67,38.33 2 1
github.com/muety/wakapi/utils/date.go:47.2,47.18 1 1
github.com/muety/wakapi/utils/date.go:38.33,40.19 2 1
github.com/muety/wakapi/utils/date.go:43.3,44.10 2 1
github.com/muety/wakapi/utils/date.go:40.19,42.4 1 1
github.com/muety/wakapi/utils/date.go:51.36,54.2 2 0
github.com/muety/wakapi/utils/date.go:56.42,57.28 1 0
github.com/muety/wakapi/utils/date.go:73.2,73.20 1 0
github.com/muety/wakapi/utils/date.go:58.52,59.21 1 0
github.com/muety/wakapi/utils/date.go:60.53,61.22 1 0
github.com/muety/wakapi/utils/date.go:62.55,63.24 1 0
github.com/muety/wakapi/utils/date.go:64.54,65.23 1 0
github.com/muety/wakapi/utils/date.go:66.52,67.21 1 0
github.com/muety/wakapi/utils/date.go:68.54,69.23 1 0
github.com/muety/wakapi/utils/date.go:70.52,71.21 1 0
github.com/muety/wakapi/utils/http.go:20.13,22.2 1 1
github.com/muety/wakapi/utils/http.go:29.34,30.20 1 0
github.com/muety/wakapi/utils/http.go:33.2,33.19 1 0
github.com/muety/wakapi/utils/http.go:30.20,32.3 1 0
github.com/muety/wakapi/utils/http.go:36.35,37.21 1 0
github.com/muety/wakapi/utils/http.go:40.2,40.34 1 0
github.com/muety/wakapi/utils/http.go:37.21,39.3 1 0
github.com/muety/wakapi/utils/http.go:43.62,45.48 2 0
github.com/muety/wakapi/utils/http.go:48.2,48.93 1 0
github.com/muety/wakapi/utils/http.go:53.2,53.14 1 0
github.com/muety/wakapi/utils/http.go:45.48,47.3 1 0
github.com/muety/wakapi/utils/http.go:48.93,49.89 1 0
github.com/muety/wakapi/utils/http.go:49.89,51.4 1 0
github.com/muety/wakapi/utils/http.go:56.51,60.46 4 0
github.com/muety/wakapi/utils/http.go:63.2,63.73 1 0
github.com/muety/wakapi/utils/http.go:66.2,66.19 1 0
github.com/muety/wakapi/utils/http.go:60.46,62.3 1 0
github.com/muety/wakapi/utils/http.go:63.73,65.3 1 0
github.com/muety/wakapi/utils/http.go:69.78,71.26 2 0
github.com/muety/wakapi/utils/http.go:74.2,74.30 1 0
github.com/muety/wakapi/utils/http.go:77.2,77.19 1 0
github.com/muety/wakapi/utils/http.go:71.26,73.3 1 0
github.com/muety/wakapi/utils/http.go:74.30,76.3 1 0
github.com/muety/wakapi/utils/http.go:80.56,83.45 3 1
github.com/muety/wakapi/utils/http.go:86.2,86.40 1 1
github.com/muety/wakapi/utils/http.go:83.45,85.3 1 1
github.com/muety/wakapi/utils/json.go:12.75,18.62 2 0
github.com/muety/wakapi/utils/json.go:22.2,22.29 1 0
github.com/muety/wakapi/utils/json.go:26.2,26.72 1 0
github.com/muety/wakapi/utils/json.go:29.2,29.70 1 0
github.com/muety/wakapi/utils/json.go:33.2,33.20 1 0
github.com/muety/wakapi/utils/json.go:18.62,20.3 1 0
github.com/muety/wakapi/utils/json.go:22.29,24.3 1 0
github.com/muety/wakapi/utils/json.go:26.72,28.3 1 0
github.com/muety/wakapi/utils/json.go:29.70,31.3 1 0
github.com/muety/wakapi/utils/strings.go:8.34,10.2 1 0
github.com/muety/wakapi/utils/strings.go:12.58,13.49 1 0
github.com/muety/wakapi/utils/strings.go:13.49,14.32 1 0
github.com/muety/wakapi/utils/strings.go:19.3,19.15 1 0
github.com/muety/wakapi/utils/strings.go:14.32,15.22 1 0
github.com/muety/wakapi/utils/strings.go:15.22,17.5 1 0
github.com/muety/wakapi/utils/strings.go:23.77,24.29 1 0
github.com/muety/wakapi/utils/strings.go:29.2,29.19 1 0
github.com/muety/wakapi/utils/strings.go:24.29,25.18 1 0
github.com/muety/wakapi/utils/strings.go:25.18,27.4 1 0
github.com/muety/wakapi/config/sentry.go:21.35,23.2 1 0
github.com/muety/wakapi/config/sentry.go:25.62,28.2 2 0
github.com/muety/wakapi/config/sentry.go:38.33,45.2 2 0
github.com/muety/wakapi/config/sentry.go:47.79,50.2 2 0
github.com/muety/wakapi/config/sentry.go:52.72,56.2 3 0
github.com/muety/wakapi/config/sentry.go:58.71,62.2 3 0
github.com/muety/wakapi/config/sentry.go:64.71,68.2 3 0
github.com/muety/wakapi/config/sentry.go:70.72,74.2 3 0
github.com/muety/wakapi/config/sentry.go:76.72,80.2 3 0
github.com/muety/wakapi/config/sentry.go:82.67,87.18 4 0
github.com/muety/wakapi/config/sentry.go:99.2,99.28 1 0
github.com/muety/wakapi/config/sentry.go:87.18,88.65 1 0
github.com/muety/wakapi/config/sentry.go:88.65,91.45 3 0
github.com/muety/wakapi/config/sentry.go:94.4,95.10 2 0
github.com/muety/wakapi/config/sentry.go:91.45,93.5 1 0
github.com/muety/wakapi/config/sentry.go:109.50,115.59 1 0
github.com/muety/wakapi/config/sentry.go:115.59,117.38 2 0
github.com/muety/wakapi/config/sentry.go:122.4,122.39 1 0
github.com/muety/wakapi/config/sentry.go:125.4,125.37 1 0
github.com/muety/wakapi/config/sentry.go:117.38,118.38 1 0
github.com/muety/wakapi/config/sentry.go:118.38,120.6 1 0
github.com/muety/wakapi/config/sentry.go:122.39,124.5 1 0
github.com/muety/wakapi/config/sentry.go:127.79,128.27 1 0
github.com/muety/wakapi/config/sentry.go:135.4,135.16 1 0
github.com/muety/wakapi/config/sentry.go:128.27,129.84 1 0
github.com/muety/wakapi/config/sentry.go:129.84,130.45 1 0
github.com/muety/wakapi/config/sentry.go:130.45,132.7 1 0
github.com/muety/wakapi/config/sentry.go:137.17,139.3 1 0
github.com/muety/wakapi/config/sentry.go:143.43,148.51 2 0
github.com/muety/wakapi/config/sentry.go:151.2,151.11 1 0
github.com/muety/wakapi/config/sentry.go:148.51,150.3 1 0
github.com/muety/wakapi/config/session.go:9.46,10.25 1 0
github.com/muety/wakapi/config/session.go:13.2,13.21 1 0
github.com/muety/wakapi/config/session.go:10.25,12.3 1 0
github.com/muety/wakapi/config/db.go:40.50,41.19 1 0
github.com/muety/wakapi/config/db.go:54.2,54.12 1 0
github.com/muety/wakapi/config/db.go:42.23,46.5 1 0
github.com/muety/wakapi/config/db.go:47.26,50.5 1 0
github.com/muety/wakapi/config/db.go:51.24,52.48 1 0
github.com/muety/wakapi/config/db.go:57.53,60.25 2 1
github.com/muety/wakapi/config/db.go:64.2,71.3 1 1
github.com/muety/wakapi/config/db.go:60.25,62.3 1 1
github.com/muety/wakapi/config/db.go:74.56,75.25 1 1
github.com/muety/wakapi/config/db.go:79.2,80.16 2 1
github.com/muety/wakapi/config/db.go:84.2,91.3 1 1
github.com/muety/wakapi/config/db.go:75.25,77.3 1 0
github.com/muety/wakapi/config/db.go:80.16,82.3 1 0
github.com/muety/wakapi/config/db.go:94.54,96.2 1 1
github.com/muety/wakapi/config/eventbus.go:27.13,29.2 1 1
github.com/muety/wakapi/config/eventbus.go:31.26,33.2 1 0
github.com/muety/wakapi/config/fs.go:9.56,10.19 1 0
github.com/muety/wakapi/config/fs.go:13.2,13.19 1 0
github.com/muety/wakapi/config/fs.go:10.19,12.3 1 0
github.com/muety/wakapi/config/key_utils.go:11.58,15.44 2 0
github.com/muety/wakapi/config/key_utils.go:30.2,31.16 2 0
github.com/muety/wakapi/config/key_utils.go:34.2,37.51 3 0
github.com/muety/wakapi/config/key_utils.go:40.2,40.45 1 0
github.com/muety/wakapi/config/key_utils.go:15.44,17.17 2 0
github.com/muety/wakapi/config/key_utils.go:20.3,23.17 3 0
github.com/muety/wakapi/config/key_utils.go:26.3,26.46 1 0
github.com/muety/wakapi/config/key_utils.go:17.17,19.4 1 0
github.com/muety/wakapi/config/key_utils.go:23.17,25.4 1 0
github.com/muety/wakapi/config/key_utils.go:31.16,33.3 1 0
github.com/muety/wakapi/config/key_utils.go:37.51,39.3 1 0
github.com/muety/wakapi/config/config.go:183.64,185.2 1 0
github.com/muety/wakapi/config/config.go:187.59,189.2 1 0
github.com/muety/wakapi/config/config.go:191.82,201.2 1 0
github.com/muety/wakapi/config/config.go:203.31,205.2 1 0
github.com/muety/wakapi/config/config.go:207.32,209.2 1 0
github.com/muety/wakapi/config/config.go:211.60,213.2 1 0
github.com/muety/wakapi/config/config.go:215.59,217.2 1 0
github.com/muety/wakapi/config/config.go:219.57,221.2 1 0
github.com/muety/wakapi/config/config.go:223.53,225.2 1 0
github.com/muety/wakapi/config/config.go:227.53,228.46 1 0
github.com/muety/wakapi/config/config.go:244.2,244.51 1 0
github.com/muety/wakapi/config/config.go:228.46,232.17 3 0
github.com/muety/wakapi/config/config.go:236.3,237.17 2 0
github.com/muety/wakapi/config/config.go:241.3,241.44 1 0
github.com/muety/wakapi/config/config.go:232.17,234.4 1 0
github.com/muety/wakapi/config/config.go:237.17,239.4 1 0
github.com/muety/wakapi/config/config.go:247.50,248.47 1 0
github.com/muety/wakapi/config/config.go:267.2,267.52 1 0
github.com/muety/wakapi/config/config.go:248.47,255.17 5 0
github.com/muety/wakapi/config/config.go:259.3,260.17 2 0
github.com/muety/wakapi/config/config.go:264.3,264.54 1 0
github.com/muety/wakapi/config/config.go:255.17,257.4 1 0
github.com/muety/wakapi/config/config.go:260.17,262.4 1 0
github.com/muety/wakapi/config/config.go:270.65,275.56 3 0
github.com/muety/wakapi/config/config.go:297.2,297.76 1 0
github.com/muety/wakapi/config/config.go:301.2,301.14 1 0
github.com/muety/wakapi/config/config.go:275.56,277.33 1 0
github.com/muety/wakapi/config/config.go:277.33,280.18 3 0
github.com/muety/wakapi/config/config.go:284.4,285.18 2 0
github.com/muety/wakapi/config/config.go:289.4,289.45 1 0
github.com/muety/wakapi/config/config.go:280.18,282.5 1 0
github.com/muety/wakapi/config/config.go:285.18,287.5 1 0
github.com/muety/wakapi/config/config.go:291.8,292.33 1 0
github.com/muety/wakapi/config/config.go:292.33,294.4 1 0
github.com/muety/wakapi/config/config.go:297.76,299.3 1 0
github.com/muety/wakapi/config/config.go:304.54,307.2 2 0
github.com/muety/wakapi/config/config.go:309.36,311.2 1 0
github.com/muety/wakapi/config/config.go:313.35,315.2 1 0
github.com/muety/wakapi/config/config.go:317.38,319.2 1 0
github.com/muety/wakapi/config/config.go:321.46,323.2 1 0
github.com/muety/wakapi/config/config.go:325.43,327.2 1 0
github.com/muety/wakapi/config/config.go:329.29,331.2 1 1
github.com/muety/wakapi/config/config.go:333.48,344.16 2 0
github.com/muety/wakapi/config/config.go:348.2,349.53 2 0
github.com/muety/wakapi/config/config.go:353.2,353.15 1 0
github.com/muety/wakapi/config/config.go:344.16,346.3 1 0
github.com/muety/wakapi/config/config.go:349.53,351.3 1 0
github.com/muety/wakapi/config/config.go:356.45,357.27 1 0
github.com/muety/wakapi/config/config.go:360.2,360.24 1 0
github.com/muety/wakapi/config/config.go:363.2,363.25 1 0
github.com/muety/wakapi/config/config.go:366.2,366.15 1 0
github.com/muety/wakapi/config/config.go:357.27,359.3 1 0
github.com/muety/wakapi/config/config.go:360.24,362.3 1 0
github.com/muety/wakapi/config/config.go:363.25,365.3 1 0
github.com/muety/wakapi/config/config.go:369.26,371.2 1 0
github.com/muety/wakapi/config/config.go:373.20,375.2 1 0
github.com/muety/wakapi/config/config.go:377.54,380.82 2 0
github.com/muety/wakapi/config/config.go:384.2,388.21 4 0
github.com/muety/wakapi/config/config.go:392.2,400.16 7 0
github.com/muety/wakapi/config/config.go:406.2,411.47 4 0
github.com/muety/wakapi/config/config.go:417.2,417.29 1 0
github.com/muety/wakapi/config/config.go:422.2,422.41 1 0
github.com/muety/wakapi/config/config.go:433.2,433.108 1 0
github.com/muety/wakapi/config/config.go:436.2,436.28 1 0
github.com/muety/wakapi/config/config.go:439.2,439.51 1 0
github.com/muety/wakapi/config/config.go:443.2,443.100 1 0
github.com/muety/wakapi/config/config.go:446.2,446.74 1 0
github.com/muety/wakapi/config/config.go:450.2,452.78 2 0
github.com/muety/wakapi/config/config.go:455.2,455.81 1 0
github.com/muety/wakapi/config/config.go:458.2,458.66 1 0
github.com/muety/wakapi/config/config.go:465.2,465.55 1 0
github.com/muety/wakapi/config/config.go:468.2,468.56 1 0
github.com/muety/wakapi/config/config.go:471.2,471.65 1 0
github.com/muety/wakapi/config/config.go:475.2,476.14 2 0
github.com/muety/wakapi/config/config.go:380.82,382.3 1 0
github.com/muety/wakapi/config/config.go:388.21,390.3 1 0
github.com/muety/wakapi/config/config.go:400.16,404.3 3 0
github.com/muety/wakapi/config/config.go:411.47,412.14 1 0
github.com/muety/wakapi/config/config.go:412.14,414.4 1 0
github.com/muety/wakapi/config/config.go:417.29,420.3 2 0
github.com/muety/wakapi/config/config.go:422.41,424.3 1 0
github.com/muety/wakapi/config/config.go:424.8,426.35 2 0
github.com/muety/wakapi/config/config.go:429.3,429.37 1 0
github.com/muety/wakapi/config/config.go:426.35,428.4 1 0
github.com/muety/wakapi/config/config.go:433.108,435.3 1 0
github.com/muety/wakapi/config/config.go:436.28,438.3 1 0
github.com/muety/wakapi/config/config.go:439.51,442.3 2 0
github.com/muety/wakapi/config/config.go:443.100,445.3 1 0
github.com/muety/wakapi/config/config.go:446.74,448.3 1 0
github.com/muety/wakapi/config/config.go:452.78,454.3 1 0
github.com/muety/wakapi/config/config.go:455.81,457.3 1 0
github.com/muety/wakapi/config/config.go:458.66,459.48 1 0
github.com/muety/wakapi/config/config.go:459.48,461.4 1 0
github.com/muety/wakapi/config/config.go:465.55,467.3 1 0
github.com/muety/wakapi/config/config.go:468.56,470.3 1 0
github.com/muety/wakapi/config/config.go:471.65,473.3 1 0
github.com/muety/wakapi/config/db_opts.go:11.56,13.2 1 0
github.com/muety/wakapi/config/db_opts.go:15.59,17.2 1 0
github.com/muety/wakapi/config/db_opts.go:19.61,21.39 1 0
github.com/muety/wakapi/config/db_opts.go:28.2,28.30 1 0
github.com/muety/wakapi/config/db_opts.go:34.2,34.12 1 0
github.com/muety/wakapi/config/db_opts.go:21.39,23.100 1 0
github.com/muety/wakapi/config/db_opts.go:23.100,25.4 1 0
github.com/muety/wakapi/config/db_opts.go:28.30,29.68 1 0
github.com/muety/wakapi/config/db_opts.go:29.68,31.4 1 0
github.com/muety/wakapi/config/jobqueue.go:30.13,32.2 1 1
github.com/muety/wakapi/config/jobqueue.go:34.18,41.2 6 0
github.com/muety/wakapi/config/jobqueue.go:43.48,44.34 1 0
github.com/muety/wakapi/config/jobqueue.go:47.2,50.12 4 0
github.com/muety/wakapi/config/jobqueue.go:44.34,46.3 1 0
github.com/muety/wakapi/config/jobqueue.go:53.44,55.2 1 0
github.com/muety/wakapi/config/jobqueue.go:57.48,58.35 1 0
github.com/muety/wakapi/config/jobqueue.go:61.2,61.24 1 0
github.com/muety/wakapi/config/jobqueue.go:58.35,60.3 1 0
github.com/muety/wakapi/config/jobqueue.go:64.43,66.37 2 0
github.com/muety/wakapi/config/jobqueue.go:73.2,73.16 1 0
github.com/muety/wakapi/config/jobqueue.go:66.37,72.3 1 0
github.com/muety/wakapi/config/jobqueue.go:76.20,77.30 1 0
github.com/muety/wakapi/config/jobqueue.go:77.30,79.3 1 0
github.com/muety/wakapi/config/jobqueue.go:82.20,84.2 1 0
github.com/muety/wakapi/config/jobqueue.go:86.21,88.2 1 0
github.com/muety/wakapi/middlewares/sentry.go:15.60,16.43 1 0
github.com/muety/wakapi/middlewares/sentry.go:16.43,20.3 1 0
github.com/muety/wakapi/middlewares/sentry.go:23.78,26.54 3 0
github.com/muety/wakapi/middlewares/sentry.go:26.54,27.43 1 0
github.com/muety/wakapi/middlewares/sentry.go:27.43,29.4 1 0
github.com/muety/wakapi/middlewares/authenticate.go:32.91,38.2 1 1
github.com/muety/wakapi/middlewares/authenticate.go:40.90,43.2 2 0
github.com/muety/wakapi/middlewares/authenticate.go:45.90,48.2 2 0
github.com/muety/wakapi/middlewares/authenticate.go:50.99,53.2 2 0
github.com/muety/wakapi/middlewares/authenticate.go:55.71,56.71 1 0
github.com/muety/wakapi/middlewares/authenticate.go:56.71,58.3 1 0
github.com/muety/wakapi/middlewares/authenticate.go:61.107,65.16 3 0
github.com/muety/wakapi/middlewares/authenticate.go:68.2,68.16 1 0
github.com/muety/wakapi/middlewares/authenticate.go:72.2,72.31 1 0
github.com/muety/wakapi/middlewares/authenticate.go:93.2,94.12 2 0
github.com/muety/wakapi/middlewares/authenticate.go:65.16,67.3 1 0
github.com/muety/wakapi/middlewares/authenticate.go:68.16,70.3 1 0
github.com/muety/wakapi/middlewares/authenticate.go:72.31,73.31 1 0
github.com/muety/wakapi/middlewares/authenticate.go:78.3,78.29 1 0
github.com/muety/wakapi/middlewares/authenticate.go:90.3,90.9 1 0
github.com/muety/wakapi/middlewares/authenticate.go:73.31,76.4 2 0
github.com/muety/wakapi/middlewares/authenticate.go:78.29,81.4 2 0
github.com/muety/wakapi/middlewares/authenticate.go:81.9,82.36 1 0
github.com/muety/wakapi/middlewares/authenticate.go:87.4,88.59 2 0
github.com/muety/wakapi/middlewares/authenticate.go:82.36,86.5 3 0
github.com/muety/wakapi/middlewares/authenticate.go:97.70,98.39 1 0
github.com/muety/wakapi/middlewares/authenticate.go:103.2,103.14 1 0
github.com/muety/wakapi/middlewares/authenticate.go:98.39,99.60 1 0
github.com/muety/wakapi/middlewares/authenticate.go:99.60,101.4 1 0
github.com/muety/wakapi/middlewares/authenticate.go:106.98,108.16 2 1
github.com/muety/wakapi/middlewares/authenticate.go:112.2,115.16 4 1
github.com/muety/wakapi/middlewares/authenticate.go:118.2,118.18 1 1
github.com/muety/wakapi/middlewares/authenticate.go:108.16,110.3 1 1
github.com/muety/wakapi/middlewares/authenticate.go:115.16,117.3 1 0
github.com/muety/wakapi/middlewares/authenticate.go:121.97,125.19 4 1
github.com/muety/wakapi/middlewares/authenticate.go:128.2,129.16 2 1
github.com/muety/wakapi/middlewares/authenticate.go:132.2,132.18 1 1
github.com/muety/wakapi/middlewares/authenticate.go:125.19,127.3 1 1
github.com/muety/wakapi/middlewares/authenticate.go:129.16,131.3 1 0
github.com/muety/wakapi/middlewares/authenticate.go:135.92,137.16 2 0
github.com/muety/wakapi/middlewares/authenticate.go:141.2,142.16 2 0
github.com/muety/wakapi/middlewares/authenticate.go:149.2,149.18 1 0
github.com/muety/wakapi/middlewares/authenticate.go:137.16,139.3 1 0
github.com/muety/wakapi/middlewares/authenticate.go:142.16,144.3 1 0
github.com/muety/wakapi/middlewares/filetype.go:13.83,14.43 1 0
github.com/muety/wakapi/middlewares/filetype.go:14.43,19.3 1 0
github.com/muety/wakapi/middlewares/filetype.go:22.84,24.34 2 0
github.com/muety/wakapi/middlewares/filetype.go:31.2,31.27 1 0
github.com/muety/wakapi/middlewares/filetype.go:24.34,25.50 1 0
github.com/muety/wakapi/middlewares/filetype.go:25.50,29.4 3 0
github.com/muety/wakapi/middlewares/logging.go:20.102,21.43 1 0
github.com/muety/wakapi/middlewares/logging.go:21.43,27.3 1 0
github.com/muety/wakapi/middlewares/logging.go:30.80,39.44 7 0
github.com/muety/wakapi/middlewares/logging.go:45.2,54.3 1 0
github.com/muety/wakapi/middlewares/logging.go:39.44,40.38 1 0
github.com/muety/wakapi/middlewares/logging.go:40.38,42.4 1 0
github.com/muety/wakapi/middlewares/logging.go:57.41,59.14 2 0
github.com/muety/wakapi/middlewares/logging.go:62.2,62.14 1 0
github.com/muety/wakapi/middlewares/logging.go:65.2,65.11 1 0
github.com/muety/wakapi/middlewares/logging.go:59.14,61.3 1 0
github.com/muety/wakapi/middlewares/logging.go:62.14,64.3 1 0
github.com/muety/wakapi/middlewares/logging.go:68.41,69.42 1 0
github.com/muety/wakapi/middlewares/logging.go:72.2,72.12 1 0
github.com/muety/wakapi/middlewares/logging.go:69.42,71.3 1 0
github.com/muety/wakapi/middlewares/logging.go:103.52,105.2 1 0
github.com/muety/wakapi/middlewares/logging.go:117.45,118.20 1 0
github.com/muety/wakapi/middlewares/logging.go:118.20,122.3 3 0
github.com/muety/wakapi/middlewares/logging.go:124.54,127.18 3 0
github.com/muety/wakapi/middlewares/logging.go:134.2,135.15 2 0
github.com/muety/wakapi/middlewares/logging.go:127.18,130.17 2 0
github.com/muety/wakapi/middlewares/logging.go:130.17,132.4 1 0
github.com/muety/wakapi/middlewares/logging.go:137.42,138.20 1 0
github.com/muety/wakapi/middlewares/logging.go:138.20,140.3 1 0
github.com/muety/wakapi/middlewares/logging.go:142.36,144.2 1 0
github.com/muety/wakapi/middlewares/logging.go:145.42,147.2 1 0
github.com/muety/wakapi/middlewares/logging.go:148.40,150.2 1 0
github.com/muety/wakapi/middlewares/logging.go:151.52,153.2 1 0
github.com/muety/wakapi/middlewares/principal.go:15.62,17.2 1 0
github.com/muety/wakapi/middlewares/principal.go:19.58,21.2 1 0
github.com/muety/wakapi/middlewares/principal.go:23.60,24.24 1 0
github.com/muety/wakapi/middlewares/principal.go:27.2,27.31 1 0
github.com/muety/wakapi/middlewares/principal.go:24.24,26.3 1 0
github.com/muety/wakapi/middlewares/principal.go:49.71,50.43 1 0
github.com/muety/wakapi/middlewares/principal.go:50.43,52.3 1 0
github.com/muety/wakapi/middlewares/principal.go:55.81,58.2 2 0
github.com/muety/wakapi/middlewares/principal.go:60.55,61.52 1 0
github.com/muety/wakapi/middlewares/principal.go:61.52,63.3 1 0
github.com/muety/wakapi/middlewares/principal.go:66.49,67.52 1 0
github.com/muety/wakapi/middlewares/principal.go:70.2,70.12 1 0
github.com/muety/wakapi/middlewares/principal.go:67.52,69.3 1 0
github.com/muety/wakapi/middlewares/security.go:19.62,20.43 1 0
github.com/muety/wakapi/middlewares/security.go:20.43,22.3 1 0
github.com/muety/wakapi/middlewares/security.go:25.80,26.36 1 0
github.com/muety/wakapi/middlewares/security.go:31.2,31.27 1 0
github.com/muety/wakapi/middlewares/security.go:26.36,27.30 1 0
github.com/muety/wakapi/middlewares/security.go:27.30,29.4 1 0
github.com/muety/wakapi/routes/utils/user_utils.go:15.139,16.68 1 1
github.com/muety/wakapi/routes/utils/user_utils.go:23.2,24.21 2 1
github.com/muety/wakapi/routes/utils/user_utils.go:28.2,29.27 2 1
github.com/muety/wakapi/routes/utils/user_utils.go:35.2,35.63 1 1
github.com/muety/wakapi/routes/utils/user_utils.go:39.2,40.16 2 1
github.com/muety/wakapi/routes/utils/user_utils.go:44.2,44.27 1 1
github.com/muety/wakapi/routes/utils/user_utils.go:16.68,21.3 4 1
github.com/muety/wakapi/routes/utils/user_utils.go:24.21,26.3 1 1
github.com/muety/wakapi/routes/utils/user_utils.go:29.27,31.3 1 1
github.com/muety/wakapi/routes/utils/user_utils.go:31.8,31.35 1 1
github.com/muety/wakapi/routes/utils/user_utils.go:31.35,33.3 1 1
github.com/muety/wakapi/routes/utils/user_utils.go:35.63,37.3 1 1
github.com/muety/wakapi/routes/utils/user_utils.go:40.16,42.3 1 0
github.com/muety/wakapi/routes/utils/badge_utils.go:21.13,24.2 2 1
github.com/muety/wakapi/routes/utils/badge_utils.go:26.114,28.79 2 0
github.com/muety/wakapi/routes/utils/badge_utils.go:32.2,33.75 2 0
github.com/muety/wakapi/routes/utils/badge_utils.go:39.2,47.71 4 0
github.com/muety/wakapi/routes/utils/badge_utils.go:51.2,53.22 3 0
github.com/muety/wakapi/routes/utils/badge_utils.go:79.2,79.19 1 0
github.com/muety/wakapi/routes/utils/badge_utils.go:83.2,83.31 1 0
github.com/muety/wakapi/routes/utils/badge_utils.go:28.79,30.3 1 0
github.com/muety/wakapi/routes/utils/badge_utils.go:33.75,34.61 1 0
github.com/muety/wakapi/routes/utils/badge_utils.go:34.61,36.4 1 0
github.com/muety/wakapi/routes/utils/badge_utils.go:47.71,49.3 1 0
github.com/muety/wakapi/routes/utils/badge_utils.go:54.17,56.68 2 0
github.com/muety/wakapi/routes/utils/badge_utils.go:57.12,59.63 2 0
github.com/muety/wakapi/routes/utils/badge_utils.go:60.16,62.67 2 0
github.com/muety/wakapi/routes/utils/badge_utils.go:63.18,65.69 2 0
github.com/muety/wakapi/routes/utils/badge_utils.go:66.17,68.68 2 0
github.com/muety/wakapi/routes/utils/badge_utils.go:69.15,71.66 2 0
github.com/muety/wakapi/routes/utils/badge_utils.go:73.10,76.30 2 0
github.com/muety/wakapi/routes/utils/badge_utils.go:79.19,81.3 1 0
github.com/muety/wakapi/routes/utils/heartbeat_utils.go:11.68,13.16 2 0
github.com/muety/wakapi/routes/utils/heartbeat_utils.go:17.2,18.16 2 0
github.com/muety/wakapi/routes/utils/heartbeat_utils.go:22.2,22.35 1 0
github.com/muety/wakapi/routes/utils/heartbeat_utils.go:13.16,15.3 1 0
github.com/muety/wakapi/routes/utils/heartbeat_utils.go:18.16,20.3 1 0
github.com/muety/wakapi/routes/utils/heartbeat_utils.go:25.65,33.48 6 0
github.com/muety/wakapi/routes/utils/heartbeat_utils.go:37.2,37.24 1 0
github.com/muety/wakapi/routes/utils/heartbeat_utils.go:33.48,35.3 1 0
github.com/muety/wakapi/routes/utils/heartbeat_utils.go:40.67,48.47 6 0
github.com/muety/wakapi/routes/utils/heartbeat_utils.go:52.2,52.45 1 0
github.com/muety/wakapi/routes/utils/heartbeat_utils.go:48.47,50.3 1 0
github.com/muety/wakapi/routes/utils/messages.go:9.71,11.2 1 0
github.com/muety/wakapi/routes/utils/messages.go:13.73,15.2 1 0
github.com/muety/wakapi/routes/utils/messages.go:17.97,19.57 2 0
github.com/muety/wakapi/routes/utils/messages.go:22.2,22.65 1 0
github.com/muety/wakapi/routes/utils/messages.go:25.2,26.11 2 0
github.com/muety/wakapi/routes/utils/messages.go:19.57,21.3 1 0
github.com/muety/wakapi/routes/utils/messages.go:22.65,24.3 1 0
github.com/muety/wakapi/routes/utils/messages.go:29.78,33.2 3 0
github.com/muety/wakapi/routes/utils/project_utils.go:15.144,18.16 2 0
github.com/muety/wakapi/routes/utils/project_utils.go:23.2,24.16 2 0
github.com/muety/wakapi/routes/utils/project_utils.go:28.2,32.35 2 0
github.com/muety/wakapi/routes/utils/project_utils.go:37.2,39.20 3 0
github.com/muety/wakapi/routes/utils/project_utils.go:18.16,20.3 1 0
github.com/muety/wakapi/routes/utils/project_utils.go:24.16,26.3 1 0
github.com/muety/wakapi/routes/utils/project_utils.go:32.35,35.3 2 0
github.com/muety/wakapi/routes/utils/summary_utils.go:12.98,14.16 2 0
github.com/muety/wakapi/routes/utils/summary_utils.go:17.2,17.51 1 0
github.com/muety/wakapi/routes/utils/summary_utils.go:14.16,16.3 1 0
github.com/muety/wakapi/routes/utils/summary_utils.go:20.119,22.22 2 0
github.com/muety/wakapi/routes/utils/summary_utils.go:26.2,34.16 2 0
github.com/muety/wakapi/routes/utils/summary_utils.go:38.2,41.36 3 0
github.com/muety/wakapi/routes/utils/summary_utils.go:22.22,24.3 1 0
github.com/muety/wakapi/routes/utils/summary_utils.go:34.16,36.3 1 0
github.com/muety/wakapi/routes/utils/summary_utils.go:44.90,46.32 2 0
github.com/muety/wakapi/routes/utils/summary_utils.go:51.2,51.15 1 0
github.com/muety/wakapi/routes/utils/summary_utils.go:46.32,47.50 1 0
github.com/muety/wakapi/routes/utils/summary_utils.go:47.50,49.4 1 0
github.com/muety/wakapi/routes/compat/wakatime/v1/users.go:21.116,27.2 1 1
github.com/muety/wakapi/routes/compat/wakatime/v1/users.go:29.58,30.34 1 1
github.com/muety/wakapi/routes/compat/wakatime/v1/users.go:30.34,33.3 2 1
github.com/muety/wakapi/routes/compat/wakatime/v1/users.go:45.68,47.16 2 1
github.com/muety/wakapi/routes/compat/wakatime/v1/users.go:51.2,52.72 2 1
github.com/muety/wakapi/routes/compat/wakatime/v1/users.go:58.2,58.72 1 1
github.com/muety/wakapi/routes/compat/wakatime/v1/users.go:47.16,49.3 1 1
github.com/muety/wakapi/routes/compat/wakatime/v1/users.go:52.72,54.3 1 1
github.com/muety/wakapi/routes/compat/wakatime/v1/users.go:54.8,56.3 1 0
github.com/muety/wakapi/routes/compat/wakatime/v1/all_time.go:23.116,29.2 1 0
github.com/muety/wakapi/routes/compat/wakatime/v1/all_time.go:31.60,32.34 1 0
github.com/muety/wakapi/routes/compat/wakatime/v1/all_time.go:32.34,35.3 2 0
github.com/muety/wakapi/routes/compat/wakatime/v1/all_time.go:47.70,49.16 2 0
github.com/muety/wakapi/routes/compat/wakatime/v1/all_time.go:53.2,54.16 2 0
github.com/muety/wakapi/routes/compat/wakatime/v1/all_time.go:60.2,61.46 2 0
github.com/muety/wakapi/routes/compat/wakatime/v1/all_time.go:49.16,51.3 1 0
github.com/muety/wakapi/routes/compat/wakatime/v1/all_time.go:54.16,58.3 3 0
github.com/muety/wakapi/routes/compat/wakatime/v1/all_time.go:64.116,73.29 3 0
github.com/muety/wakapi/routes/compat/wakatime/v1/all_time.go:77.2,85.16 2 0
github.com/muety/wakapi/routes/compat/wakatime/v1/all_time.go:89.2,89.36 1 0
github.com/muety/wakapi/routes/compat/wakatime/v1/all_time.go:73.29,75.3 1 0
github.com/muety/wakapi/routes/compat/wakatime/v1/all_time.go:85.16,87.3 1 0
github.com/muety/wakapi/routes/compat/wakatime/v1/heartbeat.go:29.124,34.2 1 0
github.com/muety/wakapi/routes/compat/wakatime/v1/heartbeat.go:36.62,37.34 1 0
github.com/muety/wakapi/routes/compat/wakatime/v1/heartbeat.go:37.34,40.3 2 0
github.com/muety/wakapi/routes/compat/wakatime/v1/heartbeat.go:52.72,54.16 2 0
github.com/muety/wakapi/routes/compat/wakatime/v1/heartbeat.go:58.2,61.16 4 0
github.com/muety/wakapi/routes/compat/wakatime/v1/heartbeat.go:67.2,71.16 4 0
github.com/muety/wakapi/routes/compat/wakatime/v1/heartbeat.go:78.2,84.47 2 0
github.com/muety/wakapi/routes/compat/wakatime/v1/heartbeat.go:54.16,56.3 1 0
github.com/muety/wakapi/routes/compat/wakatime/v1/heartbeat.go:61.16,65.3 3 0
github.com/muety/wakapi/routes/compat/wakatime/v1/heartbeat.go:71.16,76.3 4 0
github.com/muety/wakapi/routes/compat/wakatime/v1/projects.go:23.123,29.2 1 0
github.com/muety/wakapi/routes/compat/wakatime/v1/projects.go:31.61,32.34 1 0
github.com/muety/wakapi/routes/compat/wakatime/v1/projects.go:32.34,35.3 2 0
github.com/muety/wakapi/routes/compat/wakatime/v1/projects.go:48.71,50.16 2 0
github.com/muety/wakapi/routes/compat/wakatime/v1/projects.go:54.2,55.16 2 0
github.com/muety/wakapi/routes/compat/wakatime/v1/projects.go:62.2,65.28 3 0
github.com/muety/wakapi/routes/compat/wakatime/v1/projects.go:71.2,72.46 2 0
github.com/muety/wakapi/routes/compat/wakatime/v1/projects.go:50.16,52.3 1 0
github.com/muety/wakapi/routes/compat/wakatime/v1/projects.go:55.16,60.3 4 0
github.com/muety/wakapi/routes/compat/wakatime/v1/projects.go:65.28,66.30 1 0
github.com/muety/wakapi/routes/compat/wakatime/v1/projects.go:66.30,68.4 1 0
github.com/muety/wakapi/routes/compat/wakatime/v1/stats.go:22.112,28.2 1 0
github.com/muety/wakapi/routes/compat/wakatime/v1/stats.go:30.58,31.34 1 0
github.com/muety/wakapi/routes/compat/wakatime/v1/stats.go:31.34,41.3 5 0
github.com/muety/wakapi/routes/compat/wakatime/v1/stats.go:62.68,68.53 5 0
github.com/muety/wakapi/routes/compat/wakatime/v1/stats.go:72.2,73.16 2 0
github.com/muety/wakapi/routes/compat/wakatime/v1/stats.go:79.2,79.22 1 0
github.com/muety/wakapi/routes/compat/wakatime/v1/stats.go:83.2,84.16 2 0
github.com/muety/wakapi/routes/compat/wakatime/v1/stats.go:90.2,92.69 2 0
github.com/muety/wakapi/routes/compat/wakatime/v1/stats.go:98.2,99.16 2 0
github.com/muety/wakapi/routes/compat/wakatime/v1/stats.go:105.2,108.33 2 0
github.com/muety/wakapi/routes/compat/wakatime/v1/stats.go:111.2,111.35 1 0
github.com/muety/wakapi/routes/compat/wakatime/v1/stats.go:114.2,114.34 1 0
github.com/muety/wakapi/routes/compat/wakatime/v1/stats.go:117.2,117.29 1 0
github.com/muety/wakapi/routes/compat/wakatime/v1/stats.go:120.2,120.34 1 0
github.com/muety/wakapi/routes/compat/wakatime/v1/stats.go:124.2,124.49 1 0
github.com/muety/wakapi/routes/compat/wakatime/v1/stats.go:68.53,70.3 1 0
github.com/muety/wakapi/routes/compat/wakatime/v1/stats.go:73.16,77.3 3 0
github.com/muety/wakapi/routes/compat/wakatime/v1/stats.go:79.22,81.3 1 0
github.com/muety/wakapi/routes/compat/wakatime/v1/stats.go:84.16,88.3 3 0
github.com/muety/wakapi/routes/compat/wakatime/v1/stats.go:92.69,96.3 3 0
github.com/muety/wakapi/routes/compat/wakatime/v1/stats.go:99.16,103.3 3 0
github.com/muety/wakapi/routes/compat/wakatime/v1/stats.go:108.33,110.3 1 0
github.com/muety/wakapi/routes/compat/wakatime/v1/stats.go:111.35,113.3 1 0
github.com/muety/wakapi/routes/compat/wakatime/v1/stats.go:114.34,116.3 1 0
github.com/muety/wakapi/routes/compat/wakatime/v1/stats.go:117.29,119.3 1 0
github.com/muety/wakapi/routes/compat/wakatime/v1/stats.go:120.34,122.3 1 0
github.com/muety/wakapi/routes/compat/wakatime/v1/stats.go:127.136,136.16 3 0
github.com/muety/wakapi/routes/compat/wakatime/v1/stats.go:140.2,140.36 1 0
github.com/muety/wakapi/routes/compat/wakatime/v1/stats.go:136.16,138.3 1 0
github.com/muety/wakapi/routes/compat/wakatime/v1/statusbar.go:29.120,35.2 1 0
github.com/muety/wakapi/routes/compat/wakatime/v1/statusbar.go:37.62,38.34 1 0
github.com/muety/wakapi/routes/compat/wakatime/v1/statusbar.go:38.34,43.3 4 0
github.com/muety/wakapi/routes/compat/wakatime/v1/statusbar.go:55.72,57.16 2 0
github.com/muety/wakapi/routes/compat/wakatime/v1/statusbar.go:61.2,62.22 2 0
github.com/muety/wakapi/routes/compat/wakatime/v1/statusbar.go:66.2,67.16 2 0
github.com/muety/wakapi/routes/compat/wakatime/v1/statusbar.go:73.2,74.16 2 0
github.com/muety/wakapi/routes/compat/wakatime/v1/statusbar.go:79.2,83.4 2 0
github.com/muety/wakapi/routes/compat/wakatime/v1/statusbar.go:57.16,59.3 1 0
github.com/muety/wakapi/routes/compat/wakatime/v1/statusbar.go:62.22,64.3 1 0
github.com/muety/wakapi/routes/compat/wakatime/v1/statusbar.go:67.16,71.3 3 0
github.com/muety/wakapi/routes/compat/wakatime/v1/statusbar.go:74.16,78.3 3 0
github.com/muety/wakapi/routes/compat/wakatime/v1/statusbar.go:86.115,95.29 3 0
github.com/muety/wakapi/routes/compat/wakatime/v1/statusbar.go:99.2,100.16 2 0
github.com/muety/wakapi/routes/compat/wakatime/v1/statusbar.go:104.2,104.36 1 0
github.com/muety/wakapi/routes/compat/wakatime/v1/statusbar.go:95.29,97.3 1 0
github.com/muety/wakapi/routes/compat/wakatime/v1/statusbar.go:100.16,102.3 1 0
github.com/muety/wakapi/routes/compat/wakatime/v1/summaries.go:27.120,33.2 1 0
github.com/muety/wakapi/routes/compat/wakatime/v1/summaries.go:35.62,36.34 1 0
github.com/muety/wakapi/routes/compat/wakatime/v1/summaries.go:36.34,39.3 2 0
github.com/muety/wakapi/routes/compat/wakatime/v1/summaries.go:65.72,67.16 2 0
github.com/muety/wakapi/routes/compat/wakatime/v1/summaries.go:71.2,72.16 2 0
github.com/muety/wakapi/routes/compat/wakatime/v1/summaries.go:78.2,79.46 2 0
github.com/muety/wakapi/routes/compat/wakatime/v1/summaries.go:67.16,69.3 1 0
github.com/muety/wakapi/routes/compat/wakatime/v1/summaries.go:72.16,76.3 3 0
github.com/muety/wakapi/routes/compat/wakatime/v1/summaries.go:82.114,87.19 4 0
github.com/muety/wakapi/routes/compat/wakatime/v1/summaries.go:93.2,94.22 2 0
github.com/muety/wakapi/routes/compat/wakatime/v1/summaries.go:123.2,137.37 6 0
github.com/muety/wakapi/routes/compat/wakatime/v1/summaries.go:148.2,148.38 1 0
github.com/muety/wakapi/routes/compat/wakatime/v1/summaries.go:87.19,88.56 1 0
github.com/muety/wakapi/routes/compat/wakatime/v1/summaries.go:88.56,90.4 1 0
github.com/muety/wakapi/routes/compat/wakatime/v1/summaries.go:94.22,96.98 1 0
github.com/muety/wakapi/routes/compat/wakatime/v1/summaries.go:96.98,98.4 1 0
github.com/muety/wakapi/routes/compat/wakatime/v1/summaries.go:98.9,100.4 1 0
github.com/muety/wakapi/routes/compat/wakatime/v1/summaries.go:101.8,101.130 1 0
github.com/muety/wakapi/routes/compat/wakatime/v1/summaries.go:101.130,104.3 1 0
github.com/muety/wakapi/routes/compat/wakatime/v1/summaries.go:104.8,109.17 3 0
github.com/muety/wakapi/routes/compat/wakatime/v1/summaries.go:113.3,114.17 2 0
github.com/muety/wakapi/routes/compat/wakatime/v1/summaries.go:109.17,111.4 1 0
github.com/muety/wakapi/routes/compat/wakatime/v1/summaries.go:114.17,116.4 1 0
github.com/muety/wakapi/routes/compat/wakatime/v1/summaries.go:137.37,139.17 2 0
github.com/muety/wakapi/routes/compat/wakatime/v1/summaries.go:143.3,145.25 3 0
github.com/muety/wakapi/routes/compat/wakatime/v1/summaries.go:139.17,141.4 1 0
github.com/muety/wakapi/routes/api/avatar.go:18.40,20.16 2 0
github.com/muety/wakapi/routes/api/avatar.go:24.2,27.3 1 0
github.com/muety/wakapi/routes/api/avatar.go:20.16,21.13 1 0
github.com/muety/wakapi/routes/api/avatar.go:30.59,32.2 1 0
github.com/muety/wakapi/routes/api/avatar.go:34.69,37.37 2 0
github.com/muety/wakapi/routes/api/avatar.go:41.2,41.29 1 0
github.com/muety/wakapi/routes/api/avatar.go:44.2,49.32 5 0
github.com/muety/wakapi/routes/api/avatar.go:37.37,39.3 1 0
github.com/muety/wakapi/routes/api/avatar.go:41.29,43.3 1 0
github.com/muety/wakapi/routes/api/badge.go:27.112,34.2 1 1
github.com/muety/wakapi/routes/api/badge.go:36.58,38.2 1 1
github.com/muety/wakapi/routes/api/badge.go:40.68,42.16 2 1
github.com/muety/wakapi/routes/api/badge.go:47.2,48.16 2 1
github.com/muety/wakapi/routes/api/badge.go:54.2,56.62 3 1
github.com/muety/wakapi/routes/api/badge.go:61.2,69.16 3 1
github.com/muety/wakapi/routes/api/badge.go:75.2,76.66 2 1
github.com/muety/wakapi/routes/api/badge.go:79.2,79.66 1 1
github.com/muety/wakapi/routes/api/badge.go:83.2,83.101 1 1
github.com/muety/wakapi/routes/api/badge.go:87.2,89.25 3 1
github.com/muety/wakapi/routes/api/badge.go:42.16,45.3 2 0
github.com/muety/wakapi/routes/api/badge.go:48.16,52.3 3 1
github.com/muety/wakapi/routes/api/badge.go:56.62,59.3 2 0
github.com/muety/wakapi/routes/api/badge.go:69.16,73.3 3 0
github.com/muety/wakapi/routes/api/badge.go:76.66,78.3 1 0
github.com/muety/wakapi/routes/api/badge.go:79.66,81.3 1 0
github.com/muety/wakapi/routes/api/badge.go:83.101,85.3 1 1
github.com/muety/wakapi/routes/api/badge.go:92.53,97.2 4 1
github.com/muety/wakapi/routes/api/diagnostics.go:20.138,26.2 1 0
github.com/muety/wakapi/routes/api/diagnostics.go:28.67,30.2 1 0
github.com/muety/wakapi/routes/api/diagnostics.go:39.78,42.69 2 0
github.com/muety/wakapi/routes/api/diagnostics.go:49.2,49.66 1 0
github.com/muety/wakapi/routes/api/diagnostics.go:56.2,56.59 1 0
github.com/muety/wakapi/routes/api/diagnostics.go:42.69,47.3 4 0
github.com/muety/wakapi/routes/api/diagnostics.go:49.66,54.3 4 0
github.com/muety/wakapi/routes/api/health.go:15.57,17.2 1 0
github.com/muety/wakapi/routes/api/health.go:19.62,21.2 1 0
github.com/muety/wakapi/routes/api/health.go:29.72,31.41 2 0
github.com/muety/wakapi/routes/api/health.go:37.2,38.56 2 0
github.com/muety/wakapi/routes/api/health.go:31.41,32.38 1 0
github.com/muety/wakapi/routes/api/health.go:32.38,34.4 1 0
github.com/muety/wakapi/routes/api/heartbeat.go:26.187,33.2 1 0
github.com/muety/wakapi/routes/api/heartbeat.go:39.65,40.34 1 0
github.com/muety/wakapi/routes/api/heartbeat.go:40.34,54.3 9 0
github.com/muety/wakapi/routes/api/heartbeat.go:65.76,67.16 2 0
github.com/muety/wakapi/routes/api/heartbeat.go:71.2,73.16 3 0
github.com/muety/wakapi/routes/api/heartbeat.go:80.2,84.32 4 0
github.com/muety/wakapi/routes/api/heartbeat.go:118.2,118.64 1 0
github.com/muety/wakapi/routes/api/heartbeat.go:125.2,125.19 1 0
github.com/muety/wakapi/routes/api/heartbeat.go:135.2,135.15 1 0
github.com/muety/wakapi/routes/api/heartbeat.go:137.2,137.90 1 0
github.com/muety/wakapi/routes/api/heartbeat.go:67.16,69.3 1 0
github.com/muety/wakapi/routes/api/heartbeat.go:73.16,78.3 4 0
github.com/muety/wakapi/routes/api/heartbeat.go:84.32,85.16 1 0
github.com/muety/wakapi/routes/api/heartbeat.go:92.3,92.25 1 0
github.com/muety/wakapi/routes/api/heartbeat.go:98.3,98.23 1 0
github.com/muety/wakapi/routes/api/heartbeat.go:102.3,109.65 7 0
github.com/muety/wakapi/routes/api/heartbeat.go:115.3,115.14 1 0
github.com/muety/wakapi/routes/api/heartbeat.go:85.16,89.4 3 0
github.com/muety/wakapi/routes/api/heartbeat.go:92.25,97.4 4 0
github.com/muety/wakapi/routes/api/heartbeat.go:98.23,100.4 1 0
github.com/muety/wakapi/routes/api/heartbeat.go:109.65,113.4 3 0
github.com/muety/wakapi/routes/api/heartbeat.go:118.64,123.3 4 0
github.com/muety/wakapi/routes/api/heartbeat.go:125.19,127.52 2 0
github.com/muety/wakapi/routes/api/heartbeat.go:127.52,132.4 4 0
github.com/muety/wakapi/routes/api/heartbeat.go:135.16,135.17 0 0
github.com/muety/wakapi/routes/api/heartbeat.go:146.59,149.25 2 0
github.com/muety/wakapi/routes/api/heartbeat.go:156.2,158.3 1 0
github.com/muety/wakapi/routes/api/heartbeat.go:149.25,154.3 4 0
github.com/muety/wakapi/routes/api/heartbeat.go:172.45,172.46 0 0
github.com/muety/wakapi/routes/api/heartbeat.go:183.45,183.46 0 0
github.com/muety/wakapi/routes/api/heartbeat.go:194.45,194.46 0 0
github.com/muety/wakapi/routes/api/heartbeat.go:204.45,204.46 0 0
github.com/muety/wakapi/routes/api/heartbeat.go:215.45,215.46 0 0
github.com/muety/wakapi/routes/api/heartbeat.go:226.45,226.46 0 0
github.com/muety/wakapi/routes/api/heartbeat.go:237.45,237.46 0 0
github.com/muety/wakapi/routes/api/metrics.go:58.249,67.2 1 0
github.com/muety/wakapi/routes/api/metrics.go:69.60,70.38 1 0
github.com/muety/wakapi/routes/api/metrics.go:74.2,80.29 5 0
github.com/muety/wakapi/routes/api/metrics.go:70.38,72.3 1 0
github.com/muety/wakapi/routes/api/metrics.go:83.70,85.20 2 0
github.com/muety/wakapi/routes/api/metrics.go:91.2,93.63 2 0
github.com/muety/wakapi/routes/api/metrics.go:104.2,104.21 1 0
github.com/muety/wakapi/routes/api/metrics.go:117.2,120.34 3 0
github.com/muety/wakapi/routes/api/metrics.go:85.20,89.3 3 0
github.com/muety/wakapi/routes/api/metrics.go:93.63,98.3 4 0
github.com/muety/wakapi/routes/api/metrics.go:98.8,99.34 1 0
github.com/muety/wakapi/routes/api/metrics.go:99.34,101.4 1 0
github.com/muety/wakapi/routes/api/metrics.go:104.21,105.66 1 0
github.com/muety/wakapi/routes/api/metrics.go:105.66,110.4 4 0
github.com/muety/wakapi/routes/api/metrics.go:110.9,111.36 1 0
github.com/muety/wakapi/routes/api/metrics.go:111.36,113.5 1 0
github.com/muety/wakapi/routes/api/metrics.go:123.81,127.16 3 0
github.com/muety/wakapi/routes/api/metrics.go:132.2,135.16 3 0
github.com/muety/wakapi/routes/api/metrics.go:140.2,141.16 2 0
github.com/muety/wakapi/routes/api/metrics.go:148.2,169.42 4 0
github.com/muety/wakapi/routes/api/metrics.go:178.2,178.43 1 0
github.com/muety/wakapi/routes/api/metrics.go:187.2,187.41 1 0
github.com/muety/wakapi/routes/api/metrics.go:196.2,196.50 1 0
github.com/muety/wakapi/routes/api/metrics.go:205.2,205.42 1 0
github.com/muety/wakapi/routes/api/metrics.go:214.2,214.40 1 0
github.com/muety/wakapi/routes/api/metrics.go:224.2,250.16 7 0
github.com/muety/wakapi/routes/api/metrics.go:254.2,262.44 2 0
github.com/muety/wakapi/routes/api/metrics.go:278.2,278.22 1 0
github.com/muety/wakapi/routes/api/metrics.go:127.16,130.3 2 0
github.com/muety/wakapi/routes/api/metrics.go:135.16,138.3 2 0
github.com/muety/wakapi/routes/api/metrics.go:141.16,144.3 2 0
github.com/muety/wakapi/routes/api/metrics.go:169.42,176.3 1 0
github.com/muety/wakapi/routes/api/metrics.go:178.43,185.3 1 0
github.com/muety/wakapi/routes/api/metrics.go:187.41,194.3 1 0
github.com/muety/wakapi/routes/api/metrics.go:196.50,203.3 1 0
github.com/muety/wakapi/routes/api/metrics.go:205.42,212.3 1 0
github.com/muety/wakapi/routes/api/metrics.go:214.40,221.3 1 0
github.com/muety/wakapi/routes/api/metrics.go:250.16,252.3 1 0
github.com/muety/wakapi/routes/api/metrics.go:262.44,276.3 2 0
github.com/muety/wakapi/routes/api/metrics.go:281.82,284.19 2 0
github.com/muety/wakapi/routes/api/metrics.go:288.2,289.106 2 0
github.com/muety/wakapi/routes/api/metrics.go:295.2,299.16 4 0
github.com/muety/wakapi/routes/api/metrics.go:304.2,335.16 6 0
github.com/muety/wakapi/routes/api/metrics.go:340.2,340.32 1 0
github.com/muety/wakapi/routes/api/metrics.go:349.2,349.22 1 0
github.com/muety/wakapi/routes/api/metrics.go:284.19,286.3 1 0
github.com/muety/wakapi/routes/api/metrics.go:289.106,290.56 1 0
github.com/muety/wakapi/routes/api/metrics.go:290.56,292.4 1 0
github.com/muety/wakapi/routes/api/metrics.go:299.16,302.3 2 0
github.com/muety/wakapi/routes/api/metrics.go:335.16,338.3 2 0
github.com/muety/wakapi/routes/api/metrics.go:340.32,347.3 1 0
github.com/muety/wakapi/routes/api/summary.go:20.122,26.2 1 0
github.com/muety/wakapi/routes/api/summary.go:28.63,34.2 4 0
github.com/muety/wakapi/routes/api/summary.go:53.73,55.16 2 0
github.com/muety/wakapi/routes/api/summary.go:61.2,61.51 1 0
github.com/muety/wakapi/routes/api/summary.go:55.16,59.3 3 0
github.com/muety/wakapi/models/mail_address.go:18.13,21.2 2 1
github.com/muety/wakapi/models/mail_address.go:27.38,29.2 1 0
github.com/muety/wakapi/models/mail_address.go:31.35,33.21 2 1
github.com/muety/wakapi/models/mail_address.go:39.2,39.11 1 1
github.com/muety/wakapi/models/mail_address.go:33.21,34.21 1 1
github.com/muety/wakapi/models/mail_address.go:37.3,37.18 1 1
github.com/muety/wakapi/models/mail_address.go:34.21,36.4 1 1
github.com/muety/wakapi/models/mail_address.go:42.38,44.21 2 0
github.com/muety/wakapi/models/mail_address.go:47.2,47.17 1 0
github.com/muety/wakapi/models/mail_address.go:44.21,46.3 1 0
github.com/muety/wakapi/models/mail_address.go:50.35,52.2 1 1
github.com/muety/wakapi/models/mail_address.go:54.43,56.22 2 0
github.com/muety/wakapi/models/mail_address.go:59.2,59.12 1 0
github.com/muety/wakapi/models/mail_address.go:56.22,58.3 1 0
github.com/muety/wakapi/models/mail_address.go:62.46,64.22 2 1
github.com/muety/wakapi/models/mail_address.go:67.2,67.12 1 1
github.com/muety/wakapi/models/mail_address.go:64.22,66.3 1 1
github.com/muety/wakapi/models/mail_address.go:70.40,71.22 1 1
github.com/muety/wakapi/models/mail_address.go:76.2,76.13 1 1
github.com/muety/wakapi/models/mail_address.go:71.22,72.17 1 1
github.com/muety/wakapi/models/mail_address.go:72.17,74.4 1 1
github.com/muety/wakapi/models/durations.go:7.30,9.2 1 0
github.com/muety/wakapi/models/durations.go:11.40,13.2 1 0
github.com/muety/wakapi/models/durations.go:15.35,17.2 1 0
github.com/muety/wakapi/models/durations.go:19.45,21.22 2 0
github.com/muety/wakapi/models/durations.go:24.2,24.14 1 0
github.com/muety/wakapi/models/durations.go:21.22,23.3 1 0
github.com/muety/wakapi/models/durations.go:27.39,30.2 2 0
github.com/muety/wakapi/models/durations.go:32.39,34.18 1 0
github.com/muety/wakapi/models/durations.go:37.2,37.16 1 0
github.com/muety/wakapi/models/durations.go:34.18,36.3 1 0
github.com/muety/wakapi/models/durations.go:40.38,42.18 1 0
github.com/muety/wakapi/models/durations.go:45.2,45.24 1 0
github.com/muety/wakapi/models/durations.go:42.18,44.3 1 0
github.com/muety/wakapi/models/language_mapping.go:11.42,13.2 1 0
github.com/muety/wakapi/models/language_mapping.go:15.51,17.2 1 0
github.com/muety/wakapi/models/language_mapping.go:19.52,21.2 1 0
github.com/muety/wakapi/models/leaderboard.go:28.73,30.2 1 0
github.com/muety/wakapi/models/leaderboard.go:34.56,35.103 1 0
github.com/muety/wakapi/models/leaderboard.go:35.103,37.3 1 0
github.com/muety/wakapi/models/leaderboard.go:37.13,39.3 1 0
github.com/muety/wakapi/models/leaderboard.go:42.63,43.29 1 0
github.com/muety/wakapi/models/leaderboard.go:43.29,45.3 1 0
github.com/muety/wakapi/models/leaderboard.go:48.41,49.123 1 0
github.com/muety/wakapi/models/leaderboard.go:49.123,51.3 1 0
github.com/muety/wakapi/models/leaderboard.go:54.50,56.2 1 0
github.com/muety/wakapi/models/leaderboard.go:58.65,59.95 1 0
github.com/muety/wakapi/models/leaderboard.go:59.95,61.3 1 0
github.com/muety/wakapi/models/leaderboard.go:64.49,72.25 3 0
github.com/muety/wakapi/models/leaderboard.go:83.2,83.129 1 0
github.com/muety/wakapi/models/leaderboard.go:86.2,86.67 1 0
github.com/muety/wakapi/models/leaderboard.go:90.2,90.79 1 0
github.com/muety/wakapi/models/leaderboard.go:72.25,73.58 1 0
github.com/muety/wakapi/models/leaderboard.go:76.3,77.38 2 0
github.com/muety/wakapi/models/leaderboard.go:80.3,80.40 1 0
github.com/muety/wakapi/models/leaderboard.go:73.58,74.12 1 0
github.com/muety/wakapi/models/leaderboard.go:77.38,79.4 1 0
github.com/muety/wakapi/models/leaderboard.go:83.129,85.3 1 0
github.com/muety/wakapi/models/leaderboard.go:86.67,88.3 1 0
github.com/muety/wakapi/models/leaderboard.go:90.79,92.3 1 0
github.com/muety/wakapi/models/leaderboard.go:95.70,96.107 1 0
github.com/muety/wakapi/models/leaderboard.go:96.107,98.3 1 0
github.com/muety/wakapi/models/leaderboard.go:101.45,103.25 2 0
github.com/muety/wakapi/models/leaderboard.go:108.2,108.19 1 0
github.com/muety/wakapi/models/leaderboard.go:103.25,104.43 1 0
github.com/muety/wakapi/models/leaderboard.go:104.43,106.4 1 0
github.com/muety/wakapi/models/mail.go:23.44,27.2 3 0
github.com/muety/wakapi/models/mail.go:29.44,33.2 3 0
github.com/muety/wakapi/models/mail.go:35.34,36.18 1 0
github.com/muety/wakapi/models/mail.go:39.2,39.21 1 0
github.com/muety/wakapi/models/mail.go:42.2,42.23 1 0
github.com/muety/wakapi/models/mail.go:45.2,45.10 1 0
github.com/muety/wakapi/models/mail.go:36.18,38.3 1 0
github.com/muety/wakapi/models/mail.go:39.21,41.3 1 0
github.com/muety/wakapi/models/mail.go:42.23,44.3 1 0
github.com/muety/wakapi/models/mail.go:48.32,67.2 1 0
github.com/muety/wakapi/models/mail.go:69.41,71.2 1 0
github.com/muety/wakapi/models/shared.go:38.52,40.2 1 0
github.com/muety/wakapi/models/shared.go:42.52,45.16 3 0
github.com/muety/wakapi/models/shared.go:48.2,50.12 3 0
github.com/muety/wakapi/models/shared.go:45.16,47.3 1 0
github.com/muety/wakapi/models/shared.go:53.52,59.22 2 0
github.com/muety/wakapi/models/shared.go:74.2,77.12 3 0
github.com/muety/wakapi/models/shared.go:60.14,64.17 2 0
github.com/muety/wakapi/models/shared.go:67.17,69.8 2 0
github.com/muety/wakapi/models/shared.go:70.10,71.64 1 0
github.com/muety/wakapi/models/shared.go:64.17,66.4 1 0
github.com/muety/wakapi/models/shared.go:80.51,83.2 2 0
github.com/muety/wakapi/models/shared.go:85.45,87.2 1 1
github.com/muety/wakapi/models/shared.go:89.37,91.2 1 0
github.com/muety/wakapi/models/shared.go:93.35,95.2 1 1
github.com/muety/wakapi/models/shared.go:97.34,99.2 1 0
github.com/muety/wakapi/models/summary.go:66.29,68.2 1 1
github.com/muety/wakapi/models/summary.go:70.35,72.2 1 0
github.com/muety/wakapi/models/summary.go:74.38,76.2 1 0
github.com/muety/wakapi/models/summary.go:78.37,88.2 9 1
github.com/muety/wakapi/models/summary.go:90.35,92.2 1 1
github.com/muety/wakapi/models/summary.go:94.57,105.2 1 1
github.com/muety/wakapi/models/summary.go:107.64,108.21 1 1
github.com/muety/wakapi/models/summary.go:126.2,126.12 1 0
github.com/muety/wakapi/models/summary.go:109.22,110.21 1 1
github.com/muety/wakapi/models/summary.go:111.23,112.22 1 1
github.com/muety/wakapi/models/summary.go:113.21,114.20 1 1
github.com/muety/wakapi/models/summary.go:115.17,116.29 1 1
github.com/muety/wakapi/models/summary.go:117.22,118.21 1 1
github.com/muety/wakapi/models/summary.go:119.20,120.19 1 1
github.com/muety/wakapi/models/summary.go:121.21,122.21 1 1
github.com/muety/wakapi/models/summary.go:123.21,124.21 1 1
github.com/muety/wakapi/models/summary.go:129.59,130.21 1 1
github.com/muety/wakapi/models/summary.go:134.2,134.35 1 1
github.com/muety/wakapi/models/summary.go:140.2,140.10 1 1
github.com/muety/wakapi/models/summary.go:130.21,132.3 1 1
github.com/muety/wakapi/models/summary.go:134.35,135.41 1 1
github.com/muety/wakapi/models/summary.go:135.41,137.4 1 1
github.com/muety/wakapi/models/summary.go:156.33,161.26 4 1
github.com/muety/wakapi/models/summary.go:168.2,168.37 1 1
github.com/muety/wakapi/models/summary.go:173.2,174.16 2 1
github.com/muety/wakapi/models/summary.go:177.2,177.33 1 1
github.com/muety/wakapi/models/summary.go:161.26,162.30 1 1
github.com/muety/wakapi/models/summary.go:162.30,164.4 1 1
github.com/muety/wakapi/models/summary.go:168.37,170.3 1 0
github.com/muety/wakapi/models/summary.go:174.16,176.3 1 0
github.com/muety/wakapi/models/summary.go:177.33,179.3 1 1
github.com/muety/wakapi/models/summary.go:183.56,189.28 5 1
github.com/muety/wakapi/models/summary.go:193.2,194.42 2 1
github.com/muety/wakapi/models/summary.go:201.2,202.15 2 1
github.com/muety/wakapi/models/summary.go:189.28,191.3 1 1
github.com/muety/wakapi/models/summary.go:194.42,195.22 1 0
github.com/muety/wakapi/models/summary.go:195.22,197.9 2 0
github.com/muety/wakapi/models/summary.go:202.15,203.28 1 1
github.com/muety/wakapi/models/summary.go:203.28,205.4 1 0
github.com/muety/wakapi/models/summary.go:205.9,211.4 1 1
github.com/muety/wakapi/models/summary.go:215.45,220.16 4 1
github.com/muety/wakapi/models/summary.go:223.2,223.39 1 1
github.com/muety/wakapi/models/summary.go:227.2,227.30 1 1
github.com/muety/wakapi/models/summary.go:220.16,222.3 1 0
github.com/muety/wakapi/models/summary.go:223.39,225.3 1 1
github.com/muety/wakapi/models/summary.go:230.73,232.55 2 1
github.com/muety/wakapi/models/summary.go:237.2,237.16 1 1
github.com/muety/wakapi/models/summary.go:232.55,233.31 1 1
github.com/muety/wakapi/models/summary.go:233.31,235.4 1 1
github.com/muety/wakapi/models/summary.go:240.88,242.55 2 1
github.com/muety/wakapi/models/summary.go:250.2,250.16 1 1
github.com/muety/wakapi/models/summary.go:242.55,243.31 1 1
github.com/muety/wakapi/models/summary.go:243.31,244.23 1 1
github.com/muety/wakapi/models/summary.go:247.4,247.46 1 1
github.com/muety/wakapi/models/summary.go:244.23,245.13 1 1
github.com/muety/wakapi/models/summary.go:253.73,255.34 2 1
github.com/muety/wakapi/models/summary.go:258.2,258.14 1 1
github.com/muety/wakapi/models/summary.go:255.34,257.3 1 1
github.com/muety/wakapi/models/summary.go:261.56,264.55 3 0
github.com/muety/wakapi/models/summary.go:271.2,271.12 1 0
github.com/muety/wakapi/models/summary.go:264.55,265.31 1 0
github.com/muety/wakapi/models/summary.go:265.31,266.44 1 0
github.com/muety/wakapi/models/summary.go:266.44,268.5 1 0
github.com/muety/wakapi/models/summary.go:274.58,276.16 2 0
github.com/muety/wakapi/models/summary.go:279.2,279.16 1 0
github.com/muety/wakapi/models/summary.go:276.16,278.3 1 0
github.com/muety/wakapi/models/summary.go:282.71,283.63 1 1
github.com/muety/wakapi/models/summary.go:327.2,336.10 8 1
github.com/muety/wakapi/models/summary.go:283.63,284.20 1 1
github.com/muety/wakapi/models/summary.go:288.3,290.45 2 1
github.com/muety/wakapi/models/summary.go:299.3,299.31 1 1
github.com/muety/wakapi/models/summary.go:306.3,306.31 1 1
github.com/muety/wakapi/models/summary.go:323.3,323.16 1 1
github.com/muety/wakapi/models/summary.go:284.20,286.4 1 1
github.com/muety/wakapi/models/summary.go:290.45,291.32 1 1
github.com/muety/wakapi/models/summary.go:296.4,296.14 1 1
github.com/muety/wakapi/models/summary.go:291.32,292.24 1 1
github.com/muety/wakapi/models/summary.go:292.24,294.6 1 1
github.com/muety/wakapi/models/summary.go:299.31,301.60 1 1
github.com/muety/wakapi/models/summary.go:301.60,303.5 1 1
github.com/muety/wakapi/models/summary.go:306.31,308.60 1 1
github.com/muety/wakapi/models/summary.go:308.60,309.55 1 1
github.com/muety/wakapi/models/summary.go:309.55,311.6 1 1
github.com/muety/wakapi/models/summary.go:311.11,319.6 1 1
github.com/muety/wakapi/models/summary.go:339.57,340.30 1 1
github.com/muety/wakapi/models/summary.go:345.2,345.43 1 0
github.com/muety/wakapi/models/summary.go:340.30,341.28 1 1
github.com/muety/wakapi/models/summary.go:341.28,343.4 1 1
github.com/muety/wakapi/models/summary.go:348.43,350.2 1 0
github.com/muety/wakapi/models/summary.go:352.49,353.21 1 0
github.com/muety/wakapi/models/summary.go:356.2,357.54 2 0
github.com/muety/wakapi/models/summary.go:353.21,355.3 1 0
github.com/muety/wakapi/models/summary.go:360.51,361.27 1 0
github.com/muety/wakapi/models/summary.go:364.2,365.19 2 0
github.com/muety/wakapi/models/summary.go:361.27,363.3 1 0
github.com/muety/wakapi/models/summary.go:368.50,372.2 1 1
github.com/muety/wakapi/models/summary.go:374.33,376.2 1 1
github.com/muety/wakapi/models/summary.go:378.43,380.2 1 1
github.com/muety/wakapi/models/summary.go:382.38,384.2 1 1
github.com/muety/wakapi/models/heartbeat.go:33.34,35.2 1 1
github.com/muety/wakapi/models/heartbeat.go:37.55,40.2 2 0
github.com/muety/wakapi/models/heartbeat.go:42.65,44.46 2 1
github.com/muety/wakapi/models/heartbeat.go:44.46,45.108 1 1
github.com/muety/wakapi/models/heartbeat.go:45.108,48.4 2 1
github.com/muety/wakapi/models/heartbeat.go:52.50,53.11 1 1
github.com/muety/wakapi/models/heartbeat.go:70.2,70.15 1 1
github.com/muety/wakapi/models/heartbeat.go:74.2,74.12 1 1
github.com/muety/wakapi/models/heartbeat.go:54.22,55.18 1 1
github.com/muety/wakapi/models/heartbeat.go:56.21,57.17 1 1
github.com/muety/wakapi/models/heartbeat.go:58.23,59.19 1 1
github.com/muety/wakapi/models/heartbeat.go:60.17,61.26 1 1
github.com/muety/wakapi/models/heartbeat.go:62.22,63.18 1 1
github.com/muety/wakapi/models/heartbeat.go:64.21,65.17 1 0
github.com/muety/wakapi/models/heartbeat.go:66.21,67.17 1 0
github.com/muety/wakapi/models/heartbeat.go:70.15,72.3 1 1
github.com/muety/wakapi/models/heartbeat.go:77.37,93.2 1 0
github.com/muety/wakapi/models/heartbeat.go:101.41,103.16 2 1
github.com/muety/wakapi/models/heartbeat.go:106.2,107.10 2 1
github.com/muety/wakapi/models/heartbeat.go:103.16,105.3 1 0
github.com/muety/wakapi/models/heartbeat.go:110.38,120.2 1 0
github.com/muety/wakapi/models/heartbeats.go:7.31,9.2 1 0
github.com/muety/wakapi/models/heartbeats.go:11.41,13.2 1 0
github.com/muety/wakapi/models/heartbeats.go:15.36,17.2 1 0
github.com/muety/wakapi/models/heartbeats.go:19.43,22.2 2 0
github.com/muety/wakapi/models/heartbeats.go:24.41,26.18 1 0
github.com/muety/wakapi/models/heartbeats.go:29.2,29.16 1 0
github.com/muety/wakapi/models/heartbeats.go:26.18,28.3 1 0
github.com/muety/wakapi/models/heartbeats.go:32.40,34.18 1 0
github.com/muety/wakapi/models/heartbeats.go:37.2,37.24 1 0
github.com/muety/wakapi/models/heartbeats.go:34.18,36.3 1 0
github.com/muety/wakapi/models/interval.go:41.47,42.23 1 0
github.com/muety/wakapi/models/interval.go:47.2,47.14 1 0
github.com/muety/wakapi/models/interval.go:42.23,43.13 1 0
github.com/muety/wakapi/models/interval.go:43.13,45.4 1 0
github.com/muety/wakapi/models/models.go:3.14,5.2 0 1
github.com/muety/wakapi/models/project_label.go:14.39,16.2 1 0
github.com/muety/wakapi/models/user.go:13.13,15.2 1 1
github.com/muety/wakapi/models/user.go:90.34,92.2 1 0
github.com/muety/wakapi/models/user.go:94.36,95.22 1 1
github.com/muety/wakapi/models/user.go:98.2,99.16 2 1
github.com/muety/wakapi/models/user.go:102.2,102.11 1 1
github.com/muety/wakapi/models/user.go:95.22,97.3 1 1
github.com/muety/wakapi/models/user.go:99.16,101.3 1 0
github.com/muety/wakapi/models/user.go:107.41,110.2 2 1
github.com/muety/wakapi/models/user.go:112.53,115.54 3 0
github.com/muety/wakapi/models/user.go:118.2,118.51 1 0
github.com/muety/wakapi/models/user.go:121.2,121.20 1 0
github.com/muety/wakapi/models/user.go:115.54,117.3 1 0
github.com/muety/wakapi/models/user.go:118.51,120.3 1 0
github.com/muety/wakapi/models/user.go:125.52,126.28 1 0
github.com/muety/wakapi/models/user.go:129.2,129.17 1 0
github.com/muety/wakapi/models/user.go:126.28,128.3 1 0
github.com/muety/wakapi/models/user.go:133.45,135.2 1 1
github.com/muety/wakapi/models/user.go:137.51,139.2 1 1
github.com/muety/wakapi/models/user.go:145.65,147.32 2 0
github.com/muety/wakapi/models/user.go:150.2,150.30 1 0
github.com/muety/wakapi/models/user.go:153.2,154.24 2 0
github.com/muety/wakapi/models/user.go:147.32,149.3 1 0
github.com/muety/wakapi/models/user.go:150.30,152.3 1 0
github.com/muety/wakapi/models/user.go:157.39,159.55 2 1
github.com/muety/wakapi/models/user.go:163.2,163.51 1 1
github.com/muety/wakapi/models/user.go:159.55,161.3 1 1
github.com/muety/wakapi/models/user.go:166.43,169.2 1 0
github.com/muety/wakapi/models/user.go:171.45,174.2 1 0
github.com/muety/wakapi/models/user.go:176.33,181.2 1 0
github.com/muety/wakapi/models/user.go:183.41,185.2 1 0
github.com/muety/wakapi/models/user.go:187.45,189.2 1 0
github.com/muety/wakapi/models/user.go:191.45,193.2 1 0
github.com/muety/wakapi/models/user.go:196.39,198.2 1 0
github.com/muety/wakapi/models/user.go:200.39,203.2 2 0
github.com/muety/wakapi/models/alias.go:18.32,20.2 1 0
github.com/muety/wakapi/models/alias.go:22.37,23.35 1 0
github.com/muety/wakapi/models/alias.go:28.2,28.14 1 0
github.com/muety/wakapi/models/alias.go:23.35,24.18 1 0
github.com/muety/wakapi/models/alias.go:24.18,26.4 1 0
github.com/muety/wakapi/models/duration.go:27.75,28.23 1 0
github.com/muety/wakapi/models/duration.go:31.2,35.35 1 0
github.com/muety/wakapi/models/duration.go:38.2,38.18 1 0
github.com/muety/wakapi/models/duration.go:28.23,30.3 1 0
github.com/muety/wakapi/models/duration.go:35.35,37.3 1 0
github.com/muety/wakapi/models/duration.go:41.55,56.2 2 0
github.com/muety/wakapi/models/duration.go:58.50,61.2 2 0
github.com/muety/wakapi/models/duration.go:63.39,65.16 2 0
github.com/muety/wakapi/models/duration.go:68.2,69.10 2 0
github.com/muety/wakapi/models/duration.go:65.16,67.3 1 0
github.com/muety/wakapi/models/duration.go:72.49,73.11 1 0
github.com/muety/wakapi/models/duration.go:90.2,90.15 1 0
github.com/muety/wakapi/models/duration.go:94.2,94.12 1 0
github.com/muety/wakapi/models/duration.go:74.22,75.18 1 0
github.com/muety/wakapi/models/duration.go:76.21,77.17 1 0
github.com/muety/wakapi/models/duration.go:78.23,79.19 1 0
github.com/muety/wakapi/models/duration.go:80.17,81.26 1 0
github.com/muety/wakapi/models/duration.go:82.22,83.18 1 0
github.com/muety/wakapi/models/duration.go:84.21,85.17 1 0
github.com/muety/wakapi/models/duration.go:86.21,87.17 1 0
github.com/muety/wakapi/models/duration.go:90.15,92.3 1 0
github.com/muety/wakapi/models/filters.go:22.33,24.2 1 1
github.com/muety/wakapi/models/filters.go:26.48,27.22 1 1
github.com/muety/wakapi/models/filters.go:32.2,32.14 1 1
github.com/muety/wakapi/models/filters.go:27.22,28.48 1 1
github.com/muety/wakapi/models/filters.go:28.48,30.4 1 1
github.com/muety/wakapi/models/filters.go:40.56,42.2 1 1
github.com/muety/wakapi/models/filters.go:44.66,47.2 2 1
github.com/muety/wakapi/models/filters.go:49.59,51.2 1 1
github.com/muety/wakapi/models/filters.go:53.70,54.16 1 1
github.com/muety/wakapi/models/filters.go:72.2,72.10 1 1
github.com/muety/wakapi/models/filters.go:55.22,56.41 1 1
github.com/muety/wakapi/models/filters.go:57.17,58.31 1 0
github.com/muety/wakapi/models/filters.go:59.23,60.43 1 1
github.com/muety/wakapi/models/filters.go:61.21,62.39 1 0
github.com/muety/wakapi/models/filters.go:63.22,64.41 1 0
github.com/muety/wakapi/models/filters.go:65.20,66.37 1 1
github.com/muety/wakapi/models/filters.go:67.21,68.39 1 0
github.com/muety/wakapi/models/filters.go:69.21,70.39 1 0
github.com/muety/wakapi/models/filters.go:75.49,76.44 1 1
github.com/muety/wakapi/models/filters.go:93.2,93.29 1 1
github.com/muety/wakapi/models/filters.go:76.44,78.3 1 1
github.com/muety/wakapi/models/filters.go:78.8,78.41 1 1
github.com/muety/wakapi/models/filters.go:78.41,80.3 1 0
github.com/muety/wakapi/models/filters.go:80.8,80.53 1 1
github.com/muety/wakapi/models/filters.go:80.53,82.3 1 1
github.com/muety/wakapi/models/filters.go:82.8,82.49 1 1
github.com/muety/wakapi/models/filters.go:82.49,84.3 1 0
github.com/muety/wakapi/models/filters.go:84.8,84.51 1 1
github.com/muety/wakapi/models/filters.go:84.51,86.3 1 0
github.com/muety/wakapi/models/filters.go:86.8,86.47 1 1
github.com/muety/wakapi/models/filters.go:86.47,88.3 1 0
github.com/muety/wakapi/models/filters.go:88.8,88.49 1 1
github.com/muety/wakapi/models/filters.go:88.49,90.3 1 0
github.com/muety/wakapi/models/filters.go:90.8,90.49 1 1
github.com/muety/wakapi/models/filters.go:90.49,92.3 1 0
github.com/muety/wakapi/models/filters.go:96.46,97.30 1 1
github.com/muety/wakapi/models/filters.go:100.2,100.66 1 0
github.com/muety/wakapi/models/filters.go:97.30,99.3 1 1
github.com/muety/wakapi/models/filters.go:103.34,106.2 2 1
github.com/muety/wakapi/models/filters.go:108.31,110.51 2 0
github.com/muety/wakapi/models/filters.go:113.2,113.14 1 0
github.com/muety/wakapi/models/filters.go:110.51,112.3 1 0
github.com/muety/wakapi/models/filters.go:116.51,118.2 1 0
github.com/muety/wakapi/models/filters.go:120.37,122.51 2 0
github.com/muety/wakapi/models/filters.go:127.2,127.14 1 0
github.com/muety/wakapi/models/filters.go:122.51,123.37 1 0
github.com/muety/wakapi/models/filters.go:123.37,125.4 1 0
github.com/muety/wakapi/models/filters.go:130.59,131.18 1 0
github.com/muety/wakapi/models/filters.go:132.22,133.20 1 0
github.com/muety/wakapi/models/filters.go:134.23,135.21 1 0
github.com/muety/wakapi/models/filters.go:136.21,137.19 1 0
github.com/muety/wakapi/models/filters.go:138.17,139.15 1 0
github.com/muety/wakapi/models/filters.go:140.22,141.20 1 0
github.com/muety/wakapi/models/filters.go:142.20,143.18 1 0
github.com/muety/wakapi/models/filters.go:144.21,145.19 1 0
github.com/muety/wakapi/models/filters.go:146.21,147.19 1 0
github.com/muety/wakapi/models/filters.go:148.10,149.21 1 0
github.com/muety/wakapi/models/filters.go:153.33,155.16 2 0
github.com/muety/wakapi/models/filters.go:158.2,158.32 1 0
github.com/muety/wakapi/models/filters.go:155.16,157.3 1 0
github.com/muety/wakapi/models/filters.go:161.44,167.2 1 1
github.com/muety/wakapi/models/filters.go:170.70,171.22 1 1
github.com/muety/wakapi/models/filters.go:179.2,179.17 1 1
github.com/muety/wakapi/models/filters.go:187.2,187.23 1 1
github.com/muety/wakapi/models/filters.go:195.2,195.21 1 1
github.com/muety/wakapi/models/filters.go:203.2,203.22 1 1
github.com/muety/wakapi/models/filters.go:211.2,211.21 1 1
github.com/muety/wakapi/models/filters.go:220.2,220.10 1 1
github.com/muety/wakapi/models/filters.go:171.22,173.31 2 1
github.com/muety/wakapi/models/filters.go:177.3,177.22 1 1
github.com/muety/wakapi/models/filters.go:173.31,176.4 2 1
github.com/muety/wakapi/models/filters.go:179.17,181.26 2 0
github.com/muety/wakapi/models/filters.go:185.3,185.17 1 0
github.com/muety/wakapi/models/filters.go:181.26,184.4 2 0
github.com/muety/wakapi/models/filters.go:187.23,189.32 2 1
github.com/muety/wakapi/models/filters.go:193.3,193.23 1 1
github.com/muety/wakapi/models/filters.go:189.32,192.4 2 1
github.com/muety/wakapi/models/filters.go:195.21,197.30 2 0
github.com/muety/wakapi/models/filters.go:201.3,201.21 1 0
github.com/muety/wakapi/models/filters.go:197.30,200.4 2 0
github.com/muety/wakapi/models/filters.go:203.22,205.31 2 0
github.com/muety/wakapi/models/filters.go:209.3,209.22 1 0
github.com/muety/wakapi/models/filters.go:205.31,208.4 2 0
github.com/muety/wakapi/models/filters.go:211.21,213.30 2 0
github.com/muety/wakapi/models/filters.go:217.3,217.21 1 0
github.com/muety/wakapi/models/filters.go:213.30,216.4 2 0
github.com/muety/wakapi/models/filters.go:223.83,224.41 1 1
github.com/muety/wakapi/models/filters.go:227.2,227.28 1 1
github.com/muety/wakapi/models/filters.go:230.2,230.10 1 1
github.com/muety/wakapi/models/filters.go:224.41,226.3 1 0
github.com/muety/wakapi/models/filters.go:227.28,229.3 1 1
github.com/muety/wakapi/models/filters.go:233.43,235.2 1 0
github.com/muety/wakapi/services/diagnostics.go:14.101,19.2 1 0
github.com/muety/wakapi/services/diagnostics.go:21.101,24.2 2 0
github.com/muety/wakapi/services/housekeeping.go:20.144,29.2 1 0
github.com/muety/wakapi/services/housekeeping.go:31.42,32.43 1 0
github.com/muety/wakapi/services/housekeeping.go:36.2,38.47 2 0
github.com/muety/wakapi/services/housekeeping.go:62.2,62.16 1 0
github.com/muety/wakapi/services/housekeeping.go:32.43,34.3 1 0
github.com/muety/wakapi/services/housekeeping.go:38.47,41.17 2 0
github.com/muety/wakapi/services/housekeeping.go:47.3,47.27 1 0
github.com/muety/wakapi/services/housekeeping.go:41.17,44.4 2 0
github.com/muety/wakapi/services/housekeeping.go:47.27,49.31 1 0
github.com/muety/wakapi/services/housekeeping.go:53.4,54.35 2 0
github.com/muety/wakapi/services/housekeeping.go:49.31,50.13 1 0
github.com/muety/wakapi/services/housekeeping.go:54.35,55.75 1 0
github.com/muety/wakapi/services/housekeeping.go:55.75,57.6 1 0
github.com/muety/wakapi/services/housekeeping.go:62.16,64.3 1 0
github.com/muety/wakapi/services/housekeeping.go:67.94,69.36 2 0
github.com/muety/wakapi/services/housekeeping.go:75.2,75.73 1 0
github.com/muety/wakapi/services/housekeeping.go:80.2,81.74 2 0
github.com/muety/wakapi/services/housekeeping.go:85.2,85.12 1 0
github.com/muety/wakapi/services/housekeeping.go:69.36,72.3 2 0
github.com/muety/wakapi/services/housekeeping.go:75.73,77.3 1 0
github.com/muety/wakapi/services/housekeeping.go:81.74,83.3 1 0
github.com/muety/wakapi/services/summary.go:28.189,40.33 3 1
github.com/muety/wakapi/services/summary.go:46.2,46.12 1 1
github.com/muety/wakapi/services/summary.go:40.33,41.31 1 1
github.com/muety/wakapi/services/summary.go:41.31,43.4 1 0
github.com/muety/wakapi/services/summary.go:52.167,55.66 2 1
github.com/muety/wakapi/services/summary.go:60.2,65.20 4 1
github.com/muety/wakapi/services/summary.go:71.2,71.65 1 1
github.com/muety/wakapi/services/summary.go:76.2,77.16 2 1
github.com/muety/wakapi/services/summary.go:82.2,87.79 5 1
github.com/muety/wakapi/services/summary.go:92.2,93.30 2 1
github.com/muety/wakapi/services/summary.go:55.66,57.3 1 0
github.com/muety/wakapi/services/summary.go:65.20,68.3 2 1
github.com/muety/wakapi/services/summary.go:71.65,73.3 1 0
github.com/muety/wakapi/services/summary.go:77.16,79.3 1 0
github.com/muety/wakapi/services/summary.go:87.79,90.3 2 1
github.com/muety/wakapi/services/summary.go:96.126,100.41 2 1
github.com/muety/wakapi/services/summary.go:111.2,112.44 2 1
github.com/muety/wakapi/services/summary.go:127.2,128.16 2 1
github.com/muety/wakapi/services/summary.go:132.2,132.30 1 1
github.com/muety/wakapi/services/summary.go:100.41,103.17 2 1
github.com/muety/wakapi/services/summary.go:103.17,105.4 1 1
github.com/muety/wakapi/services/summary.go:105.9,107.4 1 0
github.com/muety/wakapi/services/summary.go:112.44,113.87 1 1
github.com/muety/wakapi/services/summary.go:113.87,114.71 1 1
github.com/muety/wakapi/services/summary.go:120.4,120.36 1 1
github.com/muety/wakapi/services/summary.go:114.71,118.13 1 0
github.com/muety/wakapi/services/summary.go:121.9,123.4 1 0
github.com/muety/wakapi/services/summary.go:128.16,130.3 1 0
github.com/muety/wakapi/services/summary.go:135.127,138.16 2 1
github.com/muety/wakapi/services/summary.go:142.2,143.50 2 1
github.com/muety/wakapi/services/summary.go:148.2,150.26 3 1
github.com/muety/wakapi/services/summary.go:155.2,163.34 8 1
github.com/muety/wakapi/services/summary.go:183.2,183.25 1 1
github.com/muety/wakapi/services/summary.go:188.2,202.30 2 1
github.com/muety/wakapi/services/summary.go:138.16,140.3 1 0
github.com/muety/wakapi/services/summary.go:143.50,146.3 2 1
github.com/muety/wakapi/services/summary.go:150.26,152.3 1 1
github.com/muety/wakapi/services/summary.go:163.34,165.20 2 1
github.com/muety/wakapi/services/summary.go:166.30,167.29 1 1
github.com/muety/wakapi/services/summary.go:168.31,169.30 1 1
github.com/muety/wakapi/services/summary.go:170.29,171.28 1 1
github.com/muety/wakapi/services/summary.go:172.25,173.24 1 1
github.com/muety/wakapi/services/summary.go:174.30,175.29 1 1
github.com/muety/wakapi/services/summary.go:176.29,177.28 1 1
github.com/muety/wakapi/services/summary.go:178.29,179.28 1 1
github.com/muety/wakapi/services/summary.go:183.25,186.3 2 1
github.com/muety/wakapi/services/summary.go:207.76,209.2 1 0
github.com/muety/wakapi/services/summary.go:211.62,214.2 2 0
github.com/muety/wakapi/services/summary.go:216.81,219.2 2 0
github.com/muety/wakapi/services/summary.go:221.66,224.2 2 0
github.com/muety/wakapi/services/summary.go:228.125,231.30 2 1
github.com/muety/wakapi/services/summary.go:235.2,236.28 2 1
github.com/muety/wakapi/services/summary.go:244.2,244.40 1 1
github.com/muety/wakapi/services/summary.go:248.2,248.67 1 1
github.com/muety/wakapi/services/summary.go:231.30,233.3 1 1
github.com/muety/wakapi/services/summary.go:236.28,242.3 1 1
github.com/muety/wakapi/services/summary.go:244.40,246.3 1 1
github.com/muety/wakapi/services/summary.go:251.87,252.72 1 1
github.com/muety/wakapi/services/summary.go:260.2,261.16 2 1
github.com/muety/wakapi/services/summary.go:266.2,267.37 2 1
github.com/muety/wakapi/services/summary.go:271.2,273.30 3 1
github.com/muety/wakapi/services/summary.go:284.2,285.29 2 1
github.com/muety/wakapi/services/summary.go:290.2,291.16 2 1
github.com/muety/wakapi/services/summary.go:252.72,258.3 1 1
github.com/muety/wakapi/services/summary.go:261.16,264.3 2 0
github.com/muety/wakapi/services/summary.go:267.37,269.3 1 1
github.com/muety/wakapi/services/summary.go:273.30,274.48 1 1
github.com/muety/wakapi/services/summary.go:274.48,275.41 1 1
github.com/muety/wakapi/services/summary.go:278.4,279.29 2 1
github.com/muety/wakapi/services/summary.go:275.41,277.5 1 1
github.com/muety/wakapi/services/summary.go:285.29,286.18 1 1
github.com/muety/wakapi/services/summary.go:286.18,288.4 1 1
github.com/muety/wakapi/services/summary.go:294.97,295.24 1 1
github.com/muety/wakapi/services/summary.go:299.2,316.30 5 1
github.com/muety/wakapi/services/summary.go:348.2,351.26 3 1
github.com/muety/wakapi/services/summary.go:295.24,297.3 1 0
github.com/muety/wakapi/services/summary.go:316.30,318.41 2 1
github.com/muety/wakapi/services/summary.go:323.3,323.38 1 1
github.com/muety/wakapi/services/summary.go:327.3,327.37 1 1
github.com/muety/wakapi/services/summary.go:331.3,331.34 1 1
github.com/muety/wakapi/services/summary.go:335.3,345.25 10 1
github.com/muety/wakapi/services/summary.go:318.41,320.12 2 1
github.com/muety/wakapi/services/summary.go:323.38,325.4 1 0
github.com/muety/wakapi/services/summary.go:327.37,329.4 1 1
github.com/muety/wakapi/services/summary.go:331.34,333.4 1 1
github.com/muety/wakapi/services/summary.go:354.127,358.32 2 1
github.com/muety/wakapi/services/summary.go:362.2,362.27 1 1
github.com/muety/wakapi/services/summary.go:370.2,372.26 3 1
github.com/muety/wakapi/services/summary.go:377.2,377.43 1 1
github.com/muety/wakapi/services/summary.go:381.2,381.17 1 1
github.com/muety/wakapi/services/summary.go:358.32,360.3 1 1
github.com/muety/wakapi/services/summary.go:362.27,363.37 1 1
github.com/muety/wakapi/services/summary.go:363.37,365.4 1 1
github.com/muety/wakapi/services/summary.go:365.9,367.4 1 1
github.com/muety/wakapi/services/summary.go:372.26,375.3 2 1
github.com/muety/wakapi/services/summary.go:377.43,379.3 1 1
github.com/muety/wakapi/services/summary.go:384.130,385.25 1 1
github.com/muety/wakapi/services/summary.go:389.2,392.44 2 1
github.com/muety/wakapi/services/summary.go:397.2,397.40 1 1
github.com/muety/wakapi/services/summary.go:428.2,428.54 1 1
github.com/muety/wakapi/services/summary.go:432.2,432.18 1 1
github.com/muety/wakapi/services/summary.go:385.25,387.3 1 0
github.com/muety/wakapi/services/summary.go:392.44,394.3 1 1
github.com/muety/wakapi/services/summary.go:397.40,399.51 2 1
github.com/muety/wakapi/services/summary.go:403.3,410.15 3 1
github.com/muety/wakapi/services/summary.go:422.3,422.22 1 1
github.com/muety/wakapi/services/summary.go:399.51,400.12 1 1
github.com/muety/wakapi/services/summary.go:410.15,416.38 3 1
github.com/muety/wakapi/services/summary.go:416.38,418.5 1 0
github.com/muety/wakapi/services/summary.go:422.22,424.4 1 1
github.com/muety/wakapi/services/summary.go:428.54,430.3 1 1
github.com/muety/wakapi/services/summary.go:435.59,437.2 1 1
github.com/muety/wakapi/services/summary.go:439.63,440.37 1 0
github.com/muety/wakapi/services/summary.go:440.37,441.36 1 0
github.com/muety/wakapi/services/summary.go:441.36,443.4 1 0
github.com/muety/wakapi/services/summary.go:447.85,448.40 1 1
github.com/muety/wakapi/services/summary.go:448.40,451.3 2 1
github.com/muety/wakapi/services/summary.go:454.99,455.42 1 1
github.com/muety/wakapi/services/summary.go:455.42,457.17 2 1
github.com/muety/wakapi/services/summary.go:460.3,461.29 2 1
github.com/muety/wakapi/services/summary.go:464.3,464.22 1 1
github.com/muety/wakapi/services/summary.go:457.17,459.4 1 0
github.com/muety/wakapi/services/summary.go:461.29,463.4 1 1
github.com/muety/wakapi/services/summary.go:468.114,469.33 1 1
github.com/muety/wakapi/services/summary.go:469.33,472.17 3 1
github.com/muety/wakapi/services/summary.go:477.3,478.28 2 1
github.com/muety/wakapi/services/summary.go:481.3,481.24 1 1
github.com/muety/wakapi/services/summary.go:472.17,473.33 1 1
github.com/muety/wakapi/services/summary.go:473.33,475.5 1 1
github.com/muety/wakapi/services/summary.go:478.28,480.4 1 1
github.com/muety/wakapi/services/duration.go:18.78,24.2 2 1
github.com/muety/wakapi/services/duration.go:26.123,29.42 2 1
github.com/muety/wakapi/services/duration.go:35.2,36.16 2 1
github.com/muety/wakapi/services/duration.go:43.2,48.31 4 1
github.com/muety/wakapi/services/duration.go:99.2,101.31 2 1
github.com/muety/wakapi/services/duration.go:114.2,114.49 1 1
github.com/muety/wakapi/services/duration.go:118.2,118.32 1 1
github.com/muety/wakapi/services/duration.go:29.42,30.90 1 1
github.com/muety/wakapi/services/duration.go:30.90,32.4 1 1
github.com/muety/wakapi/services/duration.go:36.16,38.3 1 0
github.com/muety/wakapi/services/duration.go:48.31,49.42 1 1
github.com/muety/wakapi/services/duration.go:53.3,54.34 2 1
github.com/muety/wakapi/services/duration.go:58.3,58.62 1 1
github.com/muety/wakapi/services/duration.go:62.3,62.20 1 1
github.com/muety/wakapi/services/duration.go:67.3,77.15 3 1
github.com/muety/wakapi/services/duration.go:80.3,86.84 2 1
github.com/muety/wakapi/services/duration.go:96.3,96.10 1 1
github.com/muety/wakapi/services/duration.go:49.42,50.12 1 1
github.com/muety/wakapi/services/duration.go:54.34,56.4 1 1
github.com/muety/wakapi/services/duration.go:58.62,60.4 1 1
github.com/muety/wakapi/services/duration.go:62.20,64.12 2 1
github.com/muety/wakapi/services/duration.go:77.15,79.4 1 0
github.com/muety/wakapi/services/duration.go:86.84,88.41 2 1
github.com/muety/wakapi/services/duration.go:91.4,91.15 1 1
github.com/muety/wakapi/services/duration.go:88.41,90.5 1 1
github.com/muety/wakapi/services/duration.go:92.9,94.4 1 1
[...]
github.com/muety/wakapi/services/misc.go:187.82,189.3 1 0
github.com/muety/wakapi/services/misc.go:195.16,198.3 2 0
github.com/muety/wakapi/services/misc.go:201.104,202.122 1 0
github.com/muety/wakapi/services/misc.go:202.122,204.4 1 0
github.com/muety/wakapi/services/misc.go:205.8,208.3 2 0
github.com/muety/wakapi/services/misc.go:210.26,211.49 1 0
github.com/muety/wakapi/services/misc.go:215.3,216.65 2 0
github.com/muety/wakapi/services/misc.go:230.3,230.137 1 0
github.com/muety/wakapi/services/misc.go:234.3,235.89 2 0
github.com/muety/wakapi/services/misc.go:211.49,213.4 1 0
github.com/muety/wakapi/services/misc.go:216.65,218.130 1 0
github.com/muety/wakapi/services/misc.go:218.130,220.5 1 0
github.com/muety/wakapi/services/misc.go:220.10,220.25 1 0
github.com/muety/wakapi/services/misc.go:220.25,223.5 2 0
github.com/muety/wakapi/services/misc.go:230.137,231.12 1 0
github.com/muety/wakapi/services/misc.go:235.89,237.4 1 0
github.com/muety/wakapi/services/misc.go:241.73,243.16 2 0
github.com/muety/wakapi/services/misc.go:247.2,247.27 1 0
github.com/muety/wakapi/services/misc.go:243.16,246.3 2 0
github.com/muety/wakapi/services/misc.go:250.99,252.33 2 0
github.com/muety/wakapi/services/misc.go:252.33,256.86 3 0
github.com/muety/wakapi/services/misc.go:261.3,264.18 1 0
github.com/muety/wakapi/services/misc.go:256.86,259.4 2 0
github.com/muety/wakapi/services/misc.go:264.18,266.4 1 0
github.com/muety/wakapi/services/misc.go:270.53,272.16 2 0
github.com/muety/wakapi/services/misc.go:275.2,275.25 1 0
github.com/muety/wakapi/services/misc.go:272.16,274.3 1 0
github.com/muety/wakapi/services/misc.go:278.53,280.16 2 0
github.com/muety/wakapi/services/misc.go:283.2,283.25 1 0
github.com/muety/wakapi/services/misc.go:280.16,282.3 1 0
github.com/muety/wakapi/services/misc.go:286.64,288.16 2 0
github.com/muety/wakapi/services/misc.go:291.2,291.25 1 0
github.com/muety/wakapi/services/misc.go:288.16,290.3 1 0
github.com/muety/wakapi/services/project_label.go:21.111,28.2 1 0
github.com/muety/wakapi/services/project_label.go:30.80,32.2 1 0
github.com/muety/wakapi/services/project_label.go:34.90,35.51 1 0
github.com/muety/wakapi/services/project_label.go:39.2,40.16 2 0
github.com/muety/wakapi/services/project_label.go:43.2,44.20 2 0
github.com/muety/wakapi/services/project_label.go:35.51,37.3 1 0
github.com/muety/wakapi/services/project_label.go:40.16,42.3 1 0
github.com/muety/wakapi/services/project_label.go:48.108,50.16 2 0
github.com/muety/wakapi/services/project_label.go:53.2,53.112 1 0
github.com/muety/wakapi/services/project_label.go:56.2,56.26 1 0
github.com/muety/wakapi/services/project_label.go:50.16,52.3 1 0
github.com/muety/wakapi/services/project_label.go:53.112,55.3 1 0
github.com/muety/wakapi/services/project_label.go:60.116,62.16 2 0
github.com/muety/wakapi/services/project_label.go:65.2,65.112 1 0
github.com/muety/wakapi/services/project_label.go:68.2,68.26 1 0
github.com/muety/wakapi/services/project_label.go:62.16,64.3 1 0
github.com/muety/wakapi/services/project_label.go:65.112,67.3 1 0
github.com/muety/wakapi/services/project_label.go:71.98,73.16 2 0
github.com/muety/wakapi/services/project_label.go:77.2,79.20 3 0
github.com/muety/wakapi/services/project_label.go:73.16,75.3 1 0
github.com/muety/wakapi/services/project_label.go:82.74,83.24 1 0
github.com/muety/wakapi/services/project_label.go:86.2,89.12 4 0
github.com/muety/wakapi/services/project_label.go:83.24,85.3 1 0
github.com/muety/wakapi/services/project_label.go:92.89,94.14 2 0
github.com/muety/wakapi/services/project_label.go:97.2,100.4 1 0
github.com/muety/wakapi/services/project_label.go:94.14,96.3 1 0
github.com/muety/wakapi/services/report.go:31.122,44.2 2 0
github.com/muety/wakapi/services/report.go:46.38,49.45 2 0
github.com/muety/wakapi/services/report.go:67.2,67.49 1 0
github.com/muety/wakapi/services/report.go:87.2,87.16 1 0
github.com/muety/wakapi/services/report.go:49.45,50.46 1 0
github.com/muety/wakapi/services/report.go:50.46,53.57 2 0
github.com/muety/wakapi/services/report.go:58.4,58.58 1 0
github.com/muety/wakapi/services/report.go:53.57,55.5 1 0
github.com/muety/wakapi/services/report.go:58.58,61.5 2 0
github.com/muety/wakapi/services/report.go:62.18,64.4 1 0
github.com/muety/wakapi/services/report.go:67.49,70.17 2 0
github.com/muety/wakapi/services/report.go:76.3,76.78 1 0
github.com/muety/wakapi/services/report.go:81.3,82.27 2 0
github.com/muety/wakapi/services/report.go:70.17,73.4 2 0
github.com/muety/wakapi/services/report.go:76.78,78.4 1 0
github.com/muety/wakapi/services/report.go:82.27,84.4 1 0
github.com/muety/wakapi/services/report.go:87.16,89.3 1 0
github.com/muety/wakapi/services/report.go:92.87,93.22 1 0
github.com/muety/wakapi/services/report.go:98.2,104.16 5 0
github.com/muety/wakapi/services/report.go:109.2,116.65 2 0
github.com/muety/wakapi/services/report.go:121.2,122.12 2 0
github.com/muety/wakapi/services/report.go:93.22,96.3 2 0
github.com/muety/wakapi/services/report.go:104.16,107.3 2 0
github.com/muety/wakapi/services/report.go:116.65,119.3 2 0
github.com/muety/wakapi/services/user.go:26.99,36.33 3 0
github.com/muety/wakapi/services/user.go:57.2,57.12 1 0
github.com/muety/wakapi/services/user.go:36.33,37.31 1 0
github.com/muety/wakapi/services/user.go:37.31,43.73 4 0
github.com/muety/wakapi/services/user.go:47.4,47.24 1 0
github.com/muety/wakapi/services/user.go:43.73,45.5 1 0
github.com/muety/wakapi/services/user.go:47.24,48.80 1 0
github.com/muety/wakapi/services/user.go:48.80,50.6 1 0
github.com/muety/wakapi/services/user.go:50.11,52.6 1 0
github.com/muety/wakapi/services/user.go:60.74,61.40 1 0
github.com/muety/wakapi/services/user.go:65.2,66.16 2 0
github.com/muety/wakapi/services/user.go:70.2,71.15 2 0
github.com/muety/wakapi/services/user.go:61.40,63.3 1 0
github.com/muety/wakapi/services/user.go:66.16,68.3 1 0
github.com/muety/wakapi/services/user.go:74.72,75.37 1 0
github.com/muety/wakapi/services/user.go:79.2,80.16 2 0
github.com/muety/wakapi/services/user.go:84.2,85.15 2 0
github.com/muety/wakapi/services/user.go:75.37,77.3 1 0
github.com/muety/wakapi/services/user.go:80.16,82.3 1 0
github.com/muety/wakapi/services/user.go:88.76,90.2 1 0
github.com/muety/wakapi/services/user.go:92.86,94.2 1 0
github.com/muety/wakapi/services/user.go:96.92,98.2 1 0
github.com/muety/wakapi/services/user.go:100.58,102.2 1 0
github.com/muety/wakapi/services/user.go:104.71,106.2 1 0
github.com/muety/wakapi/services/user.go:108.86,110.16 2 0
github.com/muety/wakapi/services/user.go:113.2,113.112 1 0
github.com/muety/wakapi/services/user.go:110.16,112.3 1 0
github.com/muety/wakapi/services/user.go:113.112,115.3 1 0
github.com/muety/wakapi/services/user.go:118.86,120.2 1 0
github.com/muety/wakapi/services/user.go:122.94,124.2 1 0
github.com/muety/wakapi/services/user.go:126.71,128.12 2 0
github.com/muety/wakapi/services/user.go:132.2,133.42 2 0
github.com/muety/wakapi/services/user.go:137.2,138.16 2 0
github.com/muety/wakapi/services/user.go:142.2,143.21 2 0
github.com/muety/wakapi/services/user.go:128.12,130.3 1 0
github.com/muety/wakapi/services/user.go:133.42,135.3 1 0
github.com/muety/wakapi/services/user.go:138.16,140.3 1 0
github.com/muety/wakapi/services/user.go:146.48,148.2 1 0
github.com/muety/wakapi/services/user.go:150.102,160.95 2 0
github.com/muety/wakapi/services/user.go:166.2,166.38 1 0
github.com/muety/wakapi/services/user.go:160.95,162.3 1 0
github.com/muety/wakapi/services/user.go:162.8,164.3 1 0
github.com/muety/wakapi/services/user.go:169.73,173.2 3 0
github.com/muety/wakapi/services/user.go:175.78,179.2 3 0
github.com/muety/wakapi/services/user.go:181.122,184.35 2 0
github.com/muety/wakapi/services/user.go:190.2,190.35 1 0
github.com/muety/wakapi/services/user.go:194.2,194.18 1 0
github.com/muety/wakapi/services/user.go:184.35,185.89 1 0
github.com/muety/wakapi/services/user.go:185.89,187.4 1 0
github.com/muety/wakapi/services/user.go:190.35,192.3 1 0
github.com/muety/wakapi/services/user.go:197.85,199.2 1 0
github.com/muety/wakapi/services/user.go:201.57,209.2 5 0
github.com/muety/wakapi/services/user.go:211.38,213.2 1 0
github.com/muety/wakapi/services/user.go:215.55,217.2 1 0
github.com/muety/wakapi/services/user.go:219.57,224.2 1 0
github.com/muety/wakapi/services/user.go:226.57,231.2 1 0
github.com/muety/wakapi/services/aggregation.go:31.142,41.2 1 0
github.com/muety/wakapi/services/aggregation.go:50.43,53.52 2 0
github.com/muety/wakapi/services/aggregation.go:53.52,54.80 1 0
github.com/muety/wakapi/services/aggregation.go:54.80,56.4 1 0
github.com/muety/wakapi/services/aggregation.go:57.58,59.3 1 0
github.com/muety/wakapi/services/aggregation.go:62.92,63.47 1 0
github.com/muety/wakapi/services/aggregation.go:66.2,72.16 4 0
github.com/muety/wakapi/services/aggregation.go:78.2,79.16 2 0
github.com/muety/wakapi/services/aggregation.go:85.2,86.44 2 0
github.com/muety/wakapi/services/aggregation.go:91.2,93.12 3 0
github.com/muety/wakapi/services/aggregation.go:105.2,105.41 1 0
github.com/muety/wakapi/services/aggregation.go:123.2,123.12 1 0
github.com/muety/wakapi/services/aggregation.go:63.47,65.3 1 0
github.com/muety/wakapi/services/aggregation.go:72.16,75.3 2 0
github.com/muety/wakapi/services/aggregation.go:79.16,82.3 2 0
github.com/muety/wakapi/services/aggregation.go:86.44,88.3 1 0
github.com/muety/wakapi/services/aggregation.go:93.12,94.28 1 0
github.com/muety/wakapi/services/aggregation.go:94.28,96.47 2 0
github.com/muety/wakapi/services/aggregation.go:96.47,98.5 1 0
github.com/muety/wakapi/services/aggregation.go:98.19,100.5 1 0
github.com/muety/wakapi/services/aggregation.go:105.41,106.71 1 0
github.com/muety/wakapi/services/aggregation.go:110.3,110.21 1 0
github.com/muety/wakapi/services/aggregation.go:106.71,107.12 1 0
github.com/muety/wakapi/services/aggregation.go:110.21,114.4 1 0
github.com/muety/wakapi/services/aggregation.go:114.9,114.62 1 0
github.com/muety/wakapi/services/aggregation.go:114.62,118.4 1 0
github.com/muety/wakapi/services/aggregation.go:126.60,127.115 1 0
github.com/muety/wakapi/services/aggregation.go:127.115,129.3 1 0
github.com/muety/wakapi/services/aggregation.go:129.8,131.60 2 0
github.com/muety/wakapi/services/aggregation.go:131.60,133.4 1 0
github.com/muety/wakapi/services/aggregation.go:137.83,152.41 5 0
github.com/muety/wakapi/services/aggregation.go:152.41,162.3 3 0
github.com/muety/wakapi/services/aggregation.go:165.83,168.27 3 0
github.com/muety/wakapi/services/aggregation.go:173.2,174.12 2 0
github.com/muety/wakapi/services/aggregation.go:168.27,169.34 1 0
github.com/muety/wakapi/services/aggregation.go:169.34,171.4 1 0
github.com/muety/wakapi/services/aggregation.go:177.79,180.27 3 0
github.com/muety/wakapi/services/aggregation.go:180.27,182.3 1 0
github.com/muety/wakapi/services/aggregation.go:185.34,188.2 2 0
github.com/muety/wakapi/services/alias.go:19.77,24.2 1 1
github.com/muety/wakapi/services/alias.go:28.60,29.43 1 1
github.com/muety/wakapi/services/alias.go:32.2,32.14 1 1
github.com/muety/wakapi/services/alias.go:29.43,31.3 1 1
github.com/muety/wakapi/services/alias.go:35.62,37.16 2 1
github.com/muety/wakapi/services/alias.go:40.2,40.12 1 1
github.com/muety/wakapi/services/alias.go:37.16,39.3 1 1
github.com/muety/wakapi/services/alias.go:43.59,44.51 1 1
github.com/muety/wakapi/services/alias.go:44.51,46.3 1 0
github.com/muety/wakapi/services/alias.go:49.76,50.32 1 0
github.com/muety/wakapi/services/alias.go:53.2,53.49 1 0
github.com/muety/wakapi/services/alias.go:50.32,52.3 1 0
github.com/muety/wakapi/services/alias.go:53.49,55.3 1 0
github.com/muety/wakapi/services/alias.go:55.8,57.3 1 0
github.com/muety/wakapi/services/alias.go:60.102,61.38 1 0
github.com/muety/wakapi/services/alias.go:64.2,64.39 1 0
github.com/muety/wakapi/services/alias.go:61.38,63.3 1 0
github.com/muety/wakapi/services/alias.go:67.113,68.38 1 0
github.com/muety/wakapi/services/alias.go:71.2,71.39 1 0
github.com/muety/wakapi/services/alias.go:68.38,70.3 1 0
github.com/muety/wakapi/services/alias.go:74.108,75.32 1 1
github.com/muety/wakapi/services/alias.go:79.2,79.49 1 1
github.com/muety/wakapi/services/alias.go:87.2,87.19 1 1
github.com/muety/wakapi/services/alias.go:75.32,77.3 1 1
github.com/muety/wakapi/services/alias.go:79.49,80.47 1 1
github.com/muety/wakapi/services/alias.go:80.47,81.49 1 1
github.com/muety/wakapi/services/alias.go:81.49,83.5 1 1
github.com/muety/wakapi/services/alias.go:90.77,92.16 2 0
github.com/muety/wakapi/services/alias.go:96.2,100.20 3 0
github.com/muety/wakapi/services/alias.go:92.16,94.3 1 0
github.com/muety/wakapi/services/alias.go:103.60,104.24 1 0
github.com/muety/wakapi/services/alias.go:107.2,110.16 2 0
github.com/muety/wakapi/services/alias.go:114.2,116.12 2 0
github.com/muety/wakapi/services/alias.go:104.24,106.3 1 0
github.com/muety/wakapi/services/alias.go:110.16,112.3 1 0
github.com/muety/wakapi/services/alias.go:119.69,123.28 3 0
github.com/muety/wakapi/services/alias.go:131.2,134.16 2 0
github.com/muety/wakapi/services/alias.go:140.2,140.31 1 0
github.com/muety/wakapi/services/alias.go:144.2,144.12 1 0
github.com/muety/wakapi/services/alias.go:123.28,124.21 1 0
github.com/muety/wakapi/services/alias.go:127.3,128.16 2 0
github.com/muety/wakapi/services/alias.go:124.21,126.4 1 0
github.com/muety/wakapi/services/alias.go:134.16,135.29 1 0
github.com/muety/wakapi/services/alias.go:135.29,137.4 1 0
github.com/muety/wakapi/services/alias.go:140.31,142.3 1 0
github.com/muety/wakapi/services/alias.go:147.74,148.14 1 0
github.com/muety/wakapi/services/alias.go:148.14,149.57 1 0
github.com/muety/wakapi/services/alias.go:149.57,153.4 3 0
github.com/muety/wakapi/services/alias.go:154.8,155.57 1 0
github.com/muety/wakapi/services/alias.go:155.57,157.48 2 0
github.com/muety/wakapi/services/alias.go:162.4,162.52 1 0
github.com/muety/wakapi/services/alias.go:157.48,158.26 1 0
github.com/muety/wakapi/services/alias.go:158.26,160.6 1 0
github.com/muety/wakapi/services/alias.go:167.116,168.32 1 0
github.com/muety/wakapi/services/alias.go:171.2,171.49 1 0
github.com/muety/wakapi/services/alias.go:168.32,170.3 1 0
github.com/muety/wakapi/services/alias.go:171.49,173.47 2 0
github.com/muety/wakapi/services/alias.go:178.3,178.30 1 0
github.com/muety/wakapi/services/alias.go:173.47,174.16 1 0
github.com/muety/wakapi/services/alias.go:174.16,176.5 1 0
github.com/muety/wakapi/services/alias.go:179.8,181.3 1 0
github.com/muety/wakapi/services/key_value.go:14.89,19.2 1 0
github.com/muety/wakapi/services/key_value.go:21.83,23.2 1 0
github.com/muety/wakapi/services/key_value.go:25.90,27.2 1 0
github.com/muety/wakapi/services/key_value.go:29.78,31.16 2 0
github.com/muety/wakapi/services/key_value.go:37.2,37.11 1 0
github.com/muety/wakapi/services/key_value.go:31.16,36.3 1 0
github.com/muety/wakapi/services/key_value.go:40.72,42.2 1 0
github.com/muety/wakapi/services/key_value.go:44.60,46.2 1 0
github.com/muety/wakapi/services/leaderboard.go:30.159,43.33 3 0
github.com/muety/wakapi/services/leaderboard.go:67.2,67.12 1 0
github.com/muety/wakapi/services/leaderboard.go:43.33,44.31 1 0
github.com/muety/wakapi/services/leaderboard.go:44.31,50.18 3 0
github.com/muety/wakapi/services/leaderboard.go:54.4,54.41 1 0
github.com/muety/wakapi/services/leaderboard.go:50.18,52.5 1 0
github.com/muety/wakapi/services/leaderboard.go:54.41,57.5 2 0
github.com/muety/wakapi/services/leaderboard.go:57.10,57.48 1 0
github.com/muety/wakapi/services/leaderboard.go:57.48,59.64 2 0
github.com/muety/wakapi/services/leaderboard.go:62.5,62.22 1 0
github.com/muety/wakapi/services/leaderboard.go:59.64,61.6 1 0
github.com/muety/wakapi/services/leaderboard.go:70.43,73.21 2 0
github.com/muety/wakapi/services/leaderboard.go:82.2,82.76 1 0
github.com/muety/wakapi/services/leaderboard.go:73.21,75.17 2 0
github.com/muety/wakapi/services/leaderboard.go:79.3,79.91 1 0
github.com/muety/wakapi/services/leaderboard.go:75.17,78.4 2 0
github.com/muety/wakapi/services/leaderboard.go:82.76,83.77 1 0
github.com/muety/wakapi/services/leaderboard.go:83.77,85.4 1 0
github.com/muety/wakapi/services/leaderboard.go:89.121,92.29 2 0
github.com/muety/wakapi/services/leaderboard.go:127.2,129.12 3 0
github.com/muety/wakapi/services/leaderboard.go:92.29,93.83 1 0
github.com/muety/wakapi/services/leaderboard.go:98.3,99.17 2 0
github.com/muety/wakapi/services/leaderboard.go:104.3,104.85 1 0
github.com/muety/wakapi/services/leaderboard.go:109.3,109.25 1 0
github.com/muety/wakapi/services/leaderboard.go:93.83,95.12 2 0
github.com/muety/wakapi/services/leaderboard.go:99.17,101.12 2 0
github.com/muety/wakapi/services/leaderboard.go:104.85,106.12 2 0
github.com/muety/wakapi/services/leaderboard.go:109.25,111.18 2 0
github.com/muety/wakapi/services/leaderboard.go:116.4,116.23 1 0
github.com/muety/wakapi/services/leaderboard.go:120.4,120.60 1 0
github.com/muety/wakapi/services/leaderboard.go:111.18,113.13 2 0
github.com/muety/wakapi/services/leaderboard.go:116.23,117.13 1 0
github.com/muety/wakapi/services/leaderboard.go:120.60,122.13 2 0
github.com/muety/wakapi/services/leaderboard.go:132.77,135.2 2 0
github.com/muety/wakapi/services/leaderboard.go:137.60,140.52 2 0
github.com/muety/wakapi/services/leaderboard.go:144.2,145.16 2 0
github.com/muety/wakapi/services/leaderboard.go:148.2,148.19 1 0
github.com/muety/wakapi/services/leaderboard.go:140.52,142.3 1 0
github.com/muety/wakapi/services/leaderboard.go:145.16,147.3 1 0
github.com/muety/wakapi/services/leaderboard.go:151.153,153.2 1 0
github.com/muety/wakapi/services/leaderboard.go:155.144,157.2 1 0
github.com/muety/wakapi/services/leaderboard.go:159.174,162.52 2 0
github.com/muety/wakapi/services/leaderboard.go:166.2,167.16 2 0
github.com/muety/wakapi/services/leaderboard.go:171.2,171.18 1 0
github.com/muety/wakapi/services/leaderboard.go:184.2,185.19 2 0
github.com/muety/wakapi/services/leaderboard.go:162.52,164.3 1 0
github.com/muety/wakapi/services/leaderboard.go:167.16,169.3 1 0
github.com/muety/wakapi/services/leaderboard.go:171.18,173.17 2 0
github.com/muety/wakapi/services/leaderboard.go:173.17,175.4 1 0
github.com/muety/wakapi/services/leaderboard.go:175.9,176.31 1 0
github.com/muety/wakapi/services/leaderboard.go:176.31,177.40 1 0
github.com/muety/wakapi/services/leaderboard.go:177.40,179.6 1 0
github.com/muety/wakapi/services/leaderboard.go:188.165,191.52 2 0
github.com/muety/wakapi/services/leaderboard.go:195.2,196.16 2 0
github.com/muety/wakapi/services/leaderboard.go:200.2,200.17 1 0
github.com/muety/wakapi/services/leaderboard.go:211.2,212.19 2 0
github.com/muety/wakapi/services/leaderboard.go:191.52,193.3 1 0
github.com/muety/wakapi/services/leaderboard.go:196.16,198.3 1 0
github.com/muety/wakapi/services/leaderboard.go:200.17,202.17 2 0
github.com/muety/wakapi/services/leaderboard.go:202.17,204.4 1 0
github.com/muety/wakapi/services/leaderboard.go:204.9,205.31 1 0
github.com/muety/wakapi/services/leaderboard.go:205.31,207.5 1 0
github.com/muety/wakapi/services/leaderboard.go:215.129,217.16 2 0
github.com/muety/wakapi/services/leaderboard.go:221.2,222.16 2 0
github.com/muety/wakapi/services/leaderboard.go:227.2,233.8 2 0
github.com/muety/wakapi/services/leaderboard.go:217.16,219.3 1 0
github.com/muety/wakapi/services/leaderboard.go:222.16,224.3 1 0
github.com/muety/wakapi/services/leaderboard.go:236.151,238.16 2 0
github.com/muety/wakapi/services/leaderboard.go:242.2,243.16 2 0
github.com/muety/wakapi/services/leaderboard.go:247.2,250.42 3 0
github.com/muety/wakapi/services/leaderboard.go:262.2,262.19 1 0
github.com/muety/wakapi/services/leaderboard.go:238.16,240.3 1 0
github.com/muety/wakapi/services/leaderboard.go:243.16,245.3 1 0
github.com/muety/wakapi/services/leaderboard.go:250.42,260.3 2 0
github.com/muety/wakapi/services/leaderboard.go:265.131,267.47 2 0
github.com/muety/wakapi/services/leaderboard.go:270.2,270.23 1 0
github.com/muety/wakapi/services/leaderboard.go:273.2,273.10 1 0
github.com/muety/wakapi/services/leaderboard.go:267.47,269.3 1 0
github.com/muety/wakapi/services/leaderboard.go:270.23,272.3 1 0
