mode: set
github.com/muety/wakapi/models/heartbeats.go:7.31,9.2 1 0
github.com/muety/wakapi/models/heartbeats.go:11.41,13.2 1 0
github.com/muety/wakapi/models/heartbeats.go:15.36,17.2 1 0
github.com/muety/wakapi/models/heartbeats.go:19.43,22.2 2 0
github.com/muety/wakapi/models/heartbeats.go:24.41,26.18 1 0
github.com/muety/wakapi/models/heartbeats.go:29.2,29.16 1 0
github.com/muety/wakapi/models/heartbeats.go:26.18,28.3 1 0
github.com/muety/wakapi/models/heartbeats.go:32.40,34.18 1 0
github.com/muety/wakapi/models/heartbeats.go:37.2,37.24 1 0
github.com/muety/wakapi/models/heartbeats.go:34.18,36.3 1 0
github.com/muety/wakapi/models/mail.go:19.44,23.2 3 0
github.com/muety/wakapi/models/mail.go:25.44,29.2 3 0
github.com/muety/wakapi/models/mail.go:31.32,44.2 1 0
github.com/muety/wakapi/models/mail.go:46.41,48.2 1 0
github.com/muety/wakapi/models/project_label.go:11.39,13.2 1 0
github.com/muety/wakapi/models/user.go:8.13,10.2 1 1
github.com/muety/wakapi/models/user.go:79.36,80.22 1 1
github.com/muety/wakapi/models/user.go:83.2,84.16 2 1
github.com/muety/wakapi/models/user.go:87.2,87.11 1 1
github.com/muety/wakapi/models/user.go:80.22,82.3 1 1
github.com/muety/wakapi/models/user.go:84.16,86.3 1 0
github.com/muety/wakapi/models/user.go:90.41,93.2 2 1
github.com/muety/wakapi/models/user.go:95.43,98.2 1 0
github.com/muety/wakapi/models/user.go:100.45,103.2 1 0
github.com/muety/wakapi/models/user.go:105.33,110.2 1 0
github.com/muety/wakapi/models/user.go:112.41,114.2 1 0
github.com/muety/wakapi/models/user.go:116.45,118.2 1 0
github.com/muety/wakapi/models/user.go:120.45,122.2 1 0
github.com/muety/wakapi/models/user.go:124.39,126.2 1 0
github.com/muety/wakapi/models/user.go:128.39,131.2 2 0
github.com/muety/wakapi/models/interval.go:39.47,40.23 1 0
github.com/muety/wakapi/models/interval.go:45.2,45.14 1 0
github.com/muety/wakapi/models/interval.go:40.23,41.13 1 0
github.com/muety/wakapi/models/interval.go:41.13,43.4 1 0
github.com/muety/wakapi/models/language_mapping.go:11.42,13.2 1 0
github.com/muety/wakapi/models/language_mapping.go:15.51,17.2 1 0
github.com/muety/wakapi/models/language_mapping.go:19.52,21.2 1 0
github.com/muety/wakapi/models/shared.go:35.52,37.2 1 0
github.com/muety/wakapi/models/shared.go:39.52,42.16 3 0
github.com/muety/wakapi/models/shared.go:45.2,47.12 3 0
github.com/muety/wakapi/models/shared.go:42.16,44.3 1 0
github.com/muety/wakapi/models/shared.go:50.52,56.22 2 0
github.com/muety/wakapi/models/shared.go:71.2,74.12 3 0
github.com/muety/wakapi/models/shared.go:57.14,61.17 2 0
github.com/muety/wakapi/models/shared.go:64.17,66.8 2 0
github.com/muety/wakapi/models/shared.go:67.10,68.64 1 0
github.com/muety/wakapi/models/shared.go:61.17,63.4 1 0
github.com/muety/wakapi/models/shared.go:77.51,80.2 2 0
github.com/muety/wakapi/models/shared.go:82.45,84.2 1 0
github.com/muety/wakapi/models/shared.go:86.37,88.2 1 0
github.com/muety/wakapi/models/shared.go:90.35,92.2 1 0
github.com/muety/wakapi/models/shared.go:94.34,96.2 1 0
github.com/muety/wakapi/models/summary.go:74.29,76.2 1 1
github.com/muety/wakapi/models/summary.go:78.35,80.2 1 0
github.com/muety/wakapi/models/summary.go:82.37,90.2 7 1
github.com/muety/wakapi/models/summary.go:92.35,94.2 1 1
github.com/muety/wakapi/models/summary.go:96.57,105.2 1 1
github.com/muety/wakapi/models/summary.go:107.64,109.2 1 0
github.com/muety/wakapi/models/summary.go:122.33,127.26 4 1
github.com/muety/wakapi/models/summary.go:134.2,134.37 1 1
github.com/muety/wakapi/models/summary.go:139.2,140.16 2 1
github.com/muety/wakapi/models/summary.go:143.2,143.33 1 1
github.com/muety/wakapi/models/summary.go:127.26,128.30 1 1
github.com/muety/wakapi/models/summary.go:128.30,130.4 1 1
github.com/muety/wakapi/models/summary.go:134.37,136.3 1 0
github.com/muety/wakapi/models/summary.go:140.16,142.3 1 0
github.com/muety/wakapi/models/summary.go:143.33,145.3 1 1
github.com/muety/wakapi/models/summary.go:149.56,155.28 5 1
github.com/muety/wakapi/models/summary.go:159.2,160.42 2 1
github.com/muety/wakapi/models/summary.go:166.2,166.27 1 1
github.com/muety/wakapi/models/summary.go:155.28,157.3 1 1
github.com/muety/wakapi/models/summary.go:160.42,161.22 1 0
github.com/muety/wakapi/models/summary.go:161.22,163.9 2 0
github.com/muety/wakapi/models/summary.go:166.27,168.3 1 0
github.com/muety/wakapi/models/summary.go:168.8,174.3 1 1
github.com/muety/wakapi/models/summary.go:177.45,182.16 4 0
github.com/muety/wakapi/models/summary.go:185.2,185.39 1 0
github.com/muety/wakapi/models/summary.go:189.2,189.30 1 0
github.com/muety/wakapi/models/summary.go:182.16,184.3 1 0
github.com/muety/wakapi/models/summary.go:185.39,187.3 1 0
github.com/muety/wakapi/models/summary.go:192.73,194.55 2 1
github.com/muety/wakapi/models/summary.go:199.2,199.16 1 1
github.com/muety/wakapi/models/summary.go:194.55,195.31 1 1
github.com/muety/wakapi/models/summary.go:195.31,197.4 1 1
github.com/muety/wakapi/models/summary.go:202.88,204.55 2 1
github.com/muety/wakapi/models/summary.go:212.2,212.16 1 1
github.com/muety/wakapi/models/summary.go:204.55,205.31 1 1
github.com/muety/wakapi/models/summary.go:205.31,206.23 1 1
github.com/muety/wakapi/models/summary.go:209.4,209.46 1 1
github.com/muety/wakapi/models/summary.go:206.23,207.13 1 1
github.com/muety/wakapi/models/summary.go:215.70,217.8 2 1
github.com/muety/wakapi/models/summary.go:220.2,220.10 1 1
github.com/muety/wakapi/models/summary.go:217.8,219.3 1 1
github.com/muety/wakapi/models/summary.go:223.71,224.63 1 1
github.com/muety/wakapi/models/summary.go:264.2,271.10 7 1
github.com/muety/wakapi/models/summary.go:224.63,227.45 2 1
github.com/muety/wakapi/models/summary.go:236.3,236.31 1 1
github.com/muety/wakapi/models/summary.go:243.3,243.31 1 1
github.com/muety/wakapi/models/summary.go:260.3,260.16 1 1
github.com/muety/wakapi/models/summary.go:227.45,228.32 1 1
github.com/muety/wakapi/models/summary.go:233.4,233.14 1 1
github.com/muety/wakapi/models/summary.go:228.32,229.24 1 1
github.com/muety/wakapi/models/summary.go:229.24,231.6 1 1
github.com/muety/wakapi/models/summary.go:236.31,238.60 1 1
github.com/muety/wakapi/models/summary.go:238.60,240.5 1 1
github.com/muety/wakapi/models/summary.go:243.31,245.60 1 1
github.com/muety/wakapi/models/summary.go:245.60,246.55 1 1
github.com/muety/wakapi/models/summary.go:246.55,248.6 1 1
github.com/muety/wakapi/models/summary.go:248.11,256.6 1 1
github.com/muety/wakapi/models/summary.go:274.57,275.30 1 1
github.com/muety/wakapi/models/summary.go:280.2,280.43 1 0
github.com/muety/wakapi/models/summary.go:275.30,276.28 1 1
github.com/muety/wakapi/models/summary.go:276.28,278.4 1 1
github.com/muety/wakapi/models/summary.go:283.50,287.2 1 1
github.com/muety/wakapi/models/summary.go:289.33,291.2 1 1
github.com/muety/wakapi/models/summary.go:293.43,295.2 1 1
github.com/muety/wakapi/models/summary.go:297.38,299.2 1 1
github.com/muety/wakapi/models/filters.go:17.56,18.16 1 0
github.com/muety/wakapi/models/filters.go:32.2,32.19 1 0
github.com/muety/wakapi/models/filters.go:19.22,20.32 1 0
github.com/muety/wakapi/models/filters.go:21.17,22.27 1 0
github.com/muety/wakapi/models/filters.go:23.23,24.33 1 0
github.com/muety/wakapi/models/filters.go:25.21,26.31 1 0
github.com/muety/wakapi/models/filters.go:27.22,28.32 1 0
github.com/muety/wakapi/models/filters.go:29.20,30.30 1 0
github.com/muety/wakapi/models/filters.go:35.47,36.21 1 1
github.com/muety/wakapi/models/filters.go:49.2,49.21 1 1
github.com/muety/wakapi/models/filters.go:36.21,38.3 1 1
github.com/muety/wakapi/models/filters.go:38.8,38.23 1 1
github.com/muety/wakapi/models/filters.go:38.23,40.3 1 0
github.com/muety/wakapi/models/filters.go:40.8,40.29 1 1
github.com/muety/wakapi/models/filters.go:40.29,42.3 1 1
github.com/muety/wakapi/models/filters.go:42.8,42.27 1 1
github.com/muety/wakapi/models/filters.go:42.27,44.3 1 0
github.com/muety/wakapi/models/filters.go:44.8,44.28 1 1
github.com/muety/wakapi/models/filters.go:44.28,46.3 1 0
github.com/muety/wakapi/models/filters.go:46.8,46.28 1 1
github.com/muety/wakapi/models/filters.go:46.28,48.3 1 0
github.com/muety/wakapi/models/models.go:3.14,5.2 0 1
github.com/muety/wakapi/models/alias.go:12.32,14.2 1 0
github.com/muety/wakapi/models/alias.go:16.37,17.35 1 0
github.com/muety/wakapi/models/alias.go:22.2,22.14 1 0
github.com/muety/wakapi/models/alias.go:17.35,18.18 1 0
github.com/muety/wakapi/models/alias.go:18.18,20.4 1 0
github.com/muety/wakapi/models/heartbeat.go:32.34,34.2 1 1
github.com/muety/wakapi/models/heartbeat.go:36.65,38.46 2 1
github.com/muety/wakapi/models/heartbeat.go:38.46,39.108 1 1
github.com/muety/wakapi/models/heartbeat.go:39.108,42.4 2 1
github.com/muety/wakapi/models/heartbeat.go:46.50,47.11 1 1
github.com/muety/wakapi/models/heartbeat.go:60.2,60.15 1 1
github.com/muety/wakapi/models/heartbeat.go:64.2,64.12 1 1
github.com/muety/wakapi/models/heartbeat.go:48.22,49.18 1 1
github.com/muety/wakapi/models/heartbeat.go:50.21,51.17 1 1
github.com/muety/wakapi/models/heartbeat.go:52.23,53.19 1 1
github.com/muety/wakapi/models/heartbeat.go:54.17,55.26 1 1
github.com/muety/wakapi/models/heartbeat.go:56.22,57.18 1 1
github.com/muety/wakapi/models/heartbeat.go:60.15,62.3 1 1
github.com/muety/wakapi/models/heartbeat.go:67.37,83.2 1 0
github.com/muety/wakapi/models/heartbeat.go:91.41,93.16 2 0
github.com/muety/wakapi/models/heartbeat.go:96.2,97.10 2 0
github.com/muety/wakapi/models/heartbeat.go:93.16,95.3 1 0
github.com/muety/wakapi/models/mail_address.go:15.13,18.2 2 1
github.com/muety/wakapi/models/mail_address.go:24.38,26.2 1 0
github.com/muety/wakapi/models/mail_address.go:28.35,30.21 2 1
github.com/muety/wakapi/models/mail_address.go:36.2,36.11 1 1
github.com/muety/wakapi/models/mail_address.go:30.21,31.21 1 1
github.com/muety/wakapi/models/mail_address.go:34.3,34.18 1 1
github.com/muety/wakapi/models/mail_address.go:31.21,33.4 1 1
github.com/muety/wakapi/models/mail_address.go:39.35,41.2 1 1
github.com/muety/wakapi/models/mail_address.go:43.43,45.22 2 0
github.com/muety/wakapi/models/mail_address.go:48.2,48.12 1 0
github.com/muety/wakapi/models/mail_address.go:45.22,47.3 1 0
github.com/muety/wakapi/models/mail_address.go:51.46,53.22 2 1
github.com/muety/wakapi/models/mail_address.go:56.2,56.12 1 1
github.com/muety/wakapi/models/mail_address.go:53.22,55.3 1 1
github.com/muety/wakapi/models/mail_address.go:59.40,60.22 1 1
github.com/muety/wakapi/models/mail_address.go:65.2,65.13 1 1
github.com/muety/wakapi/models/mail_address.go:60.22,61.17 1 1
github.com/muety/wakapi/models/mail_address.go:61.17,63.4 1 1
github.com/muety/wakapi/utils/set.go:3.51,5.26 2 0
github.com/muety/wakapi/utils/set.go:8.2,8.12 1 0
github.com/muety/wakapi/utils/set.go:5.26,7.3 1 0
github.com/muety/wakapi/utils/set.go:11.49,13.21 2 0
github.com/muety/wakapi/utils/set.go:16.2,16.14 1 0
github.com/muety/wakapi/utils/set.go:13.21,15.3 1 0
github.com/muety/wakapi/utils/template.go:8.41,10.16 2 0
github.com/muety/wakapi/utils/template.go:13.2,13.23 1 0
github.com/muety/wakapi/utils/template.go:10.16,12.3 1 0
github.com/muety/wakapi/utils/template.go:16.37,17.30 1 0
github.com/muety/wakapi/utils/template.go:20.2,20.10 1 0
github.com/muety/wakapi/utils/template.go:17.30,19.3 1 0
github.com/muety/wakapi/utils/auth.go:16.79,18.54 2 0
github.com/muety/wakapi/utils/auth.go:22.2,24.16 3 0
github.com/muety/wakapi/utils/auth.go:28.2,30.45 3 0
github.com/muety/wakapi/utils/auth.go:33.2,34.32 2 0
github.com/muety/wakapi/utils/auth.go:18.54,20.3 1 0
github.com/muety/wakapi/utils/auth.go:24.16,26.3 1 0
github.com/muety/wakapi/utils/auth.go:30.45,32.3 1 0
github.com/muety/wakapi/utils/auth.go:37.65,39.85 2 0
github.com/muety/wakapi/utils/auth.go:43.2,44.30 2 0
github.com/muety/wakapi/utils/auth.go:39.85,41.3 1 0
github.com/muety/wakapi/utils/auth.go:47.94,49.16 2 0
github.com/muety/wakapi/utils/auth.go:53.2,53.107 1 0
github.com/muety/wakapi/utils/auth.go:57.2,57.22 1 0
github.com/muety/wakapi/utils/auth.go:49.16,51.3 1 0
github.com/muety/wakapi/utils/auth.go:53.107,55.3 1 0
github.com/muety/wakapi/utils/auth.go:60.56,64.2 3 0
github.com/muety/wakapi/utils/auth.go:66.55,69.16 3 0
github.com/muety/wakapi/utils/auth.go:72.2,72.16 1 0
github.com/muety/wakapi/utils/auth.go:69.16,71.3 1 0
github.com/muety/wakapi/utils/date.go:8.43,10.2 1 1
github.com/muety/wakapi/utils/date.go:12.48,14.2 1 0
github.com/muety/wakapi/utils/date.go:16.41,18.21 2 1
github.com/muety/wakapi/utils/date.go:21.2,21.23 1 1
github.com/muety/wakapi/utils/date.go:18.21,20.3 1 0
github.com/muety/wakapi/utils/date.go:24.46,26.2 1 0
github.com/muety/wakapi/utils/date.go:28.51,30.2 1 0
github.com/muety/wakapi/utils/date.go:32.44,35.2 2 1
github.com/muety/wakapi/utils/date.go:37.52,39.2 1 0
github.com/muety/wakapi/utils/date.go:41.45,43.2 1 0
github.com/muety/wakapi/utils/date.go:45.51,47.2 1 0
github.com/muety/wakapi/utils/date.go:49.44,51.2 1 0
github.com/muety/wakapi/utils/date.go:54.42,56.2 1 1
github.com/muety/wakapi/utils/date.go:59.41,61.21 2 1
github.com/muety/wakapi/utils/date.go:64.2,64.36 1 1
github.com/muety/wakapi/utils/date.go:61.21,63.3 1 1
github.com/muety/wakapi/utils/date.go:68.63,70.2 1 0
github.com/muety/wakapi/utils/date.go:73.62,79.2 5 0
github.com/muety/wakapi/utils/date.go:82.67,85.33 2 1
github.com/muety/wakapi/utils/date.go:94.2,94.18 1 1
github.com/muety/wakapi/utils/date.go:85.33,87.19 2 1
github.com/muety/wakapi/utils/date.go:90.3,91.10 2 1
github.com/muety/wakapi/utils/date.go:87.19,89.4 1 1
github.com/muety/wakapi/utils/date.go:97.50,103.2 5 0
github.com/muety/wakapi/utils/date.go:106.79,109.36 3 1
github.com/muety/wakapi/utils/date.go:113.2,113.21 1 1
github.com/muety/wakapi/utils/date.go:117.2,117.21 1 1
github.com/muety/wakapi/utils/date.go:121.2,121.13 1 1
github.com/muety/wakapi/utils/date.go:109.36,112.3 2 0
github.com/muety/wakapi/utils/date.go:113.21,116.3 2 1
github.com/muety/wakapi/utils/date.go:117.21,120.3 2 1
github.com/muety/wakapi/utils/common.go:18.73,19.58 1 0
github.com/muety/wakapi/utils/common.go:22.2,22.87 1 0
github.com/muety/wakapi/utils/common.go:25.2,25.64 1 0
github.com/muety/wakapi/utils/common.go:19.58,21.3 1 0
github.com/muety/wakapi/utils/common.go:22.87,24.3 1 0
github.com/muety/wakapi/utils/common.go:28.40,30.2 1 0
github.com/muety/wakapi/utils/common.go:32.44,34.2 1 0
github.com/muety/wakapi/utils/common.go:36.49,38.2 1 0
github.com/muety/wakapi/utils/common.go:40.45,42.2 1 0
github.com/muety/wakapi/utils/common.go:44.24,46.2 1 0
github.com/muety/wakapi/utils/common.go:48.56,51.45 3 1
github.com/muety/wakapi/utils/common.go:54.2,54.40 1 1
github.com/muety/wakapi/utils/common.go:51.45,53.3 1 1
github.com/muety/wakapi/utils/filesystem.go:14.68,16.16 2 0
github.com/muety/wakapi/utils/filesystem.go:20.2,21.15 2 0
github.com/muety/wakapi/utils/filesystem.go:33.2,33.15 1 0
github.com/muety/wakapi/utils/filesystem.go:16.16,18.3 1 0
github.com/muety/wakapi/utils/filesystem.go:21.15,23.47 2 0
github.com/muety/wakapi/utils/filesystem.go:23.47,25.23 2 0
github.com/muety/wakapi/utils/filesystem.go:29.4,29.19 1 0
github.com/muety/wakapi/utils/filesystem.go:25.23,27.5 1 0
github.com/muety/wakapi/utils/http.go:9.90,12.58 3 0
github.com/muety/wakapi/utils/http.go:12.58,14.3 1 0
github.com/muety/wakapi/utils/strings.go:8.34,10.2 1 0
github.com/muety/wakapi/utils/strings.go:12.77,13.29 1 0
github.com/muety/wakapi/utils/strings.go:18.2,18.19 1 0
github.com/muety/wakapi/utils/strings.go:13.29,14.18 1 0
github.com/muety/wakapi/utils/strings.go:14.18,16.4 1 0
github.com/muety/wakapi/utils/summary.go:10.66,11.40 1 0
github.com/muety/wakapi/utils/summary.go:16.2,16.48 1 0
github.com/muety/wakapi/utils/summary.go:11.40,12.27 1 0
github.com/muety/wakapi/utils/summary.go:12.27,14.4 1 0
github.com/muety/wakapi/utils/summary.go:19.88,22.2 2 0
github.com/muety/wakapi/utils/summary.go:24.95,26.16 2 0
github.com/muety/wakapi/utils/summary.go:29.2,29.38 1 0
github.com/muety/wakapi/utils/summary.go:26.16,28.3 1 0
github.com/muety/wakapi/utils/summary.go:32.105,36.18 3 0
github.com/muety/wakapi/utils/summary.go:71.2,71.22 1 0
github.com/muety/wakapi/utils/summary.go:37.28,38.26 1 0
github.com/muety/wakapi/utils/summary.go:39.32,41.24 2 0
github.com/muety/wakapi/utils/summary.go:42.31,43.29 1 0
github.com/muety/wakapi/utils/summary.go:44.31,46.27 2 0
github.com/muety/wakapi/utils/summary.go:47.32,48.30 1 0
github.com/muety/wakapi/utils/summary.go:49.32,51.28 2 0
github.com/muety/wakapi/utils/summary.go:52.31,53.29 1 0
github.com/muety/wakapi/utils/summary.go:54.32,55.31 1 0
github.com/muety/wakapi/utils/summary.go:56.41,58.42 2 0
github.com/muety/wakapi/utils/summary.go:59.33,60.32 1 0
github.com/muety/wakapi/utils/summary.go:61.33,62.32 1 0
github.com/muety/wakapi/utils/summary.go:63.35,64.32 1 0
github.com/muety/wakapi/utils/summary.go:65.26,66.21 1 0
github.com/muety/wakapi/utils/summary.go:67.10,68.39 1 0
github.com/muety/wakapi/utils/summary.go:74.73,81.56 5 0
github.com/muety/wakapi/utils/summary.go:97.2,104.8 2 0
github.com/muety/wakapi/utils/summary.go:81.56,83.3 1 0
github.com/muety/wakapi/utils/summary.go:83.8,83.54 1 0
github.com/muety/wakapi/utils/summary.go:83.54,85.3 1 0
github.com/muety/wakapi/utils/summary.go:85.8,87.17 2 0
github.com/muety/wakapi/utils/summary.go:91.3,92.17 2 0
github.com/muety/wakapi/utils/summary.go:87.17,89.4 1 0
github.com/muety/wakapi/utils/summary.go:92.17,94.4 1 0
github.com/muety/wakapi/utils/summary.go:107.48,111.51 2 0
github.com/muety/wakapi/utils/summary.go:114.2,114.12 1 0
github.com/muety/wakapi/utils/summary.go:111.51,113.3 1 0
github.com/muety/wakapi/utils/collection.go:3.59,5.22 2 0
github.com/muety/wakapi/utils/collection.go:8.2,8.15 1 0
github.com/muety/wakapi/utils/collection.go:5.22,7.3 1 0
github.com/muety/wakapi/utils/color.go:8.90,10.32 2 0
github.com/muety/wakapi/utils/color.go:15.2,15.15 1 0
github.com/muety/wakapi/utils/color.go:10.32,11.50 1 0
github.com/muety/wakapi/utils/color.go:11.50,13.4 1 0
github.com/muety/wakapi/middlewares/logging.go:20.102,21.43 1 0
github.com/muety/wakapi/middlewares/logging.go:21.43,27.3 1 0
github.com/muety/wakapi/middlewares/logging.go:30.80,39.44 7 0
github.com/muety/wakapi/middlewares/logging.go:45.2,54.3 1 0
github.com/muety/wakapi/middlewares/logging.go:39.44,40.38 1 0
github.com/muety/wakapi/middlewares/logging.go:40.38,42.4 1 0
github.com/muety/wakapi/middlewares/logging.go:57.41,59.14 2 0
github.com/muety/wakapi/middlewares/logging.go:62.2,62.14 1 0
github.com/muety/wakapi/middlewares/logging.go:65.2,65.11 1 0
github.com/muety/wakapi/middlewares/logging.go:59.14,61.3 1 0
github.com/muety/wakapi/middlewares/logging.go:62.14,64.3 1 0
github.com/muety/wakapi/middlewares/logging.go:68.41,69.42 1 0
github.com/muety/wakapi/middlewares/logging.go:72.2,72.12 1 0
github.com/muety/wakapi/middlewares/logging.go:69.42,71.3 1 0
github.com/muety/wakapi/middlewares/logging.go:103.52,105.2 1 0
github.com/muety/wakapi/middlewares/logging.go:117.45,118.20 1 0
github.com/muety/wakapi/middlewares/logging.go:118.20,122.3 3 0
github.com/muety/wakapi/middlewares/logging.go:124.54,127.18 3 0
github.com/muety/wakapi/middlewares/logging.go:134.2,135.15 2 0
github.com/muety/wakapi/middlewares/logging.go:127.18,130.17 2 0
github.com/muety/wakapi/middlewares/logging.go:130.17,132.4 1 0
github.com/muety/wakapi/middlewares/logging.go:137.42,138.20 1 0
github.com/muety/wakapi/middlewares/logging.go:138.20,140.3 1 0
github.com/muety/wakapi/middlewares/logging.go:142.36,144.2 1 0
github.com/muety/wakapi/middlewares/logging.go:145.42,147.2 1 0
github.com/muety/wakapi/middlewares/logging.go:148.40,150.2 1 0
github.com/muety/wakapi/middlewares/logging.go:151.52,153.2 1 0
github.com/muety/wakapi/middlewares/principal.go:15.62,17.2 1 0
github.com/muety/wakapi/middlewares/principal.go:19.58,21.2 1 0
github.com/muety/wakapi/middlewares/principal.go:42.71,43.43 1 0
github.com/muety/wakapi/middlewares/principal.go:43.43,45.3 1 0
github.com/muety/wakapi/middlewares/principal.go:48.81,51.2 2 0
github.com/muety/wakapi/middlewares/principal.go:53.55,54.52 1 0
github.com/muety/wakapi/middlewares/principal.go:54.52,56.3 1 0
github.com/muety/wakapi/middlewares/principal.go:59.49,60.52 1 0
github.com/muety/wakapi/middlewares/principal.go:63.2,63.12 1 0
github.com/muety/wakapi/middlewares/principal.go:60.52,62.3 1 0
github.com/muety/wakapi/middlewares/security.go:19.62,20.43 1 0
github.com/muety/wakapi/middlewares/security.go:20.43,22.3 1 0
github.com/muety/wakapi/middlewares/security.go:25.80,26.36 1 0
github.com/muety/wakapi/middlewares/security.go:31.2,31.27 1 0
github.com/muety/wakapi/middlewares/security.go:26.36,27.30 1 0
github.com/muety/wakapi/middlewares/security.go:27.30,29.4 1 0
github.com/muety/wakapi/middlewares/sentry.go:15.60,16.43 1 0
github.com/muety/wakapi/middlewares/sentry.go:16.43,20.3 1 0
github.com/muety/wakapi/middlewares/sentry.go:23.78,26.54 3 0
github.com/muety/wakapi/middlewares/sentry.go:26.54,27.43 1 0
github.com/muety/wakapi/middlewares/sentry.go:27.43,29.4 1 0
github.com/muety/wakapi/middlewares/authenticate.go:19.91,25.2 1 1
github.com/muety/wakapi/middlewares/authenticate.go:27.90,30.2 2 0
github.com/muety/wakapi/middlewares/authenticate.go:32.90,35.2 2 0
github.com/muety/wakapi/middlewares/authenticate.go:37.71,38.71 1 0
github.com/muety/wakapi/middlewares/authenticate.go:38.71,40.3 1 0
github.com/muety/wakapi/middlewares/authenticate.go:43.107,47.16 3 0
github.com/muety/wakapi/middlewares/authenticate.go:51.2,51.31 1 0
github.com/muety/wakapi/middlewares/authenticate.go:67.2,68.12 2 0
github.com/muety/wakapi/middlewares/authenticate.go:47.16,49.3 1 0
github.com/muety/wakapi/middlewares/authenticate.go:51.31,52.31 1 0
github.com/muety/wakapi/middlewares/authenticate.go:57.3,57.29 1 0
github.com/muety/wakapi/middlewares/authenticate.go:64.3,64.9 1 0
github.com/muety/wakapi/middlewares/authenticate.go:52.31,55.4 2 0
github.com/muety/wakapi/middlewares/authenticate.go:57.29,60.4 2 0
github.com/muety/wakapi/middlewares/authenticate.go:60.9,63.4 2 0
github.com/muety/wakapi/middlewares/authenticate.go:71.70,72.39 1 0
github.com/muety/wakapi/middlewares/authenticate.go:77.2,77.14 1 0
github.com/muety/wakapi/middlewares/authenticate.go:72.39,73.60 1 0
github.com/muety/wakapi/middlewares/authenticate.go:73.60,75.4 1 0
github.com/muety/wakapi/middlewares/authenticate.go:80.92,82.16 2 1
github.com/muety/wakapi/middlewares/authenticate.go:86.2,89.16 4 1
github.com/muety/wakapi/middlewares/authenticate.go:92.2,92.18 1 1
github.com/muety/wakapi/middlewares/authenticate.go:82.16,84.3 1 1
github.com/muety/wakapi/middlewares/authenticate.go:89.16,91.3 1 0
github.com/muety/wakapi/middlewares/authenticate.go:95.92,97.16 2 0
github.com/muety/wakapi/middlewares/authenticate.go:101.2,102.16 2 0
github.com/muety/wakapi/middlewares/authenticate.go:109.2,109.18 1 0
github.com/muety/wakapi/middlewares/authenticate.go:97.16,99.3 1 0
github.com/muety/wakapi/middlewares/authenticate.go:102.16,104.3 1 0
github.com/muety/wakapi/middlewares/filetype.go:13.83,14.43 1 0
github.com/muety/wakapi/middlewares/filetype.go:14.43,19.3 1 0
github.com/muety/wakapi/middlewares/filetype.go:22.84,24.34 2 0
github.com/muety/wakapi/middlewares/filetype.go:31.2,31.27 1 0
github.com/muety/wakapi/middlewares/filetype.go:24.34,25.50 1 0
github.com/muety/wakapi/middlewares/filetype.go:25.50,29.4 3 0
github.com/muety/wakapi/config/eventbus.go:18.13,20.2 1 1
github.com/muety/wakapi/config/eventbus.go:22.26,24.2 1 0
github.com/muety/wakapi/config/fs.go:9.56,10.19 1 0
github.com/muety/wakapi/config/fs.go:13.2,13.19 1 0
github.com/muety/wakapi/config/fs.go:10.19,12.3 1 0
github.com/muety/wakapi/config/sentry.go:22.35,24.2 1 0
github.com/muety/wakapi/config/sentry.go:26.62,29.2 2 0
github.com/muety/wakapi/config/sentry.go:39.33,46.2 2 0
github.com/muety/wakapi/config/sentry.go:48.79,51.2 2 0
github.com/muety/wakapi/config/sentry.go:53.72,57.2 3 0
github.com/muety/wakapi/config/sentry.go:59.71,63.2 3 0
github.com/muety/wakapi/config/sentry.go:65.71,69.2 3 0
github.com/muety/wakapi/config/sentry.go:71.72,75.2 3 0
github.com/muety/wakapi/config/sentry.go:77.72,81.2 3 0
github.com/muety/wakapi/config/sentry.go:83.67,88.18 4 0
github.com/muety/wakapi/config/sentry.go:100.2,100.28 1 0
github.com/muety/wakapi/config/sentry.go:88.18,89.65 1 0
github.com/muety/wakapi/config/sentry.go:89.65,92.42 3 0
github.com/muety/wakapi/config/sentry.go:95.4,96.10 2 0
github.com/muety/wakapi/config/sentry.go:92.42,94.5 1 0
github.com/muety/wakapi/config/sentry.go:110.50,114.91 1 0
github.com/muety/wakapi/config/sentry.go:114.91,115.29 1 0
github.com/muety/wakapi/config/sentry.go:119.4,122.38 3 0
github.com/muety/wakapi/config/sentry.go:127.4,127.39 1 0
github.com/muety/wakapi/config/sentry.go:130.4,130.69 1 0
github.com/muety/wakapi/config/sentry.go:115.29,117.5 1 0
github.com/muety/wakapi/config/sentry.go:122.38,123.38 1 0
github.com/muety/wakapi/config/sentry.go:123.38,125.6 1 0
github.com/muety/wakapi/config/sentry.go:127.39,129.5 1 0
github.com/muety/wakapi/config/sentry.go:132.79,133.27 1 0
github.com/muety/wakapi/config/sentry.go:140.4,140.16 1 0
github.com/muety/wakapi/config/sentry.go:133.27,134.84 1 0
github.com/muety/wakapi/config/sentry.go:134.84,135.42 1 0
github.com/muety/wakapi/config/sentry.go:135.42,137.7 1 0
github.com/muety/wakapi/config/sentry.go:142.17,144.3 1 0
github.com/muety/wakapi/config/sentry.go:147.49,151.51 2 0
github.com/muety/wakapi/config/sentry.go:154.2,154.12 1 0
github.com/muety/wakapi/config/sentry.go:151.51,153.3 1 0
github.com/muety/wakapi/config/utils.go:5.78,7.22 2 0
github.com/muety/wakapi/config/utils.go:13.2,13.11 1 0
github.com/muety/wakapi/config/utils.go:7.22,8.18 1 0
github.com/muety/wakapi/config/utils.go:11.3,11.12 1 0
github.com/muety/wakapi/config/utils.go:8.18,10.4 1 0
github.com/muety/wakapi/config/config.go:147.70,149.2 1 0
github.com/muety/wakapi/config/config.go:151.65,153.2 1 0
github.com/muety/wakapi/config/config.go:155.82,165.2 1 0
github.com/muety/wakapi/config/config.go:167.31,169.2 1 0
github.com/muety/wakapi/config/config.go:171.32,173.2 1 0
github.com/muety/wakapi/config/config.go:175.74,176.19 1 0
github.com/muety/wakapi/config/config.go:177.10,178.34 1 0
github.com/muety/wakapi/config/config.go:178.34,179.90 1 0
github.com/muety/wakapi/config/config.go:182.4,182.100 1 0
github.com/muety/wakapi/config/config.go:185.4,185.91 1 0
github.com/muety/wakapi/config/config.go:188.4,188.95 1 0
github.com/muety/wakapi/config/config.go:191.4,191.93 1 0
github.com/muety/wakapi/config/config.go:194.4,194.97 1 0
github.com/muety/wakapi/config/config.go:197.4,197.101 1 0
github.com/muety/wakapi/config/config.go:200.4,200.98 1 0
github.com/muety/wakapi/config/config.go:203.4,203.14 1 0
github.com/muety/wakapi/config/config.go:179.90,181.5 1 0
github.com/muety/wakapi/config/config.go:182.100,184.5 1 0
github.com/muety/wakapi/config/config.go:185.91,187.5 1 0
github.com/muety/wakapi/config/config.go:188.95,190.5 1 0
github.com/muety/wakapi/config/config.go:191.93,193.5 1 0
github.com/muety/wakapi/config/config.go:194.97,196.5 1 0
github.com/muety/wakapi/config/config.go:197.101,199.5 1 0
github.com/muety/wakapi/config/config.go:200.98,202.5 1 0
github.com/muety/wakapi/config/config.go:208.60,210.2 1 0
github.com/muety/wakapi/config/config.go:212.59,214.2 1 0
github.com/muety/wakapi/config/config.go:216.57,218.2 1 0
github.com/muety/wakapi/config/config.go:220.53,222.2 1 0
github.com/muety/wakapi/config/config.go:224.55,227.2 2 0
github.com/muety/wakapi/config/config.go:229.50,231.2 1 0
github.com/muety/wakapi/config/config.go:233.46,235.2 1 0
github.com/muety/wakapi/config/config.go:237.43,239.2 1 0
github.com/muety/wakapi/config/config.go:241.29,243.2 1 1
github.com/muety/wakapi/config/config.go:245.48,256.16 2 0
github.com/muety/wakapi/config/config.go:260.2,261.53 2 0
github.com/muety/wakapi/config/config.go:265.2,265.15 1 0
github.com/muety/wakapi/config/config.go:256.16,258.3 1 0
github.com/muety/wakapi/config/config.go:261.53,263.3 1 0
github.com/muety/wakapi/config/config.go:268.38,269.43 1 0
github.com/muety/wakapi/config/config.go:272.2,272.15 1 0
github.com/muety/wakapi/config/config.go:269.43,271.3 1 0
github.com/muety/wakapi/config/config.go:275.45,276.27 1 0
github.com/muety/wakapi/config/config.go:279.2,279.15 1 0
github.com/muety/wakapi/config/config.go:276.27,278.3 1 0
github.com/muety/wakapi/config/config.go:282.77,283.29 1 0
github.com/muety/wakapi/config/config.go:288.2,288.19 1 0
github.com/muety/wakapi/config/config.go:283.29,284.18 1 0
github.com/muety/wakapi/config/config.go:284.18,286.4 1 0
github.com/muety/wakapi/config/config.go:291.42,292.28 1 0
github.com/muety/wakapi/config/config.go:308.2,308.20 1 0
github.com/muety/wakapi/config/config.go:293.52,294.21 1 0
github.com/muety/wakapi/config/config.go:295.53,296.22 1 0
github.com/muety/wakapi/config/config.go:297.55,298.24 1 0
github.com/muety/wakapi/config/config.go:299.54,300.23 1 0
github.com/muety/wakapi/config/config.go:301.52,302.21 1 0
github.com/muety/wakapi/config/config.go:303.54,304.23 1 0
github.com/muety/wakapi/config/config.go:305.52,306.21 1 0
github.com/muety/wakapi/config/config.go:311.26,313.2 1 0
github.com/muety/wakapi/config/config.go:315.20,317.2 1 0
github.com/muety/wakapi/config/config.go:319.35,324.96 3 0
github.com/muety/wakapi/config/config.go:328.2,337.52 6 0
github.com/muety/wakapi/config/config.go:341.2,341.47 1 0
github.com/muety/wakapi/config/config.go:347.2,347.29 1 0
github.com/muety/wakapi/config/config.go:353.2,353.70 1 0
github.com/muety/wakapi/config/config.go:356.2,356.28 1 0
github.com/muety/wakapi/config/config.go:359.2,359.94 1 0
github.com/muety/wakapi/config/config.go:362.2,362.81 1 0
github.com/muety/wakapi/config/config.go:365.2,365.75 1 0
github.com/muety/wakapi/config/config.go:369.2,370.14 2 0
github.com/muety/wakapi/config/config.go:324.96,326.3 1 0
github.com/muety/wakapi/config/config.go:337.52,339.3 1 0
github.com/muety/wakapi/config/config.go:341.47,342.14 1 0
github.com/muety/wakapi/config/config.go:342.14,344.4 1 0
github.com/muety/wakapi/config/config.go:347.29,350.3 2 0
github.com/muety/wakapi/config/config.go:353.70,355.3 1 0
github.com/muety/wakapi/config/config.go:356.28,358.3 1 0
github.com/muety/wakapi/config/config.go:359.94,361.3 1 0
github.com/muety/wakapi/config/config.go:362.81,364.3 1 0
github.com/muety/wakapi/config/config.go:365.75,367.3 1 0
github.com/muety/wakapi/config/db.go:39.50,40.19 1 0
github.com/muety/wakapi/config/db.go:53.2,53.12 1 0
github.com/muety/wakapi/config/db.go:41.23,45.5 1 0
github.com/muety/wakapi/config/db.go:46.26,49.5 1 0
github.com/muety/wakapi/config/db.go:50.24,51.48 1 0
github.com/muety/wakapi/config/db.go:56.53,66.2 1 1
github.com/muety/wakapi/config/db.go:68.56,70.16 2 1
github.com/muety/wakapi/config/db.go:74.2,81.3 1 1
github.com/muety/wakapi/config/db.go:70.16,72.3 1 0
github.com/muety/wakapi/config/db.go:84.54,86.2 1 1
github.com/muety/wakapi/services/project_label.go:18.111,24.2 1 0
github.com/muety/wakapi/services/project_label.go:26.80,28.2 1 0
github.com/muety/wakapi/services/project_label.go:30.90,31.51 1 0
github.com/muety/wakapi/services/project_label.go:35.2,36.16 2 0
github.com/muety/wakapi/services/project_label.go:39.2,40.20 2 0
github.com/muety/wakapi/services/project_label.go:31.51,33.3 1 0
github.com/muety/wakapi/services/project_label.go:36.16,38.3 1 0
github.com/muety/wakapi/services/project_label.go:43.108,46.16 3 0
github.com/muety/wakapi/services/project_label.go:50.2,50.31 1 0
github.com/muety/wakapi/services/project_label.go:58.2,58.20 1 0
github.com/muety/wakapi/services/project_label.go:46.16,48.3 1 0
github.com/muety/wakapi/services/project_label.go:50.31,51.41 1 0
github.com/muety/wakapi/services/project_label.go:51.41,53.4 1 0
github.com/muety/wakapi/services/project_label.go:53.9,55.4 1 0
github.com/muety/wakapi/services/project_label.go:61.98,63.16 2 0
github.com/muety/wakapi/services/project_label.go:67.2,68.20 2 0
github.com/muety/wakapi/services/project_label.go:63.16,65.3 1 0
github.com/muety/wakapi/services/project_label.go:71.74,72.24 1 0
github.com/muety/wakapi/services/project_label.go:75.2,77.12 3 0
github.com/muety/wakapi/services/project_label.go:72.24,74.3 1 0
github.com/muety/wakapi/services/summary.go:29.191,38.2 1 1
github.com/muety/wakapi/services/summary.go:42.136,45.66 2 1
github.com/muety/wakapi/services/summary.go:50.2,50.44 1 1
github.com/muety/wakapi/services/summary.go:56.2,56.65 1 1
github.com/muety/wakapi/services/summary.go:61.2,62.16 2 1
github.com/muety/wakapi/services/summary.go:67.2,72.30 5 1
github.com/muety/wakapi/services/summary.go:45.66,47.3 1 0
github.com/muety/wakapi/services/summary.go:50.44,53.3 2 1
github.com/muety/wakapi/services/summary.go:56.65,58.3 1 0
github.com/muety/wakapi/services/summary.go:62.16,64.3 1 0
github.com/muety/wakapi/services/summary.go:75.101,78.52 2 1
github.com/muety/wakapi/services/summary.go:83.2,84.16 2 1
github.com/muety/wakapi/services/summary.go:89.2,90.44 2 1
github.com/muety/wakapi/services/summary.go:99.2,100.16 2 1
github.com/muety/wakapi/services/summary.go:105.2,106.30 2 1
github.com/muety/wakapi/services/summary.go:78.52,80.3 1 0
github.com/muety/wakapi/services/summary.go:84.16,86.3 1 0
github.com/muety/wakapi/services/summary.go:90.44,91.78 1 1
github.com/muety/wakapi/services/summary.go:91.78,93.4 1 1
github.com/muety/wakapi/services/summary.go:93.9,95.4 1 0
github.com/muety/wakapi/services/summary.go:100.16,102.3 1 0
github.com/muety/wakapi/services/summary.go:109.102,112.89 2 1
github.com/muety/wakapi/services/summary.go:118.2,122.26 4 1
github.com/muety/wakapi/services/summary.go:127.2,133.34 6 1
github.com/muety/wakapi/services/summary.go:149.2,149.26 1 1
github.com/muety/wakapi/services/summary.go:154.2,166.30 3 1
github.com/muety/wakapi/services/summary.go:112.89,114.3 1 1
github.com/muety/wakapi/services/summary.go:114.8,116.3 1 0
github.com/muety/wakapi/services/summary.go:122.26,124.3 1 1
github.com/muety/wakapi/services/summary.go:133.34,135.20 2 1
github.com/muety/wakapi/services/summary.go:136.30,137.29 1 1
github.com/muety/wakapi/services/summary.go:138.31,139.30 1 1
github.com/muety/wakapi/services/summary.go:140.29,141.28 1 1
github.com/muety/wakapi/services/summary.go:142.25,143.24 1 1
github.com/muety/wakapi/services/summary.go:144.30,145.29 1 1
github.com/muety/wakapi/services/summary.go:149.26,152.3 2 1
github.com/muety/wakapi/services/summary.go:171.76,173.2 1 0
github.com/muety/wakapi/services/summary.go:175.62,178.2 2 0
github.com/muety/wakapi/services/summary.go:180.66,183.2 2 0
github.com/muety/wakapi/services/summary.go:187.127,190.31 2 1
github.com/muety/wakapi/services/summary.go:213.2,214.30 2 1
github.com/muety/wakapi/services/summary.go:222.2,222.40 1 1
github.com/muety/wakapi/services/summary.go:226.2,226.67 1 1
github.com/muety/wakapi/services/summary.go:190.31,193.35 2 1
github.com/muety/wakapi/services/summary.go:197.3,197.13 1 1
github.com/muety/wakapi/services/summary.go:201.3,206.27 2 1
github.com/muety/wakapi/services/summary.go:210.3,210.26 1 1
github.com/muety/wakapi/services/summary.go:193.35,195.4 1 1
github.com/muety/wakapi/services/summary.go:197.13,198.12 1 1
github.com/muety/wakapi/services/summary.go:206.27,209.4 2 1
github.com/muety/wakapi/services/summary.go:214.30,220.3 1 1
github.com/muety/wakapi/services/summary.go:222.40,224.3 1 1
github.com/muety/wakapi/services/summary.go:229.87,230.72 1 1
github.com/muety/wakapi/services/summary.go:238.2,239.16 2 1
github.com/muety/wakapi/services/summary.go:244.2,245.37 2 1
github.com/muety/wakapi/services/summary.go:249.2,251.30 3 1
github.com/muety/wakapi/services/summary.go:262.2,263.29 2 1
github.com/muety/wakapi/services/summary.go:266.2,267.16 2 1
github.com/muety/wakapi/services/summary.go:230.72,236.3 1 1
github.com/muety/wakapi/services/summary.go:239.16,242.3 2 0
github.com/muety/wakapi/services/summary.go:245.37,247.3 1 1
github.com/muety/wakapi/services/summary.go:251.30,252.48 1 1
github.com/muety/wakapi/services/summary.go:252.48,253.41 1 1
github.com/muety/wakapi/services/summary.go:256.4,257.29 2 1
github.com/muety/wakapi/services/summary.go:253.41,255.5 1 1
github.com/muety/wakapi/services/summary.go:263.29,265.3 1 1
github.com/muety/wakapi/services/summary.go:270.97,271.24 1 1
github.com/muety/wakapi/services/summary.go:275.2,290.30 5 1
github.com/muety/wakapi/services/summary.go:319.2,322.26 3 1
github.com/muety/wakapi/services/summary.go:271.24,273.3 1 0
github.com/muety/wakapi/services/summary.go:290.30,292.41 2 1
github.com/muety/wakapi/services/summary.go:297.3,297.38 1 1
github.com/muety/wakapi/services/summary.go:301.3,301.37 1 1
github.com/muety/wakapi/services/summary.go:305.3,305.34 1 1
github.com/muety/wakapi/services/summary.go:309.3,316.25 7 1
github.com/muety/wakapi/services/summary.go:292.41,294.12 2 1
github.com/muety/wakapi/services/summary.go:297.38,299.4 1 0
github.com/muety/wakapi/services/summary.go:301.37,303.4 1 1
github.com/muety/wakapi/services/summary.go:305.34,307.4 1 1
github.com/muety/wakapi/services/summary.go:325.127,329.32 2 1
github.com/muety/wakapi/services/summary.go:333.2,333.27 1 1
github.com/muety/wakapi/services/summary.go:341.2,343.26 3 1
github.com/muety/wakapi/services/summary.go:348.2,348.43 1 1
github.com/muety/wakapi/services/summary.go:352.2,352.17 1 1
github.com/muety/wakapi/services/summary.go:329.32,331.3 1 1
github.com/muety/wakapi/services/summary.go:333.27,334.37 1 1
github.com/muety/wakapi/services/summary.go:334.37,336.4 1 1
github.com/muety/wakapi/services/summary.go:336.9,338.4 1 1
github.com/muety/wakapi/services/summary.go:343.26,346.3 2 1
github.com/muety/wakapi/services/summary.go:348.43,350.3 1 1
github.com/muety/wakapi/services/summary.go:355.116,356.25 1 1
github.com/muety/wakapi/services/summary.go:360.2,363.44 2 1
github.com/muety/wakapi/services/summary.go:368.2,368.40 1 1
github.com/muety/wakapi/services/summary.go:393.2,393.54 1 1
github.com/muety/wakapi/services/summary.go:397.2,397.18 1 1
github.com/muety/wakapi/services/summary.go:356.25,358.3 1 0
github.com/muety/wakapi/services/summary.go:363.44,365.3 1 1
github.com/muety/wakapi/services/summary.go:368.40,370.19 2 1
github.com/muety/wakapi/services/summary.go:377.3,382.34 3 1
github.com/muety/wakapi/services/summary.go:387.3,387.22 1 1
github.com/muety/wakapi/services/summary.go:370.19,371.12 1 1
github.com/muety/wakapi/services/summary.go:382.34,384.4 1 1
github.com/muety/wakapi/services/summary.go:387.22,389.4 1 1
github.com/muety/wakapi/services/summary.go:393.54,395.3 1 1
github.com/muety/wakapi/services/summary.go:400.59,402.2 1 1
github.com/muety/wakapi/services/summary.go:404.63,405.37 1 0
github.com/muety/wakapi/services/summary.go:405.37,406.36 1 0
github.com/muety/wakapi/services/summary.go:406.36,408.4 1 0
github.com/muety/wakapi/services/user.go:21.73,28.2 1 0
github.com/muety/wakapi/services/user.go:30.74,31.40 1 0
github.com/muety/wakapi/services/user.go:35.2,36.16 2 0
github.com/muety/wakapi/services/user.go:40.2,41.15 2 0
github.com/muety/wakapi/services/user.go:31.40,33.3 1 0
github.com/muety/wakapi/services/user.go:36.16,38.3 1 0
github.com/muety/wakapi/services/user.go:44.72,45.37 1 0
github.com/muety/wakapi/services/user.go:49.2,50.16 2 0
github.com/muety/wakapi/services/user.go:54.2,55.15 2 0
github.com/muety/wakapi/services/user.go:45.37,47.3 1 0
github.com/muety/wakapi/services/user.go:50.16,52.3 1 0
github.com/muety/wakapi/services/user.go:58.76,60.2 1 0
github.com/muety/wakapi/services/user.go:62.86,64.2 1 0
github.com/muety/wakapi/services/user.go:66.58,68.2 1 0
github.com/muety/wakapi/services/user.go:70.86,72.2 1 0
github.com/muety/wakapi/services/user.go:74.61,77.2 2 0
github.com/muety/wakapi/services/user.go:79.48,81.2 1 0
github.com/muety/wakapi/services/user.go:83.102,93.93 2 0
github.com/muety/wakapi/services/user.go:99.2,99.38 1 0
github.com/muety/wakapi/services/user.go:93.93,95.3 1 0
github.com/muety/wakapi/services/user.go:95.8,97.3 1 0
github.com/muety/wakapi/services/user.go:102.73,106.2 3 0
github.com/muety/wakapi/services/user.go:108.78,112.2 3 0
github.com/muety/wakapi/services/user.go:114.99,117.2 2 0
github.com/muety/wakapi/services/user.go:119.106,122.96 3 0
github.com/muety/wakapi/services/user.go:127.2,127.68 1 0
github.com/muety/wakapi/services/user.go:122.96,124.3 1 0
github.com/muety/wakapi/services/user.go:124.8,126.3 1 0
github.com/muety/wakapi/services/user.go:130.85,132.2 1 0
github.com/muety/wakapi/services/user.go:134.57,141.2 4 0
github.com/muety/wakapi/services/user.go:143.38,145.2 1 0
github.com/muety/wakapi/services/user.go:147.57,152.2 1 0
github.com/muety/wakapi/services/misc.go:21.126,28.2 1 0
github.com/muety/wakapi/services/misc.go:40.50,42.48 1 0
github.com/muety/wakapi/services/misc.go:46.2,48.19 3 0
github.com/muety/wakapi/services/misc.go:42.48,44.3 1 0
github.com/muety/wakapi/services/misc.go:51.51,53.16 2 0
github.com/muety/wakapi/services/misc.go:57.2,60.26 3 0
github.com/muety/wakapi/services/misc.go:66.2,68.40 2 0
github.com/muety/wakapi/services/misc.go:73.2,75.33 3 0
github.com/muety/wakapi/services/misc.go:79.2,84.17 2 0
github.com/muety/wakapi/services/misc.go:88.2,91.17 1 0
github.com/muety/wakapi/services/misc.go:95.2,95.12 1 0
github.com/muety/wakapi/services/misc.go:53.16,55.3 1 0
github.com/muety/wakapi/services/misc.go:60.26,65.3 1 0
github.com/muety/wakapi/services/misc.go:68.40,70.3 1 0
github.com/muety/wakapi/services/misc.go:75.33,78.3 2 0
github.com/muety/wakapi/services/misc.go:84.17,86.3 1 0
github.com/muety/wakapi/services/misc.go:91.17,93.3 1 0
github.com/muety/wakapi/services/misc.go:98.116,99.24 1 0
github.com/muety/wakapi/services/misc.go:99.24,100.151 1 0
github.com/muety/wakapi/services/misc.go:100.151,102.4 1 0
github.com/muety/wakapi/services/misc.go:102.9,107.4 1 0
github.com/muety/wakapi/services/report.go:30.122,44.33 4 0
github.com/muety/wakapi/services/report.go:50.2,50.12 1 0
github.com/muety/wakapi/services/report.go:44.33,45.31 1 0
github.com/muety/wakapi/services/report.go:45.31,47.4 1 0
github.com/muety/wakapi/services/report.go:53.38,57.16 3 0
github.com/muety/wakapi/services/report.go:61.2,62.26 2 0
github.com/muety/wakapi/services/report.go:57.16,59.3 1 0
github.com/muety/wakapi/services/report.go:62.26,64.3 1 0
github.com/muety/wakapi/services/report.go:69.61,74.22 3 0
github.com/muety/wakapi/services/report.go:80.2,80.61 1 0
github.com/muety/wakapi/services/report.go:94.2,94.24 1 0
github.com/muety/wakapi/services/report.go:74.22,77.3 2 0
github.com/muety/wakapi/services/report.go:80.61,89.47 3 0
github.com/muety/wakapi/services/report.go:89.47,91.4 1 0
github.com/muety/wakapi/services/report.go:97.80,98.22 1 0
github.com/muety/wakapi/services/report.go:102.2,102.29 1 0
github.com/muety/wakapi/services/report.go:107.2,111.16 4 0
github.com/muety/wakapi/services/report.go:116.2,123.65 2 0
github.com/muety/wakapi/services/report.go:128.2,129.12 2 0
github.com/muety/wakapi/services/report.go:98.22,100.3 1 0
github.com/muety/wakapi/services/report.go:102.29,105.3 2 0
github.com/muety/wakapi/services/report.go:111.16,114.3 2 0
github.com/muety/wakapi/services/report.go:123.65,126.3 2 0
github.com/muety/wakapi/services/report.go:132.63,133.41 1 0
github.com/muety/wakapi/services/report.go:140.2,140.12 1 0
github.com/muety/wakapi/services/report.go:133.41,134.30 1 0
github.com/muety/wakapi/services/report.go:134.30,135.16 1 0
github.com/muety/wakapi/services/report.go:135.16,137.5 1 0
github.com/muety/wakapi/services/aggregation.go:29.142,37.2 1 0
github.com/muety/wakapi/services/aggregation.go:46.43,48.37 1 0
github.com/muety/wakapi/services/aggregation.go:52.2,54.19 3 0
github.com/muety/wakapi/services/aggregation.go:48.37,50.3 1 0
github.com/muety/wakapi/services/aggregation.go:57.67,58.47 1 0
github.com/muety/wakapi/services/aggregation.go:61.2,66.40 4 0
github.com/muety/wakapi/services/aggregation.go:70.2,70.50 1 0
github.com/muety/wakapi/services/aggregation.go:75.2,75.60 1 0
github.com/muety/wakapi/services/aggregation.go:81.2,81.35 1 0
github.com/muety/wakapi/services/aggregation.go:58.47,60.3 1 0
github.com/muety/wakapi/services/aggregation.go:66.40,68.3 1 0
github.com/muety/wakapi/services/aggregation.go:70.50,72.3 1 0
github.com/muety/wakapi/services/aggregation.go:75.60,79.3 3 0
github.com/muety/wakapi/services/aggregation.go:84.109,85.24 1 0
github.com/muety/wakapi/services/aggregation.go:85.24,86.111 1 0
github.com/muety/wakapi/services/aggregation.go:86.111,88.4 1 0
github.com/muety/wakapi/services/aggregation.go:88.9,91.4 2 0
github.com/muety/wakapi/services/aggregation.go:95.80,96.33 1 0
github.com/muety/wakapi/services/aggregation.go:96.33,97.60 1 0
github.com/muety/wakapi/services/aggregation.go:97.60,99.4 1 0
github.com/muety/wakapi/services/aggregation.go:103.100,107.59 3 0
github.com/muety/wakapi/services/aggregation.go:122.2,123.16 2 0
github.com/muety/wakapi/services/aggregation.go:129.2,130.16 2 0
github.com/muety/wakapi/services/aggregation.go:136.2,137.44 2 0
github.com/muety/wakapi/services/aggregation.go:142.2,142.41 1 0
github.com/muety/wakapi/services/aggregation.go:156.2,156.12 1 0
github.com/muety/wakapi/services/aggregation.go:107.59,110.3 2 0
github.com/muety/wakapi/services/aggregation.go:110.8,110.47 1 0
github.com/muety/wakapi/services/aggregation.go:110.47,112.30 2 0
github.com/muety/wakapi/services/aggregation.go:112.30,113.43 1 0
github.com/muety/wakapi/services/aggregation.go:113.43,115.5 1 0
github.com/muety/wakapi/services/aggregation.go:117.8,119.3 1 0
github.com/muety/wakapi/services/aggregation.go:123.16,126.3 2 0
github.com/muety/wakapi/services/aggregation.go:130.16,133.3 2 0
github.com/muety/wakapi/services/aggregation.go:137.44,139.3 1 0
github.com/muety/wakapi/services/aggregation.go:142.41,143.21 1 0
github.com/muety/wakapi/services/aggregation.go:143.21,147.4 1 0
github.com/muety/wakapi/services/aggregation.go:147.9,147.62 1 0
github.com/muety/wakapi/services/aggregation.go:147.62,151.4 1 0
github.com/muety/wakapi/services/aggregation.go:159.73,162.27 3 0
github.com/muety/wakapi/services/aggregation.go:167.2,167.27 1 0
github.com/muety/wakapi/services/aggregation.go:170.2,170.12 1 0
github.com/muety/wakapi/services/aggregation.go:162.27,163.39 1 0
github.com/muety/wakapi/services/aggregation.go:163.39,165.4 1 0
github.com/muety/wakapi/services/aggregation.go:167.27,169.3 1 0
github.com/muety/wakapi/services/aggregation.go:173.69,176.27 3 0
github.com/muety/wakapi/services/aggregation.go:176.27,178.3 1 0
github.com/muety/wakapi/services/aggregation.go:181.83,196.41 5 0
github.com/muety/wakapi/services/aggregation.go:196.41,206.3 3 0
github.com/muety/wakapi/services/aggregation.go:209.34,212.2 2 0
github.com/muety/wakapi/services/alias.go:17.77,22.2 1 1
github.com/muety/wakapi/services/alias.go:26.60,27.43 1 1
github.com/muety/wakapi/services/alias.go:30.2,30.14 1 1
github.com/muety/wakapi/services/alias.go:27.43,29.3 1 1
github.com/muety/wakapi/services/alias.go:33.62,35.16 2 1
github.com/muety/wakapi/services/alias.go:38.2,38.12 1 1
github.com/muety/wakapi/services/alias.go:35.16,37.3 1 1
github.com/muety/wakapi/services/alias.go:41.76,43.16 2 0
github.com/muety/wakapi/services/alias.go:46.2,46.21 1 0
github.com/muety/wakapi/services/alias.go:43.16,45.3 1 0
github.com/muety/wakapi/services/alias.go:49.113,51.16 2 0
github.com/muety/wakapi/services/alias.go:54.2,54.21 1 0
github.com/muety/wakapi/services/alias.go:51.16,53.3 1 0
github.com/muety/wakapi/services/alias.go:57.108,58.32 1 1
github.com/muety/wakapi/services/alias.go:64.2,65.46 2 1
github.com/muety/wakapi/services/alias.go:70.2,70.19 1 1
github.com/muety/wakapi/services/alias.go:58.32,59.52 1 1
github.com/muety/wakapi/services/alias.go:59.52,61.4 1 1
github.com/muety/wakapi/services/alias.go:65.46,66.48 1 1
github.com/muety/wakapi/services/alias.go:66.48,68.4 1 1
github.com/muety/wakapi/services/alias.go:73.77,75.16 2 0
github.com/muety/wakapi/services/alias.go:78.2,79.20 2 0
github.com/muety/wakapi/services/alias.go:75.16,77.3 1 0
github.com/muety/wakapi/services/alias.go:82.60,83.24 1 0
github.com/muety/wakapi/services/alias.go:86.2,88.12 3 0
github.com/muety/wakapi/services/alias.go:83.24,85.3 1 0
github.com/muety/wakapi/services/alias.go:91.69,94.28 3 0
github.com/muety/wakapi/services/alias.go:102.2,104.31 2 0
github.com/muety/wakapi/services/alias.go:108.2,108.12 1 0
github.com/muety/wakapi/services/alias.go:94.28,95.21 1 0
github.com/muety/wakapi/services/alias.go:98.3,99.16 2 0
github.com/muety/wakapi/services/alias.go:95.21,97.4 1 0
github.com/muety/wakapi/services/alias.go:104.31,106.3 1 0
github.com/muety/wakapi/services/alias.go:111.52,112.51 1 0
github.com/muety/wakapi/services/alias.go:112.51,114.3 1 0
github.com/muety/wakapi/services/heartbeat.go:21.141,28.2 1 0
github.com/muety/wakapi/services/heartbeat.go:30.72,33.2 2 0
github.com/muety/wakapi/services/heartbeat.go:35.80,40.32 3 0
github.com/muety/wakapi/services/heartbeat.go:48.2,48.55 1 0
github.com/muety/wakapi/services/heartbeat.go:40.32,41.36 1 0
github.com/muety/wakapi/services/heartbeat.go:45.3,45.43 1 0
github.com/muety/wakapi/services/heartbeat.go:41.36,44.4 2 0
github.com/muety/wakapi/services/heartbeat.go:51.53,53.2 1 0
github.com/muety/wakapi/services/heartbeat.go:55.76,57.2 1 0
github.com/muety/wakapi/services/heartbeat.go:59.96,61.2 1 0
github.com/muety/wakapi/services/heartbeat.go:63.111,65.16 2 0
github.com/muety/wakapi/services/heartbeat.go:68.2,68.43 1 0
github.com/muety/wakapi/services/heartbeat.go:65.16,67.3 1 0
github.com/muety/wakapi/services/heartbeat.go:71.92,73.2 1 0
github.com/muety/wakapi/services/heartbeat.go:75.116,77.2 1 0
github.com/muety/wakapi/services/heartbeat.go:79.78,81.2 1 0
github.com/muety/wakapi/services/heartbeat.go:83.104,85.54 2 0
github.com/muety/wakapi/services/heartbeat.go:89.2,90.16 2 0
github.com/muety/wakapi/services/heartbeat.go:93.2,94.21 2 0
github.com/muety/wakapi/services/heartbeat.go:85.54,87.3 1 0
github.com/muety/wakapi/services/heartbeat.go:90.16,92.3 1 0
github.com/muety/wakapi/services/heartbeat.go:97.62,99.2 1 0
github.com/muety/wakapi/services/heartbeat.go:101.116,103.16 2 0
github.com/muety/wakapi/services/heartbeat.go:107.2,107.28 1 0
github.com/muety/wakapi/services/heartbeat.go:111.2,111.24 1 0
github.com/muety/wakapi/services/heartbeat.go:103.16,105.3 1 0
github.com/muety/wakapi/services/heartbeat.go:107.28,109.3 1 0
github.com/muety/wakapi/services/heartbeat.go:114.96,116.2 1 0
github.com/muety/wakapi/services/heartbeat.go:118.107,120.55 2 0
github.com/muety/wakapi/services/heartbeat.go:120.55,121.58 1 0
github.com/muety/wakapi/services/heartbeat.go:121.58,125.4 1 0
github.com/muety/wakapi/services/heartbeat.go:129.85,135.2 5 0
github.com/muety/wakapi/services/key_value.go:14.89,19.2 1 0
github.com/muety/wakapi/services/key_value.go:21.83,23.2 1 0
github.com/muety/wakapi/services/key_value.go:25.78,27.16 2 0
github.com/muety/wakapi/services/key_value.go:33.2,33.11 1 0
github.com/muety/wakapi/services/key_value.go:27.16,32.3 1 0
github.com/muety/wakapi/services/key_value.go:36.72,38.2 1 0
github.com/muety/wakapi/services/key_value.go:40.60,42.2 1 0
github.com/muety/wakapi/services/language_mapping.go:18.118,24.2 1 0
github.com/muety/wakapi/services/language_mapping.go:26.86,28.2 1 0
github.com/muety/wakapi/services/language_mapping.go:30.96,31.53 1 0
github.com/muety/wakapi/services/language_mapping.go:35.2,36.16 2 0
github.com/muety/wakapi/services/language_mapping.go:39.2,40.22 2 0
github.com/muety/wakapi/services/language_mapping.go:31.53,33.3 1 0
github.com/muety/wakapi/services/language_mapping.go:36.16,38.3 1 0
github.com/muety/wakapi/services/language_mapping.go:43.92,46.16 3 0
github.com/muety/wakapi/services/language_mapping.go:50.2,50.33 1 0
github.com/muety/wakapi/services/language_mapping.go:53.2,53.22 1 0
github.com/muety/wakapi/services/language_mapping.go:46.16,48.3 1 0
github.com/muety/wakapi/services/language_mapping.go:50.33,52.3 1 0
github.com/muety/wakapi/services/language_mapping.go:56.109,58.16 2 0
github.com/muety/wakapi/services/language_mapping.go:62.2,63.20 2 0
github.com/muety/wakapi/services/language_mapping.go:58.16,60.3 1 0
github.com/muety/wakapi/services/language_mapping.go:66.82,67.26 1 0
github.com/muety/wakapi/services/language_mapping.go:70.2,72.12 3 0
github.com/muety/wakapi/services/language_mapping.go:67.26,69.3 1 0
github.com/muety/wakapi/services/language_mapping.go:75.74,78.2 1 0
