mode: set
github.com/muety/wakapi/config/config.go:204.64,206.2 1 0
github.com/muety/wakapi/config/config.go:208.59,210.2 1 0
github.com/muety/wakapi/config/config.go:212.82,222.2 1 0
github.com/muety/wakapi/config/config.go:224.31,226.2 1 0
github.com/muety/wakapi/config/config.go:228.32,230.2 1 0
github.com/muety/wakapi/config/config.go:232.60,234.2 1 0
github.com/muety/wakapi/config/config.go:236.59,238.2 1 0
github.com/muety/wakapi/config/config.go:240.57,242.2 1 0
github.com/muety/wakapi/config/config.go:244.53,246.2 1 0
github.com/muety/wakapi/config/config.go:248.53,249.46 1 0
github.com/muety/wakapi/config/config.go:249.46,253.17 3 0
github.com/muety/wakapi/config/config.go:253.17,255.4 1 0
github.com/muety/wakapi/config/config.go:257.3,258.17 2 0
github.com/muety/wakapi/config/config.go:258.17,260.4 1 0
github.com/muety/wakapi/config/config.go:262.3,262.44 1 0
github.com/muety/wakapi/config/config.go:265.2,265.51 1 0
github.com/muety/wakapi/config/config.go:268.50,269.47 1 0
github.com/muety/wakapi/config/config.go:269.47,276.17 5 0
github.com/muety/wakapi/config/config.go:276.17,278.4 1 0
github.com/muety/wakapi/config/config.go:280.3,281.17 2 0
github.com/muety/wakapi/config/config.go:281.17,283.4 1 0
github.com/muety/wakapi/config/config.go:285.3,285.54 1 0
github.com/muety/wakapi/config/config.go:288.2,288.52 1 0
github.com/muety/wakapi/config/config.go:291.65,296.56 3 0
github.com/muety/wakapi/config/config.go:296.56,298.33 1 0
github.com/muety/wakapi/config/config.go:298.33,301.18 3 0
github.com/muety/wakapi/config/config.go:301.18,303.5 1 0
github.com/muety/wakapi/config/config.go:305.4,306.18 2 0
github.com/muety/wakapi/config/config.go:306.18,308.5 1 0
github.com/muety/wakapi/config/config.go:310.4,310.45 1 0
github.com/muety/wakapi/config/config.go:312.8,313.33 1 0
github.com/muety/wakapi/config/config.go:313.33,315.4 1 0
github.com/muety/wakapi/config/config.go:318.2,318.76 1 0
github.com/muety/wakapi/config/config.go:318.76,320.3 1 0
github.com/muety/wakapi/config/config.go:322.2,322.14 1 0
github.com/muety/wakapi/config/config.go:325.54,328.2 2 0
github.com/muety/wakapi/config/config.go:330.54,332.64 2 0
github.com/muety/wakapi/config/config.go:332.64,333.70 1 0
github.com/muety/wakapi/config/config.go:333.70,335.4 1 0
github.com/muety/wakapi/config/config.go:335.9,337.4 1 0
github.com/muety/wakapi/config/config.go:341.58,343.2 1 0
github.com/muety/wakapi/config/config.go:345.66,347.2 1 0
github.com/muety/wakapi/config/config.go:349.65,351.2 1 0
github.com/muety/wakapi/config/config.go:353.73,355.2 1 0
github.com/muety/wakapi/config/config.go:357.70,360.23 3 0
github.com/muety/wakapi/config/config.go:360.23,362.3 1 0
github.com/muety/wakapi/config/config.go:364.2,368.20 4 0
github.com/muety/wakapi/config/config.go:369.11,370.28 1 0
github.com/muety/wakapi/config/config.go:371.11,372.28 1 0
github.com/muety/wakapi/config/config.go:373.11,374.26 1 0
github.com/muety/wakapi/config/config.go:377.2,377.51 1 0
github.com/muety/wakapi/config/config.go:380.36,382.2 1 0
github.com/muety/wakapi/config/config.go:384.35,386.2 1 0
github.com/muety/wakapi/config/config.go:388.38,390.2 1 0
github.com/muety/wakapi/config/config.go:392.35,394.2 1 0
github.com/muety/wakapi/config/config.go:396.46,398.2 1 0
github.com/muety/wakapi/config/config.go:400.43,402.2 1 0
github.com/muety/wakapi/config/config.go:404.29,406.2 1 1
github.com/muety/wakapi/config/config.go:408.48,419.16 2 0
github.com/muety/wakapi/config/config.go:419.16,421.3 1 0
github.com/muety/wakapi/config/config.go:423.2,424.53 2 0
github.com/muety/wakapi/config/config.go:424.53,426.3 1 0
github.com/muety/wakapi/config/config.go:428.2,428.15 1 0
github.com/muety/wakapi/config/config.go:431.45,432.27 1 0
github.com/muety/wakapi/config/config.go:432.27,434.3 1 0
github.com/muety/wakapi/config/config.go:435.2,435.24 1 0
github.com/muety/wakapi/config/config.go:435.24,437.3 1 0
github.com/muety/wakapi/config/config.go:438.2,438.25 1 0
github.com/muety/wakapi/config/config.go:438.25,440.3 1 0
github.com/muety/wakapi/config/config.go:441.2,441.15 1 0
github.com/muety/wakapi/config/config.go:444.26,446.2 1 0
github.com/muety/wakapi/config/config.go:448.20,450.2 1 0
github.com/muety/wakapi/config/config.go:452.54,455.82 2 0
github.com/muety/wakapi/config/config.go:455.82,457.3 1 0
github.com/muety/wakapi/config/config.go:459.2,463.21 4 0
github.com/muety/wakapi/config/config.go:463.21,465.3 1 0
github.com/muety/wakapi/config/config.go:467.2,475.16 7 0
github.com/muety/wakapi/config/config.go:475.16,479.3 3 0
github.com/muety/wakapi/config/config.go:481.2,487.47 5 0
github.com/muety/wakapi/config/config.go:487.47,488.14 1 0
github.com/muety/wakapi/config/config.go:488.14,490.4 1 0
github.com/muety/wakapi/config/config.go:493.2,493.29 1 0
github.com/muety/wakapi/config/config.go:493.29,496.3 2 0
github.com/muety/wakapi/config/config.go:498.2,498.41 1 0
github.com/muety/wakapi/config/config.go:498.41,500.3 1 0
github.com/muety/wakapi/config/config.go:500.8,502.35 2 0
github.com/muety/wakapi/config/config.go:502.35,504.4 1 0
github.com/muety/wakapi/config/config.go:505.3,505.37 1 0
github.com/muety/wakapi/config/config.go:509.2,509.108 1 0
github.com/muety/wakapi/config/config.go:509.108,511.3 1 0
github.com/muety/wakapi/config/config.go:512.2,512.28 1 0
github.com/muety/wakapi/config/config.go:512.28,514.3 1 0
github.com/muety/wakapi/config/config.go:515.2,515.51 1 0
github.com/muety/wakapi/config/config.go:515.51,518.3 2 0
github.com/muety/wakapi/config/config.go:519.2,519.100 1 0
github.com/muety/wakapi/config/config.go:519.100,521.3 1 0
github.com/muety/wakapi/config/config.go:522.2,522.74 1 0
github.com/muety/wakapi/config/config.go:522.74,524.3 1 0
github.com/muety/wakapi/config/config.go:525.2,525.94 1 0
github.com/muety/wakapi/config/config.go:525.94,527.3 1 0
github.com/muety/wakapi/config/config.go:528.2,528.156 1 0
github.com/muety/wakapi/config/config.go:528.156,530.3 1 0
github.com/muety/wakapi/config/config.go:531.2,531.165 1 0
github.com/muety/wakapi/config/config.go:531.165,533.3 1 0
github.com/muety/wakapi/config/config.go:535.2,537.78 2 0
github.com/muety/wakapi/config/config.go:537.78,539.3 1 0
github.com/muety/wakapi/config/config.go:540.2,540.81 1 0
github.com/muety/wakapi/config/config.go:540.81,542.3 1 0
github.com/muety/wakapi/config/config.go:543.2,543.66 1 0
github.com/muety/wakapi/config/config.go:543.66,544.48 1 0
github.com/muety/wakapi/config/config.go:544.48,546.4 1 0
github.com/muety/wakapi/config/config.go:550.2,550.76 1 0
github.com/muety/wakapi/config/config.go:550.76,552.3 1 0
github.com/muety/wakapi/config/config.go:555.2,555.55 1 0
github.com/muety/wakapi/config/config.go:555.55,557.3 1 0
github.com/muety/wakapi/config/config.go:558.2,558.56 1 0
github.com/muety/wakapi/config/config.go:558.56,560.3 1 0
github.com/muety/wakapi/config/config.go:561.2,561.65 1 0
github.com/muety/wakapi/config/config.go:561.65,563.3 1 0
github.com/muety/wakapi/config/config.go:565.2,566.14 2 0
github.com/muety/wakapi/config/config.go:569.22,579.2 1 0
github.com/muety/wakapi/config/config.go:581.38,584.2 2 0
github.com/muety/wakapi/config/db.go:42.50,43.19 1 0
github.com/muety/wakapi/config/db.go:44.23,48.5 1 0
github.com/muety/wakapi/config/db.go:49.26,52.5 1 0
github.com/muety/wakapi/config/db.go:53.24,54.48 1 0
github.com/muety/wakapi/config/db.go:55.23,56.50 1 0
github.com/muety/wakapi/config/db.go:59.2,59.12 1 0
github.com/muety/wakapi/config/db.go:62.53,63.25 1 1
github.com/muety/wakapi/config/db.go:63.25,65.3 1 0
github.com/muety/wakapi/config/db.go:67.2,69.25 2 1
github.com/muety/wakapi/config/db.go:69.25,71.3 1 1
github.com/muety/wakapi/config/db.go:73.2,80.3 1 1
github.com/muety/wakapi/config/db.go:83.56,84.25 1 1
github.com/muety/wakapi/config/db.go:84.25,86.3 1 0
github.com/muety/wakapi/config/db.go:88.2,89.16 2 1
github.com/muety/wakapi/config/db.go:89.16,91.3 1 0
github.com/muety/wakapi/config/db.go:93.2,100.3 1 1
github.com/muety/wakapi/config/db.go:103.54,105.2 1 1
github.com/muety/wakapi/config/db.go:107.53,113.16 3 1
github.com/muety/wakapi/config/db.go:113.16,115.3 1 1
github.com/muety/wakapi/config/db.go:117.2,124.19 2 1
github.com/muety/wakapi/config/db_opts.go:11.56,13.2 1 0
github.com/muety/wakapi/config/db_opts.go:15.59,17.2 1 0
github.com/muety/wakapi/config/db_opts.go:19.61,21.39 1 0
github.com/muety/wakapi/config/db_opts.go:21.39,23.100 1 0
github.com/muety/wakapi/config/db_opts.go:23.100,25.4 1 0
github.com/muety/wakapi/config/db_opts.go:28.2,28.30 1 0
github.com/muety/wakapi/config/db_opts.go:28.30,29.68 1 0
github.com/muety/wakapi/config/db_opts.go:29.68,31.4 1 0
github.com/muety/wakapi/config/db_opts.go:34.2,34.12 1 0
github.com/muety/wakapi/config/eventbus.go:27.13,29.2 1 1
github.com/muety/wakapi/config/eventbus.go:31.26,33.2 1 0
github.com/muety/wakapi/config/fs.go:9.56,10.19 1 0
github.com/muety/wakapi/config/fs.go:10.19,12.3 1 0
github.com/muety/wakapi/config/fs.go:13.2,13.19 1 0
github.com/muety/wakapi/config/jobqueue.go:28.13,30.2 1 1
github.com/muety/wakapi/config/jobqueue.go:32.18,39.2 6 0
github.com/muety/wakapi/config/jobqueue.go:41.48,42.34 1 0
github.com/muety/wakapi/config/jobqueue.go:42.34,44.3 1 0
github.com/muety/wakapi/config/jobqueue.go:45.2,48.12 4 0
github.com/muety/wakapi/config/jobqueue.go:51.44,53.2 1 0
github.com/muety/wakapi/config/jobqueue.go:55.48,56.35 1 0
github.com/muety/wakapi/config/jobqueue.go:56.35,58.3 1 0
github.com/muety/wakapi/config/jobqueue.go:59.2,59.24 1 0
github.com/muety/wakapi/config/jobqueue.go:62.43,64.37 2 0
github.com/muety/wakapi/config/jobqueue.go:64.37,70.3 1 0
github.com/muety/wakapi/config/jobqueue.go:71.2,71.16 1 0
github.com/muety/wakapi/config/jobqueue.go:74.20,75.30 1 0
github.com/muety/wakapi/config/jobqueue.go:75.30,77.3 1 0
github.com/muety/wakapi/config/key_utils.go:11.58,15.44 2 0
github.com/muety/wakapi/config/key_utils.go:15.44,17.17 2 0
github.com/muety/wakapi/config/key_utils.go:17.17,19.4 1 0
github.com/muety/wakapi/config/key_utils.go:20.3,23.17 3 0
github.com/muety/wakapi/config/key_utils.go:23.17,25.4 1 0
github.com/muety/wakapi/config/key_utils.go:26.3,26.46 1 0
github.com/muety/wakapi/config/key_utils.go:30.2,31.16 2 0
github.com/muety/wakapi/config/key_utils.go:31.16,33.3 1 0
github.com/muety/wakapi/config/key_utils.go:34.2,37.51 3 0
github.com/muety/wakapi/config/key_utils.go:37.51,39.3 1 0
github.com/muety/wakapi/config/key_utils.go:40.2,40.45 1 0
github.com/muety/wakapi/config/sentry.go:21.35,23.2 1 0
github.com/muety/wakapi/config/sentry.go:25.62,28.2 2 0
github.com/muety/wakapi/config/sentry.go:38.33,45.2 2 0
github.com/muety/wakapi/config/sentry.go:47.79,50.2 2 0
github.com/muety/wakapi/config/sentry.go:52.72,56.2 3 0
github.com/muety/wakapi/config/sentry.go:58.71,62.2 3 0
github.com/muety/wakapi/config/sentry.go:64.71,68.2 3 0
github.com/muety/wakapi/config/sentry.go:70.72,74.2 3 0
github.com/muety/wakapi/config/sentry.go:76.72,80.2 3 0
github.com/muety/wakapi/config/sentry.go:82.67,87.18 4 0
github.com/muety/wakapi/config/sentry.go:87.18,88.65 1 0
github.com/muety/wakapi/config/sentry.go:88.65,91.45 3 0
github.com/muety/wakapi/config/sentry.go:91.45,93.5 1 0
github.com/muety/wakapi/config/sentry.go:94.4,95.10 2 0
github.com/muety/wakapi/config/sentry.go:99.2,99.28 1 0
github.com/muety/wakapi/config/sentry.go:109.50,115.59 1 0
github.com/muety/wakapi/config/sentry.go:115.59,117.38 2 0
github.com/muety/wakapi/config/sentry.go:117.38,118.38 1 0
github.com/muety/wakapi/config/sentry.go:118.38,120.6 1 0
github.com/muety/wakapi/config/sentry.go:122.4,122.39 1 0
github.com/muety/wakapi/config/sentry.go:122.39,124.5 1 0
github.com/muety/wakapi/config/sentry.go:125.4,125.37 1 0
github.com/muety/wakapi/config/sentry.go:127.79,128.27 1 0
github.com/muety/wakapi/config/sentry.go:128.27,129.84 1 0
github.com/muety/wakapi/config/sentry.go:129.84,130.45 1 0
github.com/muety/wakapi/config/sentry.go:130.45,132.7 1 0
github.com/muety/wakapi/config/sentry.go:135.4,135.16 1 0
github.com/muety/wakapi/config/sentry.go:137.17,139.3 1 0
github.com/muety/wakapi/config/sentry.go:143.43,148.51 2 0
github.com/muety/wakapi/config/sentry.go:148.51,150.3 1 0
github.com/muety/wakapi/config/sentry.go:151.2,151.11 1 0
github.com/muety/wakapi/config/session.go:9.46,10.25 1 0
github.com/muety/wakapi/config/session.go:10.25,12.3 1 0
github.com/muety/wakapi/config/session.go:13.2,13.21 1 0
github.com/muety/wakapi/helpers/date.go:17.73,18.58 1 0
github.com/muety/wakapi/helpers/date.go:18.58,20.3 1 0
github.com/muety/wakapi/helpers/date.go:21.2,21.87 1 0
github.com/muety/wakapi/helpers/date.go:21.87,23.3 1 0
github.com/muety/wakapi/helpers/date.go:24.2,24.64 1 0
github.com/muety/wakapi/helpers/date.go:27.40,29.2 1 0
github.com/muety/wakapi/helpers/date.go:31.44,33.2 1 0
github.com/muety/wakapi/helpers/date.go:35.49,37.2 1 0
github.com/muety/wakapi/helpers/date.go:39.45,41.2 1 0
github.com/muety/wakapi/helpers/date.go:43.50,49.2 5 0
github.com/muety/wakapi/helpers/http.go:11.94,13.16 2 0
github.com/muety/wakapi/helpers/http.go:13.16,15.3 1 0
github.com/muety/wakapi/helpers/http.go:17.2,17.107 1 0
github.com/muety/wakapi/helpers/http.go:17.107,19.3 1 0
github.com/muety/wakapi/helpers/http.go:21.2,21.22 1 0
github.com/muety/wakapi/helpers/http.go:24.90,27.58 3 0
github.com/muety/wakapi/helpers/http.go:27.58,29.3 1 0
github.com/muety/wakapi/helpers/interval.go:10.66,11.40 1 0
github.com/muety/wakapi/helpers/interval.go:11.40,12.27 1 0
github.com/muety/wakapi/helpers/interval.go:12.27,14.4 1 0
github.com/muety/wakapi/helpers/interval.go:16.2,16.48 1 0
github.com/muety/wakapi/helpers/interval.go:19.61,22.2 2 0
github.com/muety/wakapi/helpers/interval.go:24.88,27.2 2 0
github.com/muety/wakapi/helpers/interval.go:29.95,31.16 2 0
github.com/muety/wakapi/helpers/interval.go:31.16,33.3 1 0
github.com/muety/wakapi/helpers/interval.go:34.2,34.38 1 0
github.com/muety/wakapi/helpers/interval.go:37.105,41.18 3 1
github.com/muety/wakapi/helpers/interval.go:42.28,43.32 1 0
github.com/muety/wakapi/helpers/interval.go:44.32,46.30 2 0
github.com/muety/wakapi/helpers/interval.go:47.30,48.34 1 1
github.com/muety/wakapi/helpers/interval.go:49.31,50.35 1 0
github.com/muety/wakapi/helpers/interval.go:51.31,53.33 2 0
github.com/muety/wakapi/helpers/interval.go:54.32,55.36 1 0
github.com/muety/wakapi/helpers/interval.go:56.32,58.34 2 0
github.com/muety/wakapi/helpers/interval.go:59.31,60.35 1 0
github.com/muety/wakapi/helpers/interval.go:61.32,62.31 1 1
github.com/muety/wakapi/helpers/interval.go:63.41,65.48 2 0
github.com/muety/wakapi/helpers/interval.go:66.33,67.32 1 1
github.com/muety/wakapi/helpers/interval.go:68.33,69.32 1 1
github.com/muety/wakapi/helpers/interval.go:70.34,71.31 1 1
github.com/muety/wakapi/helpers/interval.go:72.35,73.32 1 1
github.com/muety/wakapi/helpers/interval.go:74.26,75.21 1 0
github.com/muety/wakapi/helpers/interval.go:76.10,77.39 1 0
github.com/muety/wakapi/helpers/interval.go:80.2,80.22 1 1
github.com/muety/wakapi/helpers/interval.go:84.65,85.15 1 1
github.com/muety/wakapi/helpers/interval.go:85.15,87.3 1 1
github.com/muety/wakapi/helpers/interval.go:88.2,88.14 1 1
github.com/muety/wakapi/helpers/interval.go:88.14,90.3 1 1
github.com/muety/wakapi/helpers/interval.go:91.2,91.14 1 1
github.com/muety/wakapi/helpers/interval.go:91.14,93.3 1 1
github.com/muety/wakapi/helpers/interval.go:94.2,94.15 1 1
github.com/muety/wakapi/helpers/interval.go:94.15,96.3 1 1
github.com/muety/wakapi/helpers/interval.go:97.2,97.15 1 1
github.com/muety/wakapi/helpers/interval.go:97.15,99.3 1 1
github.com/muety/wakapi/helpers/interval.go:100.2,100.16 1 1
github.com/muety/wakapi/helpers/interval.go:100.16,102.3 1 1
github.com/muety/wakapi/helpers/interval.go:103.2,103.16 1 1
github.com/muety/wakapi/helpers/interval.go:103.16,105.3 1 1
github.com/muety/wakapi/helpers/interval.go:106.2,106.41 1 1
github.com/muety/wakapi/helpers/summary.go:10.73,17.56 5 0
github.com/muety/wakapi/helpers/summary.go:17.56,19.3 1 0
github.com/muety/wakapi/helpers/summary.go:19.8,19.54 1 0
github.com/muety/wakapi/helpers/summary.go:19.54,21.3 1 0
github.com/muety/wakapi/helpers/summary.go:21.8,23.17 2 0
github.com/muety/wakapi/helpers/summary.go:23.17,25.4 1 0
github.com/muety/wakapi/helpers/summary.go:27.3,28.17 2 0
github.com/muety/wakapi/helpers/summary.go:28.17,30.4 1 0
github.com/muety/wakapi/helpers/summary.go:33.2,43.8 3 0
github.com/muety/wakapi/helpers/summary.go:46.59,48.48 2 0
github.com/muety/wakapi/helpers/summary.go:48.48,50.3 1 0
github.com/muety/wakapi/helpers/summary.go:51.2,51.49 1 0
github.com/muety/wakapi/helpers/summary.go:51.49,53.3 1 0
github.com/muety/wakapi/helpers/summary.go:54.2,54.47 1 0
github.com/muety/wakapi/helpers/summary.go:54.47,56.3 1 0
github.com/muety/wakapi/helpers/summary.go:57.2,57.48 1 0
github.com/muety/wakapi/helpers/summary.go:57.48,59.3 1 0
github.com/muety/wakapi/helpers/summary.go:60.2,60.57 1 0
github.com/muety/wakapi/helpers/summary.go:60.57,62.3 1 0
github.com/muety/wakapi/helpers/summary.go:63.2,63.46 1 0
github.com/muety/wakapi/helpers/summary.go:63.46,65.3 1 0
github.com/muety/wakapi/helpers/summary.go:66.2,66.47 1 0
github.com/muety/wakapi/helpers/summary.go:66.47,68.3 1 0
github.com/muety/wakapi/helpers/summary.go:69.2,69.47 1 0
github.com/muety/wakapi/helpers/summary.go:69.47,71.3 1 0
github.com/muety/wakapi/helpers/summary.go:72.2,72.16 1 0
github.com/muety/wakapi/helpers/summary.go:75.48,79.51 2 0
github.com/muety/wakapi/helpers/summary.go:79.51,81.3 1 0
github.com/muety/wakapi/helpers/summary.go:82.2,82.12 1 0
github.com/muety/wakapi/middlewares/custom/wakatime.go:32.60,41.2 1 0
github.com/muety/wakapi/middlewares/custom/wakatime.go:43.72,44.71 1 0
github.com/muety/wakapi/middlewares/custom/wakatime.go:44.71,46.3 1 0
github.com/muety/wakapi/middlewares/custom/wakatime.go:49.108,55.70 4 0
github.com/muety/wakapi/middlewares/custom/wakatime.go:55.70,57.3 1 0
github.com/muety/wakapi/middlewares/custom/wakatime.go:59.2,60.46 2 0
github.com/muety/wakapi/middlewares/custom/wakatime.go:60.46,62.3 1 0
github.com/muety/wakapi/middlewares/custom/wakatime.go:64.2,65.16 2 0
github.com/muety/wakapi/middlewares/custom/wakatime.go:65.16,68.3 2 0
github.com/muety/wakapi/middlewares/custom/wakatime.go:70.2,76.28 5 0
github.com/muety/wakapi/middlewares/custom/wakatime.go:76.28,78.3 1 0
github.com/muety/wakapi/middlewares/custom/wakatime.go:80.2,102.3 3 0
github.com/muety/wakapi/middlewares/custom/wakatime.go:105.119,107.16 2 0
github.com/muety/wakapi/middlewares/custom/wakatime.go:107.16,110.3 2 0
github.com/muety/wakapi/middlewares/custom/wakatime.go:112.2,112.28 1 0
github.com/muety/wakapi/middlewares/custom/wakatime.go:112.28,113.23 1 0
github.com/muety/wakapi/middlewares/custom/wakatime.go:113.23,115.4 1 0
github.com/muety/wakapi/middlewares/custom/wakatime.go:118.2,119.16 2 0
github.com/muety/wakapi/middlewares/custom/wakatime.go:119.16,122.3 2 0
github.com/muety/wakapi/middlewares/custom/wakatime.go:124.2,124.61 1 0
github.com/muety/wakapi/middlewares/custom/wakatime.go:124.61,128.57 2 0
github.com/muety/wakapi/middlewares/custom/wakatime.go:128.57,130.4 1 0
github.com/muety/wakapi/middlewares/custom/wakatime.go:131.3,131.81 1 0
github.com/muety/wakapi/middlewares/custom/wakatime.go:131.81,136.4 1 0
github.com/muety/wakapi/middlewares/custom/wakatime.go:136.9,136.23 1 0
github.com/muety/wakapi/middlewares/custom/wakatime.go:136.23,138.4 1 0
github.com/muety/wakapi/middlewares/custom/wakatime.go:146.72,148.16 2 0
github.com/muety/wakapi/middlewares/custom/wakatime.go:148.16,150.3 1 0
github.com/muety/wakapi/middlewares/custom/wakatime.go:152.2,157.98 5 0
github.com/muety/wakapi/middlewares/custom/wakatime.go:157.98,159.3 1 0
github.com/muety/wakapi/middlewares/custom/wakatime.go:161.2,163.68 2 0
github.com/muety/wakapi/middlewares/custom/wakatime.go:163.68,166.58 2 0
github.com/muety/wakapi/middlewares/custom/wakatime.go:166.58,169.4 2 0
github.com/muety/wakapi/middlewares/custom/wakatime.go:172.2,172.50 1 0
github.com/muety/wakapi/middlewares/custom/wakatime.go:172.50,173.33 1 0
github.com/muety/wakapi/middlewares/custom/wakatime.go:173.33,175.4 1 0
github.com/muety/wakapi/middlewares/custom/wakatime.go:176.8,176.32 1 0
github.com/muety/wakapi/middlewares/custom/wakatime.go:176.32,178.3 1 0
github.com/muety/wakapi/middlewares/custom/wakatime.go:180.2,180.23 1 0
github.com/muety/wakapi/middlewares/custom/wakatime.go:180.23,182.3 1 0
github.com/muety/wakapi/middlewares/custom/wakatime.go:184.2,184.37 1 0
github.com/muety/wakapi/middlewares/custom/wakatime.go:184.37,187.3 2 0
github.com/muety/wakapi/middlewares/custom/wakatime.go:189.2,190.62 2 0
github.com/muety/wakapi/middlewares/custom/wakatime.go:190.62,192.3 1 0
github.com/muety/wakapi/middlewares/custom/wakatime.go:193.2,195.12 2 0
github.com/muety/wakapi/models/view/common.go:13.45,15.2 1 0
github.com/muety/wakapi/models/view/common.go:17.47,19.2 1 0
github.com/muety/wakapi/models/view/home.go:16.62,19.2 2 0
github.com/muety/wakapi/models/view/home.go:21.60,24.2 2 0
github.com/muety/wakapi/models/view/imprint.go:8.68,11.2 2 0
github.com/muety/wakapi/models/view/imprint.go:13.66,16.2 2 0
github.com/muety/wakapi/models/view/imprint.go:18.69,21.2 2 0
github.com/muety/wakapi/models/view/leaderboard.go:23.76,26.2 2 0
github.com/muety/wakapi/models/view/leaderboard.go:28.74,31.2 2 0
github.com/muety/wakapi/models/view/leaderboard.go:33.113,34.53 1 0
github.com/muety/wakapi/models/view/leaderboard.go:34.53,36.3 1 0
github.com/muety/wakapi/models/view/leaderboard.go:37.2,37.20 1 0
github.com/muety/wakapi/models/view/leaderboard.go:37.20,39.3 1 0
github.com/muety/wakapi/models/view/leaderboard.go:40.2,40.20 1 0
github.com/muety/wakapi/models/view/leaderboard.go:40.20,42.3 1 0
github.com/muety/wakapi/models/view/leaderboard.go:43.2,43.20 1 0
github.com/muety/wakapi/models/view/leaderboard.go:43.20,45.3 1 0
github.com/muety/wakapi/models/view/leaderboard.go:46.2,46.18 1 0
github.com/muety/wakapi/models/view/leaderboard.go:49.61,51.2 1 0
github.com/muety/wakapi/models/view/leaderboard.go:53.55,55.2 1 0
github.com/muety/wakapi/models/view/login.go:15.64,18.2 2 0
github.com/muety/wakapi/models/view/login.go:20.62,23.2 2 0
github.com/muety/wakapi/models/view/projects.go:22.58,24.2 1 0
github.com/muety/wakapi/models/view/projects.go:26.65,30.2 3 0
github.com/muety/wakapi/models/view/projects.go:32.70,35.2 2 0
github.com/muety/wakapi/models/view/projects.go:37.68,40.2 2 0
github.com/muety/wakapi/models/view/projects.go:42.49,43.21 1 0
github.com/muety/wakapi/models/view/projects.go:43.21,44.122 1 0
github.com/muety/wakapi/models/view/projects.go:44.122,46.4 1 0
github.com/muety/wakapi/models/view/projects.go:48.2,48.36 1 0
github.com/muety/wakapi/models/view/projects.go:51.75,59.2 3 0
github.com/muety/wakapi/models/view/settings.go:36.57,38.2 1 0
github.com/muety/wakapi/models/view/settings.go:40.70,43.2 2 0
github.com/muety/wakapi/models/view/settings.go:45.68,48.2 2 0
github.com/muety/wakapi/models/view/summary.go:26.51,33.2 2 0
github.com/muety/wakapi/models/view/summary.go:35.68,38.2 2 0
github.com/muety/wakapi/models/view/summary.go:40.66,43.2 2 0
github.com/muety/wakapi/models/view/utils.go:5.46,32.55 2 0
github.com/muety/wakapi/models/view/utils.go:32.55,34.3 1 0
github.com/muety/wakapi/models/view/utils.go:35.2,35.11 1 0
github.com/muety/wakapi/models/compat/shields/v1/badge.go:22.59,29.2 1 0
github.com/muety/wakapi/models/metrics/counter_metric.go:12.37,14.2 1 0
github.com/muety/wakapi/models/metrics/counter_metric.go:16.39,18.2 1 0
github.com/muety/wakapi/models/metrics/counter_metric.go:20.40,22.2 1 0
github.com/muety/wakapi/models/metrics/gauge_metric.go:12.35,14.2 1 0
github.com/muety/wakapi/models/metrics/gauge_metric.go:16.37,18.2 1 0
github.com/muety/wakapi/models/metrics/gauge_metric.go:20.38,22.2 1 0
github.com/muety/wakapi/models/metrics/label.go:15.32,17.22 2 0
github.com/muety/wakapi/models/metrics/label.go:17.22,19.3 1 0
github.com/muety/wakapi/models/metrics/label.go:20.2,20.17 1 0
github.com/muety/wakapi/models/metrics/label.go:20.17,22.3 1 0
github.com/muety/wakapi/models/metrics/label.go:23.2,23.62 1 0
github.com/muety/wakapi/models/metrics/label.go:26.31,28.2 1 0
github.com/muety/wakapi/models/metrics/metric.go:14.42,16.22 2 0
github.com/muety/wakapi/models/metrics/metric.go:16.22,17.44 1 0
github.com/muety/wakapi/models/metrics/metric.go:17.44,20.4 2 0
github.com/muety/wakapi/models/metrics/metric.go:21.3,21.43 1 0
github.com/muety/wakapi/models/metrics/metric.go:24.2,24.15 1 0
github.com/muety/wakapi/models/metrics/metric.go:27.28,29.2 1 0
github.com/muety/wakapi/models/metrics/metric.go:31.38,33.2 1 0
github.com/muety/wakapi/models/metrics/metric.go:35.33,37.2 1 0
github.com/muety/wakapi/mocks/alias_repository.go:12.65,15.2 2 0
github.com/muety/wakapi/mocks/alias_repository.go:17.76,20.2 2 0
github.com/muety/wakapi/mocks/alias_repository.go:22.93,25.2 2 0
github.com/muety/wakapi/mocks/alias_repository.go:27.109,30.2 2 0
github.com/muety/wakapi/mocks/alias_repository.go:32.109,35.2 2 0
github.com/muety/wakapi/mocks/alias_repository.go:37.78,40.2 2 0
github.com/muety/wakapi/mocks/alias_repository.go:42.52,45.2 2 0
github.com/muety/wakapi/mocks/alias_repository.go:47.59,50.2 2 0
github.com/muety/wakapi/mocks/alias_service.go:12.57,15.2 2 0
github.com/muety/wakapi/mocks/alias_service.go:17.59,20.2 2 0
github.com/muety/wakapi/mocks/alias_service.go:22.92,25.2 2 0
github.com/muety/wakapi/mocks/alias_service.go:27.73,30.2 2 0
github.com/muety/wakapi/mocks/alias_service.go:32.89,35.2 2 0
github.com/muety/wakapi/mocks/alias_service.go:37.106,40.2 2 0
github.com/muety/wakapi/mocks/alias_service.go:42.75,45.2 2 0
github.com/muety/wakapi/mocks/alias_service.go:47.58,50.2 2 0
github.com/muety/wakapi/mocks/alias_service.go:52.65,55.2 2 0
github.com/muety/wakapi/mocks/duration_service.go:13.132,16.2 2 0
github.com/muety/wakapi/mocks/heartbeat_service.go:14.66,17.2 2 0
github.com/muety/wakapi/mocks/heartbeat_service.go:19.73,22.2 2 0
github.com/muety/wakapi/mocks/heartbeat_service.go:24.61,27.2 2 0
github.com/muety/wakapi/mocks/heartbeat_service.go:29.78,32.2 2 0
github.com/muety/wakapi/mocks/heartbeat_service.go:34.98,37.2 2 0
github.com/muety/wakapi/mocks/heartbeat_service.go:39.126,42.2 2 0
github.com/muety/wakapi/mocks/heartbeat_service.go:44.160,47.2 2 0
github.com/muety/wakapi/mocks/heartbeat_service.go:49.80,52.2 2 0
github.com/muety/wakapi/mocks/heartbeat_service.go:54.94,57.2 2 0
github.com/muety/wakapi/mocks/heartbeat_service.go:59.113,62.2 2 0
github.com/muety/wakapi/mocks/heartbeat_service.go:64.113,67.2 2 0
github.com/muety/wakapi/mocks/heartbeat_service.go:69.91,72.2 2 0
github.com/muety/wakapi/mocks/heartbeat_service.go:74.67,77.2 2 0
github.com/muety/wakapi/mocks/heartbeat_service.go:79.67,82.2 2 0
github.com/muety/wakapi/mocks/heartbeat_service.go:84.86,87.2 2 0
github.com/muety/wakapi/mocks/heartbeat_service.go:89.146,92.2 2 0
github.com/muety/wakapi/mocks/key_value_service.go:12.83,15.2 2 0
github.com/muety/wakapi/mocks/key_value_service.go:17.78,20.2 2 0
github.com/muety/wakapi/mocks/key_value_service.go:22.87,25.2 2 0
github.com/muety/wakapi/mocks/key_value_service.go:27.73,30.2 2 0
github.com/muety/wakapi/mocks/key_value_service.go:32.60,35.2 2 0
github.com/muety/wakapi/mocks/project_label_service.go:12.81,15.2 2 0
github.com/muety/wakapi/mocks/project_label_service.go:17.87,20.2 2 0
github.com/muety/wakapi/mocks/project_label_service.go:22.105,25.2 2 0
github.com/muety/wakapi/mocks/project_label_service.go:27.113,30.2 2 0
github.com/muety/wakapi/mocks/project_label_service.go:32.96,35.2 2 0
github.com/muety/wakapi/mocks/project_label_service.go:37.72,40.2 2 0
github.com/muety/wakapi/mocks/summary_repository.go:13.65,16.2 2 0
github.com/muety/wakapi/mocks/summary_repository.go:18.69,21.2 2 0
github.com/muety/wakapi/mocks/summary_repository.go:23.120,26.2 2 0
github.com/muety/wakapi/mocks/summary_repository.go:28.79,31.2 2 0
github.com/muety/wakapi/mocks/summary_repository.go:33.62,36.2 2 0
github.com/muety/wakapi/mocks/summary_repository.go:38.81,41.2 2 0
github.com/muety/wakapi/mocks/summary_service.go:14.159,17.2 2 0
github.com/muety/wakapi/mocks/summary_service.go:19.126,22.2 2 0
github.com/muety/wakapi/mocks/summary_service.go:24.127,27.2 2 0
github.com/muety/wakapi/mocks/summary_service.go:29.78,32.2 2 0
github.com/muety/wakapi/mocks/summary_service.go:34.59,37.2 2 0
github.com/muety/wakapi/mocks/summary_service.go:39.78,42.2 2 0
github.com/muety/wakapi/mocks/summary_service.go:44.62,47.2 2 0
github.com/muety/wakapi/mocks/user_service.go:12.71,15.2 2 0
github.com/muety/wakapi/mocks/user_service.go:17.72,20.2 2 0
github.com/muety/wakapi/mocks/user_service.go:22.74,25.2 2 0
github.com/muety/wakapi/mocks/user_service.go:27.79,30.2 2 0
github.com/muety/wakapi/mocks/user_service.go:32.60,35.2 2 0
github.com/muety/wakapi/mocks/user_service.go:37.75,40.2 2 0
github.com/muety/wakapi/mocks/user_service.go:42.71,45.2 2 0
github.com/muety/wakapi/mocks/user_service.go:47.86,50.2 2 0
github.com/muety/wakapi/mocks/user_service.go:52.79,54.23 1 0
github.com/muety/wakapi/mocks/user_service.go:57.75,60.2 2 0
github.com/muety/wakapi/mocks/user_service.go:62.85,65.2 2 0
github.com/muety/wakapi/mocks/user_service.go:67.69,70.2 2 0
github.com/muety/wakapi/mocks/user_service.go:72.50,75.2 2 0
github.com/muety/wakapi/mocks/user_service.go:77.104,80.2 2 0
github.com/muety/wakapi/mocks/user_service.go:82.75,85.2 2 0
github.com/muety/wakapi/mocks/user_service.go:87.59,90.2 2 0
github.com/muety/wakapi/mocks/user_service.go:92.80,95.2 2 0
github.com/muety/wakapi/mocks/user_service.go:97.81,100.2 2 0
github.com/muety/wakapi/mocks/user_service.go:102.109,105.2 2 0
github.com/muety/wakapi/mocks/user_service.go:107.87,110.2 2 0
github.com/muety/wakapi/mocks/user_service.go:112.40,114.2 1 0
github.com/muety/wakapi/mocks/user_service.go:116.52,118.2 1 0
github.com/muety/wakapi/middlewares/authenticate.go:35.91,41.2 1 1
github.com/muety/wakapi/middlewares/authenticate.go:43.91,46.2 2 0
github.com/muety/wakapi/middlewares/authenticate.go:48.90,51.2 2 0
github.com/muety/wakapi/middlewares/authenticate.go:53.99,56.2 2 0
github.com/muety/wakapi/middlewares/authenticate.go:58.71,59.71 1 0
github.com/muety/wakapi/middlewares/authenticate.go:59.71,61.3 1 0
github.com/muety/wakapi/middlewares/authenticate.go:64.107,68.16 3 0
github.com/muety/wakapi/middlewares/authenticate.go:68.16,70.3 1 0
github.com/muety/wakapi/middlewares/authenticate.go:71.2,71.16 1 0
github.com/muety/wakapi/middlewares/authenticate.go:71.16,73.3 1 0
github.com/muety/wakapi/middlewares/authenticate.go:74.2,74.55 1 0
github.com/muety/wakapi/middlewares/authenticate.go:74.55,76.3 1 0
github.com/muety/wakapi/middlewares/authenticate.go:78.2,78.31 1 0
github.com/muety/wakapi/middlewares/authenticate.go:78.31,79.31 1 0
github.com/muety/wakapi/middlewares/authenticate.go:79.31,82.4 2 0
github.com/muety/wakapi/middlewares/authenticate.go:84.3,84.29 1 0
github.com/muety/wakapi/middlewares/authenticate.go:84.29,87.4 2 0
github.com/muety/wakapi/middlewares/authenticate.go:87.9,88.36 1 0
github.com/muety/wakapi/middlewares/authenticate.go:88.36,92.5 3 0
github.com/muety/wakapi/middlewares/authenticate.go:93.4,94.59 2 0
github.com/muety/wakapi/middlewares/authenticate.go:96.3,96.9 1 0
github.com/muety/wakapi/middlewares/authenticate.go:99.2,100.12 2 0
github.com/muety/wakapi/middlewares/authenticate.go:103.70,104.39 1 0
github.com/muety/wakapi/middlewares/authenticate.go:104.39,105.60 1 0
github.com/muety/wakapi/middlewares/authenticate.go:105.60,107.4 1 0
github.com/muety/wakapi/middlewares/authenticate.go:109.2,109.14 1 0
github.com/muety/wakapi/middlewares/authenticate.go:112.98,114.16 2 1
github.com/muety/wakapi/middlewares/authenticate.go:114.16,116.3 1 1
github.com/muety/wakapi/middlewares/authenticate.go:118.2,121.16 4 1
github.com/muety/wakapi/middlewares/authenticate.go:121.16,123.3 1 0
github.com/muety/wakapi/middlewares/authenticate.go:124.2,124.18 1 1
github.com/muety/wakapi/middlewares/authenticate.go:127.97,131.19 4 1
github.com/muety/wakapi/middlewares/authenticate.go:131.19,133.3 1 1
github.com/muety/wakapi/middlewares/authenticate.go:134.2,135.16 2 1
github.com/muety/wakapi/middlewares/authenticate.go:135.16,137.3 1 0
github.com/muety/wakapi/middlewares/authenticate.go:138.2,138.18 1 1
github.com/muety/wakapi/middlewares/authenticate.go:141.99,143.22 2 1
github.com/muety/wakapi/middlewares/authenticate.go:143.22,145.3 1 0
github.com/muety/wakapi/middlewares/authenticate.go:146.2,146.161 1 1
github.com/muety/wakapi/middlewares/authenticate.go:146.161,148.3 1 1
github.com/muety/wakapi/middlewares/authenticate.go:148.5,150.3 1 1
github.com/muety/wakapi/middlewares/authenticate.go:151.2,151.43 1 1
github.com/muety/wakapi/middlewares/authenticate.go:154.92,156.16 2 0
github.com/muety/wakapi/middlewares/authenticate.go:156.16,158.3 1 0
github.com/muety/wakapi/middlewares/authenticate.go:160.2,161.16 2 0
github.com/muety/wakapi/middlewares/authenticate.go:161.16,163.3 1 0
github.com/muety/wakapi/middlewares/authenticate.go:168.2,168.18 1 0
github.com/muety/wakapi/middlewares/filetype.go:13.83,14.43 1 0
github.com/muety/wakapi/middlewares/filetype.go:14.43,19.3 1 0
github.com/muety/wakapi/middlewares/filetype.go:22.84,24.34 2 0
github.com/muety/wakapi/middlewares/filetype.go:24.34,25.50 1 0
github.com/muety/wakapi/middlewares/filetype.go:25.50,29.4 3 0
github.com/muety/wakapi/middlewares/filetype.go:31.2,31.27 1 0
github.com/muety/wakapi/middlewares/logging.go:20.102,21.43 1 0
github.com/muety/wakapi/middlewares/logging.go:21.43,27.3 1 0
github.com/muety/wakapi/middlewares/logging.go:30.80,39.44 7 0
github.com/muety/wakapi/middlewares/logging.go:39.44,40.38 1 0
github.com/muety/wakapi/middlewares/logging.go:40.38,42.4 1 0
github.com/muety/wakapi/middlewares/logging.go:45.2,54.3 1 0
github.com/muety/wakapi/middlewares/logging.go:57.41,59.14 2 0
github.com/muety/wakapi/middlewares/logging.go:59.14,61.3 1 0
github.com/muety/wakapi/middlewares/logging.go:62.2,62.14 1 0
github.com/muety/wakapi/middlewares/logging.go:62.14,64.3 1 0
github.com/muety/wakapi/middlewares/logging.go:65.2,65.11 1 0
github.com/muety/wakapi/middlewares/logging.go:68.41,69.42 1 0
github.com/muety/wakapi/middlewares/logging.go:69.42,71.3 1 0
github.com/muety/wakapi/middlewares/logging.go:72.2,72.12 1 0
github.com/muety/wakapi/middlewares/logging.go:103.52,105.2 1 0
github.com/muety/wakapi/middlewares/logging.go:117.45,118.20 1 0
github.com/muety/wakapi/middlewares/logging.go:118.20,122.3 3 0
github.com/muety/wakapi/middlewares/logging.go:124.54,127.18 3 0
github.com/muety/wakapi/middlewares/logging.go:127.18,130.17 2 0
github.com/muety/wakapi/middlewares/logging.go:130.17,132.4 1 0
github.com/muety/wakapi/middlewares/logging.go:134.2,135.15 2 0
github.com/muety/wakapi/middlewares/logging.go:137.42,138.20 1 0
github.com/muety/wakapi/middlewares/logging.go:138.20,140.3 1 0
github.com/muety/wakapi/middlewares/logging.go:142.36,144.2 1 0
github.com/muety/wakapi/middlewares/logging.go:145.42,147.2 1 0
github.com/muety/wakapi/middlewares/logging.go:148.40,150.2 1 0
github.com/muety/wakapi/middlewares/logging.go:151.52,153.2 1 0
github.com/muety/wakapi/middlewares/principal.go:15.62,17.2 1 0
github.com/muety/wakapi/middlewares/principal.go:19.58,21.2 1 0
github.com/muety/wakapi/middlewares/principal.go:23.60,24.24 1 0
github.com/muety/wakapi/middlewares/principal.go:24.24,26.3 1 0
github.com/muety/wakapi/middlewares/principal.go:27.2,27.31 1 0
github.com/muety/wakapi/middlewares/principal.go:49.71,50.43 1 0
github.com/muety/wakapi/middlewares/principal.go:50.43,52.3 1 0
github.com/muety/wakapi/middlewares/principal.go:55.81,58.2 2 0
github.com/muety/wakapi/middlewares/principal.go:60.55,61.52 1 0
github.com/muety/wakapi/middlewares/principal.go:61.52,63.3 1 0
github.com/muety/wakapi/middlewares/principal.go:66.49,67.52 1 0
github.com/muety/wakapi/middlewares/principal.go:67.52,69.3 1 0
github.com/muety/wakapi/middlewares/principal.go:70.2,70.12 1 0
github.com/muety/wakapi/middlewares/security.go:19.62,20.43 1 0
github.com/muety/wakapi/middlewares/security.go:20.43,22.3 1 0
github.com/muety/wakapi/middlewares/security.go:25.80,26.36 1 0
github.com/muety/wakapi/middlewares/security.go:26.36,27.30 1 0
github.com/muety/wakapi/middlewares/security.go:27.30,29.4 1 0
github.com/muety/wakapi/middlewares/security.go:31.2,31.27 1 0
github.com/muety/wakapi/middlewares/sentry.go:15.60,16.43 1 0
github.com/muety/wakapi/middlewares/sentry.go:16.43,20.3 1 0
github.com/muety/wakapi/middlewares/sentry.go:23.78,26.54 3 0
github.com/muety/wakapi/middlewares/sentry.go:26.54,27.43 1 0
github.com/muety/wakapi/middlewares/sentry.go:27.43,29.4 1 0
github.com/muety/wakapi/mocks/alias_repository.go:12.65,15.2 2 0
github.com/muety/wakapi/mocks/alias_repository.go:17.76,20.2 2 0
github.com/muety/wakapi/mocks/alias_repository.go:22.93,25.2 2 0
github.com/muety/wakapi/mocks/alias_repository.go:27.109,30.2 2 0
github.com/muety/wakapi/mocks/alias_repository.go:32.109,35.2 2 0
github.com/muety/wakapi/mocks/alias_repository.go:37.78,40.2 2 0
github.com/muety/wakapi/mocks/alias_repository.go:42.52,45.2 2 0
github.com/muety/wakapi/mocks/alias_repository.go:47.59,50.2 2 0
github.com/muety/wakapi/mocks/alias_service.go:12.57,15.2 2 0
github.com/muety/wakapi/mocks/alias_service.go:17.59,20.2 2 0
github.com/muety/wakapi/mocks/alias_service.go:22.92,25.2 2 0
github.com/muety/wakapi/mocks/alias_service.go:27.73,30.2 2 0
github.com/muety/wakapi/mocks/alias_service.go:32.89,35.2 2 0
github.com/muety/wakapi/mocks/alias_service.go:37.106,40.2 2 0
github.com/muety/wakapi/mocks/alias_service.go:42.75,45.2 2 0
github.com/muety/wakapi/mocks/alias_service.go:47.58,50.2 2 0
github.com/muety/wakapi/mocks/alias_service.go:52.65,55.2 2 0
github.com/muety/wakapi/mocks/duration_service.go:13.132,16.2 2 0
github.com/muety/wakapi/mocks/heartbeat_service.go:14.66,17.2 2 0
github.com/muety/wakapi/mocks/heartbeat_service.go:19.73,22.2 2 0
github.com/muety/wakapi/mocks/heartbeat_service.go:24.61,27.2 2 0
github.com/muety/wakapi/mocks/heartbeat_service.go:29.78,32.2 2 0
github.com/muety/wakapi/mocks/heartbeat_service.go:34.98,37.2 2 0
github.com/muety/wakapi/mocks/heartbeat_service.go:39.126,42.2 2 0
github.com/muety/wakapi/mocks/heartbeat_service.go:44.160,47.2 2 0
github.com/muety/wakapi/mocks/heartbeat_service.go:49.80,52.2 2 0
github.com/muety/wakapi/mocks/heartbeat_service.go:54.94,57.2 2 0
github.com/muety/wakapi/mocks/heartbeat_service.go:59.113,62.2 2 0
github.com/muety/wakapi/mocks/heartbeat_service.go:64.113,67.2 2 0
github.com/muety/wakapi/mocks/heartbeat_service.go:69.91,72.2 2 0
github.com/muety/wakapi/mocks/heartbeat_service.go:74.67,77.2 2 0
github.com/muety/wakapi/mocks/heartbeat_service.go:79.67,82.2 2 0
github.com/muety/wakapi/mocks/heartbeat_service.go:84.86,87.2 2 0
github.com/muety/wakapi/mocks/heartbeat_service.go:89.146,92.2 2 0
github.com/muety/wakapi/mocks/key_value_service.go:12.83,15.2 2 0
github.com/muety/wakapi/mocks/key_value_service.go:17.78,20.2 2 0
github.com/muety/wakapi/mocks/key_value_service.go:22.87,25.2 2 0
github.com/muety/wakapi/mocks/key_value_service.go:27.73,30.2 2 0
github.com/muety/wakapi/mocks/key_value_service.go:32.60,35.2 2 0
github.com/muety/wakapi/mocks/project_label_service.go:12.81,15.2 2 0
github.com/muety/wakapi/mocks/project_label_service.go:17.87,20.2 2 0
github.com/muety/wakapi/mocks/project_label_service.go:22.105,25.2 2 0
github.com/muety/wakapi/mocks/project_label_service.go:27.113,30.2 2 0
github.com/muety/wakapi/mocks/project_label_service.go:32.96,35.2 2 0
github.com/muety/wakapi/mocks/project_label_service.go:37.72,40.2 2 0
github.com/muety/wakapi/mocks/summary_repository.go:13.65,16.2 2 0
github.com/muety/wakapi/mocks/summary_repository.go:18.69,21.2 2 0
github.com/muety/wakapi/mocks/summary_repository.go:23.120,26.2 2 0
github.com/muety/wakapi/mocks/summary_repository.go:28.79,31.2 2 0
github.com/muety/wakapi/mocks/summary_repository.go:33.62,36.2 2 0
github.com/muety/wakapi/mocks/summary_repository.go:38.81,41.2 2 0
github.com/muety/wakapi/mocks/summary_service.go:14.159,17.2 2 0
github.com/muety/wakapi/mocks/summary_service.go:19.126,22.2 2 0
github.com/muety/wakapi/mocks/summary_service.go:24.127,27.2 2 0
github.com/muety/wakapi/mocks/summary_service.go:29.78,32.2 2 0
github.com/muety/wakapi/mocks/summary_service.go:34.59,37.2 2 0
github.com/muety/wakapi/mocks/summary_service.go:39.78,42.2 2 0
github.com/muety/wakapi/mocks/summary_service.go:44.62,47.2 2 0
github.com/muety/wakapi/mocks/user_service.go:12.71,15.2 2 1
github.com/muety/wakapi/mocks/user_service.go:17.72,20.2 2 1
github.com/muety/wakapi/mocks/user_service.go:22.74,25.2 2 0
github.com/muety/wakapi/mocks/user_service.go:27.79,30.2 2 0
github.com/muety/wakapi/mocks/user_service.go:32.60,35.2 2 0
github.com/muety/wakapi/mocks/user_service.go:37.75,40.2 2 0
github.com/muety/wakapi/mocks/user_service.go:42.71,45.2 2 0
github.com/muety/wakapi/mocks/user_service.go:47.86,50.2 2 0
github.com/muety/wakapi/mocks/user_service.go:52.79,54.23 1 0
github.com/muety/wakapi/mocks/user_service.go:57.75,60.2 2 0
github.com/muety/wakapi/mocks/user_service.go:62.85,65.2 2 0
github.com/muety/wakapi/mocks/user_service.go:67.69,70.2 2 0
github.com/muety/wakapi/mocks/user_service.go:72.50,75.2 2 0
github.com/muety/wakapi/mocks/user_service.go:77.104,80.2 2 0
github.com/muety/wakapi/mocks/user_service.go:82.75,85.2 2 0
github.com/muety/wakapi/mocks/user_service.go:87.59,90.2 2 0
github.com/muety/wakapi/mocks/user_service.go:92.80,95.2 2 0
github.com/muety/wakapi/mocks/user_service.go:97.81,100.2 2 0
github.com/muety/wakapi/mocks/user_service.go:102.109,105.2 2 0
github.com/muety/wakapi/mocks/user_service.go:107.87,110.2 2 0
github.com/muety/wakapi/mocks/user_service.go:112.40,114.2 1 0
github.com/muety/wakapi/mocks/user_service.go:116.52,118.2 1 0
github.com/muety/wakapi/repositories/alias.go:13.55,15.2 1 0
github.com/muety/wakapi/repositories/alias.go:17.61,19.50 2 0
github.com/muety/wakapi/repositories/alias.go:19.50,21.3 1 0
github.com/muety/wakapi/repositories/alias.go:22.2,22.21 1 0
github.com/muety/wakapi/repositories/alias.go:25.77,27.18 2 0
github.com/muety/wakapi/repositories/alias.go:27.18,29.3 1 0
github.com/muety/wakapi/repositories/alias.go:30.2,32.36 1 0
github.com/muety/wakapi/repositories/alias.go:32.36,34.3 1 0
github.com/muety/wakapi/repositories/alias.go:35.2,35.21 1 0
github.com/muety/wakapi/repositories/alias.go:38.88,40.18 2 0
github.com/muety/wakapi/repositories/alias.go:40.18,42.3 1 0
github.com/muety/wakapi/repositories/alias.go:43.2,48.36 1 0
github.com/muety/wakapi/repositories/alias.go:48.36,50.3 1 0
github.com/muety/wakapi/repositories/alias.go:51.2,51.21 1 0
github.com/muety/wakapi/repositories/alias.go:54.114,56.18 2 0
github.com/muety/wakapi/repositories/alias.go:56.18,58.3 1 0
github.com/muety/wakapi/repositories/alias.go:59.2,65.36 1 0
github.com/muety/wakapi/repositories/alias.go:65.36,67.3 1 0
github.com/muety/wakapi/repositories/alias.go:68.2,68.21 1 0
github.com/muety/wakapi/repositories/alias.go:71.123,73.18 2 0
github.com/muety/wakapi/repositories/alias.go:73.18,75.3 1 0
github.com/muety/wakapi/repositories/alias.go:76.2,82.34 1 0
github.com/muety/wakapi/repositories/alias.go:82.34,84.3 1 0
github.com/muety/wakapi/repositories/alias.go:85.2,85.19 1 0
github.com/muety/wakapi/repositories/alias.go:88.78,89.22 1 0
github.com/muety/wakapi/repositories/alias.go:89.22,91.3 1 0
github.com/muety/wakapi/repositories/alias.go:92.2,93.37 2 0
github.com/muety/wakapi/repositories/alias.go:93.37,95.3 1 0
github.com/muety/wakapi/repositories/alias.go:96.2,96.19 1 0
github.com/muety/wakapi/repositories/alias.go:99.49,103.2 1 0
github.com/muety/wakapi/repositories/alias.go:105.57,109.2 1 0
github.com/muety/wakapi/repositories/diagnostics.go:12.67,14.2 1 0
github.com/muety/wakapi/repositories/diagnostics.go:16.102,18.2 1 0
github.com/muety/wakapi/repositories/heartbeat.go:21.63,23.2 1 0
github.com/muety/wakapi/repositories/heartbeat.go:26.69,28.53 2 0
github.com/muety/wakapi/repositories/heartbeat.go:28.53,30.3 1 0
github.com/muety/wakapi/repositories/heartbeat.go:31.2,31.24 1 0
github.com/muety/wakapi/repositories/heartbeat.go:34.81,38.61 1 0
github.com/muety/wakapi/repositories/heartbeat.go:38.61,39.32 1 0
github.com/muety/wakapi/repositories/heartbeat.go:39.32,41.18 2 0
github.com/muety/wakapi/repositories/heartbeat.go:41.18,42.140 1 0
github.com/muety/wakapi/repositories/heartbeat.go:42.141,44.6 0 0
github.com/muety/wakapi/repositories/heartbeat.go:44.11,46.6 1 0
github.com/muety/wakapi/repositories/heartbeat.go:49.3,49.13 1 0
github.com/muety/wakapi/repositories/heartbeat.go:52.2,56.41 1 0
github.com/muety/wakapi/repositories/heartbeat.go:56.41,58.3 1 0
github.com/muety/wakapi/repositories/heartbeat.go:59.2,59.12 1 0
github.com/muety/wakapi/repositories/heartbeat.go:62.93,68.39 2 0
github.com/muety/wakapi/repositories/heartbeat.go:68.39,70.3 1 0
github.com/muety/wakapi/repositories/heartbeat.go:71.2,71.24 1 0
github.com/muety/wakapi/repositories/heartbeat.go:74.117,83.39 2 0
github.com/muety/wakapi/repositories/heartbeat.go:83.39,85.3 1 0
github.com/muety/wakapi/repositories/heartbeat.go:86.2,86.24 1 0
github.com/muety/wakapi/repositories/heartbeat.go:89.112,97.39 2 0
github.com/muety/wakapi/repositories/heartbeat.go:97.39,99.3 1 0
github.com/muety/wakapi/repositories/heartbeat.go:100.2,100.24 1 0
github.com/muety/wakapi/repositories/heartbeat.go:103.152,114.50 4 0
github.com/muety/wakapi/repositories/heartbeat.go:114.50,116.3 1 0
github.com/muety/wakapi/repositories/heartbeat.go:117.2,117.24 1 0
github.com/muety/wakapi/repositories/heartbeat.go:120.127,128.50 4 0
github.com/muety/wakapi/repositories/heartbeat.go:128.50,130.3 1 0
github.com/muety/wakapi/repositories/heartbeat.go:131.2,131.23 1 0
github.com/muety/wakapi/repositories/heartbeat.go:134.79,142.2 3 0
github.com/muety/wakapi/repositories/heartbeat.go:144.78,152.2 3 0
github.com/muety/wakapi/repositories/heartbeat.go:154.80,155.42 1 0
github.com/muety/wakapi/repositories/heartbeat.go:155.42,161.3 1 0
github.com/muety/wakapi/repositories/heartbeat.go:163.2,163.16 1 0
github.com/muety/wakapi/repositories/heartbeat.go:163.16,167.3 1 0
github.com/muety/wakapi/repositories/heartbeat.go:168.2,168.19 1 0
github.com/muety/wakapi/repositories/heartbeat.go:171.77,176.35 2 0
github.com/muety/wakapi/repositories/heartbeat.go:176.35,178.3 1 0
github.com/muety/wakapi/repositories/heartbeat.go:179.2,179.19 1 0
github.com/muety/wakapi/repositories/heartbeat.go:182.97,186.26 3 0
github.com/muety/wakapi/repositories/heartbeat.go:186.26,188.3 1 0
github.com/muety/wakapi/repositories/heartbeat.go:190.2,190.23 1 0
github.com/muety/wakapi/repositories/heartbeat.go:190.23,192.3 1 0
github.com/muety/wakapi/repositories/heartbeat.go:194.2,199.35 1 0
github.com/muety/wakapi/repositories/heartbeat.go:199.35,201.3 1 0
github.com/muety/wakapi/repositories/heartbeat.go:203.2,203.20 1 0
github.com/muety/wakapi/repositories/heartbeat.go:206.101,212.36 2 0
github.com/muety/wakapi/repositories/heartbeat.go:212.36,214.3 1 0
github.com/muety/wakapi/repositories/heartbeat.go:215.2,215.21 1 0
github.com/muety/wakapi/repositories/heartbeat.go:218.63,221.48 1 0
github.com/muety/wakapi/repositories/heartbeat.go:221.48,223.3 1 0
github.com/muety/wakapi/repositories/heartbeat.go:224.2,224.12 1 0
github.com/muety/wakapi/repositories/heartbeat.go:227.69,230.48 1 0
github.com/muety/wakapi/repositories/heartbeat.go:230.48,232.3 1 0
github.com/muety/wakapi/repositories/heartbeat.go:233.2,233.12 1 0
github.com/muety/wakapi/repositories/heartbeat.go:236.88,240.48 1 0
github.com/muety/wakapi/repositories/heartbeat.go:240.48,242.3 1 0
github.com/muety/wakapi/repositories/heartbeat.go:243.2,243.12 1 0
github.com/muety/wakapi/repositories/heartbeat.go:246.141,262.27 4 0
github.com/muety/wakapi/repositories/heartbeat.go:262.27,265.3 2 0
github.com/muety/wakapi/repositories/heartbeat.go:265.8,267.3 1 0
github.com/muety/wakapi/repositories/heartbeat.go:269.2,285.41 1 0
github.com/muety/wakapi/repositories/heartbeat.go:285.41,287.3 1 0
github.com/muety/wakapi/repositories/heartbeat.go:289.2,289.26 1 0
github.com/muety/wakapi/repositories/heartbeat.go:292.97,293.35 1 0
github.com/muety/wakapi/repositories/heartbeat.go:293.35,294.91 1 0
github.com/muety/wakapi/repositories/heartbeat.go:294.91,296.18 1 0
github.com/muety/wakapi/repositories/heartbeat.go:296.18,298.5 1 0
github.com/muety/wakapi/repositories/heartbeat.go:299.4,299.14 1 0
github.com/muety/wakapi/repositories/heartbeat.go:302.2,302.10 1 0
github.com/muety/wakapi/repositories/key_value.go:16.61,18.2 1 0
github.com/muety/wakapi/repositories/key_value.go:20.73,22.52 2 0
github.com/muety/wakapi/repositories/key_value.go:22.52,24.3 1 0
github.com/muety/wakapi/repositories/key_value.go:25.2,25.23 1 0
github.com/muety/wakapi/repositories/key_value.go:28.84,32.32 2 0
github.com/muety/wakapi/repositories/key_value.go:32.32,34.3 1 0
github.com/muety/wakapi/repositories/key_value.go:36.2,36.16 1 0
github.com/muety/wakapi/repositories/key_value.go:39.84,44.21 2 0
github.com/muety/wakapi/repositories/key_value.go:44.21,46.3 1 0
github.com/muety/wakapi/repositories/key_value.go:47.2,47.23 1 0
github.com/muety/wakapi/repositories/key_value.go:50.73,59.37 2 0
github.com/muety/wakapi/repositories/key_value.go:59.37,61.3 1 0
github.com/muety/wakapi/repositories/key_value.go:63.2,63.12 1 0
github.com/muety/wakapi/repositories/key_value.go:66.61,70.37 2 0
github.com/muety/wakapi/repositories/key_value.go:70.37,72.3 1 0
github.com/muety/wakapi/repositories/key_value.go:74.2,74.30 1 0
github.com/muety/wakapi/repositories/key_value.go:74.30,76.3 1 0
github.com/muety/wakapi/repositories/key_value.go:78.2,78.12 1 0
github.com/muety/wakapi/repositories/language_mapping.go:15.75,17.2 1 0
github.com/muety/wakapi/repositories/language_mapping.go:19.81,21.51 2 0
github.com/muety/wakapi/repositories/language_mapping.go:21.51,23.3 1 0
github.com/muety/wakapi/repositories/language_mapping.go:24.2,24.22 1 0
github.com/muety/wakapi/repositories/language_mapping.go:27.87,29.89 2 0
github.com/muety/wakapi/repositories/language_mapping.go:29.89,31.3 1 0
github.com/muety/wakapi/repositories/language_mapping.go:32.2,32.21 1 0
github.com/muety/wakapi/repositories/language_mapping.go:35.97,37.18 2 0
github.com/muety/wakapi/repositories/language_mapping.go:37.18,39.3 1 0
github.com/muety/wakapi/repositories/language_mapping.go:40.2,42.37 1 0
github.com/muety/wakapi/repositories/language_mapping.go:42.37,44.3 1 0
github.com/muety/wakapi/repositories/language_mapping.go:45.2,45.22 1 0
github.com/muety/wakapi/repositories/language_mapping.go:48.110,49.24 1 0
github.com/muety/wakapi/repositories/language_mapping.go:49.24,51.3 1 0
github.com/muety/wakapi/repositories/language_mapping.go:52.2,53.37 2 0
github.com/muety/wakapi/repositories/language_mapping.go:53.37,55.3 1 0
github.com/muety/wakapi/repositories/language_mapping.go:56.2,56.21 1 0
github.com/muety/wakapi/repositories/language_mapping.go:59.59,63.2 1 0
github.com/muety/wakapi/repositories/leaderboard.go:14.67,16.2 1 0
github.com/muety/wakapi/repositories/leaderboard.go:18.84,21.36 1 0
github.com/muety/wakapi/repositories/leaderboard.go:21.36,23.3 1 0
github.com/muety/wakapi/repositories/leaderboard.go:24.2,24.12 1 0
github.com/muety/wakapi/repositories/leaderboard.go:27.78,34.2 3 0
github.com/muety/wakapi/repositories/leaderboard.go:36.77,39.17 3 0
github.com/muety/wakapi/repositories/leaderboard.go:39.17,41.3 1 0
github.com/muety/wakapi/repositories/leaderboard.go:42.2,43.19 2 0
github.com/muety/wakapi/repositories/leaderboard.go:46.154,59.45 6 0
github.com/muety/wakapi/repositories/leaderboard.go:59.45,61.3 1 0
github.com/muety/wakapi/repositories/leaderboard.go:62.2,62.19 1 0
github.com/muety/wakapi/repositories/leaderboard.go:65.173,76.45 6 0
github.com/muety/wakapi/repositories/leaderboard.go:76.45,78.3 1 0
github.com/muety/wakapi/repositories/leaderboard.go:79.2,79.19 1 0
github.com/muety/wakapi/repositories/leaderboard.go:82.67,85.54 1 0
github.com/muety/wakapi/repositories/leaderboard.go:85.54,87.3 1 0
github.com/muety/wakapi/repositories/leaderboard.go:88.2,88.12 1 0
github.com/muety/wakapi/repositories/leaderboard.go:91.103,95.54 1 0
github.com/muety/wakapi/repositories/leaderboard.go:95.54,97.3 1 0
github.com/muety/wakapi/repositories/leaderboard.go:98.2,98.12 1 0
github.com/muety/wakapi/repositories/leaderboard.go:101.82,102.15 1 0
github.com/muety/wakapi/repositories/leaderboard.go:102.15,104.3 1 0
github.com/muety/wakapi/repositories/leaderboard.go:105.2,105.14 1 0
github.com/muety/wakapi/repositories/leaderboard.go:105.14,107.3 1 0
github.com/muety/wakapi/repositories/leaderboard.go:108.2,108.10 1 0
github.com/muety/wakapi/repositories/metrics.go:25.59,27.2 1 0
github.com/muety/wakapi/repositories/metrics.go:29.73,33.19 3 0
github.com/muety/wakapi/repositories/metrics.go:33.19,35.3 1 0
github.com/muety/wakapi/repositories/metrics.go:35.8,35.29 1 0
github.com/muety/wakapi/repositories/metrics.go:35.29,37.3 1 0
github.com/muety/wakapi/repositories/metrics.go:37.8,37.27 1 0
github.com/muety/wakapi/repositories/metrics.go:37.27,39.3 1 0
github.com/muety/wakapi/repositories/metrics.go:41.2,42.18 2 0
github.com/muety/wakapi/repositories/project_label.go:15.69,17.2 1 0
github.com/muety/wakapi/repositories/project_label.go:19.75,21.49 2 0
github.com/muety/wakapi/repositories/project_label.go:21.49,23.3 1 0
github.com/muety/wakapi/repositories/project_label.go:24.2,24.20 1 0
github.com/muety/wakapi/repositories/project_label.go:27.81,29.84 2 0
github.com/muety/wakapi/repositories/project_label.go:29.84,31.3 1 0
github.com/muety/wakapi/repositories/project_label.go:32.2,32.19 1 0
github.com/muety/wakapi/repositories/project_label.go:35.91,36.18 1 0
github.com/muety/wakapi/repositories/project_label.go:36.18,38.3 1 0
github.com/muety/wakapi/repositories/project_label.go:39.2,42.35 2 0
github.com/muety/wakapi/repositories/project_label.go:42.35,44.3 1 0
github.com/muety/wakapi/repositories/project_label.go:45.2,45.20 1 0
github.com/muety/wakapi/repositories/project_label.go:48.99,49.22 1 0
github.com/muety/wakapi/repositories/project_label.go:49.22,51.3 1 0
github.com/muety/wakapi/repositories/project_label.go:52.2,53.37 2 0
github.com/muety/wakapi/repositories/project_label.go:53.37,55.3 1 0
github.com/muety/wakapi/repositories/project_label.go:56.2,56.19 1 0
github.com/muety/wakapi/repositories/project_label.go:59.56,63.2 1 0
github.com/muety/wakapi/repositories/summary.go:17.59,19.2 1 0
github.com/muety/wakapi/repositories/summary.go:21.65,26.38 2 0
github.com/muety/wakapi/repositories/summary.go:26.38,28.3 1 0
github.com/muety/wakapi/repositories/summary.go:30.2,30.73 1 0
github.com/muety/wakapi/repositories/summary.go:30.73,32.3 1 0
github.com/muety/wakapi/repositories/summary.go:34.2,34.23 1 0
github.com/muety/wakapi/repositories/summary.go:37.67,39.53 1 0
github.com/muety/wakapi/repositories/summary.go:39.53,40.50 1 0
github.com/muety/wakapi/repositories/summary.go:40.50,42.4 1 0
github.com/muety/wakapi/repositories/summary.go:44.3,49.41 2 0
github.com/muety/wakapi/repositories/summary.go:49.41,52.4 2 0
github.com/muety/wakapi/repositories/summary.go:54.3,54.42 1 0
github.com/muety/wakapi/repositories/summary.go:54.42,57.4 2 0
github.com/muety/wakapi/repositories/summary.go:59.3,59.49 1 0
github.com/muety/wakapi/repositories/summary.go:59.49,62.4 2 0
github.com/muety/wakapi/repositories/summary.go:64.3,64.40 1 0
github.com/muety/wakapi/repositories/summary.go:64.40,67.4 2 0
github.com/muety/wakapi/repositories/summary.go:69.3,69.29 1 0
github.com/muety/wakapi/repositories/summary.go:69.29,70.57 1 0
github.com/muety/wakapi/repositories/summary.go:70.57,72.5 1 0
github.com/muety/wakapi/repositories/summary.go:75.3,75.13 1 0
github.com/muety/wakapi/repositories/summary.go:76.17,78.3 1 0
github.com/muety/wakapi/repositories/summary.go:80.2,80.12 1 0
github.com/muety/wakapi/repositories/summary.go:83.111,95.36 4 0
github.com/muety/wakapi/repositories/summary.go:95.36,97.3 1 0
github.com/muety/wakapi/repositories/summary.go:100.2,100.49 1 0
github.com/muety/wakapi/repositories/summary.go:100.49,102.3 1 0
github.com/muety/wakapi/repositories/summary.go:104.2,104.68 1 0
github.com/muety/wakapi/repositories/summary.go:104.68,106.3 1 0
github.com/muety/wakapi/repositories/summary.go:108.2,108.23 1 0
github.com/muety/wakapi/repositories/summary.go:111.75,119.2 3 0
github.com/muety/wakapi/repositories/summary.go:121.63,124.46 1 0
github.com/muety/wakapi/repositories/summary.go:124.46,126.3 1 0
github.com/muety/wakapi/repositories/summary.go:127.2,127.12 1 0
github.com/muety/wakapi/repositories/summary.go:130.82,134.46 1 0
github.com/muety/wakapi/repositories/summary.go:134.46,136.3 1 0
github.com/muety/wakapi/repositories/summary.go:137.2,137.12 1 0
github.com/muety/wakapi/repositories/summary.go:141.109,144.95 2 0
github.com/muety/wakapi/repositories/summary.go:144.95,146.3 1 0
github.com/muety/wakapi/repositories/summary.go:148.2,154.31 2 0
github.com/muety/wakapi/repositories/summary.go:154.31,156.3 1 0
github.com/muety/wakapi/repositories/summary.go:158.2,158.45 1 0
github.com/muety/wakapi/repositories/summary.go:158.45,160.3 1 0
github.com/muety/wakapi/repositories/summary.go:162.2,162.29 1 0
github.com/muety/wakapi/repositories/summary.go:162.29,163.47 1 0
github.com/muety/wakapi/repositories/summary.go:163.47,164.12 1 0
github.com/muety/wakapi/repositories/summary.go:166.3,167.24 2 0
github.com/muety/wakapi/repositories/summary.go:170.2,170.12 1 0
github.com/muety/wakapi/repositories/user.go:18.53,20.2 1 0
github.com/muety/wakapi/repositories/user.go:22.80,24.63 2 0
github.com/muety/wakapi/repositories/user.go:24.63,26.3 1 0
github.com/muety/wakapi/repositories/user.go:27.2,27.15 1 0
github.com/muety/wakapi/repositories/user.go:30.77,35.34 2 0
github.com/muety/wakapi/repositories/user.go:35.34,37.3 1 0
github.com/muety/wakapi/repositories/user.go:38.2,38.19 1 0
github.com/muety/wakapi/repositories/user.go:41.59,45.34 2 0
github.com/muety/wakapi/repositories/user.go:45.34,47.3 1 0
github.com/muety/wakapi/repositories/user.go:48.2,48.19 1 0
github.com/muety/wakapi/repositories/user.go:51.72,56.34 2 0
github.com/muety/wakapi/repositories/user.go:56.34,58.3 1 0
github.com/muety/wakapi/repositories/user.go:59.2,59.19 1 0
github.com/muety/wakapi/repositories/user.go:62.87,64.99 2 0
github.com/muety/wakapi/repositories/user.go:64.99,66.3 1 0
github.com/muety/wakapi/repositories/user.go:67.2,67.19 1 0
github.com/muety/wakapi/repositories/user.go:70.95,72.107 2 0
github.com/muety/wakapi/repositories/user.go:72.107,74.3 1 0
github.com/muety/wakapi/repositories/user.go:75.2,75.19 1 0
github.com/muety/wakapi/repositories/user.go:78.82,80.2 1 0
github.com/muety/wakapi/repositories/user.go:82.83,84.2 1 0
github.com/muety/wakapi/repositories/user.go:88.84,98.36 3 0
github.com/muety/wakapi/repositories/user.go:98.36,100.3 1 0
github.com/muety/wakapi/repositories/user.go:102.2,102.28 1 0
github.com/muety/wakapi/repositories/user.go:105.49,109.35 2 0
github.com/muety/wakapi/repositories/user.go:109.35,111.3 1 0
github.com/muety/wakapi/repositories/user.go:112.2,112.19 1 0
github.com/muety/wakapi/repositories/user.go:115.85,116.89 1 0
github.com/muety/wakapi/repositories/user.go:116.89,118.3 1 0
github.com/muety/wakapi/repositories/user.go:120.2,121.37 2 0
github.com/muety/wakapi/repositories/user.go:121.37,123.3 1 0
github.com/muety/wakapi/repositories/user.go:125.2,125.24 1 0
github.com/muety/wakapi/repositories/user.go:128.74,156.37 3 0
github.com/muety/wakapi/repositories/user.go:156.37,158.3 1 0
github.com/muety/wakapi/repositories/user.go:160.2,160.18 1 0
github.com/muety/wakapi/repositories/user.go:163.110,165.37 2 0
github.com/muety/wakapi/repositories/user.go:165.37,167.3 1 0
github.com/muety/wakapi/repositories/user.go:169.2,169.30 1 0
github.com/muety/wakapi/repositories/user.go:169.30,171.3 1 0
github.com/muety/wakapi/repositories/user.go:173.2,173.18 1 0
github.com/muety/wakapi/repositories/user.go:176.58,178.2 1 0
github.com/muety/wakapi/repositories/user.go:180.89,185.34 3 0
github.com/muety/wakapi/repositories/user.go:185.34,187.3 1 0
github.com/muety/wakapi/repositories/user.go:188.2,188.19 1 0
github.com/muety/wakapi/main.go:113.13,118.18 4 0
github.com/muety/wakapi/main.go:118.18,121.3 2 0
github.com/muety/wakapi/main.go:122.2,128.20 3 0
github.com/muety/wakapi/main.go:128.20,130.3 1 0
github.com/muety/wakapi/main.go:130.8,132.3 1 0
github.com/muety/wakapi/main.go:133.2,149.16 6 0
github.com/muety/wakapi/main.go:149.16,152.3 2 0
github.com/muety/wakapi/main.go:154.2,154.20 1 0
github.com/muety/wakapi/main.go:154.20,156.3 1 0
github.com/muety/wakapi/main.go:157.2,158.16 2 0
github.com/muety/wakapi/main.go:158.16,161.3 2 0
github.com/muety/wakapi/main.go:162.2,167.28 4 0
github.com/muety/wakapi/main.go:167.28,169.3 1 0
github.com/muety/wakapi/main.go:172.2,200.35 26 0
github.com/muety/wakapi/main.go:200.35,202.3 1 0
github.com/muety/wakapi/main.go:205.2,211.35 6 0
github.com/muety/wakapi/main.go:211.35,213.3 1 0
github.com/muety/wakapi/main.go:215.2,266.29 30 0
github.com/muety/wakapi/main.go:266.29,268.3 1 0
github.com/muety/wakapi/main.go:271.2,317.21 36 0
github.com/muety/wakapi/main.go:317.21,319.3 1 0
github.com/muety/wakapi/main.go:320.2,327.24 6 0
github.com/muety/wakapi/main.go:327.24,329.13 2 0
github.com/muety/wakapi/main.go:329.13,331.4 1 0
github.com/muety/wakapi/main.go:335.2,335.16 1 0
github.com/muety/wakapi/main.go:338.35,342.71 2 0
github.com/muety/wakapi/main.go:342.71,350.3 2 0
github.com/muety/wakapi/main.go:353.2,353.71 1 0
github.com/muety/wakapi/main.go:353.71,361.3 2 0
github.com/muety/wakapi/main.go:364.2,364.75 1 0
github.com/muety/wakapi/main.go:364.75,366.64 1 0
github.com/muety/wakapi/main.go:366.64,368.64 2 0
github.com/muety/wakapi/main.go:368.64,370.5 1 0
github.com/muety/wakapi/main.go:372.3,376.4 1 0
github.com/muety/wakapi/main.go:379.2,379.21 1 0
github.com/muety/wakapi/main.go:379.21,380.16 1 0
github.com/muety/wakapi/main.go:380.16,382.14 2 0
github.com/muety/wakapi/main.go:382.14,383.101 1 0
github.com/muety/wakapi/main.go:383.101,385.6 1 0
github.com/muety/wakapi/main.go:388.3,388.16 1 0
github.com/muety/wakapi/main.go:388.16,390.14 2 0
github.com/muety/wakapi/main.go:390.14,391.101 1 0
github.com/muety/wakapi/main.go:391.101,393.6 1 0
github.com/muety/wakapi/main.go:396.3,396.21 1 0
github.com/muety/wakapi/main.go:396.21,398.14 2 0
github.com/muety/wakapi/main.go:398.14,400.19 2 0
github.com/muety/wakapi/main.go:400.19,402.6 1 0
github.com/muety/wakapi/main.go:403.5,403.109 1 0
github.com/muety/wakapi/main.go:403.109,405.6 1 0
github.com/muety/wakapi/main.go:406.5,406.111 1 0
github.com/muety/wakapi/main.go:406.111,408.6 1 0
github.com/muety/wakapi/main.go:411.8,412.16 1 0
github.com/muety/wakapi/main.go:412.16,414.14 2 0
github.com/muety/wakapi/main.go:414.14,415.47 1 0
github.com/muety/wakapi/main.go:415.47,417.6 1 0
github.com/muety/wakapi/main.go:420.3,420.16 1 0
github.com/muety/wakapi/main.go:420.16,422.14 2 0
github.com/muety/wakapi/main.go:422.14,423.47 1 0
github.com/muety/wakapi/main.go:423.47,425.6 1 0
github.com/muety/wakapi/main.go:428.3,428.21 1 0
github.com/muety/wakapi/main.go:428.21,430.14 2 0
github.com/muety/wakapi/main.go:430.14,432.19 2 0
github.com/muety/wakapi/main.go:432.19,434.6 1 0
github.com/muety/wakapi/main.go:435.5,435.109 1 0
github.com/muety/wakapi/main.go:435.109,437.6 1 0
github.com/muety/wakapi/main.go:438.5,438.55 1 0
github.com/muety/wakapi/main.go:438.55,440.6 1 0
github.com/muety/wakapi/main.go:445.2,445.29 1 0
github.com/muety/wakapi/repositories/alias.go:13.55,15.2 1 0
github.com/muety/wakapi/repositories/alias.go:17.61,19.50 2 0
github.com/muety/wakapi/repositories/alias.go:19.50,21.3 1 0
github.com/muety/wakapi/repositories/alias.go:22.2,22.21 1 0
github.com/muety/wakapi/repositories/alias.go:25.77,27.18 2 0
github.com/muety/wakapi/repositories/alias.go:27.18,29.3 1 0
github.com/muety/wakapi/repositories/alias.go:30.2,32.36 1 0
github.com/muety/wakapi/repositories/alias.go:32.36,34.3 1 0
github.com/muety/wakapi/repositories/alias.go:35.2,35.21 1 0
github.com/muety/wakapi/repositories/alias.go:38.88,40.18 2 0
github.com/muety/wakapi/repositories/alias.go:40.18,42.3 1 0
github.com/muety/wakapi/repositories/alias.go:43.2,48.36 1 0
github.com/muety/wakapi/repositories/alias.go:48.36,50.3 1 0
github.com/muety/wakapi/repositories/alias.go:51.2,51.21 1 0
github.com/muety/wakapi/repositories/alias.go:54.114,56.18 2 0
github.com/muety/wakapi/repositories/alias.go:56.18,58.3 1 0
github.com/muety/wakapi/repositories/alias.go:59.2,65.36 1 0
github.com/muety/wakapi/repositories/alias.go:65.36,67.3 1 0
github.com/muety/wakapi/repositories/alias.go:68.2,68.21 1 0
github.com/muety/wakapi/repositories/alias.go:71.123,73.18 2 0
github.com/muety/wakapi/repositories/alias.go:73.18,75.3 1 0
github.com/muety/wakapi/repositories/alias.go:76.2,82.34 1 0
github.com/muety/wakapi/repositories/alias.go:82.34,84.3 1 0
github.com/muety/wakapi/repositories/alias.go:85.2,85.19 1 0
github.com/muety/wakapi/repositories/alias.go:88.78,89.22 1 0
github.com/muety/wakapi/repositories/alias.go:89.22,91.3 1 0
github.com/muety/wakapi/repositories/alias.go:92.2,93.37 2 0
github.com/muety/wakapi/repositories/alias.go:93.37,95.3 1 0
github.com/muety/wakapi/repositories/alias.go:96.2,96.19 1 0
github.com/muety/wakapi/repositories/alias.go:99.49,103.2 1 0
github.com/muety/wakapi/repositories/alias.go:105.57,109.2 1 0
github.com/muety/wakapi/repositories/diagnostics.go:12.67,14.2 1 0
github.com/muety/wakapi/repositories/diagnostics.go:16.102,18.2 1 0
github.com/muety/wakapi/repositories/heartbeat.go:21.63,23.2 1 0
github.com/muety/wakapi/repositories/heartbeat.go:26.69,28.53 2 0
github.com/muety/wakapi/repositories/heartbeat.go:28.53,30.3 1 0
github.com/muety/wakapi/repositories/heartbeat.go:31.2,31.24 1 0
github.com/muety/wakapi/repositories/heartbeat.go:34.81,38.61 1 0
github.com/muety/wakapi/repositories/heartbeat.go:38.61,39.32 1 0
github.com/muety/wakapi/repositories/heartbeat.go:39.32,41.18 2 0
github.com/muety/wakapi/repositories/heartbeat.go:41.18,42.140 1 0
github.com/muety/wakapi/repositories/heartbeat.go:42.141,44.6 0 0
github.com/muety/wakapi/repositories/heartbeat.go:44.11,46.6 1 0
github.com/muety/wakapi/repositories/heartbeat.go:49.3,49.13 1 0
github.com/muety/wakapi/repositories/heartbeat.go:52.2,56.41 1 0
github.com/muety/wakapi/repositories/heartbeat.go:56.41,58.3 1 0
github.com/muety/wakapi/repositories/heartbeat.go:59.2,59.12 1 0
github.com/muety/wakapi/repositories/heartbeat.go:62.93,68.39 2 0
github.com/muety/wakapi/repositories/heartbeat.go:68.39,70.3 1 0
github.com/muety/wakapi/repositories/heartbeat.go:71.2,71.24 1 0
github.com/muety/wakapi/repositories/heartbeat.go:74.117,83.39 2 0
github.com/muety/wakapi/repositories/heartbeat.go:83.39,85.3 1 0
github.com/muety/wakapi/repositories/heartbeat.go:86.2,86.24 1 0
github.com/muety/wakapi/repositories/heartbeat.go:89.112,97.39 2 0
github.com/muety/wakapi/repositories/heartbeat.go:97.39,99.3 1 0
github.com/muety/wakapi/repositories/heartbeat.go:100.2,100.24 1 0
github.com/muety/wakapi/repositories/heartbeat.go:103.152,114.50 4 0
github.com/muety/wakapi/repositories/heartbeat.go:114.50,116.3 1 0
github.com/muety/wakapi/repositories/heartbeat.go:117.2,117.24 1 0
github.com/muety/wakapi/repositories/heartbeat.go:120.127,128.50 4 0
github.com/muety/wakapi/repositories/heartbeat.go:128.50,130.3 1 0
github.com/muety/wakapi/repositories/heartbeat.go:131.2,131.23 1 0
github.com/muety/wakapi/repositories/heartbeat.go:134.79,142.2 3 0
github.com/muety/wakapi/repositories/heartbeat.go:144.78,152.2 3 0
github.com/muety/wakapi/repositories/heartbeat.go:154.80,155.42 1 0
github.com/muety/wakapi/repositories/heartbeat.go:155.42,161.3 1 0
github.com/muety/wakapi/repositories/heartbeat.go:163.2,163.16 1 0
github.com/muety/wakapi/repositories/heartbeat.go:163.16,167.3 1 0
github.com/muety/wakapi/repositories/heartbeat.go:168.2,168.19 1 0
github.com/muety/wakapi/repositories/heartbeat.go:171.77,176.35 2 0
github.com/muety/wakapi/repositories/heartbeat.go:176.35,178.3 1 0
github.com/muety/wakapi/repositories/heartbeat.go:179.2,179.19 1 0
github.com/muety/wakapi/repositories/heartbeat.go:182.97,186.26 3 0
github.com/muety/wakapi/repositories/heartbeat.go:186.26,188.3 1 0
github.com/muety/wakapi/repositories/heartbeat.go:190.2,190.23 1 0
github.com/muety/wakapi/repositories/heartbeat.go:190.23,192.3 1 0
github.com/muety/wakapi/repositories/heartbeat.go:194.2,199.35 1 0
github.com/muety/wakapi/repositories/heartbeat.go:199.35,201.3 1 0
github.com/muety/wakapi/repositories/heartbeat.go:203.2,203.20 1 0
github.com/muety/wakapi/repositories/heartbeat.go:206.101,212.36 2 0
github.com/muety/wakapi/repositories/heartbeat.go:212.36,214.3 1 0
github.com/muety/wakapi/repositories/heartbeat.go:215.2,215.21 1 0
github.com/muety/wakapi/repositories/heartbeat.go:218.63,221.48 1 0
github.com/muety/wakapi/repositories/heartbeat.go:221.48,223.3 1 0
github.com/muety/wakapi/repositories/heartbeat.go:224.2,224.12 1 0
github.com/muety/wakapi/repositories/heartbeat.go:227.69,230.48 1 0
github.com/muety/wakapi/repositories/heartbeat.go:230.48,232.3 1 0
github.com/muety/wakapi/repositories/heartbeat.go:233.2,233.12 1 0
github.com/muety/wakapi/repositories/heartbeat.go:236.88,240.48 1 0
github.com/muety/wakapi/repositories/heartbeat.go:240.48,242.3 1 0
github.com/muety/wakapi/repositories/heartbeat.go:243.2,243.12 1 0
github.com/muety/wakapi/repositories/heartbeat.go:246.141,262.27 4 0
github.com/muety/wakapi/repositories/heartbeat.go:262.27,265.3 2 0
github.com/muety/wakapi/repositories/heartbeat.go:265.8,267.3 1 0
github.com/muety/wakapi/repositories/heartbeat.go:269.2,285.41 1 0
github.com/muety/wakapi/repositories/heartbeat.go:285.41,287.3 1 0
github.com/muety/wakapi/repositories/heartbeat.go:289.2,289.26 1 0
github.com/muety/wakapi/repositories/heartbeat.go:292.97,293.35 1 0
github.com/muety/wakapi/repositories/heartbeat.go:293.35,294.91 1 0
github.com/muety/wakapi/repositories/heartbeat.go:294.91,296.18 1 0
github.com/muety/wakapi/repositories/heartbeat.go:296.18,298.5 1 0
github.com/muety/wakapi/repositories/heartbeat.go:299.4,299.14 1 0
github.com/muety/wakapi/repositories/heartbeat.go:302.2,302.10 1 0
github.com/muety/wakapi/repositories/key_value.go:16.61,18.2 1 0
github.com/muety/wakapi/repositories/key_value.go:20.73,22.52 2 0
github.com/muety/wakapi/repositories/key_value.go:22.52,24.3 1 0
github.com/muety/wakapi/repositories/key_value.go:25.2,25.23 1 0
github.com/muety/wakapi/repositories/key_value.go:28.84,32.32 2 0
github.com/muety/wakapi/repositories/key_value.go:32.32,34.3 1 0
github.com/muety/wakapi/repositories/key_value.go:36.2,36.16 1 0
github.com/muety/wakapi/repositories/key_value.go:39.84,44.21 2 0
github.com/muety/wakapi/repositories/key_value.go:44.21,46.3 1 0
github.com/muety/wakapi/repositories/key_value.go:47.2,47.23 1 0
github.com/muety/wakapi/repositories/key_value.go:50.73,59.37 2 0
github.com/muety/wakapi/repositories/key_value.go:59.37,61.3 1 0
github.com/muety/wakapi/repositories/key_value.go:63.2,63.12 1 0
github.com/muety/wakapi/repositories/key_value.go:66.61,70.37 2 0
github.com/muety/wakapi/repositories/key_value.go:70.37,72.3 1 0
github.com/muety/wakapi/repositories/key_value.go:74.2,74.30 1 0
github.com/muety/wakapi/repositories/key_value.go:74.30,76.3 1 0
github.com/muety/wakapi/repositories/key_value.go:78.2,78.12 1 0
github.com/muety/wakapi/repositories/language_mapping.go:15.75,17.2 1 0
github.com/muety/wakapi/repositories/language_mapping.go:19.81,21.51 2 0
github.com/muety/wakapi/repositories/language_mapping.go:21.51,23.3 1 0
github.com/muety/wakapi/repositories/language_mapping.go:24.2,24.22 1 0
github.com/muety/wakapi/repositories/language_mapping.go:27.87,29.89 2 0
github.com/muety/wakapi/repositories/language_mapping.go:29.89,31.3 1 0
github.com/muety/wakapi/repositories/language_mapping.go:32.2,32.21 1 0
github.com/muety/wakapi/repositories/language_mapping.go:35.97,37.18 2 0
github.com/muety/wakapi/repositories/language_mapping.go:37.18,39.3 1 0
github.com/muety/wakapi/repositories/language_mapping.go:40.2,42.37 1 0
github.com/muety/wakapi/repositories/language_mapping.go:42.37,44.3 1 0
github.com/muety/wakapi/repositories/language_mapping.go:45.2,45.22 1 0
github.com/muety/wakapi/repositories/language_mapping.go:48.110,49.24 1 0
github.com/muety/wakapi/repositories/language_mapping.go:49.24,51.3 1 0
github.com/muety/wakapi/repositories/language_mapping.go:52.2,53.37 2 0
github.com/muety/wakapi/repositories/language_mapping.go:53.37,55.3 1 0
github.com/muety/wakapi/repositories/language_mapping.go:56.2,56.21 1 0
github.com/muety/wakapi/repositories/language_mapping.go:59.59,63.2 1 0
github.com/muety/wakapi/repositories/leaderboard.go:14.67,16.2 1 0
github.com/muety/wakapi/repositories/leaderboard.go:18.84,21.36 1 0
github.com/muety/wakapi/repositories/leaderboard.go:21.36,23.3 1 0
github.com/muety/wakapi/repositories/leaderboard.go:24.2,24.12 1 0
github.com/muety/wakapi/repositories/leaderboard.go:27.78,34.2 3 0
github.com/muety/wakapi/repositories/leaderboard.go:36.77,39.17 3 0
github.com/muety/wakapi/repositories/leaderboard.go:39.17,41.3 1 0
github.com/muety/wakapi/repositories/leaderboard.go:42.2,43.19 2 0
github.com/muety/wakapi/repositories/leaderboard.go:46.154,59.45 6 0
github.com/muety/wakapi/repositories/leaderboard.go:59.45,61.3 1 0
github.com/muety/wakapi/repositories/leaderboard.go:62.2,62.19 1 0
github.com/muety/wakapi/repositories/leaderboard.go:65.173,76.45 6 0
github.com/muety/wakapi/repositories/leaderboard.go:76.45,78.3 1 0
github.com/muety/wakapi/repositories/leaderboard.go:79.2,79.19 1 0
github.com/muety/wakapi/repositories/leaderboard.go:82.67,85.54 1 0
github.com/muety/wakapi/repositories/leaderboard.go:85.54,87.3 1 0
github.com/muety/wakapi/repositories/leaderboard.go:88.2,88.12 1 0
github.com/muety/wakapi/repositories/leaderboard.go:91.103,95.54 1 0
github.com/muety/wakapi/repositories/leaderboard.go:95.54,97.3 1 0
github.com/muety/wakapi/repositories/leaderboard.go:98.2,98.12 1 0
github.com/muety/wakapi/repositories/leaderboard.go:101.82,102.15 1 0
github.com/muety/wakapi/repositories/leaderboard.go:102.15,104.3 1 0
github.com/muety/wakapi/repositories/leaderboard.go:105.2,105.14 1 0
github.com/muety/wakapi/repositories/leaderboard.go:105.14,107.3 1 0
github.com/muety/wakapi/repositories/leaderboard.go:108.2,108.10 1 0
github.com/muety/wakapi/repositories/metrics.go:25.59,27.2 1 0
github.com/muety/wakapi/repositories/metrics.go:29.73,33.19 3 0
github.com/muety/wakapi/repositories/metrics.go:33.19,35.3 1 0
github.com/muety/wakapi/repositories/metrics.go:35.8,35.29 1 0
github.com/muety/wakapi/repositories/metrics.go:35.29,37.3 1 0
github.com/muety/wakapi/repositories/metrics.go:37.8,37.27 1 0
github.com/muety/wakapi/repositories/metrics.go:37.27,39.3 1 0
github.com/muety/wakapi/repositories/metrics.go:41.2,42.18 2 0
github.com/muety/wakapi/repositories/project_label.go:15.69,17.2 1 0
github.com/muety/wakapi/repositories/project_label.go:19.75,21.49 2 0
github.com/muety/wakapi/repositories/project_label.go:21.49,23.3 1 0
github.com/muety/wakapi/repositories/project_label.go:24.2,24.20 1 0
github.com/muety/wakapi/repositories/project_label.go:27.81,29.84 2 0
github.com/muety/wakapi/repositories/project_label.go:29.84,31.3 1 0
github.com/muety/wakapi/repositories/project_label.go:32.2,32.19 1 0
github.com/muety/wakapi/repositories/project_label.go:35.91,36.18 1 0
github.com/muety/wakapi/repositories/project_label.go:36.18,38.3 1 0
github.com/muety/wakapi/repositories/project_label.go:39.2,42.35 2 0
github.com/muety/wakapi/repositories/project_label.go:42.35,44.3 1 0
github.com/muety/wakapi/repositories/project_label.go:45.2,45.20 1 0
github.com/muety/wakapi/repositories/project_label.go:48.99,49.22 1 0
github.com/muety/wakapi/repositories/project_label.go:49.22,51.3 1 0
github.com/muety/wakapi/repositories/project_label.go:52.2,53.37 2 0
github.com/muety/wakapi/repositories/project_label.go:53.37,55.3 1 0
github.com/muety/wakapi/repositories/project_label.go:56.2,56.19 1 0
github.com/muety/wakapi/repositories/project_label.go:59.56,63.2 1 0
github.com/muety/wakapi/repositories/summary.go:17.59,19.2 1 0
github.com/muety/wakapi/repositories/summary.go:21.65,26.38 2 0
github.com/muety/wakapi/repositories/summary.go:26.38,28.3 1 0
github.com/muety/wakapi/repositories/summary.go:30.2,30.73 1 0
github.com/muety/wakapi/repositories/summary.go:30.73,32.3 1 0
github.com/muety/wakapi/repositories/summary.go:34.2,34.23 1 0
github.com/muety/wakapi/repositories/summary.go:37.67,39.53 1 0
github.com/muety/wakapi/repositories/summary.go:39.53,40.50 1 0
github.com/muety/wakapi/repositories/summary.go:40.50,42.4 1 0
github.com/muety/wakapi/repositories/summary.go:44.3,49.41 2 0
github.com/muety/wakapi/repositories/summary.go:49.41,52.4 2 0
github.com/muety/wakapi/repositories/summary.go:54.3,54.42 1 0
github.com/muety/wakapi/repositories/summary.go:54.42,57.4 2 0
github.com/muety/wakapi/repositories/summary.go:59.3,59.49 1 0
github.com/muety/wakapi/repositories/summary.go:59.49,62.4 2 0
github.com/muety/wakapi/repositories/summary.go:64.3,64.40 1 0
github.com/muety/wakapi/repositories/summary.go:64.40,67.4 2 0
github.com/muety/wakapi/repositories/summary.go:69.3,69.29 1 0
github.com/muety/wakapi/repositories/summary.go:69.29,70.57 1 0
github.com/muety/wakapi/repositories/summary.go:70.57,72.5 1 0
github.com/muety/wakapi/repositories/summary.go:75.3,75.13 1 0
github.com/muety/wakapi/repositories/summary.go:76.17,78.3 1 0
github.com/muety/wakapi/repositories/summary.go:80.2,80.12 1 0
github.com/muety/wakapi/repositories/summary.go:83.111,95.36 4 0
github.com/muety/wakapi/repositories/summary.go:95.36,97.3 1 0
github.com/muety/wakapi/repositories/summary.go:100.2,100.49 1 0
github.com/muety/wakapi/repositories/summary.go:100.49,102.3 1 0
github.com/muety/wakapi/repositories/summary.go:104.2,104.68 1 0
github.com/muety/wakapi/repositories/summary.go:104.68,106.3 1 0
github.com/muety/wakapi/repositories/summary.go:108.2,108.23 1 0
github.com/muety/wakapi/repositories/summary.go:111.75,119.2 3 0
github.com/muety/wakapi/repositories/summary.go:121.63,124.46 1 0
github.com/muety/wakapi/repositories/summary.go:124.46,126.3 1 0
github.com/muety/wakapi/repositories/summary.go:127.2,127.12 1 0
github.com/muety/wakapi/repositories/summary.go:130.82,134.46 1 0
github.com/muety/wakapi/repositories/summary.go:134.46,136.3 1 0
github.com/muety/wakapi/repositories/summary.go:137.2,137.12 1 0
github.com/muety/wakapi/repositories/summary.go:141.109,144.95 2 0
github.com/muety/wakapi/repositories/summary.go:144.95,146.3 1 0
github.com/muety/wakapi/repositories/summary.go:148.2,154.31 2 0
github.com/muety/wakapi/repositories/summary.go:154.31,156.3 1 0
github.com/muety/wakapi/repositories/summary.go:158.2,158.45 1 0
github.com/muety/wakapi/repositories/summary.go:158.45,160.3 1 0
github.com/muety/wakapi/repositories/summary.go:162.2,162.29 1 0
github.com/muety/wakapi/repositories/summary.go:162.29,163.47 1 0
github.com/muety/wakapi/repositories/summary.go:163.47,164.12 1 0
github.com/muety/wakapi/repositories/summary.go:166.3,167.24 2 0
github.com/muety/wakapi/repositories/summary.go:170.2,170.12 1 0
github.com/muety/wakapi/repositories/user.go:18.53,20.2 1 0
github.com/muety/wakapi/repositories/user.go:22.80,24.63 2 0
github.com/muety/wakapi/repositories/user.go:24.63,26.3 1 0
github.com/muety/wakapi/repositories/user.go:27.2,27.15 1 0
github.com/muety/wakapi/repositories/user.go:30.77,35.34 2 0
github.com/muety/wakapi/repositories/user.go:35.34,37.3 1 0
github.com/muety/wakapi/repositories/user.go:38.2,38.19 1 0
github.com/muety/wakapi/repositories/user.go:41.59,45.34 2 0
github.com/muety/wakapi/repositories/user.go:45.34,47.3 1 0
github.com/muety/wakapi/repositories/user.go:48.2,48.19 1 0
github.com/muety/wakapi/repositories/user.go:51.72,56.34 2 0
[...]
github.com/muety/wakapi/models/filters.go:142.51,143.35 1 0
github.com/muety/wakapi/models/filters.go:143.35,145.4 1 0
github.com/muety/wakapi/models/filters.go:147.2,147.14 1 0
github.com/muety/wakapi/models/filters.go:150.57,151.18 1 0
github.com/muety/wakapi/models/filters.go:152.22,153.20 1 0
github.com/muety/wakapi/models/filters.go:154.23,155.21 1 0
github.com/muety/wakapi/models/filters.go:156.21,157.19 1 0
github.com/muety/wakapi/models/filters.go:158.17,159.15 1 0
github.com/muety/wakapi/models/filters.go:160.22,161.20 1 0
github.com/muety/wakapi/models/filters.go:162.20,163.18 1 0
github.com/muety/wakapi/models/filters.go:164.21,165.19 1 0
github.com/muety/wakapi/models/filters.go:166.21,167.19 1 0
github.com/muety/wakapi/models/filters.go:168.10,169.21 1 0
github.com/muety/wakapi/models/filters.go:173.33,175.16 2 0
github.com/muety/wakapi/models/filters.go:175.16,177.3 1 0
github.com/muety/wakapi/models/filters.go:178.2,178.32 1 0
github.com/muety/wakapi/models/filters.go:181.53,187.2 1 1
github.com/muety/wakapi/models/filters.go:189.51,195.2 1 0
github.com/muety/wakapi/models/filters.go:198.70,199.22 1 1
github.com/muety/wakapi/models/filters.go:199.22,201.31 2 1
github.com/muety/wakapi/models/filters.go:201.31,204.4 2 1
github.com/muety/wakapi/models/filters.go:205.3,205.22 1 1
github.com/muety/wakapi/models/filters.go:207.2,207.17 1 1
github.com/muety/wakapi/models/filters.go:207.17,209.26 2 0
github.com/muety/wakapi/models/filters.go:209.26,212.4 2 0
github.com/muety/wakapi/models/filters.go:213.3,213.17 1 0
github.com/muety/wakapi/models/filters.go:215.2,215.23 1 1
github.com/muety/wakapi/models/filters.go:215.23,217.32 2 1
github.com/muety/wakapi/models/filters.go:217.32,220.4 2 1
github.com/muety/wakapi/models/filters.go:221.3,221.23 1 1
github.com/muety/wakapi/models/filters.go:223.2,223.21 1 1
github.com/muety/wakapi/models/filters.go:223.21,225.30 2 0
github.com/muety/wakapi/models/filters.go:225.30,228.4 2 0
github.com/muety/wakapi/models/filters.go:229.3,229.21 1 0
github.com/muety/wakapi/models/filters.go:231.2,231.22 1 1
github.com/muety/wakapi/models/filters.go:231.22,233.31 2 0
github.com/muety/wakapi/models/filters.go:233.31,236.4 2 0
github.com/muety/wakapi/models/filters.go:237.3,237.22 1 0
github.com/muety/wakapi/models/filters.go:239.2,239.21 1 1
github.com/muety/wakapi/models/filters.go:239.21,241.30 2 0
github.com/muety/wakapi/models/filters.go:241.30,244.4 2 0
github.com/muety/wakapi/models/filters.go:245.3,245.21 1 0
github.com/muety/wakapi/models/filters.go:248.2,248.10 1 1
github.com/muety/wakapi/models/filters.go:251.83,252.41 1 1
github.com/muety/wakapi/models/filters.go:252.41,254.3 1 0
github.com/muety/wakapi/models/filters.go:255.2,255.28 1 1
github.com/muety/wakapi/models/filters.go:255.28,257.3 1 1
github.com/muety/wakapi/models/filters.go:258.2,258.10 1 1
github.com/muety/wakapi/models/filters.go:261.43,263.2 1 0
github.com/muety/wakapi/models/heartbeat.go:35.34,37.2 1 1
github.com/muety/wakapi/models/heartbeat.go:39.55,42.2 2 0
github.com/muety/wakapi/models/heartbeat.go:44.43,50.80 1 0
github.com/muety/wakapi/models/heartbeat.go:50.80,52.3 1 0
github.com/muety/wakapi/models/heartbeat.go:54.2,57.10 3 0
github.com/muety/wakapi/models/heartbeat.go:60.65,62.46 2 1
github.com/muety/wakapi/models/heartbeat.go:62.46,63.108 1 1
github.com/muety/wakapi/models/heartbeat.go:63.108,66.4 2 1
github.com/muety/wakapi/models/heartbeat.go:70.50,71.11 1 1
github.com/muety/wakapi/models/heartbeat.go:72.22,73.18 1 1
github.com/muety/wakapi/models/heartbeat.go:74.21,75.17 1 1
github.com/muety/wakapi/models/heartbeat.go:76.23,77.19 1 1
github.com/muety/wakapi/models/heartbeat.go:78.17,79.26 1 1
github.com/muety/wakapi/models/heartbeat.go:80.22,81.18 1 1
github.com/muety/wakapi/models/heartbeat.go:82.21,83.17 1 0
github.com/muety/wakapi/models/heartbeat.go:84.21,85.17 1 0
github.com/muety/wakapi/models/heartbeat.go:88.2,88.15 1 1
github.com/muety/wakapi/models/heartbeat.go:88.15,90.3 1 1
github.com/muety/wakapi/models/heartbeat.go:92.2,92.12 1 1
github.com/muety/wakapi/models/heartbeat.go:95.37,111.2 1 0
github.com/muety/wakapi/models/heartbeat.go:119.41,121.16 2 1
github.com/muety/wakapi/models/heartbeat.go:121.16,123.3 1 0
github.com/muety/wakapi/models/heartbeat.go:124.2,125.10 2 1
github.com/muety/wakapi/models/heartbeat.go:128.38,138.2 1 0
github.com/muety/wakapi/models/heartbeats.go:7.31,9.2 1 0
github.com/muety/wakapi/models/heartbeats.go:11.41,13.2 1 0
github.com/muety/wakapi/models/heartbeats.go:15.36,17.2 1 0
github.com/muety/wakapi/models/heartbeats.go:19.43,22.2 2 0
github.com/muety/wakapi/models/heartbeats.go:24.41,26.18 1 0
github.com/muety/wakapi/models/heartbeats.go:26.18,28.3 1 0
github.com/muety/wakapi/models/heartbeats.go:29.2,29.16 1 0
github.com/muety/wakapi/models/heartbeats.go:32.40,34.18 1 0
github.com/muety/wakapi/models/heartbeats.go:34.18,36.3 1 0
github.com/muety/wakapi/models/heartbeats.go:37.2,37.24 1 0
github.com/muety/wakapi/models/interval.go:47.47,48.23 1 0
github.com/muety/wakapi/models/interval.go:48.23,49.13 1 0
github.com/muety/wakapi/models/interval.go:49.13,51.4 1 0
github.com/muety/wakapi/models/interval.go:53.2,53.14 1 0
github.com/muety/wakapi/models/interval.go:56.49,57.23 1 0
github.com/muety/wakapi/models/interval.go:57.23,58.34 1 0
github.com/muety/wakapi/models/interval.go:58.34,60.4 1 0
github.com/muety/wakapi/models/interval.go:62.2,62.11 1 0
github.com/muety/wakapi/models/language_mapping.go:11.42,13.2 1 0
github.com/muety/wakapi/models/language_mapping.go:15.51,17.2 1 0
github.com/muety/wakapi/models/language_mapping.go:19.52,21.2 1 0
github.com/muety/wakapi/models/leaderboard.go:28.73,30.2 1 0
github.com/muety/wakapi/models/leaderboard.go:39.56,40.103 1 0
github.com/muety/wakapi/models/leaderboard.go:40.103,42.3 1 0
github.com/muety/wakapi/models/leaderboard.go:42.13,44.3 1 0
github.com/muety/wakapi/models/leaderboard.go:47.63,48.29 1 0
github.com/muety/wakapi/models/leaderboard.go:48.29,50.3 1 0
github.com/muety/wakapi/models/leaderboard.go:54.37,55.94 1 0
github.com/muety/wakapi/models/leaderboard.go:55.94,57.3 1 0
github.com/muety/wakapi/models/leaderboard.go:60.41,61.123 1 0
github.com/muety/wakapi/models/leaderboard.go:61.123,63.3 1 0
github.com/muety/wakapi/models/leaderboard.go:66.50,68.2 1 0
github.com/muety/wakapi/models/leaderboard.go:71.60,72.109 1 0
github.com/muety/wakapi/models/leaderboard.go:72.109,74.3 1 0
github.com/muety/wakapi/models/leaderboard.go:75.2,75.15 1 0
github.com/muety/wakapi/models/leaderboard.go:78.65,79.95 1 0
github.com/muety/wakapi/models/leaderboard.go:79.95,81.3 1 0
github.com/muety/wakapi/models/leaderboard.go:84.49,85.114 1 0
github.com/muety/wakapi/models/leaderboard.go:85.114,87.3 1 0
github.com/muety/wakapi/models/leaderboard.go:90.68,93.25 2 0
github.com/muety/wakapi/models/leaderboard.go:93.25,94.58 1 0
github.com/muety/wakapi/models/leaderboard.go:94.58,95.12 1 0
github.com/muety/wakapi/models/leaderboard.go:97.3,98.38 2 0
github.com/muety/wakapi/models/leaderboard.go:98.38,100.4 1 0
github.com/muety/wakapi/models/leaderboard.go:101.3,101.40 1 0
github.com/muety/wakapi/models/leaderboard.go:104.2,104.184 1 0
github.com/muety/wakapi/models/leaderboard.go:104.184,106.3 1 0
github.com/muety/wakapi/models/leaderboard.go:107.2,107.67 1 0
github.com/muety/wakapi/models/leaderboard.go:107.67,109.3 1 0
github.com/muety/wakapi/models/leaderboard.go:111.2,111.15 1 0
github.com/muety/wakapi/models/leaderboard.go:114.70,115.128 1 0
github.com/muety/wakapi/models/leaderboard.go:115.128,117.3 1 0
github.com/muety/wakapi/models/leaderboard.go:120.89,121.107 1 0
github.com/muety/wakapi/models/leaderboard.go:121.107,123.3 1 0
github.com/muety/wakapi/models/leaderboard.go:126.45,128.25 2 0
github.com/muety/wakapi/models/leaderboard.go:128.25,129.43 1 0
github.com/muety/wakapi/models/leaderboard.go:129.43,131.4 1 0
github.com/muety/wakapi/models/leaderboard.go:133.2,133.19 1 0
github.com/muety/wakapi/models/mail.go:23.44,27.2 3 0
github.com/muety/wakapi/models/mail.go:29.44,33.2 3 0
github.com/muety/wakapi/models/mail.go:35.34,36.18 1 0
github.com/muety/wakapi/models/mail.go:36.18,38.3 1 0
github.com/muety/wakapi/models/mail.go:39.2,39.21 1 0
github.com/muety/wakapi/models/mail.go:39.21,41.3 1 0
github.com/muety/wakapi/models/mail.go:42.2,42.23 1 0
github.com/muety/wakapi/models/mail.go:42.23,44.3 1 0
github.com/muety/wakapi/models/mail.go:45.2,45.10 1 0
github.com/muety/wakapi/models/mail.go:48.32,67.2 1 0
github.com/muety/wakapi/models/mail.go:69.41,71.2 1 0
github.com/muety/wakapi/models/mail_address.go:18.13,21.2 2 1
github.com/muety/wakapi/models/mail_address.go:27.38,29.2 1 0
github.com/muety/wakapi/models/mail_address.go:31.35,33.21 2 1
github.com/muety/wakapi/models/mail_address.go:33.21,34.21 1 1
github.com/muety/wakapi/models/mail_address.go:34.21,36.4 1 1
github.com/muety/wakapi/models/mail_address.go:37.3,37.18 1 1
github.com/muety/wakapi/models/mail_address.go:39.2,39.11 1 1
github.com/muety/wakapi/models/mail_address.go:42.38,44.21 2 0
github.com/muety/wakapi/models/mail_address.go:44.21,46.3 1 0
github.com/muety/wakapi/models/mail_address.go:47.2,47.17 1 0
github.com/muety/wakapi/models/mail_address.go:50.35,52.2 1 1
github.com/muety/wakapi/models/mail_address.go:54.43,56.22 2 0
github.com/muety/wakapi/models/mail_address.go:56.22,58.3 1 0
github.com/muety/wakapi/models/mail_address.go:59.2,59.12 1 0
github.com/muety/wakapi/models/mail_address.go:62.46,64.22 2 1
github.com/muety/wakapi/models/mail_address.go:64.22,66.3 1 1
github.com/muety/wakapi/models/mail_address.go:67.2,67.12 1 1
github.com/muety/wakapi/models/mail_address.go:70.40,71.22 1 1
github.com/muety/wakapi/models/mail_address.go:71.22,72.17 1 1
github.com/muety/wakapi/models/mail_address.go:72.17,74.4 1 1
github.com/muety/wakapi/models/mail_address.go:76.2,76.13 1 1
github.com/muety/wakapi/models/models.go:3.14,5.2 0 1
github.com/muety/wakapi/models/project_label.go:14.39,16.2 1 0
github.com/muety/wakapi/models/shared.go:44.77,48.66 2 0
github.com/muety/wakapi/models/shared.go:48.66,50.3 1 0
github.com/muety/wakapi/models/shared.go:52.2,52.53 1 0
github.com/muety/wakapi/models/shared.go:52.53,54.3 1 0
github.com/muety/wakapi/models/shared.go:56.2,56.10 1 0
github.com/muety/wakapi/models/shared.go:59.52,61.2 1 0
github.com/muety/wakapi/models/shared.go:63.52,66.16 3 0
github.com/muety/wakapi/models/shared.go:66.16,68.3 1 0
github.com/muety/wakapi/models/shared.go:69.2,71.12 3 0
github.com/muety/wakapi/models/shared.go:74.52,80.22 2 0
github.com/muety/wakapi/models/shared.go:81.14,85.17 2 0
github.com/muety/wakapi/models/shared.go:85.17,87.4 1 0
github.com/muety/wakapi/models/shared.go:88.17,90.8 2 0
github.com/muety/wakapi/models/shared.go:91.10,92.64 1 0
github.com/muety/wakapi/models/shared.go:95.2,98.12 3 0
github.com/muety/wakapi/models/shared.go:101.51,104.2 2 0
github.com/muety/wakapi/models/shared.go:106.45,108.2 1 1
github.com/muety/wakapi/models/shared.go:110.37,112.2 1 0
github.com/muety/wakapi/models/shared.go:114.35,116.2 1 1
github.com/muety/wakapi/models/shared.go:118.34,120.2 1 0
github.com/muety/wakapi/models/summary.go:78.29,80.2 1 1
github.com/muety/wakapi/models/summary.go:82.35,84.2 1 0
github.com/muety/wakapi/models/summary.go:86.38,88.2 1 0
github.com/muety/wakapi/models/summary.go:90.33,101.2 1 0
github.com/muety/wakapi/models/summary.go:103.37,113.2 9 1
github.com/muety/wakapi/models/summary.go:115.35,117.2 1 1
github.com/muety/wakapi/models/summary.go:119.57,130.2 1 1
github.com/muety/wakapi/models/summary.go:132.62,133.21 1 1
github.com/muety/wakapi/models/summary.go:134.22,135.21 1 1
github.com/muety/wakapi/models/summary.go:136.23,137.22 1 1
github.com/muety/wakapi/models/summary.go:138.21,139.20 1 1
github.com/muety/wakapi/models/summary.go:140.17,141.29 1 1
github.com/muety/wakapi/models/summary.go:142.22,143.21 1 1
github.com/muety/wakapi/models/summary.go:144.20,145.19 1 1
github.com/muety/wakapi/models/summary.go:146.21,147.21 1 1
github.com/muety/wakapi/models/summary.go:148.21,149.21 1 1
github.com/muety/wakapi/models/summary.go:151.2,151.12 1 0
github.com/muety/wakapi/models/summary.go:154.69,155.21 1 1
github.com/muety/wakapi/models/summary.go:156.22,158.8 2 1
github.com/muety/wakapi/models/summary.go:159.23,161.8 2 0
github.com/muety/wakapi/models/summary.go:162.21,164.8 2 0
github.com/muety/wakapi/models/summary.go:165.17,167.8 2 0
github.com/muety/wakapi/models/summary.go:168.22,170.8 2 0
github.com/muety/wakapi/models/summary.go:171.20,173.8 2 0
github.com/muety/wakapi/models/summary.go:174.21,176.8 2 0
github.com/muety/wakapi/models/summary.go:177.21,179.8 2 0
github.com/muety/wakapi/models/summary.go:183.59,184.21 1 1
github.com/muety/wakapi/models/summary.go:184.21,186.3 1 1
github.com/muety/wakapi/models/summary.go:188.2,188.35 1 1
github.com/muety/wakapi/models/summary.go:188.35,189.41 1 1
github.com/muety/wakapi/models/summary.go:189.41,191.4 1 1
github.com/muety/wakapi/models/summary.go:194.2,194.10 1 1
github.com/muety/wakapi/models/summary.go:201.62,202.116 1 1
github.com/muety/wakapi/models/summary.go:202.116,204.3 1 1
github.com/muety/wakapi/models/summary.go:205.2,206.10 2 1
github.com/muety/wakapi/models/summary.go:222.33,227.26 4 1
github.com/muety/wakapi/models/summary.go:227.26,228.30 1 1
github.com/muety/wakapi/models/summary.go:228.30,230.4 1 1
github.com/muety/wakapi/models/summary.go:234.2,234.37 1 1
github.com/muety/wakapi/models/summary.go:234.37,236.3 1 0
github.com/muety/wakapi/models/summary.go:239.2,240.16 2 1
github.com/muety/wakapi/models/summary.go:240.16,242.3 1 0
github.com/muety/wakapi/models/summary.go:243.2,243.33 1 1
github.com/muety/wakapi/models/summary.go:243.33,245.3 1 1
github.com/muety/wakapi/models/summary.go:249.56,255.28 5 1
github.com/muety/wakapi/models/summary.go:255.28,257.3 1 1
github.com/muety/wakapi/models/summary.go:259.2,260.42 2 1
github.com/muety/wakapi/models/summary.go:260.42,261.22 1 0
github.com/muety/wakapi/models/summary.go:261.22,263.9 2 0
github.com/muety/wakapi/models/summary.go:267.2,268.15 2 1
github.com/muety/wakapi/models/summary.go:268.15,269.28 1 1
github.com/muety/wakapi/models/summary.go:269.28,271.4 1 0
github.com/muety/wakapi/models/summary.go:271.9,277.4 1 1
github.com/muety/wakapi/models/summary.go:281.45,286.16 4 1
github.com/muety/wakapi/models/summary.go:286.16,288.3 1 0
github.com/muety/wakapi/models/summary.go:289.2,289.39 1 1
github.com/muety/wakapi/models/summary.go:289.39,291.3 1 1
github.com/muety/wakapi/models/summary.go:293.2,293.30 1 1
github.com/muety/wakapi/models/summary.go:296.73,298.55 2 1
github.com/muety/wakapi/models/summary.go:298.55,299.31 1 1
github.com/muety/wakapi/models/summary.go:299.31,301.4 1 1
github.com/muety/wakapi/models/summary.go:303.2,303.16 1 1
github.com/muety/wakapi/models/summary.go:306.88,308.55 2 1
github.com/muety/wakapi/models/summary.go:308.55,309.31 1 1
github.com/muety/wakapi/models/summary.go:309.31,310.23 1 1
github.com/muety/wakapi/models/summary.go:310.23,311.13 1 1
github.com/muety/wakapi/models/summary.go:313.4,313.46 1 1
github.com/muety/wakapi/models/summary.go:316.2,316.16 1 1
github.com/muety/wakapi/models/summary.go:319.73,321.34 2 1
github.com/muety/wakapi/models/summary.go:321.34,323.3 1 1
github.com/muety/wakapi/models/summary.go:324.2,324.14 1 1
github.com/muety/wakapi/models/summary.go:327.56,330.55 3 0
github.com/muety/wakapi/models/summary.go:330.55,331.31 1 0
github.com/muety/wakapi/models/summary.go:331.31,332.44 1 0
github.com/muety/wakapi/models/summary.go:332.44,334.5 1 0
github.com/muety/wakapi/models/summary.go:337.2,337.12 1 0
github.com/muety/wakapi/models/summary.go:340.58,342.16 2 0
github.com/muety/wakapi/models/summary.go:342.16,344.3 1 0
github.com/muety/wakapi/models/summary.go:345.2,345.16 1 0
github.com/muety/wakapi/models/summary.go:348.71,349.63 1 1
github.com/muety/wakapi/models/summary.go:349.63,350.20 1 1
github.com/muety/wakapi/models/summary.go:350.20,352.4 1 1
github.com/muety/wakapi/models/summary.go:354.3,356.45 2 1
github.com/muety/wakapi/models/summary.go:356.45,357.32 1 1
github.com/muety/wakapi/models/summary.go:357.32,358.24 1 1
github.com/muety/wakapi/models/summary.go:358.24,360.6 1 1
github.com/muety/wakapi/models/summary.go:362.4,362.14 1 1
github.com/muety/wakapi/models/summary.go:365.3,365.31 1 1
github.com/muety/wakapi/models/summary.go:365.31,367.60 1 1
github.com/muety/wakapi/models/summary.go:367.60,369.5 1 1
github.com/muety/wakapi/models/summary.go:372.3,372.31 1 1
github.com/muety/wakapi/models/summary.go:372.31,374.60 1 1
github.com/muety/wakapi/models/summary.go:374.60,375.55 1 1
github.com/muety/wakapi/models/summary.go:375.55,377.6 1 1
github.com/muety/wakapi/models/summary.go:377.11,385.6 1 1
github.com/muety/wakapi/models/summary.go:389.3,389.16 1 1
github.com/muety/wakapi/models/summary.go:393.2,402.10 8 1
github.com/muety/wakapi/models/summary.go:405.57,406.30 1 1
github.com/muety/wakapi/models/summary.go:406.30,407.28 1 1
github.com/muety/wakapi/models/summary.go:407.28,409.4 1 1
github.com/muety/wakapi/models/summary.go:411.2,411.43 1 0
github.com/muety/wakapi/models/summary.go:414.43,416.2 1 0
github.com/muety/wakapi/models/summary.go:418.49,419.21 1 0
github.com/muety/wakapi/models/summary.go:419.21,421.3 1 0
github.com/muety/wakapi/models/summary.go:422.2,423.54 2 0
github.com/muety/wakapi/models/summary.go:426.51,427.27 1 0
github.com/muety/wakapi/models/summary.go:427.27,429.3 1 0
github.com/muety/wakapi/models/summary.go:430.2,431.19 2 0
github.com/muety/wakapi/models/summary.go:434.50,438.2 1 1
github.com/muety/wakapi/models/summary.go:440.49,441.101 1 0
github.com/muety/wakapi/models/summary.go:441.101,443.3 1 0
github.com/muety/wakapi/models/summary.go:446.30,448.2 1 0
github.com/muety/wakapi/models/summary.go:450.40,452.2 1 0
github.com/muety/wakapi/models/summary.go:454.35,456.2 1 0
github.com/muety/wakapi/models/summary.go:458.33,460.2 1 1
github.com/muety/wakapi/models/summary.go:462.43,464.2 1 1
github.com/muety/wakapi/models/summary.go:466.38,468.2 1 1
github.com/muety/wakapi/models/user.go:13.13,15.2 1 1
github.com/muety/wakapi/models/user.go:94.34,96.2 1 0
github.com/muety/wakapi/models/user.go:98.36,99.22 1 1
github.com/muety/wakapi/models/user.go:99.22,101.3 1 1
github.com/muety/wakapi/models/user.go:102.2,103.16 2 1
github.com/muety/wakapi/models/user.go:103.16,105.3 1 0
github.com/muety/wakapi/models/user.go:106.2,106.11 1 1
github.com/muety/wakapi/models/user.go:111.41,114.2 2 1
github.com/muety/wakapi/models/user.go:116.53,119.54 3 0
github.com/muety/wakapi/models/user.go:119.54,121.3 1 0
github.com/muety/wakapi/models/user.go:122.2,122.51 1 0
github.com/muety/wakapi/models/user.go:122.51,124.3 1 0
github.com/muety/wakapi/models/user.go:125.2,125.20 1 0
github.com/muety/wakapi/models/user.go:129.52,130.28 1 0
github.com/muety/wakapi/models/user.go:130.28,132.3 1 0
github.com/muety/wakapi/models/user.go:133.2,133.17 1 0
github.com/muety/wakapi/models/user.go:137.45,139.2 1 1
github.com/muety/wakapi/models/user.go:141.51,143.2 1 1
github.com/muety/wakapi/models/user.go:149.65,151.32 2 0
github.com/muety/wakapi/models/user.go:151.32,153.3 1 0
github.com/muety/wakapi/models/user.go:154.2,154.30 1 0
github.com/muety/wakapi/models/user.go:154.30,156.3 1 0
github.com/muety/wakapi/models/user.go:157.2,158.24 2 0
github.com/muety/wakapi/models/user.go:161.39,163.55 2 1
github.com/muety/wakapi/models/user.go:163.55,165.3 1 1
github.com/muety/wakapi/models/user.go:167.2,167.51 1 1
github.com/muety/wakapi/models/user.go:170.37,172.2 1 0
github.com/muety/wakapi/models/user.go:174.43,177.2 1 0
github.com/muety/wakapi/models/user.go:179.45,182.2 1 0
github.com/muety/wakapi/models/user.go:184.33,189.2 1 0
github.com/muety/wakapi/models/user.go:191.41,193.2 1 0
github.com/muety/wakapi/models/user.go:195.45,197.2 1 0
github.com/muety/wakapi/models/user.go:199.45,201.2 1 0
github.com/muety/wakapi/models/user.go:204.39,206.2 1 0
github.com/muety/wakapi/models/user.go:208.39,211.2 2 0
