mode: set
github.com/muety/wakapi/main.go:114.13,119.18 4 0
github.com/muety/wakapi/main.go:119.18,122.3 2 0
github.com/muety/wakapi/main.go:123.2,144.16 8 0
github.com/muety/wakapi/main.go:144.16,146.3 1 0
github.com/muety/wakapi/main.go:148.2,148.20 1 0
github.com/muety/wakapi/main.go:148.20,150.3 1 0
github.com/muety/wakapi/main.go:151.2,152.16 2 0
github.com/muety/wakapi/main.go:152.16,154.3 1 0
github.com/muety/wakapi/main.go:155.2,160.28 4 0
github.com/muety/wakapi/main.go:160.28,162.3 1 0
github.com/muety/wakapi/main.go:165.2,194.35 27 0
github.com/muety/wakapi/main.go:194.35,196.3 1 0
github.com/muety/wakapi/main.go:199.2,205.35 6 0
github.com/muety/wakapi/main.go:205.35,207.3 1 0
github.com/muety/wakapi/main.go:209.2,265.29 35 0
github.com/muety/wakapi/main.go:265.29,267.3 1 0
github.com/muety/wakapi/main.go:270.2,321.21 41 0
github.com/muety/wakapi/main.go:321.21,323.3 1 0
github.com/muety/wakapi/main.go:324.2,331.24 6 0
github.com/muety/wakapi/main.go:331.24,333.13 2 0
github.com/muety/wakapi/main.go:333.13,335.4 1 0
github.com/muety/wakapi/main.go:339.2,339.16 1 0
github.com/muety/wakapi/main.go:342.35,346.71 2 0
github.com/muety/wakapi/main.go:346.71,354.3 2 0
github.com/muety/wakapi/main.go:357.2,357.71 1 0
github.com/muety/wakapi/main.go:357.71,365.3 2 0
github.com/muety/wakapi/main.go:368.2,368.75 1 0
github.com/muety/wakapi/main.go:368.75,370.64 1 0
github.com/muety/wakapi/main.go:370.64,372.64 2 0
github.com/muety/wakapi/main.go:372.64,374.5 1 0
github.com/muety/wakapi/main.go:376.3,380.4 1 0
github.com/muety/wakapi/main.go:383.2,383.21 1 0
github.com/muety/wakapi/main.go:383.21,384.61 1 0
github.com/muety/wakapi/main.go:384.61,386.14 2 0
github.com/muety/wakapi/main.go:386.14,387.101 1 0
github.com/muety/wakapi/main.go:387.101,389.19 2 0
github.com/muety/wakapi/main.go:389.19,391.7 1 0
github.com/muety/wakapi/main.go:392.6,392.27 1 0
github.com/muety/wakapi/main.go:396.3,396.16 1 0
github.com/muety/wakapi/main.go:396.16,398.14 2 0
github.com/muety/wakapi/main.go:398.14,399.101 1 0
github.com/muety/wakapi/main.go:399.101,401.6 1 0
github.com/muety/wakapi/main.go:404.3,404.21 1 0
github.com/muety/wakapi/main.go:404.21,406.14 2 0
github.com/muety/wakapi/main.go:406.14,408.19 2 0
github.com/muety/wakapi/main.go:408.19,410.6 1 0
github.com/muety/wakapi/main.go:411.5,411.109 1 0
github.com/muety/wakapi/main.go:411.109,413.6 1 0
github.com/muety/wakapi/main.go:414.5,414.111 1 0
github.com/muety/wakapi/main.go:414.111,416.6 1 0
github.com/muety/wakapi/main.go:419.8,420.61 1 0
github.com/muety/wakapi/main.go:420.61,422.14 2 0
github.com/muety/wakapi/main.go:422.14,423.47 1 0
github.com/muety/wakapi/main.go:423.47,425.19 2 0
github.com/muety/wakapi/main.go:425.19,427.7 1 0
github.com/muety/wakapi/main.go:428.6,428.27 1 0
github.com/muety/wakapi/main.go:432.3,432.16 1 0
github.com/muety/wakapi/main.go:432.16,434.14 2 0
github.com/muety/wakapi/main.go:434.14,435.47 1 0
github.com/muety/wakapi/main.go:435.47,437.6 1 0
github.com/muety/wakapi/main.go:440.3,440.21 1 0
github.com/muety/wakapi/main.go:440.21,442.14 2 0
github.com/muety/wakapi/main.go:442.14,444.19 2 0
github.com/muety/wakapi/main.go:444.19,446.6 1 0
github.com/muety/wakapi/main.go:447.5,447.109 1 0
github.com/muety/wakapi/main.go:447.109,449.6 1 0
github.com/muety/wakapi/main.go:450.5,450.55 1 0
github.com/muety/wakapi/main.go:450.55,452.6 1 0
github.com/muety/wakapi/main.go:457.2,457.29 1 0
github.com/muety/wakapi/config/config.go:233.46,234.25 1 1
github.com/muety/wakapi/config/config.go:234.25,236.3 1 1
github.com/muety/wakapi/config/config.go:237.2,237.35 1 1
github.com/muety/wakapi/config/config.go:240.47,244.38 3 1
github.com/muety/wakapi/config/config.go:244.38,246.3 1 1
github.com/muety/wakapi/config/config.go:247.2,247.22 1 1
github.com/muety/wakapi/config/config.go:247.22,249.3 1 1
github.com/muety/wakapi/config/config.go:250.2,250.26 1 1
github.com/muety/wakapi/config/config.go:250.26,252.3 1 1
github.com/muety/wakapi/config/config.go:253.2,253.46 1 1
github.com/muety/wakapi/config/config.go:253.46,255.3 1 1
github.com/muety/wakapi/config/config.go:256.2,256.12 1 1
github.com/muety/wakapi/config/config.go:259.45,261.2 1 0
github.com/muety/wakapi/config/config.go:263.64,265.2 1 0
github.com/muety/wakapi/config/config.go:267.59,269.2 1 0
github.com/muety/wakapi/config/config.go:271.82,272.16 1 0
github.com/muety/wakapi/config/config.go:272.16,274.3 1 0
github.com/muety/wakapi/config/config.go:276.2,284.3 1 0
github.com/muety/wakapi/config/config.go:287.31,289.2 1 1
github.com/muety/wakapi/config/config.go:291.32,293.2 1 0
github.com/muety/wakapi/config/config.go:295.60,297.2 1 0
github.com/muety/wakapi/config/config.go:299.67,300.37 1 0
github.com/muety/wakapi/config/config.go:300.37,302.3 1 0
github.com/muety/wakapi/config/config.go:303.2,303.62 1 0
github.com/muety/wakapi/config/config.go:306.59,308.2 1 0
github.com/muety/wakapi/config/config.go:310.57,312.2 1 0
github.com/muety/wakapi/config/config.go:314.53,316.2 1 0
github.com/muety/wakapi/config/config.go:318.53,319.46 1 1
github.com/muety/wakapi/config/config.go:319.46,323.17 3 0
github.com/muety/wakapi/config/config.go:323.17,325.4 1 0
github.com/muety/wakapi/config/config.go:327.3,328.17 2 0
github.com/muety/wakapi/config/config.go:328.17,330.4 1 0
github.com/muety/wakapi/config/config.go:332.3,332.44 1 0
github.com/muety/wakapi/config/config.go:335.2,335.51 1 1
github.com/muety/wakapi/config/config.go:338.50,339.47 1 1
github.com/muety/wakapi/config/config.go:339.47,346.17 5 0
github.com/muety/wakapi/config/config.go:346.17,348.4 1 0
github.com/muety/wakapi/config/config.go:350.3,351.17 2 0
github.com/muety/wakapi/config/config.go:351.17,353.4 1 0
github.com/muety/wakapi/config/config.go:355.3,355.54 1 0
github.com/muety/wakapi/config/config.go:358.2,358.52 1 1
github.com/muety/wakapi/config/config.go:361.65,366.56 3 1
github.com/muety/wakapi/config/config.go:366.56,368.33 1 0
github.com/muety/wakapi/config/config.go:368.33,371.18 3 0
github.com/muety/wakapi/config/config.go:371.18,373.5 1 0
github.com/muety/wakapi/config/config.go:375.4,376.18 2 0
github.com/muety/wakapi/config/config.go:376.18,378.5 1 0
github.com/muety/wakapi/config/config.go:380.4,380.45 1 0
github.com/muety/wakapi/config/config.go:382.8,383.33 1 1
github.com/muety/wakapi/config/config.go:383.33,385.4 1 1
github.com/muety/wakapi/config/config.go:388.2,388.76 1 1
github.com/muety/wakapi/config/config.go:388.76,390.3 1 1
github.com/muety/wakapi/config/config.go:392.2,392.14 1 1
github.com/muety/wakapi/config/config.go:395.54,398.2 2 0
github.com/muety/wakapi/config/config.go:400.54,403.64 2 1
github.com/muety/wakapi/config/config.go:403.64,405.15 1 1
github.com/muety/wakapi/config/config.go:405.15,406.12 1 1
github.com/muety/wakapi/config/config.go:410.3,411.17 2 0
github.com/muety/wakapi/config/config.go:411.17,413.12 2 0
github.com/muety/wakapi/config/config.go:417.3,418.22 2 0
github.com/muety/wakapi/config/config.go:418.22,420.29 2 0
github.com/muety/wakapi/config/config.go:420.29,422.5 1 0
github.com/muety/wakapi/config/config.go:423.4,425.12 3 0
github.com/muety/wakapi/config/config.go:428.3,428.55 1 0
github.com/muety/wakapi/config/config.go:432.61,434.2 1 0
github.com/muety/wakapi/config/config.go:436.66,438.2 1 0
github.com/muety/wakapi/config/config.go:440.65,442.2 1 0
github.com/muety/wakapi/config/config.go:444.73,446.2 1 0
github.com/muety/wakapi/config/config.go:448.78,450.2 1 0
github.com/muety/wakapi/config/config.go:452.55,453.112 1 0
github.com/muety/wakapi/config/config.go:453.112,455.3 1 0
github.com/muety/wakapi/config/config.go:458.70,461.23 3 0
github.com/muety/wakapi/config/config.go:461.23,463.3 1 0
github.com/muety/wakapi/config/config.go:465.2,469.20 4 0
github.com/muety/wakapi/config/config.go:470.11,471.28 1 0
github.com/muety/wakapi/config/config.go:472.11,473.28 1 0
github.com/muety/wakapi/config/config.go:474.11,475.26 1 0
github.com/muety/wakapi/config/config.go:478.2,478.51 1 0
github.com/muety/wakapi/config/config.go:481.36,483.2 1 1
github.com/muety/wakapi/config/config.go:485.35,487.2 1 0
github.com/muety/wakapi/config/config.go:489.38,491.2 1 0
github.com/muety/wakapi/config/config.go:493.35,495.2 1 1
github.com/muety/wakapi/config/config.go:497.46,499.2 1 1
github.com/muety/wakapi/config/config.go:501.43,503.2 1 0
github.com/muety/wakapi/config/config.go:505.29,507.2 1 1
github.com/muety/wakapi/config/config.go:509.48,520.16 2 1
github.com/muety/wakapi/config/config.go:520.16,521.48 1 1
github.com/muety/wakapi/config/config.go:521.48,523.4 1 0
github.com/muety/wakapi/config/config.go:523.9,525.4 1 1
github.com/muety/wakapi/config/config.go:528.2,529.53 2 1
github.com/muety/wakapi/config/config.go:529.53,531.3 1 0
github.com/muety/wakapi/config/config.go:533.2,533.15 1 1
github.com/muety/wakapi/config/config.go:536.45,537.27 1 1
github.com/muety/wakapi/config/config.go:537.27,539.3 1 0
github.com/muety/wakapi/config/config.go:540.2,540.24 1 1
github.com/muety/wakapi/config/config.go:540.24,542.3 1 0
github.com/muety/wakapi/config/config.go:543.2,543.25 1 1
github.com/muety/wakapi/config/config.go:543.25,545.3 1 0
github.com/muety/wakapi/config/config.go:546.2,546.15 1 1
github.com/muety/wakapi/config/config.go:549.26,551.2 1 1
github.com/muety/wakapi/config/config.go:553.20,555.2 1 1
github.com/muety/wakapi/config/config.go:557.54,561.101 3 1
github.com/muety/wakapi/config/config.go:561.101,563.3 1 0
github.com/muety/wakapi/config/config.go:565.2,571.21 5 1
github.com/muety/wakapi/config/config.go:571.21,573.3 1 0
github.com/muety/wakapi/config/config.go:575.2,578.35 4 1
github.com/muety/wakapi/config/config.go:578.35,580.3 1 0
github.com/muety/wakapi/config/config.go:581.2,581.25 1 1
github.com/muety/wakapi/config/config.go:581.25,584.3 2 0
github.com/muety/wakapi/config/config.go:586.2,590.16 4 1
github.com/muety/wakapi/config/config.go:590.16,594.3 3 1
github.com/muety/wakapi/config/config.go:595.2,595.37 1 1
github.com/muety/wakapi/config/config.go:595.37,597.3 1 0
github.com/muety/wakapi/config/config.go:599.2,605.47 5 1
github.com/muety/wakapi/config/config.go:605.47,606.14 1 0
github.com/muety/wakapi/config/config.go:606.14,608.4 1 0
github.com/muety/wakapi/config/config.go:611.2,611.29 1 1
github.com/muety/wakapi/config/config.go:611.29,612.38 1 0
github.com/muety/wakapi/config/config.go:612.38,614.4 1 0
github.com/muety/wakapi/config/config.go:615.3,616.60 2 0
github.com/muety/wakapi/config/config.go:619.2,619.41 1 1
github.com/muety/wakapi/config/config.go:619.41,621.3 1 1
github.com/muety/wakapi/config/config.go:621.8,623.35 2 0
github.com/muety/wakapi/config/config.go:623.35,625.4 1 0
github.com/muety/wakapi/config/config.go:626.3,626.34 1 0
github.com/muety/wakapi/config/config.go:630.2,630.108 1 1
github.com/muety/wakapi/config/config.go:630.108,632.3 1 0
github.com/muety/wakapi/config/config.go:633.2,633.52 1 1
github.com/muety/wakapi/config/config.go:633.52,635.3 1 0
github.com/muety/wakapi/config/config.go:636.2,636.51 1 1
github.com/muety/wakapi/config/config.go:636.51,639.3 2 1
github.com/muety/wakapi/config/config.go:640.2,640.100 1 1
github.com/muety/wakapi/config/config.go:640.100,642.3 1 0
github.com/muety/wakapi/config/config.go:643.2,643.53 1 1
github.com/muety/wakapi/config/config.go:643.53,645.3 1 0
github.com/muety/wakapi/config/config.go:646.2,646.74 1 1
github.com/muety/wakapi/config/config.go:646.74,648.3 1 0
github.com/muety/wakapi/config/config.go:649.2,649.95 1 1
github.com/muety/wakapi/config/config.go:649.95,651.3 1 0
github.com/muety/wakapi/config/config.go:652.2,652.156 1 1
github.com/muety/wakapi/config/config.go:652.156,654.3 1 0
github.com/muety/wakapi/config/config.go:655.2,655.165 1 1
github.com/muety/wakapi/config/config.go:655.165,657.3 1 0
github.com/muety/wakapi/config/config.go:658.2,658.57 1 1
github.com/muety/wakapi/config/config.go:658.57,659.45 1 1
github.com/muety/wakapi/config/config.go:659.45,661.4 1 0
github.com/muety/wakapi/config/config.go:664.2,666.78 2 1
github.com/muety/wakapi/config/config.go:666.78,668.3 1 0
github.com/muety/wakapi/config/config.go:669.2,669.81 1 1
github.com/muety/wakapi/config/config.go:669.81,671.3 1 0
github.com/muety/wakapi/config/config.go:672.2,672.66 1 1
github.com/muety/wakapi/config/config.go:672.66,673.48 1 1
github.com/muety/wakapi/config/config.go:673.48,675.4 1 0
github.com/muety/wakapi/config/config.go:679.2,679.76 1 1
github.com/muety/wakapi/config/config.go:679.76,681.3 1 0
github.com/muety/wakapi/config/config.go:684.2,684.55 1 1
github.com/muety/wakapi/config/config.go:684.55,686.3 1 0
github.com/muety/wakapi/config/config.go:687.2,687.56 1 1
github.com/muety/wakapi/config/config.go:687.56,689.3 1 0
github.com/muety/wakapi/config/config.go:690.2,690.65 1 1
github.com/muety/wakapi/config/config.go:690.65,692.3 1 0
github.com/muety/wakapi/config/config.go:694.2,699.14 3 1
github.com/muety/wakapi/config/config.go:702.22,712.2 1 0
github.com/muety/wakapi/config/config.go:714.38,717.2 2 0
github.com/muety/wakapi/config/config.go:719.40,721.50 1 1
github.com/muety/wakapi/config/config.go:721.50,724.3 2 1
github.com/muety/wakapi/config/config.go:727.22,739.33 2 1
github.com/muety/wakapi/config/config.go:739.33,744.69 3 1
github.com/muety/wakapi/config/config.go:744.69,748.135 3 1
github.com/muety/wakapi/config/config.go:748.135,751.5 2 0
github.com/muety/wakapi/config/config.go:752.4,752.18 1 1
github.com/muety/wakapi/config/db.go:53.50,54.19 1 0
github.com/muety/wakapi/config/db.go:55.23,59.5 1 0
github.com/muety/wakapi/config/db.go:60.26,63.5 1 0
github.com/muety/wakapi/config/db.go:64.24,65.48 1 0
github.com/muety/wakapi/config/db.go:68.2,68.12 1 0
github.com/muety/wakapi/config/db.go:71.53,72.25 1 1
github.com/muety/wakapi/config/db.go:72.25,74.3 1 0
github.com/muety/wakapi/config/db.go:76.2,78.25 2 1
github.com/muety/wakapi/config/db.go:78.25,80.3 1 1
github.com/muety/wakapi/config/db.go:82.2,90.3 1 1
github.com/muety/wakapi/config/db.go:93.56,94.25 1 1
github.com/muety/wakapi/config/db.go:94.25,96.3 1 0
github.com/muety/wakapi/config/db.go:98.2,99.16 2 1
github.com/muety/wakapi/config/db.go:99.16,101.3 1 0
github.com/muety/wakapi/config/db.go:106.2,113.3 1 1
github.com/muety/wakapi/config/db.go:116.54,118.2 1 1
github.com/muety/wakapi/config/db_opts.go:11.56,13.2 1 0
github.com/muety/wakapi/config/db_opts.go:15.59,17.2 1 0
github.com/muety/wakapi/config/db_opts.go:19.61,21.39 1 0
github.com/muety/wakapi/config/db_opts.go:21.39,23.100 1 0
github.com/muety/wakapi/config/db_opts.go:23.100,25.4 1 0
github.com/muety/wakapi/config/db_opts.go:28.2,28.30 1 0
github.com/muety/wakapi/config/db_opts.go:28.30,29.68 1 0
github.com/muety/wakapi/config/db_opts.go:29.68,31.4 1 0
github.com/muety/wakapi/config/db_opts.go:34.2,34.12 1 0
github.com/muety/wakapi/config/eventbus.go:28.13,30.2 1 1
github.com/muety/wakapi/config/eventbus.go:32.26,34.2 1 0
github.com/muety/wakapi/config/fs.go:9.56,10.19 1 0
github.com/muety/wakapi/config/fs.go:10.19,11.46 1 0
github.com/muety/wakapi/config/fs.go:11.46,13.4 1 0
github.com/muety/wakapi/config/fs.go:14.3,14.98 1 0
github.com/muety/wakapi/config/fs.go:16.2,16.19 1 0
github.com/muety/wakapi/config/jobqueue.go:29.13,31.2 1 1
github.com/muety/wakapi/config/jobqueue.go:33.18,41.2 7 0
github.com/muety/wakapi/config/jobqueue.go:43.48,44.34 1 0
github.com/muety/wakapi/config/jobqueue.go:44.34,46.3 1 0
github.com/muety/wakapi/config/jobqueue.go:47.2,50.12 4 0
github.com/muety/wakapi/config/jobqueue.go:53.44,55.2 1 0
github.com/muety/wakapi/config/jobqueue.go:57.48,58.35 1 0
github.com/muety/wakapi/config/jobqueue.go:58.35,60.3 1 0
github.com/muety/wakapi/config/jobqueue.go:61.2,61.24 1 0
github.com/muety/wakapi/config/jobqueue.go:64.43,66.37 2 0
github.com/muety/wakapi/config/jobqueue.go:66.37,72.3 1 0
github.com/muety/wakapi/config/jobqueue.go:73.2,73.16 1 0
github.com/muety/wakapi/config/jobqueue.go:76.20,77.30 1 0
github.com/muety/wakapi/config/jobqueue.go:77.30,79.3 1 0
github.com/muety/wakapi/config/key_utils.go:10.58,14.44 2 1
github.com/muety/wakapi/config/key_utils.go:14.44,16.17 2 1
github.com/muety/wakapi/config/key_utils.go:16.17,18.4 1 0
github.com/muety/wakapi/config/key_utils.go:19.3,22.17 3 1
github.com/muety/wakapi/config/key_utils.go:22.17,24.4 1 0
github.com/muety/wakapi/config/key_utils.go:25.3,25.46 1 1
github.com/muety/wakapi/config/key_utils.go:29.2,30.16 2 0
github.com/muety/wakapi/config/key_utils.go:30.16,32.3 1 0
github.com/muety/wakapi/config/key_utils.go:33.2,36.51 3 0
github.com/muety/wakapi/config/key_utils.go:36.51,38.3 1 0
github.com/muety/wakapi/config/key_utils.go:39.2,39.45 1 0
github.com/muety/wakapi/config/logging.go:8.29,10.11 2 1
github.com/muety/wakapi/config/logging.go:10.11,12.3 1 1
github.com/muety/wakapi/config/logging.go:12.8,14.3 1 0
github.com/muety/wakapi/config/logging.go:15.2,15.36 1 1
github.com/muety/wakapi/config/oidc.go:32.46,34.2 1 0
github.com/muety/wakapi/config/oidc.go:36.45,38.2 1 0
github.com/muety/wakapi/config/oidc.go:40.48,42.62 1 0
github.com/muety/wakapi/config/oidc.go:42.62,44.3 1 0
github.com/muety/wakapi/config/oidc.go:45.2,45.53 1 0
github.com/muety/wakapi/config/oidc.go:45.53,47.3 1 0
github.com/muety/wakapi/config/oidc.go:48.2,48.52 1 0
github.com/muety/wakapi/config/oidc.go:48.52,50.3 1 0
github.com/muety/wakapi/config/oidc.go:51.2,51.11 1 0
github.com/muety/wakapi/config/oidc.go:56.60,60.16 3 1
github.com/muety/wakapi/config/oidc.go:60.16,63.3 2 0
github.com/muety/wakapi/config/oidc.go:65.2,78.3 2 1
github.com/muety/wakapi/config/oidc.go:81.58,83.9 2 1
github.com/muety/wakapi/config/oidc.go:83.9,85.3 1 0
github.com/muety/wakapi/config/oidc.go:86.2,86.22 1 1
github.com/muety/wakapi/config/oidc.go:89.53,92.2 2 0
github.com/muety/wakapi/config/sentry.go:27.26,29.16 2 1
github.com/muety/wakapi/config/sentry.go:29.16,31.3 1 1
github.com/muety/wakapi/config/sentry.go:33.2,33.136 1 1
github.com/muety/wakapi/config/sentry.go:33.136,35.30 2 0
github.com/muety/wakapi/config/sentry.go:35.30,36.29 1 0
github.com/muety/wakapi/config/sentry.go:36.29,38.5 1 0
github.com/muety/wakapi/config/sentry.go:40.3,40.24 1 0
github.com/muety/wakapi/config/sentry.go:43.2,48.4 1 1
github.com/muety/wakapi/config/sentry.go:51.26,53.25 1 1
github.com/muety/wakapi/config/sentry.go:53.25,55.3 1 1
github.com/muety/wakapi/config/sentry.go:56.2,57.21 2 1
github.com/muety/wakapi/config/sentry.go:60.55,64.2 3 0
github.com/muety/wakapi/config/sentry.go:66.63,69.39 3 0
github.com/muety/wakapi/config/sentry.go:69.39,71.3 1 0
github.com/muety/wakapi/config/sentry.go:72.2,72.11 1 0
github.com/muety/wakapi/config/sentry.go:83.73,91.59 1 0
github.com/muety/wakapi/config/sentry.go:91.59,93.38 2 0
github.com/muety/wakapi/config/sentry.go:93.38,94.38 1 0
github.com/muety/wakapi/config/sentry.go:94.38,96.6 1 0
github.com/muety/wakapi/config/sentry.go:98.4,98.50 1 0
github.com/muety/wakapi/config/sentry.go:98.50,100.5 1 0
github.com/muety/wakapi/config/sentry.go:101.4,101.37 1 0
github.com/muety/wakapi/config/sentry.go:103.79,106.4 1 0
github.com/muety/wakapi/config/sentry.go:107.17,109.3 1 0
github.com/muety/wakapi/config/sentry.go:113.43,115.23 2 0
github.com/muety/wakapi/config/sentry.go:115.23,118.3 2 0
github.com/muety/wakapi/config/sentry.go:119.2,120.16 2 0
github.com/muety/wakapi/config/sentry.go:120.16,122.3 1 0
github.com/muety/wakapi/config/sentry.go:123.2,123.21 1 0
github.com/muety/wakapi/config/session.go:13.46,19.36 2 0
github.com/muety/wakapi/config/session.go:19.36,22.3 2 0
github.com/muety/wakapi/config/session.go:24.2,24.14 1 0
github.com/muety/wakapi/config/session.go:27.46,28.25 1 0
github.com/muety/wakapi/config/session.go:28.25,30.3 1 0
github.com/muety/wakapi/config/session.go:31.2,31.21 1 0
github.com/muety/wakapi/config/shared_data.go:18.34,20.2 1 0
github.com/muety/wakapi/config/testutils.go:3.89,13.2 4 0
github.com/muety/wakapi/helpers/date.go:18.73,19.58 1 0
github.com/muety/wakapi/helpers/date.go:19.58,21.3 1 0
github.com/muety/wakapi/helpers/date.go:22.2,22.87 1 0
github.com/muety/wakapi/helpers/date.go:22.87,24.3 1 0
github.com/muety/wakapi/helpers/date.go:25.2,25.64 1 0
github.com/muety/wakapi/helpers/date.go:28.40,30.2 1 0
github.com/muety/wakapi/helpers/date.go:32.44,34.2 1 0
github.com/muety/wakapi/helpers/date.go:36.49,38.2 1 0
github.com/muety/wakapi/helpers/date.go:40.51,42.39 2 0
github.com/muety/wakapi/helpers/date.go:42.39,44.3 1 0
github.com/muety/wakapi/helpers/date.go:45.2,45.28 1 0
github.com/muety/wakapi/helpers/date.go:48.45,50.2 1 0
github.com/muety/wakapi/helpers/date.go:52.50,58.2 5 0
github.com/muety/wakapi/helpers/http.go:11.94,13.16 2 0
github.com/muety/wakapi/helpers/http.go:13.16,15.3 1 0
github.com/muety/wakapi/helpers/http.go:17.2,17.107 1 0
github.com/muety/wakapi/helpers/http.go:17.107,19.3 1 0
github.com/muety/wakapi/helpers/http.go:21.2,21.22 1 0
github.com/muety/wakapi/helpers/http.go:24.90,27.58 3 0
github.com/muety/wakapi/helpers/http.go:27.58,29.3 1 0
github.com/muety/wakapi/helpers/interval.go:11.66,12.40 1 0
github.com/muety/wakapi/helpers/interval.go:12.40,13.27 1 0
github.com/muety/wakapi/helpers/interval.go:13.27,15.4 1 0
github.com/muety/wakapi/helpers/interval.go:17.2,17.48 1 0
github.com/muety/wakapi/helpers/interval.go:20.61,23.2 2 0
github.com/muety/wakapi/helpers/interval.go:25.114,28.2 2 0
github.com/muety/wakapi/helpers/interval.go:30.121,32.16 2 0
github.com/muety/wakapi/helpers/interval.go:32.16,34.3 1 0
github.com/muety/wakapi/helpers/interval.go:35.2,35.51 1 0
github.com/muety/wakapi/helpers/interval.go:38.131,42.18 3 1
github.com/muety/wakapi/helpers/interval.go:43.28,44.32 1 0
github.com/muety/wakapi/helpers/interval.go:45.32,47.30 2 0
github.com/muety/wakapi/helpers/interval.go:48.30,49.34 1 1
github.com/muety/wakapi/helpers/interval.go:50.31,51.48 1 0
github.com/muety/wakapi/helpers/interval.go:52.31,54.46 2 0
github.com/muety/wakapi/helpers/interval.go:55.32,56.36 1 0
github.com/muety/wakapi/helpers/interval.go:57.32,59.34 2 0
github.com/muety/wakapi/helpers/interval.go:60.31,61.35 1 0
github.com/muety/wakapi/helpers/interval.go:62.32,63.31 1 1
github.com/muety/wakapi/helpers/interval.go:64.41,66.48 2 0
github.com/muety/wakapi/helpers/interval.go:67.33,68.32 1 1
github.com/muety/wakapi/helpers/interval.go:69.33,70.32 1 1
github.com/muety/wakapi/helpers/interval.go:71.34,72.31 1 1
github.com/muety/wakapi/helpers/interval.go:73.35,74.32 1 1
github.com/muety/wakapi/helpers/interval.go:75.26,76.25 1 0
github.com/muety/wakapi/helpers/interval.go:77.10,78.39 1 0
github.com/muety/wakapi/helpers/interval.go:81.2,81.22 1 1
github.com/muety/wakapi/helpers/interval.go:85.65,86.15 1 1
github.com/muety/wakapi/helpers/interval.go:86.15,88.3 1 1
github.com/muety/wakapi/helpers/interval.go:89.2,89.14 1 1
github.com/muety/wakapi/helpers/interval.go:89.14,91.3 1 1
github.com/muety/wakapi/helpers/interval.go:92.2,92.14 1 1
github.com/muety/wakapi/helpers/interval.go:92.14,94.3 1 1
github.com/muety/wakapi/helpers/interval.go:95.2,95.15 1 1
github.com/muety/wakapi/helpers/interval.go:95.15,97.3 1 1
github.com/muety/wakapi/helpers/interval.go:98.2,98.15 1 1
github.com/muety/wakapi/helpers/interval.go:98.15,100.3 1 1
github.com/muety/wakapi/helpers/interval.go:101.2,101.16 1 1
github.com/muety/wakapi/helpers/interval.go:101.16,103.3 1 1
github.com/muety/wakapi/helpers/interval.go:104.2,104.16 1 1
github.com/muety/wakapi/helpers/interval.go:104.16,106.3 1 1
github.com/muety/wakapi/helpers/interval.go:107.2,107.41 1 1
github.com/muety/wakapi/helpers/summary.go:12.73,19.56 5 0
github.com/muety/wakapi/helpers/summary.go:19.56,21.3 1 0
github.com/muety/wakapi/helpers/summary.go:21.8,21.54 1 0
github.com/muety/wakapi/helpers/summary.go:21.54,23.3 1 0
github.com/muety/wakapi/helpers/summary.go:23.8,25.17 2 0
github.com/muety/wakapi/helpers/summary.go:25.17,27.4 1 0
github.com/muety/wakapi/helpers/summary.go:29.3,30.17 2 0
github.com/muety/wakapi/helpers/summary.go:30.17,32.4 1 0
github.com/muety/wakapi/helpers/summary.go:35.2,45.8 3 0
github.com/muety/wakapi/helpers/summary.go:48.59,50.48 2 0
github.com/muety/wakapi/helpers/summary.go:50.48,52.3 1 0
github.com/muety/wakapi/helpers/summary.go:53.2,53.49 1 0
github.com/muety/wakapi/helpers/summary.go:53.49,55.3 1 0
github.com/muety/wakapi/helpers/summary.go:56.2,56.47 1 0
github.com/muety/wakapi/helpers/summary.go:56.47,58.3 1 0
github.com/muety/wakapi/helpers/summary.go:59.2,59.48 1 0
github.com/muety/wakapi/helpers/summary.go:59.48,61.3 1 0
github.com/muety/wakapi/helpers/summary.go:62.2,62.57 1 0
github.com/muety/wakapi/helpers/summary.go:62.57,64.3 1 0
github.com/muety/wakapi/helpers/summary.go:65.2,65.46 1 0
github.com/muety/wakapi/helpers/summary.go:65.46,67.3 1 0
github.com/muety/wakapi/helpers/summary.go:68.2,68.47 1 0
github.com/muety/wakapi/helpers/summary.go:68.47,70.3 1 0
github.com/muety/wakapi/helpers/summary.go:71.2,71.47 1 0
github.com/muety/wakapi/helpers/summary.go:71.47,73.3 1 0
github.com/muety/wakapi/helpers/summary.go:74.2,74.49 1 0
github.com/muety/wakapi/helpers/summary.go:74.49,76.3 1 0
github.com/muety/wakapi/helpers/summary.go:77.2,77.16 1 0
github.com/muety/wakapi/helpers/summary.go:80.48,82.23 2 0
github.com/muety/wakapi/helpers/summary.go:82.23,85.3 2 0
github.com/muety/wakapi/helpers/summary.go:86.2,87.16 2 0
github.com/muety/wakapi/helpers/summary.go:87.16,89.3 1 0
github.com/muety/wakapi/helpers/summary.go:90.2,90.27 1 0
github.com/muety/wakapi/lib/concurrent_map.go:10.67,14.2 1 0
github.com/muety/wakapi/lib/concurrent_map.go:16.51,20.2 3 0
github.com/muety/wakapi/lib/concurrent_map.go:22.52,27.2 4 0
github.com/muety/wakapi/lib/concurrent_map.go:29.48,32.2 2 0
github.com/muety/wakapi/lib/concurrent_map.go:34.45,38.2 3 0
github.com/muety/wakapi/lib/concurrent_map.go:40.41,44.2 3 0
github.com/muety/wakapi/middlewares/authenticate.go:39.91,46.2 1 1
github.com/muety/wakapi/middlewares/authenticate.go:48.91,51.2 2 0
github.com/muety/wakapi/middlewares/authenticate.go:53.100,56.2 2 0
github.com/muety/wakapi/middlewares/authenticate.go:58.90,61.2 2 0
github.com/muety/wakapi/middlewares/authenticate.go:63.99,66.2 2 0
github.com/muety/wakapi/middlewares/authenticate.go:68.71,69.71 1 0
github.com/muety/wakapi/middlewares/authenticate.go:69.71,71.3 1 0
github.com/muety/wakapi/middlewares/authenticate.go:74.107,77.27 2 0
github.com/muety/wakapi/middlewares/authenticate.go:77.27,81.3 1 0
github.com/muety/wakapi/middlewares/authenticate.go:83.2,84.16 2 0
github.com/muety/wakapi/middlewares/authenticate.go:84.16,86.3 1 0
github.com/muety/wakapi/middlewares/authenticate.go:87.2,87.16 1 0
github.com/muety/wakapi/middlewares/authenticate.go:87.16,89.3 1 0
github.com/muety/wakapi/middlewares/authenticate.go:90.2,90.55 1 0
github.com/muety/wakapi/middlewares/authenticate.go:90.55,92.3 1 0
github.com/muety/wakapi/middlewares/authenticate.go:94.2,94.31 1 0
github.com/muety/wakapi/middlewares/authenticate.go:94.31,95.22 1 0
github.com/muety/wakapi/middlewares/authenticate.go:95.22,98.4 2 0
github.com/muety/wakapi/middlewares/authenticate.go:100.3,100.29 1 0
github.com/muety/wakapi/middlewares/authenticate.go:100.29,103.4 2 0
github.com/muety/wakapi/middlewares/authenticate.go:103.9,104.36 1 0
github.com/muety/wakapi/middlewares/authenticate.go:104.36,108.5 3 0
github.com/muety/wakapi/middlewares/authenticate.go:109.4,110.59 2 0
github.com/muety/wakapi/middlewares/authenticate.go:112.3,112.9 1 0
github.com/muety/wakapi/middlewares/authenticate.go:115.2,116.12 2 0
github.com/muety/wakapi/middlewares/authenticate.go:119.67,120.39 1 0
github.com/muety/wakapi/middlewares/authenticate.go:120.39,121.58 1 0
github.com/muety/wakapi/middlewares/authenticate.go:121.58,123.4 1 0
github.com/muety/wakapi/middlewares/authenticate.go:125.2,125.41 1 0
github.com/muety/wakapi/middlewares/authenticate.go:125.41,126.37 1 0
github.com/muety/wakapi/middlewares/authenticate.go:126.37,128.4 1 0
github.com/muety/wakapi/middlewares/authenticate.go:130.2,130.14 1 0
github.com/muety/wakapi/middlewares/authenticate.go:133.98,135.16 2 1
github.com/muety/wakapi/middlewares/authenticate.go:135.16,137.3 1 1
github.com/muety/wakapi/middlewares/authenticate.go:139.2,142.16 4 1
github.com/muety/wakapi/middlewares/authenticate.go:142.16,144.3 1 0
github.com/muety/wakapi/middlewares/authenticate.go:145.2,145.18 1 1
github.com/muety/wakapi/middlewares/authenticate.go:148.97,152.19 4 1
github.com/muety/wakapi/middlewares/authenticate.go:152.19,154.3 1 1
github.com/muety/wakapi/middlewares/authenticate.go:155.2,156.16 2 1
github.com/muety/wakapi/middlewares/authenticate.go:156.16,158.3 1 0
github.com/muety/wakapi/middlewares/authenticate.go:159.2,159.18 1 1
github.com/muety/wakapi/middlewares/authenticate.go:162.112,163.42 1 1
github.com/muety/wakapi/middlewares/authenticate.go:163.42,165.3 1 1
github.com/muety/wakapi/middlewares/authenticate.go:166.2,169.22 3 1
github.com/muety/wakapi/middlewares/authenticate.go:169.22,171.3 1 0
github.com/muety/wakapi/middlewares/authenticate.go:172.2,172.170 1 1
github.com/muety/wakapi/middlewares/authenticate.go:172.170,174.3 1 1
github.com/muety/wakapi/middlewares/authenticate.go:174.5,176.3 1 1
github.com/muety/wakapi/middlewares/authenticate.go:178.2,179.16 2 1
github.com/muety/wakapi/middlewares/authenticate.go:179.16,181.3 1 1
github.com/muety/wakapi/middlewares/authenticate.go:183.2,183.50 1 1
github.com/muety/wakapi/middlewares/authenticate.go:183.50,185.3 1 1
github.com/muety/wakapi/middlewares/authenticate.go:188.2,194.68 3 1
github.com/muety/wakapi/middlewares/authenticate.go:194.68,196.3 1 0
github.com/muety/wakapi/middlewares/authenticate.go:197.2,197.43 1 1
github.com/muety/wakapi/middlewares/authenticate.go:200.92,202.16 2 0
github.com/muety/wakapi/middlewares/authenticate.go:202.16,204.3 1 0
github.com/muety/wakapi/middlewares/authenticate.go:206.2,207.16 2 0
github.com/muety/wakapi/middlewares/authenticate.go:207.16,209.3 1 0
github.com/muety/wakapi/middlewares/authenticate.go:214.2,214.18 1 0
github.com/muety/wakapi/middlewares/authenticate.go:219.93,221.20 2 1
github.com/muety/wakapi/middlewares/authenticate.go:221.20,223.3 1 1
github.com/muety/wakapi/middlewares/authenticate.go:225.2,225.24 1 1
github.com/muety/wakapi/middlewares/authenticate.go:225.24,227.17 2 1
github.com/muety/wakapi/middlewares/authenticate.go:227.17,230.4 2 0
github.com/muety/wakapi/middlewares/authenticate.go:232.3,232.85 1 1
github.com/muety/wakapi/middlewares/authenticate.go:232.85,235.4 2 1
github.com/muety/wakapi/middlewares/authenticate.go:237.3,239.14 3 1
github.com/muety/wakapi/middlewares/authenticate.go:242.2,242.14 1 1
github.com/muety/wakapi/middlewares/filetype.go:13.83,14.43 1 0
github.com/muety/wakapi/middlewares/filetype.go:14.43,19.3 1 0
github.com/muety/wakapi/middlewares/filetype.go:22.84,24.34 2 0
github.com/muety/wakapi/middlewares/filetype.go:24.34,25.50 1 0
github.com/muety/wakapi/middlewares/filetype.go:25.50,29.4 3 0
github.com/muety/wakapi/middlewares/filetype.go:31.2,31.27 1 0
github.com/muety/wakapi/middlewares/logging.go:21.102,22.43 1 0
github.com/muety/wakapi/middlewares/logging.go:22.43,28.3 1 0
github.com/muety/wakapi/middlewares/logging.go:31.80,40.44 7 0
github.com/muety/wakapi/middlewares/logging.go:40.44,41.38 1 0
github.com/muety/wakapi/middlewares/logging.go:41.38,43.4 1 0
github.com/muety/wakapi/middlewares/logging.go:46.2,54.3 1 0
github.com/muety/wakapi/middlewares/logging.go:57.41,59.14 2 0
github.com/muety/wakapi/middlewares/logging.go:59.14,61.3 1 0
github.com/muety/wakapi/middlewares/logging.go:62.2,62.14 1 0
github.com/muety/wakapi/middlewares/logging.go:62.14,64.3 1 0
github.com/muety/wakapi/middlewares/logging.go:65.2,65.11 1 0
github.com/muety/wakapi/middlewares/logging.go:68.41,69.42 1 0
github.com/muety/wakapi/middlewares/logging.go:69.42,71.3 1 0
github.com/muety/wakapi/middlewares/logging.go:72.2,72.12 1 0
github.com/muety/wakapi/middlewares/logging.go:103.52,105.2 1 0
github.com/muety/wakapi/middlewares/logging.go:117.45,118.20 1 0
github.com/muety/wakapi/middlewares/logging.go:118.20,122.3 3 0
github.com/muety/wakapi/middlewares/logging.go:124.54,127.18 3 0
github.com/muety/wakapi/middlewares/logging.go:127.18,130.17 2 0
github.com/muety/wakapi/middlewares/logging.go:130.17,132.4 1 0
github.com/muety/wakapi/middlewares/logging.go:134.2,135.15 2 0
github.com/muety/wakapi/middlewares/logging.go:137.42,138.20 1 0
github.com/muety/wakapi/middlewares/logging.go:138.20,140.3 1 0
github.com/muety/wakapi/middlewares/logging.go:142.36,144.2 1 0
github.com/muety/wakapi/middlewares/logging.go:145.42,147.2 1 0
github.com/muety/wakapi/middlewares/logging.go:148.40,150.2 1 0
github.com/muety/wakapi/middlewares/logging.go:151.52,153.2 1 0
github.com/muety/wakapi/middlewares/principal.go:10.55,12.2 1 0
github.com/muety/wakapi/middlewares/principal.go:14.49,16.2 1 0
github.com/muety/wakapi/middlewares/security.go:19.62,20.43 1 0
github.com/muety/wakapi/middlewares/security.go:20.43,22.3 1 0
github.com/muety/wakapi/middlewares/security.go:25.80,26.36 1 0
github.com/muety/wakapi/middlewares/security.go:26.36,27.30 1 0
github.com/muety/wakapi/middlewares/security.go:27.30,29.4 1 0
github.com/muety/wakapi/middlewares/security.go:31.2,31.27 1 0
github.com/muety/wakapi/middlewares/sentry.go:15.60,16.43 1 0
github.com/muety/wakapi/middlewares/sentry.go:16.43,20.3 1 0
github.com/muety/wakapi/middlewares/sentry.go:23.78,26.54 3 0
github.com/muety/wakapi/middlewares/sentry.go:26.54,27.43 1 0
github.com/muety/wakapi/middlewares/sentry.go:27.43,29.4 1 0
github.com/muety/wakapi/middlewares/shared_data.go:32.64,33.43 1 0
github.com/muety/wakapi/middlewares/shared_data.go:33.43,35.3 1 0
github.com/muety/wakapi/middlewares/shared_data.go:38.82,42.2 3 0
github.com/muety/wakapi/middlewares/custom/wakatime.go:31.60,40.2 1 0
github.com/muety/wakapi/middlewares/custom/wakatime.go:42.72,43.71 1 0
github.com/muety/wakapi/middlewares/custom/wakatime.go:43.71,45.3 1 0
github.com/muety/wakapi/middlewares/custom/wakatime.go:48.108,54.70 4 0
github.com/muety/wakapi/middlewares/custom/wakatime.go:54.70,56.3 1 0
github.com/muety/wakapi/middlewares/custom/wakatime.go:58.2,59.46 2 0
github.com/muety/wakapi/middlewares/custom/wakatime.go:59.46,61.3 1 0
github.com/muety/wakapi/middlewares/custom/wakatime.go:63.2,64.16 2 0
github.com/muety/wakapi/middlewares/custom/wakatime.go:64.16,67.3 2 0
github.com/muety/wakapi/middlewares/custom/wakatime.go:69.2,75.28 5 0
github.com/muety/wakapi/middlewares/custom/wakatime.go:75.28,77.3 1 0
github.com/muety/wakapi/middlewares/custom/wakatime.go:79.2,101.3 3 0
github.com/muety/wakapi/middlewares/custom/wakatime.go:104.119,106.16 2 0
github.com/muety/wakapi/middlewares/custom/wakatime.go:106.16,109.3 2 0
github.com/muety/wakapi/middlewares/custom/wakatime.go:111.2,111.28 1 0
github.com/muety/wakapi/middlewares/custom/wakatime.go:111.28,112.23 1 0
github.com/muety/wakapi/middlewares/custom/wakatime.go:112.23,114.4 1 0
github.com/muety/wakapi/middlewares/custom/wakatime.go:117.2,118.16 2 0
github.com/muety/wakapi/middlewares/custom/wakatime.go:118.16,121.3 2 0
github.com/muety/wakapi/middlewares/custom/wakatime.go:123.2,123.61 1 0
github.com/muety/wakapi/middlewares/custom/wakatime.go:123.61,127.57 2 0
github.com/muety/wakapi/middlewares/custom/wakatime.go:127.57,129.4 1 0
github.com/muety/wakapi/middlewares/custom/wakatime.go:130.3,130.81 1 0
github.com/muety/wakapi/middlewares/custom/wakatime.go:130.81,135.4 1 0
github.com/muety/wakapi/middlewares/custom/wakatime.go:135.9,135.23 1 0
github.com/muety/wakapi/middlewares/custom/wakatime.go:135.23,137.4 1 0
github.com/muety/wakapi/middlewares/custom/wakatime.go:145.72,147.16 2 0
github.com/muety/wakapi/middlewares/custom/wakatime.go:147.16,149.3 1 0
github.com/muety/wakapi/middlewares/custom/wakatime.go:151.2,156.94 5 0
github.com/muety/wakapi/middlewares/custom/wakatime.go:156.94,158.3 1 0
github.com/muety/wakapi/middlewares/custom/wakatime.go:160.2,162.68 2 0
github.com/muety/wakapi/middlewares/custom/wakatime.go:162.68,165.58 2 0
github.com/muety/wakapi/middlewares/custom/wakatime.go:165.58,168.4 2 0
github.com/muety/wakapi/middlewares/custom/wakatime.go:171.2,171.50 1 0
github.com/muety/wakapi/middlewares/custom/wakatime.go:171.50,172.33 1 0
github.com/muety/wakapi/middlewares/custom/wakatime.go:172.33,174.4 1 0
github.com/muety/wakapi/middlewares/custom/wakatime.go:175.8,175.32 1 0
github.com/muety/wakapi/middlewares/custom/wakatime.go:175.32,177.3 1 0
github.com/muety/wakapi/middlewares/custom/wakatime.go:179.2,179.23 1 0
github.com/muety/wakapi/middlewares/custom/wakatime.go:179.23,181.3 1 0
github.com/muety/wakapi/middlewares/custom/wakatime.go:183.2,183.37 1 0
github.com/muety/wakapi/middlewares/custom/wakatime.go:183.37,186.3 2 0
github.com/muety/wakapi/middlewares/custom/wakatime.go:188.2,189.62 2 0
github.com/muety/wakapi/middlewares/custom/wakatime.go:189.62,191.3 1 0
github.com/muety/wakapi/middlewares/custom/wakatime.go:192.2,194.12 2 0
github.com/muety/wakapi/mocks/alias_repository.go:13.65,16.2 2 0
github.com/muety/wakapi/mocks/alias_repository.go:18.76,21.2 2 0
github.com/muety/wakapi/mocks/alias_repository.go:23.93,26.2 2 0
github.com/muety/wakapi/mocks/alias_repository.go:28.109,31.2 2 0
github.com/muety/wakapi/mocks/alias_repository.go:33.109,36.2 2 0
github.com/muety/wakapi/mocks/alias_repository.go:38.78,41.2 2 0
github.com/muety/wakapi/mocks/alias_repository.go:43.52,46.2 2 0
github.com/muety/wakapi/mocks/alias_repository.go:48.59,51.2 2 0
github.com/muety/wakapi/mocks/alias_service.go:12.57,15.2 2 0
github.com/muety/wakapi/mocks/alias_service.go:17.59,20.2 2 0
github.com/muety/wakapi/mocks/alias_service.go:22.92,25.2 2 0
github.com/muety/wakapi/mocks/alias_service.go:27.73,30.2 2 0
github.com/muety/wakapi/mocks/alias_service.go:32.89,35.2 2 0
github.com/muety/wakapi/mocks/alias_service.go:37.106,40.2 2 0
github.com/muety/wakapi/mocks/alias_service.go:42.75,45.2 2 0
github.com/muety/wakapi/mocks/alias_service.go:47.58,50.2 2 0
github.com/muety/wakapi/mocks/alias_service.go:52.65,55.2 2 0
github.com/muety/wakapi/mocks/base_repository.go:12.52,15.2 2 0
github.com/muety/wakapi/mocks/base_repository.go:17.73,20.2 2 0
github.com/muety/wakapi/mocks/base_repository.go:22.74,25.2 2 0
github.com/muety/wakapi/mocks/base_repository.go:27.71,30.2 2 0
github.com/muety/wakapi/mocks/base_repository.go:32.50,33.2 0 0
github.com/muety/wakapi/mocks/duration_repository.go:15.74,18.2 2 0
github.com/muety/wakapi/mocks/duration_repository.go:20.71,23.2 2 0
github.com/muety/wakapi/mocks/duration_repository.go:25.118,28.2 2 0
github.com/muety/wakapi/mocks/duration_repository.go:30.151,33.2 2 0
github.com/muety/wakapi/mocks/duration_repository.go:35.91,38.2 2 0
github.com/muety/wakapi/mocks/duration_repository.go:40.110,43.2 2 0
github.com/muety/wakapi/mocks/duration_repository.go:45.92,48.2 2 0
github.com/muety/wakapi/mocks/duration_repository.go:50.124,53.2 2 0
github.com/muety/wakapi/mocks/duration_repository.go:55.157,58.2 2 0
github.com/muety/wakapi/mocks/duration_repository.go:60.69,63.2 2 0
github.com/muety/wakapi/mocks/duration_repository.go:65.88,68.2 2 0
github.com/muety/wakapi/mocks/duration_service.go:13.158,16.2 2 0
github.com/muety/wakapi/mocks/duration_service.go:18.66,20.2 1 0
github.com/muety/wakapi/mocks/duration_service.go:22.48,23.2 0 0
github.com/muety/wakapi/mocks/duration_service.go:25.66,28.2 2 0
github.com/muety/wakapi/mocks/heartbeat_service.go:15.66,18.2 2 0
github.com/muety/wakapi/mocks/heartbeat_service.go:20.73,23.2 2 0
github.com/muety/wakapi/mocks/heartbeat_service.go:25.61,28.2 2 0
github.com/muety/wakapi/mocks/heartbeat_service.go:30.78,33.2 2 0
github.com/muety/wakapi/mocks/heartbeat_service.go:35.98,38.2 2 0
github.com/muety/wakapi/mocks/heartbeat_service.go:40.126,43.2 2 0
github.com/muety/wakapi/mocks/heartbeat_service.go:45.123,48.2 2 0
github.com/muety/wakapi/mocks/heartbeat_service.go:50.160,53.2 2 0
github.com/muety/wakapi/mocks/heartbeat_service.go:55.160,58.2 2 0
github.com/muety/wakapi/mocks/heartbeat_service.go:60.76,63.2 2 0
github.com/muety/wakapi/mocks/heartbeat_service.go:65.75,68.2 2 0
github.com/muety/wakapi/mocks/heartbeat_service.go:70.82,73.2 2 0
github.com/muety/wakapi/mocks/heartbeat_service.go:75.81,78.2 2 0
github.com/muety/wakapi/mocks/heartbeat_service.go:80.92,83.2 2 0
github.com/muety/wakapi/mocks/heartbeat_service.go:85.94,88.2 2 0
github.com/muety/wakapi/mocks/heartbeat_service.go:90.113,93.2 2 0
github.com/muety/wakapi/mocks/heartbeat_service.go:95.113,98.2 2 0
github.com/muety/wakapi/mocks/heartbeat_service.go:100.91,103.2 2 0
github.com/muety/wakapi/mocks/heartbeat_service.go:105.67,108.2 2 0
github.com/muety/wakapi/mocks/heartbeat_service.go:110.67,113.2 2 0
github.com/muety/wakapi/mocks/heartbeat_service.go:115.86,118.2 2 0
github.com/muety/wakapi/mocks/heartbeat_service.go:120.146,123.2 2 0
github.com/muety/wakapi/mocks/heartbeat_service.go:125.97,128.2 2 0
github.com/muety/wakapi/mocks/key_value_service.go:13.83,16.2 2 0
github.com/muety/wakapi/mocks/key_value_service.go:18.78,21.2 2 0
github.com/muety/wakapi/mocks/key_value_service.go:23.87,26.2 2 0
github.com/muety/wakapi/mocks/key_value_service.go:28.73,31.2 2 0
github.com/muety/wakapi/mocks/key_value_service.go:33.60,36.2 2 0
github.com/muety/wakapi/mocks/key_value_service.go:38.74,41.2 2 0
github.com/muety/wakapi/mocks/key_value_service.go:43.62,46.2 2 0
github.com/muety/wakapi/mocks/key_value_service.go:48.76,51.2 2 0
github.com/muety/wakapi/mocks/key_value_service.go:53.69,56.2 2 0
github.com/muety/wakapi/mocks/language_mapping_service.go:12.87,15.2 2 0
github.com/muety/wakapi/mocks/language_mapping_service.go:17.93,20.2 2 0
github.com/muety/wakapi/mocks/language_mapping_service.go:22.89,25.2 2 0
github.com/muety/wakapi/mocks/language_mapping_service.go:27.105,30.2 2 0
github.com/muety/wakapi/mocks/language_mapping_service.go:32.78,35.2 2 0
github.com/muety/wakapi/mocks/project_label_service.go:12.81,15.2 2 0
github.com/muety/wakapi/mocks/project_label_service.go:17.87,20.2 2 0
github.com/muety/wakapi/mocks/project_label_service.go:22.105,25.2 2 0
github.com/muety/wakapi/mocks/project_label_service.go:27.113,30.2 2 0
github.com/muety/wakapi/mocks/project_label_service.go:32.96,35.2 2 0
github.com/muety/wakapi/mocks/project_label_service.go:37.72,40.2 2 0
github.com/muety/wakapi/mocks/summary_repository.go:14.65,17.2 2 0
github.com/muety/wakapi/mocks/summary_repository.go:19.69,22.2 2 0
github.com/muety/wakapi/mocks/summary_repository.go:24.120,27.2 2 0
github.com/muety/wakapi/mocks/summary_repository.go:29.79,32.2 2 0
github.com/muety/wakapi/mocks/summary_repository.go:34.62,37.2 2 0
github.com/muety/wakapi/mocks/summary_repository.go:39.81,42.2 2 0
github.com/muety/wakapi/mocks/summary_service.go:14.177,17.2 2 0
github.com/muety/wakapi/mocks/summary_service.go:19.144,22.2 2 0
github.com/muety/wakapi/mocks/summary_service.go:24.145,27.2 2 0
github.com/muety/wakapi/mocks/summary_service.go:29.78,32.2 2 0
github.com/muety/wakapi/mocks/summary_service.go:34.59,37.2 2 0
github.com/muety/wakapi/mocks/summary_service.go:39.78,42.2 2 0
github.com/muety/wakapi/mocks/summary_service.go:44.62,47.2 2 0
github.com/muety/wakapi/mocks/user_service.go:12.71,14.24 2 0
github.com/muety/wakapi/mocks/user_service.go:14.24,16.3 1 0
github.com/muety/wakapi/mocks/user_service.go:17.2,17.50 1 0
github.com/muety/wakapi/mocks/user_service.go:20.72,23.2 2 0
github.com/muety/wakapi/mocks/user_service.go:25.74,28.2 2 0
github.com/muety/wakapi/mocks/user_service.go:30.79,33.2 2 0
github.com/muety/wakapi/mocks/user_service.go:35.85,38.2 2 0
github.com/muety/wakapi/mocks/user_service.go:40.78,42.24 2 0
github.com/muety/wakapi/mocks/user_service.go:42.24,44.3 1 0
github.com/muety/wakapi/mocks/user_service.go:45.2,45.50 1 0
github.com/muety/wakapi/mocks/user_service.go:48.60,51.2 2 0
github.com/muety/wakapi/mocks/user_service.go:53.75,56.2 2 0
github.com/muety/wakapi/mocks/user_service.go:58.71,61.2 2 0
github.com/muety/wakapi/mocks/user_service.go:63.86,66.2 2 0
github.com/muety/wakapi/mocks/user_service.go:68.79,70.23 1 0
github.com/muety/wakapi/mocks/user_service.go:73.75,76.2 2 0
github.com/muety/wakapi/mocks/user_service.go:78.85,81.2 2 0
github.com/muety/wakapi/mocks/user_service.go:83.69,86.2 2 0
github.com/muety/wakapi/mocks/user_service.go:88.50,91.2 2 0
github.com/muety/wakapi/mocks/user_service.go:93.63,96.2 2 0
github.com/muety/wakapi/mocks/user_service.go:98.104,101.2 2 0
github.com/muety/wakapi/mocks/user_service.go:103.75,106.2 2 0
github.com/muety/wakapi/mocks/user_service.go:108.59,111.2 2 0
github.com/muety/wakapi/mocks/user_service.go:113.80,116.2 2 0
github.com/muety/wakapi/mocks/user_service.go:118.109,121.2 2 0
github.com/muety/wakapi/mocks/user_service.go:123.87,126.2 2 0
github.com/muety/wakapi/mocks/user_service.go:128.93,131.2 2 0
github.com/muety/wakapi/mocks/user_service.go:133.92,136.2 2 0
github.com/muety/wakapi/mocks/user_service.go:138.40,140.2 1 0
github.com/muety/wakapi/mocks/user_service.go:142.52,144.2 1 0
github.com/muety/wakapi/migrations/20201103_rename_language_mappings_table.go:10.13,13.50 1 0
github.com/muety/wakapi/migrations/20201103_rename_language_mappings_table.go:13.50,18.39 4 0
github.com/muety/wakapi/migrations/20201103_rename_language_mappings_table.go:18.39,20.89 2 0
github.com/muety/wakapi/migrations/20201103_rename_language_mappings_table.go:20.89,22.6 1 0
github.com/muety/wakapi/migrations/20201103_rename_language_mappings_table.go:24.5,25.87 2 0
github.com/muety/wakapi/migrations/20201103_rename_language_mappings_table.go:27.4,27.14 1 0
github.com/muety/wakapi/migrations/20201103_rename_language_mappings_table.go:31.2,31.25 1 0
github.com/muety/wakapi/migrations/20201106_migration_cascade_constraints.go:10.13,15.50 2 0
github.com/muety/wakapi/migrations/20201106_migration_cascade_constraints.go:15.50,21.49 2 0
github.com/muety/wakapi/migrations/20201106_migration_cascade_constraints.go:21.49,27.5 2 0
github.com/muety/wakapi/migrations/20201106_migration_cascade_constraints.go:29.4,29.52 1 0
github.com/muety/wakapi/migrations/20201106_migration_cascade_constraints.go:29.52,32.5 2 0
github.com/muety/wakapi/migrations/20201106_migration_cascade_constraints.go:34.4,34.24 1 0
github.com/muety/wakapi/migrations/20201106_migration_cascade_constraints.go:34.24,36.5 1 0
github.com/muety/wakapi/migrations/20201106_migration_cascade_constraints.go:39.4,52.41 2 0
github.com/muety/wakapi/migrations/20201106_migration_cascade_constraints.go:52.41,53.44 1 0
github.com/muety/wakapi/migrations/20201106_migration_cascade_constraints.go:53.44,55.65 2 0
github.com/muety/wakapi/migrations/20201106_migration_cascade_constraints.go:55.65,57.7 1 0
github.com/muety/wakapi/migrations/20201106_migration_cascade_constraints.go:61.4,62.14 2 0
github.com/muety/wakapi/migrations/20201106_migration_cascade_constraints.go:66.2,66.25 1 0
github.com/muety/wakapi/migrations/20210202_fix_cascade_for_alias_user_constraint.go:10.13,15.50 2 0
github.com/muety/wakapi/migrations/20210202_fix_cascade_for_alias_user_constraint.go:15.50,18.49 2 0
github.com/muety/wakapi/migrations/20210202_fix_cascade_for_alias_user_constraint.go:18.49,22.5 2 0
github.com/muety/wakapi/migrations/20210202_fix_cascade_for_alias_user_constraint.go:24.4,24.52 1 0
github.com/muety/wakapi/migrations/20210202_fix_cascade_for_alias_user_constraint.go:24.52,27.5 2 0
github.com/muety/wakapi/migrations/20210202_fix_cascade_for_alias_user_constraint.go:29.4,29.24 1 0
github.com/muety/wakapi/migrations/20210202_fix_cascade_for_alias_user_constraint.go:29.24,31.5 1 0
github.com/muety/wakapi/migrations/20210202_fix_cascade_for_alias_user_constraint.go:33.4,33.66 1 0
github.com/muety/wakapi/migrations/20210202_fix_cascade_for_alias_user_constraint.go:33.66,35.87 2 0
github.com/muety/wakapi/migrations/20210202_fix_cascade_for_alias_user_constraint.go:35.87,37.6 1 0
github.com/muety/wakapi/migrations/20210202_fix_cascade_for_alias_user_constraint.go:40.4,41.14 2 0
github.com/muety/wakapi/migrations/20210202_fix_cascade_for_alias_user_constraint.go:45.2,45.25 1 0
github.com/muety/wakapi/migrations/20210206_drop_badges_column_add_sharing_flags.go:10.13,13.50 1 0
github.com/muety/wakapi/migrations/20210206_drop_badges_column_add_sharing_flags.go:13.50,16.61 2 0
github.com/muety/wakapi/migrations/20210206_drop_badges_column_add_sharing_flags.go:16.61,19.5 1 0
github.com/muety/wakapi/migrations/20210206_drop_badges_column_add_sharing_flags.go:21.4,21.113 1 0
github.com/muety/wakapi/migrations/20210206_drop_badges_column_add_sharing_flags.go:21.113,23.5 1 0
github.com/muety/wakapi/migrations/20210206_drop_badges_column_add_sharing_flags.go:24.4,24.109 1 0
github.com/muety/wakapi/migrations/20210206_drop_badges_column_add_sharing_flags.go:24.109,26.5 1 0
github.com/muety/wakapi/migrations/20210206_drop_badges_column_add_sharing_flags.go:27.4,27.111 1 0
github.com/muety/wakapi/migrations/20210206_drop_badges_column_add_sharing_flags.go:27.111,29.5 1 0
github.com/muety/wakapi/migrations/20210206_drop_badges_column_add_sharing_flags.go:30.4,30.110 1 0
github.com/muety/wakapi/migrations/20210206_drop_badges_column_add_sharing_flags.go:30.110,32.5 1 0
github.com/muety/wakapi/migrations/20210206_drop_badges_column_add_sharing_flags.go:33.4,33.105 1 0
github.com/muety/wakapi/migrations/20210206_drop_badges_column_add_sharing_flags.go:33.105,35.5 1 0
github.com/muety/wakapi/migrations/20210206_drop_badges_column_add_sharing_flags.go:36.4,36.110 1 0
github.com/muety/wakapi/migrations/20210206_drop_badges_column_add_sharing_flags.go:36.110,38.5 1 0
github.com/muety/wakapi/migrations/20210206_drop_badges_column_add_sharing_flags.go:40.4,40.49 1 0
github.com/muety/wakapi/migrations/20210206_drop_badges_column_add_sharing_flags.go:40.49,43.5 2 0
github.com/muety/wakapi/migrations/20210206_drop_badges_column_add_sharing_flags.go:45.4,45.80 1 0
github.com/muety/wakapi/migrations/20210206_drop_badges_column_add_sharing_flags.go:45.80,47.5 1 0
github.com/muety/wakapi/migrations/20210206_drop_badges_column_add_sharing_flags.go:48.4,50.14 2 0
github.com/muety/wakapi/migrations/20210206_drop_badges_column_add_sharing_flags.go:54.2,54.26 1 0
github.com/muety/wakapi/migrations/20210213_add_has_data_field.go:8.13,12.50 2 0
github.com/muety/wakapi/migrations/20210213_add_has_data_field.go:12.50,13.24 1 0
github.com/muety/wakapi/migrations/20210213_add_has_data_field.go:13.24,15.5 1 0
github.com/muety/wakapi/migrations/20210213_add_has_data_field.go:17.4,19.24 2 0
github.com/muety/wakapi/migrations/20210213_add_has_data_field.go:19.24,21.5 1 0
github.com/muety/wakapi/migrations/20210213_add_has_data_field.go:23.4,23.51 1 0
github.com/muety/wakapi/migrations/20210213_add_has_data_field.go:23.51,25.5 1 0
github.com/muety/wakapi/migrations/20210213_add_has_data_field.go:27.4,28.14 2 0
github.com/muety/wakapi/migrations/20210213_add_has_data_field.go:32.2,32.26 1 0
github.com/muety/wakapi/migrations/20210221_add_created_date_column.go:8.13,12.50 2 0
github.com/muety/wakapi/migrations/20210221_add_created_date_column.go:12.50,13.24 1 0
github.com/muety/wakapi/migrations/20210221_add_created_date_column.go:13.24,15.5 1 0
github.com/muety/wakapi/migrations/20210221_add_created_date_column.go:17.4,17.83 1 0
github.com/muety/wakapi/migrations/20210221_add_created_date_column.go:17.83,19.5 1 0
github.com/muety/wakapi/migrations/20210221_add_created_date_column.go:21.4,22.14 2 0
github.com/muety/wakapi/migrations/20210221_add_created_date_column.go:26.2,26.26 1 0
github.com/muety/wakapi/migrations/20210411_add_imprint_content.go:11.13,15.50 2 0
github.com/muety/wakapi/migrations/20210411_add_imprint_content.go:15.50,16.24 1 0
github.com/muety/wakapi/migrations/20210411_add_imprint_content.go:16.24,18.5 1 0
github.com/muety/wakapi/migrations/20210411_add_imprint_content.go:20.4,27.41 3 0
github.com/muety/wakapi/migrations/20210411_add_imprint_content.go:27.41,29.5 1 0
github.com/muety/wakapi/migrations/20210411_add_imprint_content.go:31.4,32.14 2 0
github.com/muety/wakapi/migrations/20210411_add_imprint_content.go:36.2,36.26 1 0
github.com/muety/wakapi/migrations/20210411_drop_migrations_table.go:9.13,13.50 2 0
github.com/muety/wakapi/migrations/20210411_drop_migrations_table.go:13.50,14.69 1 0
github.com/muety/wakapi/migrations/20210411_drop_migrations_table.go:14.69,16.5 1 0
github.com/muety/wakapi/migrations/20210411_drop_migrations_table.go:17.4,17.14 1 0
github.com/muety/wakapi/migrations/20210411_drop_migrations_table.go:21.2,21.26 1 0
github.com/muety/wakapi/migrations/20210806_remove_persisted_project_labels.go:11.13,15.50 2 0
github.com/muety/wakapi/migrations/20210806_remove_persisted_project_labels.go:15.50,16.24 1 0
github.com/muety/wakapi/migrations/20210806_remove_persisted_project_labels.go:16.24,18.5 1 0
github.com/muety/wakapi/migrations/20210806_remove_persisted_project_labels.go:20.4,21.18 2 0
github.com/muety/wakapi/migrations/20210806_remove_persisted_project_labels.go:21.18,24.5 2 0
github.com/muety/wakapi/migrations/20210806_remove_persisted_project_labels.go:25.4,25.119 1 0
github.com/muety/wakapi/migrations/20210806_remove_persisted_project_labels.go:25.119,28.5 2 0
github.com/muety/wakapi/migrations/20210806_remove_persisted_project_labels.go:29.4,32.14 3 0
github.com/muety/wakapi/migrations/20210806_remove_persisted_project_labels.go:36.2,36.26 1 0
github.com/muety/wakapi/migrations/20211215_migrate_id_to_bigint.go:9.13,13.50 2 0
github.com/muety/wakapi/migrations/20211215_migrate_id_to_bigint.go:13.50,14.24 1 0
github.com/muety/wakapi/migrations/20211215_migrate_id_to_bigint.go:14.24,16.5 1 0
github.com/muety/wakapi/migrations/20211215_migrate_id_to_bigint.go:18.4,20.24 2 0
github.com/muety/wakapi/migrations/20211215_migrate_id_to_bigint.go:20.24,22.115 2 0
github.com/muety/wakapi/migrations/20211215_migrate_id_to_bigint.go:22.115,24.6 1 0
github.com/muety/wakapi/migrations/20211215_migrate_id_to_bigint.go:25.5,25.118 1 0
github.com/muety/wakapi/migrations/20211215_migrate_id_to_bigint.go:25.118,27.6 1 0
github.com/muety/wakapi/migrations/20211215_migrate_id_to_bigint.go:28.5,28.16 1 0
github.com/muety/wakapi/migrations/20211215_migrate_id_to_bigint.go:29.10,29.34 1 0
github.com/muety/wakapi/migrations/20211215_migrate_id_to_bigint.go:29.34,33.95 2 0
github.com/muety/wakapi/migrations/20211215_migrate_id_to_bigint.go:33.95,35.6 1 0
github.com/muety/wakapi/migrations/20211215_migrate_id_to_bigint.go:36.5,36.98 1 0
github.com/muety/wakapi/migrations/20211215_migrate_id_to_bigint.go:36.98,38.6 1 0
github.com/muety/wakapi/migrations/20211215_migrate_id_to_bigint.go:39.5,39.16 1 0
github.com/muety/wakapi/migrations/20211215_migrate_id_to_bigint.go:40.10,44.5 1 0
github.com/muety/wakapi/migrations/20211215_migrate_id_to_bigint.go:46.4,47.14 2 0
github.com/muety/wakapi/migrations/20211215_migrate_id_to_bigint.go:51.2,51.26 1 0
github.com/muety/wakapi/migrations/20212212_total_summary_heartbeats.go:11.13,15.50 2 0
github.com/muety/wakapi/migrations/20212212_total_summary_heartbeats.go:15.50,16.24 1 0
github.com/muety/wakapi/migrations/20212212_total_summary_heartbeats.go:16.24,18.5 1 0
github.com/muety/wakapi/migrations/20212212_total_summary_heartbeats.go:20.4,27.40 3 0
github.com/muety/wakapi/migrations/20212212_total_summary_heartbeats.go:27.40,29.5 1 0
github.com/muety/wakapi/migrations/20212212_total_summary_heartbeats.go:31.4,32.32 2 0
github.com/muety/wakapi/migrations/20212212_total_summary_heartbeats.go:32.32,35.5 2 0
github.com/muety/wakapi/migrations/20212212_total_summary_heartbeats.go:36.4,36.44 1 0
github.com/muety/wakapi/migrations/20212212_total_summary_heartbeats.go:36.44,40.5 3 0
github.com/muety/wakapi/migrations/20212212_total_summary_heartbeats.go:42.4,43.14 2 0
github.com/muety/wakapi/migrations/20212212_total_summary_heartbeats.go:47.2,47.26 1 0
github.com/muety/wakapi/migrations/20220317_align_num_heartbeats.go:10.13,14.50 2 0
github.com/muety/wakapi/migrations/20220317_align_num_heartbeats.go:14.50,15.24 1 0
github.com/muety/wakapi/migrations/20220317_align_num_heartbeats.go:15.24,17.5 1 0
github.com/muety/wakapi/migrations/20220317_align_num_heartbeats.go:19.4,27.40 3 0
github.com/muety/wakapi/migrations/20220317_align_num_heartbeats.go:27.40,29.5 1 0
github.com/muety/wakapi/migrations/20220317_align_num_heartbeats.go:32.4,44.39 2 0
github.com/muety/wakapi/migrations/20220317_align_num_heartbeats.go:44.39,46.5 1 0
github.com/muety/wakapi/migrations/20220317_align_num_heartbeats.go:48.4,51.14 3 0
github.com/muety/wakapi/migrations/20220317_align_num_heartbeats.go:55.2,55.26 1 0
github.com/muety/wakapi/migrations/20220318_mysql_timestamp_precision.go:9.13,13.50 2 0
github.com/muety/wakapi/migrations/20220318_mysql_timestamp_precision.go:13.50,14.24 1 0
github.com/muety/wakapi/migrations/20220318_mysql_timestamp_precision.go:14.24,16.5 1 0
github.com/muety/wakapi/migrations/20220318_mysql_timestamp_precision.go:18.4,18.24 1 0
github.com/muety/wakapi/migrations/20220318_mysql_timestamp_precision.go:18.24,23.110 4 0
github.com/muety/wakapi/migrations/20220318_mysql_timestamp_precision.go:23.110,25.6 1 0
github.com/muety/wakapi/migrations/20220318_mysql_timestamp_precision.go:26.5,26.116 1 0
github.com/muety/wakapi/migrations/20220318_mysql_timestamp_precision.go:26.116,28.6 1 0
github.com/muety/wakapi/migrations/20220318_mysql_timestamp_precision.go:29.5,32.69 3 0
github.com/muety/wakapi/migrations/20220318_mysql_timestamp_precision.go:35.4,36.14 2 0
github.com/muety/wakapi/migrations/20220318_mysql_timestamp_precision.go:40.2,40.26 1 0
github.com/muety/wakapi/migrations/202203191_drop_diagnostics_user.go:10.13,14.50 2 0
github.com/muety/wakapi/migrations/202203191_drop_diagnostics_user.go:14.50,15.24 1 0
github.com/muety/wakapi/migrations/202203191_drop_diagnostics_user.go:15.24,17.5 1 0
github.com/muety/wakapi/migrations/202203191_drop_diagnostics_user.go:19.4,21.60 2 0
github.com/muety/wakapi/migrations/202203191_drop_diagnostics_user.go:21.60,24.97 2 0
github.com/muety/wakapi/migrations/202203191_drop_diagnostics_user.go:24.97,26.6 1 0
github.com/muety/wakapi/migrations/202203191_drop_diagnostics_user.go:28.5,28.81 1 0
github.com/muety/wakapi/migrations/202203191_drop_diagnostics_user.go:28.81,30.6 1 0
github.com/muety/wakapi/migrations/202203191_drop_diagnostics_user.go:33.4,34.14 2 0
github.com/muety/wakapi/migrations/202203191_drop_diagnostics_user.go:38.2,38.26 1 0
github.com/muety/wakapi/migrations/20220403_drop_user_project_idx.go:16.13,22.50 3 0
github.com/muety/wakapi/migrations/20220403_drop_user_project_idx.go:22.50,23.77 1 0
github.com/muety/wakapi/migrations/20220403_drop_user_project_idx.go:23.77,25.5 1 0
github.com/muety/wakapi/migrations/20220403_drop_user_project_idx.go:27.4,27.81 1 0
github.com/muety/wakapi/migrations/20220403_drop_user_project_idx.go:27.81,29.81 2 0
github.com/muety/wakapi/migrations/20220403_drop_user_project_idx.go:29.81,31.6 1 0
github.com/muety/wakapi/migrations/20220403_drop_user_project_idx.go:34.4,35.14 2 0
github.com/muety/wakapi/migrations/20220403_drop_user_project_idx.go:39.2,39.25 1 0
github.com/muety/wakapi/migrations/20220930_drop_heartbeats_entity_idx.go:9.13,15.50 3 0
github.com/muety/wakapi/migrations/20220930_drop_heartbeats_entity_idx.go:15.50,16.109 1 0
github.com/muety/wakapi/migrations/20220930_drop_heartbeats_entity_idx.go:16.109,18.5 1 0
github.com/muety/wakapi/migrations/20220930_drop_heartbeats_entity_idx.go:19.4,19.64 1 0
github.com/muety/wakapi/migrations/20220930_drop_heartbeats_entity_idx.go:23.2,23.25 1 0
github.com/muety/wakapi/migrations/20221002_fix_summary_id_types.go:12.13,17.50 2 0
github.com/muety/wakapi/migrations/20221002_fix_summary_id_types.go:17.50,18.48 1 0
github.com/muety/wakapi/migrations/20221002_fix_summary_id_types.go:18.48,20.5 1 0
github.com/muety/wakapi/migrations/20221002_fix_summary_id_types.go:22.4,22.100 1 0
github.com/muety/wakapi/migrations/20221002_fix_summary_id_types.go:22.100,24.5 1 0
github.com/muety/wakapi/migrations/20221002_fix_summary_id_types.go:26.4,33.42 2 0
github.com/muety/wakapi/migrations/20221002_fix_summary_id_types.go:33.42,35.5 1 0
github.com/muety/wakapi/migrations/20221002_fix_summary_id_types.go:37.4,37.45 1 0
github.com/muety/wakapi/migrations/20221002_fix_summary_id_types.go:37.45,38.83 1 0
github.com/muety/wakapi/migrations/20221002_fix_summary_id_types.go:38.83,39.104 1 0
github.com/muety/wakapi/migrations/20221002_fix_summary_id_types.go:39.104,41.7 1 0
github.com/muety/wakapi/migrations/20221002_fix_summary_id_types.go:43.5,43.85 1 0
github.com/muety/wakapi/migrations/20221002_fix_summary_id_types.go:43.85,44.106 1 0
github.com/muety/wakapi/migrations/20221002_fix_summary_id_types.go:44.106,46.7 1 0
github.com/muety/wakapi/migrations/20221002_fix_summary_id_types.go:48.5,48.84 1 0
github.com/muety/wakapi/migrations/20221002_fix_summary_id_types.go:48.84,49.105 1 0
github.com/muety/wakapi/migrations/20221002_fix_summary_id_types.go:49.105,51.7 1 0
github.com/muety/wakapi/migrations/20221002_fix_summary_id_types.go:53.5,53.93 1 0
github.com/muety/wakapi/migrations/20221002_fix_summary_id_types.go:53.93,54.114 1 0
github.com/muety/wakapi/migrations/20221002_fix_summary_id_types.go:54.114,56.7 1 0
github.com/muety/wakapi/migrations/20221002_fix_summary_id_types.go:58.5,58.84 1 0
github.com/muety/wakapi/migrations/20221002_fix_summary_id_types.go:58.84,59.105 1 0
github.com/muety/wakapi/migrations/20221002_fix_summary_id_types.go:59.105,61.7 1 0
github.com/muety/wakapi/migrations/20221002_fix_summary_id_types.go:64.5,64.87 1 0
github.com/muety/wakapi/migrations/20221002_fix_summary_id_types.go:64.87,65.108 1 0
github.com/muety/wakapi/migrations/20221002_fix_summary_id_types.go:65.108,67.7 1 0
github.com/muety/wakapi/migrations/20221002_fix_summary_id_types.go:69.5,69.82 1 0
github.com/muety/wakapi/migrations/20221002_fix_summary_id_types.go:69.82,70.103 1 0
github.com/muety/wakapi/migrations/20221002_fix_summary_id_types.go:70.103,72.7 1 0
github.com/muety/wakapi/migrations/20221002_fix_summary_id_types.go:75.5,75.78 1 0
github.com/muety/wakapi/migrations/20221002_fix_summary_id_types.go:75.78,77.6 1 0
github.com/muety/wakapi/migrations/20221002_fix_summary_id_types.go:78.5,78.90 1 0
github.com/muety/wakapi/migrations/20221002_fix_summary_id_types.go:78.90,80.6 1 0
github.com/muety/wakapi/migrations/20221002_fix_summary_id_types.go:83.4,83.14 1 0
github.com/muety/wakapi/migrations/20221002_fix_summary_id_types.go:87.2,87.25 1 0
github.com/muety/wakapi/migrations/20221016_drop_rank_column.go:10.13,14.50 2 0
github.com/muety/wakapi/migrations/20221016_drop_rank_column.go:14.50,15.24 1 0
github.com/muety/wakapi/migrations/20221016_drop_rank_column.go:15.24,17.5 1 0
github.com/muety/wakapi/migrations/20221016_drop_rank_column.go:19.4,21.109 2 0
github.com/muety/wakapi/migrations/20221016_drop_rank_column.go:21.109,24.82 2 0
github.com/muety/wakapi/migrations/20221016_drop_rank_column.go:24.82,26.6 1 0
github.com/muety/wakapi/migrations/20221016_drop_rank_column.go:29.4,30.14 2 0
github.com/muety/wakapi/migrations/20221016_drop_rank_column.go:34.2,34.26 1 0
github.com/muety/wakapi/migrations/20221028_fix_heartbeats_time_user_idx.go:15.13,19.50 2 0
github.com/muety/wakapi/migrations/20221028_fix_heartbeats_time_user_idx.go:19.50,22.47 2 0
github.com/muety/wakapi/migrations/20221028_fix_heartbeats_time_user_idx.go:22.47,24.5 1 0
github.com/muety/wakapi/migrations/20221028_fix_heartbeats_time_user_idx.go:26.4,27.24 2 0
github.com/muety/wakapi/migrations/20221028_fix_heartbeats_time_user_idx.go:27.24,31.5 1 0
github.com/muety/wakapi/migrations/20221028_fix_heartbeats_time_user_idx.go:32.4,32.25 1 0
github.com/muety/wakapi/migrations/20221028_fix_heartbeats_time_user_idx.go:32.25,41.35 2 0
github.com/muety/wakapi/migrations/20221028_fix_heartbeats_time_user_idx.go:41.35,43.6 1 0
github.com/muety/wakapi/migrations/20221028_fix_heartbeats_time_user_idx.go:45.5,46.116 2 0
github.com/muety/wakapi/migrations/20221028_fix_heartbeats_time_user_idx.go:46.116,48.6 1 0
github.com/muety/wakapi/migrations/20221028_fix_heartbeats_time_user_idx.go:49.10,51.19 2 0
github.com/muety/wakapi/migrations/20221028_fix_heartbeats_time_user_idx.go:51.19,53.6 1 0
github.com/muety/wakapi/migrations/20221028_fix_heartbeats_time_user_idx.go:55.5,55.33 1 0
github.com/muety/wakapi/migrations/20221028_fix_heartbeats_time_user_idx.go:55.33,56.97 1 0
github.com/muety/wakapi/migrations/20221028_fix_heartbeats_time_user_idx.go:56.97,58.12 2 0
github.com/muety/wakapi/migrations/20221028_fix_heartbeats_time_user_idx.go:63.4,63.13 1 0
github.com/muety/wakapi/migrations/20221028_fix_heartbeats_time_user_idx.go:63.13,65.5 1 0
github.com/muety/wakapi/migrations/20221028_fix_heartbeats_time_user_idx.go:67.4,67.83 1 0
github.com/muety/wakapi/migrations/20221028_fix_heartbeats_time_user_idx.go:67.83,69.5 1 0
github.com/muety/wakapi/migrations/20221028_fix_heartbeats_time_user_idx.go:70.4,72.14 2 0
github.com/muety/wakapi/migrations/20221028_fix_heartbeats_time_user_idx.go:76.2,76.25 1 0
github.com/muety/wakapi/migrations/20230219_add_astro_language.go:9.13,13.50 2 0
github.com/muety/wakapi/migrations/20230219_add_astro_language.go:13.50,14.24 1 0
github.com/muety/wakapi/migrations/20230219_add_astro_language.go:14.24,16.5 1 0
github.com/muety/wakapi/migrations/20230219_add_astro_language.go:18.4,20.130 2 0
github.com/muety/wakapi/migrations/20230219_add_astro_language.go:20.130,22.5 1 0
github.com/muety/wakapi/migrations/20230219_add_astro_language.go:24.4,25.14 2 0
github.com/muety/wakapi/migrations/20230219_add_astro_language.go:29.2,29.26 1 0
github.com/muety/wakapi/migrations/20230219_add_subscription_renewal.go:10.13,14.50 2 0
github.com/muety/wakapi/migrations/20230219_add_subscription_renewal.go:14.50,15.24 1 0
github.com/muety/wakapi/migrations/20230219_add_subscription_renewal.go:15.24,17.5 1 0
github.com/muety/wakapi/migrations/20230219_add_subscription_renewal.go:19.4,21.66 2 0
github.com/muety/wakapi/migrations/20230219_add_subscription_renewal.go:21.66,24.136 2 0
github.com/muety/wakapi/migrations/20230219_add_subscription_renewal.go:24.136,26.6 1 0
github.com/muety/wakapi/migrations/20230219_add_subscription_renewal.go:29.4,30.14 2 0
github.com/muety/wakapi/migrations/20230219_add_subscription_renewal.go:34.2,34.26 1 0
github.com/muety/wakapi/migrations/20231023_fill_last_branch.go:11.13,15.50 2 0
github.com/muety/wakapi/migrations/20231023_fill_last_branch.go:15.50,16.24 1 0
github.com/muety/wakapi/migrations/20231023_fill_last_branch.go:16.24,18.5 1 0
github.com/muety/wakapi/migrations/20231023_fill_last_branch.go:20.4,21.105 2 0
github.com/muety/wakapi/migrations/20231023_fill_last_branch.go:21.105,23.5 1 0
github.com/muety/wakapi/migrations/20231023_fill_last_branch.go:25.4,28.33 2 0
github.com/muety/wakapi/migrations/20231023_fill_last_branch.go:28.33,30.22 2 0
github.com/muety/wakapi/migrations/20231023_fill_last_branch.go:30.22,37.40 2 0
github.com/muety/wakapi/migrations/20231023_fill_last_branch.go:37.40,39.7 1 0
github.com/muety/wakapi/migrations/20231023_fill_last_branch.go:40.6,43.38 1 0
github.com/muety/wakapi/migrations/20231023_fill_last_branch.go:47.4,50.14 3 0
github.com/muety/wakapi/migrations/20231023_fill_last_branch.go:54.2,54.26 1 0
github.com/muety/wakapi/migrations/20241220_share_activity_chart_flag.go:9.13,13.50 2 0
github.com/muety/wakapi/migrations/20241220_share_activity_chart_flag.go:13.50,14.24 1 0
github.com/muety/wakapi/migrations/20241220_share_activity_chart_flag.go:14.24,16.5 1 0
github.com/muety/wakapi/migrations/20241220_share_activity_chart_flag.go:18.4,25.14 3 0
github.com/muety/wakapi/migrations/20241220_share_activity_chart_flag.go:29.2,29.26 1 0
github.com/muety/wakapi/migrations/20250219_update_heartbeats_timeout.go:9.13,13.50 2 0
github.com/muety/wakapi/migrations/20250219_update_heartbeats_timeout.go:13.50,14.24 1 0
github.com/muety/wakapi/migrations/20250219_update_heartbeats_timeout.go:14.24,16.5 1 0
github.com/muety/wakapi/migrations/20250219_update_heartbeats_timeout.go:18.4,39.14 9 0
github.com/muety/wakapi/migrations/20250219_update_heartbeats_timeout.go:43.2,43.26 1 0
github.com/muety/wakapi/migrations/20250313_fix_browsing_category.go:9.13,14.50 2 0
github.com/muety/wakapi/migrations/20250313_fix_browsing_category.go:14.50,15.24 1 0
github.com/muety/wakapi/migrations/20250313_fix_browsing_category.go:15.24,17.5 1 0
github.com/muety/wakapi/migrations/20250313_fix_browsing_category.go:19.4,28.14 3 0
github.com/muety/wakapi/migrations/20250313_fix_browsing_category.go:32.2,32.26 1 0
github.com/muety/wakapi/migrations/20250425_add_durations_primary_key.go:12.13,17.50 2 0
github.com/muety/wakapi/migrations/20250425_add_durations_primary_key.go:17.50,18.24 1 0
github.com/muety/wakapi/migrations/20250425_add_durations_primary_key.go:18.24,20.5 1 0
github.com/muety/wakapi/migrations/20250425_add_durations_primary_key.go:22.4,22.49 1 0
github.com/muety/wakapi/migrations/20250425_add_durations_primary_key.go:22.49,24.5 1 0
github.com/muety/wakapi/migrations/20250425_add_durations_primary_key.go:25.4,25.44 1 0
github.com/muety/wakapi/migrations/20250425_add_durations_primary_key.go:25.44,27.5 1 0
github.com/muety/wakapi/migrations/20250425_add_durations_primary_key.go:28.4,28.57 1 0
github.com/muety/wakapi/migrations/20250425_add_durations_primary_key.go:28.57,30.5 1 0
github.com/muety/wakapi/migrations/20250425_add_durations_primary_key.go:32.4,32.53 1 0
github.com/muety/wakapi/migrations/20250425_add_durations_primary_key.go:32.53,33.64 1 0
github.com/muety/wakapi/migrations/20250425_add_durations_primary_key.go:33.64,34.85 1 0
github.com/muety/wakapi/migrations/20250425_add_durations_primary_key.go:34.85,36.7 1 0
github.com/muety/wakapi/migrations/20250425_add_durations_primary_key.go:38.5,38.77 1 0
github.com/muety/wakapi/migrations/20250425_add_durations_primary_key.go:38.77,39.98 1 0
github.com/muety/wakapi/migrations/20250425_add_durations_primary_key.go:39.98,41.7 1 0
github.com/muety/wakapi/migrations/20250425_add_durations_primary_key.go:43.5,43.83 1 0
github.com/muety/wakapi/migrations/20250425_add_durations_primary_key.go:43.83,45.6 1 0
github.com/muety/wakapi/migrations/20250425_add_durations_primary_key.go:46.5,46.73 1 0
github.com/muety/wakapi/migrations/20250425_add_durations_primary_key.go:46.73,48.6 1 0
github.com/muety/wakapi/migrations/20250425_add_durations_primary_key.go:49.5,49.236 1 0
github.com/muety/wakapi/migrations/20250425_add_durations_primary_key.go:49.236,51.6 1 0
github.com/muety/wakapi/migrations/20250425_add_durations_primary_key.go:52.5,52.68 1 0
github.com/muety/wakapi/migrations/20250425_add_durations_primary_key.go:52.68,54.6 1 0
github.com/muety/wakapi/migrations/20250425_add_durations_primary_key.go:55.5,55.15 1 0
github.com/muety/wakapi/migrations/20250425_add_durations_primary_key.go:56.19,58.5 1 0
github.com/muety/wakapi/migrations/20250425_add_durations_primary_key.go:60.4,61.14 2 0
github.com/muety/wakapi/migrations/20250425_add_durations_primary_key.go:65.2,65.25 1 0
github.com/muety/wakapi/migrations/20250802_fix_default_coding_category.go:10.13,15.50 2 0
github.com/muety/wakapi/migrations/20250802_fix_default_coding_category.go:15.50,16.24 1 0
github.com/muety/wakapi/migrations/20250802_fix_default_coding_category.go:16.24,18.5 1 0
github.com/muety/wakapi/migrations/20250802_fix_default_coding_category.go:20.4,20.142 1 0
github.com/muety/wakapi/migrations/20250802_fix_default_coding_category.go:20.142,22.5 1 0
github.com/muety/wakapi/migrations/20250802_fix_default_coding_category.go:24.4,25.14 2 0
github.com/muety/wakapi/migrations/20250802_fix_default_coding_category.go:29.2,29.26 1 0
github.com/muety/wakapi/migrations/20250802_fix_wsl_os.go:8.13,13.50 2 0
github.com/muety/wakapi/migrations/20250802_fix_wsl_os.go:13.50,14.24 1 0
github.com/muety/wakapi/migrations/20250802_fix_wsl_os.go:14.24,16.5 1 0
github.com/muety/wakapi/migrations/20250802_fix_wsl_os.go:18.4,18.123 1 0
github.com/muety/wakapi/migrations/20250802_fix_wsl_os.go:18.123,20.5 1 0
github.com/muety/wakapi/migrations/20250802_fix_wsl_os.go:22.4,23.14 2 0
github.com/muety/wakapi/migrations/20250802_fix_wsl_os.go:27.2,27.26 1 0
github.com/muety/wakapi/migrations/20250907_add_user_heartbeats_range_view.go:9.13,14.50 2 0
github.com/muety/wakapi/migrations/20250907_add_user_heartbeats_range_view.go:14.50,15.24 1 0
github.com/muety/wakapi/migrations/20250907_add_user_heartbeats_range_view.go:15.24,17.5 1 0
github.com/muety/wakapi/migrations/20250907_add_user_heartbeats_range_view.go:19.4,23.53 2 0
github.com/muety/wakapi/migrations/20250907_add_user_heartbeats_range_view.go:23.53,25.26 1 0
github.com/muety/wakapi/migrations/20250907_add_user_heartbeats_range_view.go:25.26,26.76 1 0
github.com/muety/wakapi/migrations/20250907_add_user_heartbeats_range_view.go:26.76,28.7 1 0
github.com/muety/wakapi/migrations/20250907_add_user_heartbeats_range_view.go:31.5,34.20 1 0
github.com/muety/wakapi/migrations/20250907_add_user_heartbeats_range_view.go:34.20,36.6 1 0
github.com/muety/wakapi/migrations/20250907_add_user_heartbeats_range_view.go:37.5,37.141 1 0
github.com/muety/wakapi/migrations/20250907_add_user_heartbeats_range_view.go:37.141,39.6 1 0
github.com/muety/wakapi/migrations/20250907_add_user_heartbeats_range_view.go:40.5,40.15 1 0
github.com/muety/wakapi/migrations/20250907_add_user_heartbeats_range_view.go:41.19,43.5 1 0
github.com/muety/wakapi/migrations/20250907_add_user_heartbeats_range_view.go:45.4,46.14 2 0
github.com/muety/wakapi/migrations/20250907_add_user_heartbeats_range_view.go:50.2,50.26 1 0
github.com/muety/wakapi/migrations/20251005-drop_duplicate_emails.go:8.13,13.50 2 0
github.com/muety/wakapi/migrations/20251005-drop_duplicate_emails.go:13.50,14.24 1 0
github.com/muety/wakapi/migrations/20251005-drop_duplicate_emails.go:14.24,16.5 1 0
github.com/muety/wakapi/migrations/20251005-drop_duplicate_emails.go:19.4,25.43 2 0
github.com/muety/wakapi/migrations/20251005-drop_duplicate_emails.go:25.43,27.5 1 0
github.com/muety/wakapi/migrations/20251005-drop_duplicate_emails.go:29.4,30.14 2 0
github.com/muety/wakapi/migrations/20251005-drop_duplicate_emails.go:34.2,34.26 1 0
github.com/muety/wakapi/migrations/migrations.go:28.61,29.24 1 0
github.com/muety/wakapi/migrations/migrations.go:30.10,31.34 1 0
github.com/muety/wakapi/migrations/migrations.go:31.34,32.92 1 0
github.com/muety/wakapi/migrations/migrations.go:32.92,34.5 1 0
github.com/muety/wakapi/migrations/migrations.go:35.4,35.102 1 0
github.com/muety/wakapi/migrations/migrations.go:35.102,37.5 1 0
github.com/muety/wakapi/migrations/migrations.go:38.4,38.93 1 0
github.com/muety/wakapi/migrations/migrations.go:38.93,40.5 1 0
github.com/muety/wakapi/migrations/migrations.go:41.4,41.97 1 0
github.com/muety/wakapi/migrations/migrations.go:41.97,43.5 1 0
github.com/muety/wakapi/migrations/migrations.go:44.4,44.95 1 0
github.com/muety/wakapi/migrations/migrations.go:44.95,46.5 1 0
github.com/muety/wakapi/migrations/migrations.go:47.4,47.99 1 0
github.com/muety/wakapi/migrations/migrations.go:47.99,49.5 1 0
github.com/muety/wakapi/migrations/migrations.go:50.4,50.103 1 0
github.com/muety/wakapi/migrations/migrations.go:50.103,52.5 1 0
github.com/muety/wakapi/migrations/migrations.go:53.4,53.100 1 0
github.com/muety/wakapi/migrations/migrations.go:53.100,55.5 1 0
github.com/muety/wakapi/migrations/migrations.go:56.4,56.99 1 0
github.com/muety/wakapi/migrations/migrations.go:56.99,58.5 1 0
github.com/muety/wakapi/migrations/migrations.go:59.4,59.103 1 0
github.com/muety/wakapi/migrations/migrations.go:59.103,61.5 1 0
github.com/muety/wakapi/migrations/migrations.go:62.4,62.96 1 0
github.com/muety/wakapi/migrations/migrations.go:62.96,64.5 1 0
github.com/muety/wakapi/migrations/migrations.go:65.4,65.14 1 0
github.com/muety/wakapi/migrations/migrations.go:70.44,72.2 1 0
github.com/muety/wakapi/migrations/migrations.go:74.45,76.2 1 0
github.com/muety/wakapi/migrations/migrations.go:78.43,82.2 3 0
github.com/muety/wakapi/migrations/migrations.go:84.59,85.50 1 0
github.com/muety/wakapi/migrations/migrations.go:85.50,87.3 1 0
github.com/muety/wakapi/migrations/migrations.go:90.56,93.34 2 0
github.com/muety/wakapi/migrations/migrations.go:93.34,95.38 2 0
github.com/muety/wakapi/migrations/migrations.go:95.38,97.4 1 0
github.com/muety/wakapi/migrations/migrations.go:101.57,104.35 2 0
github.com/muety/wakapi/migrations/migrations.go:104.35,107.32 2 0
github.com/muety/wakapi/migrations/migrations.go:107.32,108.39 1 0
github.com/muety/wakapi/migrations/migrations.go:108.39,110.5 1 0
github.com/muety/wakapi/migrations/migrations.go:113.3,113.19 1 0
github.com/muety/wakapi/migrations/migrations.go:113.19,115.4 1 0
github.com/muety/wakapi/migrations/migrations.go:115.9,117.4 1 0
github.com/muety/wakapi/migrations/migrations.go:121.35,123.2 1 0
github.com/muety/wakapi/migrations/migrations.go:125.45,127.2 1 0
github.com/muety/wakapi/migrations/migrations.go:129.40,131.2 1 0
github.com/muety/wakapi/migrations/shared.go:10.44,14.64 3 0
github.com/muety/wakapi/migrations/shared.go:14.64,17.3 2 0
github.com/muety/wakapi/migrations/shared.go:18.2,18.14 1 0
github.com/muety/wakapi/migrations/shared.go:21.42,25.23 1 0
github.com/muety/wakapi/migrations/shared.go:25.23,27.3 1 0
github.com/muety/wakapi/models/metrics/counter_metric.go:12.37,14.2 1 0
github.com/muety/wakapi/models/metrics/counter_metric.go:16.39,18.2 1 0
github.com/muety/wakapi/models/metrics/counter_metric.go:20.40,22.2 1 0
github.com/muety/wakapi/models/metrics/gauge_metric.go:12.35,14.2 1 0
github.com/muety/wakapi/models/metrics/gauge_metric.go:16.37,18.2 1 0
github.com/muety/wakapi/models/metrics/gauge_metric.go:20.38,22.2 1 0
github.com/muety/wakapi/models/metrics/label.go:15.32,17.22 2 0
github.com/muety/wakapi/models/metrics/label.go:17.22,19.3 1 0
github.com/muety/wakapi/models/metrics/label.go:20.2,20.17 1 0
github.com/muety/wakapi/models/metrics/label.go:20.17,22.3 1 0
github.com/muety/wakapi/models/metrics/label.go:23.2,23.62 1 0
github.com/muety/wakapi/models/metrics/label.go:26.31,28.2 1 0
github.com/muety/wakapi/models/metrics/metric.go:14.42,16.22 2 0
github.com/muety/wakapi/models/metrics/metric.go:16.22,17.44 1 0
github.com/muety/wakapi/models/metrics/metric.go:17.44,20.4 2 0
github.com/muety/wakapi/models/metrics/metric.go:21.3,21.43 1 0
github.com/muety/wakapi/models/metrics/metric.go:24.2,24.15 1 0
github.com/muety/wakapi/models/metrics/metric.go:27.28,29.2 1 0
github.com/muety/wakapi/models/metrics/metric.go:31.38,33.2 1 0
github.com/muety/wakapi/models/metrics/metric.go:35.33,37.2 1 0
github.com/muety/wakapi/models/compat/shields/v1/badge.go:22.59,29.2 1 0
github.com/muety/wakapi/models/compat/wakatime/v1/all_time.go:30.64,47.2 3 0
github.com/muety/wakapi/models/compat/wakatime/v1/heartbeat.go:27.46,28.76 1 0
github.com/muety/wakapi/models/compat/wakatime/v1/heartbeat.go:28.76,30.3 1 0
github.com/muety/wakapi/models/compat/wakatime/v1/heartbeat.go:33.47,34.76 1 0
github.com/muety/wakapi/models/compat/wakatime/v1/heartbeat.go:34.76,36.3 1 0
github.com/muety/wakapi/models/compat/wakatime/v1/heartbeat.go:82.72,84.36 2 0
github.com/muety/wakapi/models/compat/wakatime/v1/heartbeat.go:84.36,106.3 2 0
github.com/muety/wakapi/models/compat/wakatime/v1/heartbeat.go:107.2,107.12 1 0
github.com/muety/wakapi/models/compat/wakatime/v1/stats.go:41.85,56.17 4 0
github.com/muety/wakapi/models/compat/wakatime/v1/stats.go:56.17,59.3 2 0
github.com/muety/wakapi/models/compat/wakatime/v1/stats.go:60.2,60.71 1 0
github.com/muety/wakapi/models/compat/wakatime/v1/stats.go:60.71,62.3 1 0
github.com/muety/wakapi/models/compat/wakatime/v1/stats.go:64.2,65.36 2 0
github.com/muety/wakapi/models/compat/wakatime/v1/stats.go:65.36,67.3 1 0
github.com/muety/wakapi/models/compat/wakatime/v1/stats.go:69.2,70.38 2 0
github.com/muety/wakapi/models/compat/wakatime/v1/stats.go:70.38,72.3 1 0
github.com/muety/wakapi/models/compat/wakatime/v1/stats.go:74.2,75.37 2 0
github.com/muety/wakapi/models/compat/wakatime/v1/stats.go:75.37,77.3 1 0
github.com/muety/wakapi/models/compat/wakatime/v1/stats.go:79.2,80.37 2 0
github.com/muety/wakapi/models/compat/wakatime/v1/stats.go:80.37,82.3 1 0
[...]
github.com/muety/wakapi/services/imports/wakatime_heartbeats.go:195.2,196.16 2 0
github.com/muety/wakapi/services/imports/wakatime_heartbeats.go:196.16,198.3 1 0
github.com/muety/wakapi/services/imports/wakatime_heartbeats.go:200.2,200.32 1 0
github.com/muety/wakapi/services/imports/wakatime_heartbeats.go:203.83,206.2 2 0
github.com/muety/wakapi/services/imports/wakatime_heartbeats.go:208.51,214.54 4 0
github.com/muety/wakapi/services/imports/wakatime_heartbeats.go:214.54,216.3 1 0
github.com/muety/wakapi/services/imports/wakatime_heartbeats.go:218.2,218.13 1 0
github.com/muety/wakapi/services/imports/wakatime_utils.go:18.91,23.26 3 0
github.com/muety/wakapi/services/imports/wakatime_utils.go:23.26,27.17 4 0
github.com/muety/wakapi/services/imports/wakatime_utils.go:27.17,29.4 1 0
github.com/muety/wakapi/services/imports/wakatime_utils.go:31.3,32.17 2 0
github.com/muety/wakapi/services/imports/wakatime_utils.go:32.17,34.4 1 0
github.com/muety/wakapi/services/imports/wakatime_utils.go:35.3,38.72 3 0
github.com/muety/wakapi/services/imports/wakatime_utils.go:38.72,40.4 1 0
github.com/muety/wakapi/services/imports/wakatime_utils.go:42.3,42.39 1 0
github.com/muety/wakapi/services/imports/wakatime_utils.go:42.39,44.4 1 0
github.com/muety/wakapi/services/imports/wakatime_utils.go:46.3,46.37 1 0
github.com/muety/wakapi/services/imports/wakatime_utils.go:46.37,47.9 1 0
github.com/muety/wakapi/services/imports/wakatime_utils.go:51.2,51.22 1 0
github.com/muety/wakapi/services/imports/wakatime_utils.go:56.91,61.26 3 0
github.com/muety/wakapi/services/imports/wakatime_utils.go:61.26,65.17 4 0
github.com/muety/wakapi/services/imports/wakatime_utils.go:65.17,67.4 1 0
github.com/muety/wakapi/services/imports/wakatime_utils.go:69.3,70.17 2 0
github.com/muety/wakapi/services/imports/wakatime_utils.go:70.17,72.4 1 0
github.com/muety/wakapi/services/imports/wakatime_utils.go:73.3,76.75 3 0
github.com/muety/wakapi/services/imports/wakatime_utils.go:76.75,78.4 1 0
github.com/muety/wakapi/services/imports/wakatime_utils.go:80.3,80.42 1 0
github.com/muety/wakapi/services/imports/wakatime_utils.go:80.42,82.4 1 0
github.com/muety/wakapi/services/imports/wakatime_utils.go:84.3,84.40 1 0
github.com/muety/wakapi/services/imports/wakatime_utils.go:84.40,85.9 1 0
github.com/muety/wakapi/services/imports/wakatime_utils.go:89.2,89.24 1 0
github.com/muety/wakapi/services/imports/wakatime_utils.go:97.21,99.15 2 0
github.com/muety/wakapi/services/imports/wakatime_utils.go:99.15,101.80 1 0
github.com/muety/wakapi/services/imports/wakatime_utils.go:101.80,106.4 1 0
github.com/muety/wakapi/services/imports/wakatime_utils.go:106.9,111.4 1 0
github.com/muety/wakapi/services/imports/wakatime_utils.go:114.2,115.15 2 0
github.com/muety/wakapi/services/imports/wakatime_utils.go:115.15,120.3 1 0
github.com/muety/wakapi/services/imports/wakatime_utils.go:122.2,140.13 1 0
github.com/muety/wakapi/utils/auth.go:15.79,17.54 2 0
github.com/muety/wakapi/utils/auth.go:17.54,19.3 1 0
github.com/muety/wakapi/utils/auth.go:21.2,23.16 3 0
github.com/muety/wakapi/utils/auth.go:23.16,25.3 1 0
github.com/muety/wakapi/utils/auth.go:27.2,29.45 3 0
github.com/muety/wakapi/utils/auth.go:29.45,31.3 1 0
github.com/muety/wakapi/utils/auth.go:32.2,33.32 2 0
github.com/muety/wakapi/utils/auth.go:36.65,38.85 2 0
github.com/muety/wakapi/utils/auth.go:38.85,40.3 1 0
github.com/muety/wakapi/utils/auth.go:42.2,43.30 2 0
github.com/muety/wakapi/utils/auth.go:48.57,49.34 1 0
github.com/muety/wakapi/utils/auth.go:49.34,51.3 1 0
github.com/muety/wakapi/utils/auth.go:52.2,52.45 1 0
github.com/muety/wakapi/utils/auth.go:55.57,57.2 1 0
github.com/muety/wakapi/utils/auth.go:59.55,63.2 3 0
github.com/muety/wakapi/utils/auth.go:65.55,68.16 3 0
github.com/muety/wakapi/utils/auth.go:68.16,70.3 1 0
github.com/muety/wakapi/utils/auth.go:71.2,71.16 1 0
github.com/muety/wakapi/utils/auth.go:74.57,78.2 3 0
github.com/muety/wakapi/utils/auth.go:80.57,83.16 3 0
github.com/muety/wakapi/utils/auth.go:83.16,85.3 1 0
github.com/muety/wakapi/utils/auth.go:86.2,86.16 1 0
github.com/muety/wakapi/utils/collection.go:7.52,8.28 1 0
github.com/muety/wakapi/utils/collection.go:8.28,10.3 1 0
github.com/muety/wakapi/utils/collection.go:11.2,11.26 1 0
github.com/muety/wakapi/utils/collection.go:11.26,13.3 1 0
github.com/muety/wakapi/utils/collection.go:14.2,14.28 1 0
github.com/muety/wakapi/utils/collection.go:17.78,19.22 2 0
github.com/muety/wakapi/utils/collection.go:19.22,20.18 1 0
github.com/muety/wakapi/utils/collection.go:20.18,22.4 1 0
github.com/muety/wakapi/utils/collection.go:23.3,23.12 1 0
github.com/muety/wakapi/utils/collection.go:25.2,25.11 1 0
github.com/muety/wakapi/utils/color.go:8.41,11.16 2 0
github.com/muety/wakapi/utils/color.go:12.9,13.51 1 0
github.com/muety/wakapi/utils/color.go:14.9,18.12 4 0
github.com/muety/wakapi/utils/color.go:20.2,20.8 1 0
github.com/muety/wakapi/utils/color.go:23.37,25.2 1 0
github.com/muety/wakapi/utils/color.go:27.70,28.15 1 0
github.com/muety/wakapi/utils/color.go:28.15,30.3 1 0
github.com/muety/wakapi/utils/color.go:30.8,30.22 1 0
github.com/muety/wakapi/utils/color.go:30.22,32.3 1 0
github.com/muety/wakapi/utils/color.go:34.2,39.43 5 0
github.com/muety/wakapi/utils/cron.go:5.44,7.21 2 0
github.com/muety/wakapi/utils/cron.go:7.21,9.3 1 0
github.com/muety/wakapi/utils/cron.go:10.2,10.20 1 0
github.com/muety/wakapi/utils/date.go:10.26,12.2 1 0
github.com/muety/wakapi/utils/date.go:14.52,17.2 2 0
github.com/muety/wakapi/utils/date.go:19.48,21.2 1 0
github.com/muety/wakapi/utils/date.go:23.77,25.2 1 0
github.com/muety/wakapi/utils/date.go:27.52,29.2 1 0
github.com/muety/wakapi/utils/date.go:31.51,33.2 1 0
github.com/muety/wakapi/utils/date.go:36.41,38.21 2 0
github.com/muety/wakapi/utils/date.go:38.21,40.3 1 0
github.com/muety/wakapi/utils/date.go:41.2,41.33 1 0
github.com/muety/wakapi/utils/date.go:45.67,48.33 2 1
github.com/muety/wakapi/utils/date.go:48.33,51.15 2 1
github.com/muety/wakapi/utils/date.go:51.15,53.12 2 1
github.com/muety/wakapi/utils/date.go:55.3,55.19 1 1
github.com/muety/wakapi/utils/date.go:55.19,57.4 1 1
github.com/muety/wakapi/utils/date.go:58.3,59.10 2 1
github.com/muety/wakapi/utils/date.go:62.2,62.18 1 1
github.com/muety/wakapi/utils/date.go:66.36,69.2 2 0
github.com/muety/wakapi/utils/date.go:72.57,74.2 1 0
github.com/muety/wakapi/utils/date.go:76.42,77.28 1 0
github.com/muety/wakapi/utils/date.go:78.52,79.21 1 0
github.com/muety/wakapi/utils/date.go:80.53,81.22 1 0
github.com/muety/wakapi/utils/date.go:82.55,83.24 1 0
github.com/muety/wakapi/utils/date.go:84.54,85.23 1 0
github.com/muety/wakapi/utils/date.go:86.52,87.21 1 0
github.com/muety/wakapi/utils/date.go:88.54,89.23 1 0
github.com/muety/wakapi/utils/date.go:90.52,91.21 1 0
github.com/muety/wakapi/utils/date.go:93.2,93.20 1 0
github.com/muety/wakapi/utils/db.go:12.34,13.37 1 0
github.com/muety/wakapi/utils/db.go:13.37,15.110 2 0
github.com/muety/wakapi/utils/db.go:15.110,18.4 2 0
github.com/muety/wakapi/utils/db.go:19.3,19.20 1 0
github.com/muety/wakapi/utils/db.go:21.2,22.14 2 0
github.com/muety/wakapi/utils/db.go:25.39,26.37 1 0
github.com/muety/wakapi/utils/db.go:26.37,28.119 2 0
github.com/muety/wakapi/utils/db.go:28.119,31.4 2 0
github.com/muety/wakapi/utils/db.go:32.3,32.20 1 0
github.com/muety/wakapi/utils/db.go:34.2,35.14 2 0
github.com/muety/wakapi/utils/db.go:38.66,39.48 1 0
github.com/muety/wakapi/utils/db.go:39.48,41.3 1 0
github.com/muety/wakapi/utils/db.go:42.2,42.53 1 0
github.com/muety/wakapi/utils/db.go:45.59,46.16 1 0
github.com/muety/wakapi/utils/db.go:46.16,48.3 1 0
github.com/muety/wakapi/utils/db.go:49.2,49.15 1 0
github.com/muety/wakapi/utils/db.go:49.15,51.3 1 0
github.com/muety/wakapi/utils/db.go:52.2,52.14 1 0
github.com/muety/wakapi/utils/db.go:59.47,61.2 1 0
github.com/muety/wakapi/utils/db.go:63.60,65.2 1 0
github.com/muety/wakapi/utils/db.go:68.63,72.2 3 0
github.com/muety/wakapi/utils/db.go:75.80,77.41 2 0
github.com/muety/wakapi/utils/db.go:77.41,79.3 1 0
github.com/muety/wakapi/utils/db.go:80.2,80.57 1 0
github.com/muety/wakapi/utils/dns.go:9.38,11.21 2 0
github.com/muety/wakapi/utils/dns.go:11.21,13.3 1 0
github.com/muety/wakapi/utils/dns.go:14.2,15.39 2 0
github.com/muety/wakapi/utils/func.go:10.77,11.15 1 0
github.com/muety/wakapi/utils/func.go:11.15,12.31 1 0
github.com/muety/wakapi/utils/func.go:12.31,16.4 3 0
github.com/muety/wakapi/utils/func.go:18.2,19.12 2 0
github.com/muety/wakapi/utils/func.go:23.57,24.48 1 0
github.com/muety/wakapi/utils/func.go:24.48,26.3 1 0
github.com/muety/wakapi/utils/http.go:29.13,32.2 2 1
github.com/muety/wakapi/utils/http.go:39.34,40.20 1 0
github.com/muety/wakapi/utils/http.go:40.20,42.3 1 0
github.com/muety/wakapi/utils/http.go:43.2,43.19 1 0
github.com/muety/wakapi/utils/http.go:46.35,47.21 1 0
github.com/muety/wakapi/utils/http.go:47.21,49.3 1 0
github.com/muety/wakapi/utils/http.go:50.2,50.34 1 0
github.com/muety/wakapi/utils/http.go:54.62,56.48 2 0
github.com/muety/wakapi/utils/http.go:56.48,58.3 1 0
github.com/muety/wakapi/utils/http.go:59.2,59.93 1 0
github.com/muety/wakapi/utils/http.go:59.93,60.89 1 0
github.com/muety/wakapi/utils/http.go:60.89,62.4 1 0
github.com/muety/wakapi/utils/http.go:64.2,64.14 1 0
github.com/muety/wakapi/utils/http.go:67.51,71.46 4 0
github.com/muety/wakapi/utils/http.go:71.46,73.3 1 0
github.com/muety/wakapi/utils/http.go:74.2,74.73 1 0
github.com/muety/wakapi/utils/http.go:74.73,76.3 1 0
github.com/muety/wakapi/utils/http.go:77.2,77.19 1 0
github.com/muety/wakapi/utils/http.go:80.78,82.26 2 0
github.com/muety/wakapi/utils/http.go:82.26,84.3 1 0
github.com/muety/wakapi/utils/http.go:85.2,85.30 1 0
github.com/muety/wakapi/utils/http.go:85.30,87.3 1 0
github.com/muety/wakapi/utils/http.go:88.2,88.19 1 0
github.com/muety/wakapi/utils/http.go:91.56,98.97 2 1
github.com/muety/wakapi/utils/http.go:98.97,101.18 2 1
github.com/muety/wakapi/utils/http.go:101.18,103.4 1 1
github.com/muety/wakapi/utils/http.go:104.3,104.21 1 1
github.com/muety/wakapi/utils/http.go:104.21,106.4 1 0
github.com/muety/wakapi/utils/http.go:108.3,108.37 1 1
github.com/muety/wakapi/utils/http.go:108.37,111.4 2 1
github.com/muety/wakapi/utils/http.go:114.3,115.19 2 1
github.com/muety/wakapi/utils/http.go:115.19,117.4 1 1
github.com/muety/wakapi/utils/http.go:119.3,119.30 1 1
github.com/muety/wakapi/utils/http.go:119.30,121.4 1 1
github.com/muety/wakapi/utils/http.go:123.3,124.25 2 1
github.com/muety/wakapi/utils/http.go:128.2,128.61 1 1
github.com/muety/wakapi/utils/http.go:128.61,129.27 1 1
github.com/muety/wakapi/utils/http.go:129.27,131.4 1 1
github.com/muety/wakapi/utils/http.go:131.9,131.62 1 1
github.com/muety/wakapi/utils/http.go:131.62,133.4 1 1
github.com/muety/wakapi/utils/http.go:135.2,135.64 1 1
github.com/muety/wakapi/utils/http.go:138.76,139.16 1 0
github.com/muety/wakapi/utils/http.go:139.16,141.3 1 0
github.com/muety/wakapi/utils/http.go:142.2,142.27 1 0
github.com/muety/wakapi/utils/http.go:142.27,145.100 3 0
github.com/muety/wakapi/utils/http.go:145.100,150.4 4 0
github.com/muety/wakapi/utils/http.go:151.3,151.139 1 0
github.com/muety/wakapi/utils/http.go:153.2,153.17 1 0
github.com/muety/wakapi/utils/json.go:12.75,18.62 2 0
github.com/muety/wakapi/utils/json.go:18.62,20.3 1 0
github.com/muety/wakapi/utils/json.go:22.2,22.29 1 0
github.com/muety/wakapi/utils/json.go:22.29,24.3 1 0
github.com/muety/wakapi/utils/json.go:26.2,26.72 1 0
github.com/muety/wakapi/utils/json.go:26.72,28.3 1 0
github.com/muety/wakapi/utils/json.go:29.2,29.70 1 0
github.com/muety/wakapi/utils/json.go:29.70,31.3 1 0
github.com/muety/wakapi/utils/json.go:33.2,33.20 1 0
github.com/muety/wakapi/utils/net.go:8.51,10.2 1 0
github.com/muety/wakapi/utils/net.go:12.69,14.2 1 0
github.com/muety/wakapi/utils/random.go:11.58,13.54 2 0
github.com/muety/wakapi/utils/random.go:13.54,15.3 1 0
github.com/muety/wakapi/utils/random.go:16.2,16.59 1 0
github.com/muety/wakapi/utils/random.go:19.48,21.16 2 0
github.com/muety/wakapi/utils/random.go:21.16,23.3 1 0
github.com/muety/wakapi/utils/random.go:24.2,26.16 3 0
github.com/muety/wakapi/utils/random.go:26.16,28.3 1 0
github.com/muety/wakapi/utils/random.go:29.2,29.25 1 0
github.com/muety/wakapi/utils/strings.go:7.58,8.49 1 0
github.com/muety/wakapi/utils/strings.go:8.49,9.32 1 0
github.com/muety/wakapi/utils/strings.go:9.32,10.22 1 0
github.com/muety/wakapi/utils/strings.go:10.22,12.5 1 0
github.com/muety/wakapi/utils/strings.go:14.3,14.15 1 0
github.com/muety/wakapi/utils/strings.go:18.77,19.29 1 0
github.com/muety/wakapi/utils/strings.go:19.29,20.18 1 0
github.com/muety/wakapi/utils/strings.go:20.18,22.4 1 0
github.com/muety/wakapi/utils/strings.go:24.2,24.19 1 0
github.com/muety/wakapi/utils/sync.go:11.66,13.12 2 0
github.com/muety/wakapi/utils/sync.go:13.12,16.3 2 0
github.com/muety/wakapi/utils/sync.go:17.2,17.9 1 0
github.com/muety/wakapi/utils/sync.go:18.11,19.15 1 0
github.com/muety/wakapi/utils/sync.go:20.29,21.14 1 0
github.com/muety/wakapi/utils/system.go:8.20,10.2 1 0
github.com/muety/wakapi/utils/system.go:12.21,14.2 1 0
github.com/muety/wakapi/utils/template.go:13.41,15.16 2 0
github.com/muety/wakapi/utils/template.go:15.16,17.3 1 0
github.com/muety/wakapi/utils/template.go:18.2,18.23 1 0
github.com/muety/wakapi/utils/template.go:21.37,22.30 1 0
github.com/muety/wakapi/utils/template.go:22.30,24.3 1 0
github.com/muety/wakapi/utils/template.go:25.2,25.10 1 0
github.com/muety/wakapi/utils/template.go:28.83,33.16 4 0
github.com/muety/wakapi/utils/template.go:33.16,35.3 1 0
github.com/muety/wakapi/utils/template.go:37.2,37.29 1 0
github.com/muety/wakapi/utils/template.go:37.29,39.51 2 0
github.com/muety/wakapi/utils/template.go:39.51,40.12 1 0
github.com/muety/wakapi/utils/template.go:43.3,44.17 2 0
github.com/muety/wakapi/utils/template.go:44.17,46.4 1 0
github.com/muety/wakapi/utils/template.go:47.3,48.17 2 0
github.com/muety/wakapi/utils/template.go:48.17,50.4 1 0
github.com/muety/wakapi/utils/template.go:52.3,55.17 3 0
github.com/muety/wakapi/utils/template.go:55.17,57.4 1 0
github.com/muety/wakapi/utils/template.go:59.3,59.27 1 0
github.com/muety/wakapi/utils/template.go:62.2,62.23 1 0
github.com/muety/wakapi/services/mail/mail.go:41.45,47.25 4 0
github.com/muety/wakapi/services/mail/mail.go:47.25,48.52 1 0
github.com/muety/wakapi/services/mail/mail.go:48.52,50.4 1 0
github.com/muety/wakapi/services/mail/mail.go:54.2,56.16 3 0
github.com/muety/wakapi/services/mail/mail.go:56.16,57.13 1 0
github.com/muety/wakapi/services/mail/mail.go:60.2,60.91 1 0
github.com/muety/wakapi/services/mail/mail.go:63.89,65.16 2 0
github.com/muety/wakapi/services/mail/mail.go:65.16,67.3 1 0
github.com/muety/wakapi/services/mail/mail.go:68.2,74.36 3 0
github.com/muety/wakapi/services/mail/mail.go:77.102,82.16 2 0
github.com/muety/wakapi/services/mail/mail.go:82.16,84.3 1 0
github.com/muety/wakapi/services/mail/mail.go:85.2,91.36 3 0
github.com/muety/wakapi/services/mail/mail.go:94.119,100.16 2 0
github.com/muety/wakapi/services/mail/mail.go:100.16,102.3 1 0
github.com/muety/wakapi/services/mail/mail.go:103.2,109.36 3 0
github.com/muety/wakapi/services/mail/mail.go:112.87,114.16 2 0
github.com/muety/wakapi/services/mail/mail.go:114.16,116.3 1 0
github.com/muety/wakapi/services/mail/mail.go:117.2,124.36 3 0
github.com/muety/wakapi/services/mail/mail.go:127.99,133.16 2 0
github.com/muety/wakapi/services/mail/mail.go:133.16,135.3 1 0
github.com/muety/wakapi/services/mail/mail.go:136.2,142.36 3 0
github.com/muety/wakapi/services/mail/mail.go:145.98,147.94 2 0
github.com/muety/wakapi/services/mail/mail.go:147.94,149.3 1 0
github.com/muety/wakapi/services/mail/mail.go:150.2,150.23 1 0
github.com/muety/wakapi/services/mail/mail.go:153.138,155.108 2 0
github.com/muety/wakapi/services/mail/mail.go:155.108,157.3 1 0
github.com/muety/wakapi/services/mail/mail.go:158.2,158.23 1 0
github.com/muety/wakapi/services/mail/mail.go:161.108,163.99 2 0
github.com/muety/wakapi/services/mail/mail.go:163.99,165.3 1 0
github.com/muety/wakapi/services/mail/mail.go:166.2,166.23 1 0
github.com/muety/wakapi/services/mail/mail.go:169.84,171.87 2 0
github.com/muety/wakapi/services/mail/mail.go:171.87,173.3 1 0
github.com/muety/wakapi/services/mail/mail.go:174.2,174.23 1 0
github.com/muety/wakapi/services/mail/mail.go:177.120,179.105 2 0
github.com/muety/wakapi/services/mail/mail.go:179.105,181.3 1 0
github.com/muety/wakapi/services/mail/mail.go:182.2,182.23 1 0
github.com/muety/wakapi/services/mail/mail.go:185.51,187.2 1 0
github.com/muety/wakapi/services/mail/noop.go:10.60,13.2 2 0
github.com/muety/wakapi/services/mail/smtp.go:18.76,27.2 1 0
github.com/muety/wakapi/services/mail/smtp.go:29.60,33.18 3 0
github.com/muety/wakapi/services/mail/smtp.go:33.18,34.50 1 0
github.com/muety/wakapi/services/mail/smtp.go:34.50,36.4 1 0
github.com/muety/wakapi/services/mail/smtp.go:39.2,40.16 2 0
github.com/muety/wakapi/services/mail/smtp.go:40.16,42.3 1 0
github.com/muety/wakapi/services/mail/smtp.go:43.2,48.42 2 0
github.com/muety/wakapi/services/mail/smtp.go:48.42,51.17 2 0
github.com/muety/wakapi/services/mail/smtp.go:51.17,52.48 1 0
github.com/muety/wakapi/services/mail/smtp.go:52.48,53.28 1 0
github.com/muety/wakapi/services/mail/smtp.go:53.29,55.6 0 0
github.com/muety/wakapi/services/mail/smtp.go:56.5,56.15 1 0
github.com/muety/wakapi/services/mail/smtp.go:57.10,59.5 1 0
github.com/muety/wakapi/services/mail/smtp.go:63.3,65.18 3 0
github.com/muety/wakapi/services/mail/smtp.go:69.2,69.55 1 0
github.com/muety/wakapi/services/mail/smtp.go:69.55,70.65 1 0
github.com/muety/wakapi/services/mail/smtp.go:70.65,72.4 1 0
github.com/muety/wakapi/services/mail/smtp.go:74.3,74.39 1 0
github.com/muety/wakapi/services/mail/smtp.go:74.39,76.4 1 0
github.com/muety/wakapi/services/mail/smtp.go:79.2,79.52 1 0
github.com/muety/wakapi/services/mail/smtp.go:79.52,81.3 1 0
github.com/muety/wakapi/services/mail/smtp.go:83.2,83.44 1 0
github.com/muety/wakapi/services/mail/smtp.go:83.44,84.42 1 0
github.com/muety/wakapi/services/mail/smtp.go:84.42,86.4 1 0
github.com/muety/wakapi/services/mail/smtp.go:89.2,90.16 2 0
github.com/muety/wakapi/services/mail/smtp.go:90.16,92.3 1 0
github.com/muety/wakapi/services/mail/smtp.go:94.2,95.16 2 0
github.com/muety/wakapi/services/mail/smtp.go:95.16,97.3 1 0
github.com/muety/wakapi/services/mail/smtp.go:99.2,100.16 2 0
github.com/muety/wakapi/services/mail/smtp.go:100.16,102.3 1 0
github.com/muety/wakapi/services/mail/smtp.go:104.2,104.33 1 0
github.com/muety/wakapi/services/mail/smtp.go:104.33,106.3 1 0
github.com/muety/wakapi/services/mail/smtp.go:108.2,108.12 1 0
github.com/muety/wakapi/utils/fs/exists.go:10.37,12.16 2 0
github.com/muety/wakapi/utils/fs/exists.go:12.16,13.13 1 0
github.com/muety/wakapi/utils/fs/exists.go:16.2,19.3 1 0
github.com/muety/wakapi/utils/fs/exists.go:28.56,31.2 2 0
github.com/muety/wakapi/utils/fs/exists.go:33.46,34.18 1 0
github.com/muety/wakapi/utils/fs/exists.go:34.18,35.44 1 0
github.com/muety/wakapi/utils/fs/exists.go:35.44,37.4 1 0
github.com/muety/wakapi/utils/fs/exists.go:39.2,41.18 3 0
github.com/muety/wakapi/utils/fs/exists.go:41.18,43.3 1 0
github.com/muety/wakapi/utils/fs/exists.go:44.2,44.15 1 0
github.com/muety/wakapi/utils/fs/exists.go:47.56,49.2 1 0
github.com/muety/wakapi/utils/fs/exists.go:58.48,63.2 1 0
github.com/muety/wakapi/utils/fs/exists.go:65.51,66.34 1 0
github.com/muety/wakapi/utils/fs/exists.go:66.34,68.3 1 0
github.com/muety/wakapi/utils/fs/exists.go:69.2,69.35 1 0
github.com/muety/wakapi/utils/fs/exists.go:72.63,74.2 1 0
github.com/muety/wakapi/utils/fs/neutered.go:14.66,16.16 2 0
github.com/muety/wakapi/utils/fs/neutered.go:16.16,18.3 1 0
github.com/muety/wakapi/utils/fs/neutered.go:20.2,21.15 2 0
github.com/muety/wakapi/utils/fs/neutered.go:21.15,23.47 2 0
github.com/muety/wakapi/utils/fs/neutered.go:23.47,25.23 2 0
github.com/muety/wakapi/utils/fs/neutered.go:25.23,27.5 1 0
github.com/muety/wakapi/utils/fs/neutered.go:29.4,29.19 1 0
github.com/muety/wakapi/utils/fs/neutered.go:33.2,33.15 1 0
github.com/muety/wakapi/static/docs/docs.go:2123.13,2125.2 1 0
