mode: set
github.com/muety/wakapi/models/language_mapping.go:11.42,13.2 1 0
github.com/muety/wakapi/models/language_mapping.go:15.51,17.2 1 0
github.com/muety/wakapi/models/language_mapping.go:19.52,21.2 1 0
github.com/muety/wakapi/models/models.go:3.14,5.2 0 1
github.com/muety/wakapi/models/duration.go:23.55,36.2 2 0
github.com/muety/wakapi/models/duration.go:38.39,40.16 2 0
github.com/muety/wakapi/models/duration.go:43.2,44.10 2 0
github.com/muety/wakapi/models/duration.go:40.16,42.3 1 0
github.com/muety/wakapi/models/duration.go:47.49,48.11 1 0
github.com/muety/wakapi/models/duration.go:61.2,61.15 1 0
github.com/muety/wakapi/models/duration.go:65.2,65.12 1 0
github.com/muety/wakapi/models/duration.go:49.22,50.18 1 0
github.com/muety/wakapi/models/duration.go:51.21,52.17 1 0
github.com/muety/wakapi/models/duration.go:53.23,54.19 1 0
github.com/muety/wakapi/models/duration.go:55.17,56.26 1 0
github.com/muety/wakapi/models/duration.go:57.22,58.18 1 0
github.com/muety/wakapi/models/duration.go:61.15,63.3 1 0
github.com/muety/wakapi/models/durations.go:7.30,9.2 1 0
github.com/muety/wakapi/models/durations.go:11.40,13.2 1 0
github.com/muety/wakapi/models/durations.go:15.35,17.2 1 0
github.com/muety/wakapi/models/durations.go:19.45,21.22 2 0
github.com/muety/wakapi/models/durations.go:24.2,24.14 1 0
github.com/muety/wakapi/models/durations.go:21.22,23.3 1 0
github.com/muety/wakapi/models/durations.go:27.39,30.2 2 0
github.com/muety/wakapi/models/durations.go:32.39,34.18 1 0
github.com/muety/wakapi/models/durations.go:37.2,37.16 1 0
github.com/muety/wakapi/models/durations.go:34.18,36.3 1 0
github.com/muety/wakapi/models/durations.go:40.38,42.18 1 0
github.com/muety/wakapi/models/durations.go:45.2,45.24 1 0
github.com/muety/wakapi/models/durations.go:42.18,44.3 1 0
github.com/muety/wakapi/models/filters.go:17.56,18.16 1 0
github.com/muety/wakapi/models/filters.go:32.2,32.19 1 0
github.com/muety/wakapi/models/filters.go:19.22,20.32 1 0
github.com/muety/wakapi/models/filters.go:21.17,22.27 1 0
github.com/muety/wakapi/models/filters.go:23.23,24.33 1 0
github.com/muety/wakapi/models/filters.go:25.21,26.31 1 0
github.com/muety/wakapi/models/filters.go:27.22,28.32 1 0
github.com/muety/wakapi/models/filters.go:29.20,30.30 1 0
github.com/muety/wakapi/models/filters.go:35.47,36.21 1 1
github.com/muety/wakapi/models/filters.go:49.2,49.21 1 1
github.com/muety/wakapi/models/filters.go:36.21,38.3 1 1
github.com/muety/wakapi/models/filters.go:38.8,38.23 1 1
github.com/muety/wakapi/models/filters.go:38.23,40.3 1 0
github.com/muety/wakapi/models/filters.go:40.8,40.29 1 1
github.com/muety/wakapi/models/filters.go:40.29,42.3 1 1
github.com/muety/wakapi/models/filters.go:42.8,42.27 1 1
github.com/muety/wakapi/models/filters.go:42.27,44.3 1 0
github.com/muety/wakapi/models/filters.go:44.8,44.28 1 1
github.com/muety/wakapi/models/filters.go:44.28,46.3 1 0
github.com/muety/wakapi/models/filters.go:46.8,46.26 1 1
github.com/muety/wakapi/models/filters.go:46.26,48.3 1 0
github.com/muety/wakapi/models/heartbeats.go:7.31,9.2 1 0
github.com/muety/wakapi/models/heartbeats.go:11.41,13.2 1 0
github.com/muety/wakapi/models/heartbeats.go:15.36,17.2 1 0
github.com/muety/wakapi/models/heartbeats.go:19.43,22.2 2 0
github.com/muety/wakapi/models/heartbeats.go:24.41,26.18 1 0
github.com/muety/wakapi/models/heartbeats.go:29.2,29.16 1 0
github.com/muety/wakapi/models/heartbeats.go:26.18,28.3 1 0
github.com/muety/wakapi/models/heartbeats.go:32.40,34.18 1 0
github.com/muety/wakapi/models/heartbeats.go:37.2,37.24 1 0
github.com/muety/wakapi/models/heartbeats.go:34.18,36.3 1 0
github.com/muety/wakapi/models/interval.go:39.47,40.23 1 0
github.com/muety/wakapi/models/interval.go:45.2,45.14 1 0
github.com/muety/wakapi/models/interval.go:40.23,41.13 1 0
github.com/muety/wakapi/models/interval.go:41.13,43.4 1 0
github.com/muety/wakapi/models/user.go:11.13,13.2 1 1
github.com/muety/wakapi/models/user.go:82.36,83.22 1 1
github.com/muety/wakapi/models/user.go:86.2,87.16 2 1
github.com/muety/wakapi/models/user.go:90.2,90.11 1 1
github.com/muety/wakapi/models/user.go:83.22,85.3 1 1
github.com/muety/wakapi/models/user.go:87.16,89.3 1 0
github.com/muety/wakapi/models/user.go:93.41,96.2 2 1
github.com/muety/wakapi/models/user.go:98.53,101.54 3 0
github.com/muety/wakapi/models/user.go:104.2,104.51 1 0
github.com/muety/wakapi/models/user.go:107.2,107.20 1 0
github.com/muety/wakapi/models/user.go:101.54,103.3 1 0
github.com/muety/wakapi/models/user.go:104.51,106.3 1 0
github.com/muety/wakapi/models/user.go:110.43,113.2 1 0
github.com/muety/wakapi/models/user.go:115.45,118.2 1 0
github.com/muety/wakapi/models/user.go:120.33,125.2 1 0
github.com/muety/wakapi/models/user.go:127.41,129.2 1 0
github.com/muety/wakapi/models/user.go:131.45,133.2 1 0
github.com/muety/wakapi/models/user.go:135.45,137.2 1 0
github.com/muety/wakapi/models/user.go:139.39,141.2 1 0
github.com/muety/wakapi/models/user.go:143.39,146.2 2 0
github.com/muety/wakapi/models/mail.go:19.44,23.2 3 0
github.com/muety/wakapi/models/mail.go:25.44,29.2 3 0
github.com/muety/wakapi/models/mail.go:31.32,44.2 1 0
github.com/muety/wakapi/models/mail.go:46.41,48.2 1 0
github.com/muety/wakapi/models/summary.go:62.29,64.2 1 1
github.com/muety/wakapi/models/summary.go:66.35,68.2 1 0
github.com/muety/wakapi/models/summary.go:70.37,78.2 7 1
github.com/muety/wakapi/models/summary.go:80.35,82.2 1 1
github.com/muety/wakapi/models/summary.go:84.57,93.2 1 1
github.com/muety/wakapi/models/summary.go:95.64,97.2 1 0
github.com/muety/wakapi/models/summary.go:110.33,115.26 4 1
github.com/muety/wakapi/models/summary.go:122.2,122.37 1 1
github.com/muety/wakapi/models/summary.go:127.2,128.16 2 1
github.com/muety/wakapi/models/summary.go:131.2,131.33 1 1
github.com/muety/wakapi/models/summary.go:115.26,116.30 1 1
github.com/muety/wakapi/models/summary.go:116.30,118.4 1 1
github.com/muety/wakapi/models/summary.go:122.37,124.3 1 0
github.com/muety/wakapi/models/summary.go:128.16,130.3 1 0
github.com/muety/wakapi/models/summary.go:131.33,133.3 1 1
github.com/muety/wakapi/models/summary.go:137.56,143.28 5 1
github.com/muety/wakapi/models/summary.go:147.2,148.42 2 1
github.com/muety/wakapi/models/summary.go:155.2,156.15 2 1
github.com/muety/wakapi/models/summary.go:143.28,145.3 1 1
github.com/muety/wakapi/models/summary.go:148.42,149.22 1 0
github.com/muety/wakapi/models/summary.go:149.22,151.9 2 0
github.com/muety/wakapi/models/summary.go:156.15,157.28 1 1
github.com/muety/wakapi/models/summary.go:157.28,159.4 1 0
github.com/muety/wakapi/models/summary.go:159.9,165.4 1 1
github.com/muety/wakapi/models/summary.go:169.45,174.16 4 0
github.com/muety/wakapi/models/summary.go:177.2,177.39 1 0
github.com/muety/wakapi/models/summary.go:181.2,181.30 1 0
github.com/muety/wakapi/models/summary.go:174.16,176.3 1 0
github.com/muety/wakapi/models/summary.go:177.39,179.3 1 0
github.com/muety/wakapi/models/summary.go:184.73,186.55 2 1
github.com/muety/wakapi/models/summary.go:191.2,191.16 1 1
github.com/muety/wakapi/models/summary.go:186.55,187.31 1 1
github.com/muety/wakapi/models/summary.go:187.31,189.4 1 1
github.com/muety/wakapi/models/summary.go:194.88,196.55 2 1
github.com/muety/wakapi/models/summary.go:204.2,204.16 1 1
github.com/muety/wakapi/models/summary.go:196.55,197.31 1 1
github.com/muety/wakapi/models/summary.go:197.31,198.23 1 1
github.com/muety/wakapi/models/summary.go:201.4,201.46 1 1
github.com/muety/wakapi/models/summary.go:198.23,199.13 1 1
github.com/muety/wakapi/models/summary.go:207.70,209.8 2 1
github.com/muety/wakapi/models/summary.go:212.2,212.10 1 1
github.com/muety/wakapi/models/summary.go:209.8,211.3 1 1
github.com/muety/wakapi/models/summary.go:215.56,218.55 3 0
github.com/muety/wakapi/models/summary.go:225.2,225.12 1 0
github.com/muety/wakapi/models/summary.go:218.55,219.31 1 0
github.com/muety/wakapi/models/summary.go:219.31,220.44 1 0
github.com/muety/wakapi/models/summary.go:220.44,222.5 1 0
github.com/muety/wakapi/models/summary.go:228.58,230.16 2 0
github.com/muety/wakapi/models/summary.go:233.2,233.16 1 0
github.com/muety/wakapi/models/summary.go:230.16,232.3 1 0
github.com/muety/wakapi/models/summary.go:236.71,237.63 1 1
github.com/muety/wakapi/models/summary.go:277.2,284.10 7 1
github.com/muety/wakapi/models/summary.go:237.63,240.45 2 1
github.com/muety/wakapi/models/summary.go:249.3,249.31 1 1
github.com/muety/wakapi/models/summary.go:256.3,256.31 1 1
github.com/muety/wakapi/models/summary.go:273.3,273.16 1 1
github.com/muety/wakapi/models/summary.go:240.45,241.32 1 1
github.com/muety/wakapi/models/summary.go:246.4,246.14 1 1
github.com/muety/wakapi/models/summary.go:241.32,242.24 1 1
github.com/muety/wakapi/models/summary.go:242.24,244.6 1 1
github.com/muety/wakapi/models/summary.go:249.31,251.60 1 1
github.com/muety/wakapi/models/summary.go:251.60,253.5 1 1
github.com/muety/wakapi/models/summary.go:256.31,258.60 1 1
github.com/muety/wakapi/models/summary.go:258.60,259.55 1 1
github.com/muety/wakapi/models/summary.go:259.55,261.6 1 1
github.com/muety/wakapi/models/summary.go:261.11,269.6 1 1
github.com/muety/wakapi/models/summary.go:287.57,288.30 1 1
github.com/muety/wakapi/models/summary.go:293.2,293.43 1 0
github.com/muety/wakapi/models/summary.go:288.30,289.28 1 1
github.com/muety/wakapi/models/summary.go:289.28,291.4 1 1
github.com/muety/wakapi/models/summary.go:296.50,300.2 1 1
github.com/muety/wakapi/models/summary.go:302.33,304.2 1 1
github.com/muety/wakapi/models/summary.go:306.43,308.2 1 1
github.com/muety/wakapi/models/summary.go:310.38,312.2 1 1
github.com/muety/wakapi/models/alias.go:12.32,14.2 1 0
github.com/muety/wakapi/models/alias.go:16.37,17.35 1 0
github.com/muety/wakapi/models/alias.go:22.2,22.14 1 0
github.com/muety/wakapi/models/alias.go:17.35,18.18 1 0
github.com/muety/wakapi/models/alias.go:18.18,20.4 1 0
github.com/muety/wakapi/models/heartbeat.go:33.34,35.2 1 1
github.com/muety/wakapi/models/heartbeat.go:37.65,39.46 2 1
github.com/muety/wakapi/models/heartbeat.go:39.46,40.108 1 1
github.com/muety/wakapi/models/heartbeat.go:40.108,43.4 2 1
github.com/muety/wakapi/models/heartbeat.go:47.50,48.11 1 1
github.com/muety/wakapi/models/heartbeat.go:61.2,61.15 1 1
github.com/muety/wakapi/models/heartbeat.go:65.2,65.12 1 1
github.com/muety/wakapi/models/heartbeat.go:49.22,50.18 1 1
github.com/muety/wakapi/models/heartbeat.go:51.21,52.17 1 1
github.com/muety/wakapi/models/heartbeat.go:53.23,54.19 1 1
github.com/muety/wakapi/models/heartbeat.go:55.17,56.26 1 1
github.com/muety/wakapi/models/heartbeat.go:57.22,58.18 1 1
github.com/muety/wakapi/models/heartbeat.go:61.15,63.3 1 1
github.com/muety/wakapi/models/heartbeat.go:68.37,84.2 1 0
github.com/muety/wakapi/models/heartbeat.go:92.41,94.16 2 0
github.com/muety/wakapi/models/heartbeat.go:97.2,98.10 2 0
github.com/muety/wakapi/models/heartbeat.go:94.16,96.3 1 0
github.com/muety/wakapi/models/mail_address.go:15.13,18.2 2 1
github.com/muety/wakapi/models/mail_address.go:24.38,26.2 1 0
github.com/muety/wakapi/models/mail_address.go:28.35,30.21 2 1
github.com/muety/wakapi/models/mail_address.go:36.2,36.11 1 1
github.com/muety/wakapi/models/mail_address.go:30.21,31.21 1 1
github.com/muety/wakapi/models/mail_address.go:34.3,34.18 1 1
github.com/muety/wakapi/models/mail_address.go:31.21,33.4 1 1
github.com/muety/wakapi/models/mail_address.go:39.35,41.2 1 1
github.com/muety/wakapi/models/mail_address.go:43.43,45.22 2 0
github.com/muety/wakapi/models/mail_address.go:48.2,48.12 1 0
github.com/muety/wakapi/models/mail_address.go:45.22,47.3 1 0
github.com/muety/wakapi/models/mail_address.go:51.46,53.22 2 1
github.com/muety/wakapi/models/mail_address.go:56.2,56.12 1 1
github.com/muety/wakapi/models/mail_address.go:53.22,55.3 1 1
github.com/muety/wakapi/models/mail_address.go:59.40,60.22 1 1
github.com/muety/wakapi/models/mail_address.go:65.2,65.13 1 1
github.com/muety/wakapi/models/mail_address.go:60.22,61.17 1 1
github.com/muety/wakapi/models/mail_address.go:61.17,63.4 1 1
github.com/muety/wakapi/models/project_label.go:11.39,13.2 1 0
github.com/muety/wakapi/models/shared.go:35.52,37.2 1 0
github.com/muety/wakapi/models/shared.go:39.52,42.16 3 0
github.com/muety/wakapi/models/shared.go:45.2,47.12 3 0
github.com/muety/wakapi/models/shared.go:42.16,44.3 1 0
github.com/muety/wakapi/models/shared.go:50.52,56.22 2 0
github.com/muety/wakapi/models/shared.go:71.2,74.12 3 0
github.com/muety/wakapi/models/shared.go:57.14,61.17 2 0
github.com/muety/wakapi/models/shared.go:64.17,66.8 2 0
github.com/muety/wakapi/models/shared.go:67.10,68.64 1 0
github.com/muety/wakapi/models/shared.go:61.17,63.4 1 0
github.com/muety/wakapi/models/shared.go:77.51,80.2 2 0
github.com/muety/wakapi/models/shared.go:82.45,84.2 1 0
github.com/muety/wakapi/models/shared.go:86.37,88.2 1 0
github.com/muety/wakapi/models/shared.go:90.35,92.2 1 0
github.com/muety/wakapi/models/shared.go:94.34,96.2 1 0
github.com/muety/wakapi/config/db.go:39.50,40.19 1 0
github.com/muety/wakapi/config/db.go:53.2,53.12 1 0
github.com/muety/wakapi/config/db.go:41.23,45.5 1 0
github.com/muety/wakapi/config/db.go:46.26,49.5 1 0
github.com/muety/wakapi/config/db.go:50.24,51.48 1 0
github.com/muety/wakapi/config/db.go:56.53,66.2 1 1
github.com/muety/wakapi/config/db.go:68.56,70.16 2 1
github.com/muety/wakapi/config/db.go:74.2,81.3 1 1
github.com/muety/wakapi/config/db.go:70.16,72.3 1 0
github.com/muety/wakapi/config/db.go:84.54,86.2 1 1
github.com/muety/wakapi/config/eventbus.go:26.13,28.2 1 1
github.com/muety/wakapi/config/eventbus.go:30.26,32.2 1 0
github.com/muety/wakapi/config/fs.go:9.56,10.19 1 0
github.com/muety/wakapi/config/fs.go:13.2,13.19 1 0
github.com/muety/wakapi/config/fs.go:10.19,12.3 1 0
github.com/muety/wakapi/config/sentry.go:22.35,24.2 1 0
github.com/muety/wakapi/config/sentry.go:26.62,29.2 2 0
github.com/muety/wakapi/config/sentry.go:39.33,46.2 2 0
github.com/muety/wakapi/config/sentry.go:48.79,51.2 2 0
github.com/muety/wakapi/config/sentry.go:53.72,57.2 3 0
github.com/muety/wakapi/config/sentry.go:59.71,63.2 3 0
github.com/muety/wakapi/config/sentry.go:65.71,69.2 3 0
github.com/muety/wakapi/config/sentry.go:71.72,75.2 3 0
github.com/muety/wakapi/config/sentry.go:77.72,81.2 3 0
github.com/muety/wakapi/config/sentry.go:83.67,88.18 4 0
github.com/muety/wakapi/config/sentry.go:100.2,100.28 1 0
github.com/muety/wakapi/config/sentry.go:88.18,89.65 1 0
github.com/muety/wakapi/config/sentry.go:89.65,92.42 3 0
github.com/muety/wakapi/config/sentry.go:95.4,96.10 2 0
github.com/muety/wakapi/config/sentry.go:92.42,94.5 1 0
github.com/muety/wakapi/config/sentry.go:110.50,114.91 1 0
github.com/muety/wakapi/config/sentry.go:114.91,115.29 1 0
github.com/muety/wakapi/config/sentry.go:119.4,122.38 3 0
github.com/muety/wakapi/config/sentry.go:127.4,127.39 1 0
github.com/muety/wakapi/config/sentry.go:130.4,130.69 1 0
github.com/muety/wakapi/config/sentry.go:115.29,117.5 1 0
github.com/muety/wakapi/config/sentry.go:122.38,123.38 1 0
github.com/muety/wakapi/config/sentry.go:123.38,125.6 1 0
github.com/muety/wakapi/config/sentry.go:127.39,129.5 1 0
github.com/muety/wakapi/config/sentry.go:132.79,133.27 1 0
github.com/muety/wakapi/config/sentry.go:140.4,140.16 1 0
github.com/muety/wakapi/config/sentry.go:133.27,134.84 1 0
github.com/muety/wakapi/config/sentry.go:134.84,135.42 1 0
github.com/muety/wakapi/config/sentry.go:135.42,137.7 1 0
github.com/muety/wakapi/config/sentry.go:142.17,144.3 1 0
github.com/muety/wakapi/config/sentry.go:147.49,151.51 2 0
github.com/muety/wakapi/config/sentry.go:154.2,154.12 1 0
github.com/muety/wakapi/config/sentry.go:151.51,153.3 1 0
github.com/muety/wakapi/config/utils.go:5.78,7.22 2 0
github.com/muety/wakapi/config/utils.go:13.2,13.11 1 0
github.com/muety/wakapi/config/utils.go:7.22,8.18 1 0
github.com/muety/wakapi/config/utils.go:11.3,11.12 1 0
github.com/muety/wakapi/config/utils.go:8.18,10.4 1 0
github.com/muety/wakapi/config/config.go:153.70,155.2 1 0
github.com/muety/wakapi/config/config.go:157.65,159.2 1 0
github.com/muety/wakapi/config/config.go:161.82,171.2 1 0
github.com/muety/wakapi/config/config.go:173.31,175.2 1 0
github.com/muety/wakapi/config/config.go:177.32,179.2 1 0
github.com/muety/wakapi/config/config.go:181.74,182.19 1 0
github.com/muety/wakapi/config/config.go:183.10,184.34 1 0
github.com/muety/wakapi/config/config.go:184.34,185.90 1 0
github.com/muety/wakapi/config/config.go:188.4,188.100 1 0
github.com/muety/wakapi/config/config.go:191.4,191.91 1 0
github.com/muety/wakapi/config/config.go:194.4,194.95 1 0
github.com/muety/wakapi/config/config.go:197.4,197.93 1 0
github.com/muety/wakapi/config/config.go:200.4,200.97 1 0
github.com/muety/wakapi/config/config.go:203.4,203.101 1 0
github.com/muety/wakapi/config/config.go:206.4,206.98 1 0
github.com/muety/wakapi/config/config.go:209.4,209.97 1 0
github.com/muety/wakapi/config/config.go:212.4,212.14 1 0
github.com/muety/wakapi/config/config.go:185.90,187.5 1 0
github.com/muety/wakapi/config/config.go:188.100,190.5 1 0
github.com/muety/wakapi/config/config.go:191.91,193.5 1 0
github.com/muety/wakapi/config/config.go:194.95,196.5 1 0
github.com/muety/wakapi/config/config.go:197.93,199.5 1 0
github.com/muety/wakapi/config/config.go:200.97,202.5 1 0
github.com/muety/wakapi/config/config.go:203.101,205.5 1 0
github.com/muety/wakapi/config/config.go:206.98,208.5 1 0
github.com/muety/wakapi/config/config.go:209.97,211.5 1 0
github.com/muety/wakapi/config/config.go:217.60,219.2 1 0
github.com/muety/wakapi/config/config.go:221.59,223.2 1 0
github.com/muety/wakapi/config/config.go:225.57,227.2 1 0
github.com/muety/wakapi/config/config.go:229.53,231.2 1 0
github.com/muety/wakapi/config/config.go:233.55,236.2 2 0
github.com/muety/wakapi/config/config.go:238.50,240.2 1 0
github.com/muety/wakapi/config/config.go:242.36,244.2 1 0
github.com/muety/wakapi/config/config.go:246.35,248.2 1 0
github.com/muety/wakapi/config/config.go:250.38,252.2 1 0
github.com/muety/wakapi/config/config.go:254.46,256.2 1 0
github.com/muety/wakapi/config/config.go:258.43,260.2 1 0
github.com/muety/wakapi/config/config.go:262.29,264.2 1 1
github.com/muety/wakapi/config/config.go:266.48,277.16 2 0
github.com/muety/wakapi/config/config.go:281.2,282.53 2 0
github.com/muety/wakapi/config/config.go:286.2,286.15 1 0
github.com/muety/wakapi/config/config.go:277.16,279.3 1 0
github.com/muety/wakapi/config/config.go:282.53,284.3 1 0
github.com/muety/wakapi/config/config.go:289.38,290.43 1 0
github.com/muety/wakapi/config/config.go:293.2,293.15 1 0
github.com/muety/wakapi/config/config.go:290.43,292.3 1 0
github.com/muety/wakapi/config/config.go:296.45,297.27 1 0
github.com/muety/wakapi/config/config.go:300.2,300.24 1 0
github.com/muety/wakapi/config/config.go:303.2,303.25 1 0
github.com/muety/wakapi/config/config.go:306.2,306.15 1 0
github.com/muety/wakapi/config/config.go:297.27,299.3 1 0
github.com/muety/wakapi/config/config.go:300.24,302.3 1 0
github.com/muety/wakapi/config/config.go:303.25,305.3 1 0
github.com/muety/wakapi/config/config.go:309.77,310.29 1 0
github.com/muety/wakapi/config/config.go:315.2,315.19 1 0
github.com/muety/wakapi/config/config.go:310.29,311.18 1 0
github.com/muety/wakapi/config/config.go:311.18,313.4 1 0
github.com/muety/wakapi/config/config.go:318.42,319.28 1 0
github.com/muety/wakapi/config/config.go:335.2,335.20 1 0
github.com/muety/wakapi/config/config.go:320.52,321.21 1 0
github.com/muety/wakapi/config/config.go:322.53,323.22 1 0
github.com/muety/wakapi/config/config.go:324.55,325.24 1 0
github.com/muety/wakapi/config/config.go:326.54,327.23 1 0
github.com/muety/wakapi/config/config.go:328.52,329.21 1 0
github.com/muety/wakapi/config/config.go:330.54,331.23 1 0
github.com/muety/wakapi/config/config.go:332.52,333.21 1 0
github.com/muety/wakapi/config/config.go:338.26,340.2 1 0
github.com/muety/wakapi/config/config.go:342.20,344.2 1 0
github.com/muety/wakapi/config/config.go:346.35,351.96 3 0
github.com/muety/wakapi/config/config.go:355.2,364.52 6 0
github.com/muety/wakapi/config/config.go:368.2,368.47 1 0
github.com/muety/wakapi/config/config.go:374.2,374.29 1 0
github.com/muety/wakapi/config/config.go:380.2,380.106 1 0
github.com/muety/wakapi/config/config.go:383.2,383.28 1 0
github.com/muety/wakapi/config/config.go:386.2,386.51 1 0
github.com/muety/wakapi/config/config.go:390.2,390.94 1 0
github.com/muety/wakapi/config/config.go:393.2,393.81 1 0
github.com/muety/wakapi/config/config.go:396.2,396.75 1 0
github.com/muety/wakapi/config/config.go:400.2,401.14 2 0
github.com/muety/wakapi/config/config.go:351.96,353.3 1 0
github.com/muety/wakapi/config/config.go:364.52,366.3 1 0
github.com/muety/wakapi/config/config.go:368.47,369.14 1 0
github.com/muety/wakapi/config/config.go:369.14,371.4 1 0
github.com/muety/wakapi/config/config.go:374.29,377.3 2 0
github.com/muety/wakapi/config/config.go:380.106,382.3 1 0
github.com/muety/wakapi/config/config.go:383.28,385.3 1 0
github.com/muety/wakapi/config/config.go:386.51,389.3 2 0
github.com/muety/wakapi/config/config.go:390.94,392.3 1 0
github.com/muety/wakapi/config/config.go:393.81,395.3 1 0
github.com/muety/wakapi/config/config.go:396.75,398.3 1 0
github.com/muety/wakapi/middlewares/filetype.go:13.83,14.43 1 0
github.com/muety/wakapi/middlewares/filetype.go:14.43,19.3 1 0
github.com/muety/wakapi/middlewares/filetype.go:22.84,24.34 2 0
github.com/muety/wakapi/middlewares/filetype.go:31.2,31.27 1 0
github.com/muety/wakapi/middlewares/filetype.go:24.34,25.50 1 0
github.com/muety/wakapi/middlewares/filetype.go:25.50,29.4 3 0
github.com/muety/wakapi/middlewares/logging.go:20.102,21.43 1 0
github.com/muety/wakapi/middlewares/logging.go:21.43,27.3 1 0
github.com/muety/wakapi/middlewares/logging.go:30.80,39.44 7 0
github.com/muety/wakapi/middlewares/logging.go:45.2,54.3 1 0
github.com/muety/wakapi/middlewares/logging.go:39.44,40.38 1 0
github.com/muety/wakapi/middlewares/logging.go:40.38,42.4 1 0
github.com/muety/wakapi/middlewares/logging.go:57.41,59.14 2 0
github.com/muety/wakapi/middlewares/logging.go:62.2,62.14 1 0
github.com/muety/wakapi/middlewares/logging.go:65.2,65.11 1 0
github.com/muety/wakapi/middlewares/logging.go:59.14,61.3 1 0
github.com/muety/wakapi/middlewares/logging.go:62.14,64.3 1 0
github.com/muety/wakapi/middlewares/logging.go:68.41,69.42 1 0
github.com/muety/wakapi/middlewares/logging.go:72.2,72.12 1 0
github.com/muety/wakapi/middlewares/logging.go:69.42,71.3 1 0
github.com/muety/wakapi/middlewares/logging.go:103.52,105.2 1 0
github.com/muety/wakapi/middlewares/logging.go:117.45,118.20 1 0
github.com/muety/wakapi/middlewares/logging.go:118.20,122.3 3 0
github.com/muety/wakapi/middlewares/logging.go:124.54,127.18 3 0
github.com/muety/wakapi/middlewares/logging.go:134.2,135.15 2 0
github.com/muety/wakapi/middlewares/logging.go:127.18,130.17 2 0
github.com/muety/wakapi/middlewares/logging.go:130.17,132.4 1 0
github.com/muety/wakapi/middlewares/logging.go:137.42,138.20 1 0
github.com/muety/wakapi/middlewares/logging.go:138.20,140.3 1 0
github.com/muety/wakapi/middlewares/logging.go:142.36,144.2 1 0
github.com/muety/wakapi/middlewares/logging.go:145.42,147.2 1 0
github.com/muety/wakapi/middlewares/logging.go:148.40,150.2 1 0
github.com/muety/wakapi/middlewares/logging.go:151.52,153.2 1 0
github.com/muety/wakapi/middlewares/principal.go:15.62,17.2 1 0
github.com/muety/wakapi/middlewares/principal.go:19.58,21.2 1 0
github.com/muety/wakapi/middlewares/principal.go:42.71,43.43 1 0
github.com/muety/wakapi/middlewares/principal.go:43.43,45.3 1 0
github.com/muety/wakapi/middlewares/principal.go:48.81,51.2 2 0
github.com/muety/wakapi/middlewares/principal.go:53.55,54.52 1 0
github.com/muety/wakapi/middlewares/principal.go:54.52,56.3 1 0
github.com/muety/wakapi/middlewares/principal.go:59.49,60.52 1 0
github.com/muety/wakapi/middlewares/principal.go:63.2,63.12 1 0
github.com/muety/wakapi/middlewares/principal.go:60.52,62.3 1 0
github.com/muety/wakapi/middlewares/security.go:19.62,20.43 1 0
github.com/muety/wakapi/middlewares/security.go:20.43,22.3 1 0
github.com/muety/wakapi/middlewares/security.go:25.80,26.36 1 0
github.com/muety/wakapi/middlewares/security.go:31.2,31.27 1 0
github.com/muety/wakapi/middlewares/security.go:26.36,27.30 1 0
github.com/muety/wakapi/middlewares/security.go:27.30,29.4 1 0
github.com/muety/wakapi/middlewares/sentry.go:15.60,16.43 1 0
github.com/muety/wakapi/middlewares/sentry.go:16.43,20.3 1 0
github.com/muety/wakapi/middlewares/sentry.go:23.78,26.54 3 0
github.com/muety/wakapi/middlewares/sentry.go:26.54,27.43 1 0
github.com/muety/wakapi/middlewares/sentry.go:27.43,29.4 1 0
github.com/muety/wakapi/middlewares/authenticate.go:30.91,36.2 1 1
github.com/muety/wakapi/middlewares/authenticate.go:38.90,41.2 2 0
github.com/muety/wakapi/middlewares/authenticate.go:43.90,46.2 2 0
github.com/muety/wakapi/middlewares/authenticate.go:48.71,49.71 1 0
github.com/muety/wakapi/middlewares/authenticate.go:49.71,51.3 1 0
github.com/muety/wakapi/middlewares/authenticate.go:54.107,58.16 3 0
github.com/muety/wakapi/middlewares/authenticate.go:61.2,61.16 1 0
github.com/muety/wakapi/middlewares/authenticate.go:65.2,65.31 1 0
github.com/muety/wakapi/middlewares/authenticate.go:81.2,82.12 2 0
github.com/muety/wakapi/middlewares/authenticate.go:58.16,60.3 1 0
github.com/muety/wakapi/middlewares/authenticate.go:61.16,63.3 1 0
github.com/muety/wakapi/middlewares/authenticate.go:65.31,66.31 1 0
github.com/muety/wakapi/middlewares/authenticate.go:71.3,71.29 1 0
github.com/muety/wakapi/middlewares/authenticate.go:78.3,78.9 1 0
github.com/muety/wakapi/middlewares/authenticate.go:66.31,69.4 2 0
github.com/muety/wakapi/middlewares/authenticate.go:71.29,74.4 2 0
github.com/muety/wakapi/middlewares/authenticate.go:74.9,77.4 2 0
github.com/muety/wakapi/middlewares/authenticate.go:85.70,86.39 1 0
github.com/muety/wakapi/middlewares/authenticate.go:91.2,91.14 1 0
github.com/muety/wakapi/middlewares/authenticate.go:86.39,87.60 1 0
github.com/muety/wakapi/middlewares/authenticate.go:87.60,89.4 1 0
github.com/muety/wakapi/middlewares/authenticate.go:94.98,96.16 2 1
github.com/muety/wakapi/middlewares/authenticate.go:100.2,103.16 4 1
github.com/muety/wakapi/middlewares/authenticate.go:106.2,106.18 1 1
github.com/muety/wakapi/middlewares/authenticate.go:96.16,98.3 1 1
github.com/muety/wakapi/middlewares/authenticate.go:103.16,105.3 1 0
github.com/muety/wakapi/middlewares/authenticate.go:109.97,113.19 4 1
github.com/muety/wakapi/middlewares/authenticate.go:116.2,117.16 2 1
github.com/muety/wakapi/middlewares/authenticate.go:120.2,120.18 1 1
github.com/muety/wakapi/middlewares/authenticate.go:113.19,115.3 1 1
github.com/muety/wakapi/middlewares/authenticate.go:117.16,119.3 1 0
github.com/muety/wakapi/middlewares/authenticate.go:123.92,125.16 2 0
github.com/muety/wakapi/middlewares/authenticate.go:129.2,130.16 2 0
github.com/muety/wakapi/middlewares/authenticate.go:137.2,137.18 1 0
github.com/muety/wakapi/middlewares/authenticate.go:125.16,127.3 1 0
github.com/muety/wakapi/middlewares/authenticate.go:130.16,132.3 1 0
github.com/muety/wakapi/utils/template.go:13.41,15.16 2 0
github.com/muety/wakapi/utils/template.go:18.2,18.23 1 0
github.com/muety/wakapi/utils/template.go:15.16,17.3 1 0
github.com/muety/wakapi/utils/template.go:21.37,22.30 1 0
github.com/muety/wakapi/utils/template.go:25.2,25.10 1 0
github.com/muety/wakapi/utils/template.go:22.30,24.3 1 0
github.com/muety/wakapi/utils/template.go:28.83,33.16 4 0
github.com/muety/wakapi/utils/template.go:37.2,37.29 1 0
github.com/muety/wakapi/utils/template.go:62.2,62.23 1 0
github.com/muety/wakapi/utils/template.go:33.16,35.3 1 0
github.com/muety/wakapi/utils/template.go:37.29,39.51 2 0
github.com/muety/wakapi/utils/template.go:43.3,44.17 2 0
github.com/muety/wakapi/utils/template.go:47.3,48.17 2 0
github.com/muety/wakapi/utils/template.go:52.3,55.17 3 0
github.com/muety/wakapi/utils/template.go:59.3,59.27 1 0
github.com/muety/wakapi/utils/template.go:39.51,40.12 1 0
github.com/muety/wakapi/utils/template.go:44.17,46.4 1 0
github.com/muety/wakapi/utils/template.go:48.17,50.4 1 0
github.com/muety/wakapi/utils/template.go:55.17,57.4 1 0
github.com/muety/wakapi/utils/color.go:8.90,10.32 2 0
github.com/muety/wakapi/utils/color.go:15.2,15.15 1 0
github.com/muety/wakapi/utils/color.go:10.32,11.50 1 0
github.com/muety/wakapi/utils/color.go:11.50,13.4 1 0
github.com/muety/wakapi/utils/common.go:18.73,19.58 1 0
github.com/muety/wakapi/utils/common.go:22.2,22.87 1 0
github.com/muety/wakapi/utils/common.go:25.2,25.64 1 0
github.com/muety/wakapi/utils/common.go:19.58,21.3 1 0
github.com/muety/wakapi/utils/common.go:22.87,24.3 1 0
github.com/muety/wakapi/utils/common.go:28.40,30.2 1 0
github.com/muety/wakapi/utils/common.go:32.44,34.2 1 0
github.com/muety/wakapi/utils/common.go:36.49,38.2 1 0
github.com/muety/wakapi/utils/common.go:40.45,42.2 1 0
github.com/muety/wakapi/utils/common.go:44.24,46.2 1 0
github.com/muety/wakapi/utils/common.go:48.56,51.45 3 1
github.com/muety/wakapi/utils/common.go:54.2,54.40 1 1
github.com/muety/wakapi/utils/common.go:51.45,53.3 1 1
github.com/muety/wakapi/utils/date.go:8.43,10.2 1 1
github.com/muety/wakapi/utils/date.go:12.48,14.2 1 0
github.com/muety/wakapi/utils/date.go:16.41,18.21 2 1
github.com/muety/wakapi/utils/date.go:21.2,21.23 1 1
github.com/muety/wakapi/utils/date.go:18.21,20.3 1 0
github.com/muety/wakapi/utils/date.go:24.46,26.2 1 0
github.com/muety/wakapi/utils/date.go:28.51,30.2 1 0
github.com/muety/wakapi/utils/date.go:32.44,35.2 2 1
github.com/muety/wakapi/utils/date.go:37.52,39.2 1 0
github.com/muety/wakapi/utils/date.go:41.45,43.2 1 0
github.com/muety/wakapi/utils/date.go:45.51,47.2 1 0
github.com/muety/wakapi/utils/date.go:49.44,51.2 1 0
github.com/muety/wakapi/utils/date.go:54.42,56.2 1 1
github.com/muety/wakapi/utils/date.go:59.46,61.2 1 0
github.com/muety/wakapi/utils/date.go:64.41,66.21 2 1
github.com/muety/wakapi/utils/date.go:69.2,69.36 1 1
github.com/muety/wakapi/utils/date.go:66.21,68.3 1 1
github.com/muety/wakapi/utils/date.go:73.63,75.2 1 0
github.com/muety/wakapi/utils/date.go:78.62,84.2 5 0
github.com/muety/wakapi/utils/date.go:87.67,90.33 2 1
github.com/muety/wakapi/utils/date.go:99.2,99.18 1 1
github.com/muety/wakapi/utils/date.go:90.33,92.19 2 1
github.com/muety/wakapi/utils/date.go:95.3,96.10 2 1
github.com/muety/wakapi/utils/date.go:92.19,94.4 1 1
github.com/muety/wakapi/utils/date.go:102.50,108.2 5 0
github.com/muety/wakapi/utils/date.go:111.79,114.36 3 1
github.com/muety/wakapi/utils/date.go:118.2,118.21 1 1
github.com/muety/wakapi/utils/date.go:122.2,122.21 1 1
github.com/muety/wakapi/utils/date.go:126.2,126.13 1 1
github.com/muety/wakapi/utils/date.go:114.36,117.3 2 0
github.com/muety/wakapi/utils/date.go:118.21,121.3 2 1
github.com/muety/wakapi/utils/date.go:122.21,125.3 2 1
github.com/muety/wakapi/utils/db.go:8.34,9.37 1 0
github.com/muety/wakapi/utils/db.go:17.2,18.14 2 0
github.com/muety/wakapi/utils/db.go:9.37,11.110 2 0
github.com/muety/wakapi/utils/db.go:15.3,15.20 1 0
github.com/muety/wakapi/utils/db.go:11.110,14.4 2 0
github.com/muety/wakapi/utils/db.go:21.39,22.37 1 0
github.com/muety/wakapi/utils/db.go:30.2,31.14 2 0
github.com/muety/wakapi/utils/db.go:22.37,24.119 2 0
github.com/muety/wakapi/utils/db.go:28.3,28.20 1 0
github.com/muety/wakapi/utils/db.go:24.119,27.4 2 0
github.com/muety/wakapi/utils/http.go:9.90,12.58 3 0
github.com/muety/wakapi/utils/http.go:12.58,14.3 1 0
github.com/muety/wakapi/utils/auth.go:16.79,18.54 2 0
github.com/muety/wakapi/utils/auth.go:22.2,24.16 3 0
github.com/muety/wakapi/utils/auth.go:28.2,30.45 3 0
github.com/muety/wakapi/utils/auth.go:33.2,34.32 2 0
github.com/muety/wakapi/utils/auth.go:18.54,20.3 1 0
github.com/muety/wakapi/utils/auth.go:24.16,26.3 1 0
github.com/muety/wakapi/utils/auth.go:30.45,32.3 1 0
github.com/muety/wakapi/utils/auth.go:37.65,39.85 2 0
github.com/muety/wakapi/utils/auth.go:43.2,44.30 2 0
github.com/muety/wakapi/utils/auth.go:39.85,41.3 1 0
github.com/muety/wakapi/utils/auth.go:47.94,49.16 2 0
github.com/muety/wakapi/utils/auth.go:53.2,53.107 1 0
github.com/muety/wakapi/utils/auth.go:57.2,57.22 1 0
github.com/muety/wakapi/utils/auth.go:49.16,51.3 1 0
github.com/muety/wakapi/utils/auth.go:53.107,55.3 1 0
github.com/muety/wakapi/utils/auth.go:60.56,64.2 3 0
github.com/muety/wakapi/utils/auth.go:66.55,69.16 3 0
github.com/muety/wakapi/utils/auth.go:72.2,72.16 1 0
github.com/muety/wakapi/utils/auth.go:69.16,71.3 1 0
github.com/muety/wakapi/utils/collection.go:3.59,5.22 2 0
github.com/muety/wakapi/utils/collection.go:8.2,8.15 1 0
github.com/muety/wakapi/utils/collection.go:5.22,7.3 1 0
github.com/muety/wakapi/utils/set.go:3.51,5.26 2 0
github.com/muety/wakapi/utils/set.go:8.2,8.12 1 0
github.com/muety/wakapi/utils/set.go:5.26,7.3 1 0
github.com/muety/wakapi/utils/set.go:11.49,13.21 2 0
github.com/muety/wakapi/utils/set.go:16.2,16.14 1 0
github.com/muety/wakapi/utils/set.go:13.21,15.3 1 0
github.com/muety/wakapi/utils/strings.go:8.34,10.2 1 0
github.com/muety/wakapi/utils/strings.go:12.77,13.29 1 0
github.com/muety/wakapi/utils/strings.go:18.2,18.19 1 0
github.com/muety/wakapi/utils/strings.go:13.29,14.18 1 0
github.com/muety/wakapi/utils/strings.go:14.18,16.4 1 0
github.com/muety/wakapi/utils/summary.go:10.66,11.40 1 0
github.com/muety/wakapi/utils/summary.go:16.2,16.48 1 0
github.com/muety/wakapi/utils/summary.go:11.40,12.27 1 0
github.com/muety/wakapi/utils/summary.go:12.27,14.4 1 0
github.com/muety/wakapi/utils/summary.go:19.88,22.2 2 0
github.com/muety/wakapi/utils/summary.go:24.95,26.16 2 0
github.com/muety/wakapi/utils/summary.go:29.2,29.38 1 0
github.com/muety/wakapi/utils/summary.go:26.16,28.3 1 0
github.com/muety/wakapi/utils/summary.go:32.105,36.18 3 0
github.com/muety/wakapi/utils/summary.go:71.2,71.22 1 0
github.com/muety/wakapi/utils/summary.go:37.28,38.26 1 0
github.com/muety/wakapi/utils/summary.go:39.32,41.24 2 0
github.com/muety/wakapi/utils/summary.go:42.31,43.29 1 0
github.com/muety/wakapi/utils/summary.go:44.31,46.27 2 0
github.com/muety/wakapi/utils/summary.go:47.32,48.30 1 0
github.com/muety/wakapi/utils/summary.go:49.32,51.28 2 0
github.com/muety/wakapi/utils/summary.go:52.31,53.29 1 0
github.com/muety/wakapi/utils/summary.go:54.32,55.31 1 0
github.com/muety/wakapi/utils/summary.go:56.41,58.42 2 0
github.com/muety/wakapi/utils/summary.go:59.33,60.32 1 0
github.com/muety/wakapi/utils/summary.go:61.33,62.32 1 0
github.com/muety/wakapi/utils/summary.go:63.35,64.32 1 0
github.com/muety/wakapi/utils/summary.go:65.26,66.21 1 0
github.com/muety/wakapi/utils/summary.go:67.10,68.39 1 0
github.com/muety/wakapi/utils/summary.go:74.73,81.56 5 0
github.com/muety/wakapi/utils/summary.go:97.2,104.8 2 0
github.com/muety/wakapi/utils/summary.go:81.56,83.3 1 0
github.com/muety/wakapi/utils/summary.go:83.8,83.54 1 0
github.com/muety/wakapi/utils/summary.go:83.54,85.3 1 0
github.com/muety/wakapi/utils/summary.go:85.8,87.17 2 0
github.com/muety/wakapi/utils/summary.go:91.3,92.17 2 0
github.com/muety/wakapi/utils/summary.go:87.17,89.4 1 0
github.com/muety/wakapi/utils/summary.go:92.17,94.4 1 0
github.com/muety/wakapi/utils/summary.go:107.48,111.51 2 0
github.com/muety/wakapi/utils/summary.go:114.2,114.12 1 0
github.com/muety/wakapi/utils/summary.go:111.51,113.3 1 0
github.com/muety/wakapi/services/alias.go:17.77,22.2 1 1
github.com/muety/wakapi/services/alias.go:26.60,27.43 1 1
github.com/muety/wakapi/services/alias.go:30.2,30.14 1 1
github.com/muety/wakapi/services/alias.go:27.43,29.3 1 1
github.com/muety/wakapi/services/alias.go:33.62,35.16 2 1
github.com/muety/wakapi/services/alias.go:38.2,38.12 1 1
github.com/muety/wakapi/services/alias.go:35.16,37.3 1 1
github.com/muety/wakapi/services/alias.go:41.76,43.16 2 0
github.com/muety/wakapi/services/alias.go:46.2,46.21 1 0
github.com/muety/wakapi/services/alias.go:43.16,45.3 1 0
github.com/muety/wakapi/services/alias.go:49.113,51.16 2 0
github.com/muety/wakapi/services/alias.go:54.2,54.21 1 0
github.com/muety/wakapi/services/alias.go:51.16,53.3 1 0
github.com/muety/wakapi/services/alias.go:57.108,58.32 1 1
github.com/muety/wakapi/services/alias.go:64.2,65.46 2 1
github.com/muety/wakapi/services/alias.go:70.2,70.19 1 1
github.com/muety/wakapi/services/alias.go:58.32,59.52 1 1
github.com/muety/wakapi/services/alias.go:59.52,61.4 1 1
github.com/muety/wakapi/services/alias.go:65.46,66.48 1 1
github.com/muety/wakapi/services/alias.go:66.48,68.4 1 1
github.com/muety/wakapi/services/alias.go:73.77,75.16 2 0
github.com/muety/wakapi/services/alias.go:78.2,79.20 2 0
github.com/muety/wakapi/services/alias.go:75.16,77.3 1 0
github.com/muety/wakapi/services/alias.go:82.60,83.24 1 0
github.com/muety/wakapi/services/alias.go:86.2,88.12 3 0
github.com/muety/wakapi/services/alias.go:83.24,85.3 1 0
github.com/muety/wakapi/services/alias.go:91.69,94.28 3 0
github.com/muety/wakapi/services/alias.go:102.2,104.31 2 0
github.com/muety/wakapi/services/alias.go:108.2,108.12 1 0
github.com/muety/wakapi/services/alias.go:94.28,95.21 1 0
github.com/muety/wakapi/services/alias.go:98.3,99.16 2 0
github.com/muety/wakapi/services/alias.go:95.21,97.4 1 0
github.com/muety/wakapi/services/alias.go:104.31,106.3 1 0
github.com/muety/wakapi/services/alias.go:111.52,112.51 1 0
github.com/muety/wakapi/services/alias.go:112.51,114.3 1 0
github.com/muety/wakapi/services/duration.go:16.78,22.2 2 1
github.com/muety/wakapi/services/duration.go:24.98,26.16 2 1
github.com/muety/wakapi/services/duration.go:31.2,36.31 4 1
github.com/muety/wakapi/services/duration.go:67.2,69.31 2 1
github.com/muety/wakapi/services/duration.go:78.2,78.32 1 1
github.com/muety/wakapi/services/duration.go:26.16,28.3 1 0
github.com/muety/wakapi/services/duration.go:36.31,39.62 2 1
github.com/muety/wakapi/services/duration.go:43.3,43.20 1 1
github.com/muety/wakapi/services/duration.go:48.3,49.35 2 1
github.com/muety/wakapi/services/duration.go:52.3,54.72 2 1
github.com/muety/wakapi/services/duration.go:64.3,64.10 1 1
github.com/muety/wakapi/services/duration.go:39.62,41.4 1 1
github.com/muety/wakapi/services/duration.go:43.20,45.12 2 1
github.com/muety/wakapi/services/duration.go:49.35,51.4 1 1
github.com/muety/wakapi/services/duration.go:54.72,56.41 2 1
github.com/muety/wakapi/services/duration.go:59.4,59.15 1 1
github.com/muety/wakapi/services/duration.go:56.41,58.5 1 1
github.com/muety/wakapi/services/duration.go:60.9,62.4 1 1
github.com/muety/wakapi/services/duration.go:69.31,70.26 1 1
github.com/muety/wakapi/services/duration.go:70.26,71.23 1 1
github.com/muety/wakapi/services/duration.go:74.4,74.36 1 1
github.com/muety/wakapi/services/duration.go:71.23,73.5 1 1
github.com/muety/wakapi/services/heartbeat.go:26.141,40.33 3 0
github.com/muety/wakapi/services/heartbeat.go:48.2,48.12 1 0
github.com/muety/wakapi/services/heartbeat.go:40.33,41.31 1 0
github.com/muety/wakapi/services/heartbeat.go:41.31,45.4 3 0
github.com/muety/wakapi/services/heartbeat.go:51.72,54.2 2 0
github.com/muety/wakapi/services/heartbeat.go:56.80,61.32 3 0
github.com/muety/wakapi/services/heartbeat.go:69.2,70.16 2 0
github.com/muety/wakapi/services/heartbeat.go:73.2,73.12 1 0
github.com/muety/wakapi/services/heartbeat.go:61.32,62.36 1 0
github.com/muety/wakapi/services/heartbeat.go:66.3,66.46 1 0
github.com/muety/wakapi/services/heartbeat.go:62.36,65.4 2 0
github.com/muety/wakapi/services/heartbeat.go:70.16,72.3 1 0
github.com/muety/wakapi/services/heartbeat.go:76.53,78.8 2 0
github.com/muety/wakapi/services/heartbeat.go:81.2,82.16 2 0
github.com/muety/wakapi/services/heartbeat.go:85.2,85.19 1 0
github.com/muety/wakapi/services/heartbeat.go:78.8,80.3 1 0
github.com/muety/wakapi/services/heartbeat.go:82.16,84.3 1 0
github.com/muety/wakapi/services/heartbeat.go:88.76,91.8 3 0
github.com/muety/wakapi/services/heartbeat.go:94.2,95.16 2 0
github.com/muety/wakapi/services/heartbeat.go:98.2,98.19 1 0
github.com/muety/wakapi/services/heartbeat.go:91.8,93.3 1 0
github.com/muety/wakapi/services/heartbeat.go:95.16,97.3 1 0
github.com/muety/wakapi/services/heartbeat.go:101.96,105.26 3 0
github.com/muety/wakapi/services/heartbeat.go:115.2,116.16 2 0
github.com/muety/wakapi/services/heartbeat.go:120.2,120.28 1 0
github.com/muety/wakapi/services/heartbeat.go:126.2,126.24 1 0
github.com/muety/wakapi/services/heartbeat.go:105.26,108.9 3 0
github.com/muety/wakapi/services/heartbeat.go:108.9,110.4 1 0
github.com/muety/wakapi/services/heartbeat.go:110.9,112.4 1 0
github.com/muety/wakapi/services/heartbeat.go:116.16,118.3 1 0
github.com/muety/wakapi/services/heartbeat.go:120.28,124.3 3 0
github.com/muety/wakapi/services/heartbeat.go:129.111,131.16 2 0
github.com/muety/wakapi/services/heartbeat.go:134.2,134.43 1 0
github.com/muety/wakapi/services/heartbeat.go:131.16,133.3 1 0
github.com/muety/wakapi/services/heartbeat.go:137.92,139.2 1 0
github.com/muety/wakapi/services/heartbeat.go:141.116,143.2 1 0
github.com/muety/wakapi/services/heartbeat.go:145.78,147.2 1 0
github.com/muety/wakapi/services/heartbeat.go:149.104,151.54 2 0
github.com/muety/wakapi/services/heartbeat.go:157.2,158.16 2 0
github.com/muety/wakapi/services/heartbeat.go:162.2,163.28 2 0
github.com/muety/wakapi/services/heartbeat.go:169.2,170.22 2 0
github.com/muety/wakapi/services/heartbeat.go:151.54,155.3 3 0
github.com/muety/wakapi/services/heartbeat.go:158.16,160.3 1 0
github.com/muety/wakapi/services/heartbeat.go:163.28,164.33 1 0
github.com/muety/wakapi/services/heartbeat.go:164.33,166.4 1 0
github.com/muety/wakapi/services/heartbeat.go:173.62,175.2 1 0
github.com/muety/wakapi/services/heartbeat.go:177.116,179.16 2 0
github.com/muety/wakapi/services/heartbeat.go:183.2,183.28 1 0
github.com/muety/wakapi/services/heartbeat.go:187.2,187.24 1 0
github.com/muety/wakapi/services/heartbeat.go:179.16,181.3 1 0
github.com/muety/wakapi/services/heartbeat.go:183.28,185.3 1 0
github.com/muety/wakapi/services/heartbeat.go:190.96,192.2 1 0
github.com/muety/wakapi/services/heartbeat.go:194.107,196.55 2 0
github.com/muety/wakapi/services/heartbeat.go:196.55,202.41 4 0
github.com/muety/wakapi/services/heartbeat.go:202.41,207.4 2 0
github.com/muety/wakapi/services/heartbeat.go:211.85,217.2 5 0
github.com/muety/wakapi/services/heartbeat.go:219.74,220.32 1 0
github.com/muety/wakapi/services/heartbeat.go:220.32,225.3 1 0
github.com/muety/wakapi/services/heartbeat.go:228.72,230.2 1 0
github.com/muety/wakapi/services/heartbeat.go:232.58,234.2 1 0
github.com/muety/wakapi/services/heartbeat.go:236.60,238.2 1 0
github.com/muety/wakapi/services/language_mapping.go:18.118,24.2 1 0
github.com/muety/wakapi/services/language_mapping.go:26.86,28.2 1 0
github.com/muety/wakapi/services/language_mapping.go:30.96,31.53 1 0
github.com/muety/wakapi/services/language_mapping.go:35.2,36.16 2 0
github.com/muety/wakapi/services/language_mapping.go:39.2,40.22 2 0
github.com/muety/wakapi/services/language_mapping.go:31.53,33.3 1 0
github.com/muety/wakapi/services/language_mapping.go:36.16,38.3 1 0
github.com/muety/wakapi/services/language_mapping.go:43.92,46.16 3 0
github.com/muety/wakapi/services/language_mapping.go:50.2,50.33 1 0
github.com/muety/wakapi/services/language_mapping.go:53.2,53.22 1 0
github.com/muety/wakapi/services/language_mapping.go:46.16,48.3 1 0
github.com/muety/wakapi/services/language_mapping.go:50.33,52.3 1 0
github.com/muety/wakapi/services/language_mapping.go:56.109,58.16 2 0
github.com/muety/wakapi/services/language_mapping.go:62.2,63.20 2 0
github.com/muety/wakapi/services/language_mapping.go:58.16,60.3 1 0
github.com/muety/wakapi/services/language_mapping.go:66.82,67.26 1 0
github.com/muety/wakapi/services/language_mapping.go:70.2,72.12 3 0
github.com/muety/wakapi/services/language_mapping.go:67.26,69.3 1 0
github.com/muety/wakapi/services/language_mapping.go:75.74,78.2 1 0
github.com/muety/wakapi/services/report.go:30.122,44.33 4 0
github.com/muety/wakapi/services/report.go:50.2,50.12 1 0
github.com/muety/wakapi/services/report.go:44.33,45.31 1 0
github.com/muety/wakapi/services/report.go:45.31,47.4 1 0
github.com/muety/wakapi/services/report.go:53.38,57.16 3 0
github.com/muety/wakapi/services/report.go:61.2,62.26 2 0
github.com/muety/wakapi/services/report.go:57.16,59.3 1 0
github.com/muety/wakapi/services/report.go:62.26,64.3 1 0
github.com/muety/wakapi/services/report.go:69.61,74.22 3 0
github.com/muety/wakapi/services/report.go:80.2,80.61 1 0
github.com/muety/wakapi/services/report.go:94.2,94.24 1 0
github.com/muety/wakapi/services/report.go:74.22,77.3 2 0
github.com/muety/wakapi/services/report.go:80.61,89.47 3 0
github.com/muety/wakapi/services/report.go:89.47,91.4 1 0
github.com/muety/wakapi/services/report.go:97.80,98.22 1 0
github.com/muety/wakapi/services/report.go:102.2,102.29 1 0
github.com/muety/wakapi/services/report.go:107.2,111.16 4 0
github.com/muety/wakapi/services/report.go:116.2,123.65 2 0
github.com/muety/wakapi/services/report.go:128.2,129.12 2 0
github.com/muety/wakapi/services/report.go:98.22,100.3 1 0
github.com/muety/wakapi/services/report.go:102.29,105.3 2 0
github.com/muety/wakapi/services/report.go:111.16,114.3 2 0
github.com/muety/wakapi/services/report.go:123.65,126.3 2 0
github.com/muety/wakapi/services/report.go:132.63,133.41 1 0
github.com/muety/wakapi/services/report.go:140.2,140.12 1 0
github.com/muety/wakapi/services/report.go:133.41,134.30 1 0
github.com/muety/wakapi/services/report.go:134.30,135.16 1 0
github.com/muety/wakapi/services/report.go:135.16,137.5 1 0
github.com/muety/wakapi/services/summary.go:29.189,41.33 3 1
github.com/muety/wakapi/services/summary.go:52.2,52.12 1 1
github.com/muety/wakapi/services/summary.go:41.33,42.31 1 1
github.com/muety/wakapi/services/summary.go:42.31,44.39 2 0
github.com/muety/wakapi/services/summary.go:44.39,45.71 1 0
github.com/muety/wakapi/services/summary.go:45.71,47.6 1 0
github.com/muety/wakapi/services/summary.go:58.136,61.66 2 1
github.com/muety/wakapi/services/summary.go:66.2,66.44 1 1
github.com/muety/wakapi/services/summary.go:72.2,72.65 1 1
github.com/muety/wakapi/services/summary.go:77.2,78.16 2 1
github.com/muety/wakapi/services/summary.go:83.2,89.30 6 1
github.com/muety/wakapi/services/summary.go:61.66,63.3 1 0
github.com/muety/wakapi/services/summary.go:66.44,69.3 2 1
github.com/muety/wakapi/services/summary.go:72.65,74.3 1 0
github.com/muety/wakapi/services/summary.go:78.16,80.3 1 0
github.com/muety/wakapi/services/summary.go:92.101,95.16 2 1
github.com/muety/wakapi/services/summary.go:100.2,101.44 2 1
github.com/muety/wakapi/services/summary.go:110.2,111.16 2 1
github.com/muety/wakapi/services/summary.go:115.2,115.30 1 1
github.com/muety/wakapi/services/summary.go:95.16,97.3 1 0
github.com/muety/wakapi/services/summary.go:101.44,102.78 1 1
github.com/muety/wakapi/services/summary.go:102.78,104.4 1 1
github.com/muety/wakapi/services/summary.go:104.9,106.4 1 0
github.com/muety/wakapi/services/summary.go:111.16,113.3 1 0
github.com/muety/wakapi/services/summary.go:118.102,121.16 2 1
github.com/muety/wakapi/services/summary.go:125.2,129.26 4 1
github.com/muety/wakapi/services/summary.go:134.2,140.34 6 1
github.com/muety/wakapi/services/summary.go:156.2,156.25 1 1
github.com/muety/wakapi/services/summary.go:161.2,173.30 2 1
github.com/muety/wakapi/services/summary.go:121.16,123.3 1 0
github.com/muety/wakapi/services/summary.go:129.26,131.3 1 1
github.com/muety/wakapi/services/summary.go:140.34,142.20 2 1
github.com/muety/wakapi/services/summary.go:143.30,144.29 1 1
github.com/muety/wakapi/services/summary.go:145.31,146.30 1 1
github.com/muety/wakapi/services/summary.go:147.29,148.28 1 1
github.com/muety/wakapi/services/summary.go:149.25,150.24 1 1
github.com/muety/wakapi/services/summary.go:151.30,152.29 1 1
github.com/muety/wakapi/services/summary.go:156.25,159.3 2 1
github.com/muety/wakapi/services/summary.go:178.76,180.2 1 0
github.com/muety/wakapi/services/summary.go:182.62,185.2 2 0
github.com/muety/wakapi/services/summary.go:187.66,190.2 2 0
github.com/muety/wakapi/services/summary.go:194.125,197.30 2 1
github.com/muety/wakapi/services/summary.go:201.2,202.28 2 1
github.com/muety/wakapi/services/summary.go:210.2,210.40 1 1
github.com/muety/wakapi/services/summary.go:214.2,214.67 1 1
github.com/muety/wakapi/services/summary.go:197.30,199.3 1 1
github.com/muety/wakapi/services/summary.go:202.28,208.3 1 1
github.com/muety/wakapi/services/summary.go:210.40,212.3 1 1
github.com/muety/wakapi/services/summary.go:217.87,218.72 1 1
github.com/muety/wakapi/services/summary.go:226.2,227.16 2 1
github.com/muety/wakapi/services/summary.go:232.2,233.37 2 1
github.com/muety/wakapi/services/summary.go:237.2,239.30 3 1
github.com/muety/wakapi/services/summary.go:250.2,251.29 2 1
github.com/muety/wakapi/services/summary.go:256.2,257.16 2 1
github.com/muety/wakapi/services/summary.go:218.72,224.3 1 1
github.com/muety/wakapi/services/summary.go:227.16,230.3 2 0
github.com/muety/wakapi/services/summary.go:233.37,235.3 1 1
github.com/muety/wakapi/services/summary.go:239.30,240.48 1 1
github.com/muety/wakapi/services/summary.go:240.48,241.41 1 1
github.com/muety/wakapi/services/summary.go:244.4,245.29 2 1
github.com/muety/wakapi/services/summary.go:241.41,243.5 1 1
github.com/muety/wakapi/services/summary.go:251.29,252.18 1 1
github.com/muety/wakapi/services/summary.go:252.18,254.4 1 1
github.com/muety/wakapi/services/summary.go:260.97,261.24 1 1
github.com/muety/wakapi/services/summary.go:265.2,280.30 5 1
github.com/muety/wakapi/services/summary.go:310.2,313.26 3 1
github.com/muety/wakapi/services/summary.go:261.24,263.3 1 0
github.com/muety/wakapi/services/summary.go:280.30,282.41 2 1
github.com/muety/wakapi/services/summary.go:287.3,287.38 1 1
github.com/muety/wakapi/services/summary.go:291.3,291.37 1 1
github.com/muety/wakapi/services/summary.go:295.3,295.34 1 1
github.com/muety/wakapi/services/summary.go:299.3,307.25 8 1
github.com/muety/wakapi/services/summary.go:282.41,284.12 2 1
github.com/muety/wakapi/services/summary.go:287.38,289.4 1 0
github.com/muety/wakapi/services/summary.go:291.37,293.4 1 1
github.com/muety/wakapi/services/summary.go:295.34,297.4 1 1
github.com/muety/wakapi/services/summary.go:316.127,320.32 2 1
github.com/muety/wakapi/services/summary.go:324.2,324.27 1 1
github.com/muety/wakapi/services/summary.go:332.2,334.26 3 1
github.com/muety/wakapi/services/summary.go:339.2,339.43 1 1
github.com/muety/wakapi/services/summary.go:343.2,343.17 1 1
github.com/muety/wakapi/services/summary.go:320.32,322.3 1 1
github.com/muety/wakapi/services/summary.go:324.27,325.37 1 1
github.com/muety/wakapi/services/summary.go:325.37,327.4 1 1
github.com/muety/wakapi/services/summary.go:327.9,329.4 1 1
github.com/muety/wakapi/services/summary.go:334.26,337.3 2 1
github.com/muety/wakapi/services/summary.go:339.43,341.3 1 1
github.com/muety/wakapi/services/summary.go:346.116,347.25 1 1
github.com/muety/wakapi/services/summary.go:351.2,354.44 2 1
github.com/muety/wakapi/services/summary.go:359.2,359.40 1 1
github.com/muety/wakapi/services/summary.go:384.2,384.54 1 1
github.com/muety/wakapi/services/summary.go:388.2,388.18 1 1
github.com/muety/wakapi/services/summary.go:347.25,349.3 1 0
github.com/muety/wakapi/services/summary.go:354.44,356.3 1 1
github.com/muety/wakapi/services/summary.go:359.40,361.19 2 1
github.com/muety/wakapi/services/summary.go:368.3,373.34 3 1
github.com/muety/wakapi/services/summary.go:378.3,378.22 1 1
github.com/muety/wakapi/services/summary.go:361.19,362.12 1 1
github.com/muety/wakapi/services/summary.go:373.34,375.4 1 1
github.com/muety/wakapi/services/summary.go:378.22,380.4 1 1
github.com/muety/wakapi/services/summary.go:384.54,386.3 1 1
github.com/muety/wakapi/services/summary.go:391.59,393.2 1 1
github.com/muety/wakapi/services/summary.go:395.63,396.37 1 0
github.com/muety/wakapi/services/summary.go:396.37,397.36 1 0
github.com/muety/wakapi/services/summary.go:397.36,399.4 1 0
github.com/muety/wakapi/services/user.go:24.99,34.33 3 0
github.com/muety/wakapi/services/user.go:55.2,55.12 1 0
github.com/muety/wakapi/services/user.go:34.33,35.31 1 0
github.com/muety/wakapi/services/user.go:35.31,41.61 4 0
github.com/muety/wakapi/services/user.go:45.4,45.24 1 0
github.com/muety/wakapi/services/user.go:41.61,43.5 1 0
github.com/muety/wakapi/services/user.go:45.24,46.80 1 0
github.com/muety/wakapi/services/user.go:46.80,48.6 1 0
github.com/muety/wakapi/services/user.go:48.11,50.6 1 0
github.com/muety/wakapi/services/user.go:58.74,59.40 1 0
github.com/muety/wakapi/services/user.go:63.2,64.16 2 0
github.com/muety/wakapi/services/user.go:68.2,69.15 2 0
github.com/muety/wakapi/services/user.go:59.40,61.3 1 0
github.com/muety/wakapi/services/user.go:64.16,66.3 1 0
github.com/muety/wakapi/services/user.go:72.72,73.37 1 0
github.com/muety/wakapi/services/user.go:77.2,78.16 2 0
github.com/muety/wakapi/services/user.go:82.2,83.15 2 0
github.com/muety/wakapi/services/user.go:73.37,75.3 1 0
github.com/muety/wakapi/services/user.go:78.16,80.3 1 0
github.com/muety/wakapi/services/user.go:86.76,88.2 1 0
github.com/muety/wakapi/services/user.go:90.86,92.2 1 0
github.com/muety/wakapi/services/user.go:94.58,96.2 1 0
github.com/muety/wakapi/services/user.go:98.86,100.2 1 0
github.com/muety/wakapi/services/user.go:102.71,104.12 2 0
github.com/muety/wakapi/services/user.go:108.2,109.42 2 0
github.com/muety/wakapi/services/user.go:113.2,114.16 2 0
github.com/muety/wakapi/services/user.go:118.2,119.21 2 0
github.com/muety/wakapi/services/user.go:104.12,106.3 1 0
github.com/muety/wakapi/services/user.go:109.42,111.3 1 0
github.com/muety/wakapi/services/user.go:114.16,116.3 1 0
github.com/muety/wakapi/services/user.go:122.48,124.2 1 0
github.com/muety/wakapi/services/user.go:126.102,136.93 2 0
github.com/muety/wakapi/services/user.go:142.2,142.38 1 0
github.com/muety/wakapi/services/user.go:136.93,138.3 1 0
github.com/muety/wakapi/services/user.go:138.8,140.3 1 0
github.com/muety/wakapi/services/user.go:145.73,149.2 3 0
github.com/muety/wakapi/services/user.go:151.78,155.2 3 0
github.com/muety/wakapi/services/user.go:157.99,160.2 2 0
github.com/muety/wakapi/services/user.go:162.106,165.96 3 0
github.com/muety/wakapi/services/user.go:170.2,170.68 1 0
github.com/muety/wakapi/services/user.go:165.96,167.3 1 0
github.com/muety/wakapi/services/user.go:167.8,169.3 1 0
github.com/muety/wakapi/services/user.go:173.85,175.2 1 0
github.com/muety/wakapi/services/user.go:177.57,184.2 4 0
github.com/muety/wakapi/services/user.go:186.38,188.2 1 0
github.com/muety/wakapi/services/user.go:190.57,195.2 1 0
github.com/muety/wakapi/services/aggregation.go:29.142,37.2 1 0
github.com/muety/wakapi/services/aggregation.go:46.43,48.37 1 0
github.com/muety/wakapi/services/aggregation.go:52.2,54.19 3 0
github.com/muety/wakapi/services/aggregation.go:48.37,50.3 1 0
github.com/muety/wakapi/services/aggregation.go:57.67,58.47 1 0
github.com/muety/wakapi/services/aggregation.go:61.2,66.40 4 0
github.com/muety/wakapi/services/aggregation.go:70.2,70.50 1 0
github.com/muety/wakapi/services/aggregation.go:75.2,75.60 1 0
github.com/muety/wakapi/services/aggregation.go:81.2,81.35 1 0
github.com/muety/wakapi/services/aggregation.go:58.47,60.3 1 0
github.com/muety/wakapi/services/aggregation.go:66.40,68.3 1 0
github.com/muety/wakapi/services/aggregation.go:70.50,72.3 1 0
github.com/muety/wakapi/services/aggregation.go:75.60,79.3 3 0
github.com/muety/wakapi/services/aggregation.go:84.109,85.24 1 0
github.com/muety/wakapi/services/aggregation.go:85.24,86.111 1 0
github.com/muety/wakapi/services/aggregation.go:86.111,88.4 1 0
github.com/muety/wakapi/services/aggregation.go:88.9,91.4 2 0
github.com/muety/wakapi/services/aggregation.go:95.80,96.33 1 0
github.com/muety/wakapi/services/aggregation.go:96.33,97.60 1 0
github.com/muety/wakapi/services/aggregation.go:97.60,99.4 1 0
github.com/muety/wakapi/services/aggregation.go:103.100,107.59 3 0
github.com/muety/wakapi/services/aggregation.go:122.2,123.16 2 0
github.com/muety/wakapi/services/aggregation.go:129.2,130.16 2 0
github.com/muety/wakapi/services/aggregation.go:136.2,137.44 2 0
github.com/muety/wakapi/services/aggregation.go:142.2,142.41 1 0
github.com/muety/wakapi/services/aggregation.go:156.2,156.12 1 0
github.com/muety/wakapi/services/aggregation.go:107.59,110.3 2 0
github.com/muety/wakapi/services/aggregation.go:110.8,110.47 1 0
github.com/muety/wakapi/services/aggregation.go:110.47,112.30 2 0
github.com/muety/wakapi/services/aggregation.go:112.30,113.43 1 0
github.com/muety/wakapi/services/aggregation.go:113.43,115.5 1 0
github.com/muety/wakapi/services/aggregation.go:117.8,119.3 1 0
github.com/muety/wakapi/services/aggregation.go:123.16,126.3 2 0
github.com/muety/wakapi/services/aggregation.go:130.16,133.3 2 0
github.com/muety/wakapi/services/aggregation.go:137.44,139.3 1 0
github.com/muety/wakapi/services/aggregation.go:142.41,143.21 1 0
github.com/muety/wakapi/services/aggregation.go:143.21,147.4 1 0
github.com/muety/wakapi/services/aggregation.go:147.9,147.62 1 0
github.com/muety/wakapi/services/aggregation.go:147.62,151.4 1 0
github.com/muety/wakapi/services/aggregation.go:159.73,162.27 3 0
github.com/muety/wakapi/services/aggregation.go:167.2,167.27 1 0
github.com/muety/wakapi/services/aggregation.go:170.2,170.12 1 0
github.com/muety/wakapi/services/aggregation.go:162.27,163.39 1 0
github.com/muety/wakapi/services/aggregation.go:163.39,165.4 1 0
github.com/muety/wakapi/services/aggregation.go:167.27,169.3 1 0
github.com/muety/wakapi/services/aggregation.go:173.69,176.27 3 0
github.com/muety/wakapi/services/aggregation.go:176.27,178.3 1 0
github.com/muety/wakapi/services/aggregation.go:181.83,196.41 5 0
github.com/muety/wakapi/services/aggregation.go:196.41,206.3 3 0
github.com/muety/wakapi/services/aggregation.go:209.34,212.2 2 0
github.com/muety/wakapi/services/diagnostics.go:14.101,19.2 1 0
github.com/muety/wakapi/services/diagnostics.go:21.101,23.2 1 0
github.com/muety/wakapi/services/key_value.go:14.89,19.2 1 0
github.com/muety/wakapi/services/key_value.go:21.83,23.2 1 0
github.com/muety/wakapi/services/key_value.go:25.78,27.16 2 0
github.com/muety/wakapi/services/key_value.go:33.2,33.11 1 0
github.com/muety/wakapi/services/key_value.go:27.16,32.3 1 0
github.com/muety/wakapi/services/key_value.go:36.72,38.2 1 0
github.com/muety/wakapi/services/key_value.go:40.60,42.2 1 0
github.com/muety/wakapi/services/misc.go:21.126,28.2 1 0
github.com/muety/wakapi/services/misc.go:40.50,42.48 1 0
github.com/muety/wakapi/services/misc.go:46.2,48.19 3 0
github.com/muety/wakapi/services/misc.go:42.48,44.3 1 0
github.com/muety/wakapi/services/misc.go:51.51,53.16 2 0
github.com/muety/wakapi/services/misc.go:57.2,60.26 3 0
github.com/muety/wakapi/services/misc.go:66.2,68.40 2 0
github.com/muety/wakapi/services/misc.go:73.2,75.33 3 0
github.com/muety/wakapi/services/misc.go:79.2,84.17 2 0
github.com/muety/wakapi/services/misc.go:88.2,91.17 1 0
github.com/muety/wakapi/services/misc.go:95.2,95.12 1 0
github.com/muety/wakapi/services/misc.go:53.16,55.3 1 0
github.com/muety/wakapi/services/misc.go:60.26,65.3 1 0
github.com/muety/wakapi/services/misc.go:68.40,70.3 1 0
github.com/muety/wakapi/services/misc.go:75.33,78.3 2 0
github.com/muety/wakapi/services/misc.go:84.17,86.3 1 0
github.com/muety/wakapi/services/misc.go:91.17,93.3 1 0
github.com/muety/wakapi/services/misc.go:98.116,99.24 1 0
github.com/muety/wakapi/services/misc.go:99.24,100.151 1 0
github.com/muety/wakapi/services/misc.go:100.151,102.4 1 0
github.com/muety/wakapi/services/misc.go:102.9,107.4 1 0
github.com/muety/wakapi/services/project_label.go:20.111,27.2 1 0
github.com/muety/wakapi/services/project_label.go:29.80,31.2 1 0
github.com/muety/wakapi/services/project_label.go:33.90,34.51 1 0
github.com/muety/wakapi/services/project_label.go:38.2,39.16 2 0
github.com/muety/wakapi/services/project_label.go:42.2,43.20 2 0
github.com/muety/wakapi/services/project_label.go:34.51,36.3 1 0
github.com/muety/wakapi/services/project_label.go:39.16,41.3 1 0
github.com/muety/wakapi/services/project_label.go:46.108,49.16 3 0
github.com/muety/wakapi/services/project_label.go:53.2,53.31 1 0
github.com/muety/wakapi/services/project_label.go:60.2,60.29 1 0
github.com/muety/wakapi/services/project_label.go:49.16,51.3 1 0
github.com/muety/wakapi/services/project_label.go:53.31,54.50 1 0
github.com/muety/wakapi/services/project_label.go:54.50,56.4 1 0
github.com/muety/wakapi/services/project_label.go:56.9,58.4 1 0
github.com/muety/wakapi/services/project_label.go:63.116,66.16 3 0
github.com/muety/wakapi/services/project_label.go:70.2,70.31 1 0
github.com/muety/wakapi/services/project_label.go:77.2,77.29 1 0
github.com/muety/wakapi/services/project_label.go:66.16,68.3 1 0
github.com/muety/wakapi/services/project_label.go:70.31,71.45 1 0
github.com/muety/wakapi/services/project_label.go:71.45,73.4 1 0
github.com/muety/wakapi/services/project_label.go:73.9,75.4 1 0
github.com/muety/wakapi/services/project_label.go:80.98,82.16 2 0
github.com/muety/wakapi/services/project_label.go:86.2,88.20 3 0
github.com/muety/wakapi/services/project_label.go:82.16,84.3 1 0
github.com/muety/wakapi/services/project_label.go:91.74,92.24 1 0
github.com/muety/wakapi/services/project_label.go:95.2,98.12 4 0
github.com/muety/wakapi/services/project_label.go:92.24,94.3 1 0
github.com/muety/wakapi/services/project_label.go:101.89,103.14 2 0
github.com/muety/wakapi/services/project_label.go:106.2,109.4 1 0
github.com/muety/wakapi/services/project_label.go:103.14,105.3 1 0
