mode: set
github.com/muety/wakapi/models/heartbeats.go:7.31,9.2 1 0
github.com/muety/wakapi/models/heartbeats.go:11.41,13.2 1 0
github.com/muety/wakapi/models/heartbeats.go:15.36,17.2 1 0
github.com/muety/wakapi/models/heartbeats.go:19.43,22.2 2 0
github.com/muety/wakapi/models/heartbeats.go:24.41,26.18 1 0
github.com/muety/wakapi/models/heartbeats.go:29.2,29.16 1 0
github.com/muety/wakapi/models/heartbeats.go:26.18,28.3 1 0
github.com/muety/wakapi/models/heartbeats.go:32.40,34.18 1 0
github.com/muety/wakapi/models/heartbeats.go:37.2,37.24 1 0
github.com/muety/wakapi/models/heartbeats.go:34.18,36.3 1 0
github.com/muety/wakapi/models/language_mapping.go:11.42,13.2 1 0
github.com/muety/wakapi/models/language_mapping.go:15.51,17.2 1 0
github.com/muety/wakapi/models/language_mapping.go:19.52,21.2 1 0
github.com/muety/wakapi/models/summary.go:60.29,62.2 1 1
github.com/muety/wakapi/models/summary.go:64.35,66.2 1 0
github.com/muety/wakapi/models/summary.go:68.37,76.2 7 1
github.com/muety/wakapi/models/summary.go:78.35,80.2 1 1
github.com/muety/wakapi/models/summary.go:82.57,91.2 1 1
github.com/muety/wakapi/models/summary.go:93.64,95.2 1 0
github.com/muety/wakapi/models/summary.go:108.33,113.26 4 1
github.com/muety/wakapi/models/summary.go:120.2,120.37 1 1
github.com/muety/wakapi/models/summary.go:125.2,126.16 2 1
github.com/muety/wakapi/models/summary.go:129.2,129.33 1 1
github.com/muety/wakapi/models/summary.go:113.26,114.30 1 1
github.com/muety/wakapi/models/summary.go:114.30,116.4 1 1
github.com/muety/wakapi/models/summary.go:120.37,122.3 1 0
github.com/muety/wakapi/models/summary.go:126.16,128.3 1 0
github.com/muety/wakapi/models/summary.go:129.33,131.3 1 1
github.com/muety/wakapi/models/summary.go:135.56,141.28 5 1
github.com/muety/wakapi/models/summary.go:145.2,146.42 2 1
github.com/muety/wakapi/models/summary.go:153.2,154.15 2 1
github.com/muety/wakapi/models/summary.go:141.28,143.3 1 1
github.com/muety/wakapi/models/summary.go:146.42,147.22 1 0
github.com/muety/wakapi/models/summary.go:147.22,149.9 2 0
github.com/muety/wakapi/models/summary.go:154.15,155.28 1 1
github.com/muety/wakapi/models/summary.go:155.28,157.4 1 0
github.com/muety/wakapi/models/summary.go:157.9,163.4 1 1
github.com/muety/wakapi/models/summary.go:167.45,172.16 4 0
github.com/muety/wakapi/models/summary.go:175.2,175.39 1 0
github.com/muety/wakapi/models/summary.go:179.2,179.30 1 0
github.com/muety/wakapi/models/summary.go:172.16,174.3 1 0
github.com/muety/wakapi/models/summary.go:175.39,177.3 1 0
github.com/muety/wakapi/models/summary.go:182.73,184.55 2 1
github.com/muety/wakapi/models/summary.go:189.2,189.16 1 1
github.com/muety/wakapi/models/summary.go:184.55,185.31 1 1
github.com/muety/wakapi/models/summary.go:185.31,187.4 1 1
github.com/muety/wakapi/models/summary.go:192.88,194.55 2 1
github.com/muety/wakapi/models/summary.go:202.2,202.16 1 1
github.com/muety/wakapi/models/summary.go:194.55,195.31 1 1
github.com/muety/wakapi/models/summary.go:195.31,196.23 1 1
github.com/muety/wakapi/models/summary.go:199.4,199.46 1 1
github.com/muety/wakapi/models/summary.go:196.23,197.13 1 1
github.com/muety/wakapi/models/summary.go:205.73,207.34 2 1
github.com/muety/wakapi/models/summary.go:210.2,210.14 1 1
github.com/muety/wakapi/models/summary.go:207.34,209.3 1 1
github.com/muety/wakapi/models/summary.go:213.56,216.55 3 0
github.com/muety/wakapi/models/summary.go:223.2,223.12 1 0
github.com/muety/wakapi/models/summary.go:216.55,217.31 1 0
github.com/muety/wakapi/models/summary.go:217.31,218.44 1 0
github.com/muety/wakapi/models/summary.go:218.44,220.5 1 0
github.com/muety/wakapi/models/summary.go:226.58,228.16 2 0
github.com/muety/wakapi/models/summary.go:231.2,231.16 1 0
github.com/muety/wakapi/models/summary.go:228.16,230.3 1 0
github.com/muety/wakapi/models/summary.go:234.71,235.63 1 1
github.com/muety/wakapi/models/summary.go:275.2,282.10 7 1
github.com/muety/wakapi/models/summary.go:235.63,238.45 2 1
github.com/muety/wakapi/models/summary.go:247.3,247.31 1 1
github.com/muety/wakapi/models/summary.go:254.3,254.31 1 1
github.com/muety/wakapi/models/summary.go:271.3,271.16 1 1
github.com/muety/wakapi/models/summary.go:238.45,239.32 1 1
github.com/muety/wakapi/models/summary.go:244.4,244.14 1 1
github.com/muety/wakapi/models/summary.go:239.32,240.24 1 1
github.com/muety/wakapi/models/summary.go:240.24,242.6 1 1
github.com/muety/wakapi/models/summary.go:247.31,249.60 1 1
github.com/muety/wakapi/models/summary.go:249.60,251.5 1 1
github.com/muety/wakapi/models/summary.go:254.31,256.60 1 1
github.com/muety/wakapi/models/summary.go:256.60,257.55 1 1
github.com/muety/wakapi/models/summary.go:257.55,259.6 1 1
github.com/muety/wakapi/models/summary.go:259.11,267.6 1 1
github.com/muety/wakapi/models/summary.go:285.57,286.30 1 1
github.com/muety/wakapi/models/summary.go:291.2,291.43 1 0
github.com/muety/wakapi/models/summary.go:286.30,287.28 1 1
github.com/muety/wakapi/models/summary.go:287.28,289.4 1 1
github.com/muety/wakapi/models/summary.go:294.50,298.2 1 1
github.com/muety/wakapi/models/summary.go:300.33,302.2 1 1
github.com/muety/wakapi/models/summary.go:304.43,306.2 1 1
github.com/muety/wakapi/models/summary.go:308.38,310.2 1 1
github.com/muety/wakapi/models/user.go:11.13,13.2 1 1
github.com/muety/wakapi/models/user.go:82.36,83.22 1 1
github.com/muety/wakapi/models/user.go:86.2,87.16 2 1
github.com/muety/wakapi/models/user.go:90.2,90.11 1 1
github.com/muety/wakapi/models/user.go:83.22,85.3 1 1
github.com/muety/wakapi/models/user.go:87.16,89.3 1 0
github.com/muety/wakapi/models/user.go:93.41,96.2 2 1
github.com/muety/wakapi/models/user.go:98.53,101.54 3 0
github.com/muety/wakapi/models/user.go:104.2,104.51 1 0
github.com/muety/wakapi/models/user.go:107.2,107.20 1 0
github.com/muety/wakapi/models/user.go:101.54,103.3 1 0
github.com/muety/wakapi/models/user.go:104.51,106.3 1 0
github.com/muety/wakapi/models/user.go:110.43,113.2 1 0
github.com/muety/wakapi/models/user.go:115.45,118.2 1 0
github.com/muety/wakapi/models/user.go:120.33,125.2 1 0
github.com/muety/wakapi/models/user.go:127.41,129.2 1 0
github.com/muety/wakapi/models/user.go:131.45,133.2 1 0
github.com/muety/wakapi/models/user.go:135.45,137.2 1 0
github.com/muety/wakapi/models/user.go:139.39,141.2 1 0
github.com/muety/wakapi/models/user.go:143.39,146.2 2 0
github.com/muety/wakapi/models/alias.go:18.32,20.2 1 0
github.com/muety/wakapi/models/alias.go:22.37,23.35 1 0
github.com/muety/wakapi/models/alias.go:28.2,28.14 1 0
github.com/muety/wakapi/models/alias.go:23.35,24.18 1 0
github.com/muety/wakapi/models/alias.go:24.18,26.4 1 0
github.com/muety/wakapi/models/duration.go:23.55,36.2 2 0
github.com/muety/wakapi/models/duration.go:38.39,40.16 2 0
github.com/muety/wakapi/models/duration.go:43.2,44.10 2 0
github.com/muety/wakapi/models/duration.go:40.16,42.3 1 0
github.com/muety/wakapi/models/duration.go:47.49,48.11 1 0
github.com/muety/wakapi/models/duration.go:61.2,61.15 1 0
github.com/muety/wakapi/models/duration.go:65.2,65.12 1 0
github.com/muety/wakapi/models/duration.go:49.22,50.18 1 0
github.com/muety/wakapi/models/duration.go:51.21,52.17 1 0
github.com/muety/wakapi/models/duration.go:53.23,54.19 1 0
github.com/muety/wakapi/models/duration.go:55.17,56.26 1 0
github.com/muety/wakapi/models/duration.go:57.22,58.18 1 0
github.com/muety/wakapi/models/duration.go:61.15,63.3 1 0
github.com/muety/wakapi/models/durations.go:7.30,9.2 1 0
github.com/muety/wakapi/models/durations.go:11.40,13.2 1 0
github.com/muety/wakapi/models/durations.go:15.35,17.2 1 0
github.com/muety/wakapi/models/durations.go:19.45,21.22 2 0
github.com/muety/wakapi/models/durations.go:24.2,24.14 1 0
github.com/muety/wakapi/models/durations.go:21.22,23.3 1 0
github.com/muety/wakapi/models/durations.go:27.39,30.2 2 0
github.com/muety/wakapi/models/durations.go:32.39,34.18 1 0
github.com/muety/wakapi/models/durations.go:37.2,37.16 1 0
github.com/muety/wakapi/models/durations.go:34.18,36.3 1 0
github.com/muety/wakapi/models/durations.go:40.38,42.18 1 0
github.com/muety/wakapi/models/durations.go:45.2,45.24 1 0
github.com/muety/wakapi/models/durations.go:42.18,44.3 1 0
github.com/muety/wakapi/models/heartbeat.go:33.34,35.2 1 1
github.com/muety/wakapi/models/heartbeat.go:37.65,39.46 2 1
github.com/muety/wakapi/models/heartbeat.go:39.46,40.108 1 1
github.com/muety/wakapi/models/heartbeat.go:40.108,43.4 2 1
github.com/muety/wakapi/models/heartbeat.go:47.50,48.11 1 1
github.com/muety/wakapi/models/heartbeat.go:61.2,61.15 1 1
github.com/muety/wakapi/models/heartbeat.go:65.2,65.12 1 1
github.com/muety/wakapi/models/heartbeat.go:49.22,50.18 1 1
github.com/muety/wakapi/models/heartbeat.go:51.21,52.17 1 1
github.com/muety/wakapi/models/heartbeat.go:53.23,54.19 1 1
github.com/muety/wakapi/models/heartbeat.go:55.17,56.26 1 1
github.com/muety/wakapi/models/heartbeat.go:57.22,58.18 1 1
github.com/muety/wakapi/models/heartbeat.go:61.15,63.3 1 1
github.com/muety/wakapi/models/heartbeat.go:68.37,84.2 1 0
github.com/muety/wakapi/models/heartbeat.go:92.41,94.16 2 0
github.com/muety/wakapi/models/heartbeat.go:97.2,98.10 2 0
github.com/muety/wakapi/models/heartbeat.go:94.16,96.3 1 0
github.com/muety/wakapi/models/project_label.go:14.39,16.2 1 0
github.com/muety/wakapi/models/mail_address.go:15.13,18.2 2 1
github.com/muety/wakapi/models/mail_address.go:24.38,26.2 1 0
github.com/muety/wakapi/models/mail_address.go:28.35,30.21 2 1
github.com/muety/wakapi/models/mail_address.go:36.2,36.11 1 1
github.com/muety/wakapi/models/mail_address.go:30.21,31.21 1 1
github.com/muety/wakapi/models/mail_address.go:34.3,34.18 1 1
github.com/muety/wakapi/models/mail_address.go:31.21,33.4 1 1
github.com/muety/wakapi/models/mail_address.go:39.35,41.2 1 1
github.com/muety/wakapi/models/mail_address.go:43.43,45.22 2 0
github.com/muety/wakapi/models/mail_address.go:48.2,48.12 1 0
github.com/muety/wakapi/models/mail_address.go:45.22,47.3 1 0
github.com/muety/wakapi/models/mail_address.go:51.46,53.22 2 1
github.com/muety/wakapi/models/mail_address.go:56.2,56.12 1 1
github.com/muety/wakapi/models/mail_address.go:53.22,55.3 1 1
github.com/muety/wakapi/models/mail_address.go:59.40,60.22 1 1
github.com/muety/wakapi/models/mail_address.go:65.2,65.13 1 1
github.com/muety/wakapi/models/mail_address.go:60.22,61.17 1 1
github.com/muety/wakapi/models/mail_address.go:61.17,63.4 1 1
github.com/muety/wakapi/models/models.go:3.14,5.2 0 1
github.com/muety/wakapi/models/shared.go:35.52,37.2 1 0
github.com/muety/wakapi/models/shared.go:39.52,42.16 3 0
github.com/muety/wakapi/models/shared.go:45.2,47.12 3 0
github.com/muety/wakapi/models/shared.go:42.16,44.3 1 0
github.com/muety/wakapi/models/shared.go:50.52,56.22 2 0
github.com/muety/wakapi/models/shared.go:71.2,74.12 3 0
github.com/muety/wakapi/models/shared.go:57.14,61.17 2 0
github.com/muety/wakapi/models/shared.go:64.17,66.8 2 0
github.com/muety/wakapi/models/shared.go:67.10,68.64 1 0
github.com/muety/wakapi/models/shared.go:61.17,63.4 1 0
github.com/muety/wakapi/models/shared.go:77.51,80.2 2 0
github.com/muety/wakapi/models/shared.go:82.45,84.2 1 0
github.com/muety/wakapi/models/shared.go:86.37,88.2 1 0
github.com/muety/wakapi/models/shared.go:90.35,92.2 1 0
github.com/muety/wakapi/models/shared.go:94.34,96.2 1 0
github.com/muety/wakapi/models/filters.go:20.33,22.2 1 1
github.com/muety/wakapi/models/filters.go:24.48,25.22 1 1
github.com/muety/wakapi/models/filters.go:30.2,30.14 1 1
github.com/muety/wakapi/models/filters.go:25.22,26.18 1 1
github.com/muety/wakapi/models/filters.go:26.18,28.4 1 1
github.com/muety/wakapi/models/filters.go:38.56,40.2 1 1
github.com/muety/wakapi/models/filters.go:42.66,45.2 2 1
github.com/muety/wakapi/models/filters.go:47.59,49.2 1 1
github.com/muety/wakapi/models/filters.go:51.70,52.16 1 1
github.com/muety/wakapi/models/filters.go:66.2,66.10 1 1
github.com/muety/wakapi/models/filters.go:53.22,54.41 1 1
github.com/muety/wakapi/models/filters.go:55.17,56.31 1 0
github.com/muety/wakapi/models/filters.go:57.23,58.43 1 1
github.com/muety/wakapi/models/filters.go:59.21,60.39 1 0
github.com/muety/wakapi/models/filters.go:61.22,62.41 1 0
github.com/muety/wakapi/models/filters.go:63.20,64.37 1 1
github.com/muety/wakapi/models/filters.go:69.49,70.44 1 1
github.com/muety/wakapi/models/filters.go:83.2,83.29 1 1
github.com/muety/wakapi/models/filters.go:70.44,72.3 1 1
github.com/muety/wakapi/models/filters.go:72.8,72.41 1 1
github.com/muety/wakapi/models/filters.go:72.41,74.3 1 0
github.com/muety/wakapi/models/filters.go:74.8,74.53 1 1
github.com/muety/wakapi/models/filters.go:74.53,76.3 1 1
github.com/muety/wakapi/models/filters.go:76.8,76.49 1 1
github.com/muety/wakapi/models/filters.go:76.49,78.3 1 0
github.com/muety/wakapi/models/filters.go:78.8,78.51 1 1
github.com/muety/wakapi/models/filters.go:78.51,80.3 1 0
github.com/muety/wakapi/models/filters.go:80.8,80.47 1 1
github.com/muety/wakapi/models/filters.go:80.47,82.3 1 0
github.com/muety/wakapi/models/filters.go:86.46,87.30 1 1
github.com/muety/wakapi/models/filters.go:90.2,90.24 1 0
github.com/muety/wakapi/models/filters.go:87.30,89.3 1 1
github.com/muety/wakapi/models/filters.go:93.34,96.2 2 1
github.com/muety/wakapi/models/filters.go:98.33,100.16 2 0
github.com/muety/wakapi/models/filters.go:103.2,103.32 1 0
github.com/muety/wakapi/models/filters.go:100.16,102.3 1 0
github.com/muety/wakapi/models/filters.go:106.44,112.2 1 1
github.com/muety/wakapi/models/filters.go:115.70,116.22 1 1
github.com/muety/wakapi/models/filters.go:124.2,124.17 1 1
github.com/muety/wakapi/models/filters.go:132.2,132.23 1 1
github.com/muety/wakapi/models/filters.go:140.2,140.21 1 1
github.com/muety/wakapi/models/filters.go:148.2,148.22 1 1
github.com/muety/wakapi/models/filters.go:156.2,156.10 1 1
github.com/muety/wakapi/models/filters.go:116.22,118.31 2 1
github.com/muety/wakapi/models/filters.go:122.3,122.22 1 1
github.com/muety/wakapi/models/filters.go:118.31,121.4 2 1
github.com/muety/wakapi/models/filters.go:124.17,126.26 2 0
github.com/muety/wakapi/models/filters.go:130.3,130.17 1 0
github.com/muety/wakapi/models/filters.go:126.26,129.4 2 0
github.com/muety/wakapi/models/filters.go:132.23,134.32 2 1
github.com/muety/wakapi/models/filters.go:138.3,138.23 1 1
github.com/muety/wakapi/models/filters.go:134.32,137.4 2 1
github.com/muety/wakapi/models/filters.go:140.21,142.30 2 0
github.com/muety/wakapi/models/filters.go:146.3,146.21 1 0
github.com/muety/wakapi/models/filters.go:142.30,145.4 2 0
github.com/muety/wakapi/models/filters.go:148.22,150.31 2 0
github.com/muety/wakapi/models/filters.go:154.3,154.22 1 0
github.com/muety/wakapi/models/filters.go:150.31,153.4 2 0
github.com/muety/wakapi/models/filters.go:159.83,160.41 1 1
github.com/muety/wakapi/models/filters.go:163.2,163.28 1 1
github.com/muety/wakapi/models/filters.go:166.2,166.10 1 1
github.com/muety/wakapi/models/filters.go:160.41,162.3 1 0
github.com/muety/wakapi/models/filters.go:163.28,165.3 1 1
github.com/muety/wakapi/models/interval.go:39.47,40.23 1 0
github.com/muety/wakapi/models/interval.go:45.2,45.14 1 0
github.com/muety/wakapi/models/interval.go:40.23,41.13 1 0
github.com/muety/wakapi/models/interval.go:41.13,43.4 1 0
github.com/muety/wakapi/models/mail.go:19.44,23.2 3 0
github.com/muety/wakapi/models/mail.go:25.44,29.2 3 0
github.com/muety/wakapi/models/mail.go:31.32,44.2 1 0
github.com/muety/wakapi/models/mail.go:46.41,48.2 1 0
github.com/muety/wakapi/middlewares/authenticate.go:30.91,36.2 1 1
github.com/muety/wakapi/middlewares/authenticate.go:38.90,41.2 2 0
github.com/muety/wakapi/middlewares/authenticate.go:43.90,46.2 2 0
github.com/muety/wakapi/middlewares/authenticate.go:48.71,49.71 1 0
github.com/muety/wakapi/middlewares/authenticate.go:49.71,51.3 1 0
github.com/muety/wakapi/middlewares/authenticate.go:54.107,58.16 3 0
github.com/muety/wakapi/middlewares/authenticate.go:61.2,61.16 1 0
github.com/muety/wakapi/middlewares/authenticate.go:65.2,65.31 1 0
github.com/muety/wakapi/middlewares/authenticate.go:81.2,82.12 2 0
github.com/muety/wakapi/middlewares/authenticate.go:58.16,60.3 1 0
github.com/muety/wakapi/middlewares/authenticate.go:61.16,63.3 1 0
github.com/muety/wakapi/middlewares/authenticate.go:65.31,66.31 1 0
github.com/muety/wakapi/middlewares/authenticate.go:71.3,71.29 1 0
github.com/muety/wakapi/middlewares/authenticate.go:78.3,78.9 1 0
github.com/muety/wakapi/middlewares/authenticate.go:66.31,69.4 2 0
github.com/muety/wakapi/middlewares/authenticate.go:71.29,74.4 2 0
github.com/muety/wakapi/middlewares/authenticate.go:74.9,77.4 2 0
github.com/muety/wakapi/middlewares/authenticate.go:85.70,86.39 1 0
github.com/muety/wakapi/middlewares/authenticate.go:91.2,91.14 1 0
github.com/muety/wakapi/middlewares/authenticate.go:86.39,87.60 1 0
github.com/muety/wakapi/middlewares/authenticate.go:87.60,89.4 1 0
github.com/muety/wakapi/middlewares/authenticate.go:94.98,96.16 2 1
github.com/muety/wakapi/middlewares/authenticate.go:100.2,103.16 4 1
github.com/muety/wakapi/middlewares/authenticate.go:106.2,106.18 1 1
github.com/muety/wakapi/middlewares/authenticate.go:96.16,98.3 1 1
github.com/muety/wakapi/middlewares/authenticate.go:103.16,105.3 1 0
github.com/muety/wakapi/middlewares/authenticate.go:109.97,113.19 4 1
github.com/muety/wakapi/middlewares/authenticate.go:116.2,117.16 2 1
github.com/muety/wakapi/middlewares/authenticate.go:120.2,120.18 1 1
github.com/muety/wakapi/middlewares/authenticate.go:113.19,115.3 1 1
github.com/muety/wakapi/middlewares/authenticate.go:117.16,119.3 1 0
github.com/muety/wakapi/middlewares/authenticate.go:123.92,125.16 2 0
github.com/muety/wakapi/middlewares/authenticate.go:129.2,130.16 2 0
github.com/muety/wakapi/middlewares/authenticate.go:137.2,137.18 1 0
github.com/muety/wakapi/middlewares/authenticate.go:125.16,127.3 1 0
github.com/muety/wakapi/middlewares/authenticate.go:130.16,132.3 1 0
github.com/muety/wakapi/middlewares/filetype.go:13.83,14.43 1 0
github.com/muety/wakapi/middlewares/filetype.go:14.43,19.3 1 0
github.com/muety/wakapi/middlewares/filetype.go:22.84,24.34 2 0
github.com/muety/wakapi/middlewares/filetype.go:31.2,31.27 1 0
github.com/muety/wakapi/middlewares/filetype.go:24.34,25.50 1 0
github.com/muety/wakapi/middlewares/filetype.go:25.50,29.4 3 0
github.com/muety/wakapi/middlewares/logging.go:20.102,21.43 1 0
github.com/muety/wakapi/middlewares/logging.go:21.43,27.3 1 0
github.com/muety/wakapi/middlewares/logging.go:30.80,39.44 7 0
github.com/muety/wakapi/middlewares/logging.go:45.2,54.3 1 0
github.com/muety/wakapi/middlewares/logging.go:39.44,40.38 1 0
github.com/muety/wakapi/middlewares/logging.go:40.38,42.4 1 0
github.com/muety/wakapi/middlewares/logging.go:57.41,59.14 2 0
github.com/muety/wakapi/middlewares/logging.go:62.2,62.14 1 0
github.com/muety/wakapi/middlewares/logging.go:65.2,65.11 1 0
github.com/muety/wakapi/middlewares/logging.go:59.14,61.3 1 0
github.com/muety/wakapi/middlewares/logging.go:62.14,64.3 1 0
github.com/muety/wakapi/middlewares/logging.go:68.41,69.42 1 0
github.com/muety/wakapi/middlewares/logging.go:72.2,72.12 1 0
github.com/muety/wakapi/middlewares/logging.go:69.42,71.3 1 0
github.com/muety/wakapi/middlewares/logging.go:103.52,105.2 1 0
github.com/muety/wakapi/middlewares/logging.go:117.45,118.20 1 0
github.com/muety/wakapi/middlewares/logging.go:118.20,122.3 3 0
github.com/muety/wakapi/middlewares/logging.go:124.54,127.18 3 0
github.com/muety/wakapi/middlewares/logging.go:134.2,135.15 2 0
github.com/muety/wakapi/middlewares/logging.go:127.18,130.17 2 0
github.com/muety/wakapi/middlewares/logging.go:130.17,132.4 1 0
github.com/muety/wakapi/middlewares/logging.go:137.42,138.20 1 0
github.com/muety/wakapi/middlewares/logging.go:138.20,140.3 1 0
github.com/muety/wakapi/middlewares/logging.go:142.36,144.2 1 0
github.com/muety/wakapi/middlewares/logging.go:145.42,147.2 1 0
github.com/muety/wakapi/middlewares/logging.go:148.40,150.2 1 0
github.com/muety/wakapi/middlewares/logging.go:151.52,153.2 1 0
github.com/muety/wakapi/middlewares/principal.go:15.62,17.2 1 0
github.com/muety/wakapi/middlewares/principal.go:19.58,21.2 1 0
github.com/muety/wakapi/middlewares/principal.go:42.71,43.43 1 0
github.com/muety/wakapi/middlewares/principal.go:43.43,45.3 1 0
github.com/muety/wakapi/middlewares/principal.go:48.81,51.2 2 0
github.com/muety/wakapi/middlewares/principal.go:53.55,54.52 1 0
github.com/muety/wakapi/middlewares/principal.go:54.52,56.3 1 0
github.com/muety/wakapi/middlewares/principal.go:59.49,60.52 1 0
github.com/muety/wakapi/middlewares/principal.go:63.2,63.12 1 0
github.com/muety/wakapi/middlewares/principal.go:60.52,62.3 1 0
github.com/muety/wakapi/middlewares/security.go:19.62,20.43 1 0
github.com/muety/wakapi/middlewares/security.go:20.43,22.3 1 0
github.com/muety/wakapi/middlewares/security.go:25.80,26.36 1 0
github.com/muety/wakapi/middlewares/security.go:31.2,31.27 1 0
github.com/muety/wakapi/middlewares/security.go:26.36,27.30 1 0
github.com/muety/wakapi/middlewares/security.go:27.30,29.4 1 0
github.com/muety/wakapi/middlewares/sentry.go:15.60,16.43 1 0
github.com/muety/wakapi/middlewares/sentry.go:16.43,20.3 1 0
github.com/muety/wakapi/middlewares/sentry.go:23.78,26.54 3 0
github.com/muety/wakapi/middlewares/sentry.go:26.54,27.43 1 0
github.com/muety/wakapi/middlewares/sentry.go:27.43,29.4 1 0
github.com/muety/wakapi/config/config.go:154.70,156.2 1 0
github.com/muety/wakapi/config/config.go:158.65,160.2 1 0
github.com/muety/wakapi/config/config.go:162.82,172.2 1 0
github.com/muety/wakapi/config/config.go:174.31,176.2 1 0
github.com/muety/wakapi/config/config.go:178.32,180.2 1 0
github.com/muety/wakapi/config/config.go:182.74,183.19 1 0
github.com/muety/wakapi/config/config.go:184.10,185.34 1 0
github.com/muety/wakapi/config/config.go:185.34,186.90 1 0
github.com/muety/wakapi/config/config.go:189.4,189.100 1 0
github.com/muety/wakapi/config/config.go:192.4,192.91 1 0
github.com/muety/wakapi/config/config.go:195.4,195.95 1 0
github.com/muety/wakapi/config/config.go:198.4,198.93 1 0
github.com/muety/wakapi/config/config.go:201.4,201.97 1 0
github.com/muety/wakapi/config/config.go:204.4,204.101 1 0
github.com/muety/wakapi/config/config.go:207.4,207.98 1 0
github.com/muety/wakapi/config/config.go:210.4,210.97 1 0
github.com/muety/wakapi/config/config.go:213.4,213.14 1 0
github.com/muety/wakapi/config/config.go:186.90,188.5 1 0
github.com/muety/wakapi/config/config.go:189.100,191.5 1 0
github.com/muety/wakapi/config/config.go:192.91,194.5 1 0
github.com/muety/wakapi/config/config.go:195.95,197.5 1 0
github.com/muety/wakapi/config/config.go:198.93,200.5 1 0
github.com/muety/wakapi/config/config.go:201.97,203.5 1 0
github.com/muety/wakapi/config/config.go:204.101,206.5 1 0
github.com/muety/wakapi/config/config.go:207.98,209.5 1 0
github.com/muety/wakapi/config/config.go:210.97,212.5 1 0
github.com/muety/wakapi/config/config.go:218.60,220.2 1 0
github.com/muety/wakapi/config/config.go:222.59,224.2 1 0
github.com/muety/wakapi/config/config.go:226.57,228.2 1 0
github.com/muety/wakapi/config/config.go:230.53,232.2 1 0
github.com/muety/wakapi/config/config.go:234.55,237.2 2 0
github.com/muety/wakapi/config/config.go:239.50,241.2 1 0
github.com/muety/wakapi/config/config.go:243.36,245.2 1 0
github.com/muety/wakapi/config/config.go:247.35,249.2 1 0
github.com/muety/wakapi/config/config.go:251.38,253.2 1 0
github.com/muety/wakapi/config/config.go:255.46,257.2 1 0
github.com/muety/wakapi/config/config.go:259.43,261.2 1 0
github.com/muety/wakapi/config/config.go:263.29,265.2 1 1
github.com/muety/wakapi/config/config.go:267.48,278.16 2 0
github.com/muety/wakapi/config/config.go:282.2,283.53 2 0
github.com/muety/wakapi/config/config.go:287.2,287.15 1 0
github.com/muety/wakapi/config/config.go:278.16,280.3 1 0
github.com/muety/wakapi/config/config.go:283.53,285.3 1 0
github.com/muety/wakapi/config/config.go:290.38,291.43 1 0
github.com/muety/wakapi/config/config.go:294.2,294.15 1 0
github.com/muety/wakapi/config/config.go:291.43,293.3 1 0
github.com/muety/wakapi/config/config.go:297.45,298.27 1 0
github.com/muety/wakapi/config/config.go:301.2,301.24 1 0
github.com/muety/wakapi/config/config.go:304.2,304.25 1 0
github.com/muety/wakapi/config/config.go:307.2,307.15 1 0
github.com/muety/wakapi/config/config.go:298.27,300.3 1 0
github.com/muety/wakapi/config/config.go:301.24,303.3 1 0
github.com/muety/wakapi/config/config.go:304.25,306.3 1 0
github.com/muety/wakapi/config/config.go:310.77,311.29 1 0
github.com/muety/wakapi/config/config.go:316.2,316.19 1 0
github.com/muety/wakapi/config/config.go:311.29,312.18 1 0
github.com/muety/wakapi/config/config.go:312.18,314.4 1 0
github.com/muety/wakapi/config/config.go:319.42,320.28 1 0
github.com/muety/wakapi/config/config.go:336.2,336.20 1 0
github.com/muety/wakapi/config/config.go:321.52,322.21 1 0
github.com/muety/wakapi/config/config.go:323.53,324.22 1 0
github.com/muety/wakapi/config/config.go:325.55,326.24 1 0
github.com/muety/wakapi/config/config.go:327.54,328.23 1 0
github.com/muety/wakapi/config/config.go:329.52,330.21 1 0
github.com/muety/wakapi/config/config.go:331.54,332.23 1 0
github.com/muety/wakapi/config/config.go:333.52,334.21 1 0
github.com/muety/wakapi/config/config.go:339.26,341.2 1 0
github.com/muety/wakapi/config/config.go:343.20,345.2 1 0
github.com/muety/wakapi/config/config.go:347.35,352.96 3 0
github.com/muety/wakapi/config/config.go:356.2,365.52 6 0
github.com/muety/wakapi/config/config.go:369.2,369.47 1 0
github.com/muety/wakapi/config/config.go:375.2,375.29 1 0
github.com/muety/wakapi/config/config.go:381.2,381.106 1 0
github.com/muety/wakapi/config/config.go:384.2,384.28 1 0
github.com/muety/wakapi/config/config.go:387.2,387.51 1 0
github.com/muety/wakapi/config/config.go:391.2,391.94 1 0
github.com/muety/wakapi/config/config.go:394.2,394.81 1 0
github.com/muety/wakapi/config/config.go:397.2,397.75 1 0
github.com/muety/wakapi/config/config.go:401.2,402.14 2 0
github.com/muety/wakapi/config/config.go:352.96,354.3 1 0
github.com/muety/wakapi/config/config.go:365.52,367.3 1 0
github.com/muety/wakapi/config/config.go:369.47,370.14 1 0
github.com/muety/wakapi/config/config.go:370.14,372.4 1 0
github.com/muety/wakapi/config/config.go:375.29,378.3 2 0
github.com/muety/wakapi/config/config.go:381.106,383.3 1 0
github.com/muety/wakapi/config/config.go:384.28,386.3 1 0
github.com/muety/wakapi/config/config.go:387.51,390.3 2 0
github.com/muety/wakapi/config/config.go:391.94,393.3 1 0
github.com/muety/wakapi/config/config.go:394.81,396.3 1 0
github.com/muety/wakapi/config/config.go:397.75,399.3 1 0
github.com/muety/wakapi/config/db.go:39.50,40.19 1 0
github.com/muety/wakapi/config/db.go:53.2,53.12 1 0
github.com/muety/wakapi/config/db.go:41.23,45.5 1 0
github.com/muety/wakapi/config/db.go:46.26,49.5 1 0
github.com/muety/wakapi/config/db.go:50.24,51.48 1 0
github.com/muety/wakapi/config/db.go:56.53,66.2 1 1
github.com/muety/wakapi/config/db.go:68.56,70.16 2 1
github.com/muety/wakapi/config/db.go:74.2,81.3 1 1
github.com/muety/wakapi/config/db.go:70.16,72.3 1 0
github.com/muety/wakapi/config/db.go:84.54,86.2 1 1
github.com/muety/wakapi/config/eventbus.go:26.13,28.2 1 1
github.com/muety/wakapi/config/eventbus.go:30.26,32.2 1 0
github.com/muety/wakapi/config/fs.go:9.56,10.19 1 0
github.com/muety/wakapi/config/fs.go:13.2,13.19 1 0
github.com/muety/wakapi/config/fs.go:10.19,12.3 1 0
github.com/muety/wakapi/config/sentry.go:22.35,24.2 1 0
github.com/muety/wakapi/config/sentry.go:26.62,29.2 2 0
github.com/muety/wakapi/config/sentry.go:39.33,46.2 2 0
github.com/muety/wakapi/config/sentry.go:48.79,51.2 2 0
github.com/muety/wakapi/config/sentry.go:53.72,57.2 3 0
github.com/muety/wakapi/config/sentry.go:59.71,63.2 3 0
github.com/muety/wakapi/config/sentry.go:65.71,69.2 3 0
github.com/muety/wakapi/config/sentry.go:71.72,75.2 3 0
github.com/muety/wakapi/config/sentry.go:77.72,81.2 3 0
github.com/muety/wakapi/config/sentry.go:83.67,88.18 4 0
github.com/muety/wakapi/config/sentry.go:100.2,100.28 1 0
github.com/muety/wakapi/config/sentry.go:88.18,89.65 1 0
github.com/muety/wakapi/config/sentry.go:89.65,92.42 3 0
github.com/muety/wakapi/config/sentry.go:95.4,96.10 2 0
github.com/muety/wakapi/config/sentry.go:92.42,94.5 1 0
github.com/muety/wakapi/config/sentry.go:110.50,114.91 1 0
github.com/muety/wakapi/config/sentry.go:114.91,115.29 1 0
github.com/muety/wakapi/config/sentry.go:119.4,122.38 3 0
github.com/muety/wakapi/config/sentry.go:127.4,127.39 1 0
github.com/muety/wakapi/config/sentry.go:130.4,130.69 1 0
github.com/muety/wakapi/config/sentry.go:115.29,117.5 1 0
github.com/muety/wakapi/config/sentry.go:122.38,123.38 1 0
github.com/muety/wakapi/config/sentry.go:123.38,125.6 1 0
github.com/muety/wakapi/config/sentry.go:127.39,129.5 1 0
github.com/muety/wakapi/config/sentry.go:132.79,133.27 1 0
github.com/muety/wakapi/config/sentry.go:140.4,140.16 1 0
github.com/muety/wakapi/config/sentry.go:133.27,134.84 1 0
github.com/muety/wakapi/config/sentry.go:134.84,135.42 1 0
github.com/muety/wakapi/config/sentry.go:135.42,137.7 1 0
github.com/muety/wakapi/config/sentry.go:142.17,144.3 1 0
github.com/muety/wakapi/config/sentry.go:147.49,151.51 2 0
github.com/muety/wakapi/config/sentry.go:154.2,154.12 1 0
github.com/muety/wakapi/config/sentry.go:151.51,153.3 1 0
github.com/muety/wakapi/config/utils.go:5.78,7.22 2 0
github.com/muety/wakapi/config/utils.go:13.2,13.11 1 0
github.com/muety/wakapi/config/utils.go:7.22,8.18 1 0
github.com/muety/wakapi/config/utils.go:11.3,11.12 1 0
github.com/muety/wakapi/config/utils.go:8.18,10.4 1 0
github.com/muety/wakapi/utils/auth.go:16.79,18.54 2 0
github.com/muety/wakapi/utils/auth.go:22.2,24.16 3 0
github.com/muety/wakapi/utils/auth.go:28.2,30.45 3 0
github.com/muety/wakapi/utils/auth.go:33.2,34.32 2 0
github.com/muety/wakapi/utils/auth.go:18.54,20.3 1 0
github.com/muety/wakapi/utils/auth.go:24.16,26.3 1 0
github.com/muety/wakapi/utils/auth.go:30.45,32.3 1 0
github.com/muety/wakapi/utils/auth.go:37.65,39.85 2 0
github.com/muety/wakapi/utils/auth.go:43.2,44.30 2 0
github.com/muety/wakapi/utils/auth.go:39.85,41.3 1 0
github.com/muety/wakapi/utils/auth.go:47.94,49.16 2 0
github.com/muety/wakapi/utils/auth.go:53.2,53.107 1 0
github.com/muety/wakapi/utils/auth.go:57.2,57.22 1 0
github.com/muety/wakapi/utils/auth.go:49.16,51.3 1 0
github.com/muety/wakapi/utils/auth.go:53.107,55.3 1 0
github.com/muety/wakapi/utils/auth.go:60.56,64.2 3 0
github.com/muety/wakapi/utils/auth.go:66.55,69.16 3 0
github.com/muety/wakapi/utils/auth.go:72.2,72.16 1 0
github.com/muety/wakapi/utils/auth.go:69.16,71.3 1 0
github.com/muety/wakapi/utils/collection.go:3.59,5.22 2 0
github.com/muety/wakapi/utils/collection.go:8.2,8.15 1 0
github.com/muety/wakapi/utils/collection.go:5.22,7.3 1 0
github.com/muety/wakapi/utils/common.go:18.73,19.58 1 0
github.com/muety/wakapi/utils/common.go:22.2,22.87 1 0
github.com/muety/wakapi/utils/common.go:25.2,25.64 1 0
github.com/muety/wakapi/utils/common.go:19.58,21.3 1 0
github.com/muety/wakapi/utils/common.go:22.87,24.3 1 0
github.com/muety/wakapi/utils/common.go:28.40,30.2 1 0
github.com/muety/wakapi/utils/common.go:32.44,34.2 1 0
github.com/muety/wakapi/utils/common.go:36.49,38.2 1 0
github.com/muety/wakapi/utils/common.go:40.45,42.2 1 0
github.com/muety/wakapi/utils/common.go:44.24,46.2 1 0
github.com/muety/wakapi/utils/common.go:48.56,51.45 3 1
github.com/muety/wakapi/utils/common.go:54.2,54.40 1 1
github.com/muety/wakapi/utils/common.go:51.45,53.3 1 1
github.com/muety/wakapi/utils/db.go:8.34,9.37 1 0
github.com/muety/wakapi/utils/db.go:17.2,18.14 2 0
github.com/muety/wakapi/utils/db.go:9.37,11.110 2 0
github.com/muety/wakapi/utils/db.go:15.3,15.20 1 0
github.com/muety/wakapi/utils/db.go:11.110,14.4 2 0
github.com/muety/wakapi/utils/db.go:21.39,22.37 1 0
github.com/muety/wakapi/utils/db.go:30.2,31.14 2 0
github.com/muety/wakapi/utils/db.go:22.37,24.119 2 0
github.com/muety/wakapi/utils/db.go:28.3,28.20 1 0
github.com/muety/wakapi/utils/db.go:24.119,27.4 2 0
github.com/muety/wakapi/utils/set.go:3.51,5.26 2 0
github.com/muety/wakapi/utils/set.go:8.2,8.12 1 0
github.com/muety/wakapi/utils/set.go:5.26,7.3 1 0
github.com/muety/wakapi/utils/set.go:11.49,13.21 2 0
github.com/muety/wakapi/utils/set.go:16.2,16.14 1 0
github.com/muety/wakapi/utils/set.go:13.21,15.3 1 0
github.com/muety/wakapi/utils/strings.go:8.34,10.2 1 0
github.com/muety/wakapi/utils/strings.go:12.77,13.29 1 0
github.com/muety/wakapi/utils/strings.go:18.2,18.19 1 0
github.com/muety/wakapi/utils/strings.go:13.29,14.18 1 0
github.com/muety/wakapi/utils/strings.go:14.18,16.4 1 0
github.com/muety/wakapi/utils/color.go:8.90,10.32 2 0
github.com/muety/wakapi/utils/color.go:15.2,15.15 1 0
github.com/muety/wakapi/utils/color.go:10.32,11.50 1 0
github.com/muety/wakapi/utils/color.go:11.50,13.4 1 0
github.com/muety/wakapi/utils/date.go:8.43,10.2 1 1
github.com/muety/wakapi/utils/date.go:12.48,14.2 1 0
github.com/muety/wakapi/utils/date.go:16.41,18.21 2 1
github.com/muety/wakapi/utils/date.go:21.2,21.23 1 1
github.com/muety/wakapi/utils/date.go:18.21,20.3 1 0
github.com/muety/wakapi/utils/date.go:24.46,26.2 1 0
github.com/muety/wakapi/utils/date.go:28.51,30.2 1 0
github.com/muety/wakapi/utils/date.go:32.44,35.2 2 1
github.com/muety/wakapi/utils/date.go:37.52,39.2 1 0
github.com/muety/wakapi/utils/date.go:41.45,43.2 1 0
github.com/muety/wakapi/utils/date.go:45.51,47.2 1 0
github.com/muety/wakapi/utils/date.go:49.44,51.2 1 0
github.com/muety/wakapi/utils/date.go:54.42,56.2 1 1
github.com/muety/wakapi/utils/date.go:59.46,61.2 1 0
github.com/muety/wakapi/utils/date.go:64.41,66.21 2 1
github.com/muety/wakapi/utils/date.go:69.2,69.36 1 1
github.com/muety/wakapi/utils/date.go:66.21,68.3 1 1
github.com/muety/wakapi/utils/date.go:73.63,75.2 1 0
github.com/muety/wakapi/utils/date.go:78.62,84.2 5 0
github.com/muety/wakapi/utils/date.go:87.67,90.33 2 1
github.com/muety/wakapi/utils/date.go:99.2,99.18 1 1
github.com/muety/wakapi/utils/date.go:90.33,92.19 2 1
github.com/muety/wakapi/utils/date.go:95.3,96.10 2 1
github.com/muety/wakapi/utils/date.go:92.19,94.4 1 1
github.com/muety/wakapi/utils/date.go:102.50,108.2 5 0
github.com/muety/wakapi/utils/date.go:111.79,114.36 3 1
github.com/muety/wakapi/utils/date.go:118.2,118.21 1 1
github.com/muety/wakapi/utils/date.go:122.2,122.21 1 1
github.com/muety/wakapi/utils/date.go:126.2,126.13 1 1
github.com/muety/wakapi/utils/date.go:114.36,117.3 2 0
github.com/muety/wakapi/utils/date.go:118.21,121.3 2 1
github.com/muety/wakapi/utils/date.go:122.21,125.3 2 1
github.com/muety/wakapi/utils/http.go:9.90,12.58 3 0
github.com/muety/wakapi/utils/http.go:12.58,14.3 1 0
github.com/muety/wakapi/utils/summary.go:10.66,11.40 1 0
github.com/muety/wakapi/utils/summary.go:16.2,16.48 1 0
github.com/muety/wakapi/utils/summary.go:11.40,12.27 1 0
github.com/muety/wakapi/utils/summary.go:12.27,14.4 1 0
github.com/muety/wakapi/utils/summary.go:19.88,22.2 2 0
github.com/muety/wakapi/utils/summary.go:24.95,26.16 2 0
github.com/muety/wakapi/utils/summary.go:29.2,29.38 1 0
github.com/muety/wakapi/utils/summary.go:26.16,28.3 1 0
github.com/muety/wakapi/utils/summary.go:32.105,36.18 3 0
github.com/muety/wakapi/utils/summary.go:71.2,71.22 1 0
github.com/muety/wakapi/utils/summary.go:37.28,38.26 1 0
github.com/muety/wakapi/utils/summary.go:39.32,41.24 2 0
github.com/muety/wakapi/utils/summary.go:42.31,43.29 1 0
github.com/muety/wakapi/utils/summary.go:44.31,46.27 2 0
github.com/muety/wakapi/utils/summary.go:47.32,48.30 1 0
github.com/muety/wakapi/utils/summary.go:49.32,51.28 2 0
github.com/muety/wakapi/utils/summary.go:52.31,53.29 1 0
github.com/muety/wakapi/utils/summary.go:54.32,55.31 1 0
github.com/muety/wakapi/utils/summary.go:56.41,58.42 2 0
github.com/muety/wakapi/utils/summary.go:59.33,60.32 1 0
github.com/muety/wakapi/utils/summary.go:61.33,62.32 1 0
github.com/muety/wakapi/utils/summary.go:63.35,64.32 1 0
github.com/muety/wakapi/utils/summary.go:65.26,66.21 1 0
github.com/muety/wakapi/utils/summary.go:67.10,68.39 1 0
github.com/muety/wakapi/utils/summary.go:74.73,81.56 5 0
github.com/muety/wakapi/utils/summary.go:97.2,104.8 2 0
github.com/muety/wakapi/utils/summary.go:81.56,83.3 1 0
github.com/muety/wakapi/utils/summary.go:83.8,83.54 1 0
github.com/muety/wakapi/utils/summary.go:83.54,85.3 1 0
github.com/muety/wakapi/utils/summary.go:85.8,87.17 2 0
github.com/muety/wakapi/utils/summary.go:91.3,92.17 2 0
github.com/muety/wakapi/utils/summary.go:87.17,89.4 1 0
github.com/muety/wakapi/utils/summary.go:92.17,94.4 1 0
github.com/muety/wakapi/utils/summary.go:107.48,111.51 2 0
github.com/muety/wakapi/utils/summary.go:114.2,114.12 1 0
github.com/muety/wakapi/utils/summary.go:111.51,113.3 1 0
github.com/muety/wakapi/utils/template.go:13.41,15.16 2 0
github.com/muety/wakapi/utils/template.go:18.2,18.23 1 0
github.com/muety/wakapi/utils/template.go:15.16,17.3 1 0
github.com/muety/wakapi/utils/template.go:21.37,22.30 1 0
github.com/muety/wakapi/utils/template.go:25.2,25.10 1 0
github.com/muety/wakapi/utils/template.go:22.30,24.3 1 0
github.com/muety/wakapi/utils/template.go:28.83,33.16 4 0
github.com/muety/wakapi/utils/template.go:37.2,37.29 1 0
github.com/muety/wakapi/utils/template.go:62.2,62.23 1 0
github.com/muety/wakapi/utils/template.go:33.16,35.3 1 0
github.com/muety/wakapi/utils/template.go:37.29,39.51 2 0
github.com/muety/wakapi/utils/template.go:43.3,44.17 2 0
github.com/muety/wakapi/utils/template.go:47.3,48.17 2 0
github.com/muety/wakapi/utils/template.go:52.3,55.17 3 0
github.com/muety/wakapi/utils/template.go:59.3,59.27 1 0
github.com/muety/wakapi/utils/template.go:39.51,40.12 1 0
github.com/muety/wakapi/utils/template.go:44.17,46.4 1 0
github.com/muety/wakapi/utils/template.go:48.17,50.4 1 0
github.com/muety/wakapi/utils/template.go:55.17,57.4 1 0
github.com/muety/wakapi/services/diagnostics.go:14.101,19.2 1 0
github.com/muety/wakapi/services/diagnostics.go:21.101,23.2 1 0
github.com/muety/wakapi/services/duration.go:16.78,22.2 2 1
github.com/muety/wakapi/services/duration.go:24.123,26.16 2 1
github.com/muety/wakapi/services/duration.go:31.2,36.31 4 1
github.com/muety/wakapi/services/duration.go:71.2,73.31 2 1
github.com/muety/wakapi/services/duration.go:82.2,82.32 1 1
github.com/muety/wakapi/services/duration.go:26.16,28.3 1 0
github.com/muety/wakapi/services/duration.go:36.31,37.42 1 1
github.com/muety/wakapi/services/duration.go:41.3,43.62 2 1
github.com/muety/wakapi/services/duration.go:47.3,47.20 1 1
github.com/muety/wakapi/services/duration.go:52.3,53.35 2 1
github.com/muety/wakapi/services/duration.go:56.3,58.72 2 1
github.com/muety/wakapi/services/duration.go:68.3,68.10 1 1
github.com/muety/wakapi/services/duration.go:37.42,38.12 1 1
github.com/muety/wakapi/services/duration.go:43.62,45.4 1 1
github.com/muety/wakapi/services/duration.go:47.20,49.12 2 1
github.com/muety/wakapi/services/duration.go:53.35,55.4 1 1
github.com/muety/wakapi/services/duration.go:58.72,60.41 2 1
github.com/muety/wakapi/services/duration.go:63.4,63.15 1 1
github.com/muety/wakapi/services/duration.go:60.41,62.5 1 1
github.com/muety/wakapi/services/duration.go:64.9,66.4 1 1
github.com/muety/wakapi/services/duration.go:73.31,74.26 1 1
github.com/muety/wakapi/services/duration.go:74.26,75.23 1 1
github.com/muety/wakapi/services/duration.go:78.4,78.36 1 1
github.com/muety/wakapi/services/duration.go:75.23,77.5 1 1
github.com/muety/wakapi/services/heartbeat.go:26.141,40.33 3 0
github.com/muety/wakapi/services/heartbeat.go:48.2,48.12 1 0
github.com/muety/wakapi/services/heartbeat.go:40.33,41.31 1 0
github.com/muety/wakapi/services/heartbeat.go:41.31,45.4 3 0
github.com/muety/wakapi/services/heartbeat.go:51.72,54.2 2 0
github.com/muety/wakapi/services/heartbeat.go:56.80,61.32 3 0
github.com/muety/wakapi/services/heartbeat.go:69.2,70.16 2 0
github.com/muety/wakapi/services/heartbeat.go:73.2,73.12 1 0
github.com/muety/wakapi/services/heartbeat.go:61.32,62.36 1 0
github.com/muety/wakapi/services/heartbeat.go:66.3,66.46 1 0
github.com/muety/wakapi/services/heartbeat.go:62.36,65.4 2 0
github.com/muety/wakapi/services/heartbeat.go:70.16,72.3 1 0
github.com/muety/wakapi/services/heartbeat.go:76.53,78.8 2 0
github.com/muety/wakapi/services/heartbeat.go:81.2,82.16 2 0
github.com/muety/wakapi/services/heartbeat.go:85.2,85.19 1 0
github.com/muety/wakapi/services/heartbeat.go:78.8,80.3 1 0
github.com/muety/wakapi/services/heartbeat.go:82.16,84.3 1 0
github.com/muety/wakapi/services/heartbeat.go:88.76,91.8 3 0
github.com/muety/wakapi/services/heartbeat.go:94.2,95.16 2 0
github.com/muety/wakapi/services/heartbeat.go:98.2,98.19 1 0
github.com/muety/wakapi/services/heartbeat.go:91.8,93.3 1 0
github.com/muety/wakapi/services/heartbeat.go:95.16,97.3 1 0
github.com/muety/wakapi/services/heartbeat.go:101.96,105.26 3 0
github.com/muety/wakapi/services/heartbeat.go:115.2,116.16 2 0
github.com/muety/wakapi/services/heartbeat.go:120.2,120.28 1 0
github.com/muety/wakapi/services/heartbeat.go:126.2,126.24 1 0
github.com/muety/wakapi/services/heartbeat.go:105.26,108.9 3 0
github.com/muety/wakapi/services/heartbeat.go:108.9,110.4 1 0
github.com/muety/wakapi/services/heartbeat.go:110.9,112.4 1 0
github.com/muety/wakapi/services/heartbeat.go:116.16,118.3 1 0
github.com/muety/wakapi/services/heartbeat.go:120.28,124.3 3 0
github.com/muety/wakapi/services/heartbeat.go:129.111,131.16 2 0
github.com/muety/wakapi/services/heartbeat.go:134.2,134.43 1 0
github.com/muety/wakapi/services/heartbeat.go:131.16,133.3 1 0
github.com/muety/wakapi/services/heartbeat.go:137.92,139.2 1 0
github.com/muety/wakapi/services/heartbeat.go:141.116,143.2 1 0
github.com/muety/wakapi/services/heartbeat.go:145.78,147.2 1 0
github.com/muety/wakapi/services/heartbeat.go:149.104,151.54 2 0
github.com/muety/wakapi/services/heartbeat.go:157.2,158.16 2 0
github.com/muety/wakapi/services/heartbeat.go:162.2,163.28 2 0
github.com/muety/wakapi/services/heartbeat.go:169.2,170.22 2 0
github.com/muety/wakapi/services/heartbeat.go:151.54,155.3 3 0
github.com/muety/wakapi/services/heartbeat.go:158.16,160.3 1 0
github.com/muety/wakapi/services/heartbeat.go:163.28,164.33 1 0
github.com/muety/wakapi/services/heartbeat.go:164.33,166.4 1 0
github.com/muety/wakapi/services/heartbeat.go:173.62,175.2 1 0
github.com/muety/wakapi/services/heartbeat.go:177.116,179.16 2 0
github.com/muety/wakapi/services/heartbeat.go:183.2,183.28 1 0
github.com/muety/wakapi/services/heartbeat.go:187.2,187.24 1 0
github.com/muety/wakapi/services/heartbeat.go:179.16,181.3 1 0
github.com/muety/wakapi/services/heartbeat.go:183.28,185.3 1 0
github.com/muety/wakapi/services/heartbeat.go:190.96,192.2 1 0
github.com/muety/wakapi/services/heartbeat.go:194.107,196.55 2 0
github.com/muety/wakapi/services/heartbeat.go:196.55,202.41 4 0
github.com/muety/wakapi/services/heartbeat.go:202.41,207.4 2 0
github.com/muety/wakapi/services/heartbeat.go:211.85,217.2 5 0
github.com/muety/wakapi/services/heartbeat.go:219.74,220.32 1 0
github.com/muety/wakapi/services/heartbeat.go:220.32,225.3 1 0
github.com/muety/wakapi/services/heartbeat.go:228.72,230.2 1 0
github.com/muety/wakapi/services/heartbeat.go:232.58,234.2 1 0
github.com/muety/wakapi/services/heartbeat.go:236.60,238.2 1 0
github.com/muety/wakapi/services/key_value.go:14.89,19.2 1 0
github.com/muety/wakapi/services/key_value.go:21.83,23.2 1 0
github.com/muety/wakapi/services/key_value.go:25.78,27.16 2 0
github.com/muety/wakapi/services/key_value.go:33.2,33.11 1 0
github.com/muety/wakapi/services/key_value.go:27.16,32.3 1 0
github.com/muety/wakapi/services/key_value.go:36.72,38.2 1 0
github.com/muety/wakapi/services/key_value.go:40.60,42.2 1 0
github.com/muety/wakapi/services/language_mapping.go:18.118,24.2 1 0
github.com/muety/wakapi/services/language_mapping.go:26.86,28.2 1 0
github.com/muety/wakapi/services/language_mapping.go:30.96,31.53 1 0
github.com/muety/wakapi/services/language_mapping.go:35.2,36.16 2 0
github.com/muety/wakapi/services/language_mapping.go:39.2,40.22 2 0
github.com/muety/wakapi/services/language_mapping.go:31.53,33.3 1 0
github.com/muety/wakapi/services/language_mapping.go:36.16,38.3 1 0
github.com/muety/wakapi/services/language_mapping.go:43.92,46.16 3 0
github.com/muety/wakapi/services/language_mapping.go:50.2,50.33 1 0
github.com/muety/wakapi/services/language_mapping.go:53.2,53.22 1 0
github.com/muety/wakapi/services/language_mapping.go:46.16,48.3 1 0
github.com/muety/wakapi/services/language_mapping.go:50.33,52.3 1 0
github.com/muety/wakapi/services/language_mapping.go:56.109,58.16 2 0
github.com/muety/wakapi/services/language_mapping.go:62.2,63.20 2 0
github.com/muety/wakapi/services/language_mapping.go:58.16,60.3 1 0
github.com/muety/wakapi/services/language_mapping.go:66.82,67.26 1 0
github.com/muety/wakapi/services/language_mapping.go:70.2,72.12 3 0
github.com/muety/wakapi/services/language_mapping.go:67.26,69.3 1 0
github.com/muety/wakapi/services/language_mapping.go:75.74,78.2 1 0
github.com/muety/wakapi/services/misc.go:21.126,28.2 1 0
github.com/muety/wakapi/services/misc.go:40.50,42.48 1 0
github.com/muety/wakapi/services/misc.go:46.2,48.19 3 0
github.com/muety/wakapi/services/misc.go:42.48,44.3 1 0
github.com/muety/wakapi/services/misc.go:51.51,53.16 2 0
github.com/muety/wakapi/services/misc.go:57.2,60.26 3 0
github.com/muety/wakapi/services/misc.go:66.2,68.40 2 0
github.com/muety/wakapi/services/misc.go:73.2,75.33 3 0
github.com/muety/wakapi/services/misc.go:79.2,84.17 2 0
github.com/muety/wakapi/services/misc.go:88.2,91.17 1 0
github.com/muety/wakapi/services/misc.go:95.2,95.12 1 0
github.com/muety/wakapi/services/misc.go:53.16,55.3 1 0
github.com/muety/wakapi/services/misc.go:60.26,65.3 1 0
github.com/muety/wakapi/services/misc.go:68.40,70.3 1 0
github.com/muety/wakapi/services/misc.go:75.33,78.3 2 0
github.com/muety/wakapi/services/misc.go:84.17,86.3 1 0
github.com/muety/wakapi/services/misc.go:91.17,93.3 1 0
github.com/muety/wakapi/services/misc.go:98.116,99.24 1 0
github.com/muety/wakapi/services/misc.go:99.24,100.156 1 0
github.com/muety/wakapi/services/misc.go:100.156,102.4 1 0
github.com/muety/wakapi/services/misc.go:102.9,107.4 1 0
github.com/muety/wakapi/services/aggregation.go:29.142,37.2 1 0
github.com/muety/wakapi/services/aggregation.go:46.43,48.37 1 0
github.com/muety/wakapi/services/aggregation.go:52.2,54.19 3 0
github.com/muety/wakapi/services/aggregation.go:48.37,50.3 1 0
github.com/muety/wakapi/services/aggregation.go:57.67,58.47 1 0
github.com/muety/wakapi/services/aggregation.go:61.2,66.40 4 0
github.com/muety/wakapi/services/aggregation.go:70.2,70.50 1 0
github.com/muety/wakapi/services/aggregation.go:75.2,75.60 1 0
github.com/muety/wakapi/services/aggregation.go:81.2,81.35 1 0
github.com/muety/wakapi/services/aggregation.go:58.47,60.3 1 0
github.com/muety/wakapi/services/aggregation.go:66.40,68.3 1 0
github.com/muety/wakapi/services/aggregation.go:70.50,72.3 1 0
github.com/muety/wakapi/services/aggregation.go:75.60,79.3 3 0
github.com/muety/wakapi/services/aggregation.go:84.109,85.24 1 0
github.com/muety/wakapi/services/aggregation.go:85.24,86.116 1 0
github.com/muety/wakapi/services/aggregation.go:86.116,88.4 1 0
github.com/muety/wakapi/services/aggregation.go:88.9,91.4 2 0
github.com/muety/wakapi/services/aggregation.go:95.80,96.33 1 0
github.com/muety/wakapi/services/aggregation.go:96.33,97.60 1 0
github.com/muety/wakapi/services/aggregation.go:97.60,99.4 1 0
github.com/muety/wakapi/services/aggregation.go:103.100,107.59 3 0
github.com/muety/wakapi/services/aggregation.go:122.2,123.16 2 0
github.com/muety/wakapi/services/aggregation.go:129.2,130.16 2 0
github.com/muety/wakapi/services/aggregation.go:136.2,137.44 2 0
github.com/muety/wakapi/services/aggregation.go:142.2,142.41 1 0
github.com/muety/wakapi/services/aggregation.go:156.2,156.12 1 0
github.com/muety/wakapi/services/aggregation.go:107.59,110.3 2 0
github.com/muety/wakapi/services/aggregation.go:110.8,110.47 1 0
github.com/muety/wakapi/services/aggregation.go:110.47,112.30 2 0
github.com/muety/wakapi/services/aggregation.go:112.30,113.43 1 0
github.com/muety/wakapi/services/aggregation.go:113.43,115.5 1 0
github.com/muety/wakapi/services/aggregation.go:117.8,119.3 1 0
github.com/muety/wakapi/services/aggregation.go:123.16,126.3 2 0
github.com/muety/wakapi/services/aggregation.go:130.16,133.3 2 0
github.com/muety/wakapi/services/aggregation.go:137.44,139.3 1 0
github.com/muety/wakapi/services/aggregation.go:142.41,143.21 1 0
github.com/muety/wakapi/services/aggregation.go:143.21,147.4 1 0
github.com/muety/wakapi/services/aggregation.go:147.9,147.62 1 0
github.com/muety/wakapi/services/aggregation.go:147.62,151.4 1 0
github.com/muety/wakapi/services/aggregation.go:159.73,162.27 3 0
github.com/muety/wakapi/services/aggregation.go:167.2,167.27 1 0
github.com/muety/wakapi/services/aggregation.go:170.2,170.12 1 0
github.com/muety/wakapi/services/aggregation.go:162.27,163.39 1 0
github.com/muety/wakapi/services/aggregation.go:163.39,165.4 1 0
github.com/muety/wakapi/services/aggregation.go:167.27,169.3 1 0
github.com/muety/wakapi/services/aggregation.go:173.69,176.27 3 0
github.com/muety/wakapi/services/aggregation.go:176.27,178.3 1 0
github.com/muety/wakapi/services/aggregation.go:181.83,196.41 5 0
github.com/muety/wakapi/services/aggregation.go:196.41,206.3 3 0
github.com/muety/wakapi/services/aggregation.go:209.34,212.2 2 0
github.com/muety/wakapi/services/alias.go:18.77,23.2 1 1
github.com/muety/wakapi/services/alias.go:27.60,28.43 1 1
github.com/muety/wakapi/services/alias.go:31.2,31.14 1 1
github.com/muety/wakapi/services/alias.go:28.43,30.3 1 1
github.com/muety/wakapi/services/alias.go:34.62,36.16 2 1
github.com/muety/wakapi/services/alias.go:39.2,39.12 1 1
github.com/muety/wakapi/services/alias.go:36.16,38.3 1 1
github.com/muety/wakapi/services/alias.go:42.59,43.51 1 1
github.com/muety/wakapi/services/alias.go:43.51,45.3 1 0
github.com/muety/wakapi/services/alias.go:48.76,49.32 1 0
github.com/muety/wakapi/services/alias.go:52.2,52.49 1 0
github.com/muety/wakapi/services/alias.go:49.32,51.3 1 0
github.com/muety/wakapi/services/alias.go:52.49,54.3 1 0
github.com/muety/wakapi/services/alias.go:54.8,56.3 1 0
github.com/muety/wakapi/services/alias.go:59.113,60.32 1 0
github.com/muety/wakapi/services/alias.go:63.2,63.49 1 0
github.com/muety/wakapi/services/alias.go:60.32,62.3 1 0
github.com/muety/wakapi/services/alias.go:63.49,65.47 2 0
github.com/muety/wakapi/services/alias.go:70.3,70.30 1 0
github.com/muety/wakapi/services/alias.go:65.47,66.45 1 0
github.com/muety/wakapi/services/alias.go:66.45,68.5 1 0
github.com/muety/wakapi/services/alias.go:71.8,73.3 1 0
github.com/muety/wakapi/services/alias.go:76.108,77.32 1 1
github.com/muety/wakapi/services/alias.go:81.2,81.49 1 1
github.com/muety/wakapi/services/alias.go:89.2,89.19 1 1
github.com/muety/wakapi/services/alias.go:77.32,79.3 1 1
github.com/muety/wakapi/services/alias.go:81.49,82.47 1 1
github.com/muety/wakapi/services/alias.go:82.47,83.49 1 1
github.com/muety/wakapi/services/alias.go:83.49,85.5 1 1
github.com/muety/wakapi/services/alias.go:92.77,94.16 2 0
github.com/muety/wakapi/services/alias.go:97.2,98.20 2 0
github.com/muety/wakapi/services/alias.go:94.16,96.3 1 0
github.com/muety/wakapi/services/alias.go:101.60,102.24 1 0
github.com/muety/wakapi/services/alias.go:105.2,107.12 3 0
github.com/muety/wakapi/services/alias.go:102.24,104.3 1 0
github.com/muety/wakapi/services/alias.go:110.69,113.28 3 0
github.com/muety/wakapi/services/alias.go:121.2,123.31 2 0
github.com/muety/wakapi/services/alias.go:127.2,127.12 1 0
github.com/muety/wakapi/services/alias.go:113.28,114.21 1 0
github.com/muety/wakapi/services/alias.go:117.3,118.16 2 0
github.com/muety/wakapi/services/alias.go:114.21,116.4 1 0
github.com/muety/wakapi/services/alias.go:123.31,125.3 1 0
github.com/muety/wakapi/services/summary.go:29.189,41.33 3 1
github.com/muety/wakapi/services/summary.go:52.2,52.12 1 1
github.com/muety/wakapi/services/summary.go:41.33,42.31 1 1
github.com/muety/wakapi/services/summary.go:42.31,44.39 2 0
github.com/muety/wakapi/services/summary.go:44.39,45.71 1 0
github.com/muety/wakapi/services/summary.go:45.71,47.6 1 0
github.com/muety/wakapi/services/summary.go:58.161,61.66 2 1
github.com/muety/wakapi/services/summary.go:66.2,71.20 4 1
github.com/muety/wakapi/services/summary.go:77.2,77.65 1 1
github.com/muety/wakapi/services/summary.go:82.2,83.16 2 1
github.com/muety/wakapi/services/summary.go:88.2,94.30 6 1
github.com/muety/wakapi/services/summary.go:61.66,63.3 1 0
github.com/muety/wakapi/services/summary.go:71.20,74.3 2 1
github.com/muety/wakapi/services/summary.go:77.65,79.3 1 0
github.com/muety/wakapi/services/summary.go:83.16,85.3 1 0
github.com/muety/wakapi/services/summary.go:97.126,101.41 2 1
github.com/muety/wakapi/services/summary.go:112.2,113.44 2 1
github.com/muety/wakapi/services/summary.go:122.2,123.16 2 1
github.com/muety/wakapi/services/summary.go:127.2,127.30 1 1
github.com/muety/wakapi/services/summary.go:101.41,104.17 2 1
github.com/muety/wakapi/services/summary.go:104.17,106.4 1 1
github.com/muety/wakapi/services/summary.go:106.9,108.4 1 0
github.com/muety/wakapi/services/summary.go:113.44,114.87 1 1
github.com/muety/wakapi/services/summary.go:114.87,116.4 1 1
github.com/muety/wakapi/services/summary.go:116.9,118.4 1 0
github.com/muety/wakapi/services/summary.go:123.16,125.3 1 0
github.com/muety/wakapi/services/summary.go:130.127,133.16 2 1
github.com/muety/wakapi/services/summary.go:137.2,141.26 4 1
github.com/muety/wakapi/services/summary.go:146.2,152.34 6 1
github.com/muety/wakapi/services/summary.go:168.2,168.25 1 1
github.com/muety/wakapi/services/summary.go:173.2,185.30 2 1
github.com/muety/wakapi/services/summary.go:133.16,135.3 1 0
github.com/muety/wakapi/services/summary.go:141.26,143.3 1 1
github.com/muety/wakapi/services/summary.go:152.34,154.20 2 1
github.com/muety/wakapi/services/summary.go:155.30,156.29 1 1
github.com/muety/wakapi/services/summary.go:157.31,158.30 1 1
github.com/muety/wakapi/services/summary.go:159.29,160.28 1 1
github.com/muety/wakapi/services/summary.go:161.25,162.24 1 1
github.com/muety/wakapi/services/summary.go:163.30,164.29 1 1
github.com/muety/wakapi/services/summary.go:168.25,171.3 2 1
github.com/muety/wakapi/services/summary.go:190.76,192.2 1 0
github.com/muety/wakapi/services/summary.go:194.62,197.2 2 0
github.com/muety/wakapi/services/summary.go:199.66,202.2 2 0
github.com/muety/wakapi/services/summary.go:206.125,209.30 2 1
github.com/muety/wakapi/services/summary.go:213.2,214.28 2 1
github.com/muety/wakapi/services/summary.go:222.2,222.40 1 1
github.com/muety/wakapi/services/summary.go:226.2,226.67 1 1
github.com/muety/wakapi/services/summary.go:209.30,211.3 1 1
github.com/muety/wakapi/services/summary.go:214.28,220.3 1 1
github.com/muety/wakapi/services/summary.go:222.40,224.3 1 1
github.com/muety/wakapi/services/summary.go:229.87,230.72 1 1
github.com/muety/wakapi/services/summary.go:238.2,239.16 2 1
github.com/muety/wakapi/services/summary.go:244.2,245.37 2 1
github.com/muety/wakapi/services/summary.go:249.2,251.30 3 1
github.com/muety/wakapi/services/summary.go:262.2,263.29 2 1
github.com/muety/wakapi/services/summary.go:268.2,269.16 2 1
github.com/muety/wakapi/services/summary.go:230.72,236.3 1 1
github.com/muety/wakapi/services/summary.go:239.16,242.3 2 0
github.com/muety/wakapi/services/summary.go:245.37,247.3 1 1
github.com/muety/wakapi/services/summary.go:251.30,252.48 1 1
github.com/muety/wakapi/services/summary.go:252.48,253.41 1 1
github.com/muety/wakapi/services/summary.go:256.4,257.29 2 1
github.com/muety/wakapi/services/summary.go:253.41,255.5 1 1
github.com/muety/wakapi/services/summary.go:263.29,264.18 1 1
github.com/muety/wakapi/services/summary.go:264.18,266.4 1 1
github.com/muety/wakapi/services/summary.go:272.97,273.24 1 1
github.com/muety/wakapi/services/summary.go:277.2,292.30 5 1
github.com/muety/wakapi/services/summary.go:322.2,325.26 3 1
github.com/muety/wakapi/services/summary.go:273.24,275.3 1 0
github.com/muety/wakapi/services/summary.go:292.30,294.41 2 1
github.com/muety/wakapi/services/summary.go:299.3,299.38 1 1
github.com/muety/wakapi/services/summary.go:303.3,303.37 1 1
github.com/muety/wakapi/services/summary.go:307.3,307.34 1 1
github.com/muety/wakapi/services/summary.go:311.3,319.25 8 1
github.com/muety/wakapi/services/summary.go:294.41,296.12 2 1
github.com/muety/wakapi/services/summary.go:299.38,301.4 1 0
github.com/muety/wakapi/services/summary.go:303.37,305.4 1 1
github.com/muety/wakapi/services/summary.go:307.34,309.4 1 1
github.com/muety/wakapi/services/summary.go:328.127,332.32 2 1
github.com/muety/wakapi/services/summary.go:336.2,336.27 1 1
github.com/muety/wakapi/services/summary.go:344.2,346.26 3 1
github.com/muety/wakapi/services/summary.go:351.2,351.43 1 1
github.com/muety/wakapi/services/summary.go:355.2,355.17 1 1
github.com/muety/wakapi/services/summary.go:332.32,334.3 1 1
github.com/muety/wakapi/services/summary.go:336.27,337.37 1 1
github.com/muety/wakapi/services/summary.go:337.37,339.4 1 1
github.com/muety/wakapi/services/summary.go:339.9,341.4 1 1
github.com/muety/wakapi/services/summary.go:346.26,349.3 2 1
github.com/muety/wakapi/services/summary.go:351.43,353.3 1 1
github.com/muety/wakapi/services/summary.go:358.116,359.25 1 1
github.com/muety/wakapi/services/summary.go:363.2,366.44 2 1
github.com/muety/wakapi/services/summary.go:371.2,371.40 1 1
github.com/muety/wakapi/services/summary.go:396.2,396.54 1 1
github.com/muety/wakapi/services/summary.go:400.2,400.18 1 1
github.com/muety/wakapi/services/summary.go:359.25,361.3 1 0
github.com/muety/wakapi/services/summary.go:366.44,368.3 1 1
github.com/muety/wakapi/services/summary.go:371.40,373.19 2 1
github.com/muety/wakapi/services/summary.go:380.3,385.34 3 1
github.com/muety/wakapi/services/summary.go:390.3,390.22 1 1
github.com/muety/wakapi/services/summary.go:373.19,374.12 1 1
github.com/muety/wakapi/services/summary.go:385.34,387.4 1 1
github.com/muety/wakapi/services/summary.go:390.22,392.4 1 1
github.com/muety/wakapi/services/summary.go:396.54,398.3 1 1
github.com/muety/wakapi/services/summary.go:403.59,405.2 1 1
github.com/muety/wakapi/services/summary.go:407.63,408.37 1 0
github.com/muety/wakapi/services/summary.go:408.37,409.36 1 0
github.com/muety/wakapi/services/summary.go:409.36,411.4 1 0
github.com/muety/wakapi/services/summary.go:415.85,416.40 1 1
github.com/muety/wakapi/services/summary.go:416.40,419.3 2 1
github.com/muety/wakapi/services/summary.go:422.99,423.42 1 1
github.com/muety/wakapi/services/summary.go:423.42,425.17 2 1
github.com/muety/wakapi/services/summary.go:428.3,429.29 2 1
github.com/muety/wakapi/services/summary.go:432.3,432.22 1 1
github.com/muety/wakapi/services/summary.go:425.17,427.4 1 0
github.com/muety/wakapi/services/summary.go:429.29,431.4 1 1
github.com/muety/wakapi/services/summary.go:436.114,437.33 1 1
github.com/muety/wakapi/services/summary.go:437.33,440.17 3 1
github.com/muety/wakapi/services/summary.go:445.3,446.28 2 1
github.com/muety/wakapi/services/summary.go:449.3,449.24 1 1
github.com/muety/wakapi/services/summary.go:440.17,441.33 1 1
github.com/muety/wakapi/services/summary.go:441.33,443.5 1 1
github.com/muety/wakapi/services/summary.go:446.28,448.4 1 1
github.com/muety/wakapi/services/project_label.go:20.111,27.2 1 0
github.com/muety/wakapi/services/project_label.go:29.80,31.2 1 0
github.com/muety/wakapi/services/project_label.go:33.90,34.51 1 0
github.com/muety/wakapi/services/project_label.go:38.2,39.16 2 0
github.com/muety/wakapi/services/project_label.go:42.2,43.20 2 0
github.com/muety/wakapi/services/project_label.go:34.51,36.3 1 0
github.com/muety/wakapi/services/project_label.go:39.16,41.3 1 0
github.com/muety/wakapi/services/project_label.go:47.108,50.16 3 0
github.com/muety/wakapi/services/project_label.go:54.2,54.31 1 0
github.com/muety/wakapi/services/project_label.go:61.2,61.29 1 0
github.com/muety/wakapi/services/project_label.go:50.16,52.3 1 0
github.com/muety/wakapi/services/project_label.go:54.31,55.50 1 0
github.com/muety/wakapi/services/project_label.go:55.50,57.4 1 0
github.com/muety/wakapi/services/project_label.go:57.9,59.4 1 0
github.com/muety/wakapi/services/project_label.go:65.116,68.16 3 0
github.com/muety/wakapi/services/project_label.go:72.2,72.31 1 0
github.com/muety/wakapi/services/project_label.go:79.2,79.29 1 0
github.com/muety/wakapi/services/project_label.go:68.16,70.3 1 0
github.com/muety/wakapi/services/project_label.go:72.31,73.45 1 0
github.com/muety/wakapi/services/project_label.go:73.45,75.4 1 0
github.com/muety/wakapi/services/project_label.go:75.9,77.4 1 0
github.com/muety/wakapi/services/project_label.go:82.98,84.16 2 0
github.com/muety/wakapi/services/project_label.go:88.2,90.20 3 0
github.com/muety/wakapi/services/project_label.go:84.16,86.3 1 0
github.com/muety/wakapi/services/project_label.go:93.74,94.24 1 0
github.com/muety/wakapi/services/project_label.go:97.2,100.12 4 0
github.com/muety/wakapi/services/project_label.go:94.24,96.3 1 0
github.com/muety/wakapi/services/project_label.go:103.89,105.14 2 0
github.com/muety/wakapi/services/project_label.go:108.2,111.4 1 0
github.com/muety/wakapi/services/project_label.go:105.14,107.3 1 0
github.com/muety/wakapi/services/report.go:30.122,44.33 4 0
github.com/muety/wakapi/services/report.go:50.2,50.12 1 0
github.com/muety/wakapi/services/report.go:44.33,45.31 1 0
github.com/muety/wakapi/services/report.go:45.31,47.4 1 0
github.com/muety/wakapi/services/report.go:53.38,57.16 3 0
github.com/muety/wakapi/services/report.go:61.2,62.26 2 0
github.com/muety/wakapi/services/report.go:57.16,59.3 1 0
github.com/muety/wakapi/services/report.go:62.26,64.3 1 0
github.com/muety/wakapi/services/report.go:69.61,74.22 3 0
github.com/muety/wakapi/services/report.go:81.2,81.65 1 0
github.com/muety/wakapi/services/report.go:98.2,98.24 1 0
github.com/muety/wakapi/services/report.go:74.22,78.3 3 0
github.com/muety/wakapi/services/report.go:81.65,91.47 3 0
github.com/muety/wakapi/services/report.go:91.47,93.4 1 0
github.com/muety/wakapi/services/report.go:93.9,95.4 1 0
github.com/muety/wakapi/services/report.go:101.80,102.22 1 0
github.com/muety/wakapi/services/report.go:107.2,107.29 1 0
github.com/muety/wakapi/services/report.go:112.2,116.16 4 0
github.com/muety/wakapi/services/report.go:121.2,128.65 2 0
github.com/muety/wakapi/services/report.go:133.2,134.12 2 0
github.com/muety/wakapi/services/report.go:102.22,105.3 2 0
github.com/muety/wakapi/services/report.go:107.29,110.3 2 0
github.com/muety/wakapi/services/report.go:116.16,119.3 2 0
github.com/muety/wakapi/services/report.go:128.65,131.3 2 0
github.com/muety/wakapi/services/report.go:137.63,138.41 1 0
github.com/muety/wakapi/services/report.go:145.2,145.12 1 0
github.com/muety/wakapi/services/report.go:138.41,139.30 1 0
github.com/muety/wakapi/services/report.go:139.30,140.16 1 0
github.com/muety/wakapi/services/report.go:140.16,142.5 1 0
github.com/muety/wakapi/services/user.go:24.99,34.33 3 0
github.com/muety/wakapi/services/user.go:55.2,55.12 1 0
github.com/muety/wakapi/services/user.go:34.33,35.31 1 0
github.com/muety/wakapi/services/user.go:35.31,41.61 4 0
github.com/muety/wakapi/services/user.go:45.4,45.24 1 0
github.com/muety/wakapi/services/user.go:41.61,43.5 1 0
github.com/muety/wakapi/services/user.go:45.24,46.80 1 0
github.com/muety/wakapi/services/user.go:46.80,48.6 1 0
github.com/muety/wakapi/services/user.go:48.11,50.6 1 0
github.com/muety/wakapi/services/user.go:58.74,59.40 1 0
github.com/muety/wakapi/services/user.go:63.2,64.16 2 0
github.com/muety/wakapi/services/user.go:68.2,69.15 2 0
github.com/muety/wakapi/services/user.go:59.40,61.3 1 0
github.com/muety/wakapi/services/user.go:64.16,66.3 1 0
github.com/muety/wakapi/services/user.go:72.72,73.37 1 0
github.com/muety/wakapi/services/user.go:77.2,78.16 2 0
github.com/muety/wakapi/services/user.go:82.2,83.15 2 0
github.com/muety/wakapi/services/user.go:73.37,75.3 1 0
github.com/muety/wakapi/services/user.go:78.16,80.3 1 0
github.com/muety/wakapi/services/user.go:86.76,88.2 1 0
github.com/muety/wakapi/services/user.go:90.86,92.2 1 0
github.com/muety/wakapi/services/user.go:94.58,96.2 1 0
github.com/muety/wakapi/services/user.go:98.86,100.2 1 0
github.com/muety/wakapi/services/user.go:102.71,104.12 2 0
github.com/muety/wakapi/services/user.go:108.2,109.42 2 0
github.com/muety/wakapi/services/user.go:113.2,114.16 2 0
github.com/muety/wakapi/services/user.go:118.2,119.21 2 0
github.com/muety/wakapi/services/user.go:104.12,106.3 1 0
github.com/muety/wakapi/services/user.go:109.42,111.3 1 0
github.com/muety/wakapi/services/user.go:114.16,116.3 1 0
github.com/muety/wakapi/services/user.go:122.48,124.2 1 0
github.com/muety/wakapi/services/user.go:126.102,136.93 2 0
github.com/muety/wakapi/services/user.go:142.2,142.38 1 0
github.com/muety/wakapi/services/user.go:136.93,138.3 1 0
github.com/muety/wakapi/services/user.go:138.8,140.3 1 0
github.com/muety/wakapi/services/user.go:145.73,149.2 3 0
github.com/muety/wakapi/services/user.go:151.78,155.2 3 0
github.com/muety/wakapi/services/user.go:157.99,160.2 2 0
github.com/muety/wakapi/services/user.go:162.106,165.96 3 0
github.com/muety/wakapi/services/user.go:170.2,170.68 1 0
github.com/muety/wakapi/services/user.go:165.96,167.3 1 0
github.com/muety/wakapi/services/user.go:167.8,169.3 1 0
github.com/muety/wakapi/services/user.go:173.85,175.2 1 0
github.com/muety/wakapi/services/user.go:177.57,184.2 4 0
github.com/muety/wakapi/services/user.go:186.38,188.2 1 0
github.com/muety/wakapi/services/user.go:190.57,195.2 1 0
