mode: set
github.com/muety/wakapi/config/config.go:243.46,244.25 1 1
github.com/muety/wakapi/config/config.go:244.25,246.3 1 1
github.com/muety/wakapi/config/config.go:247.2,247.35 1 1
github.com/muety/wakapi/config/config.go:250.47,254.38 3 1
github.com/muety/wakapi/config/config.go:254.38,256.3 1 1
github.com/muety/wakapi/config/config.go:257.2,257.22 1 1
github.com/muety/wakapi/config/config.go:257.22,259.3 1 1
github.com/muety/wakapi/config/config.go:260.2,260.26 1 1
github.com/muety/wakapi/config/config.go:260.26,262.3 1 1
github.com/muety/wakapi/config/config.go:263.2,263.46 1 1
github.com/muety/wakapi/config/config.go:263.46,265.3 1 1
github.com/muety/wakapi/config/config.go:266.2,266.12 1 1
github.com/muety/wakapi/config/config.go:269.45,271.2 1 0
github.com/muety/wakapi/config/config.go:273.64,275.2 1 0
github.com/muety/wakapi/config/config.go:277.59,279.2 1 0
github.com/muety/wakapi/config/config.go:281.82,282.16 1 0
github.com/muety/wakapi/config/config.go:282.16,284.3 1 0
github.com/muety/wakapi/config/config.go:286.2,294.3 1 0
github.com/muety/wakapi/config/config.go:297.31,299.2 1 1
github.com/muety/wakapi/config/config.go:301.32,303.2 1 0
github.com/muety/wakapi/config/config.go:305.60,307.2 1 0
github.com/muety/wakapi/config/config.go:309.67,310.37 1 0
github.com/muety/wakapi/config/config.go:310.37,312.3 1 0
github.com/muety/wakapi/config/config.go:313.2,313.62 1 0
github.com/muety/wakapi/config/config.go:316.59,318.2 1 0
github.com/muety/wakapi/config/config.go:320.57,322.2 1 0
github.com/muety/wakapi/config/config.go:324.53,326.2 1 0
github.com/muety/wakapi/config/config.go:328.53,329.46 1 1
github.com/muety/wakapi/config/config.go:329.46,333.17 3 0
github.com/muety/wakapi/config/config.go:333.17,335.4 1 0
github.com/muety/wakapi/config/config.go:337.3,338.17 2 0
github.com/muety/wakapi/config/config.go:338.17,340.4 1 0
github.com/muety/wakapi/config/config.go:342.3,342.44 1 0
github.com/muety/wakapi/config/config.go:345.2,345.51 1 1
github.com/muety/wakapi/config/config.go:348.50,349.47 1 1
github.com/muety/wakapi/config/config.go:349.47,356.17 5 0
github.com/muety/wakapi/config/config.go:356.17,358.4 1 0
github.com/muety/wakapi/config/config.go:360.3,361.17 2 0
github.com/muety/wakapi/config/config.go:361.17,363.4 1 0
github.com/muety/wakapi/config/config.go:365.3,365.54 1 0
github.com/muety/wakapi/config/config.go:368.2,368.52 1 1
github.com/muety/wakapi/config/config.go:371.65,376.56 3 1
github.com/muety/wakapi/config/config.go:376.56,378.33 1 0
github.com/muety/wakapi/config/config.go:378.33,381.18 3 0
github.com/muety/wakapi/config/config.go:381.18,383.5 1 0
github.com/muety/wakapi/config/config.go:385.4,386.18 2 0
github.com/muety/wakapi/config/config.go:386.18,388.5 1 0
github.com/muety/wakapi/config/config.go:390.4,390.45 1 0
github.com/muety/wakapi/config/config.go:392.8,393.33 1 1
github.com/muety/wakapi/config/config.go:393.33,395.4 1 1
github.com/muety/wakapi/config/config.go:398.2,398.76 1 1
github.com/muety/wakapi/config/config.go:398.76,400.3 1 1
github.com/muety/wakapi/config/config.go:402.2,402.14 1 1
github.com/muety/wakapi/config/config.go:405.54,408.2 2 0
github.com/muety/wakapi/config/config.go:410.54,413.64 2 1
github.com/muety/wakapi/config/config.go:413.64,415.15 1 1
github.com/muety/wakapi/config/config.go:415.15,416.12 1 1
github.com/muety/wakapi/config/config.go:420.3,421.17 2 0
github.com/muety/wakapi/config/config.go:421.17,423.12 2 0
github.com/muety/wakapi/config/config.go:427.3,428.22 2 0
github.com/muety/wakapi/config/config.go:428.22,430.29 2 0
github.com/muety/wakapi/config/config.go:430.29,432.5 1 0
github.com/muety/wakapi/config/config.go:433.4,435.12 3 0
github.com/muety/wakapi/config/config.go:438.3,438.55 1 0
github.com/muety/wakapi/config/config.go:442.61,444.2 1 0
github.com/muety/wakapi/config/config.go:446.66,448.2 1 0
github.com/muety/wakapi/config/config.go:450.65,452.2 1 0
github.com/muety/wakapi/config/config.go:454.73,456.2 1 0
github.com/muety/wakapi/config/config.go:458.78,460.2 1 0
github.com/muety/wakapi/config/config.go:462.55,463.112 1 0
github.com/muety/wakapi/config/config.go:463.112,465.3 1 0
github.com/muety/wakapi/config/config.go:468.70,471.23 3 0
github.com/muety/wakapi/config/config.go:471.23,473.3 1 0
github.com/muety/wakapi/config/config.go:475.2,479.20 4 0
github.com/muety/wakapi/config/config.go:480.11,481.28 1 0
github.com/muety/wakapi/config/config.go:482.11,483.28 1 0
github.com/muety/wakapi/config/config.go:484.11,485.26 1 0
github.com/muety/wakapi/config/config.go:488.2,488.51 1 0
github.com/muety/wakapi/config/config.go:491.36,493.2 1 1
github.com/muety/wakapi/config/config.go:495.35,497.2 1 0
github.com/muety/wakapi/config/config.go:499.38,501.2 1 0
github.com/muety/wakapi/config/config.go:503.35,505.2 1 1
github.com/muety/wakapi/config/config.go:507.46,509.2 1 1
github.com/muety/wakapi/config/config.go:511.43,513.2 1 0
github.com/muety/wakapi/config/config.go:515.29,517.2 1 1
github.com/muety/wakapi/config/config.go:519.48,530.16 2 1
github.com/muety/wakapi/config/config.go:530.16,531.48 1 1
github.com/muety/wakapi/config/config.go:531.48,533.4 1 0
github.com/muety/wakapi/config/config.go:533.9,535.4 1 1
github.com/muety/wakapi/config/config.go:538.2,539.53 2 1
github.com/muety/wakapi/config/config.go:539.53,541.3 1 0
github.com/muety/wakapi/config/config.go:543.2,543.15 1 1
github.com/muety/wakapi/config/config.go:546.45,547.27 1 1
github.com/muety/wakapi/config/config.go:547.27,549.3 1 0
github.com/muety/wakapi/config/config.go:550.2,550.24 1 1
github.com/muety/wakapi/config/config.go:550.24,552.3 1 0
github.com/muety/wakapi/config/config.go:553.2,553.25 1 1
github.com/muety/wakapi/config/config.go:553.25,555.3 1 0
github.com/muety/wakapi/config/config.go:556.2,556.15 1 1
github.com/muety/wakapi/config/config.go:559.26,561.2 1 1
github.com/muety/wakapi/config/config.go:563.20,565.2 1 1
github.com/muety/wakapi/config/config.go:567.54,571.101 3 1
github.com/muety/wakapi/config/config.go:571.101,573.3 1 0
github.com/muety/wakapi/config/config.go:575.2,581.21 5 1
github.com/muety/wakapi/config/config.go:581.21,583.3 1 0
github.com/muety/wakapi/config/config.go:585.2,588.35 4 1
github.com/muety/wakapi/config/config.go:588.35,590.3 1 0
github.com/muety/wakapi/config/config.go:591.2,591.25 1 1
github.com/muety/wakapi/config/config.go:591.25,594.3 2 0
github.com/muety/wakapi/config/config.go:596.2,600.16 4 1
github.com/muety/wakapi/config/config.go:600.16,604.3 3 1
github.com/muety/wakapi/config/config.go:605.2,605.37 1 1
github.com/muety/wakapi/config/config.go:605.37,607.3 1 0
github.com/muety/wakapi/config/config.go:609.2,615.47 5 1
github.com/muety/wakapi/config/config.go:615.47,616.14 1 0
github.com/muety/wakapi/config/config.go:616.14,618.4 1 0
github.com/muety/wakapi/config/config.go:621.2,621.29 1 1
github.com/muety/wakapi/config/config.go:621.29,622.38 1 0
github.com/muety/wakapi/config/config.go:622.38,624.4 1 0
github.com/muety/wakapi/config/config.go:625.3,626.60 2 0
github.com/muety/wakapi/config/config.go:629.2,629.41 1 1
github.com/muety/wakapi/config/config.go:629.41,631.3 1 1
github.com/muety/wakapi/config/config.go:631.8,633.35 2 0
github.com/muety/wakapi/config/config.go:633.35,635.4 1 0
github.com/muety/wakapi/config/config.go:636.3,636.34 1 0
github.com/muety/wakapi/config/config.go:640.2,640.108 1 1
github.com/muety/wakapi/config/config.go:640.108,642.3 1 0
github.com/muety/wakapi/config/config.go:643.2,643.52 1 1
github.com/muety/wakapi/config/config.go:643.52,645.3 1 0
github.com/muety/wakapi/config/config.go:646.2,646.51 1 1
github.com/muety/wakapi/config/config.go:646.51,649.3 2 1
github.com/muety/wakapi/config/config.go:650.2,650.100 1 1
github.com/muety/wakapi/config/config.go:650.100,652.3 1 0
github.com/muety/wakapi/config/config.go:653.2,653.53 1 1
github.com/muety/wakapi/config/config.go:653.53,655.3 1 0
github.com/muety/wakapi/config/config.go:656.2,656.74 1 1
github.com/muety/wakapi/config/config.go:656.74,658.3 1 0
github.com/muety/wakapi/config/config.go:659.2,659.95 1 1
github.com/muety/wakapi/config/config.go:659.95,661.3 1 0
github.com/muety/wakapi/config/config.go:662.2,662.156 1 1
github.com/muety/wakapi/config/config.go:662.156,664.3 1 0
github.com/muety/wakapi/config/config.go:665.2,665.165 1 1
github.com/muety/wakapi/config/config.go:665.165,667.3 1 0
github.com/muety/wakapi/config/config.go:668.2,668.57 1 1
github.com/muety/wakapi/config/config.go:668.57,669.45 1 1
github.com/muety/wakapi/config/config.go:669.45,671.4 1 0
github.com/muety/wakapi/config/config.go:674.2,676.78 2 1
github.com/muety/wakapi/config/config.go:676.78,678.3 1 0
github.com/muety/wakapi/config/config.go:679.2,679.81 1 1
github.com/muety/wakapi/config/config.go:679.81,681.3 1 0
github.com/muety/wakapi/config/config.go:682.2,682.66 1 1
github.com/muety/wakapi/config/config.go:682.66,683.48 1 1
github.com/muety/wakapi/config/config.go:683.48,685.4 1 0
github.com/muety/wakapi/config/config.go:689.2,689.76 1 1
github.com/muety/wakapi/config/config.go:689.76,691.3 1 0
github.com/muety/wakapi/config/config.go:694.2,694.55 1 1
github.com/muety/wakapi/config/config.go:694.55,696.3 1 0
github.com/muety/wakapi/config/config.go:697.2,697.56 1 1
github.com/muety/wakapi/config/config.go:697.56,699.3 1 0
github.com/muety/wakapi/config/config.go:700.2,700.65 1 1
github.com/muety/wakapi/config/config.go:700.65,702.3 1 0
github.com/muety/wakapi/config/config.go:704.2,710.14 4 1
github.com/muety/wakapi/config/config.go:713.22,723.2 1 0
github.com/muety/wakapi/config/config.go:725.38,728.2 2 0
github.com/muety/wakapi/config/config.go:730.40,732.50 1 1
github.com/muety/wakapi/config/config.go:732.50,735.3 2 1
github.com/muety/wakapi/config/config.go:738.35,742.16 3 1
github.com/muety/wakapi/config/config.go:742.16,744.3 1 0
github.com/muety/wakapi/config/config.go:746.2,753.16 3 1
github.com/muety/wakapi/config/config.go:753.16,755.3 1 0
github.com/muety/wakapi/config/config.go:758.22,770.33 2 1
github.com/muety/wakapi/config/config.go:770.33,775.69 3 1
github.com/muety/wakapi/config/config.go:775.69,779.135 3 1
github.com/muety/wakapi/config/config.go:779.135,782.5 2 0
github.com/muety/wakapi/config/config.go:783.4,783.18 1 1
github.com/muety/wakapi/config/db.go:53.50,54.19 1 0
github.com/muety/wakapi/config/db.go:55.23,59.5 1 0
github.com/muety/wakapi/config/db.go:60.26,63.5 1 0
github.com/muety/wakapi/config/db.go:64.24,65.48 1 0
github.com/muety/wakapi/config/db.go:68.2,68.12 1 0
github.com/muety/wakapi/config/db.go:71.53,72.25 1 1
github.com/muety/wakapi/config/db.go:72.25,74.3 1 0
github.com/muety/wakapi/config/db.go:76.2,78.25 2 1
github.com/muety/wakapi/config/db.go:78.25,80.3 1 1
github.com/muety/wakapi/config/db.go:82.2,90.3 1 1
github.com/muety/wakapi/config/db.go:93.56,94.25 1 1
github.com/muety/wakapi/config/db.go:94.25,96.3 1 0
github.com/muety/wakapi/config/db.go:98.2,99.16 2 1
github.com/muety/wakapi/config/db.go:99.16,101.3 1 0
github.com/muety/wakapi/config/db.go:106.2,113.3 1 1
github.com/muety/wakapi/config/db.go:116.54,118.2 1 1
github.com/muety/wakapi/config/db_opts.go:11.56,13.2 1 0
github.com/muety/wakapi/config/db_opts.go:15.59,17.2 1 0
github.com/muety/wakapi/config/db_opts.go:19.61,21.39 1 0
github.com/muety/wakapi/config/db_opts.go:21.39,23.100 1 0
github.com/muety/wakapi/config/db_opts.go:23.100,25.4 1 0
github.com/muety/wakapi/config/db_opts.go:28.2,28.30 1 0
github.com/muety/wakapi/config/db_opts.go:28.30,29.68 1 0
github.com/muety/wakapi/config/db_opts.go:29.68,31.4 1 0
github.com/muety/wakapi/config/db_opts.go:34.2,34.12 1 0
github.com/muety/wakapi/config/eventbus.go:30.13,32.2 1 1
github.com/muety/wakapi/config/eventbus.go:34.26,36.2 1 0
github.com/muety/wakapi/config/fs.go:9.56,10.19 1 0
github.com/muety/wakapi/config/fs.go:10.19,11.46 1 0
github.com/muety/wakapi/config/fs.go:11.46,13.4 1 0
github.com/muety/wakapi/config/fs.go:14.3,14.98 1 0
github.com/muety/wakapi/config/fs.go:16.2,16.19 1 0
github.com/muety/wakapi/config/jobqueue.go:29.13,31.2 1 1
github.com/muety/wakapi/config/jobqueue.go:33.18,41.2 7 0
github.com/muety/wakapi/config/jobqueue.go:43.48,44.34 1 0
github.com/muety/wakapi/config/jobqueue.go:44.34,46.3 1 0
github.com/muety/wakapi/config/jobqueue.go:47.2,50.12 4 0
github.com/muety/wakapi/config/jobqueue.go:53.44,55.2 1 0
github.com/muety/wakapi/config/jobqueue.go:57.48,58.35 1 0
github.com/muety/wakapi/config/jobqueue.go:58.35,60.3 1 0
github.com/muety/wakapi/config/jobqueue.go:61.2,61.24 1 0
github.com/muety/wakapi/config/jobqueue.go:64.43,66.37 2 0
github.com/muety/wakapi/config/jobqueue.go:66.37,72.3 1 0
github.com/muety/wakapi/config/jobqueue.go:73.2,73.16 1 0
github.com/muety/wakapi/config/jobqueue.go:76.20,77.30 1 0
github.com/muety/wakapi/config/jobqueue.go:77.30,79.3 1 0
github.com/muety/wakapi/config/key_utils.go:10.58,14.44 2 1
github.com/muety/wakapi/config/key_utils.go:14.44,16.17 2 0
github.com/muety/wakapi/config/key_utils.go:16.17,18.4 1 0
github.com/muety/wakapi/config/key_utils.go:19.3,22.17 3 0
github.com/muety/wakapi/config/key_utils.go:22.17,24.4 1 0
github.com/muety/wakapi/config/key_utils.go:25.3,25.46 1 0
github.com/muety/wakapi/config/key_utils.go:29.2,30.16 2 1
github.com/muety/wakapi/config/key_utils.go:30.16,32.3 1 0
github.com/muety/wakapi/config/key_utils.go:33.2,36.51 3 1
github.com/muety/wakapi/config/key_utils.go:36.51,38.3 1 0
github.com/muety/wakapi/config/key_utils.go:39.2,39.45 1 1
github.com/muety/wakapi/config/logging.go:9.29,11.11 2 1
github.com/muety/wakapi/config/logging.go:11.11,13.3 1 1
github.com/muety/wakapi/config/logging.go:13.8,16.62 1 0
github.com/muety/wakapi/config/logging.go:16.62,17.44 1 0
github.com/muety/wakapi/config/logging.go:17.44,21.6 1 0
github.com/muety/wakapi/config/logging.go:22.5,22.13 1 0
github.com/muety/wakapi/config/logging.go:25.2,25.36 1 1
github.com/muety/wakapi/config/oidc.go:32.46,34.2 1 0
github.com/muety/wakapi/config/oidc.go:36.45,38.2 1 0
github.com/muety/wakapi/config/oidc.go:40.48,42.62 1 0
github.com/muety/wakapi/config/oidc.go:42.62,44.3 1 0
github.com/muety/wakapi/config/oidc.go:45.2,45.53 1 0
github.com/muety/wakapi/config/oidc.go:45.53,47.3 1 0
github.com/muety/wakapi/config/oidc.go:48.2,48.52 1 0
github.com/muety/wakapi/config/oidc.go:48.52,50.3 1 0
github.com/muety/wakapi/config/oidc.go:51.2,51.11 1 0
github.com/muety/wakapi/config/oidc.go:56.60,60.16 3 1
github.com/muety/wakapi/config/oidc.go:60.16,63.3 2 0
github.com/muety/wakapi/config/oidc.go:65.2,78.3 2 1
github.com/muety/wakapi/config/oidc.go:81.58,83.9 2 1
github.com/muety/wakapi/config/oidc.go:83.9,85.3 1 0
github.com/muety/wakapi/config/oidc.go:86.2,86.22 1 1
github.com/muety/wakapi/config/oidc.go:89.53,92.2 2 0
github.com/muety/wakapi/config/sentry.go:27.26,29.16 2 1
github.com/muety/wakapi/config/sentry.go:29.16,31.3 1 1
github.com/muety/wakapi/config/sentry.go:33.2,33.136 1 1
github.com/muety/wakapi/config/sentry.go:33.136,35.30 2 0
github.com/muety/wakapi/config/sentry.go:35.30,36.29 1 0
github.com/muety/wakapi/config/sentry.go:36.29,38.5 1 0
github.com/muety/wakapi/config/sentry.go:40.3,40.24 1 0
github.com/muety/wakapi/config/sentry.go:43.2,48.4 1 1
github.com/muety/wakapi/config/sentry.go:51.26,53.25 1 1
github.com/muety/wakapi/config/sentry.go:53.25,55.3 1 1
github.com/muety/wakapi/config/sentry.go:56.2,57.21 2 1
github.com/muety/wakapi/config/sentry.go:60.55,64.2 3 0
github.com/muety/wakapi/config/sentry.go:66.63,69.39 3 0
github.com/muety/wakapi/config/sentry.go:69.39,71.3 1 0
github.com/muety/wakapi/config/sentry.go:72.2,72.11 1 0
github.com/muety/wakapi/config/sentry.go:83.73,91.59 1 0
github.com/muety/wakapi/config/sentry.go:91.59,93.38 2 0
github.com/muety/wakapi/config/sentry.go:93.38,94.38 1 0
github.com/muety/wakapi/config/sentry.go:94.38,96.6 1 0
github.com/muety/wakapi/config/sentry.go:98.4,98.50 1 0
github.com/muety/wakapi/config/sentry.go:98.50,100.5 1 0
github.com/muety/wakapi/config/sentry.go:101.4,101.37 1 0
github.com/muety/wakapi/config/sentry.go:103.79,106.4 1 0
github.com/muety/wakapi/config/sentry.go:107.17,109.3 1 0
github.com/muety/wakapi/config/sentry.go:113.43,115.23 2 0
github.com/muety/wakapi/config/sentry.go:115.23,118.3 2 0
github.com/muety/wakapi/config/sentry.go:119.2,120.16 2 0
github.com/muety/wakapi/config/sentry.go:120.16,122.3 1 0
github.com/muety/wakapi/config/sentry.go:123.2,123.21 1 0
github.com/muety/wakapi/config/session.go:13.46,19.36 2 0
github.com/muety/wakapi/config/session.go:19.36,22.3 2 0
github.com/muety/wakapi/config/session.go:24.2,24.14 1 0
github.com/muety/wakapi/config/session.go:27.46,28.25 1 0
github.com/muety/wakapi/config/session.go:28.25,30.3 1 0
github.com/muety/wakapi/config/session.go:31.2,31.21 1 0
github.com/muety/wakapi/config/session.go:34.26,36.2 1 0
github.com/muety/wakapi/config/shared_data.go:18.34,20.2 1 0
github.com/muety/wakapi/config/testutils.go:3.89,13.2 4 0
github.com/muety/wakapi/helpers/date.go:18.73,19.58 1 0
github.com/muety/wakapi/helpers/date.go:19.58,21.3 1 0
github.com/muety/wakapi/helpers/date.go:22.2,22.87 1 0
github.com/muety/wakapi/helpers/date.go:22.87,24.3 1 0
github.com/muety/wakapi/helpers/date.go:25.2,25.64 1 0
github.com/muety/wakapi/helpers/date.go:28.40,30.2 1 0
github.com/muety/wakapi/helpers/date.go:32.44,34.2 1 0
github.com/muety/wakapi/helpers/date.go:36.49,38.2 1 0
github.com/muety/wakapi/helpers/date.go:40.51,42.39 2 0
github.com/muety/wakapi/helpers/date.go:42.39,44.3 1 0
github.com/muety/wakapi/helpers/date.go:45.2,45.28 1 0
github.com/muety/wakapi/helpers/date.go:48.45,50.2 1 0
github.com/muety/wakapi/helpers/date.go:52.50,58.2 5 0
github.com/muety/wakapi/helpers/http.go:11.94,13.16 2 0
github.com/muety/wakapi/helpers/http.go:13.16,15.3 1 0
github.com/muety/wakapi/helpers/http.go:17.2,17.107 1 0
github.com/muety/wakapi/helpers/http.go:17.107,19.3 1 0
github.com/muety/wakapi/helpers/http.go:21.2,21.22 1 0
github.com/muety/wakapi/helpers/http.go:24.90,27.58 3 0
github.com/muety/wakapi/helpers/http.go:27.58,29.3 1 0
github.com/muety/wakapi/helpers/interval.go:11.66,12.40 1 0
github.com/muety/wakapi/helpers/interval.go:12.40,13.27 1 0
github.com/muety/wakapi/helpers/interval.go:13.27,15.4 1 0
github.com/muety/wakapi/helpers/interval.go:17.2,17.48 1 0
github.com/muety/wakapi/helpers/interval.go:20.61,23.2 2 0
github.com/muety/wakapi/helpers/interval.go:25.114,28.2 2 0
github.com/muety/wakapi/helpers/interval.go:30.121,32.16 2 0
github.com/muety/wakapi/helpers/interval.go:32.16,34.3 1 0
github.com/muety/wakapi/helpers/interval.go:35.2,35.51 1 0
github.com/muety/wakapi/helpers/interval.go:38.131,42.18 3 1
github.com/muety/wakapi/helpers/interval.go:43.28,44.32 1 0
github.com/muety/wakapi/helpers/interval.go:45.32,47.30 2 0
github.com/muety/wakapi/helpers/interval.go:48.30,49.34 1 1
github.com/muety/wakapi/helpers/interval.go:50.31,51.48 1 0
github.com/muety/wakapi/helpers/interval.go:52.31,54.46 2 0
github.com/muety/wakapi/helpers/interval.go:55.32,56.36 1 0
github.com/muety/wakapi/helpers/interval.go:57.32,59.34 2 0
github.com/muety/wakapi/helpers/interval.go:60.31,61.35 1 0
github.com/muety/wakapi/helpers/interval.go:62.32,63.31 1 1
github.com/muety/wakapi/helpers/interval.go:64.41,66.48 2 0
github.com/muety/wakapi/helpers/interval.go:67.33,68.32 1 1
github.com/muety/wakapi/helpers/interval.go:69.33,70.32 1 1
github.com/muety/wakapi/helpers/interval.go:71.34,72.31 1 1
github.com/muety/wakapi/helpers/interval.go:73.35,74.32 1 1
github.com/muety/wakapi/helpers/interval.go:75.26,76.25 1 0
github.com/muety/wakapi/helpers/interval.go:77.10,78.39 1 0
github.com/muety/wakapi/helpers/interval.go:81.2,81.22 1 1
github.com/muety/wakapi/helpers/interval.go:85.65,86.15 1 1
github.com/muety/wakapi/helpers/interval.go:86.15,88.3 1 1
github.com/muety/wakapi/helpers/interval.go:89.2,89.14 1 1
github.com/muety/wakapi/helpers/interval.go:89.14,91.3 1 1
github.com/muety/wakapi/helpers/interval.go:92.2,92.14 1 1
github.com/muety/wakapi/helpers/interval.go:92.14,94.3 1 1
github.com/muety/wakapi/helpers/interval.go:95.2,95.15 1 1
github.com/muety/wakapi/helpers/interval.go:95.15,97.3 1 1
github.com/muety/wakapi/helpers/interval.go:98.2,98.15 1 1
github.com/muety/wakapi/helpers/interval.go:98.15,100.3 1 1
github.com/muety/wakapi/helpers/interval.go:101.2,101.16 1 1
github.com/muety/wakapi/helpers/interval.go:101.16,103.3 1 1
github.com/muety/wakapi/helpers/interval.go:104.2,104.16 1 1
github.com/muety/wakapi/helpers/interval.go:104.16,106.3 1 1
github.com/muety/wakapi/helpers/interval.go:107.2,107.41 1 1
github.com/muety/wakapi/helpers/summary.go:12.73,19.56 5 0
github.com/muety/wakapi/helpers/summary.go:19.56,21.3 1 0
github.com/muety/wakapi/helpers/summary.go:21.8,21.54 1 0
github.com/muety/wakapi/helpers/summary.go:21.54,23.3 1 0
github.com/muety/wakapi/helpers/summary.go:23.8,25.17 2 0
github.com/muety/wakapi/helpers/summary.go:25.17,27.4 1 0
github.com/muety/wakapi/helpers/summary.go:29.3,30.17 2 0
github.com/muety/wakapi/helpers/summary.go:30.17,32.4 1 0
github.com/muety/wakapi/helpers/summary.go:35.2,45.8 3 0
github.com/muety/wakapi/helpers/summary.go:48.59,50.48 2 0
github.com/muety/wakapi/helpers/summary.go:50.48,52.3 1 0
github.com/muety/wakapi/helpers/summary.go:53.2,53.49 1 0
github.com/muety/wakapi/helpers/summary.go:53.49,55.3 1 0
github.com/muety/wakapi/helpers/summary.go:56.2,56.47 1 0
github.com/muety/wakapi/helpers/summary.go:56.47,58.3 1 0
github.com/muety/wakapi/helpers/summary.go:59.2,59.48 1 0
github.com/muety/wakapi/helpers/summary.go:59.48,61.3 1 0
github.com/muety/wakapi/helpers/summary.go:62.2,62.57 1 0
github.com/muety/wakapi/helpers/summary.go:62.57,64.3 1 0
github.com/muety/wakapi/helpers/summary.go:65.2,65.46 1 0
github.com/muety/wakapi/helpers/summary.go:65.46,67.3 1 0
github.com/muety/wakapi/helpers/summary.go:68.2,68.47 1 0
github.com/muety/wakapi/helpers/summary.go:68.47,70.3 1 0
github.com/muety/wakapi/helpers/summary.go:71.2,71.47 1 0
github.com/muety/wakapi/helpers/summary.go:71.47,73.3 1 0
github.com/muety/wakapi/helpers/summary.go:74.2,74.49 1 0
github.com/muety/wakapi/helpers/summary.go:74.49,76.3 1 0
github.com/muety/wakapi/helpers/summary.go:77.2,77.16 1 0
github.com/muety/wakapi/helpers/summary.go:80.48,82.23 2 0
github.com/muety/wakapi/helpers/summary.go:82.23,85.3 2 0
github.com/muety/wakapi/helpers/summary.go:86.2,87.16 2 0
github.com/muety/wakapi/helpers/summary.go:87.16,89.3 1 0
github.com/muety/wakapi/helpers/summary.go:90.2,90.27 1 0
github.com/muety/wakapi/middlewares/authenticate.go:40.91,48.2 1 1
github.com/muety/wakapi/middlewares/authenticate.go:50.91,53.2 2 0
github.com/muety/wakapi/middlewares/authenticate.go:55.100,58.2 2 0
github.com/muety/wakapi/middlewares/authenticate.go:60.90,63.2 2 0
github.com/muety/wakapi/middlewares/authenticate.go:65.99,68.2 2 0
github.com/muety/wakapi/middlewares/authenticate.go:70.101,73.2 2 1
github.com/muety/wakapi/middlewares/authenticate.go:75.71,76.71 1 0
github.com/muety/wakapi/middlewares/authenticate.go:76.71,78.3 1 0
github.com/muety/wakapi/middlewares/authenticate.go:81.107,84.27 2 0
github.com/muety/wakapi/middlewares/authenticate.go:84.27,88.3 1 0
github.com/muety/wakapi/middlewares/authenticate.go:90.2,91.16 2 0
github.com/muety/wakapi/middlewares/authenticate.go:91.16,93.3 1 0
github.com/muety/wakapi/middlewares/authenticate.go:94.2,94.16 1 0
github.com/muety/wakapi/middlewares/authenticate.go:94.16,96.3 1 0
github.com/muety/wakapi/middlewares/authenticate.go:97.2,97.55 1 0
github.com/muety/wakapi/middlewares/authenticate.go:97.55,99.3 1 0
github.com/muety/wakapi/middlewares/authenticate.go:101.2,101.31 1 0
github.com/muety/wakapi/middlewares/authenticate.go:101.31,102.22 1 0
github.com/muety/wakapi/middlewares/authenticate.go:102.22,105.4 2 0
github.com/muety/wakapi/middlewares/authenticate.go:107.3,107.29 1 0
github.com/muety/wakapi/middlewares/authenticate.go:107.29,110.4 2 0
github.com/muety/wakapi/middlewares/authenticate.go:110.9,111.36 1 0
github.com/muety/wakapi/middlewares/authenticate.go:111.36,115.5 3 0
github.com/muety/wakapi/middlewares/authenticate.go:116.4,117.59 2 0
github.com/muety/wakapi/middlewares/authenticate.go:119.3,119.9 1 0
github.com/muety/wakapi/middlewares/authenticate.go:122.2,123.12 2 0
github.com/muety/wakapi/middlewares/authenticate.go:126.67,127.39 1 0
github.com/muety/wakapi/middlewares/authenticate.go:127.39,128.58 1 0
github.com/muety/wakapi/middlewares/authenticate.go:128.58,130.4 1 0
github.com/muety/wakapi/middlewares/authenticate.go:132.2,132.41 1 0
github.com/muety/wakapi/middlewares/authenticate.go:132.41,133.37 1 0
github.com/muety/wakapi/middlewares/authenticate.go:133.37,135.4 1 0
github.com/muety/wakapi/middlewares/authenticate.go:137.2,137.14 1 0
github.com/muety/wakapi/middlewares/authenticate.go:140.98,142.16 2 1
github.com/muety/wakapi/middlewares/authenticate.go:142.16,144.3 1 1
github.com/muety/wakapi/middlewares/authenticate.go:146.2,149.16 4 1
github.com/muety/wakapi/middlewares/authenticate.go:149.16,151.3 1 1
github.com/muety/wakapi/middlewares/authenticate.go:152.2,152.18 1 1
github.com/muety/wakapi/middlewares/authenticate.go:155.97,159.19 4 1
github.com/muety/wakapi/middlewares/authenticate.go:159.19,161.3 1 1
github.com/muety/wakapi/middlewares/authenticate.go:162.2,163.16 2 1
github.com/muety/wakapi/middlewares/authenticate.go:163.16,165.3 1 0
github.com/muety/wakapi/middlewares/authenticate.go:166.2,166.18 1 1
github.com/muety/wakapi/middlewares/authenticate.go:169.112,170.42 1 1
github.com/muety/wakapi/middlewares/authenticate.go:170.42,172.3 1 1
github.com/muety/wakapi/middlewares/authenticate.go:173.2,176.22 3 1
github.com/muety/wakapi/middlewares/authenticate.go:176.22,178.3 1 0
github.com/muety/wakapi/middlewares/authenticate.go:179.2,179.170 1 1
github.com/muety/wakapi/middlewares/authenticate.go:179.170,181.3 1 1
github.com/muety/wakapi/middlewares/authenticate.go:181.5,183.3 1 1
github.com/muety/wakapi/middlewares/authenticate.go:185.2,186.16 2 1
github.com/muety/wakapi/middlewares/authenticate.go:186.16,188.3 1 1
github.com/muety/wakapi/middlewares/authenticate.go:190.2,190.50 1 1
github.com/muety/wakapi/middlewares/authenticate.go:190.50,192.3 1 1
github.com/muety/wakapi/middlewares/authenticate.go:195.2,201.68 3 1
github.com/muety/wakapi/middlewares/authenticate.go:201.68,203.3 1 0
github.com/muety/wakapi/middlewares/authenticate.go:204.2,204.43 1 1
github.com/muety/wakapi/middlewares/authenticate.go:207.92,209.16 2 0
github.com/muety/wakapi/middlewares/authenticate.go:209.16,211.3 1 0
github.com/muety/wakapi/middlewares/authenticate.go:213.2,214.16 2 0
github.com/muety/wakapi/middlewares/authenticate.go:214.16,216.3 1 0
github.com/muety/wakapi/middlewares/authenticate.go:221.2,221.18 1 0
github.com/muety/wakapi/middlewares/authenticate.go:226.93,228.20 2 1
github.com/muety/wakapi/middlewares/authenticate.go:228.20,230.3 1 1
github.com/muety/wakapi/middlewares/authenticate.go:232.2,232.24 1 1
github.com/muety/wakapi/middlewares/authenticate.go:232.24,234.17 2 1
github.com/muety/wakapi/middlewares/authenticate.go:234.17,237.4 2 0
github.com/muety/wakapi/middlewares/authenticate.go:239.3,239.85 1 1
github.com/muety/wakapi/middlewares/authenticate.go:239.85,242.4 2 1
github.com/muety/wakapi/middlewares/authenticate.go:244.3,246.14 3 1
github.com/muety/wakapi/middlewares/authenticate.go:249.2,249.14 1 1
github.com/muety/wakapi/middlewares/filetype.go:13.83,14.43 1 0
github.com/muety/wakapi/middlewares/filetype.go:14.43,19.3 1 0
github.com/muety/wakapi/middlewares/filetype.go:22.84,24.34 2 0
github.com/muety/wakapi/middlewares/filetype.go:24.34,25.50 1 0
github.com/muety/wakapi/middlewares/filetype.go:25.50,29.4 3 0
github.com/muety/wakapi/middlewares/filetype.go:31.2,31.27 1 0
github.com/muety/wakapi/middlewares/logging.go:21.102,22.43 1 0
github.com/muety/wakapi/middlewares/logging.go:22.43,28.3 1 0
github.com/muety/wakapi/middlewares/logging.go:31.80,40.44 7 0
github.com/muety/wakapi/middlewares/logging.go:40.44,41.38 1 0
github.com/muety/wakapi/middlewares/logging.go:41.38,43.4 1 0
github.com/muety/wakapi/middlewares/logging.go:46.2,54.3 1 0
github.com/muety/wakapi/middlewares/logging.go:57.41,59.14 2 0
github.com/muety/wakapi/middlewares/logging.go:59.14,61.3 1 0
github.com/muety/wakapi/middlewares/logging.go:62.2,62.14 1 0
github.com/muety/wakapi/middlewares/logging.go:62.14,64.3 1 0
github.com/muety/wakapi/middlewares/logging.go:65.2,65.11 1 0
github.com/muety/wakapi/middlewares/logging.go:68.41,69.42 1 0
github.com/muety/wakapi/middlewares/logging.go:69.42,71.3 1 0
github.com/muety/wakapi/middlewares/logging.go:72.2,72.12 1 0
github.com/muety/wakapi/middlewares/logging.go:103.52,105.2 1 0
github.com/muety/wakapi/middlewares/logging.go:117.45,118.20 1 0
github.com/muety/wakapi/middlewares/logging.go:118.20,122.3 3 0
github.com/muety/wakapi/middlewares/logging.go:124.54,127.18 3 0
github.com/muety/wakapi/middlewares/logging.go:127.18,130.17 2 0
github.com/muety/wakapi/middlewares/logging.go:130.17,132.4 1 0
github.com/muety/wakapi/middlewares/logging.go:134.2,135.15 2 0
github.com/muety/wakapi/middlewares/logging.go:137.42,138.20 1 0
github.com/muety/wakapi/middlewares/logging.go:138.20,140.3 1 0
github.com/muety/wakapi/middlewares/logging.go:142.36,144.2 1 0
github.com/muety/wakapi/middlewares/logging.go:145.42,147.2 1 0
github.com/muety/wakapi/middlewares/logging.go:148.40,150.2 1 0
github.com/muety/wakapi/middlewares/logging.go:151.52,153.2 1 0
github.com/muety/wakapi/middlewares/principal.go:10.55,12.2 1 0
github.com/muety/wakapi/middlewares/principal.go:14.49,16.2 1 0
github.com/muety/wakapi/middlewares/security.go:19.62,20.43 1 0
github.com/muety/wakapi/middlewares/security.go:20.43,22.3 1 0
github.com/muety/wakapi/middlewares/security.go:25.80,26.36 1 0
github.com/muety/wakapi/middlewares/security.go:26.36,27.30 1 0
github.com/muety/wakapi/middlewares/security.go:27.30,29.4 1 0
github.com/muety/wakapi/middlewares/security.go:31.2,31.27 1 0
github.com/muety/wakapi/middlewares/sentry.go:15.60,16.43 1 0
github.com/muety/wakapi/middlewares/sentry.go:16.43,20.3 1 0
github.com/muety/wakapi/middlewares/sentry.go:23.78,26.54 3 0
github.com/muety/wakapi/middlewares/sentry.go:26.54,27.43 1 0
github.com/muety/wakapi/middlewares/sentry.go:27.43,29.4 1 0
github.com/muety/wakapi/middlewares/shared_data.go:32.64,33.43 1 0
github.com/muety/wakapi/middlewares/shared_data.go:33.43,35.3 1 0
github.com/muety/wakapi/middlewares/shared_data.go:38.82,42.2 3 0
github.com/muety/wakapi/models/alias.go:20.32,25.2 1 0
github.com/muety/wakapi/models/alias.go:27.37,28.35 1 0
github.com/muety/wakapi/models/alias.go:28.35,29.18 1 0
github.com/muety/wakapi/models/alias.go:29.18,31.4 1 0
github.com/muety/wakapi/models/alias.go:33.2,33.14 1 0
github.com/muety/wakapi/models/alias.go:36.41,37.72 1 0
github.com/muety/wakapi/models/alias.go:37.72,39.3 1 0
github.com/muety/wakapi/models/alias.go:40.2,43.20 4 0
github.com/muety/wakapi/models/api_key.go:11.33,13.2 1 0
github.com/muety/wakapi/models/canonical_names.go:16.19,23.2 2 0
github.com/muety/wakapi/models/canonical_names.go:25.59,26.27 1 0
github.com/muety/wakapi/models/canonical_names.go:26.27,28.3 1 0
github.com/muety/wakapi/models/canonical_names.go:30.2,30.46 1 0
github.com/muety/wakapi/models/canonical_names.go:30.46,32.3 1 0
github.com/muety/wakapi/models/canonical_names.go:34.2,35.64 2 0
github.com/muety/wakapi/models/canonical_names.go:35.64,37.3 1 0
github.com/muety/wakapi/models/canonical_names.go:39.2,39.34 1 0
github.com/muety/wakapi/models/duration.go:38.40,40.2 1 0
github.com/muety/wakapi/models/duration.go:42.75,43.23 1 0
github.com/muety/wakapi/models/duration.go:43.23,45.3 1 0
github.com/muety/wakapi/models/duration.go:46.2,52.35 1 0
github.com/muety/wakapi/models/duration.go:52.35,54.3 1 0
github.com/muety/wakapi/models/duration.go:55.2,55.18 1 0
github.com/muety/wakapi/models/duration.go:58.55,60.53 2 0
github.com/muety/wakapi/models/duration.go:60.53,62.3 1 0
github.com/muety/wakapi/models/duration.go:64.2,79.10 2 0
github.com/muety/wakapi/models/duration.go:82.50,85.2 2 0
github.com/muety/wakapi/models/duration.go:87.66,90.2 2 0
github.com/muety/wakapi/models/duration.go:92.39,94.16 2 0
github.com/muety/wakapi/models/duration.go:94.16,96.3 1 0
github.com/muety/wakapi/models/duration.go:97.2,98.10 2 0
github.com/muety/wakapi/models/duration.go:101.76,102.48 1 0
github.com/muety/wakapi/models/duration.go:102.48,104.10 2 0
github.com/muety/wakapi/models/duration.go:104.10,105.12 1 0
github.com/muety/wakapi/models/duration.go:107.3,107.77 1 0
github.com/muety/wakapi/models/duration.go:107.77,109.4 1 0
github.com/muety/wakapi/models/duration.go:111.2,111.10 1 0
github.com/muety/wakapi/models/duration.go:114.49,115.11 1 0
github.com/muety/wakapi/models/duration.go:116.22,117.18 1 0
github.com/muety/wakapi/models/duration.go:118.21,119.17 1 0
github.com/muety/wakapi/models/duration.go:120.23,121.19 1 0
github.com/muety/wakapi/models/duration.go:122.17,123.26 1 0
github.com/muety/wakapi/models/duration.go:124.22,125.18 1 0
github.com/muety/wakapi/models/duration.go:126.21,127.17 1 0
github.com/muety/wakapi/models/duration.go:128.21,129.17 1 0
github.com/muety/wakapi/models/duration.go:130.23,131.19 1 0
github.com/muety/wakapi/models/duration.go:134.2,134.15 1 0
github.com/muety/wakapi/models/duration.go:134.15,136.3 1 0
github.com/muety/wakapi/models/duration.go:138.2,138.12 1 0
github.com/muety/wakapi/models/durations.go:7.30,9.2 1 0
github.com/muety/wakapi/models/durations.go:11.40,13.2 1 0
github.com/muety/wakapi/models/durations.go:15.35,17.2 1 0
github.com/muety/wakapi/models/durations.go:19.45,21.22 2 0
github.com/muety/wakapi/models/durations.go:21.22,23.3 1 0
github.com/muety/wakapi/models/durations.go:24.2,24.14 1 0
github.com/muety/wakapi/models/durations.go:27.39,30.2 2 0
github.com/muety/wakapi/models/durations.go:32.39,34.18 1 0
github.com/muety/wakapi/models/durations.go:34.18,36.3 1 0
github.com/muety/wakapi/models/durations.go:37.2,37.16 1 0
github.com/muety/wakapi/models/durations.go:40.38,42.18 1 0
github.com/muety/wakapi/models/durations.go:42.18,44.3 1 0
github.com/muety/wakapi/models/durations.go:45.2,45.24 1 0
github.com/muety/wakapi/models/durations.go:48.76,49.25 1 0
github.com/muety/wakapi/models/durations.go:49.25,51.3 1 0
github.com/muety/wakapi/models/durations.go:52.2,52.10 1 0
github.com/muety/wakapi/models/filters.go:25.33,27.2 1 1
github.com/muety/wakapi/models/filters.go:29.48,30.22 1 1
github.com/muety/wakapi/models/filters.go:30.22,31.48 1 1
github.com/muety/wakapi/models/filters.go:31.48,33.4 1 1
github.com/muety/wakapi/models/filters.go:35.2,35.14 1 1
github.com/muety/wakapi/models/filters.go:43.56,45.2 1 1
github.com/muety/wakapi/models/filters.go:47.66,50.2 2 1
github.com/muety/wakapi/models/filters.go:52.59,54.2 1 1
github.com/muety/wakapi/models/filters.go:56.53,59.33 1 0
github.com/muety/wakapi/models/filters.go:59.33,61.3 1 0
github.com/muety/wakapi/models/filters.go:62.2,62.10 1 0
github.com/muety/wakapi/models/filters.go:65.70,66.16 1 1
github.com/muety/wakapi/models/filters.go:67.22,68.41 1 1
github.com/muety/wakapi/models/filters.go:69.17,70.31 1 0
github.com/muety/wakapi/models/filters.go:71.23,72.43 1 1
github.com/muety/wakapi/models/filters.go:73.21,74.39 1 0
github.com/muety/wakapi/models/filters.go:75.22,76.41 1 0
github.com/muety/wakapi/models/filters.go:77.20,78.37 1 1
github.com/muety/wakapi/models/filters.go:79.21,80.39 1 0
github.com/muety/wakapi/models/filters.go:81.21,82.39 1 0
github.com/muety/wakapi/models/filters.go:83.23,84.43 1 0
github.com/muety/wakapi/models/filters.go:86.2,86.10 1 1
github.com/muety/wakapi/models/filters.go:89.49,90.44 1 1
github.com/muety/wakapi/models/filters.go:90.44,92.3 1 1
github.com/muety/wakapi/models/filters.go:92.8,92.41 1 1
github.com/muety/wakapi/models/filters.go:92.41,94.3 1 0
github.com/muety/wakapi/models/filters.go:94.8,94.53 1 1
github.com/muety/wakapi/models/filters.go:94.53,96.3 1 1
github.com/muety/wakapi/models/filters.go:96.8,96.49 1 1
github.com/muety/wakapi/models/filters.go:96.49,98.3 1 0
github.com/muety/wakapi/models/filters.go:98.8,98.51 1 1
github.com/muety/wakapi/models/filters.go:98.51,100.3 1 0
github.com/muety/wakapi/models/filters.go:100.8,100.47 1 1
github.com/muety/wakapi/models/filters.go:100.47,102.3 1 0
github.com/muety/wakapi/models/filters.go:102.8,102.49 1 1
github.com/muety/wakapi/models/filters.go:102.49,104.3 1 0
github.com/muety/wakapi/models/filters.go:104.8,104.49 1 1
github.com/muety/wakapi/models/filters.go:104.49,106.3 1 0
github.com/muety/wakapi/models/filters.go:106.8,106.53 1 1
github.com/muety/wakapi/models/filters.go:106.53,108.3 1 0
github.com/muety/wakapi/models/filters.go:109.2,109.29 1 1
github.com/muety/wakapi/models/filters.go:112.46,113.30 1 1
github.com/muety/wakapi/models/filters.go:113.30,115.3 1 1
github.com/muety/wakapi/models/filters.go:116.2,116.66 1 0
github.com/muety/wakapi/models/filters.go:119.34,122.2 2 1
github.com/muety/wakapi/models/filters.go:124.31,126.51 2 0
github.com/muety/wakapi/models/filters.go:126.51,128.3 1 0
github.com/muety/wakapi/models/filters.go:129.2,129.14 1 0
github.com/muety/wakapi/models/filters.go:132.44,134.51 2 0
github.com/muety/wakapi/models/filters.go:134.51,135.27 1 0
github.com/muety/wakapi/models/filters.go:135.27,137.4 1 0
github.com/muety/wakapi/models/filters.go:139.2,139.14 1 0
github.com/muety/wakapi/models/filters.go:142.49,144.2 1 0
github.com/muety/wakapi/models/filters.go:146.37,148.51 2 0
github.com/muety/wakapi/models/filters.go:148.51,149.35 1 0
github.com/muety/wakapi/models/filters.go:149.35,151.4 1 0
github.com/muety/wakapi/models/filters.go:153.2,153.14 1 0
github.com/muety/wakapi/models/filters.go:156.57,157.18 1 0
github.com/muety/wakapi/models/filters.go:158.22,159.20 1 0
github.com/muety/wakapi/models/filters.go:160.23,161.21 1 0
github.com/muety/wakapi/models/filters.go:162.21,163.19 1 0
github.com/muety/wakapi/models/filters.go:164.17,165.15 1 0
github.com/muety/wakapi/models/filters.go:166.22,167.20 1 0
github.com/muety/wakapi/models/filters.go:168.20,169.18 1 0
github.com/muety/wakapi/models/filters.go:170.21,171.19 1 0
github.com/muety/wakapi/models/filters.go:172.21,173.19 1 0
github.com/muety/wakapi/models/filters.go:174.23,175.21 1 0
github.com/muety/wakapi/models/filters.go:176.10,177.21 1 0
github.com/muety/wakapi/models/filters.go:181.33,183.16 2 0
github.com/muety/wakapi/models/filters.go:183.16,185.3 1 0
github.com/muety/wakapi/models/filters.go:186.2,186.32 1 0
github.com/muety/wakapi/models/filters.go:189.53,196.2 1 1
github.com/muety/wakapi/models/filters.go:198.51,205.2 1 0
github.com/muety/wakapi/models/filters.go:208.70,209.22 1 1
github.com/muety/wakapi/models/filters.go:209.22,211.31 2 1
github.com/muety/wakapi/models/filters.go:211.31,214.4 2 1
github.com/muety/wakapi/models/filters.go:215.3,215.22 1 1
github.com/muety/wakapi/models/filters.go:217.2,217.17 1 1
github.com/muety/wakapi/models/filters.go:217.17,219.26 2 0
github.com/muety/wakapi/models/filters.go:219.26,222.4 2 0
github.com/muety/wakapi/models/filters.go:223.3,223.17 1 0
github.com/muety/wakapi/models/filters.go:225.2,225.23 1 1
github.com/muety/wakapi/models/filters.go:225.23,227.32 2 1
github.com/muety/wakapi/models/filters.go:227.32,230.4 2 1
github.com/muety/wakapi/models/filters.go:231.3,231.23 1 1
github.com/muety/wakapi/models/filters.go:233.2,233.21 1 1
github.com/muety/wakapi/models/filters.go:233.21,235.30 2 0
github.com/muety/wakapi/models/filters.go:235.30,238.4 2 0
github.com/muety/wakapi/models/filters.go:239.3,239.21 1 0
github.com/muety/wakapi/models/filters.go:241.2,241.22 1 1
github.com/muety/wakapi/models/filters.go:241.22,243.31 2 0
github.com/muety/wakapi/models/filters.go:243.31,246.4 2 0
github.com/muety/wakapi/models/filters.go:247.3,247.22 1 0
github.com/muety/wakapi/models/filters.go:249.2,249.21 1 1
github.com/muety/wakapi/models/filters.go:249.21,251.30 2 0
github.com/muety/wakapi/models/filters.go:251.30,254.4 2 0
github.com/muety/wakapi/models/filters.go:255.3,255.21 1 0
github.com/muety/wakapi/models/filters.go:257.2,257.23 1 1
github.com/muety/wakapi/models/filters.go:257.23,259.32 2 0
github.com/muety/wakapi/models/filters.go:259.32,262.4 2 0
github.com/muety/wakapi/models/filters.go:263.3,263.23 1 0
github.com/muety/wakapi/models/filters.go:266.2,266.10 1 1
github.com/muety/wakapi/models/filters.go:269.83,270.41 1 1
github.com/muety/wakapi/models/filters.go:270.41,272.3 1 0
github.com/muety/wakapi/models/filters.go:273.2,273.28 1 1
github.com/muety/wakapi/models/filters.go:273.28,275.3 1 1
github.com/muety/wakapi/models/filters.go:276.2,276.10 1 1
github.com/muety/wakapi/models/filters.go:279.43,281.2 1 0
github.com/muety/wakapi/models/heartbeat.go:45.34,47.2 1 1
github.com/muety/wakapi/models/heartbeat.go:49.55,52.2 2 0
github.com/muety/wakapi/models/heartbeat.go:54.43,58.22 4 0
github.com/muety/wakapi/models/heartbeat.go:58.22,59.44 1 0
github.com/muety/wakapi/models/heartbeat.go:59.44,61.4 1 0
github.com/muety/wakapi/models/heartbeat.go:61.9,61.50 1 0
github.com/muety/wakapi/models/heartbeat.go:61.50,63.4 1 0
github.com/muety/wakapi/models/heartbeat.go:66.2,66.10 1 0
github.com/muety/wakapi/models/heartbeat.go:69.65,71.46 2 1
github.com/muety/wakapi/models/heartbeat.go:71.46,72.108 1 1
github.com/muety/wakapi/models/heartbeat.go:72.108,75.4 2 1
github.com/muety/wakapi/models/heartbeat.go:79.50,80.11 1 1
github.com/muety/wakapi/models/heartbeat.go:81.22,82.18 1 1
github.com/muety/wakapi/models/heartbeat.go:83.21,84.17 1 1
github.com/muety/wakapi/models/heartbeat.go:85.23,86.19 1 1
github.com/muety/wakapi/models/heartbeat.go:87.17,88.26 1 1
github.com/muety/wakapi/models/heartbeat.go:89.22,90.18 1 1
github.com/muety/wakapi/models/heartbeat.go:91.21,92.17 1 0
github.com/muety/wakapi/models/heartbeat.go:93.21,94.17 1 0
github.com/muety/wakapi/models/heartbeat.go:95.23,96.19 1 1
github.com/muety/wakapi/models/heartbeat.go:99.2,99.15 1 1
github.com/muety/wakapi/models/heartbeat.go:99.15,101.3 1 1
github.com/muety/wakapi/models/heartbeat.go:103.2,103.12 1 1
github.com/muety/wakapi/models/heartbeat.go:106.48,108.2 1 0
github.com/muety/wakapi/models/heartbeat.go:110.49,112.2 1 0
github.com/muety/wakapi/models/heartbeat.go:114.50,116.2 1 0
github.com/muety/wakapi/models/heartbeat.go:118.43,120.2 1 0
github.com/muety/wakapi/models/heartbeat.go:122.41,123.29 1 0
github.com/muety/wakapi/models/heartbeat.go:123.29,125.3 1 0
github.com/muety/wakapi/models/heartbeat.go:126.2,126.30 1 0
github.com/muety/wakapi/models/heartbeat.go:126.30,128.3 1 0
github.com/muety/wakapi/models/heartbeat.go:129.2,129.31 1 0
github.com/muety/wakapi/models/heartbeat.go:129.31,131.3 1 0
github.com/muety/wakapi/models/heartbeat.go:134.37,150.2 1 0
github.com/muety/wakapi/models/heartbeat.go:158.41,160.16 2 1
github.com/muety/wakapi/models/heartbeat.go:160.16,162.3 1 0
github.com/muety/wakapi/models/heartbeat.go:163.2,164.10 2 1
github.com/muety/wakapi/models/heartbeat.go:167.38,179.2 1 0
github.com/muety/wakapi/models/heartbeats.go:7.31,9.2 1 0
github.com/muety/wakapi/models/heartbeats.go:11.41,13.2 1 0
github.com/muety/wakapi/models/heartbeats.go:15.36,17.2 1 0
github.com/muety/wakapi/models/heartbeats.go:19.43,22.2 2 0
github.com/muety/wakapi/models/heartbeats.go:24.41,26.18 1 0
github.com/muety/wakapi/models/heartbeats.go:26.18,28.3 1 0
github.com/muety/wakapi/models/heartbeats.go:29.2,29.16 1 0
github.com/muety/wakapi/models/heartbeats.go:32.40,34.18 1 0
github.com/muety/wakapi/models/heartbeats.go:34.18,36.3 1 0
github.com/muety/wakapi/models/heartbeats.go:37.2,37.24 1 0
github.com/muety/wakapi/models/interval.go:47.47,48.23 1 0
github.com/muety/wakapi/models/interval.go:48.23,49.13 1 0
github.com/muety/wakapi/models/interval.go:49.13,51.4 1 0
github.com/muety/wakapi/models/interval.go:53.2,53.14 1 0
github.com/muety/wakapi/models/interval.go:56.49,57.23 1 0
github.com/muety/wakapi/models/interval.go:57.23,58.34 1 0
github.com/muety/wakapi/models/interval.go:58.34,60.4 1 0
github.com/muety/wakapi/models/interval.go:62.2,62.11 1 0
github.com/muety/wakapi/models/language_mapping.go:11.42,13.2 1 0
github.com/muety/wakapi/models/language_mapping.go:15.51,17.2 1 0
github.com/muety/wakapi/models/language_mapping.go:19.52,21.2 1 0
github.com/muety/wakapi/models/leaderboard.go:28.73,30.2 1 0
github.com/muety/wakapi/models/leaderboard.go:39.56,40.103 1 0
github.com/muety/wakapi/models/leaderboard.go:40.103,42.3 1 0
github.com/muety/wakapi/models/leaderboard.go:42.13,44.3 1 0
github.com/muety/wakapi/models/leaderboard.go:47.63,48.29 1 0
github.com/muety/wakapi/models/leaderboard.go:48.29,50.3 1 0
github.com/muety/wakapi/models/leaderboard.go:54.37,55.94 1 0
github.com/muety/wakapi/models/leaderboard.go:55.94,57.3 1 0
github.com/muety/wakapi/models/leaderboard.go:60.41,61.123 1 0
github.com/muety/wakapi/models/leaderboard.go:61.123,63.3 1 0
github.com/muety/wakapi/models/leaderboard.go:66.50,68.2 1 0
github.com/muety/wakapi/models/leaderboard.go:71.60,72.109 1 0
github.com/muety/wakapi/models/leaderboard.go:72.109,74.3 1 0
github.com/muety/wakapi/models/leaderboard.go:75.2,75.15 1 0
github.com/muety/wakapi/models/leaderboard.go:78.65,79.95 1 0
github.com/muety/wakapi/models/leaderboard.go:79.95,81.3 1 0
github.com/muety/wakapi/models/leaderboard.go:84.49,85.114 1 0
github.com/muety/wakapi/models/leaderboard.go:85.114,87.3 1 0
github.com/muety/wakapi/models/leaderboard.go:90.68,93.25 2 0
github.com/muety/wakapi/models/leaderboard.go:93.25,94.58 1 0
github.com/muety/wakapi/models/leaderboard.go:94.58,95.12 1 0
github.com/muety/wakapi/models/leaderboard.go:97.3,98.38 2 0
github.com/muety/wakapi/models/leaderboard.go:98.38,100.4 1 0
github.com/muety/wakapi/models/leaderboard.go:101.3,101.40 1 0
github.com/muety/wakapi/models/leaderboard.go:104.2,104.184 1 0
github.com/muety/wakapi/models/leaderboard.go:104.184,106.3 1 0
github.com/muety/wakapi/models/leaderboard.go:107.2,107.67 1 0
github.com/muety/wakapi/models/leaderboard.go:107.67,109.3 1 0
github.com/muety/wakapi/models/leaderboard.go:111.2,111.15 1 0
github.com/muety/wakapi/models/leaderboard.go:114.70,115.128 1 0
github.com/muety/wakapi/models/leaderboard.go:115.128,117.3 1 0
github.com/muety/wakapi/models/leaderboard.go:120.89,121.107 1 0
github.com/muety/wakapi/models/leaderboard.go:121.107,123.3 1 0
github.com/muety/wakapi/models/leaderboard.go:126.45,128.25 2 0
github.com/muety/wakapi/models/leaderboard.go:128.25,129.43 1 0
github.com/muety/wakapi/models/leaderboard.go:129.43,131.4 1 0
github.com/muety/wakapi/models/leaderboard.go:133.2,133.19 1 0
github.com/muety/wakapi/models/mail.go:25.44,29.2 3 0
github.com/muety/wakapi/models/mail.go:31.44,35.2 3 0
github.com/muety/wakapi/models/mail.go:37.34,38.18 1 0
github.com/muety/wakapi/models/mail.go:38.18,40.3 1 0
github.com/muety/wakapi/models/mail.go:41.2,41.21 1 0
github.com/muety/wakapi/models/mail.go:41.21,43.3 1 0
github.com/muety/wakapi/models/mail.go:44.2,44.23 1 0
github.com/muety/wakapi/models/mail.go:44.23,46.3 1 0
github.com/muety/wakapi/models/mail.go:47.2,47.10 1 0
github.com/muety/wakapi/models/mail.go:50.32,67.29 2 0
github.com/muety/wakapi/models/mail.go:67.29,69.3 1 0
github.com/muety/wakapi/models/mail.go:71.2,71.56 1 0
github.com/muety/wakapi/models/mail.go:74.41,76.2 1 0
github.com/muety/wakapi/models/mail_address.go:18.13,21.2 2 1
github.com/muety/wakapi/models/mail_address.go:27.38,29.2 1 0
github.com/muety/wakapi/models/mail_address.go:31.35,33.21 2 1
github.com/muety/wakapi/models/mail_address.go:33.21,34.21 1 1
github.com/muety/wakapi/models/mail_address.go:34.21,36.4 1 1
github.com/muety/wakapi/models/mail_address.go:37.3,37.18 1 1
github.com/muety/wakapi/models/mail_address.go:39.2,39.11 1 1
github.com/muety/wakapi/models/mail_address.go:42.38,44.21 2 0
github.com/muety/wakapi/models/mail_address.go:44.21,46.3 1 0
github.com/muety/wakapi/models/mail_address.go:47.2,47.17 1 0
github.com/muety/wakapi/models/mail_address.go:50.35,52.2 1 1
github.com/muety/wakapi/models/mail_address.go:54.43,56.22 2 0
github.com/muety/wakapi/models/mail_address.go:56.22,58.3 1 0
github.com/muety/wakapi/models/mail_address.go:59.2,59.12 1 0
github.com/muety/wakapi/models/mail_address.go:62.46,64.22 2 1
github.com/muety/wakapi/models/mail_address.go:64.22,66.3 1 1
github.com/muety/wakapi/models/mail_address.go:67.2,67.12 1 1
github.com/muety/wakapi/models/mail_address.go:70.40,71.22 1 1
github.com/muety/wakapi/models/mail_address.go:71.22,72.17 1 1
github.com/muety/wakapi/models/mail_address.go:72.17,74.4 1 1
github.com/muety/wakapi/models/mail_address.go:76.2,76.13 1 1
github.com/muety/wakapi/models/models.go:3.14,5.2 0 1
github.com/muety/wakapi/models/project_label.go:14.39,16.2 1 0
github.com/muety/wakapi/models/shared.go:52.77,57.66 2 0
github.com/muety/wakapi/models/shared.go:57.66,59.3 1 0
github.com/muety/wakapi/models/shared.go:59.8,59.72 1 0
github.com/muety/wakapi/models/shared.go:59.73,61.3 0 0
github.com/muety/wakapi/models/shared.go:63.2,63.56 1 0
github.com/muety/wakapi/models/shared.go:63.56,64.54 1 0
github.com/muety/wakapi/models/shared.go:64.54,66.4 1 0
github.com/muety/wakapi/models/shared.go:69.2,69.10 1 0
github.com/muety/wakapi/models/shared.go:72.52,74.2 1 0
github.com/muety/wakapi/models/shared.go:76.52,79.16 3 1
github.com/muety/wakapi/models/shared.go:79.16,81.3 1 0
github.com/muety/wakapi/models/shared.go:82.2,84.12 3 1
github.com/muety/wakapi/models/shared.go:87.52,93.22 2 0
github.com/muety/wakapi/models/shared.go:94.14,98.17 2 0
github.com/muety/wakapi/models/shared.go:98.17,100.4 1 0
github.com/muety/wakapi/models/shared.go:101.3,101.17 1 0
github.com/muety/wakapi/models/shared.go:101.17,103.4 1 0
github.com/muety/wakapi/models/shared.go:104.17,106.8 2 0
github.com/muety/wakapi/models/shared.go:107.10,108.64 1 0
github.com/muety/wakapi/models/shared.go:113.2,113.23 1 0
github.com/muety/wakapi/models/shared.go:113.23,116.3 2 0
github.com/muety/wakapi/models/shared.go:117.2,117.26 1 0
github.com/muety/wakapi/models/shared.go:117.26,119.3 1 0
github.com/muety/wakapi/models/shared.go:121.2,124.12 3 0
github.com/muety/wakapi/models/shared.go:127.51,129.2 1 0
github.com/muety/wakapi/models/shared.go:131.45,133.2 1 1
github.com/muety/wakapi/models/shared.go:135.37,137.2 1 0
github.com/muety/wakapi/models/shared.go:139.35,141.2 1 1
github.com/muety/wakapi/models/shared.go:143.34,145.2 1 0
github.com/muety/wakapi/models/summary.go:83.29,85.2 1 1
github.com/muety/wakapi/models/summary.go:87.35,89.2 1 0
github.com/muety/wakapi/models/summary.go:91.38,93.2 1 0
github.com/muety/wakapi/models/summary.go:95.33,107.2 1 0
github.com/muety/wakapi/models/summary.go:109.37,120.2 10 1
github.com/muety/wakapi/models/summary.go:122.35,124.2 1 1
github.com/muety/wakapi/models/summary.go:126.57,138.2 1 1
github.com/muety/wakapi/models/summary.go:140.62,141.21 1 1
github.com/muety/wakapi/models/summary.go:142.22,143.21 1 1
github.com/muety/wakapi/models/summary.go:144.23,145.22 1 1
github.com/muety/wakapi/models/summary.go:146.21,147.20 1 1
github.com/muety/wakapi/models/summary.go:148.17,149.29 1 1
github.com/muety/wakapi/models/summary.go:150.22,151.21 1 1
github.com/muety/wakapi/models/summary.go:152.20,153.19 1 1
github.com/muety/wakapi/models/summary.go:154.21,155.21 1 1
github.com/muety/wakapi/models/summary.go:156.21,157.21 1 1
github.com/muety/wakapi/models/summary.go:158.23,159.23 1 1
github.com/muety/wakapi/models/summary.go:161.2,161.12 1 0
github.com/muety/wakapi/models/summary.go:164.69,165.21 1 1
github.com/muety/wakapi/models/summary.go:166.22,168.8 2 1
github.com/muety/wakapi/models/summary.go:169.23,171.8 2 0
github.com/muety/wakapi/models/summary.go:172.21,174.8 2 0
github.com/muety/wakapi/models/summary.go:175.17,177.8 2 0
github.com/muety/wakapi/models/summary.go:178.22,180.8 2 0
github.com/muety/wakapi/models/summary.go:181.20,183.8 2 0
github.com/muety/wakapi/models/summary.go:184.21,186.8 2 0
github.com/muety/wakapi/models/summary.go:187.21,189.8 2 0
github.com/muety/wakapi/models/summary.go:190.23,192.8 2 0
github.com/muety/wakapi/models/summary.go:196.59,197.21 1 1
github.com/muety/wakapi/models/summary.go:197.21,199.3 1 1
github.com/muety/wakapi/models/summary.go:201.2,201.35 1 1
github.com/muety/wakapi/models/summary.go:201.35,202.41 1 1
github.com/muety/wakapi/models/summary.go:202.41,204.4 1 1
github.com/muety/wakapi/models/summary.go:207.2,207.10 1 1
github.com/muety/wakapi/models/summary.go:214.62,215.116 1 1
github.com/muety/wakapi/models/summary.go:215.116,217.3 1 1
github.com/muety/wakapi/models/summary.go:218.2,219.10 2 1
github.com/muety/wakapi/models/summary.go:235.33,240.26 4 1
github.com/muety/wakapi/models/summary.go:240.26,241.30 1 1
github.com/muety/wakapi/models/summary.go:241.30,243.4 1 1
github.com/muety/wakapi/models/summary.go:247.2,247.37 1 1
github.com/muety/wakapi/models/summary.go:247.37,249.3 1 0
github.com/muety/wakapi/models/summary.go:252.2,253.16 2 1
github.com/muety/wakapi/models/summary.go:253.16,255.3 1 0
github.com/muety/wakapi/models/summary.go:256.2,256.33 1 1
github.com/muety/wakapi/models/summary.go:256.33,258.3 1 1
github.com/muety/wakapi/models/summary.go:262.56,268.28 5 1
github.com/muety/wakapi/models/summary.go:268.28,270.3 1 1
github.com/muety/wakapi/models/summary.go:272.2,273.42 2 1
github.com/muety/wakapi/models/summary.go:273.42,274.22 1 0
github.com/muety/wakapi/models/summary.go:274.22,276.9 2 0
github.com/muety/wakapi/models/summary.go:280.2,281.15 2 1
github.com/muety/wakapi/models/summary.go:281.15,282.28 1 1
github.com/muety/wakapi/models/summary.go:282.28,284.4 1 0
github.com/muety/wakapi/models/summary.go:284.9,290.4 1 1
github.com/muety/wakapi/models/summary.go:294.45,299.16 4 1
github.com/muety/wakapi/models/summary.go:299.16,301.3 1 0
github.com/muety/wakapi/models/summary.go:302.2,302.39 1 1
github.com/muety/wakapi/models/summary.go:302.39,304.3 1 1
github.com/muety/wakapi/models/summary.go:306.2,306.30 1 1
github.com/muety/wakapi/models/summary.go:309.73,311.55 2 1
github.com/muety/wakapi/models/summary.go:311.55,312.31 1 1
github.com/muety/wakapi/models/summary.go:312.31,314.4 1 1
github.com/muety/wakapi/models/summary.go:316.2,316.16 1 1
github.com/muety/wakapi/models/summary.go:319.88,321.55 2 1
github.com/muety/wakapi/models/summary.go:321.55,322.31 1 1
github.com/muety/wakapi/models/summary.go:322.31,323.23 1 1
github.com/muety/wakapi/models/summary.go:323.23,324.13 1 1
github.com/muety/wakapi/models/summary.go:326.4,326.46 1 1
github.com/muety/wakapi/models/summary.go:329.2,329.16 1 1
github.com/muety/wakapi/models/summary.go:332.73,334.34 2 1
github.com/muety/wakapi/models/summary.go:334.34,336.3 1 1
github.com/muety/wakapi/models/summary.go:337.2,337.14 1 1
github.com/muety/wakapi/models/summary.go:340.56,343.55 3 0
github.com/muety/wakapi/models/summary.go:343.55,344.31 1 0
github.com/muety/wakapi/models/summary.go:344.31,345.44 1 0
github.com/muety/wakapi/models/summary.go:345.44,347.5 1 0
github.com/muety/wakapi/models/summary.go:350.2,350.12 1 0
github.com/muety/wakapi/models/summary.go:353.58,355.16 2 0
github.com/muety/wakapi/models/summary.go:355.16,357.3 1 0
github.com/muety/wakapi/models/summary.go:358.2,358.16 1 0
github.com/muety/wakapi/models/summary.go:361.71,362.62 1 1
github.com/muety/wakapi/models/summary.go:362.62,363.19 1 1
github.com/muety/wakapi/models/summary.go:363.19,365.4 1 1
github.com/muety/wakapi/models/summary.go:366.3,368.45 2 1
github.com/muety/wakapi/models/summary.go:368.45,369.38 1 1
github.com/muety/wakapi/models/summary.go:369.38,370.24 1 1
github.com/muety/wakapi/models/summary.go:370.24,372.6 1 1
github.com/muety/wakapi/models/summary.go:374.4,374.14 1 1
github.com/muety/wakapi/models/summary.go:377.3,377.30 1 1
github.com/muety/wakapi/models/summary.go:377.30,379.60 1 1
github.com/muety/wakapi/models/summary.go:379.60,381.5 1 1
github.com/muety/wakapi/models/summary.go:384.3,384.30 1 1
github.com/muety/wakapi/models/summary.go:384.30,386.60 1 1
github.com/muety/wakapi/models/summary.go:386.60,387.55 1 1
github.com/muety/wakapi/models/summary.go:387.55,389.6 1 1
github.com/muety/wakapi/models/summary.go:389.11,397.6 1 1
github.com/muety/wakapi/models/summary.go:401.3,401.22 1 1
github.com/muety/wakapi/models/summary.go:405.2,415.10 9 1
github.com/muety/wakapi/models/summary.go:419.52,424.2 3 0
github.com/muety/wakapi/models/summary.go:426.57,427.30 1 1
github.com/muety/wakapi/models/summary.go:427.30,428.28 1 1
github.com/muety/wakapi/models/summary.go:428.28,430.4 1 1
github.com/muety/wakapi/models/summary.go:432.2,432.43 1 0
github.com/muety/wakapi/models/summary.go:435.43,437.2 1 0
github.com/muety/wakapi/models/summary.go:439.49,440.21 1 0
github.com/muety/wakapi/models/summary.go:440.21,442.3 1 0
github.com/muety/wakapi/models/summary.go:443.2,444.54 2 0
github.com/muety/wakapi/models/summary.go:447.51,448.27 1 0
github.com/muety/wakapi/models/summary.go:448.27,450.3 1 0
github.com/muety/wakapi/models/summary.go:451.2,452.19 2 0
github.com/muety/wakapi/models/summary.go:455.41,457.2 1 0
github.com/muety/wakapi/models/summary.go:459.50,463.2 1 1
github.com/muety/wakapi/models/summary.go:465.49,466.101 1 0
github.com/muety/wakapi/models/summary.go:466.101,468.3 1 0
github.com/muety/wakapi/models/summary.go:471.30,473.2 1 0
github.com/muety/wakapi/models/summary.go:475.40,477.2 1 0
github.com/muety/wakapi/models/summary.go:479.35,481.2 1 0
github.com/muety/wakapi/models/summary.go:483.33,485.2 1 1
github.com/muety/wakapi/models/summary.go:487.43,489.2 1 1
github.com/muety/wakapi/models/summary.go:491.38,493.2 1 1
github.com/muety/wakapi/models/user.go:25.13,27.2 1 1
github.com/muety/wakapi/models/user.go:126.66,137.2 2 0
github.com/muety/wakapi/models/user.go:139.34,141.2 1 0
github.com/muety/wakapi/models/user.go:143.36,144.22 1 1
github.com/muety/wakapi/models/user.go:144.22,146.3 1 1
github.com/muety/wakapi/models/user.go:147.2,148.16 2 1
github.com/muety/wakapi/models/user.go:148.16,150.3 1 0
github.com/muety/wakapi/models/user.go:151.2,151.11 1 1
github.com/muety/wakapi/models/user.go:156.41,159.2 2 1
github.com/muety/wakapi/models/user.go:162.46,163.44 1 0
github.com/muety/wakapi/models/user.go:163.44,165.3 1 0
github.com/muety/wakapi/models/user.go:166.2,166.36 1 0
github.com/muety/wakapi/models/user.go:169.53,172.54 3 0
github.com/muety/wakapi/models/user.go:172.54,174.3 1 0
github.com/muety/wakapi/models/user.go:175.2,175.51 1 0
github.com/muety/wakapi/models/user.go:175.51,177.3 1 0
github.com/muety/wakapi/models/user.go:178.2,178.20 1 0
github.com/muety/wakapi/models/user.go:181.50,182.32 1 0
github.com/muety/wakapi/models/user.go:182.32,184.3 1 0
github.com/muety/wakapi/models/user.go:185.2,185.33 1 0
github.com/muety/wakapi/models/user.go:188.43,190.2 1 0
github.com/muety/wakapi/models/user.go:193.52,194.28 1 0
github.com/muety/wakapi/models/user.go:194.28,196.3 1 0
github.com/muety/wakapi/models/user.go:197.2,197.17 1 0
github.com/muety/wakapi/models/user.go:201.45,203.2 1 1
github.com/muety/wakapi/models/user.go:205.51,207.2 1 1
github.com/muety/wakapi/models/user.go:213.65,215.32 2 0
github.com/muety/wakapi/models/user.go:215.32,217.3 1 0
github.com/muety/wakapi/models/user.go:218.2,218.30 1 0
github.com/muety/wakapi/models/user.go:218.30,220.3 1 0
github.com/muety/wakapi/models/user.go:221.2,222.24 2 0
github.com/muety/wakapi/models/user.go:225.39,227.55 2 1
github.com/muety/wakapi/models/user.go:227.55,229.3 1 1
github.com/muety/wakapi/models/user.go:231.2,231.51 1 1
github.com/muety/wakapi/models/user.go:234.37,236.2 1 0
github.com/muety/wakapi/models/user.go:238.41,240.2 1 0
github.com/muety/wakapi/models/user.go:242.43,245.2 1 0
github.com/muety/wakapi/models/user.go:247.45,250.2 1 0
github.com/muety/wakapi/models/user.go:252.33,256.52 3 0
github.com/muety/wakapi/models/user.go:256.52,258.3 1 0
github.com/muety/wakapi/models/user.go:260.2,264.15 1 0
github.com/muety/wakapi/models/user.go:267.41,269.2 1 0
github.com/muety/wakapi/models/user.go:271.45,273.2 1 0
github.com/muety/wakapi/models/user.go:275.45,277.2 1 0
github.com/muety/wakapi/models/user.go:279.59,281.2 1 0
github.com/muety/wakapi/models/user.go:284.39,288.2 3 0
github.com/muety/wakapi/models/user.go:290.39,293.2 2 0
github.com/muety/wakapi/models/user.go:295.48,297.2 1 0
github.com/muety/wakapi/models/user.go:300.36,302.2 1 0
github.com/muety/wakapi/models/user.go:305.38,307.2 1 0
github.com/muety/wakapi/models/user.go:310.45,312.2 1 0
github.com/muety/wakapi/models/user.go:315.60,316.89 1 0
github.com/muety/wakapi/models/user.go:316.89,318.3 1 0
github.com/muety/wakapi/models/user_agent.go:18.42,21.2 2 0
github.com/muety/wakapi/models/webauthn.go:21.59,23.2 1 0
github.com/muety/wakapi/models/webauthn.go:29.56,31.2 1 0
github.com/muety/wakapi/models/webauthn.go:38.57,39.18 1 0
github.com/muety/wakapi/models/webauthn.go:39.18,42.3 2 0
github.com/muety/wakapi/models/webauthn.go:44.2,45.27 2 0
github.com/muety/wakapi/models/webauthn.go:46.13,47.8 1 0
github.com/muety/wakapi/models/webauthn.go:48.13,49.15 1 0
github.com/muety/wakapi/models/webauthn.go:50.11,51.15 1 0
github.com/muety/wakapi/models/webauthn.go:52.10,53.70 1 0
github.com/muety/wakapi/models/webauthn.go:57.2,57.23 1 0
github.com/muety/wakapi/models/webauthn.go:57.23,59.3 1 0
github.com/muety/wakapi/models/webauthn.go:61.2,63.12 3 0
github.com/muety/wakapi/models/webauthn.go:80.48,82.2 1 0
github.com/muety/wakapi/models/webauthn.go:84.58,94.2 1 0
github.com/muety/wakapi/models/webauthn.go:96.98,108.2 1 0
github.com/muety/wakapi/models/webauthn.go:110.84,120.2 1 0
github.com/muety/wakapi/routes/handler.go:14.53,15.2 0 0
github.com/muety/wakapi/routes/handler.go:17.36,19.2 1 0
github.com/muety/wakapi/routes/home.go:29.112,35.2 1 1
github.com/muety/wakapi/routes/home.go:37.57,38.34 1 1
github.com/muety/wakapi/routes/home.go:38.34,41.3 2 1
github.com/muety/wakapi/routes/home.go:44.72,45.22 1 1
github.com/muety/wakapi/routes/home.go:45.22,47.3 1 1
github.com/muety/wakapi/routes/home.go:49.2,49.54 1 1
github.com/muety/wakapi/routes/home.go:49.54,52.3 2 1
github.com/muety/wakapi/routes/home.go:53.2,53.40 1 1
github.com/muety/wakapi/routes/home.go:53.40,56.3 2 0
github.com/muety/wakapi/routes/home.go:58.2,58.66 1 1
github.com/muety/wakapi/routes/home.go:61.98,69.109 2 1
github.com/muety/wakapi/routes/home.go:69.109,70.57 1 1
github.com/muety/wakapi/routes/home.go:70.57,72.4 1 1
github.com/muety/wakapi/routes/home.go:75.2,75.110 1 1
github.com/muety/wakapi/routes/home.go:75.110,76.51 1 1
github.com/muety/wakapi/routes/home.go:76.51,78.4 1 1
github.com/muety/wakapi/routes/home.go:81.2,81.101 1 1
github.com/muety/wakapi/routes/home.go:81.101,82.87 1 0
github.com/muety/wakapi/routes/home.go:82.87,84.4 1 0
github.com/muety/wakapi/routes/home.go:87.2,87.61 1 1
github.com/muety/wakapi/routes/home.go:87.61,89.3 1 1
github.com/muety/wakapi/routes/home.go:89.8,91.3 1 0
github.com/muety/wakapi/routes/home.go:93.2,102.49 4 1
github.com/muety/wakapi/routes/imprint.go:17.83,22.2 1 0
github.com/muety/wakapi/routes/imprint.go:24.60,26.2 1 0
github.com/muety/wakapi/routes/imprint.go:28.77,29.22 1 0
github.com/muety/wakapi/routes/imprint.go:29.22,31.3 1 0
github.com/muety/wakapi/routes/imprint.go:33.2,34.74 2 0
github.com/muety/wakapi/routes/imprint.go:34.74,36.3 1 0
github.com/muety/wakapi/routes/imprint.go:38.2,38.84 1 0
github.com/muety/wakapi/routes/imprint.go:41.81,45.2 1 0
github.com/muety/wakapi/routes/leaderboard.go:28.132,34.2 1 0
github.com/muety/wakapi/routes/leaderboard.go:36.64,42.42 5 0
github.com/muety/wakapi/routes/leaderboard.go:42.42,44.3 1 0
github.com/muety/wakapi/routes/leaderboard.go:46.2,49.33 3 0
github.com/muety/wakapi/routes/leaderboard.go:52.79,53.22 1 0
github.com/muety/wakapi/routes/leaderboard.go:53.22,55.3 1 0
github.com/muety/wakapi/routes/leaderboard.go:57.2,57.95 1 0
github.com/muety/wakapi/routes/leaderboard.go:57.95,59.3 1 0
github.com/muety/wakapi/routes/leaderboard.go:62.112,76.19 9 0
github.com/muety/wakapi/routes/leaderboard.go:76.19,78.17 2 0
github.com/muety/wakapi/routes/leaderboard.go:78.17,85.4 2 0
github.com/muety/wakapi/routes/leaderboard.go:88.3,88.51 1 0
github.com/muety/wakapi/routes/leaderboard.go:88.51,90.109 1 0
github.com/muety/wakapi/routes/leaderboard.go:90.109,91.141 1 0
github.com/muety/wakapi/routes/leaderboard.go:91.141,93.6 1 0
github.com/muety/wakapi/routes/leaderboard.go:96.8,97.49 1 0
github.com/muety/wakapi/routes/leaderboard.go:97.49,99.18 2 0
github.com/muety/wakapi/routes/leaderboard.go:99.18,106.5 2 0
github.com/muety/wakapi/routes/leaderboard.go:109.4,109.19 1 0
github.com/muety/wakapi/routes/leaderboard.go:109.19,111.110 1 0
github.com/muety/wakapi/routes/leaderboard.go:111.110,112.143 1 0
github.com/muety/wakapi/routes/leaderboard.go:112.143,114.7 1 0
github.com/muety/wakapi/routes/leaderboard.go:114.12,116.7 1 0
github.com/muety/wakapi/routes/leaderboard.go:120.4,120.140 1 0
github.com/muety/wakapi/routes/leaderboard.go:120.140,122.5 1 0
github.com/muety/wakapi/routes/leaderboard.go:123.4,124.43 2 0
github.com/muety/wakapi/routes/leaderboard.go:124.43,126.5 1 0
github.com/muety/wakapi/routes/leaderboard.go:128.4,129.24 2 0
github.com/muety/wakapi/routes/leaderboard.go:129.24,130.23 1 0
github.com/muety/wakapi/routes/leaderboard.go:130.23,132.6 1 0
github.com/muety/wakapi/routes/leaderboard.go:133.5,134.53 2 0
github.com/muety/wakapi/routes/leaderboard.go:136.9,142.4 1 0
github.com/muety/wakapi/routes/leaderboard.go:145.2,160.49 3 0
github.com/muety/wakapi/routes/login.go:37.192,45.2 1 1
github.com/muety/wakapi/routes/login.go:47.58,76.2 17 1
github.com/muety/wakapi/routes/login.go:78.73,79.22 1 1
github.com/muety/wakapi/routes/login.go:79.22,81.3 1 0
github.com/muety/wakapi/routes/login.go:83.2,83.85 1 1
github.com/muety/wakapi/routes/login.go:83.85,86.3 2 0
github.com/muety/wakapi/routes/login.go:88.2,88.120 1 1
github.com/muety/wakapi/routes/login.go:88.120,91.3 2 1
github.com/muety/wakapi/routes/login.go:93.2,93.85 1 1
github.com/muety/wakapi/routes/login.go:93.85,95.3 1 1
github.com/muety/wakapi/routes/login.go:97.2,97.73 1 1
github.com/muety/wakapi/routes/login.go:100.74,101.22 1 1
github.com/muety/wakapi/routes/login.go:101.22,103.3 1 0
github.com/muety/wakapi/routes/login.go:105.2,105.85 1 1
github.com/muety/wakapi/routes/login.go:105.85,108.3 2 0
github.com/muety/wakapi/routes/login.go:110.2,110.40 1 1
github.com/muety/wakapi/routes/login.go:110.40,114.3 3 1
github.com/muety/wakapi/routes/login.go:116.2,117.38 2 1
github.com/muety/wakapi/routes/login.go:117.38,121.3 3 0
github.com/muety/wakapi/routes/login.go:122.2,122.112 1 1
github.com/muety/wakapi/routes/login.go:122.112,126.3 3 1
github.com/muety/wakapi/routes/login.go:128.2,129.16 2 1
github.com/muety/wakapi/routes/login.go:129.16,131.72 1 1
github.com/muety/wakapi/routes/login.go:131.72,135.4 3 1
github.com/muety/wakapi/routes/login.go:138.2,138.91 1 1
github.com/muety/wakapi/routes/login.go:138.91,142.3 3 1
github.com/muety/wakapi/routes/login.go:144.2,145.92 2 1
github.com/muety/wakapi/routes/login.go:148.75,149.22 1 0
github.com/muety/wakapi/routes/login.go:149.22,151.3 1 0
github.com/muety/wakapi/routes/login.go:153.2,153.54 1 0
github.com/muety/wakapi/routes/login.go:153.54,155.3 1 0
github.com/muety/wakapi/routes/login.go:156.2,158.85 3 0
github.com/muety/wakapi/routes/login.go:161.74,162.22 1 0
github.com/muety/wakapi/routes/login.go:162.22,164.3 1 0
github.com/muety/wakapi/routes/login.go:166.2,166.85 1 0
github.com/muety/wakapi/routes/login.go:166.85,169.3 2 0
github.com/muety/wakapi/routes/login.go:171.2,171.100 1 0
github.com/muety/wakapi/routes/login.go:174.75,175.22 1 1
github.com/muety/wakapi/routes/login.go:175.22,177.3 1 0
github.com/muety/wakapi/routes/login.go:179.2,180.38 2 1
github.com/muety/wakapi/routes/login.go:180.38,184.3 3 0
github.com/muety/wakapi/routes/login.go:185.2,185.66 1 1
github.com/muety/wakapi/routes/login.go:185.66,189.3 3 0
github.com/muety/wakapi/routes/login.go:191.2,191.120 1 1
github.com/muety/wakapi/routes/login.go:191.120,195.3 3 1
github.com/muety/wakapi/routes/login.go:197.2,197.40 1 1
github.com/muety/wakapi/routes/login.go:197.40,201.3 3 1
github.com/muety/wakapi/routes/login.go:203.2,203.85 1 1
github.com/muety/wakapi/routes/login.go:203.85,206.3 2 0
github.com/muety/wakapi/routes/login.go:208.2,212.29 4 1
github.com/muety/wakapi/routes/login.go:212.29,213.84 1 0
github.com/muety/wakapi/routes/login.go:213.84,214.62 1 0
github.com/muety/wakapi/routes/login.go:214.62,217.5 2 0
github.com/muety/wakapi/routes/login.go:219.4,219.69 1 0
github.com/muety/wakapi/routes/login.go:219.69,221.5 1 0
github.com/muety/wakapi/routes/login.go:225.2,225.71 1 1
github.com/muety/wakapi/routes/login.go:225.71,229.3 3 0
github.com/muety/wakapi/routes/login.go:231.2,233.23 2 1
github.com/muety/wakapi/routes/login.go:233.23,236.48 3 1
github.com/muety/wakapi/routes/login.go:236.48,238.4 1 1
github.com/muety/wakapi/routes/login.go:239.3,240.9 2 1
github.com/muety/wakapi/routes/login.go:243.2,246.16 3 1
github.com/muety/wakapi/routes/login.go:246.16,251.3 4 0
github.com/muety/wakapi/routes/login.go:252.2,252.14 1 1
github.com/muety/wakapi/routes/login.go:252.14,256.3 3 1
github.com/muety/wakapi/routes/login.go:258.2,259.65 2 1
github.com/muety/wakapi/routes/login.go:262.81,263.22 1 0
github.com/muety/wakapi/routes/login.go:263.22,265.3 1 0
github.com/muety/wakapi/routes/login.go:266.2,266.81 1 0
github.com/muety/wakapi/routes/login.go:269.79,270.22 1 0
github.com/muety/wakapi/routes/login.go:270.22,272.3 1 0
github.com/muety/wakapi/routes/login.go:274.2,276.17 3 0
github.com/muety/wakapi/routes/login.go:276.17,280.3 3 0
github.com/muety/wakapi/routes/login.go:282.2,287.52 2 0
github.com/muety/wakapi/routes/login.go:290.80,291.22 1 0
github.com/muety/wakapi/routes/login.go:291.22,293.3 1 0
github.com/muety/wakapi/routes/login.go:295.2,296.38 2 0
github.com/muety/wakapi/routes/login.go:296.38,300.3 3 0
github.com/muety/wakapi/routes/login.go:301.2,301.70 1 0
github.com/muety/wakapi/routes/login.go:301.70,305.3 3 0
github.com/muety/wakapi/routes/login.go:307.2,308.16 2 0
github.com/muety/wakapi/routes/login.go:308.16,312.3 3 0
github.com/muety/wakapi/routes/login.go:314.2,314.27 1 0
github.com/muety/wakapi/routes/login.go:314.27,318.3 3 0
github.com/muety/wakapi/routes/login.go:320.2,322.96 3 0
github.com/muety/wakapi/routes/login.go:322.96,327.3 4 0
github.com/muety/wakapi/routes/login.go:327.8,329.3 1 0
github.com/muety/wakapi/routes/login.go:331.2,331.51 1 0
github.com/muety/wakapi/routes/login.go:331.51,336.3 4 0
github.com/muety/wakapi/routes/login.go:338.2,339.90 2 0
github.com/muety/wakapi/routes/login.go:342.82,343.22 1 0
github.com/muety/wakapi/routes/login.go:343.22,345.3 1 0
github.com/muety/wakapi/routes/login.go:347.2,347.28 1 0
github.com/muety/wakapi/routes/login.go:347.28,351.3 3 0
github.com/muety/wakapi/routes/login.go:353.2,354.38 2 0
github.com/muety/wakapi/routes/login.go:354.38,358.3 3 0
github.com/muety/wakapi/routes/login.go:359.2,359.79 1 0
github.com/muety/wakapi/routes/login.go:359.79,363.3 3 0
github.com/muety/wakapi/routes/login.go:365.2,365.91 1 0
github.com/muety/wakapi/routes/login.go:365.91,366.31 1 0
github.com/muety/wakapi/routes/login.go:366.31,371.4 4 0
github.com/muety/wakapi/routes/login.go:373.3,373.64 1 0
github.com/muety/wakapi/routes/login.go:373.64,378.4 4 0
github.com/muety/wakapi/routes/login.go:378.9,379.48 1 0
github.com/muety/wakapi/routes/login.go:379.48,381.68 2 0
github.com/muety/wakapi/routes/login.go:381.68,383.6 1 0
github.com/muety/wakapi/routes/login.go:383.11,385.6 1 0
github.com/muety/wakapi/routes/login.go:388.8,390.3 1 0
github.com/muety/wakapi/routes/login.go:392.2,393.65 2 0
github.com/muety/wakapi/routes/login.go:396.77,398.21 2 1
github.com/muety/wakapi/routes/login.go:398.21,400.3 1 1
github.com/muety/wakapi/routes/login.go:401.2,402.75 2 1
github.com/muety/wakapi/routes/login.go:405.80,407.21 2 1
github.com/muety/wakapi/routes/login.go:407.21,409.3 1 1
github.com/muety/wakapi/routes/login.go:411.2,419.40 5 1
github.com/muety/wakapi/routes/login.go:419.40,425.3 5 1
github.com/muety/wakapi/routes/login.go:426.2,430.16 3 1
github.com/muety/wakapi/routes/login.go:430.16,436.3 5 1
github.com/muety/wakapi/routes/login.go:439.2,440.9 2 1
github.com/muety/wakapi/routes/login.go:440.9,446.3 5 0
github.com/muety/wakapi/routes/login.go:449.2,450.41 2 1
github.com/muety/wakapi/routes/login.go:450.41,456.3 5 1
github.com/muety/wakapi/routes/login.go:458.2,459.16 2 1
github.com/muety/wakapi/routes/login.go:459.16,461.62 1 1
github.com/muety/wakapi/routes/login.go:461.62,465.4 3 1
github.com/muety/wakapi/routes/login.go:467.3,468.24 2 1
github.com/muety/wakapi/routes/login.go:468.24,472.4 3 0
github.com/muety/wakapi/routes/login.go:474.3,474.93 1 1
github.com/muety/wakapi/routes/login.go:474.93,477.4 2 0
github.com/muety/wakapi/routes/login.go:479.3,487.29 3 1
github.com/muety/wakapi/routes/login.go:487.29,492.4 4 0
github.com/muety/wakapi/routes/login.go:493.3,493.17 1 1
github.com/muety/wakapi/routes/login.go:496.2,498.92 3 1
github.com/muety/wakapi/routes/login.go:501.83,502.39 1 1
github.com/muety/wakapi/routes/login.go:502.39,506.3 3 0
github.com/muety/wakapi/routes/login.go:508.2,509.16 2 1
github.com/muety/wakapi/routes/login.go:509.16,513.3 3 0
github.com/muety/wakapi/routes/login.go:514.2,514.61 1 1
github.com/muety/wakapi/routes/login.go:514.61,517.3 2 0
github.com/muety/wakapi/routes/login.go:518.2,518.51 1 1
github.com/muety/wakapi/routes/login.go:521.82,522.22 1 1
github.com/muety/wakapi/routes/login.go:522.22,524.3 1 0
github.com/muety/wakapi/routes/login.go:525.2,525.39 1 1
github.com/muety/wakapi/routes/login.go:525.39,529.3 3 0
github.com/muety/wakapi/routes/login.go:531.2,532.25 2 1
github.com/muety/wakapi/routes/login.go:532.25,536.3 3 0
github.com/muety/wakapi/routes/login.go:538.2,539.16 2 1
github.com/muety/wakapi/routes/login.go:539.16,543.3 3 0
github.com/muety/wakapi/routes/login.go:545.2,546.16 2 1
github.com/muety/wakapi/routes/login.go:546.16,550.3 3 0
github.com/muety/wakapi/routes/login.go:551.2,551.71 1 1
github.com/muety/wakapi/routes/login.go:551.71,554.32 3 1
github.com/muety/wakapi/routes/login.go:554.32,556.4 1 0
github.com/muety/wakapi/routes/login.go:558.3,558.69 1 1
github.com/muety/wakapi/routes/login.go:558.69,560.4 1 0
github.com/muety/wakapi/routes/login.go:562.3,562.19 1 1
github.com/muety/wakapi/routes/login.go:564.2,565.16 2 1
github.com/muety/wakapi/routes/login.go:565.16,570.3 4 1
github.com/muety/wakapi/routes/login.go:572.2,574.43 2 1
github.com/muety/wakapi/routes/login.go:574.43,578.3 1 0
github.com/muety/wakapi/routes/login.go:580.2,580.30 1 1
github.com/muety/wakapi/routes/login.go:580.30,584.3 3 0
github.com/muety/wakapi/routes/login.go:586.2,587.16 2 1
github.com/muety/wakapi/routes/login.go:587.16,592.3 4 0
github.com/muety/wakapi/routes/login.go:594.2,595.92 2 1
github.com/muety/wakapi/routes/login.go:598.118,606.132 1 1
github.com/muety/wakapi/routes/login.go:606.132,612.4 2 1
github.com/muety/wakapi/routes/login.go:615.2,615.17 1 1
github.com/muety/wakapi/routes/login.go:615.17,617.3 1 0
github.com/muety/wakapi/routes/login.go:619.2,619.49 1 1
github.com/muety/wakapi/routes/login.go:622.99,625.16 3 1
github.com/muety/wakapi/routes/login.go:625.16,629.3 3 1
github.com/muety/wakapi/routes/login.go:630.2,630.17 1 1
github.com/muety/wakapi/routes/login.go:633.99,635.16 2 1
github.com/muety/wakapi/routes/login.go:635.16,640.3 4 0
github.com/muety/wakapi/routes/login.go:642.2,645.73 3 1
github.com/muety/wakapi/routes/login.go:648.69,649.56 1 1
github.com/muety/wakapi/routes/login.go:649.56,651.3 1 0
github.com/muety/wakapi/routes/login.go:652.2,652.17 1 1
github.com/muety/wakapi/routes/misc.go:20.69,25.2 1 0
github.com/muety/wakapi/routes/misc.go:27.57,29.2 1 0
github.com/muety/wakapi/routes/misc.go:31.78,33.17 2 0
github.com/muety/wakapi/routes/misc.go:33.17,37.3 3 0
github.com/muety/wakapi/routes/misc.go:39.2,40.16 2 0
github.com/muety/wakapi/routes/misc.go:40.16,44.3 3 0
github.com/muety/wakapi/routes/misc.go:46.2,47.51 2 0
github.com/muety/wakapi/routes/misc.go:47.51,52.3 4 0
github.com/muety/wakapi/routes/misc.go:54.2,55.84 2 0
github.com/muety/wakapi/routes/projects.go:22.122,28.2 1 0
github.com/muety/wakapi/routes/projects.go:30.61,40.2 4 0
github.com/muety/wakapi/routes/projects.go:42.76,43.22 1 0
github.com/muety/wakapi/routes/projects.go:43.22,45.3 1 0
github.com/muety/wakapi/routes/projects.go:46.2,46.92 1 0
github.com/muety/wakapi/routes/projects.go:46.92,48.3 1 0
github.com/muety/wakapi/routes/projects.go:51.106,53.17 2 0
github.com/muety/wakapi/routes/projects.go:53.17,56.3 2 0
github.com/muety/wakapi/routes/projects.go:58.2,67.16 5 0
github.com/muety/wakapi/routes/projects.go:67.16,75.3 2 0
github.com/muety/wakapi/routes/projects.go:77.2,85.49 2 0
github.com/muety/wakapi/routes/routes.go:19.13,21.2 1 1
github.com/muety/wakapi/routes/routes.go:23.46,44.24 1 1
github.com/muety/wakapi/routes/routes.go:44.24,46.4 1 0
github.com/muety/wakapi/routes/routes.go:47.32,49.4 1 1
github.com/muety/wakapi/routes/routes.go:50.33,52.4 1 1
github.com/muety/wakapi/routes/routes.go:53.31,55.4 1 1
github.com/muety/wakapi/routes/routes.go:56.30,58.4 1 1
github.com/muety/wakapi/routes/routes.go:59.35,61.45 2 1
github.com/muety/wakapi/routes/routes.go:61.45,63.5 1 1
github.com/muety/wakapi/routes/routes.go:64.4,64.34 1 0
github.com/muety/wakapi/routes/routes.go:66.47,68.4 1 0
github.com/muety/wakapi/routes/routes.go:69.42,71.4 1 0
github.com/muety/wakapi/routes/routes.go:72.42,74.4 1 0
github.com/muety/wakapi/routes/routes.go:75.38,77.4 1 1
github.com/muety/wakapi/routes/routes.go:78.39,80.4 1 1
github.com/muety/wakapi/routes/routes.go:84.31,85.32 1 1
github.com/muety/wakapi/routes/routes.go:85.32,87.3 1 1
github.com/muety/wakapi/routes/routes.go:88.2,88.33 1 1
github.com/muety/wakapi/routes/routes.go:88.33,90.3 1 1
github.com/muety/wakapi/routes/routes.go:91.2,91.31 1 1
github.com/muety/wakapi/routes/routes.go:91.31,93.3 1 1
github.com/muety/wakapi/routes/routes.go:94.2,94.27 1 1
github.com/muety/wakapi/routes/routes.go:94.27,96.3 1 1
github.com/muety/wakapi/routes/routes.go:97.2,97.32 1 1
github.com/muety/wakapi/routes/routes.go:97.32,99.3 1 1
github.com/muety/wakapi/routes/routes.go:100.2,100.30 1 1
github.com/muety/wakapi/routes/routes.go:100.30,102.3 1 1
github.com/muety/wakapi/routes/routes.go:103.2,103.31 1 1
github.com/muety/wakapi/routes/routes.go:103.31,105.3 1 1
github.com/muety/wakapi/routes/routes.go:106.2,106.31 1 1
github.com/muety/wakapi/routes/routes.go:106.31,108.3 1 1
github.com/muety/wakapi/routes/routes.go:109.2,109.33 1 1
github.com/muety/wakapi/routes/routes.go:109.33,111.3 1 1
github.com/muety/wakapi/routes/routes.go:112.2,112.18 1 0
github.com/muety/wakapi/routes/routes.go:115.22,118.86 2 1
github.com/muety/wakapi/routes/routes.go:118.86,120.3 1 1
github.com/muety/wakapi/routes/routes.go:120.8,121.13 1 0
github.com/muety/wakapi/routes/routes.go:125.42,127.2 1 1
github.com/muety/wakapi/routes/routes.go:129.24,131.2 1 0
github.com/muety/wakapi/routes/settings.go:78.20,96.2 1 1
github.com/muety/wakapi/routes/settings.go:98.61,110.2 6 1
github.com/muety/wakapi/routes/settings.go:112.76,113.22 1 1
github.com/muety/wakapi/routes/settings.go:113.22,115.3 1 0
github.com/muety/wakapi/routes/settings.go:116.2,117.16 2 1
github.com/muety/wakapi/routes/settings.go:117.16,118.13 1 0
github.com/muety/wakapi/routes/settings.go:122.77,123.22 1 1
github.com/muety/wakapi/routes/settings.go:123.22,125.3 1 0
github.com/muety/wakapi/routes/settings.go:127.2,127.38 1 1
github.com/muety/wakapi/routes/settings.go:127.38,130.17 3 0
github.com/muety/wakapi/routes/settings.go:130.17,131.14 1 0
github.com/muety/wakapi/routes/settings.go:133.3,133.9 1 0
github.com/muety/wakapi/routes/settings.go:136.2,140.23 4 1
github.com/muety/wakapi/routes/settings.go:140.23,145.3 4 0
github.com/muety/wakapi/routes/settings.go:147.2,150.23 2 1
github.com/muety/wakapi/routes/settings.go:150.23,152.3 1 0
github.com/muety/wakapi/routes/settings.go:154.2,154.24 1 1
github.com/muety/wakapi/routes/settings.go:154.24,158.3 3 1
github.com/muety/wakapi/routes/settings.go:159.2,159.26 1 1
[...]
github.com/muety/wakapi/services/summary.go:365.4,365.12 1 1
github.com/muety/wakapi/services/summary.go:368.3,368.12 1 1
github.com/muety/wakapi/services/summary.go:368.12,369.70 1 1
github.com/muety/wakapi/services/summary.go:369.70,371.5 1 0
github.com/muety/wakapi/services/summary.go:374.3,374.38 1 1
github.com/muety/wakapi/services/summary.go:374.38,376.4 1 0
github.com/muety/wakapi/services/summary.go:378.3,380.54 2 1
github.com/muety/wakapi/services/summary.go:380.54,382.4 1 1
github.com/muety/wakapi/services/summary.go:383.3,383.51 1 1
github.com/muety/wakapi/services/summary.go:383.51,385.4 1 1
github.com/muety/wakapi/services/summary.go:387.3,398.22 11 1
github.com/muety/wakapi/services/summary.go:401.2,404.26 3 1
github.com/muety/wakapi/services/summary.go:407.127,411.32 2 1
github.com/muety/wakapi/services/summary.go:411.32,413.3 1 1
github.com/muety/wakapi/services/summary.go:415.2,415.27 1 1
github.com/muety/wakapi/services/summary.go:415.27,416.37 1 1
github.com/muety/wakapi/services/summary.go:416.37,418.4 1 1
github.com/muety/wakapi/services/summary.go:418.9,420.4 1 1
github.com/muety/wakapi/services/summary.go:423.2,425.26 3 1
github.com/muety/wakapi/services/summary.go:425.26,428.3 2 1
github.com/muety/wakapi/services/summary.go:430.2,430.43 1 1
github.com/muety/wakapi/services/summary.go:430.43,432.3 1 1
github.com/muety/wakapi/services/summary.go:434.2,434.17 1 1
github.com/muety/wakapi/services/summary.go:437.130,438.25 1 1
github.com/muety/wakapi/services/summary.go:438.25,440.3 1 1
github.com/muety/wakapi/services/summary.go:442.2,445.44 2 1
github.com/muety/wakapi/services/summary.go:445.44,447.3 1 1
github.com/muety/wakapi/services/summary.go:450.2,450.40 1 1
github.com/muety/wakapi/services/summary.go:450.40,452.51 2 1
github.com/muety/wakapi/services/summary.go:452.51,453.12 1 1
github.com/muety/wakapi/services/summary.go:456.3,463.15 3 1
github.com/muety/wakapi/services/summary.go:463.15,469.38 3 1
github.com/muety/wakapi/services/summary.go:469.38,471.5 1 0
github.com/muety/wakapi/services/summary.go:475.3,475.22 1 1
github.com/muety/wakapi/services/summary.go:475.22,477.4 1 1
github.com/muety/wakapi/services/summary.go:481.2,481.54 1 1
github.com/muety/wakapi/services/summary.go:481.54,483.3 1 1
github.com/muety/wakapi/services/summary.go:485.2,485.18 1 1
github.com/muety/wakapi/services/summary.go:491.89,492.36 1 1
github.com/muety/wakapi/services/summary.go:492.36,493.53 1 1
github.com/muety/wakapi/services/summary.go:493.53,496.28 2 1
github.com/muety/wakapi/services/summary.go:496.28,498.60 2 0
github.com/muety/wakapi/services/summary.go:498.60,501.6 1 0
github.com/muety/wakapi/services/summary.go:506.2,506.18 1 1
github.com/muety/wakapi/services/summary.go:509.59,511.2 1 1
github.com/muety/wakapi/services/summary.go:513.63,514.37 1 0
github.com/muety/wakapi/services/summary.go:514.37,515.36 1 0
github.com/muety/wakapi/services/summary.go:515.36,517.4 1 0
github.com/muety/wakapi/services/summary.go:521.85,522.40 1 1
github.com/muety/wakapi/services/summary.go:522.40,525.3 2 1
github.com/muety/wakapi/services/summary.go:528.99,529.42 1 1
github.com/muety/wakapi/services/summary.go:529.42,531.17 2 1
github.com/muety/wakapi/services/summary.go:531.17,534.4 2 0
github.com/muety/wakapi/services/summary.go:536.3,537.17 2 1
github.com/muety/wakapi/services/summary.go:537.17,539.4 1 0
github.com/muety/wakapi/services/summary.go:541.3,541.41 1 1
github.com/muety/wakapi/services/summary.go:541.41,543.4 1 1
github.com/muety/wakapi/services/summary.go:548.3,548.56 1 1
github.com/muety/wakapi/services/summary.go:548.56,550.75 2 1
github.com/muety/wakapi/services/summary.go:550.75,552.5 1 1
github.com/muety/wakapi/services/summary.go:555.3,556.29 2 1
github.com/muety/wakapi/services/summary.go:556.29,557.27 1 1
github.com/muety/wakapi/services/summary.go:557.27,559.5 1 1
github.com/muety/wakapi/services/summary.go:559.10,561.5 1 0
github.com/muety/wakapi/services/summary.go:563.3,563.22 1 1
github.com/muety/wakapi/services/summary.go:567.114,568.33 1 1
github.com/muety/wakapi/services/summary.go:568.33,571.17 3 1
github.com/muety/wakapi/services/summary.go:571.17,572.33 1 1
github.com/muety/wakapi/services/summary.go:572.33,574.5 1 1
github.com/muety/wakapi/services/summary.go:576.3,577.28 2 1
github.com/muety/wakapi/services/summary.go:577.28,579.4 1 1
github.com/muety/wakapi/services/summary.go:580.3,580.24 1 1
github.com/muety/wakapi/services/user.go:37.163,50.33 3 1
github.com/muety/wakapi/services/user.go:50.33,51.31 1 1
github.com/muety/wakapi/services/user.go:51.31,57.73 4 0
github.com/muety/wakapi/services/user.go:57.73,59.5 1 0
github.com/muety/wakapi/services/user.go:61.4,61.24 1 0
github.com/muety/wakapi/services/user.go:61.24,62.80 1 0
github.com/muety/wakapi/services/user.go:62.80,64.6 1 0
github.com/muety/wakapi/services/user.go:64.11,66.6 1 0
github.com/muety/wakapi/services/user.go:71.2,72.33 2 1
github.com/muety/wakapi/services/user.go:72.33,73.31 1 1
github.com/muety/wakapi/services/user.go:73.31,75.76 2 0
github.com/muety/wakapi/services/user.go:75.76,76.13 1 0
github.com/muety/wakapi/services/user.go:78.4,78.61 1 0
github.com/muety/wakapi/services/user.go:82.2,82.12 1 1
github.com/muety/wakapi/services/user.go:85.74,86.18 1 0
github.com/muety/wakapi/services/user.go:86.18,88.3 1 0
github.com/muety/wakapi/services/user.go:90.2,90.40 1 0
github.com/muety/wakapi/services/user.go:90.40,92.3 1 0
github.com/muety/wakapi/services/user.go:94.2,95.16 2 0
github.com/muety/wakapi/services/user.go:95.16,97.3 1 0
github.com/muety/wakapi/services/user.go:99.2,100.15 2 0
github.com/muety/wakapi/services/user.go:103.99,104.15 1 1
github.com/muety/wakapi/services/user.go:104.15,106.3 1 1
github.com/muety/wakapi/services/user.go:108.2,108.37 1 1
github.com/muety/wakapi/services/user.go:108.37,110.3 1 1
github.com/muety/wakapi/services/user.go:112.2,113.16 2 1
github.com/muety/wakapi/services/user.go:113.16,116.3 2 1
github.com/muety/wakapi/services/user.go:118.2,119.16 2 1
github.com/muety/wakapi/services/user.go:119.16,122.3 2 1
github.com/muety/wakapi/services/user.go:124.2,124.17 1 1
github.com/muety/wakapi/services/user.go:127.86,128.22 1 0
github.com/muety/wakapi/services/user.go:128.22,130.3 1 0
github.com/muety/wakapi/services/user.go:134.2,134.68 1 0
github.com/muety/wakapi/services/user.go:137.76,138.17 1 1
github.com/muety/wakapi/services/user.go:138.17,140.3 1 1
github.com/muety/wakapi/services/user.go:141.2,141.31 1 1
github.com/muety/wakapi/services/user.go:141.31,143.3 1 1
github.com/muety/wakapi/services/user.go:144.2,144.58 1 1
github.com/muety/wakapi/services/user.go:147.86,148.22 1 0
github.com/muety/wakapi/services/user.go:148.22,150.3 1 0
github.com/muety/wakapi/services/user.go:151.2,151.68 1 0
github.com/muety/wakapi/services/user.go:154.98,155.28 1 0
github.com/muety/wakapi/services/user.go:155.28,157.3 1 0
github.com/muety/wakapi/services/user.go:158.2,158.80 1 0
github.com/muety/wakapi/services/user.go:161.92,162.22 1 0
github.com/muety/wakapi/services/user.go:162.22,164.3 1 0
github.com/muety/wakapi/services/user.go:165.2,165.74 1 0
github.com/muety/wakapi/services/user.go:168.83,169.33 1 0
github.com/muety/wakapi/services/user.go:169.33,171.3 1 0
github.com/muety/wakapi/services/user.go:172.2,175.4 1 0
github.com/muety/wakapi/services/user.go:178.58,180.2 1 0
github.com/muety/wakapi/services/user.go:182.73,184.16 2 0
github.com/muety/wakapi/services/user.go:184.16,186.3 1 0
github.com/muety/wakapi/services/user.go:187.2,187.37 1 0
github.com/muety/wakapi/services/user.go:190.71,192.2 1 0
github.com/muety/wakapi/services/user.go:194.86,196.16 2 0
github.com/muety/wakapi/services/user.go:196.16,198.3 1 0
github.com/muety/wakapi/services/user.go:199.2,199.37 1 0
github.com/muety/wakapi/services/user.go:202.86,204.2 1 0
github.com/muety/wakapi/services/user.go:206.94,208.2 1 0
github.com/muety/wakapi/services/user.go:210.71,212.12 2 0
github.com/muety/wakapi/services/user.go:212.12,214.3 1 0
github.com/muety/wakapi/services/user.go:216.2,217.42 2 0
github.com/muety/wakapi/services/user.go:217.42,219.3 1 0
github.com/muety/wakapi/services/user.go:221.2,222.16 2 0
github.com/muety/wakapi/services/user.go:222.16,224.3 1 0
github.com/muety/wakapi/services/user.go:226.2,227.21 2 0
github.com/muety/wakapi/services/user.go:230.48,232.2 1 0
github.com/muety/wakapi/services/user.go:234.61,235.37 1 0
github.com/muety/wakapi/services/user.go:235.37,238.17 3 0
github.com/muety/wakapi/services/user.go:238.17,240.4 1 0
github.com/muety/wakapi/services/user.go:241.3,241.28 1 0
github.com/muety/wakapi/services/user.go:241.28,243.4 1 0
github.com/muety/wakapi/services/user.go:244.3,244.38 1 0
github.com/muety/wakapi/services/user.go:247.2,247.48 1 0
github.com/muety/wakapi/services/user.go:250.102,264.95 2 0
github.com/muety/wakapi/services/user.go:264.95,266.3 1 0
github.com/muety/wakapi/services/user.go:266.8,268.3 1 0
github.com/muety/wakapi/services/user.go:270.2,270.38 1 0
github.com/muety/wakapi/services/user.go:273.73,277.2 3 0
github.com/muety/wakapi/services/user.go:279.97,280.31 1 0
github.com/muety/wakapi/services/user.go:280.31,282.3 1 0
github.com/muety/wakapi/services/user.go:285.2,290.16 4 0
github.com/muety/wakapi/services/user.go:290.16,292.3 1 0
github.com/muety/wakapi/services/user.go:294.2,295.16 2 0
github.com/muety/wakapi/services/user.go:295.16,298.81 2 0
github.com/muety/wakapi/services/user.go:298.81,300.4 1 0
github.com/muety/wakapi/services/user.go:301.3,301.18 1 0
github.com/muety/wakapi/services/user.go:304.2,306.21 2 0
github.com/muety/wakapi/services/user.go:309.78,313.2 3 0
github.com/muety/wakapi/services/user.go:315.122,318.35 2 0
github.com/muety/wakapi/services/user.go:318.35,319.89 1 0
github.com/muety/wakapi/services/user.go:319.89,321.4 1 0
github.com/muety/wakapi/services/user.go:324.2,324.35 1 0
github.com/muety/wakapi/services/user.go:324.35,326.3 1 0
github.com/muety/wakapi/services/user.go:328.2,328.18 1 0
github.com/muety/wakapi/services/user.go:331.85,333.2 1 0
github.com/muety/wakapi/services/user.go:335.91,337.2 1 0
github.com/muety/wakapi/services/user.go:339.57,345.56 4 0
github.com/muety/wakapi/services/user.go:345.56,346.59 1 0
github.com/muety/wakapi/services/user.go:346.59,348.4 1 0
github.com/muety/wakapi/services/user.go:349.3,349.96 1 0
github.com/muety/wakapi/services/user.go:349.96,351.4 1 0
github.com/muety/wakapi/services/user.go:353.3,354.13 2 0
github.com/muety/wakapi/services/user.go:358.84,359.112 1 0
github.com/muety/wakapi/services/user.go:359.112,361.3 1 0
github.com/muety/wakapi/services/user.go:364.38,366.2 1 0
github.com/muety/wakapi/services/user.go:368.55,370.2 1 0
github.com/muety/wakapi/services/user.go:372.57,377.2 1 0
github.com/muety/wakapi/services/user.go:379.57,384.2 1 0
github.com/muety/wakapi/services/user.go:386.51,387.97 1 0
github.com/muety/wakapi/services/user.go:387.97,390.3 2 0
github.com/muety/wakapi/services/user.go:391.2,391.13 1 0
github.com/muety/wakapi/services/webauthn.go:14.95,20.2 2 0
github.com/muety/wakapi/services/webauthn.go:22.147,25.2 2 0
github.com/muety/wakapi/services/webauthn.go:26.107,29.2 2 0
github.com/muety/wakapi/services/webauthn.go:31.124,34.2 2 0
github.com/muety/wakapi/services/webauthn.go:36.91,38.2 1 0
github.com/muety/wakapi/services/webauthn.go:40.85,42.2 1 0
github.com/muety/wakapi/services/webauthn.go:44.77,46.16 2 0
github.com/muety/wakapi/services/webauthn.go:46.16,48.3 1 0
github.com/muety/wakapi/services/webauthn.go:49.2,50.12 2 0
github.com/muety/wakapi/routes/utils/badge_utils.go:21.13,24.2 2 1
github.com/muety/wakapi/routes/utils/badge_utils.go:26.129,30.76 3 0
github.com/muety/wakapi/routes/utils/badge_utils.go:30.76,32.3 1 0
github.com/muety/wakapi/routes/utils/badge_utils.go:34.2,35.72 2 0
github.com/muety/wakapi/routes/utils/badge_utils.go:35.72,36.61 1 0
github.com/muety/wakapi/routes/utils/badge_utils.go:36.61,38.4 1 0
github.com/muety/wakapi/routes/utils/badge_utils.go:41.2,49.86 4 0
github.com/muety/wakapi/routes/utils/badge_utils.go:49.86,51.3 1 0
github.com/muety/wakapi/routes/utils/badge_utils.go:53.2,55.22 3 0
github.com/muety/wakapi/routes/utils/badge_utils.go:56.17,58.68 2 0
github.com/muety/wakapi/routes/utils/badge_utils.go:59.12,61.63 2 0
github.com/muety/wakapi/routes/utils/badge_utils.go:62.16,64.67 2 0
github.com/muety/wakapi/routes/utils/badge_utils.go:65.18,67.69 2 0
github.com/muety/wakapi/routes/utils/badge_utils.go:68.17,70.68 2 0
github.com/muety/wakapi/routes/utils/badge_utils.go:71.15,73.66 2 0
github.com/muety/wakapi/routes/utils/badge_utils.go:75.10,78.30 2 0
github.com/muety/wakapi/routes/utils/badge_utils.go:81.2,81.34 1 0
github.com/muety/wakapi/routes/utils/badge_utils.go:81.34,83.3 1 0
github.com/muety/wakapi/routes/utils/badge_utils.go:85.2,85.31 1 0
github.com/muety/wakapi/routes/utils/heartbeat_utils.go:11.68,13.16 2 0
github.com/muety/wakapi/routes/utils/heartbeat_utils.go:13.16,15.3 1 0
github.com/muety/wakapi/routes/utils/heartbeat_utils.go:17.2,18.16 2 0
github.com/muety/wakapi/routes/utils/heartbeat_utils.go:18.16,20.3 1 0
github.com/muety/wakapi/routes/utils/heartbeat_utils.go:22.2,22.35 1 0
github.com/muety/wakapi/routes/utils/heartbeat_utils.go:25.65,33.48 6 0
github.com/muety/wakapi/routes/utils/heartbeat_utils.go:33.48,35.3 1 0
github.com/muety/wakapi/routes/utils/heartbeat_utils.go:37.2,37.24 1 0
github.com/muety/wakapi/routes/utils/heartbeat_utils.go:40.67,48.47 6 0
github.com/muety/wakapi/routes/utils/heartbeat_utils.go:48.47,50.3 1 0
github.com/muety/wakapi/routes/utils/heartbeat_utils.go:52.2,52.45 1 0
github.com/muety/wakapi/routes/utils/json.go:9.71,13.2 3 0
github.com/muety/wakapi/routes/utils/json.go:16.74,18.2 1 0
github.com/muety/wakapi/routes/utils/messages.go:10.71,12.2 1 0
github.com/muety/wakapi/routes/utils/messages.go:14.73,16.2 1 0
github.com/muety/wakapi/routes/utils/messages.go:18.97,20.57 2 0
github.com/muety/wakapi/routes/utils/messages.go:20.57,22.3 1 0
github.com/muety/wakapi/routes/utils/messages.go:23.2,23.65 1 0
github.com/muety/wakapi/routes/utils/messages.go:23.65,25.3 1 0
github.com/muety/wakapi/routes/utils/messages.go:26.2,27.11 2 0
github.com/muety/wakapi/routes/utils/messages.go:30.78,34.2 3 0
github.com/muety/wakapi/routes/utils/messages.go:36.45,40.57 2 0
github.com/muety/wakapi/routes/utils/messages.go:40.57,43.3 2 0
github.com/muety/wakapi/routes/utils/messages.go:44.2,44.14 1 0
github.com/muety/wakapi/routes/utils/oidc.go:13.73,17.2 3 0
github.com/muety/wakapi/routes/utils/oidc.go:19.69,23.2 3 0
github.com/muety/wakapi/routes/utils/oidc.go:25.43,28.9 3 0
github.com/muety/wakapi/routes/utils/oidc.go:28.9,30.3 1 0
github.com/muety/wakapi/routes/utils/oidc.go:31.2,31.23 1 0
github.com/muety/wakapi/routes/utils/oidc.go:34.61,38.2 3 0
github.com/muety/wakapi/routes/utils/oidc.go:40.98,42.16 2 0
github.com/muety/wakapi/routes/utils/oidc.go:42.16,45.3 2 0
github.com/muety/wakapi/routes/utils/oidc.go:47.2,49.20 3 0
github.com/muety/wakapi/routes/utils/oidc.go:52.66,56.9 3 0
github.com/muety/wakapi/routes/utils/oidc.go:56.9,58.3 1 0
github.com/muety/wakapi/routes/utils/oidc.go:60.2,61.75 2 0
github.com/muety/wakapi/routes/utils/oidc.go:61.75,64.3 2 0
github.com/muety/wakapi/routes/utils/oidc.go:66.2,66.17 1 0
github.com/muety/wakapi/routes/utils/oidc.go:69.70,73.2 3 0
github.com/muety/wakapi/routes/utils/oidc.go:75.118,77.16 2 0
github.com/muety/wakapi/routes/utils/oidc.go:77.16,79.3 1 0
github.com/muety/wakapi/routes/utils/oidc.go:81.2,82.49 2 0
github.com/muety/wakapi/routes/utils/oidc.go:82.49,84.3 1 0
github.com/muety/wakapi/routes/utils/oidc.go:84.8,84.31 1 0
github.com/muety/wakapi/routes/utils/oidc.go:84.31,86.3 1 0
github.com/muety/wakapi/routes/utils/oidc.go:87.2,89.22 2 0
github.com/muety/wakapi/routes/utils/principal.go:10.55,11.81 1 0
github.com/muety/wakapi/routes/utils/principal.go:11.81,14.3 2 0
github.com/muety/wakapi/routes/utils/principal.go:17.49,19.23 2 1
github.com/muety/wakapi/routes/utils/principal.go:19.23,21.3 1 0
github.com/muety/wakapi/routes/utils/principal.go:22.2,22.52 1 1
github.com/muety/wakapi/routes/utils/principal.go:22.52,24.17 2 1
github.com/muety/wakapi/routes/utils/principal.go:24.17,26.4 1 1
github.com/muety/wakapi/routes/utils/principal.go:27.3,27.28 1 1
github.com/muety/wakapi/routes/utils/principal.go:29.2,29.12 1 0
github.com/muety/wakapi/routes/utils/project_utils.go:15.144,18.16 2 0
github.com/muety/wakapi/routes/utils/project_utils.go:18.16,20.3 1 0
github.com/muety/wakapi/routes/utils/project_utils.go:23.2,24.16 2 0
github.com/muety/wakapi/routes/utils/project_utils.go:24.16,26.3 1 0
github.com/muety/wakapi/routes/utils/project_utils.go:28.2,32.35 2 0
github.com/muety/wakapi/routes/utils/project_utils.go:32.35,35.3 2 0
github.com/muety/wakapi/routes/utils/project_utils.go:37.2,39.20 3 0
github.com/muety/wakapi/routes/utils/session.go:9.59,13.2 3 0
github.com/muety/wakapi/routes/utils/summary_utils.go:13.98,15.16 2 0
github.com/muety/wakapi/routes/utils/summary_utils.go:15.16,17.3 1 0
github.com/muety/wakapi/routes/utils/summary_utils.go:18.2,18.51 1 0
github.com/muety/wakapi/routes/utils/summary_utils.go:21.119,23.22 2 0
github.com/muety/wakapi/routes/utils/summary_utils.go:23.22,25.3 1 0
github.com/muety/wakapi/routes/utils/summary_utils.go:27.2,36.16 2 0
github.com/muety/wakapi/routes/utils/summary_utils.go:36.16,38.3 1 0
github.com/muety/wakapi/routes/utils/summary_utils.go:40.2,44.36 4 0
github.com/muety/wakapi/routes/utils/summary_utils.go:47.124,49.22 2 0
github.com/muety/wakapi/routes/utils/summary_utils.go:49.22,51.3 1 0
github.com/muety/wakapi/routes/utils/summary_utils.go:53.2,62.16 2 0
github.com/muety/wakapi/routes/utils/summary_utils.go:62.16,64.3 1 0
github.com/muety/wakapi/routes/utils/summary_utils.go:66.2,70.36 4 0
github.com/muety/wakapi/routes/utils/summary_utils.go:73.90,75.32 2 0
github.com/muety/wakapi/routes/utils/summary_utils.go:75.32,76.50 1 0
github.com/muety/wakapi/routes/utils/summary_utils.go:76.50,78.4 1 0
github.com/muety/wakapi/routes/utils/summary_utils.go:80.2,80.15 1 0
github.com/muety/wakapi/routes/utils/user_utils.go:15.139,16.68 1 1
github.com/muety/wakapi/routes/utils/user_utils.go:16.68,21.3 4 1
github.com/muety/wakapi/routes/utils/user_utils.go:23.2,24.21 2 1
github.com/muety/wakapi/routes/utils/user_utils.go:24.21,26.3 1 1
github.com/muety/wakapi/routes/utils/user_utils.go:28.2,29.27 2 1
github.com/muety/wakapi/routes/utils/user_utils.go:29.27,31.3 1 1
github.com/muety/wakapi/routes/utils/user_utils.go:31.8,31.35 1 1
github.com/muety/wakapi/routes/utils/user_utils.go:31.35,33.3 1 1
github.com/muety/wakapi/routes/utils/user_utils.go:35.2,35.63 1 1
github.com/muety/wakapi/routes/utils/user_utils.go:35.63,37.3 1 1
github.com/muety/wakapi/routes/utils/user_utils.go:39.2,40.16 2 1
github.com/muety/wakapi/routes/utils/user_utils.go:40.16,42.3 1 0
github.com/muety/wakapi/routes/utils/user_utils.go:44.2,44.27 1 1
github.com/muety/wakapi/routes/utils/webauthn.go:12.102,16.47 3 0
github.com/muety/wakapi/routes/utils/webauthn.go:16.47,18.3 1 0
github.com/muety/wakapi/routes/utils/webauthn.go:20.2,20.25 1 0
github.com/muety/wakapi/routes/utils/webauthn.go:20.25,22.3 1 0
github.com/muety/wakapi/routes/utils/webauthn.go:24.2,24.24 1 0
github.com/muety/wakapi/routes/utils/webauthn.go:27.73,30.9 3 0
github.com/muety/wakapi/routes/utils/webauthn.go:30.9,32.3 1 0
github.com/muety/wakapi/routes/utils/webauthn.go:33.2,34.9 2 0
github.com/muety/wakapi/routes/utils/webauthn.go:34.9,37.3 2 0
github.com/muety/wakapi/routes/utils/webauthn.go:39.2,39.47 1 0
github.com/muety/wakapi/routes/utils/webauthn.go:39.47,41.10 2 0
github.com/muety/wakapi/routes/utils/webauthn.go:41.10,43.4 1 0
github.com/muety/wakapi/routes/utils/webauthn.go:45.3,46.10 2 0
github.com/muety/wakapi/routes/utils/webauthn.go:46.10,48.4 1 0
github.com/muety/wakapi/routes/utils/webauthn.go:50.3,50.36 1 0
github.com/muety/wakapi/routes/utils/webauthn.go:50.36,52.4 1 0
github.com/muety/wakapi/routes/utils/webauthn.go:55.2,55.21 1 0
