mode: set
github.com/muety/wakapi/utils/json.go:12.75,18.62 2 0
github.com/muety/wakapi/utils/json.go:22.2,22.29 1 0
github.com/muety/wakapi/utils/json.go:26.2,26.72 1 0
github.com/muety/wakapi/utils/json.go:29.2,29.70 1 0
github.com/muety/wakapi/utils/json.go:33.2,33.20 1 0
github.com/muety/wakapi/utils/json.go:18.62,20.3 1 0
github.com/muety/wakapi/utils/json.go:22.29,24.3 1 0
github.com/muety/wakapi/utils/json.go:26.72,28.3 1 0
github.com/muety/wakapi/utils/json.go:29.70,31.3 1 0
github.com/muety/wakapi/utils/template.go:13.41,15.16 2 0
github.com/muety/wakapi/utils/template.go:18.2,18.23 1 0
github.com/muety/wakapi/utils/template.go:15.16,17.3 1 0
github.com/muety/wakapi/utils/template.go:21.37,22.30 1 0
github.com/muety/wakapi/utils/template.go:25.2,25.10 1 0
github.com/muety/wakapi/utils/template.go:22.30,24.3 1 0
github.com/muety/wakapi/utils/template.go:28.83,33.16 4 0
github.com/muety/wakapi/utils/template.go:37.2,37.29 1 0
github.com/muety/wakapi/utils/template.go:62.2,62.23 1 0
github.com/muety/wakapi/utils/template.go:33.16,35.3 1 0
github.com/muety/wakapi/utils/template.go:37.29,39.51 2 0
github.com/muety/wakapi/utils/template.go:43.3,44.17 2 0
github.com/muety/wakapi/utils/template.go:47.3,48.17 2 0
github.com/muety/wakapi/utils/template.go:52.3,55.17 3 0
github.com/muety/wakapi/utils/template.go:59.3,59.27 1 0
github.com/muety/wakapi/utils/template.go:39.51,40.12 1 0
github.com/muety/wakapi/utils/template.go:44.17,46.4 1 0
github.com/muety/wakapi/utils/template.go:48.17,50.4 1 0
github.com/muety/wakapi/utils/template.go:55.17,57.4 1 0
github.com/muety/wakapi/utils/collection.go:5.52,6.26 1 0
github.com/muety/wakapi/utils/collection.go:9.2,9.28 1 0
github.com/muety/wakapi/utils/collection.go:6.26,8.3 1 0
github.com/muety/wakapi/utils/collection.go:12.78,14.22 2 0
github.com/muety/wakapi/utils/collection.go:20.2,20.11 1 0
github.com/muety/wakapi/utils/collection.go:14.22,15.18 1 0
github.com/muety/wakapi/utils/collection.go:18.3,18.12 1 0
github.com/muety/wakapi/utils/collection.go:15.18,17.4 1 0
github.com/muety/wakapi/utils/cron.go:5.44,7.21 2 0
github.com/muety/wakapi/utils/cron.go:10.2,10.20 1 0
github.com/muety/wakapi/utils/cron.go:7.21,9.3 1 0
github.com/muety/wakapi/utils/date.go:9.48,11.2 1 0
github.com/muety/wakapi/utils/date.go:13.51,15.2 1 0
github.com/muety/wakapi/utils/date.go:17.52,19.2 1 0
github.com/muety/wakapi/utils/date.go:21.51,23.2 1 0
github.com/muety/wakapi/utils/date.go:26.41,28.21 2 0
github.com/muety/wakapi/utils/date.go:31.2,31.33 1 0
github.com/muety/wakapi/utils/date.go:28.21,30.3 1 0
github.com/muety/wakapi/utils/date.go:35.67,38.33 2 1
github.com/muety/wakapi/utils/date.go:47.2,47.18 1 1
github.com/muety/wakapi/utils/date.go:38.33,40.19 2 1
github.com/muety/wakapi/utils/date.go:43.3,44.10 2 1
github.com/muety/wakapi/utils/date.go:40.19,42.4 1 1
github.com/muety/wakapi/utils/date.go:51.36,54.2 2 0
github.com/muety/wakapi/utils/date.go:56.42,57.28 1 0
github.com/muety/wakapi/utils/date.go:73.2,73.20 1 0
github.com/muety/wakapi/utils/date.go:58.52,59.21 1 0
github.com/muety/wakapi/utils/date.go:60.53,61.22 1 0
github.com/muety/wakapi/utils/date.go:62.55,63.24 1 0
github.com/muety/wakapi/utils/date.go:64.54,65.23 1 0
github.com/muety/wakapi/utils/date.go:66.52,67.21 1 0
github.com/muety/wakapi/utils/date.go:68.54,69.23 1 0
github.com/muety/wakapi/utils/date.go:70.52,71.21 1 0
github.com/muety/wakapi/utils/db.go:10.34,11.37 1 0
github.com/muety/wakapi/utils/db.go:19.2,20.14 2 0
github.com/muety/wakapi/utils/db.go:11.37,13.110 2 0
github.com/muety/wakapi/utils/db.go:17.3,17.20 1 0
github.com/muety/wakapi/utils/db.go:13.110,16.4 2 0
github.com/muety/wakapi/utils/db.go:23.39,24.37 1 0
github.com/muety/wakapi/utils/db.go:32.2,33.14 2 0
github.com/muety/wakapi/utils/db.go:24.37,26.119 2 0
github.com/muety/wakapi/utils/db.go:30.3,30.20 1 0
github.com/muety/wakapi/utils/db.go:26.119,29.4 2 0
github.com/muety/wakapi/utils/db.go:36.66,37.48 1 0
github.com/muety/wakapi/utils/db.go:40.2,40.53 1 0
github.com/muety/wakapi/utils/db.go:37.48,39.3 1 0
github.com/muety/wakapi/utils/db.go:43.59,44.16 1 0
github.com/muety/wakapi/utils/db.go:47.2,47.15 1 0
github.com/muety/wakapi/utils/db.go:50.2,50.14 1 0
github.com/muety/wakapi/utils/db.go:44.16,46.3 1 0
github.com/muety/wakapi/utils/db.go:47.15,49.3 1 0
github.com/muety/wakapi/utils/dns.go:9.38,11.21 2 0
github.com/muety/wakapi/utils/dns.go:14.2,15.39 2 0
github.com/muety/wakapi/utils/dns.go:11.21,13.3 1 0
github.com/muety/wakapi/utils/http.go:20.13,22.2 1 1
github.com/muety/wakapi/utils/http.go:29.34,30.20 1 0
github.com/muety/wakapi/utils/http.go:33.2,33.19 1 0
github.com/muety/wakapi/utils/http.go:30.20,32.3 1 0
github.com/muety/wakapi/utils/http.go:36.35,37.21 1 0
github.com/muety/wakapi/utils/http.go:40.2,40.34 1 0
github.com/muety/wakapi/utils/http.go:37.21,39.3 1 0
github.com/muety/wakapi/utils/http.go:43.62,45.48 2 0
github.com/muety/wakapi/utils/http.go:48.2,48.93 1 0
github.com/muety/wakapi/utils/http.go:53.2,53.14 1 0
github.com/muety/wakapi/utils/http.go:45.48,47.3 1 0
github.com/muety/wakapi/utils/http.go:48.93,49.89 1 0
github.com/muety/wakapi/utils/http.go:49.89,51.4 1 0
github.com/muety/wakapi/utils/http.go:56.51,60.46 4 0
github.com/muety/wakapi/utils/http.go:63.2,63.73 1 0
github.com/muety/wakapi/utils/http.go:66.2,66.19 1 0
github.com/muety/wakapi/utils/http.go:60.46,62.3 1 0
github.com/muety/wakapi/utils/http.go:63.73,65.3 1 0
github.com/muety/wakapi/utils/http.go:69.78,71.26 2 0
github.com/muety/wakapi/utils/http.go:74.2,74.30 1 0
github.com/muety/wakapi/utils/http.go:77.2,77.19 1 0
github.com/muety/wakapi/utils/http.go:71.26,73.3 1 0
github.com/muety/wakapi/utils/http.go:74.30,76.3 1 0
github.com/muety/wakapi/utils/http.go:80.56,83.45 3 1
github.com/muety/wakapi/utils/http.go:86.2,86.40 1 1
github.com/muety/wakapi/utils/http.go:83.45,85.3 1 1
github.com/muety/wakapi/utils/strings.go:8.34,10.2 1 0
github.com/muety/wakapi/utils/strings.go:12.58,13.49 1 0
github.com/muety/wakapi/utils/strings.go:13.49,14.32 1 0
github.com/muety/wakapi/utils/strings.go:19.3,19.15 1 0
github.com/muety/wakapi/utils/strings.go:14.32,15.22 1 0
github.com/muety/wakapi/utils/strings.go:15.22,17.5 1 0
github.com/muety/wakapi/utils/strings.go:23.77,24.29 1 0
github.com/muety/wakapi/utils/strings.go:29.2,29.19 1 0
github.com/muety/wakapi/utils/strings.go:24.29,25.18 1 0
github.com/muety/wakapi/utils/strings.go:25.18,27.4 1 0
github.com/muety/wakapi/utils/sync.go:11.66,13.12 2 0
github.com/muety/wakapi/utils/sync.go:17.2,17.9 1 0
github.com/muety/wakapi/utils/sync.go:13.12,16.3 2 0
github.com/muety/wakapi/utils/sync.go:18.11,19.15 1 0
github.com/muety/wakapi/utils/sync.go:20.29,21.14 1 0
github.com/muety/wakapi/utils/auth.go:14.79,16.54 2 0
github.com/muety/wakapi/utils/auth.go:20.2,22.16 3 0
github.com/muety/wakapi/utils/auth.go:26.2,28.45 3 0
github.com/muety/wakapi/utils/auth.go:31.2,32.32 2 0
github.com/muety/wakapi/utils/auth.go:16.54,18.3 1 0
github.com/muety/wakapi/utils/auth.go:22.16,24.3 1 0
github.com/muety/wakapi/utils/auth.go:28.45,30.3 1 0
github.com/muety/wakapi/utils/auth.go:35.65,37.85 2 0
github.com/muety/wakapi/utils/auth.go:41.2,42.30 2 0
github.com/muety/wakapi/utils/auth.go:37.85,39.3 1 0
github.com/muety/wakapi/utils/auth.go:45.56,49.2 3 0
github.com/muety/wakapi/utils/auth.go:51.55,54.16 3 0
github.com/muety/wakapi/utils/auth.go:57.2,57.16 1 0
github.com/muety/wakapi/utils/auth.go:54.16,56.3 1 0
github.com/muety/wakapi/routes/utils/summary_utils.go:12.98,14.16 2 0
github.com/muety/wakapi/routes/utils/summary_utils.go:17.2,17.51 1 0
github.com/muety/wakapi/routes/utils/summary_utils.go:14.16,16.3 1 0
github.com/muety/wakapi/routes/utils/summary_utils.go:20.119,22.22 2 0
github.com/muety/wakapi/routes/utils/summary_utils.go:26.2,34.16 2 0
github.com/muety/wakapi/routes/utils/summary_utils.go:38.2,41.36 3 0
github.com/muety/wakapi/routes/utils/summary_utils.go:22.22,24.3 1 0
github.com/muety/wakapi/routes/utils/summary_utils.go:34.16,36.3 1 0
github.com/muety/wakapi/routes/utils/summary_utils.go:44.90,46.32 2 0
github.com/muety/wakapi/routes/utils/summary_utils.go:51.2,51.15 1 0
github.com/muety/wakapi/routes/utils/summary_utils.go:46.32,47.50 1 0
github.com/muety/wakapi/routes/utils/summary_utils.go:47.50,49.4 1 0
github.com/muety/wakapi/routes/utils/user_utils.go:15.139,16.68 1 1
github.com/muety/wakapi/routes/utils/user_utils.go:23.2,24.21 2 1
github.com/muety/wakapi/routes/utils/user_utils.go:28.2,29.27 2 1
github.com/muety/wakapi/routes/utils/user_utils.go:35.2,35.63 1 1
github.com/muety/wakapi/routes/utils/user_utils.go:39.2,40.16 2 1
github.com/muety/wakapi/routes/utils/user_utils.go:44.2,44.27 1 1
github.com/muety/wakapi/routes/utils/user_utils.go:16.68,21.3 4 1
github.com/muety/wakapi/routes/utils/user_utils.go:24.21,26.3 1 1
github.com/muety/wakapi/routes/utils/user_utils.go:29.27,31.3 1 1
github.com/muety/wakapi/routes/utils/user_utils.go:31.8,31.35 1 1
github.com/muety/wakapi/routes/utils/user_utils.go:31.35,33.3 1 1
github.com/muety/wakapi/routes/utils/user_utils.go:35.63,37.3 1 1
github.com/muety/wakapi/routes/utils/user_utils.go:40.16,42.3 1 0
github.com/muety/wakapi/routes/utils/badge_utils.go:21.13,24.2 2 1
github.com/muety/wakapi/routes/utils/badge_utils.go:26.114,28.79 2 0
github.com/muety/wakapi/routes/utils/badge_utils.go:32.2,33.75 2 0
github.com/muety/wakapi/routes/utils/badge_utils.go:39.2,47.71 4 0
github.com/muety/wakapi/routes/utils/badge_utils.go:51.2,53.22 3 0
github.com/muety/wakapi/routes/utils/badge_utils.go:79.2,79.19 1 0
github.com/muety/wakapi/routes/utils/badge_utils.go:83.2,83.31 1 0
github.com/muety/wakapi/routes/utils/badge_utils.go:28.79,30.3 1 0
github.com/muety/wakapi/routes/utils/badge_utils.go:33.75,34.61 1 0
github.com/muety/wakapi/routes/utils/badge_utils.go:34.61,36.4 1 0
github.com/muety/wakapi/routes/utils/badge_utils.go:47.71,49.3 1 0
github.com/muety/wakapi/routes/utils/badge_utils.go:54.17,56.68 2 0
github.com/muety/wakapi/routes/utils/badge_utils.go:57.12,59.63 2 0
github.com/muety/wakapi/routes/utils/badge_utils.go:60.16,62.67 2 0
github.com/muety/wakapi/routes/utils/badge_utils.go:63.18,65.69 2 0
github.com/muety/wakapi/routes/utils/badge_utils.go:66.17,68.68 2 0
github.com/muety/wakapi/routes/utils/badge_utils.go:69.15,71.66 2 0
github.com/muety/wakapi/routes/utils/badge_utils.go:73.10,76.30 2 0
github.com/muety/wakapi/routes/utils/badge_utils.go:79.19,81.3 1 0
github.com/muety/wakapi/routes/utils/heartbeat_utils.go:11.68,13.16 2 0
github.com/muety/wakapi/routes/utils/heartbeat_utils.go:17.2,18.16 2 0
github.com/muety/wakapi/routes/utils/heartbeat_utils.go:22.2,22.35 1 0
github.com/muety/wakapi/routes/utils/heartbeat_utils.go:13.16,15.3 1 0
github.com/muety/wakapi/routes/utils/heartbeat_utils.go:18.16,20.3 1 0
github.com/muety/wakapi/routes/utils/heartbeat_utils.go:25.65,33.48 6 0
github.com/muety/wakapi/routes/utils/heartbeat_utils.go:37.2,37.24 1 0
github.com/muety/wakapi/routes/utils/heartbeat_utils.go:33.48,35.3 1 0
github.com/muety/wakapi/routes/utils/heartbeat_utils.go:40.67,48.47 6 0
github.com/muety/wakapi/routes/utils/heartbeat_utils.go:52.2,52.45 1 0
github.com/muety/wakapi/routes/utils/heartbeat_utils.go:48.47,50.3 1 0
github.com/muety/wakapi/routes/utils/messages.go:9.71,11.2 1 0
github.com/muety/wakapi/routes/utils/messages.go:13.73,15.2 1 0
github.com/muety/wakapi/routes/utils/messages.go:17.97,19.57 2 0
github.com/muety/wakapi/routes/utils/messages.go:22.2,22.65 1 0
github.com/muety/wakapi/routes/utils/messages.go:25.2,26.11 2 0
github.com/muety/wakapi/routes/utils/messages.go:19.57,21.3 1 0
github.com/muety/wakapi/routes/utils/messages.go:22.65,24.3 1 0
github.com/muety/wakapi/routes/utils/messages.go:29.78,33.2 3 0
github.com/muety/wakapi/routes/utils/project_utils.go:15.144,18.16 2 0
github.com/muety/wakapi/routes/utils/project_utils.go:23.2,24.16 2 0
github.com/muety/wakapi/routes/utils/project_utils.go:28.2,32.35 2 0
github.com/muety/wakapi/routes/utils/project_utils.go:37.2,39.20 3 0
github.com/muety/wakapi/routes/utils/project_utils.go:18.16,20.3 1 0
github.com/muety/wakapi/routes/utils/project_utils.go:24.16,26.3 1 0
github.com/muety/wakapi/routes/utils/project_utils.go:32.35,35.3 2 0
github.com/muety/wakapi/middlewares/filetype.go:13.83,14.43 1 0
github.com/muety/wakapi/middlewares/filetype.go:14.43,19.3 1 0
github.com/muety/wakapi/middlewares/filetype.go:22.84,24.34 2 0
github.com/muety/wakapi/middlewares/filetype.go:31.2,31.27 1 0
github.com/muety/wakapi/middlewares/filetype.go:24.34,25.50 1 0
github.com/muety/wakapi/middlewares/filetype.go:25.50,29.4 3 0
github.com/muety/wakapi/middlewares/logging.go:20.102,21.43 1 0
github.com/muety/wakapi/middlewares/logging.go:21.43,27.3 1 0
github.com/muety/wakapi/middlewares/logging.go:30.80,39.44 7 0
github.com/muety/wakapi/middlewares/logging.go:45.2,54.3 1 0
github.com/muety/wakapi/middlewares/logging.go:39.44,40.38 1 0
github.com/muety/wakapi/middlewares/logging.go:40.38,42.4 1 0
github.com/muety/wakapi/middlewares/logging.go:57.41,59.14 2 0
github.com/muety/wakapi/middlewares/logging.go:62.2,62.14 1 0
github.com/muety/wakapi/middlewares/logging.go:65.2,65.11 1 0
github.com/muety/wakapi/middlewares/logging.go:59.14,61.3 1 0
github.com/muety/wakapi/middlewares/logging.go:62.14,64.3 1 0
github.com/muety/wakapi/middlewares/logging.go:68.41,69.42 1 0
github.com/muety/wakapi/middlewares/logging.go:72.2,72.12 1 0
github.com/muety/wakapi/middlewares/logging.go:69.42,71.3 1 0
github.com/muety/wakapi/middlewares/logging.go:103.52,105.2 1 0
github.com/muety/wakapi/middlewares/logging.go:117.45,118.20 1 0
github.com/muety/wakapi/middlewares/logging.go:118.20,122.3 3 0
github.com/muety/wakapi/middlewares/logging.go:124.54,127.18 3 0
github.com/muety/wakapi/middlewares/logging.go:134.2,135.15 2 0
github.com/muety/wakapi/middlewares/logging.go:127.18,130.17 2 0
github.com/muety/wakapi/middlewares/logging.go:130.17,132.4 1 0
github.com/muety/wakapi/middlewares/logging.go:137.42,138.20 1 0
github.com/muety/wakapi/middlewares/logging.go:138.20,140.3 1 0
github.com/muety/wakapi/middlewares/logging.go:142.36,144.2 1 0
github.com/muety/wakapi/middlewares/logging.go:145.42,147.2 1 0
github.com/muety/wakapi/middlewares/logging.go:148.40,150.2 1 0
github.com/muety/wakapi/middlewares/logging.go:151.52,153.2 1 0
github.com/muety/wakapi/middlewares/principal.go:15.62,17.2 1 0
github.com/muety/wakapi/middlewares/principal.go:19.58,21.2 1 0
github.com/muety/wakapi/middlewares/principal.go:23.60,24.24 1 0
github.com/muety/wakapi/middlewares/principal.go:27.2,27.31 1 0
github.com/muety/wakapi/middlewares/principal.go:24.24,26.3 1 0
github.com/muety/wakapi/middlewares/principal.go:49.71,50.43 1 0
github.com/muety/wakapi/middlewares/principal.go:50.43,52.3 1 0
github.com/muety/wakapi/middlewares/principal.go:55.81,58.2 2 0
github.com/muety/wakapi/middlewares/principal.go:60.55,61.52 1 0
github.com/muety/wakapi/middlewares/principal.go:61.52,63.3 1 0
github.com/muety/wakapi/middlewares/principal.go:66.49,67.52 1 0
github.com/muety/wakapi/middlewares/principal.go:70.2,70.12 1 0
github.com/muety/wakapi/middlewares/principal.go:67.52,69.3 1 0
github.com/muety/wakapi/middlewares/security.go:19.62,20.43 1 0
github.com/muety/wakapi/middlewares/security.go:20.43,22.3 1 0
github.com/muety/wakapi/middlewares/security.go:25.80,26.36 1 0
github.com/muety/wakapi/middlewares/security.go:31.2,31.27 1 0
github.com/muety/wakapi/middlewares/security.go:26.36,27.30 1 0
github.com/muety/wakapi/middlewares/security.go:27.30,29.4 1 0
github.com/muety/wakapi/middlewares/sentry.go:15.60,16.43 1 0
github.com/muety/wakapi/middlewares/sentry.go:16.43,20.3 1 0
github.com/muety/wakapi/middlewares/sentry.go:23.78,26.54 3 0
github.com/muety/wakapi/middlewares/sentry.go:26.54,27.43 1 0
github.com/muety/wakapi/middlewares/sentry.go:27.43,29.4 1 0
github.com/muety/wakapi/middlewares/authenticate.go:32.91,38.2 1 1
github.com/muety/wakapi/middlewares/authenticate.go:40.90,43.2 2 0
github.com/muety/wakapi/middlewares/authenticate.go:45.90,48.2 2 0
github.com/muety/wakapi/middlewares/authenticate.go:50.99,53.2 2 0
github.com/muety/wakapi/middlewares/authenticate.go:55.71,56.71 1 0
github.com/muety/wakapi/middlewares/authenticate.go:56.71,58.3 1 0
github.com/muety/wakapi/middlewares/authenticate.go:61.107,65.16 3 0
github.com/muety/wakapi/middlewares/authenticate.go:68.2,68.16 1 0
github.com/muety/wakapi/middlewares/authenticate.go:72.2,72.31 1 0
github.com/muety/wakapi/middlewares/authenticate.go:93.2,94.12 2 0
github.com/muety/wakapi/middlewares/authenticate.go:65.16,67.3 1 0
github.com/muety/wakapi/middlewares/authenticate.go:68.16,70.3 1 0
github.com/muety/wakapi/middlewares/authenticate.go:72.31,73.31 1 0
github.com/muety/wakapi/middlewares/authenticate.go:78.3,78.29 1 0
github.com/muety/wakapi/middlewares/authenticate.go:90.3,90.9 1 0
github.com/muety/wakapi/middlewares/authenticate.go:73.31,76.4 2 0
github.com/muety/wakapi/middlewares/authenticate.go:78.29,81.4 2 0
github.com/muety/wakapi/middlewares/authenticate.go:81.9,82.36 1 0
github.com/muety/wakapi/middlewares/authenticate.go:87.4,88.59 2 0
github.com/muety/wakapi/middlewares/authenticate.go:82.36,86.5 3 0
github.com/muety/wakapi/middlewares/authenticate.go:97.70,98.39 1 0
github.com/muety/wakapi/middlewares/authenticate.go:103.2,103.14 1 0
github.com/muety/wakapi/middlewares/authenticate.go:98.39,99.60 1 0
github.com/muety/wakapi/middlewares/authenticate.go:99.60,101.4 1 0
github.com/muety/wakapi/middlewares/authenticate.go:106.98,108.16 2 1
github.com/muety/wakapi/middlewares/authenticate.go:112.2,115.16 4 1
github.com/muety/wakapi/middlewares/authenticate.go:118.2,118.18 1 1
github.com/muety/wakapi/middlewares/authenticate.go:108.16,110.3 1 1
github.com/muety/wakapi/middlewares/authenticate.go:115.16,117.3 1 0
github.com/muety/wakapi/middlewares/authenticate.go:121.97,125.19 4 1
github.com/muety/wakapi/middlewares/authenticate.go:128.2,129.16 2 1
github.com/muety/wakapi/middlewares/authenticate.go:132.2,132.18 1 1
github.com/muety/wakapi/middlewares/authenticate.go:125.19,127.3 1 1
github.com/muety/wakapi/middlewares/authenticate.go:129.16,131.3 1 0
github.com/muety/wakapi/middlewares/authenticate.go:135.92,137.16 2 0
github.com/muety/wakapi/middlewares/authenticate.go:141.2,142.16 2 0
github.com/muety/wakapi/middlewares/authenticate.go:149.2,149.18 1 0
github.com/muety/wakapi/middlewares/authenticate.go:137.16,139.3 1 0
github.com/muety/wakapi/middlewares/authenticate.go:142.16,144.3 1 0
github.com/muety/wakapi/config/config.go:185.64,187.2 1 0
github.com/muety/wakapi/config/config.go:189.59,191.2 1 0
github.com/muety/wakapi/config/config.go:193.82,203.2 1 0
github.com/muety/wakapi/config/config.go:205.31,207.2 1 0
github.com/muety/wakapi/config/config.go:209.32,211.2 1 0
github.com/muety/wakapi/config/config.go:213.60,215.2 1 0
github.com/muety/wakapi/config/config.go:217.59,219.2 1 0
github.com/muety/wakapi/config/config.go:221.57,223.2 1 0
github.com/muety/wakapi/config/config.go:225.53,227.2 1 0
github.com/muety/wakapi/config/config.go:229.53,230.46 1 0
github.com/muety/wakapi/config/config.go:246.2,246.51 1 0
github.com/muety/wakapi/config/config.go:230.46,234.17 3 0
github.com/muety/wakapi/config/config.go:238.3,239.17 2 0
github.com/muety/wakapi/config/config.go:243.3,243.44 1 0
github.com/muety/wakapi/config/config.go:234.17,236.4 1 0
github.com/muety/wakapi/config/config.go:239.17,241.4 1 0
github.com/muety/wakapi/config/config.go:249.50,250.47 1 0
github.com/muety/wakapi/config/config.go:269.2,269.52 1 0
github.com/muety/wakapi/config/config.go:250.47,257.17 5 0
github.com/muety/wakapi/config/config.go:261.3,262.17 2 0
github.com/muety/wakapi/config/config.go:266.3,266.54 1 0
github.com/muety/wakapi/config/config.go:257.17,259.4 1 0
github.com/muety/wakapi/config/config.go:262.17,264.4 1 0
github.com/muety/wakapi/config/config.go:272.65,277.56 3 0
github.com/muety/wakapi/config/config.go:299.2,299.76 1 0
github.com/muety/wakapi/config/config.go:303.2,303.14 1 0
github.com/muety/wakapi/config/config.go:277.56,279.33 1 0
github.com/muety/wakapi/config/config.go:279.33,282.18 3 0
github.com/muety/wakapi/config/config.go:286.4,287.18 2 0
github.com/muety/wakapi/config/config.go:291.4,291.45 1 0
github.com/muety/wakapi/config/config.go:282.18,284.5 1 0
github.com/muety/wakapi/config/config.go:287.18,289.5 1 0
github.com/muety/wakapi/config/config.go:293.8,294.33 1 0
github.com/muety/wakapi/config/config.go:294.33,296.4 1 0
github.com/muety/wakapi/config/config.go:299.76,301.3 1 0
github.com/muety/wakapi/config/config.go:306.54,309.2 2 0
github.com/muety/wakapi/config/config.go:311.36,313.2 1 0
github.com/muety/wakapi/config/config.go:315.35,317.2 1 0
github.com/muety/wakapi/config/config.go:319.38,321.2 1 0
github.com/muety/wakapi/config/config.go:323.46,325.2 1 0
github.com/muety/wakapi/config/config.go:327.43,329.2 1 0
github.com/muety/wakapi/config/config.go:331.29,333.2 1 1
github.com/muety/wakapi/config/config.go:335.48,346.16 2 0
github.com/muety/wakapi/config/config.go:350.2,351.53 2 0
github.com/muety/wakapi/config/config.go:355.2,355.15 1 0
github.com/muety/wakapi/config/config.go:346.16,348.3 1 0
github.com/muety/wakapi/config/config.go:351.53,353.3 1 0
github.com/muety/wakapi/config/config.go:358.45,359.27 1 0
github.com/muety/wakapi/config/config.go:362.2,362.24 1 0
github.com/muety/wakapi/config/config.go:365.2,365.25 1 0
github.com/muety/wakapi/config/config.go:368.2,368.15 1 0
github.com/muety/wakapi/config/config.go:359.27,361.3 1 0
github.com/muety/wakapi/config/config.go:362.24,364.3 1 0
github.com/muety/wakapi/config/config.go:365.25,367.3 1 0
github.com/muety/wakapi/config/config.go:371.26,373.2 1 0
github.com/muety/wakapi/config/config.go:375.20,377.2 1 0
github.com/muety/wakapi/config/config.go:379.35,384.78 3 0
github.com/muety/wakapi/config/config.go:388.2,392.21 4 0
github.com/muety/wakapi/config/config.go:396.2,404.16 7 0
github.com/muety/wakapi/config/config.go:410.2,413.52 3 0
github.com/muety/wakapi/config/config.go:417.2,417.47 1 0
github.com/muety/wakapi/config/config.go:423.2,423.29 1 0
github.com/muety/wakapi/config/config.go:428.2,428.41 1 0
github.com/muety/wakapi/config/config.go:439.2,439.108 1 0
github.com/muety/wakapi/config/config.go:442.2,442.28 1 0
github.com/muety/wakapi/config/config.go:445.2,445.51 1 0
github.com/muety/wakapi/config/config.go:449.2,449.100 1 0
github.com/muety/wakapi/config/config.go:452.2,452.74 1 0
github.com/muety/wakapi/config/config.go:456.2,458.78 2 0
github.com/muety/wakapi/config/config.go:461.2,461.81 1 0
github.com/muety/wakapi/config/config.go:464.2,464.66 1 0
github.com/muety/wakapi/config/config.go:471.2,471.55 1 0
github.com/muety/wakapi/config/config.go:474.2,474.56 1 0
github.com/muety/wakapi/config/config.go:477.2,477.65 1 0
github.com/muety/wakapi/config/config.go:481.2,482.14 2 0
github.com/muety/wakapi/config/config.go:384.78,386.3 1 0
github.com/muety/wakapi/config/config.go:392.21,394.3 1 0
github.com/muety/wakapi/config/config.go:404.16,408.3 3 0
github.com/muety/wakapi/config/config.go:413.52,415.3 1 0
github.com/muety/wakapi/config/config.go:417.47,418.14 1 0
github.com/muety/wakapi/config/config.go:418.14,420.4 1 0
github.com/muety/wakapi/config/config.go:423.29,426.3 2 0
github.com/muety/wakapi/config/config.go:428.41,430.3 1 0
github.com/muety/wakapi/config/config.go:430.8,432.35 2 0
github.com/muety/wakapi/config/config.go:435.3,435.37 1 0
github.com/muety/wakapi/config/config.go:432.35,434.4 1 0
github.com/muety/wakapi/config/config.go:439.108,441.3 1 0
github.com/muety/wakapi/config/config.go:442.28,444.3 1 0
github.com/muety/wakapi/config/config.go:445.51,448.3 2 0
github.com/muety/wakapi/config/config.go:449.100,451.3 1 0
github.com/muety/wakapi/config/config.go:452.74,454.3 1 0
github.com/muety/wakapi/config/config.go:458.78,460.3 1 0
github.com/muety/wakapi/config/config.go:461.81,463.3 1 0
github.com/muety/wakapi/config/config.go:464.66,465.48 1 0
github.com/muety/wakapi/config/config.go:465.48,467.4 1 0
github.com/muety/wakapi/config/config.go:471.55,473.3 1 0
github.com/muety/wakapi/config/config.go:474.56,476.3 1 0
github.com/muety/wakapi/config/config.go:477.65,479.3 1 0
github.com/muety/wakapi/config/eventbus.go:26.13,28.2 1 1
github.com/muety/wakapi/config/eventbus.go:30.26,32.2 1 0
github.com/muety/wakapi/config/session.go:9.46,10.25 1 0
github.com/muety/wakapi/config/session.go:13.2,13.21 1 0
github.com/muety/wakapi/config/session.go:10.25,12.3 1 0
github.com/muety/wakapi/config/jobqueue.go:29.13,38.2 7 1
github.com/muety/wakapi/config/jobqueue.go:40.48,41.34 1 1
github.com/muety/wakapi/config/jobqueue.go:44.2,47.12 4 1
github.com/muety/wakapi/config/jobqueue.go:41.34,43.3 1 0
github.com/muety/wakapi/config/jobqueue.go:50.44,52.2 1 0
github.com/muety/wakapi/config/jobqueue.go:54.48,55.35 1 0
github.com/muety/wakapi/config/jobqueue.go:58.2,58.24 1 0
github.com/muety/wakapi/config/jobqueue.go:55.35,57.3 1 0
github.com/muety/wakapi/config/jobqueue.go:61.43,63.37 2 0
github.com/muety/wakapi/config/jobqueue.go:70.2,70.16 1 0
github.com/muety/wakapi/config/jobqueue.go:63.37,69.3 1 0
github.com/muety/wakapi/config/jobqueue.go:73.20,74.30 1 0
github.com/muety/wakapi/config/jobqueue.go:74.30,76.3 1 0
github.com/muety/wakapi/config/jobqueue.go:79.20,81.2 1 0
github.com/muety/wakapi/config/jobqueue.go:83.21,85.2 1 1
github.com/muety/wakapi/config/key_utils.go:11.58,15.44 2 0
github.com/muety/wakapi/config/key_utils.go:30.2,31.16 2 0
github.com/muety/wakapi/config/key_utils.go:34.2,37.51 3 0
github.com/muety/wakapi/config/key_utils.go:40.2,40.45 1 0
github.com/muety/wakapi/config/key_utils.go:15.44,17.17 2 0
github.com/muety/wakapi/config/key_utils.go:20.3,23.17 3 0
github.com/muety/wakapi/config/key_utils.go:26.3,26.46 1 0
github.com/muety/wakapi/config/key_utils.go:17.17,19.4 1 0
github.com/muety/wakapi/config/key_utils.go:23.17,25.4 1 0
github.com/muety/wakapi/config/key_utils.go:31.16,33.3 1 0
github.com/muety/wakapi/config/key_utils.go:37.51,39.3 1 0
github.com/muety/wakapi/config/sentry.go:21.35,23.2 1 0
github.com/muety/wakapi/config/sentry.go:25.62,28.2 2 0
github.com/muety/wakapi/config/sentry.go:38.33,45.2 2 0
github.com/muety/wakapi/config/sentry.go:47.79,50.2 2 0
github.com/muety/wakapi/config/sentry.go:52.72,56.2 3 0
github.com/muety/wakapi/config/sentry.go:58.71,62.2 3 0
github.com/muety/wakapi/config/sentry.go:64.71,68.2 3 0
github.com/muety/wakapi/config/sentry.go:70.72,74.2 3 0
github.com/muety/wakapi/config/sentry.go:76.72,80.2 3 0
github.com/muety/wakapi/config/sentry.go:82.67,87.18 4 0
github.com/muety/wakapi/config/sentry.go:99.2,99.28 1 0
github.com/muety/wakapi/config/sentry.go:87.18,88.65 1 0
github.com/muety/wakapi/config/sentry.go:88.65,91.45 3 0
github.com/muety/wakapi/config/sentry.go:94.4,95.10 2 0
github.com/muety/wakapi/config/sentry.go:91.45,93.5 1 0
github.com/muety/wakapi/config/sentry.go:109.50,115.59 1 0
github.com/muety/wakapi/config/sentry.go:115.59,118.38 3 0
github.com/muety/wakapi/config/sentry.go:123.4,123.39 1 0
github.com/muety/wakapi/config/sentry.go:126.4,126.37 1 0
github.com/muety/wakapi/config/sentry.go:118.38,119.38 1 0
github.com/muety/wakapi/config/sentry.go:119.38,121.6 1 0
github.com/muety/wakapi/config/sentry.go:123.39,125.5 1 0
github.com/muety/wakapi/config/sentry.go:128.79,129.27 1 0
github.com/muety/wakapi/config/sentry.go:136.4,136.16 1 0
github.com/muety/wakapi/config/sentry.go:129.27,130.84 1 0
github.com/muety/wakapi/config/sentry.go:130.84,131.45 1 0
github.com/muety/wakapi/config/sentry.go:131.45,133.7 1 0
github.com/muety/wakapi/config/sentry.go:138.17,140.3 1 0
github.com/muety/wakapi/config/sentry.go:144.43,149.51 2 0
github.com/muety/wakapi/config/sentry.go:152.2,152.11 1 0
github.com/muety/wakapi/config/sentry.go:149.51,151.3 1 0
github.com/muety/wakapi/config/db.go:40.50,41.19 1 0
github.com/muety/wakapi/config/db.go:54.2,54.12 1 0
github.com/muety/wakapi/config/db.go:42.23,46.5 1 0
github.com/muety/wakapi/config/db.go:47.26,50.5 1 0
github.com/muety/wakapi/config/db.go:51.24,52.48 1 0
github.com/muety/wakapi/config/db.go:57.53,60.25 2 1
github.com/muety/wakapi/config/db.go:64.2,71.3 1 1
github.com/muety/wakapi/config/db.go:60.25,62.3 1 1
github.com/muety/wakapi/config/db.go:74.56,75.25 1 1
github.com/muety/wakapi/config/db.go:79.2,80.16 2 1
github.com/muety/wakapi/config/db.go:84.2,91.3 1 1
github.com/muety/wakapi/config/db.go:75.25,77.3 1 0
github.com/muety/wakapi/config/db.go:80.16,82.3 1 0
github.com/muety/wakapi/config/db.go:94.54,96.2 1 1
github.com/muety/wakapi/config/db_opts.go:11.56,13.2 1 0
github.com/muety/wakapi/config/db_opts.go:15.59,17.2 1 0
github.com/muety/wakapi/config/db_opts.go:19.61,21.39 1 0
github.com/muety/wakapi/config/db_opts.go:28.2,28.30 1 0
github.com/muety/wakapi/config/db_opts.go:34.2,34.12 1 0
github.com/muety/wakapi/config/db_opts.go:21.39,23.100 1 0
github.com/muety/wakapi/config/db_opts.go:23.100,25.4 1 0
github.com/muety/wakapi/config/db_opts.go:28.30,29.68 1 0
github.com/muety/wakapi/config/db_opts.go:29.68,31.4 1 0
github.com/muety/wakapi/config/fs.go:9.56,10.19 1 0
github.com/muety/wakapi/config/fs.go:13.2,13.19 1 0
github.com/muety/wakapi/config/fs.go:10.19,12.3 1 0
github.com/muety/wakapi/routes/compat/wakatime/v1/statusbar.go:29.120,35.2 1 0
github.com/muety/wakapi/routes/compat/wakatime/v1/statusbar.go:37.62,38.34 1 0
github.com/muety/wakapi/routes/compat/wakatime/v1/statusbar.go:38.34,43.3 4 0
github.com/muety/wakapi/routes/compat/wakatime/v1/statusbar.go:55.72,57.16 2 0
github.com/muety/wakapi/routes/compat/wakatime/v1/statusbar.go:61.2,62.22 2 0
github.com/muety/wakapi/routes/compat/wakatime/v1/statusbar.go:66.2,67.16 2 0
github.com/muety/wakapi/routes/compat/wakatime/v1/statusbar.go:73.2,74.16 2 0
github.com/muety/wakapi/routes/compat/wakatime/v1/statusbar.go:79.2,83.4 2 0
github.com/muety/wakapi/routes/compat/wakatime/v1/statusbar.go:57.16,59.3 1 0
github.com/muety/wakapi/routes/compat/wakatime/v1/statusbar.go:62.22,64.3 1 0
github.com/muety/wakapi/routes/compat/wakatime/v1/statusbar.go:67.16,71.3 3 0
github.com/muety/wakapi/routes/compat/wakatime/v1/statusbar.go:74.16,78.3 3 0
github.com/muety/wakapi/routes/compat/wakatime/v1/statusbar.go:86.115,95.29 3 0
github.com/muety/wakapi/routes/compat/wakatime/v1/statusbar.go:99.2,100.16 2 0
github.com/muety/wakapi/routes/compat/wakatime/v1/statusbar.go:104.2,104.36 1 0
github.com/muety/wakapi/routes/compat/wakatime/v1/statusbar.go:95.29,97.3 1 0
github.com/muety/wakapi/routes/compat/wakatime/v1/statusbar.go:100.16,102.3 1 0
github.com/muety/wakapi/routes/compat/wakatime/v1/summaries.go:27.120,33.2 1 0
github.com/muety/wakapi/routes/compat/wakatime/v1/summaries.go:35.62,36.34 1 0
github.com/muety/wakapi/routes/compat/wakatime/v1/summaries.go:36.34,39.3 2 0
github.com/muety/wakapi/routes/compat/wakatime/v1/summaries.go:65.72,67.16 2 0
github.com/muety/wakapi/routes/compat/wakatime/v1/summaries.go:71.2,72.16 2 0
github.com/muety/wakapi/routes/compat/wakatime/v1/summaries.go:78.2,79.46 2 0
github.com/muety/wakapi/routes/compat/wakatime/v1/summaries.go:67.16,69.3 1 0
github.com/muety/wakapi/routes/compat/wakatime/v1/summaries.go:72.16,76.3 3 0
github.com/muety/wakapi/routes/compat/wakatime/v1/summaries.go:82.114,87.19 4 0
github.com/muety/wakapi/routes/compat/wakatime/v1/summaries.go:93.2,94.22 2 0
github.com/muety/wakapi/routes/compat/wakatime/v1/summaries.go:123.2,137.37 6 0
github.com/muety/wakapi/routes/compat/wakatime/v1/summaries.go:148.2,148.38 1 0
github.com/muety/wakapi/routes/compat/wakatime/v1/summaries.go:87.19,88.56 1 0
github.com/muety/wakapi/routes/compat/wakatime/v1/summaries.go:88.56,90.4 1 0
github.com/muety/wakapi/routes/compat/wakatime/v1/summaries.go:94.22,96.98 1 0
github.com/muety/wakapi/routes/compat/wakatime/v1/summaries.go:96.98,98.4 1 0
github.com/muety/wakapi/routes/compat/wakatime/v1/summaries.go:98.9,100.4 1 0
github.com/muety/wakapi/routes/compat/wakatime/v1/summaries.go:101.8,101.130 1 0
github.com/muety/wakapi/routes/compat/wakatime/v1/summaries.go:101.130,104.3 1 0
github.com/muety/wakapi/routes/compat/wakatime/v1/summaries.go:104.8,109.17 3 0
github.com/muety/wakapi/routes/compat/wakatime/v1/summaries.go:113.3,114.17 2 0
github.com/muety/wakapi/routes/compat/wakatime/v1/summaries.go:109.17,111.4 1 0
github.com/muety/wakapi/routes/compat/wakatime/v1/summaries.go:114.17,116.4 1 0
github.com/muety/wakapi/routes/compat/wakatime/v1/summaries.go:137.37,139.17 2 0
github.com/muety/wakapi/routes/compat/wakatime/v1/summaries.go:143.3,145.25 3 0
github.com/muety/wakapi/routes/compat/wakatime/v1/summaries.go:139.17,141.4 1 0
github.com/muety/wakapi/routes/compat/wakatime/v1/users.go:21.116,27.2 1 1
github.com/muety/wakapi/routes/compat/wakatime/v1/users.go:29.58,30.34 1 1
github.com/muety/wakapi/routes/compat/wakatime/v1/users.go:30.34,33.3 2 1
github.com/muety/wakapi/routes/compat/wakatime/v1/users.go:45.68,47.16 2 1
github.com/muety/wakapi/routes/compat/wakatime/v1/users.go:51.2,52.72 2 1
github.com/muety/wakapi/routes/compat/wakatime/v1/users.go:58.2,58.72 1 1
github.com/muety/wakapi/routes/compat/wakatime/v1/users.go:47.16,49.3 1 1
github.com/muety/wakapi/routes/compat/wakatime/v1/users.go:52.72,54.3 1 1
github.com/muety/wakapi/routes/compat/wakatime/v1/users.go:54.8,56.3 1 0
github.com/muety/wakapi/routes/compat/wakatime/v1/all_time.go:23.116,29.2 1 0
github.com/muety/wakapi/routes/compat/wakatime/v1/all_time.go:31.60,32.34 1 0
github.com/muety/wakapi/routes/compat/wakatime/v1/all_time.go:32.34,35.3 2 0
github.com/muety/wakapi/routes/compat/wakatime/v1/all_time.go:47.70,49.16 2 0
github.com/muety/wakapi/routes/compat/wakatime/v1/all_time.go:53.2,54.16 2 0
github.com/muety/wakapi/routes/compat/wakatime/v1/all_time.go:60.2,61.46 2 0
github.com/muety/wakapi/routes/compat/wakatime/v1/all_time.go:49.16,51.3 1 0
github.com/muety/wakapi/routes/compat/wakatime/v1/all_time.go:54.16,58.3 3 0
github.com/muety/wakapi/routes/compat/wakatime/v1/all_time.go:64.116,73.29 3 0
github.com/muety/wakapi/routes/compat/wakatime/v1/all_time.go:77.2,85.16 2 0
github.com/muety/wakapi/routes/compat/wakatime/v1/all_time.go:89.2,89.36 1 0
github.com/muety/wakapi/routes/compat/wakatime/v1/all_time.go:73.29,75.3 1 0
github.com/muety/wakapi/routes/compat/wakatime/v1/all_time.go:85.16,87.3 1 0
github.com/muety/wakapi/routes/compat/wakatime/v1/heartbeat.go:29.124,34.2 1 0
github.com/muety/wakapi/routes/compat/wakatime/v1/heartbeat.go:36.62,37.34 1 0
github.com/muety/wakapi/routes/compat/wakatime/v1/heartbeat.go:37.34,40.3 2 0
github.com/muety/wakapi/routes/compat/wakatime/v1/heartbeat.go:52.72,54.16 2 0
github.com/muety/wakapi/routes/compat/wakatime/v1/heartbeat.go:58.2,61.16 4 0
github.com/muety/wakapi/routes/compat/wakatime/v1/heartbeat.go:67.2,71.16 4 0
github.com/muety/wakapi/routes/compat/wakatime/v1/heartbeat.go:78.2,84.47 2 0
github.com/muety/wakapi/routes/compat/wakatime/v1/heartbeat.go:54.16,56.3 1 0
github.com/muety/wakapi/routes/compat/wakatime/v1/heartbeat.go:61.16,65.3 3 0
github.com/muety/wakapi/routes/compat/wakatime/v1/heartbeat.go:71.16,76.3 4 0
github.com/muety/wakapi/routes/compat/wakatime/v1/projects.go:23.123,29.2 1 0
github.com/muety/wakapi/routes/compat/wakatime/v1/projects.go:31.61,32.34 1 0
github.com/muety/wakapi/routes/compat/wakatime/v1/projects.go:32.34,35.3 2 0
github.com/muety/wakapi/routes/compat/wakatime/v1/projects.go:48.71,50.16 2 0
github.com/muety/wakapi/routes/compat/wakatime/v1/projects.go:54.2,55.16 2 0
github.com/muety/wakapi/routes/compat/wakatime/v1/projects.go:62.2,65.28 3 0
github.com/muety/wakapi/routes/compat/wakatime/v1/projects.go:71.2,72.46 2 0
github.com/muety/wakapi/routes/compat/wakatime/v1/projects.go:50.16,52.3 1 0
github.com/muety/wakapi/routes/compat/wakatime/v1/projects.go:55.16,60.3 4 0
github.com/muety/wakapi/routes/compat/wakatime/v1/projects.go:65.28,66.30 1 0
github.com/muety/wakapi/routes/compat/wakatime/v1/projects.go:66.30,68.4 1 0
github.com/muety/wakapi/routes/compat/wakatime/v1/stats.go:22.112,28.2 1 0
github.com/muety/wakapi/routes/compat/wakatime/v1/stats.go:30.58,31.34 1 0
github.com/muety/wakapi/routes/compat/wakatime/v1/stats.go:31.34,41.3 5 0
github.com/muety/wakapi/routes/compat/wakatime/v1/stats.go:62.68,68.53 5 0
github.com/muety/wakapi/routes/compat/wakatime/v1/stats.go:72.2,73.16 2 0
github.com/muety/wakapi/routes/compat/wakatime/v1/stats.go:79.2,79.22 1 0
github.com/muety/wakapi/routes/compat/wakatime/v1/stats.go:83.2,84.16 2 0
github.com/muety/wakapi/routes/compat/wakatime/v1/stats.go:90.2,92.69 2 0
github.com/muety/wakapi/routes/compat/wakatime/v1/stats.go:98.2,99.16 2 0
github.com/muety/wakapi/routes/compat/wakatime/v1/stats.go:105.2,108.33 2 0
github.com/muety/wakapi/routes/compat/wakatime/v1/stats.go:111.2,111.35 1 0
github.com/muety/wakapi/routes/compat/wakatime/v1/stats.go:114.2,114.34 1 0
github.com/muety/wakapi/routes/compat/wakatime/v1/stats.go:117.2,117.29 1 0
github.com/muety/wakapi/routes/compat/wakatime/v1/stats.go:120.2,120.34 1 0
github.com/muety/wakapi/routes/compat/wakatime/v1/stats.go:124.2,124.49 1 0
github.com/muety/wakapi/routes/compat/wakatime/v1/stats.go:68.53,70.3 1 0
github.com/muety/wakapi/routes/compat/wakatime/v1/stats.go:73.16,77.3 3 0
github.com/muety/wakapi/routes/compat/wakatime/v1/stats.go:79.22,81.3 1 0
github.com/muety/wakapi/routes/compat/wakatime/v1/stats.go:84.16,88.3 3 0
github.com/muety/wakapi/routes/compat/wakatime/v1/stats.go:92.69,96.3 3 0
github.com/muety/wakapi/routes/compat/wakatime/v1/stats.go:99.16,103.3 3 0
github.com/muety/wakapi/routes/compat/wakatime/v1/stats.go:108.33,110.3 1 0
github.com/muety/wakapi/routes/compat/wakatime/v1/stats.go:111.35,113.3 1 0
github.com/muety/wakapi/routes/compat/wakatime/v1/stats.go:114.34,116.3 1 0
github.com/muety/wakapi/routes/compat/wakatime/v1/stats.go:117.29,119.3 1 0
github.com/muety/wakapi/routes/compat/wakatime/v1/stats.go:120.34,122.3 1 0
github.com/muety/wakapi/routes/compat/wakatime/v1/stats.go:127.136,136.16 3 0
github.com/muety/wakapi/routes/compat/wakatime/v1/stats.go:140.2,140.36 1 0
github.com/muety/wakapi/routes/compat/wakatime/v1/stats.go:136.16,138.3 1 0
github.com/muety/wakapi/routes/api/summary.go:20.122,26.2 1 0
github.com/muety/wakapi/routes/api/summary.go:28.63,34.2 4 0
github.com/muety/wakapi/routes/api/summary.go:53.73,55.16 2 0
github.com/muety/wakapi/routes/api/summary.go:61.2,61.51 1 0
github.com/muety/wakapi/routes/api/summary.go:55.16,59.3 3 0
github.com/muety/wakapi/routes/api/avatar.go:18.40,20.16 2 0
github.com/muety/wakapi/routes/api/avatar.go:24.2,27.3 1 0
github.com/muety/wakapi/routes/api/avatar.go:20.16,21.13 1 0
github.com/muety/wakapi/routes/api/avatar.go:30.59,32.2 1 0
github.com/muety/wakapi/routes/api/avatar.go:34.69,37.37 2 0
github.com/muety/wakapi/routes/api/avatar.go:41.2,41.29 1 0
github.com/muety/wakapi/routes/api/avatar.go:44.2,49.32 5 0
github.com/muety/wakapi/routes/api/avatar.go:37.37,39.3 1 0
github.com/muety/wakapi/routes/api/avatar.go:41.29,43.3 1 0
github.com/muety/wakapi/routes/api/badge.go:27.112,34.2 1 1
github.com/muety/wakapi/routes/api/badge.go:36.58,38.2 1 1
github.com/muety/wakapi/routes/api/badge.go:40.68,42.16 2 1
github.com/muety/wakapi/routes/api/badge.go:47.2,48.16 2 1
github.com/muety/wakapi/routes/api/badge.go:54.2,56.62 3 1
github.com/muety/wakapi/routes/api/badge.go:61.2,69.16 3 1
github.com/muety/wakapi/routes/api/badge.go:75.2,76.66 2 1
github.com/muety/wakapi/routes/api/badge.go:79.2,79.66 1 1
github.com/muety/wakapi/routes/api/badge.go:83.2,83.101 1 1
github.com/muety/wakapi/routes/api/badge.go:87.2,89.25 3 1
github.com/muety/wakapi/routes/api/badge.go:42.16,45.3 2 0
github.com/muety/wakapi/routes/api/badge.go:48.16,52.3 3 1
github.com/muety/wakapi/routes/api/badge.go:56.62,59.3 2 0
github.com/muety/wakapi/routes/api/badge.go:69.16,73.3 3 0
github.com/muety/wakapi/routes/api/badge.go:76.66,78.3 1 0
github.com/muety/wakapi/routes/api/badge.go:79.66,81.3 1 0
github.com/muety/wakapi/routes/api/badge.go:83.101,85.3 1 1
github.com/muety/wakapi/routes/api/badge.go:92.53,97.2 4 1
github.com/muety/wakapi/routes/api/diagnostics.go:20.138,26.2 1 0
github.com/muety/wakapi/routes/api/diagnostics.go:28.67,30.2 1 0
github.com/muety/wakapi/routes/api/diagnostics.go:39.78,42.69 2 0
github.com/muety/wakapi/routes/api/diagnostics.go:49.2,49.66 1 0
github.com/muety/wakapi/routes/api/diagnostics.go:56.2,56.59 1 0
github.com/muety/wakapi/routes/api/diagnostics.go:42.69,47.3 4 0
github.com/muety/wakapi/routes/api/diagnostics.go:49.66,54.3 4 0
github.com/muety/wakapi/routes/api/health.go:15.57,17.2 1 0
github.com/muety/wakapi/routes/api/health.go:19.62,21.2 1 0
github.com/muety/wakapi/routes/api/health.go:29.72,31.41 2 0
github.com/muety/wakapi/routes/api/health.go:37.2,38.56 2 0
github.com/muety/wakapi/routes/api/health.go:31.41,32.38 1 0
github.com/muety/wakapi/routes/api/health.go:32.38,34.4 1 0
github.com/muety/wakapi/routes/api/heartbeat.go:26.187,33.2 1 0
github.com/muety/wakapi/routes/api/heartbeat.go:39.65,40.34 1 0
github.com/muety/wakapi/routes/api/heartbeat.go:40.34,54.3 9 0
github.com/muety/wakapi/routes/api/heartbeat.go:65.76,67.16 2 0
github.com/muety/wakapi/routes/api/heartbeat.go:71.2,73.16 3 0
github.com/muety/wakapi/routes/api/heartbeat.go:80.2,84.32 4 0
github.com/muety/wakapi/routes/api/heartbeat.go:118.2,118.64 1 0
github.com/muety/wakapi/routes/api/heartbeat.go:125.2,125.19 1 0
github.com/muety/wakapi/routes/api/heartbeat.go:135.2,135.15 1 0
github.com/muety/wakapi/routes/api/heartbeat.go:137.2,137.90 1 0
github.com/muety/wakapi/routes/api/heartbeat.go:67.16,69.3 1 0
github.com/muety/wakapi/routes/api/heartbeat.go:73.16,78.3 4 0
github.com/muety/wakapi/routes/api/heartbeat.go:84.32,85.16 1 0
github.com/muety/wakapi/routes/api/heartbeat.go:92.3,92.25 1 0
github.com/muety/wakapi/routes/api/heartbeat.go:98.3,98.23 1 0
github.com/muety/wakapi/routes/api/heartbeat.go:102.3,109.65 7 0
github.com/muety/wakapi/routes/api/heartbeat.go:115.3,115.14 1 0
github.com/muety/wakapi/routes/api/heartbeat.go:85.16,89.4 3 0
github.com/muety/wakapi/routes/api/heartbeat.go:92.25,97.4 4 0
github.com/muety/wakapi/routes/api/heartbeat.go:98.23,100.4 1 0
github.com/muety/wakapi/routes/api/heartbeat.go:109.65,113.4 3 0
github.com/muety/wakapi/routes/api/heartbeat.go:118.64,123.3 4 0
github.com/muety/wakapi/routes/api/heartbeat.go:125.19,127.52 2 0
github.com/muety/wakapi/routes/api/heartbeat.go:127.52,132.4 4 0
github.com/muety/wakapi/routes/api/heartbeat.go:135.16,135.17 0 0
github.com/muety/wakapi/routes/api/heartbeat.go:146.59,149.25 2 0
github.com/muety/wakapi/routes/api/heartbeat.go:156.2,158.3 1 0
github.com/muety/wakapi/routes/api/heartbeat.go:149.25,154.3 4 0
github.com/muety/wakapi/routes/api/heartbeat.go:172.45,172.46 0 0
github.com/muety/wakapi/routes/api/heartbeat.go:183.45,183.46 0 0
github.com/muety/wakapi/routes/api/heartbeat.go:194.45,194.46 0 0
github.com/muety/wakapi/routes/api/heartbeat.go:204.45,204.46 0 0
github.com/muety/wakapi/routes/api/heartbeat.go:215.45,215.46 0 0
github.com/muety/wakapi/routes/api/heartbeat.go:226.45,226.46 0 0
github.com/muety/wakapi/routes/api/heartbeat.go:237.45,237.46 0 0
github.com/muety/wakapi/routes/api/metrics.go:58.249,67.2 1 0
github.com/muety/wakapi/routes/api/metrics.go:69.60,70.38 1 0
github.com/muety/wakapi/routes/api/metrics.go:74.2,80.29 5 0
github.com/muety/wakapi/routes/api/metrics.go:70.38,72.3 1 0
github.com/muety/wakapi/routes/api/metrics.go:83.70,85.20 2 0
github.com/muety/wakapi/routes/api/metrics.go:91.2,93.63 2 0
github.com/muety/wakapi/routes/api/metrics.go:104.2,104.21 1 0
github.com/muety/wakapi/routes/api/metrics.go:117.2,120.34 3 0
github.com/muety/wakapi/routes/api/metrics.go:85.20,89.3 3 0
github.com/muety/wakapi/routes/api/metrics.go:93.63,98.3 4 0
github.com/muety/wakapi/routes/api/metrics.go:98.8,99.34 1 0
github.com/muety/wakapi/routes/api/metrics.go:99.34,101.4 1 0
github.com/muety/wakapi/routes/api/metrics.go:104.21,105.66 1 0
github.com/muety/wakapi/routes/api/metrics.go:105.66,110.4 4 0
github.com/muety/wakapi/routes/api/metrics.go:110.9,111.36 1 0
github.com/muety/wakapi/routes/api/metrics.go:111.36,113.5 1 0
github.com/muety/wakapi/routes/api/metrics.go:123.81,127.16 3 0
github.com/muety/wakapi/routes/api/metrics.go:132.2,135.16 3 0
github.com/muety/wakapi/routes/api/metrics.go:140.2,141.16 2 0
github.com/muety/wakapi/routes/api/metrics.go:148.2,169.42 4 0
github.com/muety/wakapi/routes/api/metrics.go:178.2,178.43 1 0
github.com/muety/wakapi/routes/api/metrics.go:187.2,187.41 1 0
github.com/muety/wakapi/routes/api/metrics.go:196.2,196.50 1 0
github.com/muety/wakapi/routes/api/metrics.go:205.2,205.42 1 0
github.com/muety/wakapi/routes/api/metrics.go:214.2,214.40 1 0
github.com/muety/wakapi/routes/api/metrics.go:224.2,250.16 7 0
github.com/muety/wakapi/routes/api/metrics.go:254.2,262.44 2 0
github.com/muety/wakapi/routes/api/metrics.go:278.2,278.22 1 0
github.com/muety/wakapi/routes/api/metrics.go:127.16,130.3 2 0
github.com/muety/wakapi/routes/api/metrics.go:135.16,138.3 2 0
github.com/muety/wakapi/routes/api/metrics.go:141.16,144.3 2 0
github.com/muety/wakapi/routes/api/metrics.go:169.42,176.3 1 0
github.com/muety/wakapi/routes/api/metrics.go:178.43,185.3 1 0
github.com/muety/wakapi/routes/api/metrics.go:187.41,194.3 1 0
github.com/muety/wakapi/routes/api/metrics.go:196.50,203.3 1 0
github.com/muety/wakapi/routes/api/metrics.go:205.42,212.3 1 0
github.com/muety/wakapi/routes/api/metrics.go:214.40,221.3 1 0
github.com/muety/wakapi/routes/api/metrics.go:250.16,252.3 1 0
github.com/muety/wakapi/routes/api/metrics.go:262.44,276.3 2 0
github.com/muety/wakapi/routes/api/metrics.go:281.82,284.19 2 0
github.com/muety/wakapi/routes/api/metrics.go:288.2,289.106 2 0
github.com/muety/wakapi/routes/api/metrics.go:295.2,299.16 4 0
github.com/muety/wakapi/routes/api/metrics.go:304.2,335.16 6 0
github.com/muety/wakapi/routes/api/metrics.go:340.2,340.32 1 0
github.com/muety/wakapi/routes/api/metrics.go:349.2,349.22 1 0
github.com/muety/wakapi/routes/api/metrics.go:284.19,286.3 1 0
github.com/muety/wakapi/routes/api/metrics.go:289.106,290.56 1 0
github.com/muety/wakapi/routes/api/metrics.go:290.56,292.4 1 0
github.com/muety/wakapi/routes/api/metrics.go:299.16,302.3 2 0
github.com/muety/wakapi/routes/api/metrics.go:335.16,338.3 2 0
github.com/muety/wakapi/routes/api/metrics.go:340.32,347.3 1 0
github.com/muety/wakapi/services/misc.go:44.188,56.2 1 0
github.com/muety/wakapi/services/misc.go:58.36,60.95 2 0
github.com/muety/wakapi/services/misc.go:64.2,65.111 2 0
github.com/muety/wakapi/services/misc.go:69.2,69.128 1 0
github.com/muety/wakapi/services/misc.go:77.2,77.33 1 0
github.com/muety/wakapi/services/misc.go:82.2,82.33 1 0
github.com/muety/wakapi/services/misc.go:87.2,87.170 1 0
github.com/muety/wakapi/services/misc.go:60.95,62.3 1 0
github.com/muety/wakapi/services/misc.go:65.111,67.3 1 0
github.com/muety/wakapi/services/misc.go:69.128,71.125 2 0
github.com/muety/wakapi/services/misc.go:71.125,73.4 1 0
github.com/muety/wakapi/services/misc.go:77.33,78.71 1 0
github.com/muety/wakapi/services/misc.go:78.71,80.4 1 0
github.com/muety/wakapi/services/misc.go:82.33,83.80 1 0
github.com/muety/wakapi/services/misc.go:83.80,85.4 1 0
github.com/muety/wakapi/services/misc.go:87.170,88.83 1 0
github.com/muety/wakapi/services/misc.go:88.83,90.4 1 0
github.com/muety/wakapi/services/misc.go:94.42,96.36 2 0
github.com/muety/wakapi/services/misc.go:99.2,102.16 3 0
github.com/muety/wakapi/services/misc.go:107.2,111.26 4 0
github.com/muety/wakapi/services/misc.go:123.2,123.30 1 0
github.com/muety/wakapi/services/misc.go:96.36,98.3 1 0
github.com/muety/wakapi/services/misc.go:102.16,105.3 2 0
github.com/muety/wakapi/services/misc.go:111.26,113.46 2 0
github.com/muety/wakapi/services/misc.go:113.46,116.4 2 0
github.com/muety/wakapi/services/misc.go:116.18,119.4 2 0
github.com/muety/wakapi/services/misc.go:123.30,124.58 1 0
github.com/muety/wakapi/services/misc.go:124.58,128.19 1 0
github.com/muety/wakapi/services/misc.go:132.4,135.19 1 0
github.com/muety/wakapi/services/misc.go:128.19,130.5 1 0
github.com/muety/wakapi/services/misc.go:135.19,137.5 1 0
github.com/muety/wakapi/services/misc.go:138.9,140.4 1 0
github.com/muety/wakapi/services/misc.go:144.51,147.45 2 0
github.com/muety/wakapi/services/misc.go:147.45,148.41 1 0
github.com/muety/wakapi/services/misc.go:152.3,155.17 3 0
github.com/muety/wakapi/services/misc.go:160.3,160.33 1 0
github.com/muety/wakapi/services/misc.go:148.41,151.4 2 0
github.com/muety/wakapi/services/misc.go:155.17,158.4 2 0
github.com/muety/wakapi/services/misc.go:160.33,161.31 1 0
github.com/muety/wakapi/services/misc.go:165.4,169.19 2 0
github.com/muety/wakapi/services/misc.go:161.31,162.13 1 0
github.com/muety/wakapi/services/misc.go:169.19,171.5 1 0
github.com/muety/wakapi/services/misc.go:173.17,175.3 1 0
github.com/muety/wakapi/services/misc.go:186.54,187.82 1 0
github.com/muety/wakapi/services/misc.go:191.2,195.16 4 0
github.com/muety/wakapi/services/misc.go:200.2,201.104 2 0
github.com/muety/wakapi/services/misc.go:210.2,210.26 1 0
github.com/muety/wakapi/services/misc.go:187.82,189.3 1 0
github.com/muety/wakapi/services/misc.go:195.16,198.3 2 0
github.com/muety/wakapi/services/misc.go:201.104,202.122 1 0
github.com/muety/wakapi/services/misc.go:202.122,204.4 1 0
github.com/muety/wakapi/services/misc.go:205.8,208.3 2 0
github.com/muety/wakapi/services/misc.go:210.26,211.49 1 0
github.com/muety/wakapi/services/misc.go:215.3,216.65 2 0
github.com/muety/wakapi/services/misc.go:230.3,230.137 1 0
github.com/muety/wakapi/services/misc.go:234.3,235.89 2 0
github.com/muety/wakapi/services/misc.go:211.49,213.4 1 0
github.com/muety/wakapi/services/misc.go:216.65,218.130 1 0
github.com/muety/wakapi/services/misc.go:218.130,220.5 1 0
github.com/muety/wakapi/services/misc.go:220.10,220.25 1 0
github.com/muety/wakapi/services/misc.go:220.25,223.5 2 0
github.com/muety/wakapi/services/misc.go:230.137,231.12 1 0
github.com/muety/wakapi/services/misc.go:235.89,237.4 1 0
github.com/muety/wakapi/services/misc.go:241.73,243.16 2 0
github.com/muety/wakapi/services/misc.go:247.2,247.27 1 0
github.com/muety/wakapi/services/misc.go:243.16,246.3 2 0
github.com/muety/wakapi/services/misc.go:250.99,252.33 2 0
github.com/muety/wakapi/services/misc.go:252.33,256.86 3 0
github.com/muety/wakapi/services/misc.go:261.3,264.18 1 0
github.com/muety/wakapi/services/misc.go:256.86,259.4 2 0
github.com/muety/wakapi/services/misc.go:264.18,266.4 1 0
github.com/muety/wakapi/services/misc.go:270.53,273.2 2 0
github.com/muety/wakapi/services/misc.go:275.53,278.2 2 0
github.com/muety/wakapi/services/misc.go:280.64,283.2 2 0
github.com/muety/wakapi/services/report.go:31.122,44.2 2 0
github.com/muety/wakapi/services/report.go:46.38,49.45 2 0
github.com/muety/wakapi/services/report.go:67.2,67.49 1 0
github.com/muety/wakapi/services/report.go:87.2,87.16 1 0
github.com/muety/wakapi/services/report.go:49.45,50.46 1 0
github.com/muety/wakapi/services/report.go:50.46,53.57 2 0
github.com/muety/wakapi/services/report.go:58.4,58.58 1 0
github.com/muety/wakapi/services/report.go:53.57,55.5 1 0
github.com/muety/wakapi/services/report.go:58.58,61.5 2 0
github.com/muety/wakapi/services/report.go:62.18,64.4 1 0
github.com/muety/wakapi/services/report.go:67.49,70.17 2 0
github.com/muety/wakapi/services/report.go:76.3,76.78 1 0
github.com/muety/wakapi/services/report.go:81.3,82.27 2 0
github.com/muety/wakapi/services/report.go:70.17,73.4 2 0
github.com/muety/wakapi/services/report.go:76.78,78.4 1 0
github.com/muety/wakapi/services/report.go:82.27,84.4 1 0
github.com/muety/wakapi/services/report.go:87.16,89.3 1 0
github.com/muety/wakapi/services/report.go:92.87,93.22 1 0
github.com/muety/wakapi/services/report.go:98.2,104.16 5 0
github.com/muety/wakapi/services/report.go:109.2,116.65 2 0
github.com/muety/wakapi/services/report.go:121.2,122.12 2 0
github.com/muety/wakapi/services/report.go:93.22,96.3 2 0
github.com/muety/wakapi/services/report.go:104.16,107.3 2 0
github.com/muety/wakapi/services/report.go:116.65,119.3 2 0
github.com/muety/wakapi/services/aggregation.go:31.142,41.2 1 0
github.com/muety/wakapi/services/aggregation.go:50.43,53.52 2 0
github.com/muety/wakapi/services/aggregation.go:53.52,54.80 1 0
github.com/muety/wakapi/services/aggregation.go:54.80,56.4 1 0
github.com/muety/wakapi/services/aggregation.go:57.58,59.3 1 0
github.com/muety/wakapi/services/aggregation.go:62.92,63.47 1 0
github.com/muety/wakapi/services/aggregation.go:66.2,72.16 4 0
github.com/muety/wakapi/services/aggregation.go:78.2,79.16 2 0
github.com/muety/wakapi/services/aggregation.go:85.2,86.44 2 0
github.com/muety/wakapi/services/aggregation.go:91.2,93.12 3 0
github.com/muety/wakapi/services/aggregation.go:105.2,105.41 1 0
github.com/muety/wakapi/services/aggregation.go:123.2,123.12 1 0
github.com/muety/wakapi/services/aggregation.go:63.47,65.3 1 0
github.com/muety/wakapi/services/aggregation.go:72.16,75.3 2 0
github.com/muety/wakapi/services/aggregation.go:79.16,82.3 2 0
github.com/muety/wakapi/services/aggregation.go:86.44,88.3 1 0
github.com/muety/wakapi/services/aggregation.go:93.12,94.28 1 0
github.com/muety/wakapi/services/aggregation.go:94.28,96.47 2 0
github.com/muety/wakapi/services/aggregation.go:96.47,98.5 1 0
github.com/muety/wakapi/services/aggregation.go:98.19,100.5 1 0
github.com/muety/wakapi/services/aggregation.go:105.41,106.71 1 0
github.com/muety/wakapi/services/aggregation.go:110.3,110.21 1 0
github.com/muety/wakapi/services/aggregation.go:106.71,107.12 1 0
github.com/muety/wakapi/services/aggregation.go:110.21,114.4 1 0
github.com/muety/wakapi/services/aggregation.go:114.9,114.62 1 0
github.com/muety/wakapi/services/aggregation.go:114.62,118.4 1 0
github.com/muety/wakapi/services/aggregation.go:126.60,127.115 1 0
github.com/muety/wakapi/services/aggregation.go:127.115,129.3 1 0
github.com/muety/wakapi/services/aggregation.go:129.8,131.60 2 0
github.com/muety/wakapi/services/aggregation.go:131.60,133.4 1 0
github.com/muety/wakapi/services/aggregation.go:137.83,152.41 5 0
github.com/muety/wakapi/services/aggregation.go:152.41,162.3 3 0
github.com/muety/wakapi/services/aggregation.go:165.83,168.27 3 0
github.com/muety/wakapi/services/aggregation.go:173.2,174.12 2 0
github.com/muety/wakapi/services/aggregation.go:168.27,169.34 1 0
github.com/muety/wakapi/services/aggregation.go:169.34,171.4 1 0
github.com/muety/wakapi/services/aggregation.go:177.79,180.27 3 0
github.com/muety/wakapi/services/aggregation.go:180.27,182.3 1 0
github.com/muety/wakapi/services/aggregation.go:185.34,188.2 2 0
github.com/muety/wakapi/services/key_value.go:14.89,19.2 1 0
github.com/muety/wakapi/services/key_value.go:21.83,23.2 1 0
github.com/muety/wakapi/services/key_value.go:25.90,27.2 1 0
github.com/muety/wakapi/services/key_value.go:29.78,31.16 2 0
github.com/muety/wakapi/services/key_value.go:37.2,37.11 1 0
github.com/muety/wakapi/services/key_value.go:31.16,36.3 1 0
github.com/muety/wakapi/services/key_value.go:40.72,42.2 1 0
github.com/muety/wakapi/services/key_value.go:44.60,46.2 1 0
github.com/muety/wakapi/services/user.go:26.99,36.33 3 0
github.com/muety/wakapi/services/user.go:57.2,57.12 1 0
github.com/muety/wakapi/services/user.go:36.33,37.31 1 0
github.com/muety/wakapi/services/user.go:37.31,43.73 4 0
github.com/muety/wakapi/services/user.go:47.4,47.24 1 0
github.com/muety/wakapi/services/user.go:43.73,45.5 1 0
github.com/muety/wakapi/services/user.go:47.24,48.80 1 0
github.com/muety/wakapi/services/user.go:48.80,50.6 1 0
github.com/muety/wakapi/services/user.go:50.11,52.6 1 0
github.com/muety/wakapi/services/user.go:60.74,61.40 1 0
github.com/muety/wakapi/services/user.go:65.2,66.16 2 0
github.com/muety/wakapi/services/user.go:70.2,71.15 2 0
github.com/muety/wakapi/services/user.go:61.40,63.3 1 0
github.com/muety/wakapi/services/user.go:66.16,68.3 1 0
github.com/muety/wakapi/services/user.go:74.72,75.37 1 0
github.com/muety/wakapi/services/user.go:79.2,80.16 2 0
github.com/muety/wakapi/services/user.go:84.2,85.15 2 0
github.com/muety/wakapi/services/user.go:75.37,77.3 1 0
github.com/muety/wakapi/services/user.go:80.16,82.3 1 0
github.com/muety/wakapi/services/user.go:88.76,90.2 1 0
github.com/muety/wakapi/services/user.go:92.86,94.2 1 0
github.com/muety/wakapi/services/user.go:96.92,98.2 1 0
github.com/muety/wakapi/services/user.go:100.58,102.2 1 0
github.com/muety/wakapi/services/user.go:104.71,106.2 1 0
github.com/muety/wakapi/services/user.go:108.86,110.16 2 0
github.com/muety/wakapi/services/user.go:113.2,113.112 1 0
github.com/muety/wakapi/services/user.go:110.16,112.3 1 0
github.com/muety/wakapi/services/user.go:113.112,115.3 1 0
github.com/muety/wakapi/services/user.go:118.86,120.2 1 0
github.com/muety/wakapi/services/user.go:122.94,124.2 1 0
github.com/muety/wakapi/services/user.go:126.71,128.12 2 0
github.com/muety/wakapi/services/user.go:132.2,133.42 2 0
github.com/muety/wakapi/services/user.go:137.2,138.16 2 0
github.com/muety/wakapi/services/user.go:142.2,143.21 2 0
github.com/muety/wakapi/services/user.go:128.12,130.3 1 0
github.com/muety/wakapi/services/user.go:133.42,135.3 1 0
github.com/muety/wakapi/services/user.go:138.16,140.3 1 0
github.com/muety/wakapi/services/user.go:146.48,148.2 1 0
github.com/muety/wakapi/services/user.go:150.102,160.93 2 0
github.com/muety/wakapi/services/user.go:166.2,166.38 1 0
github.com/muety/wakapi/services/user.go:160.93,162.3 1 0
github.com/muety/wakapi/services/user.go:162.8,164.3 1 0
github.com/muety/wakapi/services/user.go:169.73,173.2 3 0
github.com/muety/wakapi/services/user.go:175.78,179.2 3 0
github.com/muety/wakapi/services/user.go:181.122,184.35 2 0
github.com/muety/wakapi/services/user.go:190.2,190.35 1 0
github.com/muety/wakapi/services/user.go:194.2,194.18 1 0
github.com/muety/wakapi/services/user.go:184.35,185.89 1 0
github.com/muety/wakapi/services/user.go:185.89,187.4 1 0
github.com/muety/wakapi/services/user.go:190.35,192.3 1 0
github.com/muety/wakapi/services/user.go:197.106,200.96 3 0
github.com/muety/wakapi/services/user.go:205.2,205.68 1 0
github.com/muety/wakapi/services/user.go:200.96,202.3 1 0
github.com/muety/wakapi/services/user.go:202.8,204.3 1 0
github.com/muety/wakapi/services/user.go:208.85,210.2 1 0
github.com/muety/wakapi/services/user.go:212.57,219.2 4 0
github.com/muety/wakapi/services/user.go:221.38,223.2 1 0
github.com/muety/wakapi/services/user.go:225.55,227.2 1 0
github.com/muety/wakapi/services/user.go:229.57,234.2 1 0
github.com/muety/wakapi/services/housekeeping.go:20.144,29.2 1 0
github.com/muety/wakapi/services/housekeeping.go:31.42,32.43 1 0
github.com/muety/wakapi/services/housekeeping.go:36.2,38.47 2 0
github.com/muety/wakapi/services/housekeeping.go:62.2,62.16 1 0
github.com/muety/wakapi/services/housekeeping.go:32.43,34.3 1 0
github.com/muety/wakapi/services/housekeeping.go:38.47,41.17 2 0
github.com/muety/wakapi/services/housekeeping.go:47.3,47.27 1 0
github.com/muety/wakapi/services/housekeeping.go:41.17,44.4 2 0
github.com/muety/wakapi/services/housekeeping.go:47.27,49.31 1 0
github.com/muety/wakapi/services/housekeeping.go:53.4,54.35 2 0
github.com/muety/wakapi/services/housekeeping.go:49.31,50.13 1 0
github.com/muety/wakapi/services/housekeeping.go:54.35,55.75 1 0
github.com/muety/wakapi/services/housekeeping.go:55.75,57.6 1 0
github.com/muety/wakapi/services/housekeeping.go:62.16,64.3 1 0
github.com/muety/wakapi/services/housekeeping.go:67.94,69.36 2 0
github.com/muety/wakapi/services/housekeeping.go:75.2,75.73 1 0
github.com/muety/wakapi/services/housekeeping.go:80.2,81.74 2 0
github.com/muety/wakapi/services/housekeeping.go:85.2,85.12 1 0
github.com/muety/wakapi/services/housekeeping.go:69.36,72.3 2 0
github.com/muety/wakapi/services/housekeeping.go:75.73,77.3 1 0
github.com/muety/wakapi/services/housekeeping.go:81.74,83.3 1 0
github.com/muety/wakapi/services/diagnostics.go:14.101,19.2 1 0
github.com/muety/wakapi/services/diagnostics.go:21.101,24.2 2 0
github.com/muety/wakapi/services/duration.go:18.78,24.2 2 1
github.com/muety/wakapi/services/duration.go:26.123,29.42 2 1
github.com/muety/wakapi/services/duration.go:35.2,36.16 2 1
github.com/muety/wakapi/services/duration.go:43.2,48.31 4 1
github.com/muety/wakapi/services/duration.go:96.2,98.31 2 1
github.com/muety/wakapi/services/duration.go:111.2,111.49 1 1
github.com/muety/wakapi/services/duration.go:115.2,115.32 1 1
github.com/muety/wakapi/services/duration.go:29.42,30.90 1 1
github.com/muety/wakapi/services/duration.go:30.90,32.4 1 1
github.com/muety/wakapi/services/duration.go:36.16,38.3 1 0
github.com/muety/wakapi/services/duration.go:48.31,49.42 1 1
github.com/muety/wakapi/services/duration.go:53.3,55.62 2 1
github.com/muety/wakapi/services/duration.go:59.3,59.20 1 1
github.com/muety/wakapi/services/duration.go:64.3,74.15 3 1
github.com/muety/wakapi/services/duration.go:77.3,83.84 2 1
github.com/muety/wakapi/services/duration.go:93.3,93.10 1 1
github.com/muety/wakapi/services/duration.go:49.42,50.12 1 1
github.com/muety/wakapi/services/duration.go:55.62,57.4 1 1
github.com/muety/wakapi/services/duration.go:59.20,61.12 2 1
github.com/muety/wakapi/services/duration.go:74.15,76.4 1 0
github.com/muety/wakapi/services/duration.go:83.84,85.41 2 1
github.com/muety/wakapi/services/duration.go:88.4,88.15 1 1
github.com/muety/wakapi/services/duration.go:85.41,87.5 1 1
github.com/muety/wakapi/services/duration.go:89.9,91.4 1 1
github.com/muety/wakapi/services/duration.go:98.31,99.26 1 1
github.com/muety/wakapi/services/duration.go:99.26,104.23 1 1
github.com/muety/wakapi/services/duration.go:107.4,107.36 1 1
github.com/muety/wakapi/services/duration.go:104.23,106.5 1 1
github.com/muety/wakapi/services/duration.go:111.49,113.3 1 1
github.com/muety/wakapi/services/heartbeat.go:26.141,40.33 3 0
github.com/muety/wakapi/services/heartbeat.go:48.2,48.12 1 0
github.com/muety/wakapi/services/heartbeat.go:40.33,41.31 1 0
github.com/muety/wakapi/services/heartbeat.go:41.31,45.4 3 0
github.com/muety/wakapi/services/heartbeat.go:51.72,54.2 2 0
github.com/muety/wakapi/services/heartbeat.go:56.80,57.26 1 0
github.com/muety/wakapi/services/heartbeat.go:61.2,65.32 3 0
github.com/muety/wakapi/services/heartbeat.go:73.2,74.16 2 0
github.com/muety/wakapi/services/heartbeat.go:77.2,77.12 1 0
github.com/muety/wakapi/services/heartbeat.go:57.26,59.3 1 0
github.com/muety/wakapi/services/heartbeat.go:65.32,66.31 1 0
github.com/muety/wakapi/services/heartbeat.go:70.3,70.46 1 0
github.com/muety/wakapi/services/heartbeat.go:66.31,69.4 2 0
github.com/muety/wakapi/services/heartbeat.go:74.16,76.3 1 0
github.com/muety/wakapi/services/heartbeat.go:80.69,82.8 2 0
github.com/muety/wakapi/services/heartbeat.go:85.2,86.16 2 0
github.com/muety/wakapi/services/heartbeat.go:89.2,89.19 1 0
github.com/muety/wakapi/services/heartbeat.go:82.8,84.3 1 0
github.com/muety/wakapi/services/heartbeat.go:86.16,88.3 1 0
github.com/muety/wakapi/services/heartbeat.go:92.76,95.8 3 0
github.com/muety/wakapi/services/heartbeat.go:98.2,99.16 2 0
github.com/muety/wakapi/services/heartbeat.go:102.2,102.19 1 0
github.com/muety/wakapi/services/heartbeat.go:95.8,97.3 1 0
github.com/muety/wakapi/services/heartbeat.go:99.16,101.3 1 0
github.com/muety/wakapi/services/heartbeat.go:105.96,109.26 3 0
github.com/muety/wakapi/services/heartbeat.go:119.2,120.16 2 0
github.com/muety/wakapi/services/heartbeat.go:124.2,124.28 1 0
github.com/muety/wakapi/services/heartbeat.go:130.2,130.24 1 0
github.com/muety/wakapi/services/heartbeat.go:109.26,112.9 3 0
github.com/muety/wakapi/services/heartbeat.go:112.9,114.4 1 0
github.com/muety/wakapi/services/heartbeat.go:114.9,116.4 1 0
github.com/muety/wakapi/services/heartbeat.go:120.16,122.3 1 0
github.com/muety/wakapi/services/heartbeat.go:124.28,128.3 3 0
github.com/muety/wakapi/services/heartbeat.go:133.111,135.16 2 0
github.com/muety/wakapi/services/heartbeat.go:138.2,138.43 1 0
github.com/muety/wakapi/services/heartbeat.go:135.16,137.3 1 0
github.com/muety/wakapi/services/heartbeat.go:141.145,143.16 2 0
github.com/muety/wakapi/services/heartbeat.go:146.2,146.43 1 0
github.com/muety/wakapi/services/heartbeat.go:143.16,145.3 1 0
github.com/muety/wakapi/services/heartbeat.go:149.92,151.2 1 0
github.com/muety/wakapi/services/heartbeat.go:153.116,155.2 1 0
github.com/muety/wakapi/services/heartbeat.go:157.78,159.2 1 0
github.com/muety/wakapi/services/heartbeat.go:161.104,163.54 2 0
github.com/muety/wakapi/services/heartbeat.go:169.2,170.16 2 0
github.com/muety/wakapi/services/heartbeat.go:174.2,175.28 2 0
github.com/muety/wakapi/services/heartbeat.go:181.2,182.22 2 0
github.com/muety/wakapi/services/heartbeat.go:163.54,167.3 3 0
github.com/muety/wakapi/services/heartbeat.go:170.16,172.3 1 0
github.com/muety/wakapi/services/heartbeat.go:175.28,176.33 1 0
github.com/muety/wakapi/services/heartbeat.go:176.33,178.4 1 0
github.com/muety/wakapi/services/heartbeat.go:185.62,188.2 2 0
github.com/muety/wakapi/services/heartbeat.go:190.68,193.2 2 0
github.com/muety/wakapi/services/heartbeat.go:195.87,198.2 2 0
github.com/muety/wakapi/services/heartbeat.go:200.116,202.16 2 0
github.com/muety/wakapi/services/heartbeat.go:206.2,206.28 1 0
github.com/muety/wakapi/services/heartbeat.go:210.2,210.24 1 0
github.com/muety/wakapi/services/heartbeat.go:202.16,204.3 1 0
github.com/muety/wakapi/services/heartbeat.go:206.28,208.3 1 0
github.com/muety/wakapi/services/heartbeat.go:213.96,215.2 1 0
github.com/muety/wakapi/services/heartbeat.go:217.107,219.55 2 0
github.com/muety/wakapi/services/heartbeat.go:219.55,225.36 4 0
github.com/muety/wakapi/services/heartbeat.go:225.36,230.4 2 0
github.com/muety/wakapi/services/heartbeat.go:234.85,241.2 6 0
github.com/muety/wakapi/services/heartbeat.go:243.74,244.32 1 0
github.com/muety/wakapi/services/heartbeat.go:244.32,249.3 1 0
github.com/muety/wakapi/services/heartbeat.go:252.72,254.2 1 0
github.com/muety/wakapi/services/heartbeat.go:256.58,258.2 1 0
github.com/muety/wakapi/services/heartbeat.go:260.60,262.2 1 0
github.com/muety/wakapi/services/heartbeat.go:264.94,266.48 2 0
github.com/muety/wakapi/services/heartbeat.go:272.2,272.18 1 0
github.com/muety/wakapi/services/heartbeat.go:266.48,268.18 2 0
github.com/muety/wakapi/services/heartbeat.go:268.18,270.4 1 0
github.com/muety/wakapi/services/language_mapping.go:18.118,24.2 1 0
github.com/muety/wakapi/services/language_mapping.go:26.86,28.2 1 0
github.com/muety/wakapi/services/language_mapping.go:30.96,31.53 1 0
github.com/muety/wakapi/services/language_mapping.go:35.2,36.16 2 0
github.com/muety/wakapi/services/language_mapping.go:39.2,40.22 2 0
github.com/muety/wakapi/services/language_mapping.go:31.53,33.3 1 0
github.com/muety/wakapi/services/language_mapping.go:36.16,38.3 1 0
github.com/muety/wakapi/services/language_mapping.go:43.92,46.16 3 0
github.com/muety/wakapi/services/language_mapping.go:50.2,50.33 1 0
github.com/muety/wakapi/services/language_mapping.go:53.2,53.22 1 0
github.com/muety/wakapi/services/language_mapping.go:46.16,48.3 1 0
github.com/muety/wakapi/services/language_mapping.go:50.33,52.3 1 0
github.com/muety/wakapi/services/language_mapping.go:56.109,58.16 2 0
github.com/muety/wakapi/services/language_mapping.go:62.2,63.20 2 0
github.com/muety/wakapi/services/language_mapping.go:58.16,60.3 1 0
github.com/muety/wakapi/services/language_mapping.go:66.82,67.26 1 0
github.com/muety/wakapi/services/language_mapping.go:70.2,72.12 3 0
github.com/muety/wakapi/services/language_mapping.go:67.26,69.3 1 0
github.com/muety/wakapi/services/language_mapping.go:75.74,78.2 1 0
github.com/muety/wakapi/services/leaderboard.go:30.159,43.33 3 0
github.com/muety/wakapi/services/leaderboard.go:67.2,67.12 1 0
github.com/muety/wakapi/services/leaderboard.go:43.33,44.31 1 0
github.com/muety/wakapi/services/leaderboard.go:44.31,50.18 3 0
github.com/muety/wakapi/services/leaderboard.go:54.4,54.41 1 0
github.com/muety/wakapi/services/leaderboard.go:50.18,52.5 1 0
github.com/muety/wakapi/services/leaderboard.go:54.41,57.5 2 0
github.com/muety/wakapi/services/leaderboard.go:57.10,57.48 1 0
github.com/muety/wakapi/services/leaderboard.go:57.48,59.64 2 0
github.com/muety/wakapi/services/leaderboard.go:62.5,62.22 1 0
github.com/muety/wakapi/services/leaderboard.go:59.64,61.6 1 0
github.com/muety/wakapi/services/leaderboard.go:70.43,73.21 2 0
github.com/muety/wakapi/services/leaderboard.go:82.2,82.76 1 0
github.com/muety/wakapi/services/leaderboard.go:73.21,75.17 2 0
github.com/muety/wakapi/services/leaderboard.go:79.3,79.91 1 0
github.com/muety/wakapi/services/leaderboard.go:75.17,78.4 2 0
github.com/muety/wakapi/services/leaderboard.go:82.76,83.77 1 0
github.com/muety/wakapi/services/leaderboard.go:83.77,85.4 1 0
github.com/muety/wakapi/services/leaderboard.go:89.121,92.29 2 0
github.com/muety/wakapi/services/leaderboard.go:127.2,129.12 3 0
github.com/muety/wakapi/services/leaderboard.go:92.29,93.83 1 0
github.com/muety/wakapi/services/leaderboard.go:98.3,99.17 2 0
github.com/muety/wakapi/services/leaderboard.go:104.3,104.85 1 0
github.com/muety/wakapi/services/leaderboard.go:109.3,109.25 1 0
github.com/muety/wakapi/services/leaderboard.go:93.83,95.12 2 0
github.com/muety/wakapi/services/leaderboard.go:99.17,101.12 2 0
github.com/muety/wakapi/services/leaderboard.go:104.85,106.12 2 0
github.com/muety/wakapi/services/leaderboard.go:109.25,111.18 2 0
github.com/muety/wakapi/services/leaderboard.go:116.4,116.23 1 0
github.com/muety/wakapi/services/leaderboard.go:120.4,120.60 1 0
github.com/muety/wakapi/services/leaderboard.go:111.18,113.13 2 0
github.com/muety/wakapi/services/leaderboard.go:116.23,117.13 1 0
github.com/muety/wakapi/services/leaderboard.go:120.60,122.13 2 0
github.com/muety/wakapi/services/leaderboard.go:132.77,135.2 2 0
github.com/muety/wakapi/services/leaderboard.go:137.60,140.52 2 0
github.com/muety/wakapi/services/leaderboard.go:144.2,145.16 2 0
github.com/muety/wakapi/services/leaderboard.go:148.2,148.19 1 0
github.com/muety/wakapi/services/leaderboard.go:140.52,142.3 1 0
github.com/muety/wakapi/services/leaderboard.go:145.16,147.3 1 0
github.com/muety/wakapi/services/leaderboard.go:151.153,153.2 1 0
github.com/muety/wakapi/services/leaderboard.go:155.144,157.2 1 0
github.com/muety/wakapi/services/leaderboard.go:159.174,162.52 2 0
github.com/muety/wakapi/services/leaderboard.go:166.2,167.16 2 0
github.com/muety/wakapi/services/leaderboard.go:171.2,171.18 1 0
github.com/muety/wakapi/services/leaderboard.go:184.2,185.19 2 0
github.com/muety/wakapi/services/leaderboard.go:162.52,164.3 1 0
github.com/muety/wakapi/services/leaderboard.go:167.16,169.3 1 0
github.com/muety/wakapi/services/leaderboard.go:171.18,173.17 2 0
github.com/muety/wakapi/services/leaderboard.go:173.17,175.4 1 0
github.com/muety/wakapi/services/leaderboard.go:175.9,176.31 1 0
github.com/muety/wakapi/services/leaderboard.go:176.31,177.40 1 0
github.com/muety/wakapi/services/leaderboard.go:177.40,179.6 1 0
github.com/muety/wakapi/services/leaderboard.go:188.165,191.52 2 0
github.com/muety/wakapi/services/leaderboard.go:195.2,196.16 2 0
github.com/muety/wakapi/services/leaderboard.go:200.2,200.17 1 0
github.com/muety/wakapi/services/leaderboard.go:211.2,212.19 2 0
github.com/muety/wakapi/services/leaderboard.go:191.52,193.3 1 0
github.com/muety/wakapi/services/leaderboard.go:196.16,198.3 1 0
github.com/muety/wakapi/services/leaderboard.go:200.17,202.17 2 0
github.com/muety/wakapi/services/leaderboard.go:202.17,204.4 1 0
github.com/muety/wakapi/services/leaderboard.go:204.9,205.31 1 0
github.com/muety/wakapi/services/leaderboard.go:205.31,207.5 1 0
github.com/muety/wakapi/services/leaderboard.go:215.129,217.16 2 0
github.com/muety/wakapi/services/leaderboard.go:221.2,222.16 2 0
github.com/muety/wakapi/services/leaderboard.go:226.2,231.8 1 0
github.com/muety/wakapi/services/leaderboard.go:217.16,219.3 1 0
github.com/muety/wakapi/services/leaderboard.go:222.16,224.3 1 0
github.com/muety/wakapi/services/leaderboard.go:234.151,236.16 2 0
github.com/muety/wakapi/services/leaderboard.go:240.2,241.16 2 0
github.com/muety/wakapi/services/leaderboard.go:245.2,248.42 3 0
github.com/muety/wakapi/services/leaderboard.go:260.2,260.19 1 0
github.com/muety/wakapi/services/leaderboard.go:236.16,238.3 1 0
github.com/muety/wakapi/services/leaderboard.go:241.16,243.3 1 0
github.com/muety/wakapi/services/leaderboard.go:248.42,258.3 2 0
github.com/muety/wakapi/services/leaderboard.go:263.131,265.47 2 0
github.com/muety/wakapi/services/leaderboard.go:268.2,268.23 1 0
github.com/muety/wakapi/services/leaderboard.go:271.2,271.10 1 0
github.com/muety/wakapi/services/leaderboard.go:265.47,267.3 1 0
github.com/muety/wakapi/services/leaderboard.go:268.23,270.3 1 0
github.com/muety/wakapi/services/project_label.go:21.111,28.2 1 0
github.com/muety/wakapi/services/project_label.go:30.80,32.2 1 0
github.com/muety/wakapi/services/project_label.go:34.90,35.51 1 0
github.com/muety/wakapi/services/project_label.go:39.2,40.16 2 0
github.com/muety/wakapi/services/project_label.go:43.2,44.20 2 0
github.com/muety/wakapi/services/project_label.go:35.51,37.3 1 0
github.com/muety/wakapi/services/project_label.go:40.16,42.3 1 0
github.com/muety/wakapi/services/project_label.go:48.108,50.16 2 0
github.com/muety/wakapi/services/project_label.go:53.2,53.112 1 0
github.com/muety/wakapi/services/project_label.go:56.2,56.26 1 0
github.com/muety/wakapi/services/project_label.go:50.16,52.3 1 0
github.com/muety/wakapi/services/project_label.go:53.112,55.3 1 0
github.com/muety/wakapi/services/project_label.go:60.116,62.16 2 0
github.com/muety/wakapi/services/project_label.go:65.2,65.112 1 0
github.com/muety/wakapi/services/project_label.go:68.2,68.26 1 0
github.com/muety/wakapi/services/project_label.go:62.16,64.3 1 0
github.com/muety/wakapi/services/project_label.go:65.112,67.3 1 0
github.com/muety/wakapi/services/project_label.go:71.98,73.16 2 0
github.com/muety/wakapi/services/project_label.go:77.2,79.20 3 0
github.com/muety/wakapi/services/project_label.go:73.16,75.3 1 0
github.com/muety/wakapi/services/project_label.go:82.74,83.24 1 0
github.com/muety/wakapi/services/project_label.go:86.2,89.12 4 0
github.com/muety/wakapi/services/project_label.go:83.24,85.3 1 0
github.com/muety/wakapi/services/project_label.go:92.89,94.14 2 0
github.com/muety/wakapi/services/project_label.go:97.2,100.4 1 0
github.com/muety/wakapi/services/project_label.go:94.14,96.3 1 0
github.com/muety/wakapi/services/summary.go:28.189,40.33 3 1
github.com/muety/wakapi/services/summary.go:46.2,46.12 1 1
github.com/muety/wakapi/services/summary.go:40.33,41.31 1 1
github.com/muety/wakapi/services/summary.go:41.31,43.4 1 0
github.com/muety/wakapi/services/summary.go:52.167,55.66 2 1
github.com/muety/wakapi/services/summary.go:60.2,65.20 4 1
github.com/muety/wakapi/services/summary.go:71.2,71.65 1 1
github.com/muety/wakapi/services/summary.go:76.2,77.16 2 1
github.com/muety/wakapi/services/summary.go:82.2,87.105 5 1
github.com/muety/wakapi/services/summary.go:91.2,92.30 2 1
github.com/muety/wakapi/services/summary.go:55.66,57.3 1 0
github.com/muety/wakapi/services/summary.go:65.20,68.3 2 1
github.com/muety/wakapi/services/summary.go:71.65,73.3 1 0
github.com/muety/wakapi/services/summary.go:77.16,79.3 1 0
github.com/muety/wakapi/services/summary.go:87.105,89.3 1 1
github.com/muety/wakapi/services/summary.go:95.126,99.41 2 1
github.com/muety/wakapi/services/summary.go:110.2,111.44 2 1
github.com/muety/wakapi/services/summary.go:126.2,127.16 2 1
github.com/muety/wakapi/services/summary.go:131.2,131.30 1 1
github.com/muety/wakapi/services/summary.go:99.41,102.17 2 1
github.com/muety/wakapi/services/summary.go:102.17,104.4 1 1
github.com/muety/wakapi/services/summary.go:104.9,106.4 1 0
github.com/muety/wakapi/services/summary.go:111.44,112.87 1 1
github.com/muety/wakapi/services/summary.go:112.87,113.71 1 1
github.com/muety/wakapi/services/summary.go:119.4,119.36 1 1
github.com/muety/wakapi/services/summary.go:113.71,117.13 1 0
github.com/muety/wakapi/services/summary.go:120.9,122.4 1 0
github.com/muety/wakapi/services/summary.go:127.16,129.3 1 0
github.com/muety/wakapi/services/summary.go:134.127,137.16 2 1
github.com/muety/wakapi/services/summary.go:141.2,142.74 2 1
github.com/muety/wakapi/services/summary.go:146.2,148.26 3 1
github.com/muety/wakapi/services/summary.go:153.2,160.34 7 1
github.com/muety/wakapi/services/summary.go:178.2,178.25 1 1
github.com/muety/wakapi/services/summary.go:183.2,196.30 2 1
github.com/muety/wakapi/services/summary.go:137.16,139.3 1 0
github.com/muety/wakapi/services/summary.go:142.74,144.3 1 1
github.com/muety/wakapi/services/summary.go:148.26,150.3 1 1
github.com/muety/wakapi/services/summary.go:160.34,162.20 2 1
github.com/muety/wakapi/services/summary.go:163.30,164.29 1 1
github.com/muety/wakapi/services/summary.go:165.31,166.30 1 1
github.com/muety/wakapi/services/summary.go:167.29,168.28 1 1
github.com/muety/wakapi/services/summary.go:169.25,170.24 1 1
github.com/muety/wakapi/services/summary.go:171.30,172.29 1 1
github.com/muety/wakapi/services/summary.go:173.29,174.28 1 1
github.com/muety/wakapi/services/summary.go:178.25,181.3 2 1
github.com/muety/wakapi/services/summary.go:201.76,203.2 1 0
github.com/muety/wakapi/services/summary.go:205.62,208.2 2 0
github.com/muety/wakapi/services/summary.go:210.81,213.2 2 0
github.com/muety/wakapi/services/summary.go:215.66,218.2 2 0
github.com/muety/wakapi/services/summary.go:222.125,225.30 2 1
github.com/muety/wakapi/services/summary.go:229.2,230.28 2 1
github.com/muety/wakapi/services/summary.go:238.2,238.40 1 1
github.com/muety/wakapi/services/summary.go:242.2,242.67 1 1
github.com/muety/wakapi/services/summary.go:225.30,227.3 1 1
github.com/muety/wakapi/services/summary.go:230.28,236.3 1 1
github.com/muety/wakapi/services/summary.go:238.40,240.3 1 1
github.com/muety/wakapi/services/summary.go:245.87,246.72 1 1
github.com/muety/wakapi/services/summary.go:254.2,255.16 2 1
github.com/muety/wakapi/services/summary.go:260.2,261.37 2 1
github.com/muety/wakapi/services/summary.go:265.2,267.30 3 1
github.com/muety/wakapi/services/summary.go:278.2,279.29 2 1
github.com/muety/wakapi/services/summary.go:284.2,285.16 2 1
github.com/muety/wakapi/services/summary.go:246.72,252.3 1 1
github.com/muety/wakapi/services/summary.go:255.16,258.3 2 0
github.com/muety/wakapi/services/summary.go:261.37,263.3 1 1
github.com/muety/wakapi/services/summary.go:267.30,268.48 1 1
github.com/muety/wakapi/services/summary.go:268.48,269.41 1 1
github.com/muety/wakapi/services/summary.go:272.4,273.29 2 1
github.com/muety/wakapi/services/summary.go:269.41,271.5 1 1
github.com/muety/wakapi/services/summary.go:279.29,280.18 1 1
github.com/muety/wakapi/services/summary.go:280.18,282.4 1 1
github.com/muety/wakapi/services/summary.go:288.97,289.24 1 1
github.com/muety/wakapi/services/summary.go:293.2,309.30 5 1
github.com/muety/wakapi/services/summary.go:340.2,343.26 3 1
github.com/muety/wakapi/services/summary.go:289.24,291.3 1 0
github.com/muety/wakapi/services/summary.go:309.30,311.41 2 1
github.com/muety/wakapi/services/summary.go:316.3,316.38 1 1
github.com/muety/wakapi/services/summary.go:320.3,320.37 1 1
github.com/muety/wakapi/services/summary.go:324.3,324.34 1 1
github.com/muety/wakapi/services/summary.go:328.3,337.25 9 1
github.com/muety/wakapi/services/summary.go:311.41,313.12 2 1
github.com/muety/wakapi/services/summary.go:316.38,318.4 1 0
github.com/muety/wakapi/services/summary.go:320.37,322.4 1 1
github.com/muety/wakapi/services/summary.go:324.34,326.4 1 1
github.com/muety/wakapi/services/summary.go:346.127,350.32 2 1
github.com/muety/wakapi/services/summary.go:354.2,354.27 1 1
github.com/muety/wakapi/services/summary.go:362.2,364.26 3 1
github.com/muety/wakapi/services/summary.go:369.2,369.43 1 1
github.com/muety/wakapi/services/summary.go:373.2,373.17 1 1
github.com/muety/wakapi/services/summary.go:350.32,352.3 1 1
github.com/muety/wakapi/services/summary.go:354.27,355.37 1 1
github.com/muety/wakapi/services/summary.go:355.37,357.4 1 1
github.com/muety/wakapi/services/summary.go:357.9,359.4 1 1
github.com/muety/wakapi/services/summary.go:364.26,367.3 2 1
github.com/muety/wakapi/services/summary.go:369.43,371.3 1 1
[...]
github.com/muety/wakapi/models/shared.go:93.35,95.2 1 1
github.com/muety/wakapi/models/shared.go:97.34,99.2 1 0
github.com/muety/wakapi/models/user.go:13.13,15.2 1 1
github.com/muety/wakapi/models/user.go:90.34,92.2 1 0
github.com/muety/wakapi/models/user.go:94.36,95.22 1 1
github.com/muety/wakapi/models/user.go:98.2,99.16 2 1
github.com/muety/wakapi/models/user.go:102.2,102.11 1 1
github.com/muety/wakapi/models/user.go:95.22,97.3 1 1
github.com/muety/wakapi/models/user.go:99.16,101.3 1 0
github.com/muety/wakapi/models/user.go:107.41,110.2 2 1
github.com/muety/wakapi/models/user.go:112.53,115.54 3 0
github.com/muety/wakapi/models/user.go:118.2,118.51 1 0
github.com/muety/wakapi/models/user.go:121.2,121.20 1 0
github.com/muety/wakapi/models/user.go:115.54,117.3 1 0
github.com/muety/wakapi/models/user.go:118.51,120.3 1 0
github.com/muety/wakapi/models/user.go:125.52,126.28 1 0
github.com/muety/wakapi/models/user.go:129.2,129.17 1 0
github.com/muety/wakapi/models/user.go:126.28,128.3 1 0
github.com/muety/wakapi/models/user.go:133.45,135.2 1 1
github.com/muety/wakapi/models/user.go:137.51,139.2 1 1
github.com/muety/wakapi/models/user.go:145.65,147.32 2 0
github.com/muety/wakapi/models/user.go:150.2,150.30 1 0
github.com/muety/wakapi/models/user.go:153.2,154.24 2 0
github.com/muety/wakapi/models/user.go:147.32,149.3 1 0
github.com/muety/wakapi/models/user.go:150.30,152.3 1 0
github.com/muety/wakapi/models/user.go:157.39,159.55 2 1
github.com/muety/wakapi/models/user.go:163.2,163.51 1 1
github.com/muety/wakapi/models/user.go:159.55,161.3 1 1
github.com/muety/wakapi/models/user.go:166.43,169.2 1 0
github.com/muety/wakapi/models/user.go:171.45,174.2 1 0
github.com/muety/wakapi/models/user.go:176.33,181.2 1 0
github.com/muety/wakapi/models/user.go:183.41,185.2 1 0
github.com/muety/wakapi/models/user.go:187.45,189.2 1 0
github.com/muety/wakapi/models/user.go:191.45,193.2 1 0
github.com/muety/wakapi/models/user.go:196.39,198.2 1 0
github.com/muety/wakapi/models/user.go:200.39,203.2 2 0
github.com/muety/wakapi/models/durations.go:7.30,9.2 1 0
github.com/muety/wakapi/models/durations.go:11.40,13.2 1 0
github.com/muety/wakapi/models/durations.go:15.35,17.2 1 0
github.com/muety/wakapi/models/durations.go:19.45,21.22 2 0
github.com/muety/wakapi/models/durations.go:24.2,24.14 1 0
github.com/muety/wakapi/models/durations.go:21.22,23.3 1 0
github.com/muety/wakapi/models/durations.go:27.39,30.2 2 0
github.com/muety/wakapi/models/durations.go:32.39,34.18 1 0
github.com/muety/wakapi/models/durations.go:37.2,37.16 1 0
github.com/muety/wakapi/models/durations.go:34.18,36.3 1 0
github.com/muety/wakapi/models/durations.go:40.38,42.18 1 0
github.com/muety/wakapi/models/durations.go:45.2,45.24 1 0
github.com/muety/wakapi/models/durations.go:42.18,44.3 1 0
github.com/muety/wakapi/models/heartbeat.go:33.34,35.2 1 1
github.com/muety/wakapi/models/heartbeat.go:37.55,40.2 2 0
github.com/muety/wakapi/models/heartbeat.go:42.65,44.46 2 1
github.com/muety/wakapi/models/heartbeat.go:44.46,45.108 1 1
github.com/muety/wakapi/models/heartbeat.go:45.108,48.4 2 1
github.com/muety/wakapi/models/heartbeat.go:52.50,53.11 1 1
github.com/muety/wakapi/models/heartbeat.go:68.2,68.15 1 1
github.com/muety/wakapi/models/heartbeat.go:72.2,72.12 1 1
github.com/muety/wakapi/models/heartbeat.go:54.22,55.18 1 1
github.com/muety/wakapi/models/heartbeat.go:56.21,57.17 1 1
github.com/muety/wakapi/models/heartbeat.go:58.23,59.19 1 1
github.com/muety/wakapi/models/heartbeat.go:60.17,61.26 1 1
github.com/muety/wakapi/models/heartbeat.go:62.22,63.18 1 1
github.com/muety/wakapi/models/heartbeat.go:64.21,65.17 1 0
github.com/muety/wakapi/models/heartbeat.go:68.15,70.3 1 1
github.com/muety/wakapi/models/heartbeat.go:75.37,91.2 1 0
github.com/muety/wakapi/models/heartbeat.go:99.41,101.16 2 1
github.com/muety/wakapi/models/heartbeat.go:104.2,105.10 2 1
github.com/muety/wakapi/models/heartbeat.go:101.16,103.3 1 0
github.com/muety/wakapi/models/heartbeat.go:108.38,118.2 1 0
github.com/muety/wakapi/models/project_label.go:14.39,16.2 1 0
github.com/muety/wakapi/models/filters.go:21.33,23.2 1 1
github.com/muety/wakapi/models/filters.go:25.48,26.22 1 1
github.com/muety/wakapi/models/filters.go:31.2,31.14 1 1
github.com/muety/wakapi/models/filters.go:26.22,27.18 1 1
github.com/muety/wakapi/models/filters.go:27.18,29.4 1 1
github.com/muety/wakapi/models/filters.go:39.56,41.2 1 1
github.com/muety/wakapi/models/filters.go:43.66,46.2 2 1
github.com/muety/wakapi/models/filters.go:48.59,50.2 1 1
github.com/muety/wakapi/models/filters.go:52.70,53.16 1 1
github.com/muety/wakapi/models/filters.go:69.2,69.10 1 1
github.com/muety/wakapi/models/filters.go:54.22,55.41 1 1
github.com/muety/wakapi/models/filters.go:56.17,57.31 1 0
github.com/muety/wakapi/models/filters.go:58.23,59.43 1 1
github.com/muety/wakapi/models/filters.go:60.21,61.39 1 0
github.com/muety/wakapi/models/filters.go:62.22,63.41 1 0
github.com/muety/wakapi/models/filters.go:64.20,65.37 1 1
github.com/muety/wakapi/models/filters.go:66.21,67.39 1 0
github.com/muety/wakapi/models/filters.go:72.49,73.44 1 1
github.com/muety/wakapi/models/filters.go:88.2,88.29 1 1
github.com/muety/wakapi/models/filters.go:73.44,75.3 1 1
github.com/muety/wakapi/models/filters.go:75.8,75.41 1 1
github.com/muety/wakapi/models/filters.go:75.41,77.3 1 0
github.com/muety/wakapi/models/filters.go:77.8,77.53 1 1
github.com/muety/wakapi/models/filters.go:77.53,79.3 1 1
github.com/muety/wakapi/models/filters.go:79.8,79.49 1 1
github.com/muety/wakapi/models/filters.go:79.49,81.3 1 0
github.com/muety/wakapi/models/filters.go:81.8,81.51 1 1
github.com/muety/wakapi/models/filters.go:81.51,83.3 1 0
github.com/muety/wakapi/models/filters.go:83.8,83.47 1 1
github.com/muety/wakapi/models/filters.go:83.47,85.3 1 0
github.com/muety/wakapi/models/filters.go:85.8,85.49 1 1
github.com/muety/wakapi/models/filters.go:85.49,87.3 1 0
github.com/muety/wakapi/models/filters.go:91.46,92.30 1 1
github.com/muety/wakapi/models/filters.go:95.2,95.66 1 0
github.com/muety/wakapi/models/filters.go:92.30,94.3 1 1
github.com/muety/wakapi/models/filters.go:98.34,101.2 2 1
github.com/muety/wakapi/models/filters.go:103.31,105.51 2 0
github.com/muety/wakapi/models/filters.go:108.2,108.14 1 0
github.com/muety/wakapi/models/filters.go:105.51,107.3 1 0
github.com/muety/wakapi/models/filters.go:111.51,113.2 1 0
github.com/muety/wakapi/models/filters.go:115.37,117.51 2 0
github.com/muety/wakapi/models/filters.go:122.2,122.14 1 0
github.com/muety/wakapi/models/filters.go:117.51,118.37 1 0
github.com/muety/wakapi/models/filters.go:118.37,120.4 1 0
github.com/muety/wakapi/models/filters.go:125.59,126.18 1 0
github.com/muety/wakapi/models/filters.go:127.22,128.20 1 0
github.com/muety/wakapi/models/filters.go:129.23,130.21 1 0
github.com/muety/wakapi/models/filters.go:131.21,132.19 1 0
github.com/muety/wakapi/models/filters.go:133.17,134.15 1 0
github.com/muety/wakapi/models/filters.go:135.22,136.20 1 0
github.com/muety/wakapi/models/filters.go:137.20,138.18 1 0
github.com/muety/wakapi/models/filters.go:139.21,140.19 1 0
github.com/muety/wakapi/models/filters.go:141.10,142.21 1 0
github.com/muety/wakapi/models/filters.go:146.33,148.16 2 0
github.com/muety/wakapi/models/filters.go:151.2,151.32 1 0
github.com/muety/wakapi/models/filters.go:148.16,150.3 1 0
github.com/muety/wakapi/models/filters.go:154.44,160.2 1 1
github.com/muety/wakapi/models/filters.go:163.70,164.22 1 1
github.com/muety/wakapi/models/filters.go:172.2,172.17 1 1
github.com/muety/wakapi/models/filters.go:180.2,180.23 1 1
github.com/muety/wakapi/models/filters.go:188.2,188.21 1 1
github.com/muety/wakapi/models/filters.go:196.2,196.22 1 1
github.com/muety/wakapi/models/filters.go:204.2,204.21 1 1
github.com/muety/wakapi/models/filters.go:212.2,212.10 1 1
github.com/muety/wakapi/models/filters.go:164.22,166.31 2 1
github.com/muety/wakapi/models/filters.go:170.3,170.22 1 1
github.com/muety/wakapi/models/filters.go:166.31,169.4 2 1
github.com/muety/wakapi/models/filters.go:172.17,174.26 2 0
github.com/muety/wakapi/models/filters.go:178.3,178.17 1 0
github.com/muety/wakapi/models/filters.go:174.26,177.4 2 0
github.com/muety/wakapi/models/filters.go:180.23,182.32 2 1
github.com/muety/wakapi/models/filters.go:186.3,186.23 1 1
github.com/muety/wakapi/models/filters.go:182.32,185.4 2 1
github.com/muety/wakapi/models/filters.go:188.21,190.30 2 0
github.com/muety/wakapi/models/filters.go:194.3,194.21 1 0
github.com/muety/wakapi/models/filters.go:190.30,193.4 2 0
github.com/muety/wakapi/models/filters.go:196.22,198.31 2 0
github.com/muety/wakapi/models/filters.go:202.3,202.22 1 0
github.com/muety/wakapi/models/filters.go:198.31,201.4 2 0
github.com/muety/wakapi/models/filters.go:204.21,206.30 2 0
github.com/muety/wakapi/models/filters.go:210.3,210.21 1 0
github.com/muety/wakapi/models/filters.go:206.30,209.4 2 0
github.com/muety/wakapi/models/filters.go:215.83,216.41 1 1
github.com/muety/wakapi/models/filters.go:219.2,219.28 1 1
github.com/muety/wakapi/models/filters.go:222.2,222.10 1 1
github.com/muety/wakapi/models/filters.go:216.41,218.3 1 0
github.com/muety/wakapi/models/filters.go:219.28,221.3 1 1
github.com/muety/wakapi/models/models.go:3.14,5.2 0 1
github.com/muety/wakapi/models/leaderboard.go:28.73,30.2 1 0
github.com/muety/wakapi/models/leaderboard.go:34.56,35.103 1 0
github.com/muety/wakapi/models/leaderboard.go:35.103,37.3 1 0
github.com/muety/wakapi/models/leaderboard.go:37.13,39.3 1 0
github.com/muety/wakapi/models/leaderboard.go:42.63,43.29 1 0
github.com/muety/wakapi/models/leaderboard.go:43.29,45.3 1 0
github.com/muety/wakapi/models/leaderboard.go:48.41,49.123 1 0
github.com/muety/wakapi/models/leaderboard.go:49.123,51.3 1 0
github.com/muety/wakapi/models/leaderboard.go:54.50,56.2 1 0
github.com/muety/wakapi/models/leaderboard.go:58.65,59.95 1 0
github.com/muety/wakapi/models/leaderboard.go:59.95,61.3 1 0
github.com/muety/wakapi/models/leaderboard.go:64.49,72.25 3 0
github.com/muety/wakapi/models/leaderboard.go:83.2,83.129 1 0
github.com/muety/wakapi/models/leaderboard.go:86.2,86.67 1 0
github.com/muety/wakapi/models/leaderboard.go:90.2,90.79 1 0
github.com/muety/wakapi/models/leaderboard.go:72.25,73.58 1 0
github.com/muety/wakapi/models/leaderboard.go:76.3,77.38 2 0
github.com/muety/wakapi/models/leaderboard.go:80.3,80.40 1 0
github.com/muety/wakapi/models/leaderboard.go:73.58,74.12 1 0
github.com/muety/wakapi/models/leaderboard.go:77.38,79.4 1 0
github.com/muety/wakapi/models/leaderboard.go:83.129,85.3 1 0
github.com/muety/wakapi/models/leaderboard.go:86.67,88.3 1 0
github.com/muety/wakapi/models/leaderboard.go:90.79,92.3 1 0
github.com/muety/wakapi/models/leaderboard.go:95.70,96.107 1 0
github.com/muety/wakapi/models/leaderboard.go:96.107,98.3 1 0
github.com/muety/wakapi/models/leaderboard.go:101.45,103.25 2 0
github.com/muety/wakapi/models/leaderboard.go:108.2,108.19 1 0
github.com/muety/wakapi/models/leaderboard.go:103.25,104.43 1 0
github.com/muety/wakapi/models/leaderboard.go:104.43,106.4 1 0
github.com/muety/wakapi/models/mail_address.go:18.13,21.2 2 1
github.com/muety/wakapi/models/mail_address.go:27.38,29.2 1 0
github.com/muety/wakapi/models/mail_address.go:31.35,33.21 2 1
github.com/muety/wakapi/models/mail_address.go:39.2,39.11 1 1
github.com/muety/wakapi/models/mail_address.go:33.21,34.21 1 1
github.com/muety/wakapi/models/mail_address.go:37.3,37.18 1 1
github.com/muety/wakapi/models/mail_address.go:34.21,36.4 1 1
github.com/muety/wakapi/models/mail_address.go:42.38,44.21 2 0
github.com/muety/wakapi/models/mail_address.go:47.2,47.17 1 0
github.com/muety/wakapi/models/mail_address.go:44.21,46.3 1 0
github.com/muety/wakapi/models/mail_address.go:50.35,52.2 1 1
github.com/muety/wakapi/models/mail_address.go:54.43,56.22 2 0
github.com/muety/wakapi/models/mail_address.go:59.2,59.12 1 0
github.com/muety/wakapi/models/mail_address.go:56.22,58.3 1 0
github.com/muety/wakapi/models/mail_address.go:62.46,64.22 2 1
github.com/muety/wakapi/models/mail_address.go:67.2,67.12 1 1
github.com/muety/wakapi/models/mail_address.go:64.22,66.3 1 1
github.com/muety/wakapi/models/mail_address.go:70.40,71.22 1 1
github.com/muety/wakapi/models/mail_address.go:76.2,76.13 1 1
github.com/muety/wakapi/models/mail_address.go:71.22,72.17 1 1
github.com/muety/wakapi/models/mail_address.go:72.17,74.4 1 1
github.com/muety/wakapi/models/summary.go:64.29,66.2 1 1
github.com/muety/wakapi/models/summary.go:68.35,70.2 1 0
github.com/muety/wakapi/models/summary.go:72.38,74.2 1 0
github.com/muety/wakapi/models/summary.go:76.37,85.2 8 1
github.com/muety/wakapi/models/summary.go:87.35,89.2 1 1
github.com/muety/wakapi/models/summary.go:91.57,101.2 1 1
github.com/muety/wakapi/models/summary.go:103.64,104.21 1 1
github.com/muety/wakapi/models/summary.go:120.2,120.12 1 0
github.com/muety/wakapi/models/summary.go:105.22,106.21 1 1
github.com/muety/wakapi/models/summary.go:107.23,108.22 1 1
github.com/muety/wakapi/models/summary.go:109.21,110.20 1 1
github.com/muety/wakapi/models/summary.go:111.17,112.29 1 1
github.com/muety/wakapi/models/summary.go:113.22,114.21 1 1
github.com/muety/wakapi/models/summary.go:115.20,116.19 1 1
github.com/muety/wakapi/models/summary.go:117.21,118.21 1 1
github.com/muety/wakapi/models/summary.go:123.59,124.21 1 1
github.com/muety/wakapi/models/summary.go:128.2,128.35 1 1
github.com/muety/wakapi/models/summary.go:134.2,134.10 1 1
github.com/muety/wakapi/models/summary.go:124.21,126.3 1 1
github.com/muety/wakapi/models/summary.go:128.35,129.41 1 1
github.com/muety/wakapi/models/summary.go:129.41,131.4 1 1
github.com/muety/wakapi/models/summary.go:150.33,155.26 4 1
github.com/muety/wakapi/models/summary.go:162.2,162.37 1 1
github.com/muety/wakapi/models/summary.go:167.2,168.16 2 1
github.com/muety/wakapi/models/summary.go:171.2,171.33 1 1
github.com/muety/wakapi/models/summary.go:155.26,156.30 1 1
github.com/muety/wakapi/models/summary.go:156.30,158.4 1 1
github.com/muety/wakapi/models/summary.go:162.37,164.3 1 0
github.com/muety/wakapi/models/summary.go:168.16,170.3 1 0
github.com/muety/wakapi/models/summary.go:171.33,173.3 1 1
github.com/muety/wakapi/models/summary.go:177.56,183.28 5 1
github.com/muety/wakapi/models/summary.go:187.2,188.42 2 1
github.com/muety/wakapi/models/summary.go:195.2,196.15 2 1
github.com/muety/wakapi/models/summary.go:183.28,185.3 1 1
github.com/muety/wakapi/models/summary.go:188.42,189.22 1 0
github.com/muety/wakapi/models/summary.go:189.22,191.9 2 0
github.com/muety/wakapi/models/summary.go:196.15,197.28 1 1
github.com/muety/wakapi/models/summary.go:197.28,199.4 1 0
github.com/muety/wakapi/models/summary.go:199.9,205.4 1 1
github.com/muety/wakapi/models/summary.go:209.45,214.16 4 1
github.com/muety/wakapi/models/summary.go:217.2,217.39 1 1
github.com/muety/wakapi/models/summary.go:221.2,221.30 1 1
github.com/muety/wakapi/models/summary.go:214.16,216.3 1 0
github.com/muety/wakapi/models/summary.go:217.39,219.3 1 1
github.com/muety/wakapi/models/summary.go:224.73,226.55 2 1
github.com/muety/wakapi/models/summary.go:231.2,231.16 1 1
github.com/muety/wakapi/models/summary.go:226.55,227.31 1 1
github.com/muety/wakapi/models/summary.go:227.31,229.4 1 1
github.com/muety/wakapi/models/summary.go:234.88,236.55 2 1
github.com/muety/wakapi/models/summary.go:244.2,244.16 1 1
github.com/muety/wakapi/models/summary.go:236.55,237.31 1 1
github.com/muety/wakapi/models/summary.go:237.31,238.23 1 1
github.com/muety/wakapi/models/summary.go:241.4,241.46 1 1
github.com/muety/wakapi/models/summary.go:238.23,239.13 1 1
github.com/muety/wakapi/models/summary.go:247.73,249.34 2 1
github.com/muety/wakapi/models/summary.go:252.2,252.14 1 1
github.com/muety/wakapi/models/summary.go:249.34,251.3 1 1
github.com/muety/wakapi/models/summary.go:255.56,258.55 3 0
github.com/muety/wakapi/models/summary.go:265.2,265.12 1 0
github.com/muety/wakapi/models/summary.go:258.55,259.31 1 0
github.com/muety/wakapi/models/summary.go:259.31,260.44 1 0
github.com/muety/wakapi/models/summary.go:260.44,262.5 1 0
github.com/muety/wakapi/models/summary.go:268.58,270.16 2 0
github.com/muety/wakapi/models/summary.go:273.2,273.16 1 0
github.com/muety/wakapi/models/summary.go:270.16,272.3 1 0
github.com/muety/wakapi/models/summary.go:276.71,277.63 1 1
github.com/muety/wakapi/models/summary.go:321.2,329.10 8 1
github.com/muety/wakapi/models/summary.go:277.63,278.20 1 1
github.com/muety/wakapi/models/summary.go:282.3,284.45 2 1
github.com/muety/wakapi/models/summary.go:293.3,293.31 1 1
github.com/muety/wakapi/models/summary.go:300.3,300.31 1 1
github.com/muety/wakapi/models/summary.go:317.3,317.16 1 1
github.com/muety/wakapi/models/summary.go:278.20,280.4 1 1
github.com/muety/wakapi/models/summary.go:284.45,285.32 1 1
github.com/muety/wakapi/models/summary.go:290.4,290.14 1 1
github.com/muety/wakapi/models/summary.go:285.32,286.24 1 1
github.com/muety/wakapi/models/summary.go:286.24,288.6 1 1
github.com/muety/wakapi/models/summary.go:293.31,295.60 1 1
github.com/muety/wakapi/models/summary.go:295.60,297.5 1 1
github.com/muety/wakapi/models/summary.go:300.31,302.60 1 1
github.com/muety/wakapi/models/summary.go:302.60,303.55 1 1
github.com/muety/wakapi/models/summary.go:303.55,305.6 1 1
github.com/muety/wakapi/models/summary.go:305.11,313.6 1 1
github.com/muety/wakapi/models/summary.go:332.57,333.30 1 1
github.com/muety/wakapi/models/summary.go:338.2,338.43 1 0
github.com/muety/wakapi/models/summary.go:333.30,334.28 1 1
github.com/muety/wakapi/models/summary.go:334.28,336.4 1 1
github.com/muety/wakapi/models/summary.go:341.43,343.2 1 0
github.com/muety/wakapi/models/summary.go:345.49,346.21 1 0
github.com/muety/wakapi/models/summary.go:349.2,350.54 2 0
github.com/muety/wakapi/models/summary.go:346.21,348.3 1 0
github.com/muety/wakapi/models/summary.go:353.51,354.27 1 0
github.com/muety/wakapi/models/summary.go:357.2,358.19 2 0
github.com/muety/wakapi/models/summary.go:354.27,356.3 1 0
github.com/muety/wakapi/models/summary.go:361.50,365.2 1 1
github.com/muety/wakapi/models/summary.go:367.33,369.2 1 1
github.com/muety/wakapi/models/summary.go:371.43,373.2 1 1
github.com/muety/wakapi/models/summary.go:375.38,377.2 1 1
github.com/muety/wakapi/models/duration.go:24.55,38.2 2 0
github.com/muety/wakapi/models/duration.go:40.39,42.16 2 0
github.com/muety/wakapi/models/duration.go:45.2,46.10 2 0
github.com/muety/wakapi/models/duration.go:42.16,44.3 1 0
github.com/muety/wakapi/models/duration.go:49.49,50.11 1 0
github.com/muety/wakapi/models/duration.go:65.2,65.15 1 0
github.com/muety/wakapi/models/duration.go:69.2,69.12 1 0
github.com/muety/wakapi/models/duration.go:51.22,52.18 1 0
github.com/muety/wakapi/models/duration.go:53.21,54.17 1 0
github.com/muety/wakapi/models/duration.go:55.23,56.19 1 0
github.com/muety/wakapi/models/duration.go:57.17,58.26 1 0
github.com/muety/wakapi/models/duration.go:59.22,60.18 1 0
github.com/muety/wakapi/models/duration.go:61.21,62.17 1 0
github.com/muety/wakapi/models/duration.go:65.15,67.3 1 0
github.com/muety/wakapi/models/language_mapping.go:11.42,13.2 1 0
github.com/muety/wakapi/models/language_mapping.go:15.51,17.2 1 0
github.com/muety/wakapi/models/language_mapping.go:19.52,21.2 1 0
github.com/muety/wakapi/models/alias.go:18.32,20.2 1 0
github.com/muety/wakapi/models/alias.go:22.37,23.35 1 0
github.com/muety/wakapi/models/alias.go:28.2,28.14 1 0
github.com/muety/wakapi/models/alias.go:23.35,24.18 1 0
github.com/muety/wakapi/models/alias.go:24.18,26.4 1 0
github.com/muety/wakapi/models/heartbeats.go:7.31,9.2 1 0
github.com/muety/wakapi/models/heartbeats.go:11.41,13.2 1 0
github.com/muety/wakapi/models/heartbeats.go:15.36,17.2 1 0
github.com/muety/wakapi/models/heartbeats.go:19.43,22.2 2 0
github.com/muety/wakapi/models/heartbeats.go:24.41,26.18 1 0
github.com/muety/wakapi/models/heartbeats.go:29.2,29.16 1 0
github.com/muety/wakapi/models/heartbeats.go:26.18,28.3 1 0
github.com/muety/wakapi/models/heartbeats.go:32.40,34.18 1 0
github.com/muety/wakapi/models/heartbeats.go:37.2,37.24 1 0
github.com/muety/wakapi/models/heartbeats.go:34.18,36.3 1 0
