mode: set
github.com/muety/wakapi/main.go:114.13,119.18 4 0
github.com/muety/wakapi/main.go:119.18,122.3 2 0
github.com/muety/wakapi/main.go:123.2,144.16 8 0
github.com/muety/wakapi/main.go:144.16,146.3 1 0
github.com/muety/wakapi/main.go:148.2,148.20 1 0
github.com/muety/wakapi/main.go:148.20,150.3 1 0
github.com/muety/wakapi/main.go:151.2,152.16 2 0
github.com/muety/wakapi/main.go:152.16,154.3 1 0
github.com/muety/wakapi/main.go:155.2,160.28 4 0
github.com/muety/wakapi/main.go:160.28,162.3 1 0
github.com/muety/wakapi/main.go:165.2,194.35 27 0
github.com/muety/wakapi/main.go:194.35,196.3 1 0
github.com/muety/wakapi/main.go:199.2,205.35 6 0
github.com/muety/wakapi/main.go:205.35,207.3 1 0
github.com/muety/wakapi/main.go:209.2,261.29 31 0
github.com/muety/wakapi/main.go:261.29,263.3 1 0
github.com/muety/wakapi/main.go:266.2,313.21 37 0
github.com/muety/wakapi/main.go:313.21,315.3 1 0
github.com/muety/wakapi/main.go:316.2,323.24 6 0
github.com/muety/wakapi/main.go:323.24,325.13 2 0
github.com/muety/wakapi/main.go:325.13,327.4 1 0
github.com/muety/wakapi/main.go:331.2,331.16 1 0
github.com/muety/wakapi/main.go:334.35,338.71 2 0
github.com/muety/wakapi/main.go:338.71,346.3 2 0
github.com/muety/wakapi/main.go:349.2,349.71 1 0
github.com/muety/wakapi/main.go:349.71,357.3 2 0
github.com/muety/wakapi/main.go:360.2,360.75 1 0
github.com/muety/wakapi/main.go:360.75,362.64 1 0
github.com/muety/wakapi/main.go:362.64,364.64 2 0
github.com/muety/wakapi/main.go:364.64,366.5 1 0
github.com/muety/wakapi/main.go:368.3,372.4 1 0
github.com/muety/wakapi/main.go:375.2,375.21 1 0
github.com/muety/wakapi/main.go:375.21,376.16 1 0
github.com/muety/wakapi/main.go:376.16,378.14 2 0
github.com/muety/wakapi/main.go:378.14,379.101 1 0
github.com/muety/wakapi/main.go:379.101,381.6 1 0
github.com/muety/wakapi/main.go:384.3,384.16 1 0
github.com/muety/wakapi/main.go:384.16,386.14 2 0
github.com/muety/wakapi/main.go:386.14,387.101 1 0
github.com/muety/wakapi/main.go:387.101,389.6 1 0
github.com/muety/wakapi/main.go:392.3,392.21 1 0
github.com/muety/wakapi/main.go:392.21,394.14 2 0
github.com/muety/wakapi/main.go:394.14,396.19 2 0
github.com/muety/wakapi/main.go:396.19,398.6 1 0
github.com/muety/wakapi/main.go:399.5,399.109 1 0
github.com/muety/wakapi/main.go:399.109,401.6 1 0
github.com/muety/wakapi/main.go:402.5,402.111 1 0
github.com/muety/wakapi/main.go:402.111,404.6 1 0
github.com/muety/wakapi/main.go:407.8,408.16 1 0
github.com/muety/wakapi/main.go:408.16,410.14 2 0
github.com/muety/wakapi/main.go:410.14,411.47 1 0
github.com/muety/wakapi/main.go:411.47,413.6 1 0
github.com/muety/wakapi/main.go:416.3,416.16 1 0
github.com/muety/wakapi/main.go:416.16,418.14 2 0
github.com/muety/wakapi/main.go:418.14,419.47 1 0
github.com/muety/wakapi/main.go:419.47,421.6 1 0
github.com/muety/wakapi/main.go:424.3,424.21 1 0
github.com/muety/wakapi/main.go:424.21,426.14 2 0
github.com/muety/wakapi/main.go:426.14,428.19 2 0
github.com/muety/wakapi/main.go:428.19,430.6 1 0
github.com/muety/wakapi/main.go:431.5,431.109 1 0
github.com/muety/wakapi/main.go:431.109,433.6 1 0
github.com/muety/wakapi/main.go:434.5,434.55 1 0
github.com/muety/wakapi/main.go:434.55,436.6 1 0
github.com/muety/wakapi/main.go:441.2,441.29 1 0
github.com/muety/wakapi/config/config.go:210.64,212.2 1 0
github.com/muety/wakapi/config/config.go:214.59,216.2 1 0
github.com/muety/wakapi/config/config.go:218.82,228.2 1 0
github.com/muety/wakapi/config/config.go:230.31,232.2 1 0
github.com/muety/wakapi/config/config.go:234.32,236.2 1 0
github.com/muety/wakapi/config/config.go:238.60,240.2 1 0
github.com/muety/wakapi/config/config.go:242.59,244.2 1 0
github.com/muety/wakapi/config/config.go:246.57,248.2 1 0
github.com/muety/wakapi/config/config.go:250.53,252.2 1 0
github.com/muety/wakapi/config/config.go:254.53,255.46 1 0
github.com/muety/wakapi/config/config.go:255.46,259.17 3 0
github.com/muety/wakapi/config/config.go:259.17,261.4 1 0
github.com/muety/wakapi/config/config.go:263.3,264.17 2 0
github.com/muety/wakapi/config/config.go:264.17,266.4 1 0
github.com/muety/wakapi/config/config.go:268.3,268.44 1 0
github.com/muety/wakapi/config/config.go:271.2,271.51 1 0
github.com/muety/wakapi/config/config.go:274.50,275.47 1 0
github.com/muety/wakapi/config/config.go:275.47,282.17 5 0
github.com/muety/wakapi/config/config.go:282.17,284.4 1 0
github.com/muety/wakapi/config/config.go:286.3,287.17 2 0
github.com/muety/wakapi/config/config.go:287.17,289.4 1 0
github.com/muety/wakapi/config/config.go:291.3,291.54 1 0
github.com/muety/wakapi/config/config.go:294.2,294.52 1 0
github.com/muety/wakapi/config/config.go:297.65,302.56 3 0
github.com/muety/wakapi/config/config.go:302.56,304.33 1 0
github.com/muety/wakapi/config/config.go:304.33,307.18 3 0
github.com/muety/wakapi/config/config.go:307.18,309.5 1 0
github.com/muety/wakapi/config/config.go:311.4,312.18 2 0
github.com/muety/wakapi/config/config.go:312.18,314.5 1 0
github.com/muety/wakapi/config/config.go:316.4,316.45 1 0
github.com/muety/wakapi/config/config.go:318.8,319.33 1 0
github.com/muety/wakapi/config/config.go:319.33,321.4 1 0
github.com/muety/wakapi/config/config.go:324.2,324.76 1 0
github.com/muety/wakapi/config/config.go:324.76,326.3 1 0
github.com/muety/wakapi/config/config.go:328.2,328.14 1 0
github.com/muety/wakapi/config/config.go:331.54,334.2 2 0
github.com/muety/wakapi/config/config.go:336.54,339.64 2 0
github.com/muety/wakapi/config/config.go:339.64,341.15 1 0
github.com/muety/wakapi/config/config.go:341.15,342.12 1 0
github.com/muety/wakapi/config/config.go:346.3,347.17 2 0
github.com/muety/wakapi/config/config.go:347.17,349.12 2 0
github.com/muety/wakapi/config/config.go:353.3,354.22 2 0
github.com/muety/wakapi/config/config.go:354.22,356.29 2 0
github.com/muety/wakapi/config/config.go:356.29,358.5 1 0
github.com/muety/wakapi/config/config.go:359.4,361.12 3 0
github.com/muety/wakapi/config/config.go:364.3,364.55 1 0
github.com/muety/wakapi/config/config.go:368.61,370.2 1 0
github.com/muety/wakapi/config/config.go:372.66,374.2 1 0
github.com/muety/wakapi/config/config.go:376.65,378.2 1 0
github.com/muety/wakapi/config/config.go:380.73,382.2 1 0
github.com/muety/wakapi/config/config.go:384.70,387.23 3 0
github.com/muety/wakapi/config/config.go:387.23,389.3 1 0
github.com/muety/wakapi/config/config.go:391.2,395.20 4 0
github.com/muety/wakapi/config/config.go:396.11,397.28 1 0
github.com/muety/wakapi/config/config.go:398.11,399.28 1 0
github.com/muety/wakapi/config/config.go:400.11,401.26 1 0
github.com/muety/wakapi/config/config.go:404.2,404.51 1 0
github.com/muety/wakapi/config/config.go:407.36,409.2 1 0
github.com/muety/wakapi/config/config.go:411.35,413.2 1 0
github.com/muety/wakapi/config/config.go:415.38,417.2 1 0
github.com/muety/wakapi/config/config.go:419.35,421.2 1 0
github.com/muety/wakapi/config/config.go:423.46,425.2 1 0
github.com/muety/wakapi/config/config.go:427.43,429.2 1 0
github.com/muety/wakapi/config/config.go:431.29,433.2 1 1
github.com/muety/wakapi/config/config.go:435.48,446.16 2 0
github.com/muety/wakapi/config/config.go:446.16,447.48 1 0
github.com/muety/wakapi/config/config.go:447.48,449.4 1 0
github.com/muety/wakapi/config/config.go:449.9,451.4 1 0
github.com/muety/wakapi/config/config.go:454.2,455.53 2 0
github.com/muety/wakapi/config/config.go:455.53,457.3 1 0
github.com/muety/wakapi/config/config.go:459.2,459.15 1 0
github.com/muety/wakapi/config/config.go:462.45,463.27 1 0
github.com/muety/wakapi/config/config.go:463.27,465.3 1 0
github.com/muety/wakapi/config/config.go:466.2,466.24 1 0
github.com/muety/wakapi/config/config.go:466.24,468.3 1 0
github.com/muety/wakapi/config/config.go:469.2,469.25 1 0
github.com/muety/wakapi/config/config.go:469.25,471.3 1 0
github.com/muety/wakapi/config/config.go:472.2,472.15 1 0
github.com/muety/wakapi/config/config.go:475.26,477.2 1 0
github.com/muety/wakapi/config/config.go:479.20,481.2 1 0
github.com/muety/wakapi/config/config.go:483.54,485.82 2 0
github.com/muety/wakapi/config/config.go:485.82,487.3 1 0
github.com/muety/wakapi/config/config.go:489.2,495.21 5 0
github.com/muety/wakapi/config/config.go:495.21,497.3 1 0
github.com/muety/wakapi/config/config.go:499.2,507.16 7 0
github.com/muety/wakapi/config/config.go:507.16,511.3 3 0
github.com/muety/wakapi/config/config.go:513.2,519.47 5 0
github.com/muety/wakapi/config/config.go:519.47,520.14 1 0
github.com/muety/wakapi/config/config.go:520.14,522.4 1 0
github.com/muety/wakapi/config/config.go:525.2,525.29 1 0
github.com/muety/wakapi/config/config.go:525.29,526.38 1 0
github.com/muety/wakapi/config/config.go:526.38,528.4 1 0
github.com/muety/wakapi/config/config.go:529.3,530.60 2 0
github.com/muety/wakapi/config/config.go:533.2,533.41 1 0
github.com/muety/wakapi/config/config.go:533.41,535.3 1 0
github.com/muety/wakapi/config/config.go:535.8,537.35 2 0
github.com/muety/wakapi/config/config.go:537.35,539.4 1 0
github.com/muety/wakapi/config/config.go:540.3,540.34 1 0
github.com/muety/wakapi/config/config.go:544.2,544.108 1 0
github.com/muety/wakapi/config/config.go:544.108,546.3 1 0
github.com/muety/wakapi/config/config.go:547.2,547.52 1 0
github.com/muety/wakapi/config/config.go:547.52,549.3 1 0
github.com/muety/wakapi/config/config.go:550.2,550.51 1 0
github.com/muety/wakapi/config/config.go:550.51,553.3 2 0
github.com/muety/wakapi/config/config.go:554.2,554.100 1 0
github.com/muety/wakapi/config/config.go:554.100,556.3 1 0
github.com/muety/wakapi/config/config.go:557.2,557.74 1 0
github.com/muety/wakapi/config/config.go:557.74,559.3 1 0
github.com/muety/wakapi/config/config.go:560.2,560.95 1 0
github.com/muety/wakapi/config/config.go:560.95,562.3 1 0
github.com/muety/wakapi/config/config.go:563.2,563.156 1 0
github.com/muety/wakapi/config/config.go:563.156,565.3 1 0
github.com/muety/wakapi/config/config.go:566.2,566.165 1 0
github.com/muety/wakapi/config/config.go:566.165,568.3 1 0
github.com/muety/wakapi/config/config.go:570.2,572.78 2 0
github.com/muety/wakapi/config/config.go:572.78,574.3 1 0
github.com/muety/wakapi/config/config.go:575.2,575.81 1 0
github.com/muety/wakapi/config/config.go:575.81,577.3 1 0
github.com/muety/wakapi/config/config.go:578.2,578.66 1 0
github.com/muety/wakapi/config/config.go:578.66,579.48 1 0
github.com/muety/wakapi/config/config.go:579.48,581.4 1 0
github.com/muety/wakapi/config/config.go:585.2,585.76 1 0
github.com/muety/wakapi/config/config.go:585.76,587.3 1 0
github.com/muety/wakapi/config/config.go:590.2,590.55 1 0
github.com/muety/wakapi/config/config.go:590.55,592.3 1 0
github.com/muety/wakapi/config/config.go:593.2,593.56 1 0
github.com/muety/wakapi/config/config.go:593.56,595.3 1 0
github.com/muety/wakapi/config/config.go:596.2,596.65 1 0
github.com/muety/wakapi/config/config.go:596.65,598.3 1 0
github.com/muety/wakapi/config/config.go:600.2,601.14 2 0
github.com/muety/wakapi/config/config.go:604.22,614.2 1 0
github.com/muety/wakapi/config/config.go:616.38,619.2 2 0
github.com/muety/wakapi/config/db.go:54.50,55.19 1 0
github.com/muety/wakapi/config/db.go:56.23,60.5 1 0
github.com/muety/wakapi/config/db.go:61.26,64.5 1 0
github.com/muety/wakapi/config/db.go:65.24,66.48 1 0
github.com/muety/wakapi/config/db.go:67.23,68.50 1 0
github.com/muety/wakapi/config/db.go:71.2,71.12 1 0
github.com/muety/wakapi/config/db.go:74.53,75.25 1 1
github.com/muety/wakapi/config/db.go:75.25,77.3 1 0
github.com/muety/wakapi/config/db.go:79.2,81.25 2 1
github.com/muety/wakapi/config/db.go:81.25,83.3 1 1
github.com/muety/wakapi/config/db.go:85.2,92.3 1 1
github.com/muety/wakapi/config/db.go:95.56,96.25 1 1
github.com/muety/wakapi/config/db.go:96.25,98.3 1 0
github.com/muety/wakapi/config/db.go:100.2,101.16 2 1
github.com/muety/wakapi/config/db.go:101.16,103.3 1 0
github.com/muety/wakapi/config/db.go:108.2,115.3 1 1
github.com/muety/wakapi/config/db.go:118.54,120.2 1 1
github.com/muety/wakapi/config/db.go:122.53,126.16 3 1
github.com/muety/wakapi/config/db.go:126.16,128.3 1 1
github.com/muety/wakapi/config/db.go:130.2,137.19 2 1
github.com/muety/wakapi/config/db_opts.go:11.56,13.2 1 0
github.com/muety/wakapi/config/db_opts.go:15.59,17.2 1 0
github.com/muety/wakapi/config/db_opts.go:19.61,21.39 1 0
github.com/muety/wakapi/config/db_opts.go:21.39,23.100 1 0
github.com/muety/wakapi/config/db_opts.go:23.100,25.4 1 0
github.com/muety/wakapi/config/db_opts.go:28.2,28.30 1 0
github.com/muety/wakapi/config/db_opts.go:28.30,29.68 1 0
github.com/muety/wakapi/config/db_opts.go:29.68,31.4 1 0
github.com/muety/wakapi/config/db_opts.go:34.2,34.12 1 0
github.com/muety/wakapi/config/eventbus.go:28.13,30.2 1 1
github.com/muety/wakapi/config/eventbus.go:32.26,34.2 1 0
github.com/muety/wakapi/config/fs.go:9.56,10.19 1 0
github.com/muety/wakapi/config/fs.go:10.19,11.46 1 0
github.com/muety/wakapi/config/fs.go:11.46,13.4 1 0
github.com/muety/wakapi/config/fs.go:14.3,14.98 1 0
github.com/muety/wakapi/config/fs.go:16.2,16.19 1 0
github.com/muety/wakapi/config/jobqueue.go:28.13,30.2 1 1
github.com/muety/wakapi/config/jobqueue.go:32.18,39.2 6 0
github.com/muety/wakapi/config/jobqueue.go:41.48,42.34 1 0
github.com/muety/wakapi/config/jobqueue.go:42.34,44.3 1 0
github.com/muety/wakapi/config/jobqueue.go:45.2,48.12 4 0
github.com/muety/wakapi/config/jobqueue.go:51.44,53.2 1 0
github.com/muety/wakapi/config/jobqueue.go:55.48,56.35 1 0
github.com/muety/wakapi/config/jobqueue.go:56.35,58.3 1 0
github.com/muety/wakapi/config/jobqueue.go:59.2,59.24 1 0
github.com/muety/wakapi/config/jobqueue.go:62.43,64.37 2 0
github.com/muety/wakapi/config/jobqueue.go:64.37,70.3 1 0
github.com/muety/wakapi/config/jobqueue.go:71.2,71.16 1 0
github.com/muety/wakapi/config/jobqueue.go:74.20,75.30 1 0
github.com/muety/wakapi/config/jobqueue.go:75.30,77.3 1 0
github.com/muety/wakapi/config/key_utils.go:10.58,14.44 2 0
github.com/muety/wakapi/config/key_utils.go:14.44,16.17 2 0
github.com/muety/wakapi/config/key_utils.go:16.17,18.4 1 0
github.com/muety/wakapi/config/key_utils.go:19.3,22.17 3 0
github.com/muety/wakapi/config/key_utils.go:22.17,24.4 1 0
github.com/muety/wakapi/config/key_utils.go:25.3,25.46 1 0
github.com/muety/wakapi/config/key_utils.go:29.2,30.16 2 0
github.com/muety/wakapi/config/key_utils.go:30.16,32.3 1 0
github.com/muety/wakapi/config/key_utils.go:33.2,36.51 3 0
github.com/muety/wakapi/config/key_utils.go:36.51,38.3 1 0
github.com/muety/wakapi/config/key_utils.go:39.2,39.45 1 0
github.com/muety/wakapi/config/logging.go:8.29,10.11 2 0
github.com/muety/wakapi/config/logging.go:10.11,12.3 1 0
github.com/muety/wakapi/config/logging.go:12.8,14.3 1 0
github.com/muety/wakapi/config/logging.go:15.2,15.36 1 0
github.com/muety/wakapi/config/sentry.go:26.26,28.16 2 0
github.com/muety/wakapi/config/sentry.go:28.16,30.3 1 0
github.com/muety/wakapi/config/sentry.go:32.2,32.136 1 0
github.com/muety/wakapi/config/sentry.go:32.136,34.30 2 0
github.com/muety/wakapi/config/sentry.go:34.30,35.29 1 0
github.com/muety/wakapi/config/sentry.go:35.29,37.5 1 0
github.com/muety/wakapi/config/sentry.go:39.3,39.24 1 0
github.com/muety/wakapi/config/sentry.go:42.2,47.4 1 0
github.com/muety/wakapi/config/sentry.go:50.26,52.25 1 0
github.com/muety/wakapi/config/sentry.go:52.25,54.3 1 0
github.com/muety/wakapi/config/sentry.go:55.2,56.21 2 0
github.com/muety/wakapi/config/sentry.go:59.55,63.2 3 0
github.com/muety/wakapi/config/sentry.go:65.63,68.39 3 0
github.com/muety/wakapi/config/sentry.go:68.39,70.3 1 0
github.com/muety/wakapi/config/sentry.go:71.2,71.11 1 0
github.com/muety/wakapi/config/sentry.go:82.73,90.59 1 0
github.com/muety/wakapi/config/sentry.go:90.59,92.38 2 0
github.com/muety/wakapi/config/sentry.go:92.38,93.38 1 0
github.com/muety/wakapi/config/sentry.go:93.38,95.6 1 0
github.com/muety/wakapi/config/sentry.go:97.4,97.50 1 0
github.com/muety/wakapi/config/sentry.go:97.50,99.5 1 0
github.com/muety/wakapi/config/sentry.go:100.4,100.37 1 0
github.com/muety/wakapi/config/sentry.go:102.79,105.4 1 0
github.com/muety/wakapi/config/sentry.go:106.17,108.3 1 0
github.com/muety/wakapi/config/sentry.go:112.43,117.51 2 0
github.com/muety/wakapi/config/sentry.go:117.51,119.3 1 0
github.com/muety/wakapi/config/sentry.go:120.2,120.11 1 0
github.com/muety/wakapi/config/session.go:9.46,10.25 1 0
github.com/muety/wakapi/config/session.go:10.25,12.3 1 0
github.com/muety/wakapi/config/session.go:13.2,13.21 1 0
github.com/muety/wakapi/helpers/date.go:18.73,19.58 1 0
github.com/muety/wakapi/helpers/date.go:19.58,21.3 1 0
github.com/muety/wakapi/helpers/date.go:22.2,22.87 1 0
github.com/muety/wakapi/helpers/date.go:22.87,24.3 1 0
github.com/muety/wakapi/helpers/date.go:25.2,25.64 1 0
github.com/muety/wakapi/helpers/date.go:28.40,30.2 1 0
github.com/muety/wakapi/helpers/date.go:32.44,34.2 1 0
github.com/muety/wakapi/helpers/date.go:36.49,38.2 1 0
github.com/muety/wakapi/helpers/date.go:40.51,42.39 2 0
github.com/muety/wakapi/helpers/date.go:42.39,44.3 1 0
github.com/muety/wakapi/helpers/date.go:45.2,45.28 1 0
github.com/muety/wakapi/helpers/date.go:48.45,50.2 1 0
github.com/muety/wakapi/helpers/date.go:52.50,58.2 5 0
github.com/muety/wakapi/helpers/http.go:11.94,13.16 2 0
github.com/muety/wakapi/helpers/http.go:13.16,15.3 1 0
github.com/muety/wakapi/helpers/http.go:17.2,17.107 1 0
github.com/muety/wakapi/helpers/http.go:17.107,19.3 1 0
github.com/muety/wakapi/helpers/http.go:21.2,21.22 1 0
github.com/muety/wakapi/helpers/http.go:24.90,27.58 3 0
github.com/muety/wakapi/helpers/http.go:27.58,29.3 1 0
github.com/muety/wakapi/helpers/interval.go:10.66,11.40 1 0
github.com/muety/wakapi/helpers/interval.go:11.40,12.27 1 0
github.com/muety/wakapi/helpers/interval.go:12.27,14.4 1 0
github.com/muety/wakapi/helpers/interval.go:16.2,16.48 1 0
github.com/muety/wakapi/helpers/interval.go:19.61,22.2 2 0
github.com/muety/wakapi/helpers/interval.go:24.88,27.2 2 0
github.com/muety/wakapi/helpers/interval.go:29.95,31.16 2 0
github.com/muety/wakapi/helpers/interval.go:31.16,33.3 1 0
github.com/muety/wakapi/helpers/interval.go:34.2,34.38 1 0
github.com/muety/wakapi/helpers/interval.go:37.105,41.18 3 1
github.com/muety/wakapi/helpers/interval.go:42.28,43.32 1 0
github.com/muety/wakapi/helpers/interval.go:44.32,46.30 2 0
github.com/muety/wakapi/helpers/interval.go:47.30,48.34 1 1
github.com/muety/wakapi/helpers/interval.go:49.31,50.35 1 0
github.com/muety/wakapi/helpers/interval.go:51.31,53.33 2 0
github.com/muety/wakapi/helpers/interval.go:54.32,55.36 1 0
github.com/muety/wakapi/helpers/interval.go:56.32,58.34 2 0
github.com/muety/wakapi/helpers/interval.go:59.31,60.35 1 0
github.com/muety/wakapi/helpers/interval.go:61.32,62.31 1 1
github.com/muety/wakapi/helpers/interval.go:63.41,65.48 2 0
github.com/muety/wakapi/helpers/interval.go:66.33,67.32 1 1
github.com/muety/wakapi/helpers/interval.go:68.33,69.32 1 1
github.com/muety/wakapi/helpers/interval.go:70.34,71.31 1 1
github.com/muety/wakapi/helpers/interval.go:72.35,73.32 1 1
github.com/muety/wakapi/helpers/interval.go:74.26,75.21 1 0
github.com/muety/wakapi/helpers/interval.go:76.10,77.39 1 0
github.com/muety/wakapi/helpers/interval.go:80.2,80.22 1 1
github.com/muety/wakapi/helpers/interval.go:84.65,85.15 1 1
github.com/muety/wakapi/helpers/interval.go:85.15,87.3 1 1
github.com/muety/wakapi/helpers/interval.go:88.2,88.14 1 1
github.com/muety/wakapi/helpers/interval.go:88.14,90.3 1 1
github.com/muety/wakapi/helpers/interval.go:91.2,91.14 1 1
github.com/muety/wakapi/helpers/interval.go:91.14,93.3 1 1
github.com/muety/wakapi/helpers/interval.go:94.2,94.15 1 1
github.com/muety/wakapi/helpers/interval.go:94.15,96.3 1 1
github.com/muety/wakapi/helpers/interval.go:97.2,97.15 1 1
github.com/muety/wakapi/helpers/interval.go:97.15,99.3 1 1
github.com/muety/wakapi/helpers/interval.go:100.2,100.16 1 1
github.com/muety/wakapi/helpers/interval.go:100.16,102.3 1 1
github.com/muety/wakapi/helpers/interval.go:103.2,103.16 1 1
github.com/muety/wakapi/helpers/interval.go:103.16,105.3 1 1
github.com/muety/wakapi/helpers/interval.go:106.2,106.41 1 1
github.com/muety/wakapi/helpers/summary.go:10.73,17.56 5 0
github.com/muety/wakapi/helpers/summary.go:17.56,19.3 1 0
github.com/muety/wakapi/helpers/summary.go:19.8,19.54 1 0
github.com/muety/wakapi/helpers/summary.go:19.54,21.3 1 0
github.com/muety/wakapi/helpers/summary.go:21.8,23.17 2 0
github.com/muety/wakapi/helpers/summary.go:23.17,25.4 1 0
github.com/muety/wakapi/helpers/summary.go:27.3,28.17 2 0
github.com/muety/wakapi/helpers/summary.go:28.17,30.4 1 0
github.com/muety/wakapi/helpers/summary.go:33.2,43.8 3 0
github.com/muety/wakapi/helpers/summary.go:46.59,48.48 2 0
github.com/muety/wakapi/helpers/summary.go:48.48,50.3 1 0
github.com/muety/wakapi/helpers/summary.go:51.2,51.49 1 0
github.com/muety/wakapi/helpers/summary.go:51.49,53.3 1 0
github.com/muety/wakapi/helpers/summary.go:54.2,54.47 1 0
github.com/muety/wakapi/helpers/summary.go:54.47,56.3 1 0
github.com/muety/wakapi/helpers/summary.go:57.2,57.48 1 0
github.com/muety/wakapi/helpers/summary.go:57.48,59.3 1 0
github.com/muety/wakapi/helpers/summary.go:60.2,60.57 1 0
github.com/muety/wakapi/helpers/summary.go:60.57,62.3 1 0
github.com/muety/wakapi/helpers/summary.go:63.2,63.46 1 0
github.com/muety/wakapi/helpers/summary.go:63.46,65.3 1 0
github.com/muety/wakapi/helpers/summary.go:66.2,66.47 1 0
github.com/muety/wakapi/helpers/summary.go:66.47,68.3 1 0
github.com/muety/wakapi/helpers/summary.go:69.2,69.47 1 0
github.com/muety/wakapi/helpers/summary.go:69.47,71.3 1 0
github.com/muety/wakapi/helpers/summary.go:72.2,72.49 1 0
github.com/muety/wakapi/helpers/summary.go:72.49,74.3 1 0
github.com/muety/wakapi/helpers/summary.go:75.2,75.16 1 0
github.com/muety/wakapi/helpers/summary.go:78.48,82.51 2 0
github.com/muety/wakapi/helpers/summary.go:82.51,84.3 1 0
github.com/muety/wakapi/helpers/summary.go:85.2,85.12 1 0
github.com/muety/wakapi/mocks/alias_repository.go:13.65,16.2 2 0
github.com/muety/wakapi/mocks/alias_repository.go:18.76,21.2 2 0
github.com/muety/wakapi/mocks/alias_repository.go:23.93,26.2 2 0
github.com/muety/wakapi/mocks/alias_repository.go:28.109,31.2 2 0
github.com/muety/wakapi/mocks/alias_repository.go:33.109,36.2 2 0
github.com/muety/wakapi/mocks/alias_repository.go:38.78,41.2 2 0
github.com/muety/wakapi/mocks/alias_repository.go:43.52,46.2 2 0
github.com/muety/wakapi/mocks/alias_repository.go:48.59,51.2 2 0
github.com/muety/wakapi/mocks/alias_service.go:12.57,15.2 2 0
github.com/muety/wakapi/mocks/alias_service.go:17.59,20.2 2 0
github.com/muety/wakapi/mocks/alias_service.go:22.92,25.2 2 0
github.com/muety/wakapi/mocks/alias_service.go:27.73,30.2 2 0
github.com/muety/wakapi/mocks/alias_service.go:32.89,35.2 2 0
github.com/muety/wakapi/mocks/alias_service.go:37.106,40.2 2 0
github.com/muety/wakapi/mocks/alias_service.go:42.75,45.2 2 0
github.com/muety/wakapi/mocks/alias_service.go:47.58,50.2 2 0
github.com/muety/wakapi/mocks/alias_service.go:52.65,55.2 2 0
github.com/muety/wakapi/mocks/base_repository.go:11.52,14.2 2 0
github.com/muety/wakapi/mocks/base_repository.go:16.73,19.2 2 0
github.com/muety/wakapi/mocks/base_repository.go:21.74,24.2 2 0
github.com/muety/wakapi/mocks/duration_repository.go:14.74,17.2 2 0
github.com/muety/wakapi/mocks/duration_repository.go:19.118,22.2 2 0
github.com/muety/wakapi/mocks/duration_repository.go:24.151,27.2 2 0
github.com/muety/wakapi/mocks/duration_repository.go:29.92,32.2 2 0
github.com/muety/wakapi/mocks/duration_repository.go:34.124,37.2 2 0
github.com/muety/wakapi/mocks/duration_repository.go:39.157,42.2 2 0
github.com/muety/wakapi/mocks/duration_repository.go:44.69,47.2 2 0
github.com/muety/wakapi/mocks/duration_repository.go:49.88,52.2 2 0
github.com/muety/wakapi/mocks/duration_service.go:13.158,16.2 2 0
github.com/muety/wakapi/mocks/duration_service.go:18.66,20.2 1 0
github.com/muety/wakapi/mocks/duration_service.go:22.48,23.2 0 0
github.com/muety/wakapi/mocks/heartbeat_service.go:14.66,17.2 2 0
github.com/muety/wakapi/mocks/heartbeat_service.go:19.73,22.2 2 0
github.com/muety/wakapi/mocks/heartbeat_service.go:24.61,27.2 2 0
github.com/muety/wakapi/mocks/heartbeat_service.go:29.78,32.2 2 0
github.com/muety/wakapi/mocks/heartbeat_service.go:34.98,37.2 2 0
github.com/muety/wakapi/mocks/heartbeat_service.go:39.126,42.2 2 0
github.com/muety/wakapi/mocks/heartbeat_service.go:44.123,47.2 2 0
github.com/muety/wakapi/mocks/heartbeat_service.go:49.160,52.2 2 0
github.com/muety/wakapi/mocks/heartbeat_service.go:54.160,57.2 2 0
github.com/muety/wakapi/mocks/heartbeat_service.go:59.80,62.2 2 0
github.com/muety/wakapi/mocks/heartbeat_service.go:64.94,67.2 2 0
github.com/muety/wakapi/mocks/heartbeat_service.go:69.113,72.2 2 0
github.com/muety/wakapi/mocks/heartbeat_service.go:74.113,77.2 2 0
github.com/muety/wakapi/mocks/heartbeat_service.go:79.91,82.2 2 0
github.com/muety/wakapi/mocks/heartbeat_service.go:84.67,87.2 2 0
github.com/muety/wakapi/mocks/heartbeat_service.go:89.67,92.2 2 0
github.com/muety/wakapi/mocks/heartbeat_service.go:94.86,97.2 2 0
github.com/muety/wakapi/mocks/heartbeat_service.go:99.146,102.2 2 0
github.com/muety/wakapi/mocks/key_value_service.go:12.83,15.2 2 0
github.com/muety/wakapi/mocks/key_value_service.go:17.78,20.2 2 0
github.com/muety/wakapi/mocks/key_value_service.go:22.87,25.2 2 0
github.com/muety/wakapi/mocks/key_value_service.go:27.73,30.2 2 0
github.com/muety/wakapi/mocks/key_value_service.go:32.60,35.2 2 0
github.com/muety/wakapi/mocks/key_value_service.go:37.69,40.2 2 0
github.com/muety/wakapi/mocks/language_mapping_service.go:12.87,15.2 2 0
github.com/muety/wakapi/mocks/language_mapping_service.go:17.93,20.2 2 0
github.com/muety/wakapi/mocks/language_mapping_service.go:22.89,25.2 2 0
github.com/muety/wakapi/mocks/language_mapping_service.go:27.105,30.2 2 0
github.com/muety/wakapi/mocks/language_mapping_service.go:32.78,35.2 2 0
github.com/muety/wakapi/mocks/project_label_service.go:12.81,15.2 2 0
github.com/muety/wakapi/mocks/project_label_service.go:17.87,20.2 2 0
github.com/muety/wakapi/mocks/project_label_service.go:22.105,25.2 2 0
github.com/muety/wakapi/mocks/project_label_service.go:27.113,30.2 2 0
github.com/muety/wakapi/mocks/project_label_service.go:32.96,35.2 2 0
github.com/muety/wakapi/mocks/project_label_service.go:37.72,40.2 2 0
github.com/muety/wakapi/mocks/summary_repository.go:14.65,17.2 2 0
github.com/muety/wakapi/mocks/summary_repository.go:19.69,22.2 2 0
github.com/muety/wakapi/mocks/summary_repository.go:24.120,27.2 2 0
github.com/muety/wakapi/mocks/summary_repository.go:29.79,32.2 2 0
github.com/muety/wakapi/mocks/summary_repository.go:34.62,37.2 2 0
github.com/muety/wakapi/mocks/summary_repository.go:39.81,42.2 2 0
github.com/muety/wakapi/mocks/summary_service.go:14.177,17.2 2 0
github.com/muety/wakapi/mocks/summary_service.go:19.144,22.2 2 0
github.com/muety/wakapi/mocks/summary_service.go:24.145,27.2 2 0
github.com/muety/wakapi/mocks/summary_service.go:29.78,32.2 2 0
github.com/muety/wakapi/mocks/summary_service.go:34.59,37.2 2 0
github.com/muety/wakapi/mocks/summary_service.go:39.78,42.2 2 0
github.com/muety/wakapi/mocks/summary_service.go:44.62,47.2 2 0
github.com/muety/wakapi/mocks/user_service.go:12.71,15.2 2 0
github.com/muety/wakapi/mocks/user_service.go:17.72,20.2 2 0
github.com/muety/wakapi/mocks/user_service.go:22.74,25.2 2 0
github.com/muety/wakapi/mocks/user_service.go:27.79,30.2 2 0
github.com/muety/wakapi/mocks/user_service.go:32.60,35.2 2 0
github.com/muety/wakapi/mocks/user_service.go:37.75,40.2 2 0
github.com/muety/wakapi/mocks/user_service.go:42.71,45.2 2 0
github.com/muety/wakapi/mocks/user_service.go:47.86,50.2 2 0
github.com/muety/wakapi/mocks/user_service.go:52.79,54.23 1 0
github.com/muety/wakapi/mocks/user_service.go:57.75,60.2 2 0
github.com/muety/wakapi/mocks/user_service.go:62.85,65.2 2 0
github.com/muety/wakapi/mocks/user_service.go:67.69,70.2 2 0
github.com/muety/wakapi/mocks/user_service.go:72.50,75.2 2 0
github.com/muety/wakapi/mocks/user_service.go:77.104,80.2 2 0
github.com/muety/wakapi/mocks/user_service.go:82.75,85.2 2 0
github.com/muety/wakapi/mocks/user_service.go:87.59,90.2 2 0
github.com/muety/wakapi/mocks/user_service.go:92.80,95.2 2 0
github.com/muety/wakapi/mocks/user_service.go:97.81,100.2 2 0
github.com/muety/wakapi/mocks/user_service.go:102.109,105.2 2 0
github.com/muety/wakapi/mocks/user_service.go:107.87,110.2 2 0
github.com/muety/wakapi/mocks/user_service.go:112.92,115.2 2 0
github.com/muety/wakapi/mocks/user_service.go:117.40,119.2 1 0
github.com/muety/wakapi/mocks/user_service.go:121.52,123.2 1 0
github.com/muety/wakapi/middlewares/custom/wakatime.go:31.60,40.2 1 0
github.com/muety/wakapi/middlewares/custom/wakatime.go:42.72,43.71 1 0
github.com/muety/wakapi/middlewares/custom/wakatime.go:43.71,45.3 1 0
github.com/muety/wakapi/middlewares/custom/wakatime.go:48.108,54.70 4 0
github.com/muety/wakapi/middlewares/custom/wakatime.go:54.70,56.3 1 0
github.com/muety/wakapi/middlewares/custom/wakatime.go:58.2,59.46 2 0
github.com/muety/wakapi/middlewares/custom/wakatime.go:59.46,61.3 1 0
github.com/muety/wakapi/middlewares/custom/wakatime.go:63.2,64.16 2 0
github.com/muety/wakapi/middlewares/custom/wakatime.go:64.16,67.3 2 0
github.com/muety/wakapi/middlewares/custom/wakatime.go:69.2,75.28 5 0
github.com/muety/wakapi/middlewares/custom/wakatime.go:75.28,77.3 1 0
github.com/muety/wakapi/middlewares/custom/wakatime.go:79.2,101.3 3 0
github.com/muety/wakapi/middlewares/custom/wakatime.go:104.119,106.16 2 0
github.com/muety/wakapi/middlewares/custom/wakatime.go:106.16,109.3 2 0
github.com/muety/wakapi/middlewares/custom/wakatime.go:111.2,111.28 1 0
github.com/muety/wakapi/middlewares/custom/wakatime.go:111.28,112.23 1 0
github.com/muety/wakapi/middlewares/custom/wakatime.go:112.23,114.4 1 0
github.com/muety/wakapi/middlewares/custom/wakatime.go:117.2,118.16 2 0
github.com/muety/wakapi/middlewares/custom/wakatime.go:118.16,121.3 2 0
github.com/muety/wakapi/middlewares/custom/wakatime.go:123.2,123.61 1 0
github.com/muety/wakapi/middlewares/custom/wakatime.go:123.61,127.57 2 0
github.com/muety/wakapi/middlewares/custom/wakatime.go:127.57,129.4 1 0
github.com/muety/wakapi/middlewares/custom/wakatime.go:130.3,130.81 1 0
github.com/muety/wakapi/middlewares/custom/wakatime.go:130.81,135.4 1 0
github.com/muety/wakapi/middlewares/custom/wakatime.go:135.9,135.23 1 0
github.com/muety/wakapi/middlewares/custom/wakatime.go:135.23,137.4 1 0
github.com/muety/wakapi/middlewares/custom/wakatime.go:145.72,147.16 2 0
github.com/muety/wakapi/middlewares/custom/wakatime.go:147.16,149.3 1 0
github.com/muety/wakapi/middlewares/custom/wakatime.go:151.2,156.94 5 0
github.com/muety/wakapi/middlewares/custom/wakatime.go:156.94,158.3 1 0
github.com/muety/wakapi/middlewares/custom/wakatime.go:160.2,162.68 2 0
github.com/muety/wakapi/middlewares/custom/wakatime.go:162.68,165.58 2 0
github.com/muety/wakapi/middlewares/custom/wakatime.go:165.58,168.4 2 0
github.com/muety/wakapi/middlewares/custom/wakatime.go:171.2,171.50 1 0
github.com/muety/wakapi/middlewares/custom/wakatime.go:171.50,172.33 1 0
github.com/muety/wakapi/middlewares/custom/wakatime.go:172.33,174.4 1 0
github.com/muety/wakapi/middlewares/custom/wakatime.go:175.8,175.32 1 0
github.com/muety/wakapi/middlewares/custom/wakatime.go:175.32,177.3 1 0
github.com/muety/wakapi/middlewares/custom/wakatime.go:179.2,179.23 1 0
github.com/muety/wakapi/middlewares/custom/wakatime.go:179.23,181.3 1 0
github.com/muety/wakapi/middlewares/custom/wakatime.go:183.2,183.37 1 0
github.com/muety/wakapi/middlewares/custom/wakatime.go:183.37,186.3 2 0
github.com/muety/wakapi/middlewares/custom/wakatime.go:188.2,189.62 2 0
github.com/muety/wakapi/middlewares/custom/wakatime.go:189.62,191.3 1 0
github.com/muety/wakapi/middlewares/custom/wakatime.go:192.2,194.12 2 0
github.com/muety/wakapi/migrations/20201103_rename_language_mappings_table.go:10.13,13.50 1 0
github.com/muety/wakapi/migrations/20201103_rename_language_mappings_table.go:13.50,18.39 4 0
github.com/muety/wakapi/migrations/20201103_rename_language_mappings_table.go:18.39,20.89 2 0
github.com/muety/wakapi/migrations/20201103_rename_language_mappings_table.go:20.89,22.6 1 0
github.com/muety/wakapi/migrations/20201103_rename_language_mappings_table.go:24.5,25.87 2 0
github.com/muety/wakapi/migrations/20201103_rename_language_mappings_table.go:27.4,27.14 1 0
github.com/muety/wakapi/migrations/20201103_rename_language_mappings_table.go:31.2,31.25 1 0
github.com/muety/wakapi/migrations/20201106_migration_cascade_constraints.go:10.13,15.50 2 0
github.com/muety/wakapi/migrations/20201106_migration_cascade_constraints.go:15.50,21.49 2 0
github.com/muety/wakapi/migrations/20201106_migration_cascade_constraints.go:21.49,27.5 2 0
github.com/muety/wakapi/migrations/20201106_migration_cascade_constraints.go:29.4,29.52 1 0
github.com/muety/wakapi/migrations/20201106_migration_cascade_constraints.go:29.52,32.5 2 0
github.com/muety/wakapi/migrations/20201106_migration_cascade_constraints.go:34.4,34.24 1 0
github.com/muety/wakapi/migrations/20201106_migration_cascade_constraints.go:34.24,36.5 1 0
github.com/muety/wakapi/migrations/20201106_migration_cascade_constraints.go:39.4,52.41 2 0
github.com/muety/wakapi/migrations/20201106_migration_cascade_constraints.go:52.41,53.44 1 0
github.com/muety/wakapi/migrations/20201106_migration_cascade_constraints.go:53.44,55.65 2 0
github.com/muety/wakapi/migrations/20201106_migration_cascade_constraints.go:55.65,57.7 1 0
github.com/muety/wakapi/migrations/20201106_migration_cascade_constraints.go:61.4,62.14 2 0
github.com/muety/wakapi/migrations/20201106_migration_cascade_constraints.go:66.2,66.25 1 0
github.com/muety/wakapi/migrations/20210202_fix_cascade_for_alias_user_constraint.go:10.13,15.50 2 0
github.com/muety/wakapi/migrations/20210202_fix_cascade_for_alias_user_constraint.go:15.50,18.49 2 0
github.com/muety/wakapi/migrations/20210202_fix_cascade_for_alias_user_constraint.go:18.49,22.5 2 0
github.com/muety/wakapi/migrations/20210202_fix_cascade_for_alias_user_constraint.go:24.4,24.52 1 0
github.com/muety/wakapi/migrations/20210202_fix_cascade_for_alias_user_constraint.go:24.52,27.5 2 0
github.com/muety/wakapi/migrations/20210202_fix_cascade_for_alias_user_constraint.go:29.4,29.24 1 0
github.com/muety/wakapi/migrations/20210202_fix_cascade_for_alias_user_constraint.go:29.24,31.5 1 0
github.com/muety/wakapi/migrations/20210202_fix_cascade_for_alias_user_constraint.go:33.4,33.66 1 0
github.com/muety/wakapi/migrations/20210202_fix_cascade_for_alias_user_constraint.go:33.66,35.87 2 0
github.com/muety/wakapi/migrations/20210202_fix_cascade_for_alias_user_constraint.go:35.87,37.6 1 0
github.com/muety/wakapi/migrations/20210202_fix_cascade_for_alias_user_constraint.go:40.4,41.14 2 0
github.com/muety/wakapi/migrations/20210202_fix_cascade_for_alias_user_constraint.go:45.2,45.25 1 0
github.com/muety/wakapi/migrations/20210206_drop_badges_column_add_sharing_flags.go:10.13,13.50 1 0
github.com/muety/wakapi/migrations/20210206_drop_badges_column_add_sharing_flags.go:13.50,16.61 2 0
github.com/muety/wakapi/migrations/20210206_drop_badges_column_add_sharing_flags.go:16.61,19.5 1 0
github.com/muety/wakapi/migrations/20210206_drop_badges_column_add_sharing_flags.go:21.4,21.113 1 0
github.com/muety/wakapi/migrations/20210206_drop_badges_column_add_sharing_flags.go:21.113,23.5 1 0
github.com/muety/wakapi/migrations/20210206_drop_badges_column_add_sharing_flags.go:24.4,24.109 1 0
github.com/muety/wakapi/migrations/20210206_drop_badges_column_add_sharing_flags.go:24.109,26.5 1 0
github.com/muety/wakapi/migrations/20210206_drop_badges_column_add_sharing_flags.go:27.4,27.111 1 0
github.com/muety/wakapi/migrations/20210206_drop_badges_column_add_sharing_flags.go:27.111,29.5 1 0
github.com/muety/wakapi/migrations/20210206_drop_badges_column_add_sharing_flags.go:30.4,30.110 1 0
github.com/muety/wakapi/migrations/20210206_drop_badges_column_add_sharing_flags.go:30.110,32.5 1 0
github.com/muety/wakapi/migrations/20210206_drop_badges_column_add_sharing_flags.go:33.4,33.105 1 0
github.com/muety/wakapi/migrations/20210206_drop_badges_column_add_sharing_flags.go:33.105,35.5 1 0
github.com/muety/wakapi/migrations/20210206_drop_badges_column_add_sharing_flags.go:36.4,36.110 1 0
github.com/muety/wakapi/migrations/20210206_drop_badges_column_add_sharing_flags.go:36.110,38.5 1 0
github.com/muety/wakapi/migrations/20210206_drop_badges_column_add_sharing_flags.go:40.4,40.49 1 0
github.com/muety/wakapi/migrations/20210206_drop_badges_column_add_sharing_flags.go:40.49,43.5 2 0
github.com/muety/wakapi/migrations/20210206_drop_badges_column_add_sharing_flags.go:45.4,45.80 1 0
github.com/muety/wakapi/migrations/20210206_drop_badges_column_add_sharing_flags.go:45.80,47.5 1 0
github.com/muety/wakapi/migrations/20210206_drop_badges_column_add_sharing_flags.go:48.4,50.14 2 0
github.com/muety/wakapi/migrations/20210206_drop_badges_column_add_sharing_flags.go:54.2,54.26 1 0
github.com/muety/wakapi/migrations/20210213_add_has_data_field.go:8.13,12.50 2 0
github.com/muety/wakapi/migrations/20210213_add_has_data_field.go:12.50,13.24 1 0
github.com/muety/wakapi/migrations/20210213_add_has_data_field.go:13.24,15.5 1 0
github.com/muety/wakapi/migrations/20210213_add_has_data_field.go:17.4,19.24 2 0
github.com/muety/wakapi/migrations/20210213_add_has_data_field.go:19.24,21.5 1 0
github.com/muety/wakapi/migrations/20210213_add_has_data_field.go:23.4,23.51 1 0
github.com/muety/wakapi/migrations/20210213_add_has_data_field.go:23.51,25.5 1 0
github.com/muety/wakapi/migrations/20210213_add_has_data_field.go:27.4,28.14 2 0
github.com/muety/wakapi/migrations/20210213_add_has_data_field.go:32.2,32.26 1 0
github.com/muety/wakapi/migrations/20210221_add_created_date_column.go:8.13,12.50 2 0
github.com/muety/wakapi/migrations/20210221_add_created_date_column.go:12.50,13.24 1 0
github.com/muety/wakapi/migrations/20210221_add_created_date_column.go:13.24,15.5 1 0
github.com/muety/wakapi/migrations/20210221_add_created_date_column.go:17.4,17.83 1 0
github.com/muety/wakapi/migrations/20210221_add_created_date_column.go:17.83,19.5 1 0
github.com/muety/wakapi/migrations/20210221_add_created_date_column.go:21.4,22.14 2 0
github.com/muety/wakapi/migrations/20210221_add_created_date_column.go:26.2,26.26 1 0
github.com/muety/wakapi/migrations/20210411_add_imprint_content.go:11.13,15.50 2 0
github.com/muety/wakapi/migrations/20210411_add_imprint_content.go:15.50,16.24 1 0
github.com/muety/wakapi/migrations/20210411_add_imprint_content.go:16.24,18.5 1 0
github.com/muety/wakapi/migrations/20210411_add_imprint_content.go:20.4,27.41 3 0
github.com/muety/wakapi/migrations/20210411_add_imprint_content.go:27.41,29.5 1 0
github.com/muety/wakapi/migrations/20210411_add_imprint_content.go:31.4,32.14 2 0
github.com/muety/wakapi/migrations/20210411_add_imprint_content.go:36.2,36.26 1 0
github.com/muety/wakapi/migrations/20210411_drop_migrations_table.go:9.13,13.50 2 0
github.com/muety/wakapi/migrations/20210411_drop_migrations_table.go:13.50,14.69 1 0
github.com/muety/wakapi/migrations/20210411_drop_migrations_table.go:14.69,16.5 1 0
github.com/muety/wakapi/migrations/20210411_drop_migrations_table.go:17.4,17.14 1 0
github.com/muety/wakapi/migrations/20210411_drop_migrations_table.go:21.2,21.26 1 0
github.com/muety/wakapi/migrations/20210806_remove_persisted_project_labels.go:11.13,15.50 2 0
github.com/muety/wakapi/migrations/20210806_remove_persisted_project_labels.go:15.50,16.24 1 0
github.com/muety/wakapi/migrations/20210806_remove_persisted_project_labels.go:16.24,18.5 1 0
github.com/muety/wakapi/migrations/20210806_remove_persisted_project_labels.go:20.4,21.18 2 0
github.com/muety/wakapi/migrations/20210806_remove_persisted_project_labels.go:21.18,24.5 2 0
github.com/muety/wakapi/migrations/20210806_remove_persisted_project_labels.go:25.4,25.119 1 0
github.com/muety/wakapi/migrations/20210806_remove_persisted_project_labels.go:25.119,28.5 2 0
github.com/muety/wakapi/migrations/20210806_remove_persisted_project_labels.go:29.4,32.14 3 0
github.com/muety/wakapi/migrations/20210806_remove_persisted_project_labels.go:36.2,36.26 1 0
github.com/muety/wakapi/migrations/20211215_migrate_id_to_bigint.go:9.13,13.50 2 0
github.com/muety/wakapi/migrations/20211215_migrate_id_to_bigint.go:13.50,14.24 1 0
github.com/muety/wakapi/migrations/20211215_migrate_id_to_bigint.go:14.24,16.5 1 0
github.com/muety/wakapi/migrations/20211215_migrate_id_to_bigint.go:18.4,20.24 2 0
github.com/muety/wakapi/migrations/20211215_migrate_id_to_bigint.go:20.24,22.115 2 0
github.com/muety/wakapi/migrations/20211215_migrate_id_to_bigint.go:22.115,24.6 1 0
github.com/muety/wakapi/migrations/20211215_migrate_id_to_bigint.go:25.5,25.118 1 0
github.com/muety/wakapi/migrations/20211215_migrate_id_to_bigint.go:25.118,27.6 1 0
github.com/muety/wakapi/migrations/20211215_migrate_id_to_bigint.go:28.5,28.16 1 0
github.com/muety/wakapi/migrations/20211215_migrate_id_to_bigint.go:29.10,29.34 1 0
github.com/muety/wakapi/migrations/20211215_migrate_id_to_bigint.go:29.34,33.95 2 0
github.com/muety/wakapi/migrations/20211215_migrate_id_to_bigint.go:33.95,35.6 1 0
github.com/muety/wakapi/migrations/20211215_migrate_id_to_bigint.go:36.5,36.98 1 0
github.com/muety/wakapi/migrations/20211215_migrate_id_to_bigint.go:36.98,38.6 1 0
github.com/muety/wakapi/migrations/20211215_migrate_id_to_bigint.go:39.5,39.16 1 0
github.com/muety/wakapi/migrations/20211215_migrate_id_to_bigint.go:40.10,44.5 1 0
github.com/muety/wakapi/migrations/20211215_migrate_id_to_bigint.go:46.4,47.14 2 0
github.com/muety/wakapi/migrations/20211215_migrate_id_to_bigint.go:51.2,51.26 1 0
github.com/muety/wakapi/migrations/20212212_total_summary_heartbeats.go:11.13,15.50 2 0
github.com/muety/wakapi/migrations/20212212_total_summary_heartbeats.go:15.50,16.24 1 0
github.com/muety/wakapi/migrations/20212212_total_summary_heartbeats.go:16.24,18.5 1 0
github.com/muety/wakapi/migrations/20212212_total_summary_heartbeats.go:20.4,27.40 3 0
github.com/muety/wakapi/migrations/20212212_total_summary_heartbeats.go:27.40,29.5 1 0
github.com/muety/wakapi/migrations/20212212_total_summary_heartbeats.go:31.4,32.32 2 0
github.com/muety/wakapi/migrations/20212212_total_summary_heartbeats.go:32.32,35.5 2 0
github.com/muety/wakapi/migrations/20212212_total_summary_heartbeats.go:36.4,36.44 1 0
github.com/muety/wakapi/migrations/20212212_total_summary_heartbeats.go:36.44,40.5 3 0
github.com/muety/wakapi/migrations/20212212_total_summary_heartbeats.go:42.4,43.14 2 0
github.com/muety/wakapi/migrations/20212212_total_summary_heartbeats.go:47.2,47.26 1 0
github.com/muety/wakapi/migrations/20220317_align_num_heartbeats.go:10.13,14.50 2 0
github.com/muety/wakapi/migrations/20220317_align_num_heartbeats.go:14.50,15.24 1 0
github.com/muety/wakapi/migrations/20220317_align_num_heartbeats.go:15.24,17.5 1 0
github.com/muety/wakapi/migrations/20220317_align_num_heartbeats.go:19.4,27.40 3 0
github.com/muety/wakapi/migrations/20220317_align_num_heartbeats.go:27.40,29.5 1 0
github.com/muety/wakapi/migrations/20220317_align_num_heartbeats.go:32.4,44.39 2 0
github.com/muety/wakapi/migrations/20220317_align_num_heartbeats.go:44.39,46.5 1 0
github.com/muety/wakapi/migrations/20220317_align_num_heartbeats.go:48.4,51.14 3 0
github.com/muety/wakapi/migrations/20220317_align_num_heartbeats.go:55.2,55.26 1 0
github.com/muety/wakapi/migrations/20220318_mysql_timestamp_precision.go:9.13,13.50 2 0
github.com/muety/wakapi/migrations/20220318_mysql_timestamp_precision.go:13.50,14.24 1 0
github.com/muety/wakapi/migrations/20220318_mysql_timestamp_precision.go:14.24,16.5 1 0
github.com/muety/wakapi/migrations/20220318_mysql_timestamp_precision.go:18.4,18.24 1 0
github.com/muety/wakapi/migrations/20220318_mysql_timestamp_precision.go:18.24,23.110 4 0
github.com/muety/wakapi/migrations/20220318_mysql_timestamp_precision.go:23.110,25.6 1 0
github.com/muety/wakapi/migrations/20220318_mysql_timestamp_precision.go:26.5,26.116 1 0
github.com/muety/wakapi/migrations/20220318_mysql_timestamp_precision.go:26.116,28.6 1 0
github.com/muety/wakapi/migrations/20220318_mysql_timestamp_precision.go:29.5,32.69 3 0
github.com/muety/wakapi/migrations/20220318_mysql_timestamp_precision.go:35.4,36.14 2 0
github.com/muety/wakapi/migrations/20220318_mysql_timestamp_precision.go:40.2,40.26 1 0
github.com/muety/wakapi/migrations/202203191_drop_diagnostics_user.go:10.13,14.50 2 0
github.com/muety/wakapi/migrations/202203191_drop_diagnostics_user.go:14.50,15.24 1 0
github.com/muety/wakapi/migrations/202203191_drop_diagnostics_user.go:15.24,17.5 1 0
github.com/muety/wakapi/migrations/202203191_drop_diagnostics_user.go:19.4,21.60 2 0
github.com/muety/wakapi/migrations/202203191_drop_diagnostics_user.go:21.60,24.97 2 0
github.com/muety/wakapi/migrations/202203191_drop_diagnostics_user.go:24.97,26.6 1 0
github.com/muety/wakapi/migrations/202203191_drop_diagnostics_user.go:28.5,28.81 1 0
github.com/muety/wakapi/migrations/202203191_drop_diagnostics_user.go:28.81,30.6 1 0
github.com/muety/wakapi/migrations/202203191_drop_diagnostics_user.go:33.4,34.14 2 0
github.com/muety/wakapi/migrations/202203191_drop_diagnostics_user.go:38.2,38.26 1 0
github.com/muety/wakapi/migrations/20220403_drop_user_project_idx.go:16.13,22.50 3 0
github.com/muety/wakapi/migrations/20220403_drop_user_project_idx.go:22.50,23.77 1 0
github.com/muety/wakapi/migrations/20220403_drop_user_project_idx.go:23.77,25.5 1 0
github.com/muety/wakapi/migrations/20220403_drop_user_project_idx.go:27.4,27.81 1 0
github.com/muety/wakapi/migrations/20220403_drop_user_project_idx.go:27.81,29.81 2 0
github.com/muety/wakapi/migrations/20220403_drop_user_project_idx.go:29.81,31.6 1 0
github.com/muety/wakapi/migrations/20220403_drop_user_project_idx.go:34.4,35.14 2 0
github.com/muety/wakapi/migrations/20220403_drop_user_project_idx.go:39.2,39.25 1 0
github.com/muety/wakapi/migrations/20220930_drop_heartbeats_entity_idx.go:9.13,15.50 3 0
github.com/muety/wakapi/migrations/20220930_drop_heartbeats_entity_idx.go:15.50,16.109 1 0
github.com/muety/wakapi/migrations/20220930_drop_heartbeats_entity_idx.go:16.109,18.5 1 0
github.com/muety/wakapi/migrations/20220930_drop_heartbeats_entity_idx.go:19.4,19.64 1 0
github.com/muety/wakapi/migrations/20220930_drop_heartbeats_entity_idx.go:23.2,23.25 1 0
github.com/muety/wakapi/migrations/20221002_fix_summary_id_types.go:12.13,17.50 2 0
github.com/muety/wakapi/migrations/20221002_fix_summary_id_types.go:17.50,18.48 1 0
github.com/muety/wakapi/migrations/20221002_fix_summary_id_types.go:18.48,20.5 1 0
github.com/muety/wakapi/migrations/20221002_fix_summary_id_types.go:22.4,22.100 1 0
github.com/muety/wakapi/migrations/20221002_fix_summary_id_types.go:22.100,24.5 1 0
github.com/muety/wakapi/migrations/20221002_fix_summary_id_types.go:26.4,33.42 2 0
github.com/muety/wakapi/migrations/20221002_fix_summary_id_types.go:33.42,35.5 1 0
github.com/muety/wakapi/migrations/20221002_fix_summary_id_types.go:37.4,37.45 1 0
github.com/muety/wakapi/migrations/20221002_fix_summary_id_types.go:37.45,38.83 1 0
github.com/muety/wakapi/migrations/20221002_fix_summary_id_types.go:38.83,39.104 1 0
github.com/muety/wakapi/migrations/20221002_fix_summary_id_types.go:39.104,41.7 1 0
github.com/muety/wakapi/migrations/20221002_fix_summary_id_types.go:43.5,43.85 1 0
github.com/muety/wakapi/migrations/20221002_fix_summary_id_types.go:43.85,44.106 1 0
github.com/muety/wakapi/migrations/20221002_fix_summary_id_types.go:44.106,46.7 1 0
github.com/muety/wakapi/migrations/20221002_fix_summary_id_types.go:48.5,48.84 1 0
github.com/muety/wakapi/migrations/20221002_fix_summary_id_types.go:48.84,49.105 1 0
github.com/muety/wakapi/migrations/20221002_fix_summary_id_types.go:49.105,51.7 1 0
github.com/muety/wakapi/migrations/20221002_fix_summary_id_types.go:53.5,53.93 1 0
github.com/muety/wakapi/migrations/20221002_fix_summary_id_types.go:53.93,54.114 1 0
github.com/muety/wakapi/migrations/20221002_fix_summary_id_types.go:54.114,56.7 1 0
github.com/muety/wakapi/migrations/20221002_fix_summary_id_types.go:58.5,58.84 1 0
github.com/muety/wakapi/migrations/20221002_fix_summary_id_types.go:58.84,59.105 1 0
github.com/muety/wakapi/migrations/20221002_fix_summary_id_types.go:59.105,61.7 1 0
github.com/muety/wakapi/migrations/20221002_fix_summary_id_types.go:64.5,64.87 1 0
github.com/muety/wakapi/migrations/20221002_fix_summary_id_types.go:64.87,65.108 1 0
github.com/muety/wakapi/migrations/20221002_fix_summary_id_types.go:65.108,67.7 1 0
github.com/muety/wakapi/migrations/20221002_fix_summary_id_types.go:69.5,69.82 1 0
github.com/muety/wakapi/migrations/20221002_fix_summary_id_types.go:69.82,70.103 1 0
github.com/muety/wakapi/migrations/20221002_fix_summary_id_types.go:70.103,72.7 1 0
github.com/muety/wakapi/migrations/20221002_fix_summary_id_types.go:75.5,75.78 1 0
github.com/muety/wakapi/migrations/20221002_fix_summary_id_types.go:75.78,77.6 1 0
github.com/muety/wakapi/migrations/20221002_fix_summary_id_types.go:78.5,78.90 1 0
github.com/muety/wakapi/migrations/20221002_fix_summary_id_types.go:78.90,80.6 1 0
github.com/muety/wakapi/migrations/20221002_fix_summary_id_types.go:83.4,83.14 1 0
github.com/muety/wakapi/migrations/20221002_fix_summary_id_types.go:87.2,87.25 1 0
github.com/muety/wakapi/migrations/20221016_drop_rank_column.go:10.13,14.50 2 0
github.com/muety/wakapi/migrations/20221016_drop_rank_column.go:14.50,15.24 1 0
github.com/muety/wakapi/migrations/20221016_drop_rank_column.go:15.24,17.5 1 0
github.com/muety/wakapi/migrations/20221016_drop_rank_column.go:19.4,21.109 2 0
github.com/muety/wakapi/migrations/20221016_drop_rank_column.go:21.109,24.82 2 0
github.com/muety/wakapi/migrations/20221016_drop_rank_column.go:24.82,26.6 1 0
github.com/muety/wakapi/migrations/20221016_drop_rank_column.go:29.4,30.14 2 0
github.com/muety/wakapi/migrations/20221016_drop_rank_column.go:34.2,34.26 1 0
github.com/muety/wakapi/migrations/20221028_fix_heartbeats_time_user_idx.go:15.13,19.50 2 0
github.com/muety/wakapi/migrations/20221028_fix_heartbeats_time_user_idx.go:19.50,22.47 2 0
github.com/muety/wakapi/migrations/20221028_fix_heartbeats_time_user_idx.go:22.47,24.5 1 0
github.com/muety/wakapi/migrations/20221028_fix_heartbeats_time_user_idx.go:26.4,27.24 2 0
github.com/muety/wakapi/migrations/20221028_fix_heartbeats_time_user_idx.go:27.24,31.5 1 0
github.com/muety/wakapi/migrations/20221028_fix_heartbeats_time_user_idx.go:32.4,32.25 1 0
github.com/muety/wakapi/migrations/20221028_fix_heartbeats_time_user_idx.go:32.25,41.35 2 0
github.com/muety/wakapi/migrations/20221028_fix_heartbeats_time_user_idx.go:41.35,43.6 1 0
github.com/muety/wakapi/migrations/20221028_fix_heartbeats_time_user_idx.go:45.5,46.116 2 0
github.com/muety/wakapi/migrations/20221028_fix_heartbeats_time_user_idx.go:46.116,48.6 1 0
github.com/muety/wakapi/migrations/20221028_fix_heartbeats_time_user_idx.go:49.10,51.19 2 0
github.com/muety/wakapi/migrations/20221028_fix_heartbeats_time_user_idx.go:51.19,53.6 1 0
github.com/muety/wakapi/migrations/20221028_fix_heartbeats_time_user_idx.go:55.5,55.33 1 0
github.com/muety/wakapi/migrations/20221028_fix_heartbeats_time_user_idx.go:55.33,56.97 1 0
github.com/muety/wakapi/migrations/20221028_fix_heartbeats_time_user_idx.go:56.97,58.12 2 0
github.com/muety/wakapi/migrations/20221028_fix_heartbeats_time_user_idx.go:63.4,63.13 1 0
github.com/muety/wakapi/migrations/20221028_fix_heartbeats_time_user_idx.go:63.13,65.5 1 0
github.com/muety/wakapi/migrations/20221028_fix_heartbeats_time_user_idx.go:67.4,67.83 1 0
github.com/muety/wakapi/migrations/20221028_fix_heartbeats_time_user_idx.go:67.83,69.5 1 0
github.com/muety/wakapi/migrations/20221028_fix_heartbeats_time_user_idx.go:70.4,72.14 2 0
github.com/muety/wakapi/migrations/20221028_fix_heartbeats_time_user_idx.go:76.2,76.25 1 0
github.com/muety/wakapi/migrations/20230219_add_astro_language.go:9.13,13.50 2 0
github.com/muety/wakapi/migrations/20230219_add_astro_language.go:13.50,14.24 1 0
github.com/muety/wakapi/migrations/20230219_add_astro_language.go:14.24,16.5 1 0
github.com/muety/wakapi/migrations/20230219_add_astro_language.go:18.4,20.130 2 0
github.com/muety/wakapi/migrations/20230219_add_astro_language.go:20.130,22.5 1 0
github.com/muety/wakapi/migrations/20230219_add_astro_language.go:24.4,25.14 2 0
github.com/muety/wakapi/migrations/20230219_add_astro_language.go:29.2,29.26 1 0
github.com/muety/wakapi/migrations/20230219_add_subscription_renewal.go:10.13,14.50 2 0
github.com/muety/wakapi/migrations/20230219_add_subscription_renewal.go:14.50,15.24 1 0
github.com/muety/wakapi/migrations/20230219_add_subscription_renewal.go:15.24,17.5 1 0
github.com/muety/wakapi/migrations/20230219_add_subscription_renewal.go:19.4,21.66 2 0
github.com/muety/wakapi/migrations/20230219_add_subscription_renewal.go:21.66,24.136 2 0
github.com/muety/wakapi/migrations/20230219_add_subscription_renewal.go:24.136,26.6 1 0
github.com/muety/wakapi/migrations/20230219_add_subscription_renewal.go:29.4,30.14 2 0
github.com/muety/wakapi/migrations/20230219_add_subscription_renewal.go:34.2,34.26 1 0
github.com/muety/wakapi/migrations/20231023_fill_last_branch.go:11.13,15.50 2 0
github.com/muety/wakapi/migrations/20231023_fill_last_branch.go:15.50,16.24 1 0
github.com/muety/wakapi/migrations/20231023_fill_last_branch.go:16.24,18.5 1 0
github.com/muety/wakapi/migrations/20231023_fill_last_branch.go:20.4,21.105 2 0
github.com/muety/wakapi/migrations/20231023_fill_last_branch.go:21.105,23.5 1 0
github.com/muety/wakapi/migrations/20231023_fill_last_branch.go:25.4,28.33 2 0
github.com/muety/wakapi/migrations/20231023_fill_last_branch.go:28.33,30.22 2 0
github.com/muety/wakapi/migrations/20231023_fill_last_branch.go:30.22,37.40 2 0
github.com/muety/wakapi/migrations/20231023_fill_last_branch.go:37.40,39.7 1 0
github.com/muety/wakapi/migrations/20231023_fill_last_branch.go:40.6,43.38 1 0
github.com/muety/wakapi/migrations/20231023_fill_last_branch.go:47.4,50.14 3 0
github.com/muety/wakapi/migrations/20231023_fill_last_branch.go:54.2,54.26 1 0
github.com/muety/wakapi/migrations/20241220_share_activity_chart_flag.go:9.13,13.56 2 0
github.com/muety/wakapi/migrations/20241220_share_activity_chart_flag.go:13.56,14.33 1 0
github.com/muety/wakapi/migrations/20241220_share_activity_chart_flag.go:14.33,16.14 1 0
github.com/muety/wakapi/migrations/20241220_share_activity_chart_flag.go:18.13,25.23 3 0
github.com/muety/wakapi/migrations/20241220_share_activity_chart_flag.go:29.5,29.29 1 0
github.com/muety/wakapi/migrations/20250219_update_heartbeats_timeout.go:9.13,13.50 2 0
github.com/muety/wakapi/migrations/20250219_update_heartbeats_timeout.go:13.50,14.24 1 0
github.com/muety/wakapi/migrations/20250219_update_heartbeats_timeout.go:14.24,16.5 1 0
github.com/muety/wakapi/migrations/20250219_update_heartbeats_timeout.go:18.4,39.14 9 0
github.com/muety/wakapi/migrations/20250219_update_heartbeats_timeout.go:43.2,43.26 1 0
github.com/muety/wakapi/migrations/20250313_fix_browsing_category.go:9.13,14.50 2 0
github.com/muety/wakapi/migrations/20250313_fix_browsing_category.go:14.50,15.24 1 0
github.com/muety/wakapi/migrations/20250313_fix_browsing_category.go:15.24,17.5 1 0
github.com/muety/wakapi/migrations/20250313_fix_browsing_category.go:19.4,28.14 3 0
github.com/muety/wakapi/migrations/20250313_fix_browsing_category.go:32.2,32.26 1 0
github.com/muety/wakapi/migrations/migrations.go:28.61,29.24 1 0
github.com/muety/wakapi/migrations/migrations.go:30.10,31.34 1 0
github.com/muety/wakapi/migrations/migrations.go:31.34,32.92 1 0
github.com/muety/wakapi/migrations/migrations.go:32.92,34.5 1 0
github.com/muety/wakapi/migrations/migrations.go:35.4,35.102 1 0
github.com/muety/wakapi/migrations/migrations.go:35.102,37.5 1 0
github.com/muety/wakapi/migrations/migrations.go:38.4,38.93 1 0
github.com/muety/wakapi/migrations/migrations.go:38.93,40.5 1 0
github.com/muety/wakapi/migrations/migrations.go:41.4,41.97 1 0
github.com/muety/wakapi/migrations/migrations.go:41.97,43.5 1 0
github.com/muety/wakapi/migrations/migrations.go:44.4,44.95 1 0
github.com/muety/wakapi/migrations/migrations.go:44.95,46.5 1 0
github.com/muety/wakapi/migrations/migrations.go:47.4,47.99 1 0
github.com/muety/wakapi/migrations/migrations.go:47.99,49.5 1 0
github.com/muety/wakapi/migrations/migrations.go:50.4,50.103 1 0
github.com/muety/wakapi/migrations/migrations.go:50.103,52.5 1 0
github.com/muety/wakapi/migrations/migrations.go:53.4,53.100 1 0
github.com/muety/wakapi/migrations/migrations.go:53.100,55.5 1 0
github.com/muety/wakapi/migrations/migrations.go:56.4,56.99 1 0
github.com/muety/wakapi/migrations/migrations.go:56.99,58.5 1 0
github.com/muety/wakapi/migrations/migrations.go:59.4,59.103 1 0
github.com/muety/wakapi/migrations/migrations.go:59.103,61.5 1 0
github.com/muety/wakapi/migrations/migrations.go:62.4,62.96 1 0
github.com/muety/wakapi/migrations/migrations.go:62.96,64.5 1 0
github.com/muety/wakapi/migrations/migrations.go:65.4,65.14 1 0
github.com/muety/wakapi/migrations/migrations.go:70.44,72.2 1 0
github.com/muety/wakapi/migrations/migrations.go:74.45,76.2 1 0
github.com/muety/wakapi/migrations/migrations.go:78.43,82.2 3 0
github.com/muety/wakapi/migrations/migrations.go:84.59,85.50 1 0
github.com/muety/wakapi/migrations/migrations.go:85.50,87.3 1 0
github.com/muety/wakapi/migrations/migrations.go:90.56,93.34 2 0
github.com/muety/wakapi/migrations/migrations.go:93.34,95.38 2 0
github.com/muety/wakapi/migrations/migrations.go:95.38,97.4 1 0
github.com/muety/wakapi/migrations/migrations.go:101.57,104.35 2 0
github.com/muety/wakapi/migrations/migrations.go:104.35,107.32 2 0
github.com/muety/wakapi/migrations/migrations.go:107.32,108.39 1 0
github.com/muety/wakapi/migrations/migrations.go:108.39,110.5 1 0
github.com/muety/wakapi/migrations/migrations.go:113.3,113.19 1 0
github.com/muety/wakapi/migrations/migrations.go:113.19,115.4 1 0
github.com/muety/wakapi/migrations/migrations.go:115.9,117.4 1 0
github.com/muety/wakapi/migrations/migrations.go:121.35,123.2 1 0
github.com/muety/wakapi/migrations/migrations.go:125.45,127.2 1 0
github.com/muety/wakapi/migrations/migrations.go:129.40,131.2 1 0
github.com/muety/wakapi/migrations/shared.go:10.44,14.64 3 0
github.com/muety/wakapi/migrations/shared.go:14.64,17.3 2 0
github.com/muety/wakapi/migrations/shared.go:18.2,18.14 1 0
github.com/muety/wakapi/migrations/shared.go:21.42,25.23 1 0
github.com/muety/wakapi/migrations/shared.go:25.23,27.3 1 0
github.com/muety/wakapi/models/compat/wakatime/v1/all_time.go:30.64,47.2 3 0
github.com/muety/wakapi/models/compat/wakatime/v1/heartbeat.go:53.72,55.36 2 0
github.com/muety/wakapi/models/compat/wakatime/v1/heartbeat.go:55.36,77.3 2 0
github.com/muety/wakapi/models/compat/wakatime/v1/heartbeat.go:78.2,78.12 1 0
github.com/muety/wakapi/models/compat/wakatime/v1/stats.go:41.85,56.17 4 0
github.com/muety/wakapi/models/compat/wakatime/v1/stats.go:56.17,59.3 2 0
github.com/muety/wakapi/models/compat/wakatime/v1/stats.go:60.2,60.71 1 0
github.com/muety/wakapi/models/compat/wakatime/v1/stats.go:60.71,62.3 1 0
github.com/muety/wakapi/models/compat/wakatime/v1/stats.go:64.2,65.36 2 0
github.com/muety/wakapi/models/compat/wakatime/v1/stats.go:65.36,67.3 1 0
github.com/muety/wakapi/models/compat/wakatime/v1/stats.go:69.2,70.38 2 0
github.com/muety/wakapi/models/compat/wakatime/v1/stats.go:70.38,72.3 1 0
github.com/muety/wakapi/models/compat/wakatime/v1/stats.go:74.2,75.37 2 0
github.com/muety/wakapi/models/compat/wakatime/v1/stats.go:75.37,77.3 1 0
github.com/muety/wakapi/models/compat/wakatime/v1/stats.go:79.2,80.37 2 0
github.com/muety/wakapi/models/compat/wakatime/v1/stats.go:80.37,82.3 1 0
github.com/muety/wakapi/models/compat/wakatime/v1/stats.go:84.2,85.45 2 0
github.com/muety/wakapi/models/compat/wakatime/v1/stats.go:85.45,87.3 1 0
github.com/muety/wakapi/models/compat/wakatime/v1/stats.go:89.2,90.37 2 0
github.com/muety/wakapi/models/compat/wakatime/v1/stats.go:90.37,92.3 1 0
github.com/muety/wakapi/models/compat/wakatime/v1/stats.go:94.2,95.39 2 0
github.com/muety/wakapi/models/compat/wakatime/v1/stats.go:95.39,97.3 1 0
github.com/muety/wakapi/models/compat/wakatime/v1/stats.go:101.2,109.29 8 0
github.com/muety/wakapi/models/compat/wakatime/v1/stats.go:109.29,111.3 1 0
github.com/muety/wakapi/models/compat/wakatime/v1/stats.go:113.2,115.3 1 0
github.com/muety/wakapi/models/compat/wakatime/v1/summaries.go:86.55,88.44 2 0
github.com/muety/wakapi/models/compat/wakatime/v1/summaries.go:88.44,94.3 1 0
github.com/muety/wakapi/models/compat/wakatime/v1/summaries.go:95.2,95.34 1 0
github.com/muety/wakapi/models/compat/wakatime/v1/summaries.go:98.72,102.30 3 0
github.com/muety/wakapi/models/compat/wakatime/v1/summaries.go:102.30,105.37 2 0
github.com/muety/wakapi/models/compat/wakatime/v1/summaries.go:105.37,107.4 1 0
github.com/muety/wakapi/models/compat/wakatime/v1/summaries.go:108.3,108.34 1 0
github.com/muety/wakapi/models/compat/wakatime/v1/summaries.go:108.34,110.4 1 0
github.com/muety/wakapi/models/compat/wakatime/v1/summaries.go:113.2,115.30 3 0
github.com/muety/wakapi/models/compat/wakatime/v1/summaries.go:115.30,119.3 3 0
github.com/muety/wakapi/models/compat/wakatime/v1/summaries.go:121.2,145.3 5 0
github.com/muety/wakapi/models/compat/wakatime/v1/summaries.go:148.52,182.67 7 0
github.com/muety/wakapi/models/compat/wakatime/v1/summaries.go:182.67,184.32 2 0
github.com/muety/wakapi/models/compat/wakatime/v1/summaries.go:184.32,186.4 1 0
github.com/muety/wakapi/models/compat/wakatime/v1/summaries.go:189.2,190.67 2 0
github.com/muety/wakapi/models/compat/wakatime/v1/summaries.go:190.67,192.31 2 0
github.com/muety/wakapi/models/compat/wakatime/v1/summaries.go:192.31,194.4 1 0
github.com/muety/wakapi/models/compat/wakatime/v1/summaries.go:197.2,198.67 2 0
github.com/muety/wakapi/models/compat/wakatime/v1/summaries.go:198.67,200.33 2 0
github.com/muety/wakapi/models/compat/wakatime/v1/summaries.go:200.33,202.4 1 0
github.com/muety/wakapi/models/compat/wakatime/v1/summaries.go:205.2,206.67 2 0
github.com/muety/wakapi/models/compat/wakatime/v1/summaries.go:206.67,208.40 2 0
github.com/muety/wakapi/models/compat/wakatime/v1/summaries.go:208.40,210.4 1 0
github.com/muety/wakapi/models/compat/wakatime/v1/summaries.go:213.2,214.67 2 0
github.com/muety/wakapi/models/compat/wakatime/v1/summaries.go:214.67,216.32 2 0
github.com/muety/wakapi/models/compat/wakatime/v1/summaries.go:216.32,218.4 1 0
github.com/muety/wakapi/models/compat/wakatime/v1/summaries.go:221.2,222.67 2 0
github.com/muety/wakapi/models/compat/wakatime/v1/summaries.go:222.67,224.32 2 0
github.com/muety/wakapi/models/compat/wakatime/v1/summaries.go:224.32,226.4 1 0
github.com/muety/wakapi/models/compat/wakatime/v1/summaries.go:229.2,230.67 2 0
github.com/muety/wakapi/models/compat/wakatime/v1/summaries.go:230.67,232.32 2 0
github.com/muety/wakapi/models/compat/wakatime/v1/summaries.go:232.32,234.4 1 0
github.com/muety/wakapi/models/compat/wakatime/v1/summaries.go:237.2,238.67 2 0
github.com/muety/wakapi/models/compat/wakatime/v1/summaries.go:238.67,240.34 2 0
github.com/muety/wakapi/models/compat/wakatime/v1/summaries.go:240.34,242.4 1 0
github.com/muety/wakapi/models/compat/wakatime/v1/summaries.go:245.2,245.23 1 0
github.com/muety/wakapi/models/compat/wakatime/v1/summaries.go:245.23,247.3 1 0
github.com/muety/wakapi/models/compat/wakatime/v1/summaries.go:248.2,248.23 1 0
github.com/muety/wakapi/models/compat/wakatime/v1/summaries.go:248.23,250.3 1 0
github.com/muety/wakapi/models/compat/wakatime/v1/summaries.go:252.2,253.13 2 0
github.com/muety/wakapi/models/compat/wakatime/v1/summaries.go:256.85,262.57 6 0
github.com/muety/wakapi/models/compat/wakatime/v1/summaries.go:262.57,264.3 1 0
github.com/muety/wakapi/models/compat/wakatime/v1/summaries.go:266.2,275.3 1 0
github.com/muety/wakapi/models/compat/wakatime/v1/user.go:38.43,41.25 3 0
github.com/muety/wakapi/models/compat/wakatime/v1/user.go:41.25,43.3 1 0
github.com/muety/wakapi/models/compat/wakatime/v1/user.go:45.2,47.43 2 0
github.com/muety/wakapi/models/compat/wakatime/v1/user.go:47.43,49.3 1 0
github.com/muety/wakapi/models/compat/wakatime/v1/user.go:51.2,60.3 1 0
github.com/muety/wakapi/models/compat/wakatime/v1/user.go:63.63,68.2 4 0
github.com/muety/wakapi/models/compat/shields/v1/badge.go:22.59,29.2 1 0
github.com/muety/wakapi/middlewares/authenticate.go:36.91,43.2 1 1
github.com/muety/wakapi/middlewares/authenticate.go:45.91,48.2 2 0
github.com/muety/wakapi/middlewares/authenticate.go:50.100,53.2 2 0
github.com/muety/wakapi/middlewares/authenticate.go:55.90,58.2 2 0
github.com/muety/wakapi/middlewares/authenticate.go:60.99,63.2 2 0
github.com/muety/wakapi/middlewares/authenticate.go:65.71,66.71 1 0
github.com/muety/wakapi/middlewares/authenticate.go:66.71,68.3 1 0
github.com/muety/wakapi/middlewares/authenticate.go:71.107,75.16 3 0
github.com/muety/wakapi/middlewares/authenticate.go:75.16,77.3 1 0
github.com/muety/wakapi/middlewares/authenticate.go:78.2,78.16 1 0
github.com/muety/wakapi/middlewares/authenticate.go:78.16,80.3 1 0
github.com/muety/wakapi/middlewares/authenticate.go:81.2,81.55 1 0
github.com/muety/wakapi/middlewares/authenticate.go:81.55,83.3 1 0
github.com/muety/wakapi/middlewares/authenticate.go:85.2,85.31 1 0
github.com/muety/wakapi/middlewares/authenticate.go:85.31,86.22 1 0
github.com/muety/wakapi/middlewares/authenticate.go:86.22,89.4 2 0
github.com/muety/wakapi/middlewares/authenticate.go:91.3,91.29 1 0
github.com/muety/wakapi/middlewares/authenticate.go:91.29,94.4 2 0
github.com/muety/wakapi/middlewares/authenticate.go:94.9,95.36 1 0
github.com/muety/wakapi/middlewares/authenticate.go:95.36,99.5 3 0
github.com/muety/wakapi/middlewares/authenticate.go:100.4,101.59 2 0
github.com/muety/wakapi/middlewares/authenticate.go:103.3,103.9 1 0
github.com/muety/wakapi/middlewares/authenticate.go:106.2,107.12 2 0
github.com/muety/wakapi/middlewares/authenticate.go:110.67,111.39 1 0
github.com/muety/wakapi/middlewares/authenticate.go:111.39,112.58 1 0
github.com/muety/wakapi/middlewares/authenticate.go:112.58,114.4 1 0
github.com/muety/wakapi/middlewares/authenticate.go:116.2,116.41 1 0
github.com/muety/wakapi/middlewares/authenticate.go:116.41,117.37 1 0
github.com/muety/wakapi/middlewares/authenticate.go:117.37,119.4 1 0
github.com/muety/wakapi/middlewares/authenticate.go:121.2,121.14 1 0
github.com/muety/wakapi/middlewares/authenticate.go:124.98,126.16 2 1
github.com/muety/wakapi/middlewares/authenticate.go:126.16,128.3 1 1
github.com/muety/wakapi/middlewares/authenticate.go:130.2,133.16 4 1
github.com/muety/wakapi/middlewares/authenticate.go:133.16,135.3 1 0
github.com/muety/wakapi/middlewares/authenticate.go:136.2,136.18 1 1
github.com/muety/wakapi/middlewares/authenticate.go:139.97,143.19 4 1
github.com/muety/wakapi/middlewares/authenticate.go:143.19,145.3 1 1
github.com/muety/wakapi/middlewares/authenticate.go:146.2,147.16 2 1
github.com/muety/wakapi/middlewares/authenticate.go:147.16,149.3 1 0
github.com/muety/wakapi/middlewares/authenticate.go:150.2,150.18 1 1
github.com/muety/wakapi/middlewares/authenticate.go:153.99,154.42 1 1
github.com/muety/wakapi/middlewares/authenticate.go:154.42,156.3 1 1
github.com/muety/wakapi/middlewares/authenticate.go:158.2,159.22 2 1
github.com/muety/wakapi/middlewares/authenticate.go:159.22,161.3 1 0
github.com/muety/wakapi/middlewares/authenticate.go:162.2,162.170 1 1
github.com/muety/wakapi/middlewares/authenticate.go:162.170,164.3 1 1
github.com/muety/wakapi/middlewares/authenticate.go:164.5,166.3 1 1
github.com/muety/wakapi/middlewares/authenticate.go:168.2,168.43 1 1
github.com/muety/wakapi/middlewares/authenticate.go:171.92,173.16 2 0
github.com/muety/wakapi/middlewares/authenticate.go:173.16,175.3 1 0
github.com/muety/wakapi/middlewares/authenticate.go:177.2,178.16 2 0
github.com/muety/wakapi/middlewares/authenticate.go:178.16,180.3 1 0
github.com/muety/wakapi/middlewares/authenticate.go:185.2,185.18 1 0
github.com/muety/wakapi/middlewares/filetype.go:13.83,14.43 1 0
github.com/muety/wakapi/middlewares/filetype.go:14.43,19.3 1 0
github.com/muety/wakapi/middlewares/filetype.go:22.84,24.34 2 0
github.com/muety/wakapi/middlewares/filetype.go:24.34,25.50 1 0
github.com/muety/wakapi/middlewares/filetype.go:25.50,29.4 3 0
github.com/muety/wakapi/middlewares/filetype.go:31.2,31.27 1 0
github.com/muety/wakapi/middlewares/logging.go:21.102,22.43 1 0
github.com/muety/wakapi/middlewares/logging.go:22.43,28.3 1 0
github.com/muety/wakapi/middlewares/logging.go:31.80,40.44 7 0
github.com/muety/wakapi/middlewares/logging.go:40.44,41.38 1 0
github.com/muety/wakapi/middlewares/logging.go:41.38,43.4 1 0
github.com/muety/wakapi/middlewares/logging.go:46.2,54.3 1 0
github.com/muety/wakapi/middlewares/logging.go:57.41,59.14 2 0
github.com/muety/wakapi/middlewares/logging.go:59.14,61.3 1 0
github.com/muety/wakapi/middlewares/logging.go:62.2,62.14 1 0
github.com/muety/wakapi/middlewares/logging.go:62.14,64.3 1 0
github.com/muety/wakapi/middlewares/logging.go:65.2,65.11 1 0
github.com/muety/wakapi/middlewares/logging.go:68.41,69.42 1 0
github.com/muety/wakapi/middlewares/logging.go:69.42,71.3 1 0
github.com/muety/wakapi/middlewares/logging.go:72.2,72.12 1 0
github.com/muety/wakapi/middlewares/logging.go:103.52,105.2 1 0
github.com/muety/wakapi/middlewares/logging.go:117.45,118.20 1 0
github.com/muety/wakapi/middlewares/logging.go:118.20,122.3 3 0
github.com/muety/wakapi/middlewares/logging.go:124.54,127.18 3 0
github.com/muety/wakapi/middlewares/logging.go:127.18,130.17 2 0
github.com/muety/wakapi/middlewares/logging.go:130.17,132.4 1 0
github.com/muety/wakapi/middlewares/logging.go:134.2,135.15 2 0
github.com/muety/wakapi/middlewares/logging.go:137.42,138.20 1 0
github.com/muety/wakapi/middlewares/logging.go:138.20,140.3 1 0
github.com/muety/wakapi/middlewares/logging.go:142.36,144.2 1 0
github.com/muety/wakapi/middlewares/logging.go:145.42,147.2 1 0
github.com/muety/wakapi/middlewares/logging.go:148.40,150.2 1 0
github.com/muety/wakapi/middlewares/logging.go:151.52,153.2 1 0
github.com/muety/wakapi/middlewares/principal.go:15.62,17.2 1 0
github.com/muety/wakapi/middlewares/principal.go:19.58,21.2 1 0
github.com/muety/wakapi/middlewares/principal.go:23.60,24.24 1 0
github.com/muety/wakapi/middlewares/principal.go:24.24,26.3 1 0
github.com/muety/wakapi/middlewares/principal.go:27.2,27.31 1 0
github.com/muety/wakapi/middlewares/principal.go:49.71,50.43 1 0
github.com/muety/wakapi/middlewares/principal.go:50.43,52.3 1 0
github.com/muety/wakapi/middlewares/principal.go:55.81,58.2 2 0
github.com/muety/wakapi/middlewares/principal.go:60.55,61.52 1 0
github.com/muety/wakapi/middlewares/principal.go:61.52,63.3 1 0
github.com/muety/wakapi/middlewares/principal.go:66.49,67.52 1 0
github.com/muety/wakapi/middlewares/principal.go:67.52,69.3 1 0
github.com/muety/wakapi/middlewares/principal.go:70.2,70.12 1 0
github.com/muety/wakapi/middlewares/security.go:19.62,20.43 1 0
github.com/muety/wakapi/middlewares/security.go:20.43,22.3 1 0
github.com/muety/wakapi/middlewares/security.go:25.80,26.36 1 0
github.com/muety/wakapi/middlewares/security.go:26.36,27.30 1 0
github.com/muety/wakapi/middlewares/security.go:27.30,29.4 1 0
github.com/muety/wakapi/middlewares/security.go:31.2,31.27 1 0
github.com/muety/wakapi/middlewares/sentry.go:15.60,16.43 1 0
github.com/muety/wakapi/middlewares/sentry.go:16.43,20.3 1 0
github.com/muety/wakapi/middlewares/sentry.go:23.78,26.54 3 0
github.com/muety/wakapi/middlewares/sentry.go:26.54,27.43 1 0
github.com/muety/wakapi/middlewares/sentry.go:27.43,29.4 1 0
github.com/muety/wakapi/models/view/common.go:29.77,34.21 2 0
github.com/muety/wakapi/models/view/common.go:34.21,36.3 1 0
github.com/muety/wakapi/models/view/common.go:37.2,37.11 1 0
github.com/muety/wakapi/models/view/common.go:40.45,42.2 1 0
github.com/muety/wakapi/models/view/common.go:44.47,46.2 1 0
github.com/muety/wakapi/models/view/common.go:48.50,49.19 1 0
github.com/muety/wakapi/models/view/common.go:49.19,51.3 1 0
github.com/muety/wakapi/models/view/common.go:52.2,52.11 1 0
github.com/muety/wakapi/models/view/home.go:15.62,18.2 2 0
github.com/muety/wakapi/models/view/home.go:20.60,23.2 2 0
github.com/muety/wakapi/models/view/imprint.go:8.68,11.2 2 0
github.com/muety/wakapi/models/view/imprint.go:13.66,16.2 2 0
github.com/muety/wakapi/models/view/imprint.go:18.69,21.2 2 0
github.com/muety/wakapi/models/view/leaderboard.go:20.76,23.2 2 0
github.com/muety/wakapi/models/view/leaderboard.go:25.74,28.2 2 0
github.com/muety/wakapi/models/view/leaderboard.go:30.113,31.53 1 0
github.com/muety/wakapi/models/view/leaderboard.go:31.53,33.3 1 0
github.com/muety/wakapi/models/view/leaderboard.go:34.2,34.20 1 0
github.com/muety/wakapi/models/view/leaderboard.go:34.20,36.3 1 0
github.com/muety/wakapi/models/view/leaderboard.go:37.2,37.20 1 0
github.com/muety/wakapi/models/view/leaderboard.go:37.20,39.3 1 0
github.com/muety/wakapi/models/view/leaderboard.go:40.2,40.20 1 0
github.com/muety/wakapi/models/view/leaderboard.go:40.20,42.3 1 0
github.com/muety/wakapi/models/view/leaderboard.go:43.2,43.18 1 0
github.com/muety/wakapi/models/view/leaderboard.go:46.61,48.2 1 0
github.com/muety/wakapi/models/view/leaderboard.go:50.55,52.19 2 0
github.com/muety/wakapi/models/view/leaderboard.go:52.19,54.3 1 0
github.com/muety/wakapi/models/view/leaderboard.go:55.2,55.56 1 0
github.com/muety/wakapi/models/view/login.go:16.64,19.2 2 0
github.com/muety/wakapi/models/view/login.go:21.62,24.2 2 0
github.com/muety/wakapi/models/view/projects.go:19.58,21.2 1 0
github.com/muety/wakapi/models/view/projects.go:23.65,27.2 3 0
github.com/muety/wakapi/models/view/projects.go:29.70,32.2 2 0
github.com/muety/wakapi/models/view/projects.go:34.68,37.2 2 0
github.com/muety/wakapi/models/view/projects.go:39.49,40.21 1 0
github.com/muety/wakapi/models/view/projects.go:40.21,41.122 1 0
github.com/muety/wakapi/models/view/projects.go:41.122,43.4 1 0
github.com/muety/wakapi/models/view/projects.go:45.2,45.36 1 0
github.com/muety/wakapi/models/view/projects.go:48.75,56.2 3 0
github.com/muety/wakapi/models/view/settings.go:33.57,35.2 1 0
github.com/muety/wakapi/models/view/settings.go:37.70,40.2 2 0
github.com/muety/wakapi/models/view/settings.go:42.68,45.2 2 0
github.com/muety/wakapi/models/view/summary.go:35.82,37.36 2 0
github.com/muety/wakapi/models/view/summary.go:37.36,40.109 1 0
github.com/muety/wakapi/models/view/summary.go:40.109,45.5 1 0
github.com/muety/wakapi/models/view/summary.go:48.2,48.22 1 0
github.com/muety/wakapi/models/view/summary.go:51.51,58.2 2 0
github.com/muety/wakapi/models/view/summary.go:60.68,63.2 2 0
github.com/muety/wakapi/models/view/summary.go:65.66,68.2 2 0
github.com/muety/wakapi/models/view/utils.go:5.46,32.55 2 0
github.com/muety/wakapi/models/view/utils.go:32.55,34.3 1 0
github.com/muety/wakapi/models/view/utils.go:35.2,35.11 1 0
github.com/muety/wakapi/models/metrics/counter_metric.go:12.37,14.2 1 0
github.com/muety/wakapi/models/metrics/counter_metric.go:16.39,18.2 1 0
github.com/muety/wakapi/models/metrics/counter_metric.go:20.40,22.2 1 0
github.com/muety/wakapi/models/metrics/gauge_metric.go:12.35,14.2 1 0
github.com/muety/wakapi/models/metrics/gauge_metric.go:16.37,18.2 1 0
github.com/muety/wakapi/models/metrics/gauge_metric.go:20.38,22.2 1 0
github.com/muety/wakapi/models/metrics/label.go:15.32,17.22 2 0
github.com/muety/wakapi/models/metrics/label.go:17.22,19.3 1 0
github.com/muety/wakapi/models/metrics/label.go:20.2,20.17 1 0
github.com/muety/wakapi/models/metrics/label.go:20.17,22.3 1 0
github.com/muety/wakapi/models/metrics/label.go:23.2,23.62 1 0
github.com/muety/wakapi/models/metrics/label.go:26.31,28.2 1 0
github.com/muety/wakapi/models/metrics/metric.go:14.42,16.22 2 0
github.com/muety/wakapi/models/metrics/metric.go:16.22,17.44 1 0
github.com/muety/wakapi/models/metrics/metric.go:17.44,20.4 2 0
github.com/muety/wakapi/models/metrics/metric.go:21.3,21.43 1 0
github.com/muety/wakapi/models/metrics/metric.go:24.2,24.15 1 0
github.com/muety/wakapi/models/metrics/metric.go:27.28,29.2 1 0
github.com/muety/wakapi/models/metrics/metric.go:31.38,33.2 1 0
github.com/muety/wakapi/models/metrics/metric.go:35.33,37.2 1 0
github.com/muety/wakapi/repositories/alias.go:13.55,15.2 1 0
github.com/muety/wakapi/repositories/alias.go:17.61,19.50 2 0
github.com/muety/wakapi/repositories/alias.go:19.50,21.3 1 0
github.com/muety/wakapi/repositories/alias.go:22.2,22.21 1 0
github.com/muety/wakapi/repositories/alias.go:25.77,27.18 2 0
github.com/muety/wakapi/repositories/alias.go:27.18,29.3 1 0
github.com/muety/wakapi/repositories/alias.go:30.2,32.36 1 0
github.com/muety/wakapi/repositories/alias.go:32.36,34.3 1 0
github.com/muety/wakapi/repositories/alias.go:35.2,35.21 1 0
github.com/muety/wakapi/repositories/alias.go:38.88,40.18 2 0
github.com/muety/wakapi/repositories/alias.go:40.18,42.3 1 0
github.com/muety/wakapi/repositories/alias.go:43.2,48.36 1 0
github.com/muety/wakapi/repositories/alias.go:48.36,50.3 1 0
github.com/muety/wakapi/repositories/alias.go:51.2,51.21 1 0
github.com/muety/wakapi/repositories/alias.go:54.114,56.18 2 0
github.com/muety/wakapi/repositories/alias.go:56.18,58.3 1 0
github.com/muety/wakapi/repositories/alias.go:59.2,65.36 1 0
github.com/muety/wakapi/repositories/alias.go:65.36,67.3 1 0
github.com/muety/wakapi/repositories/alias.go:68.2,68.21 1 0
github.com/muety/wakapi/repositories/alias.go:71.123,73.18 2 0
github.com/muety/wakapi/repositories/alias.go:73.18,75.3 1 0
github.com/muety/wakapi/repositories/alias.go:76.2,82.34 1 0
github.com/muety/wakapi/repositories/alias.go:82.34,84.3 1 0
github.com/muety/wakapi/repositories/alias.go:85.2,85.19 1 0
github.com/muety/wakapi/repositories/alias.go:88.78,89.22 1 0
github.com/muety/wakapi/repositories/alias.go:89.22,91.3 1 0
github.com/muety/wakapi/repositories/alias.go:92.2,93.37 2 0
github.com/muety/wakapi/repositories/alias.go:93.37,95.3 1 0
github.com/muety/wakapi/repositories/alias.go:96.2,96.19 1 0
github.com/muety/wakapi/repositories/alias.go:99.49,103.2 1 0
github.com/muety/wakapi/repositories/alias.go:105.57,109.2 1 0
github.com/muety/wakapi/repositories/base.go:19.52,21.2 1 0
github.com/muety/wakapi/repositories/base.go:23.48,25.2 1 0
github.com/muety/wakapi/repositories/base.go:27.88,28.84 1 0
github.com/muety/wakapi/repositories/base.go:28.84,30.3 1 0
github.com/muety/wakapi/repositories/base.go:30.8,32.3 1 0
github.com/muety/wakapi/repositories/base.go:33.2,33.20 1 0
github.com/muety/wakapi/repositories/base.go:36.89,37.84 1 0
github.com/muety/wakapi/repositories/base.go:37.84,43.3 1 0
github.com/muety/wakapi/repositories/base.go:43.8,45.3 1 0
github.com/muety/wakapi/repositories/base.go:46.2,46.20 1 0
github.com/muety/wakapi/repositories/base.go:49.70,51.48 1 0
github.com/muety/wakapi/repositories/base.go:51.48,53.32 2 0
github.com/muety/wakapi/repositories/base.go:53.32,54.59 1 0
github.com/muety/wakapi/repositories/base.go:54.59,56.5 1 0
github.com/muety/wakapi/repositories/base.go:58.3,58.13 1 0
github.com/muety/wakapi/repositories/base.go:62.63,65.59 1 0
github.com/muety/wakapi/repositories/base.go:65.59,66.26 1 0
github.com/muety/wakapi/repositories/base.go:66.26,68.18 2 0
github.com/muety/wakapi/repositories/base.go:68.18,69.83 1 0
github.com/muety/wakapi/repositories/base.go:69.84,71.6 0 0
github.com/muety/wakapi/repositories/base.go:71.11,73.6 1 0
github.com/muety/wakapi/repositories/base.go:76.3,76.13 1 0
github.com/muety/wakapi/repositories/base.go:79.2,84.35 1 0
github.com/muety/wakapi/repositories/base.go:84.35,86.3 1 0
github.com/muety/wakapi/repositories/base.go:87.2,87.12 1 0
github.com/muety/wakapi/repositories/base.go:90.89,93.18 3 0
github.com/muety/wakapi/repositories/base.go:93.18,95.50 2 0
github.com/muety/wakapi/repositories/base.go:95.50,97.12 2 0
github.com/muety/wakapi/repositories/base.go:99.3,99.19 1 0
github.com/muety/wakapi/repositories/base.go:103.72,104.35 1 0
github.com/muety/wakapi/repositories/base.go:104.35,105.91 1 0
github.com/muety/wakapi/repositories/base.go:105.91,107.18 1 0
github.com/muety/wakapi/repositories/base.go:107.18,109.5 1 0
github.com/muety/wakapi/repositories/base.go:110.4,110.14 1 0
github.com/muety/wakapi/repositories/base.go:113.2,113.10 1 0
github.com/muety/wakapi/repositories/diagnostics.go:12.67,14.2 1 0
[...]
github.com/muety/wakapi/services/user.go:87.37,89.3 1 0
github.com/muety/wakapi/services/user.go:91.2,92.16 2 0
github.com/muety/wakapi/services/user.go:92.16,94.3 1 0
github.com/muety/wakapi/services/user.go:96.2,97.15 2 0
github.com/muety/wakapi/services/user.go:100.76,101.17 1 0
github.com/muety/wakapi/services/user.go:101.17,103.3 1 0
github.com/muety/wakapi/services/user.go:104.2,104.58 1 0
github.com/muety/wakapi/services/user.go:107.86,108.22 1 0
github.com/muety/wakapi/services/user.go:108.22,110.3 1 0
github.com/muety/wakapi/services/user.go:111.2,111.68 1 0
github.com/muety/wakapi/services/user.go:114.92,115.22 1 0
github.com/muety/wakapi/services/user.go:115.22,117.3 1 0
github.com/muety/wakapi/services/user.go:118.2,118.74 1 0
github.com/muety/wakapi/services/user.go:121.58,123.2 1 0
github.com/muety/wakapi/services/user.go:125.73,127.16 2 0
github.com/muety/wakapi/services/user.go:127.16,129.3 1 0
github.com/muety/wakapi/services/user.go:130.2,130.37 1 0
github.com/muety/wakapi/services/user.go:133.71,135.2 1 0
github.com/muety/wakapi/services/user.go:137.86,139.16 2 0
github.com/muety/wakapi/services/user.go:139.16,141.3 1 0
github.com/muety/wakapi/services/user.go:142.2,142.37 1 0
github.com/muety/wakapi/services/user.go:145.86,147.2 1 0
github.com/muety/wakapi/services/user.go:149.94,151.2 1 0
github.com/muety/wakapi/services/user.go:153.71,155.12 2 0
github.com/muety/wakapi/services/user.go:155.12,157.3 1 0
github.com/muety/wakapi/services/user.go:159.2,160.42 2 0
github.com/muety/wakapi/services/user.go:160.42,162.3 1 0
github.com/muety/wakapi/services/user.go:164.2,165.16 2 0
github.com/muety/wakapi/services/user.go:165.16,167.3 1 0
github.com/muety/wakapi/services/user.go:169.2,170.21 2 0
github.com/muety/wakapi/services/user.go:173.48,175.2 1 0
github.com/muety/wakapi/services/user.go:177.102,188.95 2 0
github.com/muety/wakapi/services/user.go:188.95,190.3 1 0
github.com/muety/wakapi/services/user.go:190.8,192.3 1 0
github.com/muety/wakapi/services/user.go:194.2,194.38 1 0
github.com/muety/wakapi/services/user.go:197.73,201.2 3 0
github.com/muety/wakapi/services/user.go:203.97,204.31 1 0
github.com/muety/wakapi/services/user.go:204.31,206.3 1 0
github.com/muety/wakapi/services/user.go:209.2,214.16 4 0
github.com/muety/wakapi/services/user.go:214.16,216.3 1 0
github.com/muety/wakapi/services/user.go:218.2,219.16 2 0
github.com/muety/wakapi/services/user.go:219.16,222.81 2 0
github.com/muety/wakapi/services/user.go:222.81,224.4 1 0
github.com/muety/wakapi/services/user.go:225.3,225.18 1 0
github.com/muety/wakapi/services/user.go:228.2,230.21 2 0
github.com/muety/wakapi/services/user.go:233.78,237.2 3 0
github.com/muety/wakapi/services/user.go:239.122,242.35 2 0
github.com/muety/wakapi/services/user.go:242.35,243.89 1 0
github.com/muety/wakapi/services/user.go:243.89,245.4 1 0
github.com/muety/wakapi/services/user.go:248.2,248.35 1 0
github.com/muety/wakapi/services/user.go:248.35,250.3 1 0
github.com/muety/wakapi/services/user.go:252.2,252.18 1 0
github.com/muety/wakapi/services/user.go:255.85,257.2 1 0
github.com/muety/wakapi/services/user.go:259.57,267.2 5 0
github.com/muety/wakapi/services/user.go:269.84,270.112 1 0
github.com/muety/wakapi/services/user.go:270.112,272.3 1 0
github.com/muety/wakapi/services/user.go:275.38,277.2 1 0
github.com/muety/wakapi/services/user.go:279.55,281.2 1 0
github.com/muety/wakapi/services/user.go:283.57,288.2 1 0
github.com/muety/wakapi/services/user.go:290.57,295.2 1 0
github.com/muety/wakapi/services/user.go:297.51,298.97 1 0
github.com/muety/wakapi/services/user.go:298.97,301.3 2 0
github.com/muety/wakapi/services/user.go:302.2,302.13 1 0
github.com/muety/wakapi/static/docs/docs.go:2007.13,2009.2 1 0
github.com/muety/wakapi/utils/fs/exists.go:10.37,12.16 2 0
github.com/muety/wakapi/utils/fs/exists.go:12.16,13.13 1 0
github.com/muety/wakapi/utils/fs/exists.go:16.2,19.3 1 0
github.com/muety/wakapi/utils/fs/exists.go:28.56,31.2 2 0
github.com/muety/wakapi/utils/fs/exists.go:33.46,34.18 1 0
github.com/muety/wakapi/utils/fs/exists.go:34.18,35.44 1 0
github.com/muety/wakapi/utils/fs/exists.go:35.44,37.4 1 0
github.com/muety/wakapi/utils/fs/exists.go:39.2,41.18 3 0
github.com/muety/wakapi/utils/fs/exists.go:41.18,43.3 1 0
github.com/muety/wakapi/utils/fs/exists.go:44.2,44.15 1 0
github.com/muety/wakapi/utils/fs/exists.go:47.56,49.2 1 0
github.com/muety/wakapi/utils/fs/exists.go:58.48,63.2 1 0
github.com/muety/wakapi/utils/fs/exists.go:65.51,66.34 1 0
github.com/muety/wakapi/utils/fs/exists.go:66.34,68.3 1 0
github.com/muety/wakapi/utils/fs/exists.go:69.2,69.35 1 0
github.com/muety/wakapi/utils/fs/exists.go:72.63,74.2 1 0
github.com/muety/wakapi/utils/fs/neutered.go:14.66,16.16 2 0
github.com/muety/wakapi/utils/fs/neutered.go:16.16,18.3 1 0
github.com/muety/wakapi/utils/fs/neutered.go:20.2,21.15 2 0
github.com/muety/wakapi/utils/fs/neutered.go:21.15,23.47 2 0
github.com/muety/wakapi/utils/fs/neutered.go:23.47,25.23 2 0
github.com/muety/wakapi/utils/fs/neutered.go:25.23,27.5 1 0
github.com/muety/wakapi/utils/fs/neutered.go:29.4,29.19 1 0
github.com/muety/wakapi/utils/fs/neutered.go:33.2,33.15 1 0
github.com/muety/wakapi/utils/auth.go:15.79,17.54 2 0
github.com/muety/wakapi/utils/auth.go:17.54,19.3 1 0
github.com/muety/wakapi/utils/auth.go:21.2,23.16 3 0
github.com/muety/wakapi/utils/auth.go:23.16,25.3 1 0
github.com/muety/wakapi/utils/auth.go:27.2,29.45 3 0
github.com/muety/wakapi/utils/auth.go:29.45,31.3 1 0
github.com/muety/wakapi/utils/auth.go:32.2,33.32 2 0
github.com/muety/wakapi/utils/auth.go:36.65,38.85 2 0
github.com/muety/wakapi/utils/auth.go:38.85,40.3 1 0
github.com/muety/wakapi/utils/auth.go:42.2,43.30 2 0
github.com/muety/wakapi/utils/auth.go:48.57,49.34 1 0
github.com/muety/wakapi/utils/auth.go:49.34,51.3 1 0
github.com/muety/wakapi/utils/auth.go:52.2,52.45 1 0
github.com/muety/wakapi/utils/auth.go:55.57,57.2 1 0
github.com/muety/wakapi/utils/auth.go:59.55,63.2 3 0
github.com/muety/wakapi/utils/auth.go:65.55,68.16 3 0
github.com/muety/wakapi/utils/auth.go:68.16,70.3 1 0
github.com/muety/wakapi/utils/auth.go:71.2,71.16 1 0
github.com/muety/wakapi/utils/auth.go:74.57,78.2 3 0
github.com/muety/wakapi/utils/auth.go:80.57,83.16 3 0
github.com/muety/wakapi/utils/auth.go:83.16,85.3 1 0
github.com/muety/wakapi/utils/auth.go:86.2,86.16 1 0
github.com/muety/wakapi/utils/collection.go:5.52,6.28 1 0
github.com/muety/wakapi/utils/collection.go:6.28,8.3 1 0
github.com/muety/wakapi/utils/collection.go:9.2,9.26 1 0
github.com/muety/wakapi/utils/collection.go:9.26,11.3 1 0
github.com/muety/wakapi/utils/collection.go:12.2,12.28 1 0
github.com/muety/wakapi/utils/collection.go:15.78,17.22 2 0
github.com/muety/wakapi/utils/collection.go:17.22,18.18 1 0
github.com/muety/wakapi/utils/collection.go:18.18,20.4 1 0
github.com/muety/wakapi/utils/collection.go:21.3,21.12 1 0
github.com/muety/wakapi/utils/collection.go:23.2,23.11 1 0
github.com/muety/wakapi/utils/color.go:8.41,11.16 2 0
github.com/muety/wakapi/utils/color.go:12.9,13.51 1 0
github.com/muety/wakapi/utils/color.go:14.9,18.12 4 0
github.com/muety/wakapi/utils/color.go:20.2,20.8 1 0
github.com/muety/wakapi/utils/color.go:23.37,25.2 1 0
github.com/muety/wakapi/utils/color.go:27.70,28.15 1 0
github.com/muety/wakapi/utils/color.go:28.15,30.3 1 0
github.com/muety/wakapi/utils/color.go:30.8,30.22 1 0
github.com/muety/wakapi/utils/color.go:30.22,32.3 1 0
github.com/muety/wakapi/utils/color.go:34.2,39.43 5 0
github.com/muety/wakapi/utils/cron.go:5.44,7.21 2 0
github.com/muety/wakapi/utils/cron.go:7.21,9.3 1 0
github.com/muety/wakapi/utils/cron.go:10.2,10.20 1 0
github.com/muety/wakapi/utils/date.go:9.52,12.2 2 0
github.com/muety/wakapi/utils/date.go:14.48,16.2 1 0
github.com/muety/wakapi/utils/date.go:18.51,20.2 1 0
github.com/muety/wakapi/utils/date.go:22.52,24.2 1 0
github.com/muety/wakapi/utils/date.go:26.51,28.2 1 0
github.com/muety/wakapi/utils/date.go:31.41,33.21 2 0
github.com/muety/wakapi/utils/date.go:33.21,35.3 1 0
github.com/muety/wakapi/utils/date.go:36.2,36.33 1 0
github.com/muety/wakapi/utils/date.go:40.67,43.33 2 1
github.com/muety/wakapi/utils/date.go:43.33,45.19 2 1
github.com/muety/wakapi/utils/date.go:45.19,47.4 1 1
github.com/muety/wakapi/utils/date.go:48.3,49.10 2 1
github.com/muety/wakapi/utils/date.go:52.2,52.18 1 1
github.com/muety/wakapi/utils/date.go:56.36,59.2 2 0
github.com/muety/wakapi/utils/date.go:62.57,64.2 1 0
github.com/muety/wakapi/utils/date.go:66.42,67.28 1 0
github.com/muety/wakapi/utils/date.go:68.52,69.21 1 0
github.com/muety/wakapi/utils/date.go:70.53,71.22 1 0
github.com/muety/wakapi/utils/date.go:72.55,73.24 1 0
github.com/muety/wakapi/utils/date.go:74.54,75.23 1 0
github.com/muety/wakapi/utils/date.go:76.52,77.21 1 0
github.com/muety/wakapi/utils/date.go:78.54,79.23 1 0
github.com/muety/wakapi/utils/date.go:80.52,81.21 1 0
github.com/muety/wakapi/utils/date.go:83.2,83.20 1 0
github.com/muety/wakapi/utils/db.go:12.34,13.37 1 0
github.com/muety/wakapi/utils/db.go:13.37,15.110 2 0
github.com/muety/wakapi/utils/db.go:15.110,18.4 2 0
github.com/muety/wakapi/utils/db.go:19.3,19.20 1 0
github.com/muety/wakapi/utils/db.go:21.2,22.14 2 0
github.com/muety/wakapi/utils/db.go:25.39,26.37 1 0
github.com/muety/wakapi/utils/db.go:26.37,28.119 2 0
github.com/muety/wakapi/utils/db.go:28.119,31.4 2 0
github.com/muety/wakapi/utils/db.go:32.3,32.20 1 0
github.com/muety/wakapi/utils/db.go:34.2,35.14 2 0
github.com/muety/wakapi/utils/db.go:38.66,39.48 1 0
github.com/muety/wakapi/utils/db.go:39.48,41.3 1 0
github.com/muety/wakapi/utils/db.go:42.2,42.53 1 0
github.com/muety/wakapi/utils/db.go:45.59,46.16 1 0
github.com/muety/wakapi/utils/db.go:46.16,48.3 1 0
github.com/muety/wakapi/utils/db.go:49.2,49.15 1 0
github.com/muety/wakapi/utils/db.go:49.15,51.3 1 0
github.com/muety/wakapi/utils/db.go:52.2,52.14 1 0
github.com/muety/wakapi/utils/db.go:59.47,61.2 1 0
github.com/muety/wakapi/utils/db.go:63.60,65.2 1 0
github.com/muety/wakapi/utils/db.go:68.63,72.2 3 0
github.com/muety/wakapi/utils/db.go:75.80,77.41 2 0
github.com/muety/wakapi/utils/db.go:77.41,79.3 1 0
github.com/muety/wakapi/utils/db.go:80.2,80.57 1 0
github.com/muety/wakapi/utils/dns.go:9.38,11.21 2 0
github.com/muety/wakapi/utils/dns.go:11.21,13.3 1 0
github.com/muety/wakapi/utils/dns.go:14.2,15.39 2 0
github.com/muety/wakapi/utils/func.go:10.77,11.15 1 0
github.com/muety/wakapi/utils/func.go:11.15,12.31 1 0
github.com/muety/wakapi/utils/func.go:12.31,16.4 3 0
github.com/muety/wakapi/utils/func.go:18.2,19.12 2 0
github.com/muety/wakapi/utils/func.go:23.57,24.48 1 0
github.com/muety/wakapi/utils/func.go:24.48,26.3 1 0
github.com/muety/wakapi/utils/http.go:27.13,30.2 2 1
github.com/muety/wakapi/utils/http.go:37.34,38.20 1 0
github.com/muety/wakapi/utils/http.go:38.20,40.3 1 0
github.com/muety/wakapi/utils/http.go:41.2,41.19 1 0
github.com/muety/wakapi/utils/http.go:44.35,45.21 1 0
github.com/muety/wakapi/utils/http.go:45.21,47.3 1 0
github.com/muety/wakapi/utils/http.go:48.2,48.34 1 0
github.com/muety/wakapi/utils/http.go:52.62,54.48 2 0
github.com/muety/wakapi/utils/http.go:54.48,56.3 1 0
github.com/muety/wakapi/utils/http.go:57.2,57.93 1 0
github.com/muety/wakapi/utils/http.go:57.93,58.89 1 0
github.com/muety/wakapi/utils/http.go:58.89,60.4 1 0
github.com/muety/wakapi/utils/http.go:62.2,62.14 1 0
github.com/muety/wakapi/utils/http.go:65.51,69.46 4 0
github.com/muety/wakapi/utils/http.go:69.46,71.3 1 0
github.com/muety/wakapi/utils/http.go:72.2,72.73 1 0
github.com/muety/wakapi/utils/http.go:72.73,74.3 1 0
github.com/muety/wakapi/utils/http.go:75.2,75.19 1 0
github.com/muety/wakapi/utils/http.go:78.78,80.26 2 0
github.com/muety/wakapi/utils/http.go:80.26,82.3 1 0
github.com/muety/wakapi/utils/http.go:83.2,83.30 1 0
github.com/muety/wakapi/utils/http.go:83.30,85.3 1 0
github.com/muety/wakapi/utils/http.go:86.2,86.19 1 0
github.com/muety/wakapi/utils/http.go:89.56,95.95 2 1
github.com/muety/wakapi/utils/http.go:95.95,98.18 2 1
github.com/muety/wakapi/utils/http.go:98.18,100.4 1 1
github.com/muety/wakapi/utils/http.go:101.3,101.21 1 1
github.com/muety/wakapi/utils/http.go:101.21,103.4 1 0
github.com/muety/wakapi/utils/http.go:106.3,107.19 2 1
github.com/muety/wakapi/utils/http.go:107.19,109.4 1 1
github.com/muety/wakapi/utils/http.go:111.3,111.30 1 1
github.com/muety/wakapi/utils/http.go:111.30,113.4 1 1
github.com/muety/wakapi/utils/http.go:115.3,115.45 1 1
github.com/muety/wakapi/utils/http.go:119.2,119.61 1 1
github.com/muety/wakapi/utils/http.go:119.61,120.27 1 1
github.com/muety/wakapi/utils/http.go:120.27,122.4 1 1
github.com/muety/wakapi/utils/http.go:122.9,122.62 1 1
github.com/muety/wakapi/utils/http.go:122.62,124.4 1 1
github.com/muety/wakapi/utils/http.go:126.2,126.64 1 1
github.com/muety/wakapi/utils/http.go:129.76,130.16 1 0
github.com/muety/wakapi/utils/http.go:130.16,132.3 1 0
github.com/muety/wakapi/utils/http.go:133.2,133.27 1 0
github.com/muety/wakapi/utils/http.go:133.27,136.100 3 0
github.com/muety/wakapi/utils/http.go:136.100,141.4 4 0
github.com/muety/wakapi/utils/http.go:142.3,142.139 1 0
github.com/muety/wakapi/utils/http.go:144.2,144.17 1 0
github.com/muety/wakapi/utils/json.go:12.75,18.62 2 0
github.com/muety/wakapi/utils/json.go:18.62,20.3 1 0
github.com/muety/wakapi/utils/json.go:22.2,22.29 1 0
github.com/muety/wakapi/utils/json.go:22.29,24.3 1 0
github.com/muety/wakapi/utils/json.go:26.2,26.72 1 0
github.com/muety/wakapi/utils/json.go:26.72,28.3 1 0
github.com/muety/wakapi/utils/json.go:29.2,29.70 1 0
github.com/muety/wakapi/utils/json.go:29.70,31.3 1 0
github.com/muety/wakapi/utils/json.go:33.2,33.20 1 0
github.com/muety/wakapi/utils/strings.go:7.58,8.49 1 0
github.com/muety/wakapi/utils/strings.go:8.49,9.32 1 0
github.com/muety/wakapi/utils/strings.go:9.32,10.22 1 0
github.com/muety/wakapi/utils/strings.go:10.22,12.5 1 0
github.com/muety/wakapi/utils/strings.go:14.3,14.15 1 0
github.com/muety/wakapi/utils/strings.go:18.77,19.29 1 0
github.com/muety/wakapi/utils/strings.go:19.29,20.18 1 0
github.com/muety/wakapi/utils/strings.go:20.18,22.4 1 0
github.com/muety/wakapi/utils/strings.go:24.2,24.19 1 0
github.com/muety/wakapi/utils/sync.go:11.66,13.12 2 0
github.com/muety/wakapi/utils/sync.go:13.12,16.3 2 0
github.com/muety/wakapi/utils/sync.go:17.2,17.9 1 0
github.com/muety/wakapi/utils/sync.go:18.11,19.15 1 0
github.com/muety/wakapi/utils/sync.go:20.29,21.14 1 0
github.com/muety/wakapi/utils/system.go:8.20,10.2 1 0
github.com/muety/wakapi/utils/system.go:12.21,14.2 1 0
github.com/muety/wakapi/utils/template.go:13.41,15.16 2 0
github.com/muety/wakapi/utils/template.go:15.16,17.3 1 0
github.com/muety/wakapi/utils/template.go:18.2,18.23 1 0
github.com/muety/wakapi/utils/template.go:21.37,22.30 1 0
github.com/muety/wakapi/utils/template.go:22.30,24.3 1 0
github.com/muety/wakapi/utils/template.go:25.2,25.10 1 0
github.com/muety/wakapi/utils/template.go:28.83,33.16 4 0
github.com/muety/wakapi/utils/template.go:33.16,35.3 1 0
github.com/muety/wakapi/utils/template.go:37.2,37.29 1 0
github.com/muety/wakapi/utils/template.go:37.29,39.51 2 0
github.com/muety/wakapi/utils/template.go:39.51,40.12 1 0
github.com/muety/wakapi/utils/template.go:43.3,44.17 2 0
github.com/muety/wakapi/utils/template.go:44.17,46.4 1 0
github.com/muety/wakapi/utils/template.go:47.3,48.17 2 0
github.com/muety/wakapi/utils/template.go:48.17,50.4 1 0
github.com/muety/wakapi/utils/template.go:52.3,55.17 3 0
github.com/muety/wakapi/utils/template.go:55.17,57.4 1 0
github.com/muety/wakapi/utils/template.go:59.3,59.27 1 0
github.com/muety/wakapi/utils/template.go:62.2,62.23 1 0
github.com/muety/wakapi/services/mail/mail.go:40.45,46.25 4 0
github.com/muety/wakapi/services/mail/mail.go:46.25,47.52 1 0
github.com/muety/wakapi/services/mail/mail.go:47.52,49.4 1 0
github.com/muety/wakapi/services/mail/mail.go:53.2,55.16 3 0
github.com/muety/wakapi/services/mail/mail.go:55.16,56.13 1 0
github.com/muety/wakapi/services/mail/mail.go:59.2,59.91 1 0
github.com/muety/wakapi/services/mail/mail.go:62.89,64.16 2 0
github.com/muety/wakapi/services/mail/mail.go:64.16,66.3 1 0
github.com/muety/wakapi/services/mail/mail.go:67.2,73.36 3 0
github.com/muety/wakapi/services/mail/mail.go:76.102,81.16 2 0
github.com/muety/wakapi/services/mail/mail.go:81.16,83.3 1 0
github.com/muety/wakapi/services/mail/mail.go:84.2,90.36 3 0
github.com/muety/wakapi/services/mail/mail.go:93.119,99.16 2 0
github.com/muety/wakapi/services/mail/mail.go:99.16,101.3 1 0
github.com/muety/wakapi/services/mail/mail.go:102.2,108.36 3 0
github.com/muety/wakapi/services/mail/mail.go:111.87,113.16 2 0
github.com/muety/wakapi/services/mail/mail.go:113.16,115.3 1 0
github.com/muety/wakapi/services/mail/mail.go:116.2,122.36 3 0
github.com/muety/wakapi/services/mail/mail.go:125.99,131.16 2 0
github.com/muety/wakapi/services/mail/mail.go:131.16,133.3 1 0
github.com/muety/wakapi/services/mail/mail.go:134.2,140.36 3 0
github.com/muety/wakapi/services/mail/mail.go:143.98,145.94 2 0
github.com/muety/wakapi/services/mail/mail.go:145.94,147.3 1 0
github.com/muety/wakapi/services/mail/mail.go:148.2,148.23 1 0
github.com/muety/wakapi/services/mail/mail.go:151.138,153.108 2 0
github.com/muety/wakapi/services/mail/mail.go:153.108,155.3 1 0
github.com/muety/wakapi/services/mail/mail.go:156.2,156.23 1 0
github.com/muety/wakapi/services/mail/mail.go:159.108,161.99 2 0
github.com/muety/wakapi/services/mail/mail.go:161.99,163.3 1 0
github.com/muety/wakapi/services/mail/mail.go:164.2,164.23 1 0
github.com/muety/wakapi/services/mail/mail.go:167.84,169.87 2 0
github.com/muety/wakapi/services/mail/mail.go:169.87,171.3 1 0
github.com/muety/wakapi/services/mail/mail.go:172.2,172.23 1 0
github.com/muety/wakapi/services/mail/mail.go:175.120,177.105 2 0
github.com/muety/wakapi/services/mail/mail.go:177.105,179.3 1 0
github.com/muety/wakapi/services/mail/mail.go:180.2,180.23 1 0
github.com/muety/wakapi/services/mail/mail.go:183.51,185.2 1 0
github.com/muety/wakapi/services/mail/noop.go:10.60,13.2 2 0
github.com/muety/wakapi/services/mail/smtp.go:18.76,27.2 1 1
github.com/muety/wakapi/services/mail/smtp.go:29.60,33.21 3 1
github.com/muety/wakapi/services/mail/smtp.go:33.21,34.56 1 1
github.com/muety/wakapi/services/mail/smtp.go:34.56,36.10 1 1
github.com/muety/wakapi/services/mail/smtp.go:39.5,40.19 2 1
github.com/muety/wakapi/services/mail/smtp.go:40.19,42.6 1 0
github.com/muety/wakapi/services/mail/smtp.go:43.5,48.45 2 1
github.com/muety/wakapi/services/mail/smtp.go:48.45,51.23 2 0
github.com/muety/wakapi/services/mail/smtp.go:51.23,52.57 1 0
github.com/muety/wakapi/services/mail/smtp.go:52.57,53.40 1 0
github.com/muety/wakapi/services/mail/smtp.go:53.41,55.18 0 0
github.com/muety/wakapi/services/mail/smtp.go:56.17,56.27 1 0
github.com/muety/wakapi/services/mail/smtp.go:57.19,59.14 1 0
github.com/muety/wakapi/services/mail/smtp.go:63.9,65.24 3 0
github.com/muety/wakapi/services/mail/smtp.go:69.5,69.58 1 1
github.com/muety/wakapi/services/mail/smtp.go:69.58,70.71 1 1
github.com/muety/wakapi/services/mail/smtp.go:70.71,72.10 1 0
github.com/muety/wakapi/services/mail/smtp.go:74.9,74.45 1 1
github.com/muety/wakapi/services/mail/smtp.go:74.45,76.10 1 0
github.com/muety/wakapi/services/mail/smtp.go:79.5,79.55 1 1
github.com/muety/wakapi/services/mail/smtp.go:79.55,81.6 1 1
github.com/muety/wakapi/services/mail/smtp.go:83.5,83.47 1 1
github.com/muety/wakapi/services/mail/smtp.go:83.47,84.48 1 1
github.com/muety/wakapi/services/mail/smtp.go:84.48,86.10 1 0
github.com/muety/wakapi/services/mail/smtp.go:89.5,90.19 2 1
github.com/muety/wakapi/services/mail/smtp.go:90.19,92.6 1 0
github.com/muety/wakapi/services/mail/smtp.go:94.5,95.19 2 1
github.com/muety/wakapi/services/mail/smtp.go:95.19,97.6 1 0
github.com/muety/wakapi/services/mail/smtp.go:99.5,100.19 2 1
github.com/muety/wakapi/services/mail/smtp.go:100.19,102.6 1 0
github.com/muety/wakapi/services/mail/smtp.go:104.5,104.36 1 1
github.com/muety/wakapi/services/mail/smtp.go:104.36,106.6 1 0
github.com/muety/wakapi/services/mail/smtp.go:108.5,108.15 1 1
