mode: set
github.com/muety/wakapi/main.go:113.13,118.18 4 0
github.com/muety/wakapi/main.go:118.18,121.3 2 0
github.com/muety/wakapi/main.go:122.2,143.16 8 0
github.com/muety/wakapi/main.go:143.16,145.3 1 0
github.com/muety/wakapi/main.go:147.2,147.20 1 0
github.com/muety/wakapi/main.go:147.20,149.3 1 0
github.com/muety/wakapi/main.go:150.2,151.16 2 0
github.com/muety/wakapi/main.go:151.16,153.3 1 0
github.com/muety/wakapi/main.go:154.2,159.28 4 0
github.com/muety/wakapi/main.go:159.28,161.3 1 0
github.com/muety/wakapi/main.go:164.2,192.35 26 0
github.com/muety/wakapi/main.go:192.35,194.3 1 0
github.com/muety/wakapi/main.go:197.2,203.35 6 0
github.com/muety/wakapi/main.go:203.35,205.3 1 0
github.com/muety/wakapi/main.go:207.2,259.29 31 0
github.com/muety/wakapi/main.go:259.29,261.3 1 0
github.com/muety/wakapi/main.go:264.2,311.21 37 0
github.com/muety/wakapi/main.go:311.21,313.3 1 0
github.com/muety/wakapi/main.go:314.2,321.24 6 0
github.com/muety/wakapi/main.go:321.24,323.13 2 0
github.com/muety/wakapi/main.go:323.13,325.4 1 0
github.com/muety/wakapi/main.go:329.2,329.16 1 0
github.com/muety/wakapi/main.go:332.35,336.71 2 0
github.com/muety/wakapi/main.go:336.71,344.3 2 0
github.com/muety/wakapi/main.go:347.2,347.71 1 0
github.com/muety/wakapi/main.go:347.71,355.3 2 0
github.com/muety/wakapi/main.go:358.2,358.75 1 0
github.com/muety/wakapi/main.go:358.75,360.64 1 0
github.com/muety/wakapi/main.go:360.64,362.64 2 0
github.com/muety/wakapi/main.go:362.64,364.5 1 0
github.com/muety/wakapi/main.go:366.3,370.4 1 0
github.com/muety/wakapi/main.go:373.2,373.21 1 0
github.com/muety/wakapi/main.go:373.21,374.16 1 0
github.com/muety/wakapi/main.go:374.16,376.14 2 0
github.com/muety/wakapi/main.go:376.14,377.101 1 0
github.com/muety/wakapi/main.go:377.101,379.6 1 0
github.com/muety/wakapi/main.go:382.3,382.16 1 0
github.com/muety/wakapi/main.go:382.16,384.14 2 0
github.com/muety/wakapi/main.go:384.14,385.101 1 0
github.com/muety/wakapi/main.go:385.101,387.6 1 0
github.com/muety/wakapi/main.go:390.3,390.21 1 0
github.com/muety/wakapi/main.go:390.21,392.14 2 0
github.com/muety/wakapi/main.go:392.14,394.19 2 0
github.com/muety/wakapi/main.go:394.19,396.6 1 0
github.com/muety/wakapi/main.go:397.5,397.109 1 0
github.com/muety/wakapi/main.go:397.109,399.6 1 0
github.com/muety/wakapi/main.go:400.5,400.111 1 0
github.com/muety/wakapi/main.go:400.111,402.6 1 0
github.com/muety/wakapi/main.go:405.8,406.16 1 0
github.com/muety/wakapi/main.go:406.16,408.14 2 0
github.com/muety/wakapi/main.go:408.14,409.47 1 0
github.com/muety/wakapi/main.go:409.47,411.6 1 0
github.com/muety/wakapi/main.go:414.3,414.16 1 0
github.com/muety/wakapi/main.go:414.16,416.14 2 0
github.com/muety/wakapi/main.go:416.14,417.47 1 0
github.com/muety/wakapi/main.go:417.47,419.6 1 0
github.com/muety/wakapi/main.go:422.3,422.21 1 0
github.com/muety/wakapi/main.go:422.21,424.14 2 0
github.com/muety/wakapi/main.go:424.14,426.19 2 0
github.com/muety/wakapi/main.go:426.19,428.6 1 0
github.com/muety/wakapi/main.go:429.5,429.109 1 0
github.com/muety/wakapi/main.go:429.109,431.6 1 0
github.com/muety/wakapi/main.go:432.5,432.55 1 0
github.com/muety/wakapi/main.go:432.55,434.6 1 0
github.com/muety/wakapi/main.go:439.2,439.29 1 0
github.com/muety/wakapi/config/config.go:210.64,212.2 1 0
github.com/muety/wakapi/config/config.go:214.59,216.2 1 0
github.com/muety/wakapi/config/config.go:218.82,228.2 1 0
github.com/muety/wakapi/config/config.go:230.31,232.2 1 0
github.com/muety/wakapi/config/config.go:234.32,236.2 1 0
github.com/muety/wakapi/config/config.go:238.60,240.2 1 0
github.com/muety/wakapi/config/config.go:242.59,244.2 1 0
github.com/muety/wakapi/config/config.go:246.57,248.2 1 0
github.com/muety/wakapi/config/config.go:250.53,252.2 1 0
github.com/muety/wakapi/config/config.go:254.53,255.46 1 0
github.com/muety/wakapi/config/config.go:255.46,259.17 3 0
github.com/muety/wakapi/config/config.go:259.17,261.4 1 0
github.com/muety/wakapi/config/config.go:263.3,264.17 2 0
github.com/muety/wakapi/config/config.go:264.17,266.4 1 0
github.com/muety/wakapi/config/config.go:268.3,268.44 1 0
github.com/muety/wakapi/config/config.go:271.2,271.51 1 0
github.com/muety/wakapi/config/config.go:274.50,275.47 1 0
github.com/muety/wakapi/config/config.go:275.47,282.17 5 0
github.com/muety/wakapi/config/config.go:282.17,284.4 1 0
github.com/muety/wakapi/config/config.go:286.3,287.17 2 0
github.com/muety/wakapi/config/config.go:287.17,289.4 1 0
github.com/muety/wakapi/config/config.go:291.3,291.54 1 0
github.com/muety/wakapi/config/config.go:294.2,294.52 1 0
github.com/muety/wakapi/config/config.go:297.65,302.56 3 0
github.com/muety/wakapi/config/config.go:302.56,304.33 1 0
github.com/muety/wakapi/config/config.go:304.33,307.18 3 0
github.com/muety/wakapi/config/config.go:307.18,309.5 1 0
github.com/muety/wakapi/config/config.go:311.4,312.18 2 0
github.com/muety/wakapi/config/config.go:312.18,314.5 1 0
github.com/muety/wakapi/config/config.go:316.4,316.45 1 0
github.com/muety/wakapi/config/config.go:318.8,319.33 1 0
github.com/muety/wakapi/config/config.go:319.33,321.4 1 0
github.com/muety/wakapi/config/config.go:324.2,324.76 1 0
github.com/muety/wakapi/config/config.go:324.76,326.3 1 0
github.com/muety/wakapi/config/config.go:328.2,328.14 1 0
github.com/muety/wakapi/config/config.go:331.54,334.2 2 0
github.com/muety/wakapi/config/config.go:336.54,339.64 2 0
github.com/muety/wakapi/config/config.go:339.64,341.15 1 0
github.com/muety/wakapi/config/config.go:341.15,342.12 1 0
github.com/muety/wakapi/config/config.go:346.3,347.17 2 0
github.com/muety/wakapi/config/config.go:347.17,349.12 2 0
github.com/muety/wakapi/config/config.go:353.3,354.22 2 0
github.com/muety/wakapi/config/config.go:354.22,356.29 2 0
github.com/muety/wakapi/config/config.go:356.29,358.5 1 0
github.com/muety/wakapi/config/config.go:359.4,361.12 3 0
github.com/muety/wakapi/config/config.go:364.3,364.55 1 0
github.com/muety/wakapi/config/config.go:368.61,370.2 1 0
github.com/muety/wakapi/config/config.go:372.66,374.2 1 0
github.com/muety/wakapi/config/config.go:376.65,378.2 1 0
github.com/muety/wakapi/config/config.go:380.73,382.2 1 0
github.com/muety/wakapi/config/config.go:384.70,387.23 3 0
github.com/muety/wakapi/config/config.go:387.23,389.3 1 0
github.com/muety/wakapi/config/config.go:391.2,395.20 4 0
github.com/muety/wakapi/config/config.go:396.11,397.28 1 0
github.com/muety/wakapi/config/config.go:398.11,399.28 1 0
github.com/muety/wakapi/config/config.go:400.11,401.26 1 0
github.com/muety/wakapi/config/config.go:404.2,404.51 1 0
github.com/muety/wakapi/config/config.go:407.36,409.2 1 0
github.com/muety/wakapi/config/config.go:411.35,413.2 1 0
github.com/muety/wakapi/config/config.go:415.38,417.2 1 0
github.com/muety/wakapi/config/config.go:419.35,421.2 1 0
github.com/muety/wakapi/config/config.go:423.46,425.2 1 0
github.com/muety/wakapi/config/config.go:427.43,429.2 1 0
github.com/muety/wakapi/config/config.go:431.29,433.2 1 1
github.com/muety/wakapi/config/config.go:435.48,446.16 2 0
github.com/muety/wakapi/config/config.go:446.16,447.48 1 0
github.com/muety/wakapi/config/config.go:447.48,449.4 1 0
github.com/muety/wakapi/config/config.go:449.9,451.4 1 0
github.com/muety/wakapi/config/config.go:454.2,455.53 2 0
github.com/muety/wakapi/config/config.go:455.53,457.3 1 0
github.com/muety/wakapi/config/config.go:459.2,459.15 1 0
github.com/muety/wakapi/config/config.go:462.45,463.27 1 0
github.com/muety/wakapi/config/config.go:463.27,465.3 1 0
github.com/muety/wakapi/config/config.go:466.2,466.24 1 0
github.com/muety/wakapi/config/config.go:466.24,468.3 1 0
github.com/muety/wakapi/config/config.go:469.2,469.25 1 0
github.com/muety/wakapi/config/config.go:469.25,471.3 1 0
github.com/muety/wakapi/config/config.go:472.2,472.15 1 0
github.com/muety/wakapi/config/config.go:475.26,477.2 1 0
github.com/muety/wakapi/config/config.go:479.20,481.2 1 0
github.com/muety/wakapi/config/config.go:483.54,485.82 2 0
github.com/muety/wakapi/config/config.go:485.82,487.3 1 0
github.com/muety/wakapi/config/config.go:489.2,495.21 5 0
github.com/muety/wakapi/config/config.go:495.21,497.3 1 0
github.com/muety/wakapi/config/config.go:499.2,507.16 7 0
github.com/muety/wakapi/config/config.go:507.16,511.3 3 0
github.com/muety/wakapi/config/config.go:513.2,519.47 5 0
github.com/muety/wakapi/config/config.go:519.47,520.14 1 0
github.com/muety/wakapi/config/config.go:520.14,522.4 1 0
github.com/muety/wakapi/config/config.go:525.2,525.29 1 0
github.com/muety/wakapi/config/config.go:525.29,526.38 1 0
github.com/muety/wakapi/config/config.go:526.38,528.4 1 0
github.com/muety/wakapi/config/config.go:529.3,530.60 2 0
github.com/muety/wakapi/config/config.go:533.2,533.41 1 0
github.com/muety/wakapi/config/config.go:533.41,535.3 1 0
github.com/muety/wakapi/config/config.go:535.8,537.35 2 0
github.com/muety/wakapi/config/config.go:537.35,539.4 1 0
github.com/muety/wakapi/config/config.go:540.3,540.34 1 0
github.com/muety/wakapi/config/config.go:544.2,544.108 1 0
github.com/muety/wakapi/config/config.go:544.108,546.3 1 0
github.com/muety/wakapi/config/config.go:547.2,547.28 1 0
github.com/muety/wakapi/config/config.go:547.28,549.3 1 0
github.com/muety/wakapi/config/config.go:550.2,550.51 1 0
github.com/muety/wakapi/config/config.go:550.51,553.3 2 0
github.com/muety/wakapi/config/config.go:554.2,554.100 1 0
github.com/muety/wakapi/config/config.go:554.100,556.3 1 0
github.com/muety/wakapi/config/config.go:557.2,557.74 1 0
github.com/muety/wakapi/config/config.go:557.74,559.3 1 0
github.com/muety/wakapi/config/config.go:560.2,560.95 1 0
github.com/muety/wakapi/config/config.go:560.95,562.3 1 0
github.com/muety/wakapi/config/config.go:563.2,563.156 1 0
github.com/muety/wakapi/config/config.go:563.156,565.3 1 0
github.com/muety/wakapi/config/config.go:566.2,566.165 1 0
github.com/muety/wakapi/config/config.go:566.165,568.3 1 0
github.com/muety/wakapi/config/config.go:570.2,572.78 2 0
github.com/muety/wakapi/config/config.go:572.78,574.3 1 0
github.com/muety/wakapi/config/config.go:575.2,575.81 1 0
github.com/muety/wakapi/config/config.go:575.81,577.3 1 0
github.com/muety/wakapi/config/config.go:578.2,578.66 1 0
github.com/muety/wakapi/config/config.go:578.66,579.48 1 0
github.com/muety/wakapi/config/config.go:579.48,581.4 1 0
github.com/muety/wakapi/config/config.go:585.2,585.76 1 0
github.com/muety/wakapi/config/config.go:585.76,587.3 1 0
github.com/muety/wakapi/config/config.go:590.2,590.55 1 0
github.com/muety/wakapi/config/config.go:590.55,592.3 1 0
github.com/muety/wakapi/config/config.go:593.2,593.56 1 0
github.com/muety/wakapi/config/config.go:593.56,595.3 1 0
github.com/muety/wakapi/config/config.go:596.2,596.65 1 0
github.com/muety/wakapi/config/config.go:596.65,598.3 1 0
github.com/muety/wakapi/config/config.go:600.2,601.14 2 0
github.com/muety/wakapi/config/config.go:604.22,614.2 1 0
github.com/muety/wakapi/config/config.go:616.38,619.2 2 0
github.com/muety/wakapi/config/db.go:42.50,43.19 1 0
github.com/muety/wakapi/config/db.go:44.23,48.5 1 0
github.com/muety/wakapi/config/db.go:49.26,52.5 1 0
github.com/muety/wakapi/config/db.go:53.24,54.48 1 0
github.com/muety/wakapi/config/db.go:55.23,56.50 1 0
github.com/muety/wakapi/config/db.go:59.2,59.12 1 0
github.com/muety/wakapi/config/db.go:62.53,63.25 1 1
github.com/muety/wakapi/config/db.go:63.25,65.3 1 0
github.com/muety/wakapi/config/db.go:67.2,69.25 2 1
github.com/muety/wakapi/config/db.go:69.25,71.3 1 1
github.com/muety/wakapi/config/db.go:73.2,80.3 1 1
github.com/muety/wakapi/config/db.go:83.56,84.25 1 1
github.com/muety/wakapi/config/db.go:84.25,86.3 1 0
github.com/muety/wakapi/config/db.go:88.2,89.16 2 1
github.com/muety/wakapi/config/db.go:89.16,91.3 1 0
github.com/muety/wakapi/config/db.go:93.2,100.3 1 1
github.com/muety/wakapi/config/db.go:103.54,105.2 1 1
github.com/muety/wakapi/config/db.go:107.53,113.16 3 1
github.com/muety/wakapi/config/db.go:113.16,115.3 1 1
github.com/muety/wakapi/config/db.go:117.2,124.19 2 1
github.com/muety/wakapi/config/db_opts.go:11.56,13.2 1 0
github.com/muety/wakapi/config/db_opts.go:15.59,17.2 1 0
github.com/muety/wakapi/config/db_opts.go:19.61,21.39 1 0
github.com/muety/wakapi/config/db_opts.go:21.39,23.100 1 0
github.com/muety/wakapi/config/db_opts.go:23.100,25.4 1 0
github.com/muety/wakapi/config/db_opts.go:28.2,28.30 1 0
github.com/muety/wakapi/config/db_opts.go:28.30,29.68 1 0
github.com/muety/wakapi/config/db_opts.go:29.68,31.4 1 0
github.com/muety/wakapi/config/db_opts.go:34.2,34.12 1 0
github.com/muety/wakapi/config/eventbus.go:27.13,29.2 1 1
github.com/muety/wakapi/config/eventbus.go:31.26,33.2 1 0
github.com/muety/wakapi/config/fs.go:9.56,10.19 1 0
github.com/muety/wakapi/config/fs.go:10.19,11.46 1 0
github.com/muety/wakapi/config/fs.go:11.46,13.4 1 0
github.com/muety/wakapi/config/fs.go:14.3,14.98 1 0
github.com/muety/wakapi/config/fs.go:16.2,16.19 1 0
github.com/muety/wakapi/config/jobqueue.go:28.13,30.2 1 1
github.com/muety/wakapi/config/jobqueue.go:32.18,39.2 6 0
github.com/muety/wakapi/config/jobqueue.go:41.48,42.34 1 0
github.com/muety/wakapi/config/jobqueue.go:42.34,44.3 1 0
github.com/muety/wakapi/config/jobqueue.go:45.2,48.12 4 0
github.com/muety/wakapi/config/jobqueue.go:51.44,53.2 1 0
github.com/muety/wakapi/config/jobqueue.go:55.48,56.35 1 0
github.com/muety/wakapi/config/jobqueue.go:56.35,58.3 1 0
github.com/muety/wakapi/config/jobqueue.go:59.2,59.24 1 0
github.com/muety/wakapi/config/jobqueue.go:62.43,64.37 2 0
github.com/muety/wakapi/config/jobqueue.go:64.37,70.3 1 0
github.com/muety/wakapi/config/jobqueue.go:71.2,71.16 1 0
github.com/muety/wakapi/config/jobqueue.go:74.20,75.30 1 0
github.com/muety/wakapi/config/jobqueue.go:75.30,77.3 1 0
github.com/muety/wakapi/config/key_utils.go:10.58,14.44 2 0
github.com/muety/wakapi/config/key_utils.go:14.44,16.17 2 0
github.com/muety/wakapi/config/key_utils.go:16.17,18.4 1 0
github.com/muety/wakapi/config/key_utils.go:19.3,22.17 3 0
github.com/muety/wakapi/config/key_utils.go:22.17,24.4 1 0
github.com/muety/wakapi/config/key_utils.go:25.3,25.46 1 0
github.com/muety/wakapi/config/key_utils.go:29.2,30.16 2 0
github.com/muety/wakapi/config/key_utils.go:30.16,32.3 1 0
github.com/muety/wakapi/config/key_utils.go:33.2,36.51 3 0
github.com/muety/wakapi/config/key_utils.go:36.51,38.3 1 0
github.com/muety/wakapi/config/key_utils.go:39.2,39.45 1 0
github.com/muety/wakapi/config/logging.go:8.29,10.11 2 0
github.com/muety/wakapi/config/logging.go:10.11,12.3 1 0
github.com/muety/wakapi/config/logging.go:12.8,14.3 1 0
github.com/muety/wakapi/config/logging.go:15.2,15.36 1 0
github.com/muety/wakapi/config/sentry.go:26.26,27.25 1 0
github.com/muety/wakapi/config/sentry.go:27.25,29.3 1 0
github.com/muety/wakapi/config/sentry.go:31.2,32.16 2 0
github.com/muety/wakapi/config/sentry.go:32.16,34.3 1 0
github.com/muety/wakapi/config/sentry.go:36.2,36.136 1 0
github.com/muety/wakapi/config/sentry.go:36.136,38.30 2 0
github.com/muety/wakapi/config/sentry.go:38.30,39.29 1 0
github.com/muety/wakapi/config/sentry.go:39.29,41.5 1 0
github.com/muety/wakapi/config/sentry.go:43.3,43.24 1 0
github.com/muety/wakapi/config/sentry.go:46.2,53.21 2 0
github.com/muety/wakapi/config/sentry.go:56.55,60.2 3 0
github.com/muety/wakapi/config/sentry.go:62.62,64.39 2 0
github.com/muety/wakapi/config/sentry.go:64.39,66.3 1 0
github.com/muety/wakapi/config/sentry.go:67.2,67.17 1 0
github.com/muety/wakapi/config/sentry.go:78.73,86.59 1 0
github.com/muety/wakapi/config/sentry.go:86.59,88.38 2 0
github.com/muety/wakapi/config/sentry.go:88.38,89.38 1 0
github.com/muety/wakapi/config/sentry.go:89.38,91.6 1 0
github.com/muety/wakapi/config/sentry.go:93.4,93.50 1 0
github.com/muety/wakapi/config/sentry.go:93.50,95.5 1 0
github.com/muety/wakapi/config/sentry.go:96.4,96.37 1 0
github.com/muety/wakapi/config/sentry.go:98.79,101.4 1 0
github.com/muety/wakapi/config/sentry.go:102.17,104.3 1 0
github.com/muety/wakapi/config/sentry.go:108.43,113.51 2 0
github.com/muety/wakapi/config/sentry.go:113.51,115.3 1 0
github.com/muety/wakapi/config/sentry.go:116.2,116.11 1 0
github.com/muety/wakapi/config/session.go:9.46,10.25 1 0
github.com/muety/wakapi/config/session.go:10.25,12.3 1 0
github.com/muety/wakapi/config/session.go:13.2,13.21 1 0
github.com/muety/wakapi/helpers/date.go:17.73,18.58 1 0
github.com/muety/wakapi/helpers/date.go:18.58,20.3 1 0
github.com/muety/wakapi/helpers/date.go:21.2,21.87 1 0
github.com/muety/wakapi/helpers/date.go:21.87,23.3 1 0
github.com/muety/wakapi/helpers/date.go:24.2,24.64 1 0
github.com/muety/wakapi/helpers/date.go:27.40,29.2 1 0
github.com/muety/wakapi/helpers/date.go:31.44,33.2 1 0
github.com/muety/wakapi/helpers/date.go:35.49,37.2 1 0
github.com/muety/wakapi/helpers/date.go:39.45,41.2 1 0
github.com/muety/wakapi/helpers/date.go:43.50,49.2 5 0
github.com/muety/wakapi/helpers/http.go:11.94,13.16 2 0
github.com/muety/wakapi/helpers/http.go:13.16,15.3 1 0
github.com/muety/wakapi/helpers/http.go:17.2,17.107 1 0
github.com/muety/wakapi/helpers/http.go:17.107,19.3 1 0
github.com/muety/wakapi/helpers/http.go:21.2,21.22 1 0
github.com/muety/wakapi/helpers/http.go:24.90,27.58 3 0
github.com/muety/wakapi/helpers/http.go:27.58,29.3 1 0
github.com/muety/wakapi/helpers/interval.go:10.66,11.40 1 0
github.com/muety/wakapi/helpers/interval.go:11.40,12.27 1 0
github.com/muety/wakapi/helpers/interval.go:12.27,14.4 1 0
github.com/muety/wakapi/helpers/interval.go:16.2,16.48 1 0
github.com/muety/wakapi/helpers/interval.go:19.61,22.2 2 0
github.com/muety/wakapi/helpers/interval.go:24.88,27.2 2 0
github.com/muety/wakapi/helpers/interval.go:29.95,31.16 2 0
github.com/muety/wakapi/helpers/interval.go:31.16,33.3 1 0
github.com/muety/wakapi/helpers/interval.go:34.2,34.38 1 0
github.com/muety/wakapi/helpers/interval.go:37.105,41.18 3 1
github.com/muety/wakapi/helpers/interval.go:42.28,43.32 1 0
github.com/muety/wakapi/helpers/interval.go:44.32,46.30 2 0
github.com/muety/wakapi/helpers/interval.go:47.30,48.34 1 1
github.com/muety/wakapi/helpers/interval.go:49.31,50.35 1 0
github.com/muety/wakapi/helpers/interval.go:51.31,53.33 2 0
github.com/muety/wakapi/helpers/interval.go:54.32,55.36 1 0
github.com/muety/wakapi/helpers/interval.go:56.32,58.34 2 0
github.com/muety/wakapi/helpers/interval.go:59.31,60.35 1 0
github.com/muety/wakapi/helpers/interval.go:61.32,62.31 1 1
github.com/muety/wakapi/helpers/interval.go:63.41,65.48 2 0
github.com/muety/wakapi/helpers/interval.go:66.33,67.32 1 1
github.com/muety/wakapi/helpers/interval.go:68.33,69.32 1 1
github.com/muety/wakapi/helpers/interval.go:70.34,71.31 1 1
github.com/muety/wakapi/helpers/interval.go:72.35,73.32 1 1
github.com/muety/wakapi/helpers/interval.go:74.26,75.21 1 0
github.com/muety/wakapi/helpers/interval.go:76.10,77.39 1 0
github.com/muety/wakapi/helpers/interval.go:80.2,80.22 1 1
github.com/muety/wakapi/helpers/interval.go:84.65,85.15 1 1
github.com/muety/wakapi/helpers/interval.go:85.15,87.3 1 1
github.com/muety/wakapi/helpers/interval.go:88.2,88.14 1 1
github.com/muety/wakapi/helpers/interval.go:88.14,90.3 1 1
github.com/muety/wakapi/helpers/interval.go:91.2,91.14 1 1
github.com/muety/wakapi/helpers/interval.go:91.14,93.3 1 1
github.com/muety/wakapi/helpers/interval.go:94.2,94.15 1 1
github.com/muety/wakapi/helpers/interval.go:94.15,96.3 1 1
github.com/muety/wakapi/helpers/interval.go:97.2,97.15 1 1
github.com/muety/wakapi/helpers/interval.go:97.15,99.3 1 1
github.com/muety/wakapi/helpers/interval.go:100.2,100.16 1 1
github.com/muety/wakapi/helpers/interval.go:100.16,102.3 1 1
github.com/muety/wakapi/helpers/interval.go:103.2,103.16 1 1
github.com/muety/wakapi/helpers/interval.go:103.16,105.3 1 1
github.com/muety/wakapi/helpers/interval.go:106.2,106.41 1 1
github.com/muety/wakapi/helpers/summary.go:10.73,17.56 5 0
github.com/muety/wakapi/helpers/summary.go:17.56,19.3 1 0
github.com/muety/wakapi/helpers/summary.go:19.8,19.54 1 0
github.com/muety/wakapi/helpers/summary.go:19.54,21.3 1 0
github.com/muety/wakapi/helpers/summary.go:21.8,23.17 2 0
github.com/muety/wakapi/helpers/summary.go:23.17,25.4 1 0
github.com/muety/wakapi/helpers/summary.go:27.3,28.17 2 0
github.com/muety/wakapi/helpers/summary.go:28.17,30.4 1 0
github.com/muety/wakapi/helpers/summary.go:33.2,43.8 3 0
github.com/muety/wakapi/helpers/summary.go:46.59,48.48 2 0
github.com/muety/wakapi/helpers/summary.go:48.48,50.3 1 0
github.com/muety/wakapi/helpers/summary.go:51.2,51.49 1 0
github.com/muety/wakapi/helpers/summary.go:51.49,53.3 1 0
github.com/muety/wakapi/helpers/summary.go:54.2,54.47 1 0
github.com/muety/wakapi/helpers/summary.go:54.47,56.3 1 0
github.com/muety/wakapi/helpers/summary.go:57.2,57.48 1 0
github.com/muety/wakapi/helpers/summary.go:57.48,59.3 1 0
github.com/muety/wakapi/helpers/summary.go:60.2,60.57 1 0
github.com/muety/wakapi/helpers/summary.go:60.57,62.3 1 0
github.com/muety/wakapi/helpers/summary.go:63.2,63.46 1 0
github.com/muety/wakapi/helpers/summary.go:63.46,65.3 1 0
github.com/muety/wakapi/helpers/summary.go:66.2,66.47 1 0
github.com/muety/wakapi/helpers/summary.go:66.47,68.3 1 0
github.com/muety/wakapi/helpers/summary.go:69.2,69.47 1 0
github.com/muety/wakapi/helpers/summary.go:69.47,71.3 1 0
github.com/muety/wakapi/helpers/summary.go:72.2,72.49 1 0
github.com/muety/wakapi/helpers/summary.go:72.49,74.3 1 0
github.com/muety/wakapi/helpers/summary.go:75.2,75.16 1 0
github.com/muety/wakapi/helpers/summary.go:78.48,82.51 2 0
github.com/muety/wakapi/helpers/summary.go:82.51,84.3 1 0
github.com/muety/wakapi/helpers/summary.go:85.2,85.12 1 0
github.com/muety/wakapi/middlewares/custom/wakatime.go:31.60,40.2 1 0
github.com/muety/wakapi/middlewares/custom/wakatime.go:42.72,43.71 1 0
github.com/muety/wakapi/middlewares/custom/wakatime.go:43.71,45.3 1 0
github.com/muety/wakapi/middlewares/custom/wakatime.go:48.108,54.70 4 0
github.com/muety/wakapi/middlewares/custom/wakatime.go:54.70,56.3 1 0
github.com/muety/wakapi/middlewares/custom/wakatime.go:58.2,59.46 2 0
github.com/muety/wakapi/middlewares/custom/wakatime.go:59.46,61.3 1 0
github.com/muety/wakapi/middlewares/custom/wakatime.go:63.2,64.16 2 0
github.com/muety/wakapi/middlewares/custom/wakatime.go:64.16,67.3 2 0
github.com/muety/wakapi/middlewares/custom/wakatime.go:69.2,75.28 5 0
github.com/muety/wakapi/middlewares/custom/wakatime.go:75.28,77.3 1 0
github.com/muety/wakapi/middlewares/custom/wakatime.go:79.2,101.3 3 0
github.com/muety/wakapi/middlewares/custom/wakatime.go:104.119,106.16 2 0
github.com/muety/wakapi/middlewares/custom/wakatime.go:106.16,109.3 2 0
github.com/muety/wakapi/middlewares/custom/wakatime.go:111.2,111.28 1 0
github.com/muety/wakapi/middlewares/custom/wakatime.go:111.28,112.23 1 0
github.com/muety/wakapi/middlewares/custom/wakatime.go:112.23,114.4 1 0
github.com/muety/wakapi/middlewares/custom/wakatime.go:117.2,118.16 2 0
github.com/muety/wakapi/middlewares/custom/wakatime.go:118.16,121.3 2 0
github.com/muety/wakapi/middlewares/custom/wakatime.go:123.2,123.61 1 0
github.com/muety/wakapi/middlewares/custom/wakatime.go:123.61,127.57 2 0
github.com/muety/wakapi/middlewares/custom/wakatime.go:127.57,129.4 1 0
github.com/muety/wakapi/middlewares/custom/wakatime.go:130.3,130.81 1 0
github.com/muety/wakapi/middlewares/custom/wakatime.go:130.81,135.4 1 0
github.com/muety/wakapi/middlewares/custom/wakatime.go:135.9,135.23 1 0
github.com/muety/wakapi/middlewares/custom/wakatime.go:135.23,137.4 1 0
github.com/muety/wakapi/middlewares/custom/wakatime.go:145.72,147.16 2 0
github.com/muety/wakapi/middlewares/custom/wakatime.go:147.16,149.3 1 0
github.com/muety/wakapi/middlewares/custom/wakatime.go:151.2,156.94 5 0
github.com/muety/wakapi/middlewares/custom/wakatime.go:156.94,158.3 1 0
github.com/muety/wakapi/middlewares/custom/wakatime.go:160.2,162.68 2 0
github.com/muety/wakapi/middlewares/custom/wakatime.go:162.68,165.58 2 0
github.com/muety/wakapi/middlewares/custom/wakatime.go:165.58,168.4 2 0
github.com/muety/wakapi/middlewares/custom/wakatime.go:171.2,171.50 1 0
github.com/muety/wakapi/middlewares/custom/wakatime.go:171.50,172.33 1 0
github.com/muety/wakapi/middlewares/custom/wakatime.go:172.33,174.4 1 0
github.com/muety/wakapi/middlewares/custom/wakatime.go:175.8,175.32 1 0
github.com/muety/wakapi/middlewares/custom/wakatime.go:175.32,177.3 1 0
github.com/muety/wakapi/middlewares/custom/wakatime.go:179.2,179.23 1 0
github.com/muety/wakapi/middlewares/custom/wakatime.go:179.23,181.3 1 0
github.com/muety/wakapi/middlewares/custom/wakatime.go:183.2,183.37 1 0
github.com/muety/wakapi/middlewares/custom/wakatime.go:183.37,186.3 2 0
github.com/muety/wakapi/middlewares/custom/wakatime.go:188.2,189.62 2 0
github.com/muety/wakapi/middlewares/custom/wakatime.go:189.62,191.3 1 0
github.com/muety/wakapi/middlewares/custom/wakatime.go:192.2,194.12 2 0
github.com/muety/wakapi/mocks/alias_repository.go:13.65,16.2 2 0
github.com/muety/wakapi/mocks/alias_repository.go:18.76,21.2 2 0
github.com/muety/wakapi/mocks/alias_repository.go:23.93,26.2 2 0
github.com/muety/wakapi/mocks/alias_repository.go:28.109,31.2 2 0
github.com/muety/wakapi/mocks/alias_repository.go:33.109,36.2 2 0
github.com/muety/wakapi/mocks/alias_repository.go:38.78,41.2 2 0
github.com/muety/wakapi/mocks/alias_repository.go:43.52,46.2 2 0
github.com/muety/wakapi/mocks/alias_repository.go:48.59,51.2 2 0
github.com/muety/wakapi/mocks/alias_service.go:12.57,15.2 2 0
github.com/muety/wakapi/mocks/alias_service.go:17.59,20.2 2 0
github.com/muety/wakapi/mocks/alias_service.go:22.92,25.2 2 0
github.com/muety/wakapi/mocks/alias_service.go:27.73,30.2 2 0
github.com/muety/wakapi/mocks/alias_service.go:32.89,35.2 2 0
github.com/muety/wakapi/mocks/alias_service.go:37.106,40.2 2 0
github.com/muety/wakapi/mocks/alias_service.go:42.75,45.2 2 0
github.com/muety/wakapi/mocks/alias_service.go:47.58,50.2 2 0
github.com/muety/wakapi/mocks/alias_service.go:52.65,55.2 2 0
github.com/muety/wakapi/mocks/base_repository.go:11.52,14.2 2 0
github.com/muety/wakapi/mocks/base_repository.go:16.73,19.2 2 0
github.com/muety/wakapi/mocks/base_repository.go:21.74,24.2 2 0
github.com/muety/wakapi/mocks/duration_service.go:13.132,16.2 2 0
github.com/muety/wakapi/mocks/heartbeat_service.go:14.66,17.2 2 0
github.com/muety/wakapi/mocks/heartbeat_service.go:19.73,22.2 2 0
github.com/muety/wakapi/mocks/heartbeat_service.go:24.61,27.2 2 0
github.com/muety/wakapi/mocks/heartbeat_service.go:29.78,32.2 2 0
github.com/muety/wakapi/mocks/heartbeat_service.go:34.98,37.2 2 0
github.com/muety/wakapi/mocks/heartbeat_service.go:39.126,42.2 2 0
github.com/muety/wakapi/mocks/heartbeat_service.go:44.160,47.2 2 0
github.com/muety/wakapi/mocks/heartbeat_service.go:49.80,52.2 2 0
github.com/muety/wakapi/mocks/heartbeat_service.go:54.94,57.2 2 0
github.com/muety/wakapi/mocks/heartbeat_service.go:59.113,62.2 2 0
github.com/muety/wakapi/mocks/heartbeat_service.go:64.113,67.2 2 0
github.com/muety/wakapi/mocks/heartbeat_service.go:69.91,72.2 2 0
github.com/muety/wakapi/mocks/heartbeat_service.go:74.67,77.2 2 0
github.com/muety/wakapi/mocks/heartbeat_service.go:79.67,82.2 2 0
github.com/muety/wakapi/mocks/heartbeat_service.go:84.86,87.2 2 0
github.com/muety/wakapi/mocks/heartbeat_service.go:89.146,92.2 2 0
github.com/muety/wakapi/mocks/key_value_service.go:12.83,15.2 2 0
github.com/muety/wakapi/mocks/key_value_service.go:17.78,20.2 2 0
github.com/muety/wakapi/mocks/key_value_service.go:22.87,25.2 2 0
github.com/muety/wakapi/mocks/key_value_service.go:27.73,30.2 2 0
github.com/muety/wakapi/mocks/key_value_service.go:32.60,35.2 2 0
github.com/muety/wakapi/mocks/key_value_service.go:37.69,40.2 2 0
github.com/muety/wakapi/mocks/project_label_service.go:12.81,15.2 2 0
github.com/muety/wakapi/mocks/project_label_service.go:17.87,20.2 2 0
github.com/muety/wakapi/mocks/project_label_service.go:22.105,25.2 2 0
github.com/muety/wakapi/mocks/project_label_service.go:27.113,30.2 2 0
github.com/muety/wakapi/mocks/project_label_service.go:32.96,35.2 2 0
github.com/muety/wakapi/mocks/project_label_service.go:37.72,40.2 2 0
github.com/muety/wakapi/mocks/summary_repository.go:14.65,17.2 2 0
github.com/muety/wakapi/mocks/summary_repository.go:19.69,22.2 2 0
github.com/muety/wakapi/mocks/summary_repository.go:24.120,27.2 2 0
github.com/muety/wakapi/mocks/summary_repository.go:29.79,32.2 2 0
github.com/muety/wakapi/mocks/summary_repository.go:34.62,37.2 2 0
github.com/muety/wakapi/mocks/summary_repository.go:39.81,42.2 2 0
github.com/muety/wakapi/mocks/summary_service.go:14.159,17.2 2 0
github.com/muety/wakapi/mocks/summary_service.go:19.126,22.2 2 0
github.com/muety/wakapi/mocks/summary_service.go:24.127,27.2 2 0
github.com/muety/wakapi/mocks/summary_service.go:29.78,32.2 2 0
github.com/muety/wakapi/mocks/summary_service.go:34.59,37.2 2 0
github.com/muety/wakapi/mocks/summary_service.go:39.78,42.2 2 0
github.com/muety/wakapi/mocks/summary_service.go:44.62,47.2 2 0
github.com/muety/wakapi/mocks/user_service.go:12.71,15.2 2 0
github.com/muety/wakapi/mocks/user_service.go:17.72,20.2 2 0
github.com/muety/wakapi/mocks/user_service.go:22.74,25.2 2 0
github.com/muety/wakapi/mocks/user_service.go:27.79,30.2 2 0
github.com/muety/wakapi/mocks/user_service.go:32.60,35.2 2 0
github.com/muety/wakapi/mocks/user_service.go:37.75,40.2 2 0
github.com/muety/wakapi/mocks/user_service.go:42.71,45.2 2 0
github.com/muety/wakapi/mocks/user_service.go:47.86,50.2 2 0
github.com/muety/wakapi/mocks/user_service.go:52.79,54.23 1 0
github.com/muety/wakapi/mocks/user_service.go:57.75,60.2 2 0
github.com/muety/wakapi/mocks/user_service.go:62.85,65.2 2 0
github.com/muety/wakapi/mocks/user_service.go:67.69,70.2 2 0
github.com/muety/wakapi/mocks/user_service.go:72.50,75.2 2 0
github.com/muety/wakapi/mocks/user_service.go:77.104,80.2 2 0
github.com/muety/wakapi/mocks/user_service.go:82.75,85.2 2 0
github.com/muety/wakapi/mocks/user_service.go:87.59,90.2 2 0
github.com/muety/wakapi/mocks/user_service.go:92.80,95.2 2 0
github.com/muety/wakapi/mocks/user_service.go:97.81,100.2 2 0
github.com/muety/wakapi/mocks/user_service.go:102.109,105.2 2 0
github.com/muety/wakapi/mocks/user_service.go:107.87,110.2 2 0
github.com/muety/wakapi/mocks/user_service.go:112.92,115.2 2 0
github.com/muety/wakapi/mocks/user_service.go:117.40,119.2 1 0
github.com/muety/wakapi/mocks/user_service.go:121.52,123.2 1 0
github.com/muety/wakapi/migrations/20201103_rename_language_mappings_table.go:10.13,13.50 1 0
github.com/muety/wakapi/migrations/20201103_rename_language_mappings_table.go:13.50,18.39 4 0
github.com/muety/wakapi/migrations/20201103_rename_language_mappings_table.go:18.39,20.89 2 0
github.com/muety/wakapi/migrations/20201103_rename_language_mappings_table.go:20.89,22.6 1 0
github.com/muety/wakapi/migrations/20201103_rename_language_mappings_table.go:24.5,25.87 2 0
github.com/muety/wakapi/migrations/20201103_rename_language_mappings_table.go:27.4,27.14 1 0
github.com/muety/wakapi/migrations/20201103_rename_language_mappings_table.go:31.2,31.25 1 0
github.com/muety/wakapi/migrations/20201106_migration_cascade_constraints.go:10.13,15.50 2 0
github.com/muety/wakapi/migrations/20201106_migration_cascade_constraints.go:15.50,21.49 2 0
github.com/muety/wakapi/migrations/20201106_migration_cascade_constraints.go:21.49,27.5 2 0
github.com/muety/wakapi/migrations/20201106_migration_cascade_constraints.go:29.4,29.52 1 0
github.com/muety/wakapi/migrations/20201106_migration_cascade_constraints.go:29.52,32.5 2 0
github.com/muety/wakapi/migrations/20201106_migration_cascade_constraints.go:34.4,34.24 1 0
github.com/muety/wakapi/migrations/20201106_migration_cascade_constraints.go:34.24,36.5 1 0
github.com/muety/wakapi/migrations/20201106_migration_cascade_constraints.go:39.4,52.41 2 0
github.com/muety/wakapi/migrations/20201106_migration_cascade_constraints.go:52.41,53.44 1 0
github.com/muety/wakapi/migrations/20201106_migration_cascade_constraints.go:53.44,55.65 2 0
github.com/muety/wakapi/migrations/20201106_migration_cascade_constraints.go:55.65,57.7 1 0
github.com/muety/wakapi/migrations/20201106_migration_cascade_constraints.go:61.4,62.14 2 0
github.com/muety/wakapi/migrations/20201106_migration_cascade_constraints.go:66.2,66.25 1 0
github.com/muety/wakapi/migrations/20210202_fix_cascade_for_alias_user_constraint.go:10.13,15.50 2 0
github.com/muety/wakapi/migrations/20210202_fix_cascade_for_alias_user_constraint.go:15.50,18.49 2 0
github.com/muety/wakapi/migrations/20210202_fix_cascade_for_alias_user_constraint.go:18.49,22.5 2 0
github.com/muety/wakapi/migrations/20210202_fix_cascade_for_alias_user_constraint.go:24.4,24.52 1 0
github.com/muety/wakapi/migrations/20210202_fix_cascade_for_alias_user_constraint.go:24.52,27.5 2 0
github.com/muety/wakapi/migrations/20210202_fix_cascade_for_alias_user_constraint.go:29.4,29.24 1 0
github.com/muety/wakapi/migrations/20210202_fix_cascade_for_alias_user_constraint.go:29.24,31.5 1 0
github.com/muety/wakapi/migrations/20210202_fix_cascade_for_alias_user_constraint.go:33.4,33.66 1 0
github.com/muety/wakapi/migrations/20210202_fix_cascade_for_alias_user_constraint.go:33.66,35.87 2 0
github.com/muety/wakapi/migrations/20210202_fix_cascade_for_alias_user_constraint.go:35.87,37.6 1 0
github.com/muety/wakapi/migrations/20210202_fix_cascade_for_alias_user_constraint.go:40.4,41.14 2 0
github.com/muety/wakapi/migrations/20210202_fix_cascade_for_alias_user_constraint.go:45.2,45.25 1 0
github.com/muety/wakapi/migrations/20210206_drop_badges_column_add_sharing_flags.go:10.13,13.50 1 0
github.com/muety/wakapi/migrations/20210206_drop_badges_column_add_sharing_flags.go:13.50,16.61 2 0
github.com/muety/wakapi/migrations/20210206_drop_badges_column_add_sharing_flags.go:16.61,19.5 1 0
github.com/muety/wakapi/migrations/20210206_drop_badges_column_add_sharing_flags.go:21.4,21.113 1 0
github.com/muety/wakapi/migrations/20210206_drop_badges_column_add_sharing_flags.go:21.113,23.5 1 0
github.com/muety/wakapi/migrations/20210206_drop_badges_column_add_sharing_flags.go:24.4,24.109 1 0
github.com/muety/wakapi/migrations/20210206_drop_badges_column_add_sharing_flags.go:24.109,26.5 1 0
github.com/muety/wakapi/migrations/20210206_drop_badges_column_add_sharing_flags.go:27.4,27.111 1 0
github.com/muety/wakapi/migrations/20210206_drop_badges_column_add_sharing_flags.go:27.111,29.5 1 0
github.com/muety/wakapi/migrations/20210206_drop_badges_column_add_sharing_flags.go:30.4,30.110 1 0
github.com/muety/wakapi/migrations/20210206_drop_badges_column_add_sharing_flags.go:30.110,32.5 1 0
github.com/muety/wakapi/migrations/20210206_drop_badges_column_add_sharing_flags.go:33.4,33.105 1 0
github.com/muety/wakapi/migrations/20210206_drop_badges_column_add_sharing_flags.go:33.105,35.5 1 0
github.com/muety/wakapi/migrations/20210206_drop_badges_column_add_sharing_flags.go:36.4,36.110 1 0
github.com/muety/wakapi/migrations/20210206_drop_badges_column_add_sharing_flags.go:36.110,38.5 1 0
github.com/muety/wakapi/migrations/20210206_drop_badges_column_add_sharing_flags.go:40.4,40.49 1 0
github.com/muety/wakapi/migrations/20210206_drop_badges_column_add_sharing_flags.go:40.49,43.5 2 0
github.com/muety/wakapi/migrations/20210206_drop_badges_column_add_sharing_flags.go:45.4,45.80 1 0
github.com/muety/wakapi/migrations/20210206_drop_badges_column_add_sharing_flags.go:45.80,47.5 1 0
github.com/muety/wakapi/migrations/20210206_drop_badges_column_add_sharing_flags.go:48.4,50.14 2 0
github.com/muety/wakapi/migrations/20210206_drop_badges_column_add_sharing_flags.go:54.2,54.26 1 0
github.com/muety/wakapi/migrations/20210213_add_has_data_field.go:8.13,12.50 2 0
github.com/muety/wakapi/migrations/20210213_add_has_data_field.go:12.50,13.24 1 0
github.com/muety/wakapi/migrations/20210213_add_has_data_field.go:13.24,15.5 1 0
github.com/muety/wakapi/migrations/20210213_add_has_data_field.go:17.4,19.24 2 0
github.com/muety/wakapi/migrations/20210213_add_has_data_field.go:19.24,21.5 1 0
github.com/muety/wakapi/migrations/20210213_add_has_data_field.go:23.4,23.51 1 0
github.com/muety/wakapi/migrations/20210213_add_has_data_field.go:23.51,25.5 1 0
github.com/muety/wakapi/migrations/20210213_add_has_data_field.go:27.4,28.14 2 0
github.com/muety/wakapi/migrations/20210213_add_has_data_field.go:32.2,32.26 1 0
github.com/muety/wakapi/migrations/20210221_add_created_date_column.go:8.13,12.50 2 0
github.com/muety/wakapi/migrations/20210221_add_created_date_column.go:12.50,13.24 1 0
github.com/muety/wakapi/migrations/20210221_add_created_date_column.go:13.24,15.5 1 0
github.com/muety/wakapi/migrations/20210221_add_created_date_column.go:17.4,17.83 1 0
github.com/muety/wakapi/migrations/20210221_add_created_date_column.go:17.83,19.5 1 0
github.com/muety/wakapi/migrations/20210221_add_created_date_column.go:21.4,22.14 2 0
github.com/muety/wakapi/migrations/20210221_add_created_date_column.go:26.2,26.26 1 0
github.com/muety/wakapi/migrations/20210411_add_imprint_content.go:11.13,15.50 2 0
github.com/muety/wakapi/migrations/20210411_add_imprint_content.go:15.50,16.24 1 0
github.com/muety/wakapi/migrations/20210411_add_imprint_content.go:16.24,18.5 1 0
github.com/muety/wakapi/migrations/20210411_add_imprint_content.go:20.4,27.41 3 0
github.com/muety/wakapi/migrations/20210411_add_imprint_content.go:27.41,29.5 1 0
github.com/muety/wakapi/migrations/20210411_add_imprint_content.go:31.4,32.14 2 0
github.com/muety/wakapi/migrations/20210411_add_imprint_content.go:36.2,36.26 1 0
github.com/muety/wakapi/migrations/20210411_drop_migrations_table.go:9.13,13.50 2 0
github.com/muety/wakapi/migrations/20210411_drop_migrations_table.go:13.50,14.69 1 0
github.com/muety/wakapi/migrations/20210411_drop_migrations_table.go:14.69,16.5 1 0
github.com/muety/wakapi/migrations/20210411_drop_migrations_table.go:17.4,17.14 1 0
github.com/muety/wakapi/migrations/20210411_drop_migrations_table.go:21.2,21.26 1 0
github.com/muety/wakapi/migrations/20210806_remove_persisted_project_labels.go:11.13,15.50 2 0
github.com/muety/wakapi/migrations/20210806_remove_persisted_project_labels.go:15.50,16.24 1 0
github.com/muety/wakapi/migrations/20210806_remove_persisted_project_labels.go:16.24,18.5 1 0
github.com/muety/wakapi/migrations/20210806_remove_persisted_project_labels.go:20.4,21.18 2 0
github.com/muety/wakapi/migrations/20210806_remove_persisted_project_labels.go:21.18,24.5 2 0
github.com/muety/wakapi/migrations/20210806_remove_persisted_project_labels.go:25.4,25.119 1 0
github.com/muety/wakapi/migrations/20210806_remove_persisted_project_labels.go:25.119,28.5 2 0
github.com/muety/wakapi/migrations/20210806_remove_persisted_project_labels.go:29.4,32.14 3 0
github.com/muety/wakapi/migrations/20210806_remove_persisted_project_labels.go:36.2,36.26 1 0
github.com/muety/wakapi/migrations/20211215_migrate_id_to_bigint.go:9.13,13.50 2 0
github.com/muety/wakapi/migrations/20211215_migrate_id_to_bigint.go:13.50,14.24 1 0
github.com/muety/wakapi/migrations/20211215_migrate_id_to_bigint.go:14.24,16.5 1 0
github.com/muety/wakapi/migrations/20211215_migrate_id_to_bigint.go:18.4,20.24 2 0
github.com/muety/wakapi/migrations/20211215_migrate_id_to_bigint.go:20.24,22.115 2 0
github.com/muety/wakapi/migrations/20211215_migrate_id_to_bigint.go:22.115,24.6 1 0
github.com/muety/wakapi/migrations/20211215_migrate_id_to_bigint.go:25.5,25.118 1 0
github.com/muety/wakapi/migrations/20211215_migrate_id_to_bigint.go:25.118,27.6 1 0
github.com/muety/wakapi/migrations/20211215_migrate_id_to_bigint.go:28.5,28.16 1 0
github.com/muety/wakapi/migrations/20211215_migrate_id_to_bigint.go:29.10,29.34 1 0
github.com/muety/wakapi/migrations/20211215_migrate_id_to_bigint.go:29.34,33.95 2 0
github.com/muety/wakapi/migrations/20211215_migrate_id_to_bigint.go:33.95,35.6 1 0
github.com/muety/wakapi/migrations/20211215_migrate_id_to_bigint.go:36.5,36.98 1 0
github.com/muety/wakapi/migrations/20211215_migrate_id_to_bigint.go:36.98,38.6 1 0
github.com/muety/wakapi/migrations/20211215_migrate_id_to_bigint.go:39.5,39.16 1 0
github.com/muety/wakapi/migrations/20211215_migrate_id_to_bigint.go:40.10,44.5 1 0
github.com/muety/wakapi/migrations/20211215_migrate_id_to_bigint.go:46.4,47.14 2 0
github.com/muety/wakapi/migrations/20211215_migrate_id_to_bigint.go:51.2,51.26 1 0
github.com/muety/wakapi/migrations/20212212_total_summary_heartbeats.go:11.13,15.50 2 0
github.com/muety/wakapi/migrations/20212212_total_summary_heartbeats.go:15.50,16.24 1 0
github.com/muety/wakapi/migrations/20212212_total_summary_heartbeats.go:16.24,18.5 1 0
github.com/muety/wakapi/migrations/20212212_total_summary_heartbeats.go:20.4,27.40 3 0
github.com/muety/wakapi/migrations/20212212_total_summary_heartbeats.go:27.40,29.5 1 0
github.com/muety/wakapi/migrations/20212212_total_summary_heartbeats.go:31.4,32.32 2 0
github.com/muety/wakapi/migrations/20212212_total_summary_heartbeats.go:32.32,35.5 2 0
github.com/muety/wakapi/migrations/20212212_total_summary_heartbeats.go:36.4,36.44 1 0
github.com/muety/wakapi/migrations/20212212_total_summary_heartbeats.go:36.44,40.5 3 0
github.com/muety/wakapi/migrations/20212212_total_summary_heartbeats.go:42.4,43.14 2 0
github.com/muety/wakapi/migrations/20212212_total_summary_heartbeats.go:47.2,47.26 1 0
github.com/muety/wakapi/migrations/20220317_align_num_heartbeats.go:10.13,14.50 2 0
github.com/muety/wakapi/migrations/20220317_align_num_heartbeats.go:14.50,15.24 1 0
github.com/muety/wakapi/migrations/20220317_align_num_heartbeats.go:15.24,17.5 1 0
github.com/muety/wakapi/migrations/20220317_align_num_heartbeats.go:19.4,27.40 3 0
github.com/muety/wakapi/migrations/20220317_align_num_heartbeats.go:27.40,29.5 1 0
github.com/muety/wakapi/migrations/20220317_align_num_heartbeats.go:32.4,44.39 2 0
github.com/muety/wakapi/migrations/20220317_align_num_heartbeats.go:44.39,46.5 1 0
github.com/muety/wakapi/migrations/20220317_align_num_heartbeats.go:48.4,51.14 3 0
github.com/muety/wakapi/migrations/20220317_align_num_heartbeats.go:55.2,55.26 1 0
github.com/muety/wakapi/migrations/20220318_mysql_timestamp_precision.go:9.13,13.50 2 0
github.com/muety/wakapi/migrations/20220318_mysql_timestamp_precision.go:13.50,14.24 1 0
github.com/muety/wakapi/migrations/20220318_mysql_timestamp_precision.go:14.24,16.5 1 0
github.com/muety/wakapi/migrations/20220318_mysql_timestamp_precision.go:18.4,18.24 1 0
github.com/muety/wakapi/migrations/20220318_mysql_timestamp_precision.go:18.24,23.110 4 0
github.com/muety/wakapi/migrations/20220318_mysql_timestamp_precision.go:23.110,25.6 1 0
github.com/muety/wakapi/migrations/20220318_mysql_timestamp_precision.go:26.5,26.116 1 0
github.com/muety/wakapi/migrations/20220318_mysql_timestamp_precision.go:26.116,28.6 1 0
github.com/muety/wakapi/migrations/20220318_mysql_timestamp_precision.go:29.5,32.69 3 0
github.com/muety/wakapi/migrations/20220318_mysql_timestamp_precision.go:35.4,36.14 2 0
github.com/muety/wakapi/migrations/20220318_mysql_timestamp_precision.go:40.2,40.26 1 0
github.com/muety/wakapi/migrations/202203191_drop_diagnostics_user.go:10.13,14.50 2 0
github.com/muety/wakapi/migrations/202203191_drop_diagnostics_user.go:14.50,15.24 1 0
github.com/muety/wakapi/migrations/202203191_drop_diagnostics_user.go:15.24,17.5 1 0
github.com/muety/wakapi/migrations/202203191_drop_diagnostics_user.go:19.4,21.60 2 0
github.com/muety/wakapi/migrations/202203191_drop_diagnostics_user.go:21.60,24.97 2 0
github.com/muety/wakapi/migrations/202203191_drop_diagnostics_user.go:24.97,26.6 1 0
github.com/muety/wakapi/migrations/202203191_drop_diagnostics_user.go:28.5,28.81 1 0
github.com/muety/wakapi/migrations/202203191_drop_diagnostics_user.go:28.81,30.6 1 0
github.com/muety/wakapi/migrations/202203191_drop_diagnostics_user.go:33.4,34.14 2 0
github.com/muety/wakapi/migrations/202203191_drop_diagnostics_user.go:38.2,38.26 1 0
github.com/muety/wakapi/migrations/20220403_drop_user_project_idx.go:16.13,22.50 3 0
github.com/muety/wakapi/migrations/20220403_drop_user_project_idx.go:22.50,23.77 1 0
github.com/muety/wakapi/migrations/20220403_drop_user_project_idx.go:23.77,25.5 1 0
github.com/muety/wakapi/migrations/20220403_drop_user_project_idx.go:27.4,27.81 1 0
github.com/muety/wakapi/migrations/20220403_drop_user_project_idx.go:27.81,29.81 2 0
github.com/muety/wakapi/migrations/20220403_drop_user_project_idx.go:29.81,31.6 1 0
github.com/muety/wakapi/migrations/20220403_drop_user_project_idx.go:34.4,35.14 2 0
github.com/muety/wakapi/migrations/20220403_drop_user_project_idx.go:39.2,39.25 1 0
github.com/muety/wakapi/migrations/20220930_drop_heartbeats_entity_idx.go:9.13,15.50 3 0
github.com/muety/wakapi/migrations/20220930_drop_heartbeats_entity_idx.go:15.50,16.109 1 0
github.com/muety/wakapi/migrations/20220930_drop_heartbeats_entity_idx.go:16.109,18.5 1 0
github.com/muety/wakapi/migrations/20220930_drop_heartbeats_entity_idx.go:19.4,19.64 1 0
github.com/muety/wakapi/migrations/20220930_drop_heartbeats_entity_idx.go:23.2,23.25 1 0
github.com/muety/wakapi/migrations/20221002_fix_summary_id_types.go:12.13,17.50 2 0
github.com/muety/wakapi/migrations/20221002_fix_summary_id_types.go:17.50,18.48 1 0
github.com/muety/wakapi/migrations/20221002_fix_summary_id_types.go:18.48,20.5 1 0
github.com/muety/wakapi/migrations/20221002_fix_summary_id_types.go:22.4,22.100 1 0
github.com/muety/wakapi/migrations/20221002_fix_summary_id_types.go:22.100,24.5 1 0
github.com/muety/wakapi/migrations/20221002_fix_summary_id_types.go:26.4,33.42 2 0
github.com/muety/wakapi/migrations/20221002_fix_summary_id_types.go:33.42,35.5 1 0
github.com/muety/wakapi/migrations/20221002_fix_summary_id_types.go:37.4,37.45 1 0
github.com/muety/wakapi/migrations/20221002_fix_summary_id_types.go:37.45,38.83 1 0
github.com/muety/wakapi/migrations/20221002_fix_summary_id_types.go:38.83,39.104 1 0
github.com/muety/wakapi/migrations/20221002_fix_summary_id_types.go:39.104,41.7 1 0
github.com/muety/wakapi/migrations/20221002_fix_summary_id_types.go:43.5,43.85 1 0
github.com/muety/wakapi/migrations/20221002_fix_summary_id_types.go:43.85,44.106 1 0
github.com/muety/wakapi/migrations/20221002_fix_summary_id_types.go:44.106,46.7 1 0
github.com/muety/wakapi/migrations/20221002_fix_summary_id_types.go:48.5,48.84 1 0
github.com/muety/wakapi/migrations/20221002_fix_summary_id_types.go:48.84,49.105 1 0
github.com/muety/wakapi/migrations/20221002_fix_summary_id_types.go:49.105,51.7 1 0
github.com/muety/wakapi/migrations/20221002_fix_summary_id_types.go:53.5,53.93 1 0
github.com/muety/wakapi/migrations/20221002_fix_summary_id_types.go:53.93,54.114 1 0
github.com/muety/wakapi/migrations/20221002_fix_summary_id_types.go:54.114,56.7 1 0
github.com/muety/wakapi/migrations/20221002_fix_summary_id_types.go:58.5,58.84 1 0
github.com/muety/wakapi/migrations/20221002_fix_summary_id_types.go:58.84,59.105 1 0
github.com/muety/wakapi/migrations/20221002_fix_summary_id_types.go:59.105,61.7 1 0
github.com/muety/wakapi/migrations/20221002_fix_summary_id_types.go:64.5,64.87 1 0
github.com/muety/wakapi/migrations/20221002_fix_summary_id_types.go:64.87,65.108 1 0
github.com/muety/wakapi/migrations/20221002_fix_summary_id_types.go:65.108,67.7 1 0
github.com/muety/wakapi/migrations/20221002_fix_summary_id_types.go:69.5,69.82 1 0
github.com/muety/wakapi/migrations/20221002_fix_summary_id_types.go:69.82,70.103 1 0
github.com/muety/wakapi/migrations/20221002_fix_summary_id_types.go:70.103,72.7 1 0
github.com/muety/wakapi/migrations/20221002_fix_summary_id_types.go:75.5,75.78 1 0
github.com/muety/wakapi/migrations/20221002_fix_summary_id_types.go:75.78,77.6 1 0
github.com/muety/wakapi/migrations/20221002_fix_summary_id_types.go:78.5,78.90 1 0
github.com/muety/wakapi/migrations/20221002_fix_summary_id_types.go:78.90,80.6 1 0
github.com/muety/wakapi/migrations/20221002_fix_summary_id_types.go:83.4,83.14 1 0
github.com/muety/wakapi/migrations/20221002_fix_summary_id_types.go:87.2,87.25 1 0
github.com/muety/wakapi/migrations/20221016_drop_rank_column.go:10.13,14.50 2 0
github.com/muety/wakapi/migrations/20221016_drop_rank_column.go:14.50,15.24 1 0
github.com/muety/wakapi/migrations/20221016_drop_rank_column.go:15.24,17.5 1 0
github.com/muety/wakapi/migrations/20221016_drop_rank_column.go:19.4,21.109 2 0
github.com/muety/wakapi/migrations/20221016_drop_rank_column.go:21.109,24.82 2 0
github.com/muety/wakapi/migrations/20221016_drop_rank_column.go:24.82,26.6 1 0
github.com/muety/wakapi/migrations/20221016_drop_rank_column.go:29.4,30.14 2 0
github.com/muety/wakapi/migrations/20221016_drop_rank_column.go:34.2,34.26 1 0
github.com/muety/wakapi/migrations/20221028_fix_heartbeats_time_user_idx.go:15.13,19.50 2 0
github.com/muety/wakapi/migrations/20221028_fix_heartbeats_time_user_idx.go:19.50,22.47 2 0
github.com/muety/wakapi/migrations/20221028_fix_heartbeats_time_user_idx.go:22.47,24.5 1 0
github.com/muety/wakapi/migrations/20221028_fix_heartbeats_time_user_idx.go:26.4,27.24 2 0
github.com/muety/wakapi/migrations/20221028_fix_heartbeats_time_user_idx.go:27.24,31.5 1 0
github.com/muety/wakapi/migrations/20221028_fix_heartbeats_time_user_idx.go:32.4,32.25 1 0
github.com/muety/wakapi/migrations/20221028_fix_heartbeats_time_user_idx.go:32.25,41.35 2 0
github.com/muety/wakapi/migrations/20221028_fix_heartbeats_time_user_idx.go:41.35,43.6 1 0
github.com/muety/wakapi/migrations/20221028_fix_heartbeats_time_user_idx.go:45.5,46.116 2 0
github.com/muety/wakapi/migrations/20221028_fix_heartbeats_time_user_idx.go:46.116,48.6 1 0
github.com/muety/wakapi/migrations/20221028_fix_heartbeats_time_user_idx.go:49.10,51.19 2 0
github.com/muety/wakapi/migrations/20221028_fix_heartbeats_time_user_idx.go:51.19,53.6 1 0
github.com/muety/wakapi/migrations/20221028_fix_heartbeats_time_user_idx.go:55.5,55.33 1 0
github.com/muety/wakapi/migrations/20221028_fix_heartbeats_time_user_idx.go:55.33,56.97 1 0
github.com/muety/wakapi/migrations/20221028_fix_heartbeats_time_user_idx.go:56.97,58.12 2 0
github.com/muety/wakapi/migrations/20221028_fix_heartbeats_time_user_idx.go:63.4,63.13 1 0
github.com/muety/wakapi/migrations/20221028_fix_heartbeats_time_user_idx.go:63.13,65.5 1 0
github.com/muety/wakapi/migrations/20221028_fix_heartbeats_time_user_idx.go:67.4,67.83 1 0
github.com/muety/wakapi/migrations/20221028_fix_heartbeats_time_user_idx.go:67.83,69.5 1 0
github.com/muety/wakapi/migrations/20221028_fix_heartbeats_time_user_idx.go:70.4,72.14 2 0
github.com/muety/wakapi/migrations/20221028_fix_heartbeats_time_user_idx.go:76.2,76.25 1 0
github.com/muety/wakapi/migrations/20230219_add_astro_language.go:9.13,13.50 2 0
github.com/muety/wakapi/migrations/20230219_add_astro_language.go:13.50,14.24 1 0
github.com/muety/wakapi/migrations/20230219_add_astro_language.go:14.24,16.5 1 0
github.com/muety/wakapi/migrations/20230219_add_astro_language.go:18.4,20.130 2 0
github.com/muety/wakapi/migrations/20230219_add_astro_language.go:20.130,22.5 1 0
github.com/muety/wakapi/migrations/20230219_add_astro_language.go:24.4,25.14 2 0
github.com/muety/wakapi/migrations/20230219_add_astro_language.go:29.2,29.26 1 0
github.com/muety/wakapi/migrations/20230219_add_subscription_renewal.go:10.13,14.50 2 0
github.com/muety/wakapi/migrations/20230219_add_subscription_renewal.go:14.50,15.24 1 0
github.com/muety/wakapi/migrations/20230219_add_subscription_renewal.go:15.24,17.5 1 0
github.com/muety/wakapi/migrations/20230219_add_subscription_renewal.go:19.4,21.66 2 0
github.com/muety/wakapi/migrations/20230219_add_subscription_renewal.go:21.66,24.136 2 0
github.com/muety/wakapi/migrations/20230219_add_subscription_renewal.go:24.136,26.6 1 0
github.com/muety/wakapi/migrations/20230219_add_subscription_renewal.go:29.4,30.14 2 0
github.com/muety/wakapi/migrations/20230219_add_subscription_renewal.go:34.2,34.26 1 0
github.com/muety/wakapi/migrations/20231023_fill_last_branch.go:11.13,15.50 2 0
github.com/muety/wakapi/migrations/20231023_fill_last_branch.go:15.50,16.24 1 0
github.com/muety/wakapi/migrations/20231023_fill_last_branch.go:16.24,18.5 1 0
github.com/muety/wakapi/migrations/20231023_fill_last_branch.go:20.4,21.105 2 0
github.com/muety/wakapi/migrations/20231023_fill_last_branch.go:21.105,23.5 1 0
github.com/muety/wakapi/migrations/20231023_fill_last_branch.go:25.4,28.33 2 0
github.com/muety/wakapi/migrations/20231023_fill_last_branch.go:28.33,30.22 2 0
github.com/muety/wakapi/migrations/20231023_fill_last_branch.go:30.22,37.40 2 0
github.com/muety/wakapi/migrations/20231023_fill_last_branch.go:37.40,39.7 1 0
github.com/muety/wakapi/migrations/20231023_fill_last_branch.go:40.6,43.38 1 0
github.com/muety/wakapi/migrations/20231023_fill_last_branch.go:47.4,50.14 3 0
github.com/muety/wakapi/migrations/20231023_fill_last_branch.go:54.2,54.26 1 0
github.com/muety/wakapi/migrations/20241220_share_activity_chart_flag.go:9.13,13.56 2 0
github.com/muety/wakapi/migrations/20241220_share_activity_chart_flag.go:13.56,14.33 1 0
github.com/muety/wakapi/migrations/20241220_share_activity_chart_flag.go:14.33,16.14 1 0
github.com/muety/wakapi/migrations/20241220_share_activity_chart_flag.go:18.13,25.23 3 0
github.com/muety/wakapi/migrations/20241220_share_activity_chart_flag.go:29.5,29.29 1 0
github.com/muety/wakapi/migrations/migrations.go:26.61,27.24 1 0
github.com/muety/wakapi/migrations/migrations.go:28.10,29.34 1 0
github.com/muety/wakapi/migrations/migrations.go:29.34,30.92 1 0
github.com/muety/wakapi/migrations/migrations.go:30.92,32.5 1 0
github.com/muety/wakapi/migrations/migrations.go:33.4,33.102 1 0
github.com/muety/wakapi/migrations/migrations.go:33.102,35.5 1 0
github.com/muety/wakapi/migrations/migrations.go:36.4,36.93 1 0
github.com/muety/wakapi/migrations/migrations.go:36.93,38.5 1 0
github.com/muety/wakapi/migrations/migrations.go:39.4,39.97 1 0
github.com/muety/wakapi/migrations/migrations.go:39.97,41.5 1 0
github.com/muety/wakapi/migrations/migrations.go:42.4,42.95 1 0
github.com/muety/wakapi/migrations/migrations.go:42.95,44.5 1 0
github.com/muety/wakapi/migrations/migrations.go:45.4,45.99 1 0
github.com/muety/wakapi/migrations/migrations.go:45.99,47.5 1 0
github.com/muety/wakapi/migrations/migrations.go:48.4,48.103 1 0
github.com/muety/wakapi/migrations/migrations.go:48.103,50.5 1 0
github.com/muety/wakapi/migrations/migrations.go:51.4,51.100 1 0
github.com/muety/wakapi/migrations/migrations.go:51.100,53.5 1 0
github.com/muety/wakapi/migrations/migrations.go:54.4,54.99 1 0
github.com/muety/wakapi/migrations/migrations.go:54.99,56.5 1 0
github.com/muety/wakapi/migrations/migrations.go:57.4,57.103 1 0
github.com/muety/wakapi/migrations/migrations.go:57.103,59.5 1 0
github.com/muety/wakapi/migrations/migrations.go:60.4,60.14 1 0
github.com/muety/wakapi/migrations/migrations.go:65.44,67.2 1 0
github.com/muety/wakapi/migrations/migrations.go:69.45,71.2 1 0
github.com/muety/wakapi/migrations/migrations.go:73.43,77.2 3 0
github.com/muety/wakapi/migrations/migrations.go:79.59,80.50 1 0
github.com/muety/wakapi/migrations/migrations.go:80.50,82.3 1 0
github.com/muety/wakapi/migrations/migrations.go:85.56,88.34 2 0
github.com/muety/wakapi/migrations/migrations.go:88.34,90.38 2 0
github.com/muety/wakapi/migrations/migrations.go:90.38,92.4 1 0
github.com/muety/wakapi/migrations/migrations.go:96.57,99.35 2 0
github.com/muety/wakapi/migrations/migrations.go:99.35,101.38 2 0
github.com/muety/wakapi/migrations/migrations.go:101.38,103.4 1 0
github.com/muety/wakapi/migrations/migrations.go:107.35,109.2 1 0
github.com/muety/wakapi/migrations/migrations.go:111.45,113.2 1 0
github.com/muety/wakapi/migrations/migrations.go:115.40,117.2 1 0
github.com/muety/wakapi/migrations/shared.go:10.44,14.64 3 0
github.com/muety/wakapi/migrations/shared.go:14.64,17.3 2 0
github.com/muety/wakapi/migrations/shared.go:18.2,18.14 1 0
github.com/muety/wakapi/migrations/shared.go:21.42,25.23 1 0
github.com/muety/wakapi/migrations/shared.go:25.23,27.3 1 0
github.com/muety/wakapi/middlewares/authenticate.go:36.91,43.2 1 1
github.com/muety/wakapi/middlewares/authenticate.go:45.91,48.2 2 0
github.com/muety/wakapi/middlewares/authenticate.go:50.100,53.2 2 0
github.com/muety/wakapi/middlewares/authenticate.go:55.90,58.2 2 0
github.com/muety/wakapi/middlewares/authenticate.go:60.99,63.2 2 0
github.com/muety/wakapi/middlewares/authenticate.go:65.71,66.71 1 0
github.com/muety/wakapi/middlewares/authenticate.go:66.71,68.3 1 0
github.com/muety/wakapi/middlewares/authenticate.go:71.107,75.16 3 0
github.com/muety/wakapi/middlewares/authenticate.go:75.16,77.3 1 0
github.com/muety/wakapi/middlewares/authenticate.go:78.2,78.16 1 0
github.com/muety/wakapi/middlewares/authenticate.go:78.16,80.3 1 0
github.com/muety/wakapi/middlewares/authenticate.go:81.2,81.55 1 0
github.com/muety/wakapi/middlewares/authenticate.go:81.55,83.3 1 0
github.com/muety/wakapi/middlewares/authenticate.go:85.2,85.31 1 0
github.com/muety/wakapi/middlewares/authenticate.go:85.31,86.22 1 0
github.com/muety/wakapi/middlewares/authenticate.go:86.22,89.4 2 0
github.com/muety/wakapi/middlewares/authenticate.go:91.3,91.29 1 0
github.com/muety/wakapi/middlewares/authenticate.go:91.29,94.4 2 0
github.com/muety/wakapi/middlewares/authenticate.go:94.9,95.36 1 0
github.com/muety/wakapi/middlewares/authenticate.go:95.36,99.5 3 0
github.com/muety/wakapi/middlewares/authenticate.go:100.4,101.59 2 0
github.com/muety/wakapi/middlewares/authenticate.go:103.3,103.9 1 0
github.com/muety/wakapi/middlewares/authenticate.go:106.2,107.12 2 0
github.com/muety/wakapi/middlewares/authenticate.go:110.67,111.39 1 0
github.com/muety/wakapi/middlewares/authenticate.go:111.39,112.58 1 0
github.com/muety/wakapi/middlewares/authenticate.go:112.58,114.4 1 0
github.com/muety/wakapi/middlewares/authenticate.go:116.2,116.41 1 0
github.com/muety/wakapi/middlewares/authenticate.go:116.41,117.37 1 0
github.com/muety/wakapi/middlewares/authenticate.go:117.37,119.4 1 0
github.com/muety/wakapi/middlewares/authenticate.go:121.2,121.14 1 0
github.com/muety/wakapi/middlewares/authenticate.go:124.98,126.16 2 1
github.com/muety/wakapi/middlewares/authenticate.go:126.16,128.3 1 1
github.com/muety/wakapi/middlewares/authenticate.go:130.2,133.16 4 1
github.com/muety/wakapi/middlewares/authenticate.go:133.16,135.3 1 0
github.com/muety/wakapi/middlewares/authenticate.go:136.2,136.18 1 1
github.com/muety/wakapi/middlewares/authenticate.go:139.97,143.19 4 1
github.com/muety/wakapi/middlewares/authenticate.go:143.19,145.3 1 1
github.com/muety/wakapi/middlewares/authenticate.go:146.2,147.16 2 1
github.com/muety/wakapi/middlewares/authenticate.go:147.16,149.3 1 0
github.com/muety/wakapi/middlewares/authenticate.go:150.2,150.18 1 1
github.com/muety/wakapi/middlewares/authenticate.go:153.99,154.42 1 1
github.com/muety/wakapi/middlewares/authenticate.go:154.42,156.3 1 1
github.com/muety/wakapi/middlewares/authenticate.go:158.2,159.22 2 1
github.com/muety/wakapi/middlewares/authenticate.go:159.22,161.3 1 0
github.com/muety/wakapi/middlewares/authenticate.go:162.2,162.170 1 1
github.com/muety/wakapi/middlewares/authenticate.go:162.170,164.3 1 1
github.com/muety/wakapi/middlewares/authenticate.go:164.5,166.3 1 1
github.com/muety/wakapi/middlewares/authenticate.go:168.2,168.43 1 1
github.com/muety/wakapi/middlewares/authenticate.go:171.92,173.16 2 0
github.com/muety/wakapi/middlewares/authenticate.go:173.16,175.3 1 0
github.com/muety/wakapi/middlewares/authenticate.go:177.2,178.16 2 0
github.com/muety/wakapi/middlewares/authenticate.go:178.16,180.3 1 0
github.com/muety/wakapi/middlewares/authenticate.go:185.2,185.18 1 0
github.com/muety/wakapi/middlewares/filetype.go:13.83,14.43 1 0
github.com/muety/wakapi/middlewares/filetype.go:14.43,19.3 1 0
github.com/muety/wakapi/middlewares/filetype.go:22.84,24.34 2 0
github.com/muety/wakapi/middlewares/filetype.go:24.34,25.50 1 0
github.com/muety/wakapi/middlewares/filetype.go:25.50,29.4 3 0
github.com/muety/wakapi/middlewares/filetype.go:31.2,31.27 1 0
github.com/muety/wakapi/middlewares/logging.go:21.102,22.43 1 0
github.com/muety/wakapi/middlewares/logging.go:22.43,28.3 1 0
github.com/muety/wakapi/middlewares/logging.go:31.80,40.44 7 0
github.com/muety/wakapi/middlewares/logging.go:40.44,41.38 1 0
github.com/muety/wakapi/middlewares/logging.go:41.38,43.4 1 0
github.com/muety/wakapi/middlewares/logging.go:46.2,54.3 1 0
github.com/muety/wakapi/middlewares/logging.go:57.41,59.14 2 0
github.com/muety/wakapi/middlewares/logging.go:59.14,61.3 1 0
github.com/muety/wakapi/middlewares/logging.go:62.2,62.14 1 0
github.com/muety/wakapi/middlewares/logging.go:62.14,64.3 1 0
github.com/muety/wakapi/middlewares/logging.go:65.2,65.11 1 0
github.com/muety/wakapi/middlewares/logging.go:68.41,69.42 1 0
github.com/muety/wakapi/middlewares/logging.go:69.42,71.3 1 0
github.com/muety/wakapi/middlewares/logging.go:72.2,72.12 1 0
github.com/muety/wakapi/middlewares/logging.go:103.52,105.2 1 0
github.com/muety/wakapi/middlewares/logging.go:117.45,118.20 1 0
github.com/muety/wakapi/middlewares/logging.go:118.20,122.3 3 0
github.com/muety/wakapi/middlewares/logging.go:124.54,127.18 3 0
github.com/muety/wakapi/middlewares/logging.go:127.18,130.17 2 0
github.com/muety/wakapi/middlewares/logging.go:130.17,132.4 1 0
github.com/muety/wakapi/middlewares/logging.go:134.2,135.15 2 0
github.com/muety/wakapi/middlewares/logging.go:137.42,138.20 1 0
github.com/muety/wakapi/middlewares/logging.go:138.20,140.3 1 0
github.com/muety/wakapi/middlewares/logging.go:142.36,144.2 1 0
github.com/muety/wakapi/middlewares/logging.go:145.42,147.2 1 0
github.com/muety/wakapi/middlewares/logging.go:148.40,150.2 1 0
github.com/muety/wakapi/middlewares/logging.go:151.52,153.2 1 0
github.com/muety/wakapi/middlewares/principal.go:15.62,17.2 1 0
github.com/muety/wakapi/middlewares/principal.go:19.58,21.2 1 0
github.com/muety/wakapi/middlewares/principal.go:23.60,24.24 1 0
github.com/muety/wakapi/middlewares/principal.go:24.24,26.3 1 0
github.com/muety/wakapi/middlewares/principal.go:27.2,27.31 1 0
github.com/muety/wakapi/middlewares/principal.go:49.71,50.43 1 0
github.com/muety/wakapi/middlewares/principal.go:50.43,52.3 1 0
github.com/muety/wakapi/middlewares/principal.go:55.81,58.2 2 0
github.com/muety/wakapi/middlewares/principal.go:60.55,61.52 1 0
github.com/muety/wakapi/middlewares/principal.go:61.52,63.3 1 0
github.com/muety/wakapi/middlewares/principal.go:66.49,67.52 1 0
github.com/muety/wakapi/middlewares/principal.go:67.52,69.3 1 0
github.com/muety/wakapi/middlewares/principal.go:70.2,70.12 1 0
github.com/muety/wakapi/middlewares/security.go:19.62,20.43 1 0
github.com/muety/wakapi/middlewares/security.go:20.43,22.3 1 0
github.com/muety/wakapi/middlewares/security.go:25.80,26.36 1 0
github.com/muety/wakapi/middlewares/security.go:26.36,27.30 1 0
github.com/muety/wakapi/middlewares/security.go:27.30,29.4 1 0
github.com/muety/wakapi/middlewares/security.go:31.2,31.27 1 0
github.com/muety/wakapi/middlewares/sentry.go:15.60,16.43 1 0
github.com/muety/wakapi/middlewares/sentry.go:16.43,20.3 1 0
github.com/muety/wakapi/middlewares/sentry.go:23.78,26.54 3 0
github.com/muety/wakapi/middlewares/sentry.go:26.54,27.43 1 0
github.com/muety/wakapi/middlewares/sentry.go:27.43,29.4 1 0
github.com/muety/wakapi/models/view/common.go:30.77,35.21 2 0
github.com/muety/wakapi/models/view/common.go:35.21,37.3 1 0
github.com/muety/wakapi/models/view/common.go:38.2,38.11 1 0
github.com/muety/wakapi/models/view/common.go:41.45,43.2 1 0
github.com/muety/wakapi/models/view/common.go:45.47,47.2 1 0
github.com/muety/wakapi/models/view/home.go:15.62,18.2 2 0
github.com/muety/wakapi/models/view/home.go:20.60,23.2 2 0
github.com/muety/wakapi/models/view/imprint.go:8.68,11.2 2 0
github.com/muety/wakapi/models/view/imprint.go:13.66,16.2 2 0
github.com/muety/wakapi/models/view/imprint.go:18.69,21.2 2 0
github.com/muety/wakapi/models/view/leaderboard.go:20.76,23.2 2 0
github.com/muety/wakapi/models/view/leaderboard.go:25.74,28.2 2 0
github.com/muety/wakapi/models/view/leaderboard.go:30.113,31.53 1 0
github.com/muety/wakapi/models/view/leaderboard.go:31.53,33.3 1 0
github.com/muety/wakapi/models/view/leaderboard.go:34.2,34.20 1 0
github.com/muety/wakapi/models/view/leaderboard.go:34.20,36.3 1 0
github.com/muety/wakapi/models/view/leaderboard.go:37.2,37.20 1 0
github.com/muety/wakapi/models/view/leaderboard.go:37.20,39.3 1 0
github.com/muety/wakapi/models/view/leaderboard.go:40.2,40.20 1 0
github.com/muety/wakapi/models/view/leaderboard.go:40.20,42.3 1 0
github.com/muety/wakapi/models/view/leaderboard.go:43.2,43.18 1 0
github.com/muety/wakapi/models/view/leaderboard.go:46.61,48.2 1 0
github.com/muety/wakapi/models/view/leaderboard.go:50.55,52.2 1 0
github.com/muety/wakapi/models/view/login.go:16.64,19.2 2 0
github.com/muety/wakapi/models/view/login.go:21.62,24.2 2 0
github.com/muety/wakapi/models/view/projects.go:19.58,21.2 1 0
github.com/muety/wakapi/models/view/projects.go:23.65,27.2 3 0
github.com/muety/wakapi/models/view/projects.go:29.70,32.2 2 0
github.com/muety/wakapi/models/view/projects.go:34.68,37.2 2 0
github.com/muety/wakapi/models/view/projects.go:39.49,40.21 1 0
github.com/muety/wakapi/models/view/projects.go:40.21,41.122 1 0
github.com/muety/wakapi/models/view/projects.go:41.122,43.4 1 0
github.com/muety/wakapi/models/view/projects.go:45.2,45.36 1 0
github.com/muety/wakapi/models/view/projects.go:48.75,56.2 3 0
github.com/muety/wakapi/models/view/settings.go:33.57,35.2 1 0
github.com/muety/wakapi/models/view/settings.go:37.70,40.2 2 0
github.com/muety/wakapi/models/view/settings.go:42.68,45.2 2 0
github.com/muety/wakapi/models/view/summary.go:35.82,37.36 2 0
github.com/muety/wakapi/models/view/summary.go:37.36,40.109 1 0
github.com/muety/wakapi/models/view/summary.go:40.109,45.5 1 0
github.com/muety/wakapi/models/view/summary.go:48.2,48.22 1 0
github.com/muety/wakapi/models/view/summary.go:51.51,58.2 2 0
github.com/muety/wakapi/models/view/summary.go:60.68,63.2 2 0
github.com/muety/wakapi/models/view/summary.go:65.66,68.2 2 0
github.com/muety/wakapi/models/view/utils.go:5.46,32.55 2 0
github.com/muety/wakapi/models/view/utils.go:32.55,34.3 1 0
github.com/muety/wakapi/models/view/utils.go:35.2,35.11 1 0
github.com/muety/wakapi/models/compat/wakatime/v1/all_time.go:30.64,47.2 3 0
github.com/muety/wakapi/models/compat/wakatime/v1/heartbeat.go:53.72,55.36 2 0
github.com/muety/wakapi/models/compat/wakatime/v1/heartbeat.go:55.36,77.3 2 0
github.com/muety/wakapi/models/compat/wakatime/v1/heartbeat.go:78.2,78.12 1 0
github.com/muety/wakapi/models/compat/wakatime/v1/stats.go:41.85,56.17 4 0
github.com/muety/wakapi/models/compat/wakatime/v1/stats.go:56.17,59.3 2 0
github.com/muety/wakapi/models/compat/wakatime/v1/stats.go:60.2,60.71 1 0
github.com/muety/wakapi/models/compat/wakatime/v1/stats.go:60.71,62.3 1 0
github.com/muety/wakapi/models/compat/wakatime/v1/stats.go:64.2,65.36 2 0
github.com/muety/wakapi/models/compat/wakatime/v1/stats.go:65.36,67.3 1 0
github.com/muety/wakapi/models/compat/wakatime/v1/stats.go:69.2,70.38 2 0
github.com/muety/wakapi/models/compat/wakatime/v1/stats.go:70.38,72.3 1 0
github.com/muety/wakapi/models/compat/wakatime/v1/stats.go:74.2,75.37 2 0
github.com/muety/wakapi/models/compat/wakatime/v1/stats.go:75.37,77.3 1 0
github.com/muety/wakapi/models/compat/wakatime/v1/stats.go:79.2,80.37 2 0
github.com/muety/wakapi/models/compat/wakatime/v1/stats.go:80.37,82.3 1 0
github.com/muety/wakapi/models/compat/wakatime/v1/stats.go:84.2,85.45 2 0
github.com/muety/wakapi/models/compat/wakatime/v1/stats.go:85.45,87.3 1 0
github.com/muety/wakapi/models/compat/wakatime/v1/stats.go:89.2,90.37 2 0
github.com/muety/wakapi/models/compat/wakatime/v1/stats.go:90.37,92.3 1 0
github.com/muety/wakapi/models/compat/wakatime/v1/stats.go:94.2,95.39 2 0
github.com/muety/wakapi/models/compat/wakatime/v1/stats.go:95.39,97.3 1 0
github.com/muety/wakapi/models/compat/wakatime/v1/stats.go:101.2,109.29 8 0
github.com/muety/wakapi/models/compat/wakatime/v1/stats.go:109.29,111.3 1 0
github.com/muety/wakapi/models/compat/wakatime/v1/stats.go:113.2,115.3 1 0
github.com/muety/wakapi/models/compat/wakatime/v1/summaries.go:86.55,88.44 2 0
github.com/muety/wakapi/models/compat/wakatime/v1/summaries.go:88.44,94.3 1 0
github.com/muety/wakapi/models/compat/wakatime/v1/summaries.go:95.2,95.34 1 0
github.com/muety/wakapi/models/compat/wakatime/v1/summaries.go:98.72,102.30 3 0
github.com/muety/wakapi/models/compat/wakatime/v1/summaries.go:102.30,105.37 2 0
github.com/muety/wakapi/models/compat/wakatime/v1/summaries.go:105.37,107.4 1 0
github.com/muety/wakapi/models/compat/wakatime/v1/summaries.go:108.3,108.34 1 0
github.com/muety/wakapi/models/compat/wakatime/v1/summaries.go:108.34,110.4 1 0
github.com/muety/wakapi/models/compat/wakatime/v1/summaries.go:113.2,115.30 3 0
github.com/muety/wakapi/models/compat/wakatime/v1/summaries.go:115.30,119.3 3 0
github.com/muety/wakapi/models/compat/wakatime/v1/summaries.go:121.2,145.3 5 0
github.com/muety/wakapi/models/compat/wakatime/v1/summaries.go:148.52,182.67 7 0
github.com/muety/wakapi/models/compat/wakatime/v1/summaries.go:182.67,184.32 2 0
github.com/muety/wakapi/models/compat/wakatime/v1/summaries.go:184.32,186.4 1 0
github.com/muety/wakapi/models/compat/wakatime/v1/summaries.go:189.2,190.67 2 0
github.com/muety/wakapi/models/compat/wakatime/v1/summaries.go:190.67,192.31 2 0
github.com/muety/wakapi/models/compat/wakatime/v1/summaries.go:192.31,194.4 1 0
github.com/muety/wakapi/models/compat/wakatime/v1/summaries.go:197.2,198.67 2 0
github.com/muety/wakapi/models/compat/wakatime/v1/summaries.go:198.67,200.33 2 0
github.com/muety/wakapi/models/compat/wakatime/v1/summaries.go:200.33,202.4 1 0
github.com/muety/wakapi/models/compat/wakatime/v1/summaries.go:205.2,206.67 2 0
github.com/muety/wakapi/models/compat/wakatime/v1/summaries.go:206.67,208.40 2 0
github.com/muety/wakapi/models/compat/wakatime/v1/summaries.go:208.40,210.4 1 0
github.com/muety/wakapi/models/compat/wakatime/v1/summaries.go:213.2,214.67 2 0
github.com/muety/wakapi/models/compat/wakatime/v1/summaries.go:214.67,216.32 2 0
github.com/muety/wakapi/models/compat/wakatime/v1/summaries.go:216.32,218.4 1 0
github.com/muety/wakapi/models/compat/wakatime/v1/summaries.go:221.2,222.67 2 0
github.com/muety/wakapi/models/compat/wakatime/v1/summaries.go:222.67,224.32 2 0
github.com/muety/wakapi/models/compat/wakatime/v1/summaries.go:224.32,226.4 1 0
github.com/muety/wakapi/models/compat/wakatime/v1/summaries.go:229.2,230.67 2 0
github.com/muety/wakapi/models/compat/wakatime/v1/summaries.go:230.67,232.32 2 0
github.com/muety/wakapi/models/compat/wakatime/v1/summaries.go:232.32,234.4 1 0
github.com/muety/wakapi/models/compat/wakatime/v1/summaries.go:237.2,238.67 2 0
github.com/muety/wakapi/models/compat/wakatime/v1/summaries.go:238.67,240.34 2 0
github.com/muety/wakapi/models/compat/wakatime/v1/summaries.go:240.34,242.4 1 0
github.com/muety/wakapi/models/compat/wakatime/v1/summaries.go:245.2,245.23 1 0
github.com/muety/wakapi/models/compat/wakatime/v1/summaries.go:245.23,247.3 1 0
github.com/muety/wakapi/models/compat/wakatime/v1/summaries.go:248.2,248.23 1 0
github.com/muety/wakapi/models/compat/wakatime/v1/summaries.go:248.23,250.3 1 0
github.com/muety/wakapi/models/compat/wakatime/v1/summaries.go:252.2,253.13 2 0
github.com/muety/wakapi/models/compat/wakatime/v1/summaries.go:256.85,262.57 6 0
github.com/muety/wakapi/models/compat/wakatime/v1/summaries.go:262.57,264.3 1 0
github.com/muety/wakapi/models/compat/wakatime/v1/summaries.go:266.2,275.3 1 0
github.com/muety/wakapi/models/compat/wakatime/v1/user.go:38.43,41.25 3 0
github.com/muety/wakapi/models/compat/wakatime/v1/user.go:41.25,43.3 1 0
github.com/muety/wakapi/models/compat/wakatime/v1/user.go:45.2,47.43 2 0
github.com/muety/wakapi/models/compat/wakatime/v1/user.go:47.43,49.3 1 0
github.com/muety/wakapi/models/compat/wakatime/v1/user.go:51.2,60.3 1 0
github.com/muety/wakapi/models/compat/wakatime/v1/user.go:63.63,68.2 4 0
github.com/muety/wakapi/models/compat/shields/v1/badge.go:22.59,29.2 1 0
github.com/muety/wakapi/models/metrics/counter_metric.go:12.37,14.2 1 0
github.com/muety/wakapi/models/metrics/counter_metric.go:16.39,18.2 1 0
github.com/muety/wakapi/models/metrics/counter_metric.go:20.40,22.2 1 0
github.com/muety/wakapi/models/metrics/gauge_metric.go:12.35,14.2 1 0
github.com/muety/wakapi/models/metrics/gauge_metric.go:16.37,18.2 1 0
github.com/muety/wakapi/models/metrics/gauge_metric.go:20.38,22.2 1 0
github.com/muety/wakapi/models/metrics/label.go:15.32,17.22 2 0
github.com/muety/wakapi/models/metrics/label.go:17.22,19.3 1 0
github.com/muety/wakapi/models/metrics/label.go:20.2,20.17 1 0
github.com/muety/wakapi/models/metrics/label.go:20.17,22.3 1 0
github.com/muety/wakapi/models/metrics/label.go:23.2,23.62 1 0
github.com/muety/wakapi/models/metrics/label.go:26.31,28.2 1 0
github.com/muety/wakapi/models/metrics/metric.go:14.42,16.22 2 0
github.com/muety/wakapi/models/metrics/metric.go:16.22,17.44 1 0
github.com/muety/wakapi/models/metrics/metric.go:17.44,20.4 2 0
github.com/muety/wakapi/models/metrics/metric.go:21.3,21.43 1 0
github.com/muety/wakapi/models/metrics/metric.go:24.2,24.15 1 0
github.com/muety/wakapi/models/metrics/metric.go:27.28,29.2 1 0
github.com/muety/wakapi/models/metrics/metric.go:31.38,33.2 1 0
github.com/muety/wakapi/models/metrics/metric.go:35.33,37.2 1 0
github.com/muety/wakapi/repositories/alias.go:13.55,15.2 1 0
github.com/muety/wakapi/repositories/alias.go:17.61,19.50 2 0
github.com/muety/wakapi/repositories/alias.go:19.50,21.3 1 0
github.com/muety/wakapi/repositories/alias.go:22.2,22.21 1 0
github.com/muety/wakapi/repositories/alias.go:25.77,27.18 2 0
github.com/muety/wakapi/repositories/alias.go:27.18,29.3 1 0
github.com/muety/wakapi/repositories/alias.go:30.2,32.36 1 0
github.com/muety/wakapi/repositories/alias.go:32.36,34.3 1 0
github.com/muety/wakapi/repositories/alias.go:35.2,35.21 1 0
github.com/muety/wakapi/repositories/alias.go:38.88,40.18 2 0
github.com/muety/wakapi/repositories/alias.go:40.18,42.3 1 0
github.com/muety/wakapi/repositories/alias.go:43.2,48.36 1 0
github.com/muety/wakapi/repositories/alias.go:48.36,50.3 1 0
github.com/muety/wakapi/repositories/alias.go:51.2,51.21 1 0
github.com/muety/wakapi/repositories/alias.go:54.114,56.18 2 0
github.com/muety/wakapi/repositories/alias.go:56.18,58.3 1 0
github.com/muety/wakapi/repositories/alias.go:59.2,65.36 1 0
github.com/muety/wakapi/repositories/alias.go:65.36,67.3 1 0
github.com/muety/wakapi/repositories/alias.go:68.2,68.21 1 0
github.com/muety/wakapi/repositories/alias.go:71.123,73.18 2 0
github.com/muety/wakapi/repositories/alias.go:73.18,75.3 1 0
github.com/muety/wakapi/repositories/alias.go:76.2,82.34 1 0
github.com/muety/wakapi/repositories/alias.go:82.34,84.3 1 0
github.com/muety/wakapi/repositories/alias.go:85.2,85.19 1 0
github.com/muety/wakapi/repositories/alias.go:88.78,89.22 1 0
github.com/muety/wakapi/repositories/alias.go:89.22,91.3 1 0
github.com/muety/wakapi/repositories/alias.go:92.2,93.37 2 0
github.com/muety/wakapi/repositories/alias.go:93.37,95.3 1 0
github.com/muety/wakapi/repositories/alias.go:96.2,96.19 1 0
github.com/muety/wakapi/repositories/alias.go:99.49,103.2 1 0
github.com/muety/wakapi/repositories/alias.go:105.57,109.2 1 0
github.com/muety/wakapi/repositories/base.go:12.52,14.2 1 0
github.com/muety/wakapi/repositories/base.go:16.48,18.2 1 0
github.com/muety/wakapi/repositories/base.go:20.88,21.84 1 0
github.com/muety/wakapi/repositories/base.go:21.84,23.3 1 0
github.com/muety/wakapi/repositories/base.go:23.8,25.3 1 0
github.com/muety/wakapi/repositories/base.go:26.2,26.20 1 0
github.com/muety/wakapi/repositories/base.go:29.89,30.84 1 0
github.com/muety/wakapi/repositories/base.go:30.84,36.3 1 0
github.com/muety/wakapi/repositories/base.go:36.8,38.3 1 0
github.com/muety/wakapi/repositories/base.go:39.2,39.20 1 0
github.com/muety/wakapi/repositories/diagnostics.go:12.67,14.2 1 0
github.com/muety/wakapi/repositories/diagnostics.go:16.102,18.2 1 0
github.com/muety/wakapi/repositories/heartbeat.go:22.63,24.2 1 0
github.com/muety/wakapi/repositories/heartbeat.go:27.69,29.53 2 0
github.com/muety/wakapi/repositories/heartbeat.go:29.53,31.3 1 0
github.com/muety/wakapi/repositories/heartbeat.go:32.2,32.24 1 0
github.com/muety/wakapi/repositories/heartbeat.go:35.81,38.61 1 0
github.com/muety/wakapi/repositories/heartbeat.go:38.61,39.32 1 0
github.com/muety/wakapi/repositories/heartbeat.go:39.32,41.18 2 0
github.com/muety/wakapi/repositories/heartbeat.go:41.18,42.140 1 0
github.com/muety/wakapi/repositories/heartbeat.go:42.141,44.6 0 0
github.com/muety/wakapi/repositories/heartbeat.go:44.11,46.6 1 0
github.com/muety/wakapi/repositories/heartbeat.go:49.3,49.13 1 0
github.com/muety/wakapi/repositories/heartbeat.go:52.2,56.41 1 0
github.com/muety/wakapi/repositories/heartbeat.go:56.41,58.3 1 0
github.com/muety/wakapi/repositories/heartbeat.go:59.2,59.12 1 0
github.com/muety/wakapi/repositories/heartbeat.go:62.93,69.38 2 0
github.com/muety/wakapi/repositories/heartbeat.go:69.38,71.3 1 0
github.com/muety/wakapi/repositories/heartbeat.go:72.2,72.24 1 0
github.com/muety/wakapi/repositories/heartbeat.go:75.117,85.38 2 0
github.com/muety/wakapi/repositories/heartbeat.go:85.38,87.3 1 0
github.com/muety/wakapi/repositories/heartbeat.go:88.2,88.24 1 0
github.com/muety/wakapi/repositories/heartbeat.go:91.112,99.39 2 0
github.com/muety/wakapi/repositories/heartbeat.go:99.39,101.3 1 0
github.com/muety/wakapi/repositories/heartbeat.go:102.2,102.24 1 0
github.com/muety/wakapi/repositories/heartbeat.go:105.152,116.50 4 0
github.com/muety/wakapi/repositories/heartbeat.go:116.50,118.3 1 0
github.com/muety/wakapi/repositories/heartbeat.go:119.2,119.24 1 0
github.com/muety/wakapi/repositories/heartbeat.go:122.127,130.58 4 0
github.com/muety/wakapi/repositories/heartbeat.go:130.58,132.3 1 0
github.com/muety/wakapi/repositories/heartbeat.go:133.2,133.23 1 0
github.com/muety/wakapi/repositories/heartbeat.go:136.79,145.2 3 0
github.com/muety/wakapi/repositories/heartbeat.go:147.78,156.2 3 0
github.com/muety/wakapi/repositories/heartbeat.go:158.80,159.42 1 0
github.com/muety/wakapi/repositories/heartbeat.go:159.42,165.3 1 0
github.com/muety/wakapi/repositories/heartbeat.go:167.2,167.16 1 0
github.com/muety/wakapi/repositories/heartbeat.go:167.16,171.3 1 0
github.com/muety/wakapi/repositories/heartbeat.go:172.2,172.19 1 0
github.com/muety/wakapi/repositories/heartbeat.go:175.77,180.35 2 0
github.com/muety/wakapi/repositories/heartbeat.go:180.35,182.3 1 0
github.com/muety/wakapi/repositories/heartbeat.go:183.2,183.19 1 0
github.com/muety/wakapi/repositories/heartbeat.go:186.97,190.26 3 0
github.com/muety/wakapi/repositories/heartbeat.go:190.26,192.3 1 0
github.com/muety/wakapi/repositories/heartbeat.go:194.2,194.23 1 0
github.com/muety/wakapi/repositories/heartbeat.go:194.23,196.3 1 0
github.com/muety/wakapi/repositories/heartbeat.go:198.2,203.35 1 0
github.com/muety/wakapi/repositories/heartbeat.go:203.35,205.3 1 0
github.com/muety/wakapi/repositories/heartbeat.go:207.2,207.20 1 0
github.com/muety/wakapi/repositories/heartbeat.go:210.101,216.36 2 0
github.com/muety/wakapi/repositories/heartbeat.go:216.36,218.3 1 0
github.com/muety/wakapi/repositories/heartbeat.go:219.2,219.21 1 0
github.com/muety/wakapi/repositories/heartbeat.go:222.63,225.48 1 0
github.com/muety/wakapi/repositories/heartbeat.go:225.48,227.3 1 0
github.com/muety/wakapi/repositories/heartbeat.go:228.2,228.12 1 0
github.com/muety/wakapi/repositories/heartbeat.go:231.69,234.48 1 0
github.com/muety/wakapi/repositories/heartbeat.go:234.48,236.3 1 0
github.com/muety/wakapi/repositories/heartbeat.go:237.2,237.12 1 0
github.com/muety/wakapi/repositories/heartbeat.go:240.88,244.48 1 0
github.com/muety/wakapi/repositories/heartbeat.go:244.48,246.3 1 0
github.com/muety/wakapi/repositories/heartbeat.go:247.2,247.12 1 0
github.com/muety/wakapi/repositories/heartbeat.go:250.141,269.27 4 0
github.com/muety/wakapi/repositories/heartbeat.go:269.27,271.3 1 0
github.com/muety/wakapi/repositories/heartbeat.go:273.2,316.41 3 0
github.com/muety/wakapi/repositories/heartbeat.go:316.41,318.3 1 0
github.com/muety/wakapi/repositories/heartbeat.go:320.2,320.26 1 0
github.com/muety/wakapi/repositories/heartbeat.go:323.97,324.35 1 0
github.com/muety/wakapi/repositories/heartbeat.go:324.35,325.91 1 0
github.com/muety/wakapi/repositories/heartbeat.go:325.91,327.18 1 0
github.com/muety/wakapi/repositories/heartbeat.go:327.18,329.5 1 0
[...]
github.com/muety/wakapi/services/misc.go:132.4,135.19 1 0
github.com/muety/wakapi/services/misc.go:135.19,137.5 1 0
github.com/muety/wakapi/services/misc.go:138.9,140.4 1 0
github.com/muety/wakapi/services/misc.go:144.51,147.45 2 0
github.com/muety/wakapi/services/misc.go:147.45,148.41 1 0
github.com/muety/wakapi/services/misc.go:148.41,151.4 2 0
github.com/muety/wakapi/services/misc.go:152.3,155.17 3 0
github.com/muety/wakapi/services/misc.go:155.17,158.4 2 0
github.com/muety/wakapi/services/misc.go:160.3,160.33 1 0
github.com/muety/wakapi/services/misc.go:160.33,161.31 1 0
github.com/muety/wakapi/services/misc.go:161.31,162.13 1 0
github.com/muety/wakapi/services/misc.go:165.4,169.19 2 0
github.com/muety/wakapi/services/misc.go:169.19,171.5 1 0
github.com/muety/wakapi/services/misc.go:173.17,175.3 1 0
github.com/muety/wakapi/services/misc.go:186.54,187.82 1 0
github.com/muety/wakapi/services/misc.go:187.82,189.3 1 0
github.com/muety/wakapi/services/misc.go:191.2,195.16 4 0
github.com/muety/wakapi/services/misc.go:195.16,198.3 2 0
github.com/muety/wakapi/services/misc.go:200.2,201.104 2 0
github.com/muety/wakapi/services/misc.go:201.104,202.122 1 0
github.com/muety/wakapi/services/misc.go:202.122,204.4 1 0
github.com/muety/wakapi/services/misc.go:205.8,208.3 2 0
github.com/muety/wakapi/services/misc.go:210.2,210.26 1 0
github.com/muety/wakapi/services/misc.go:210.26,211.49 1 0
github.com/muety/wakapi/services/misc.go:211.49,213.4 1 0
github.com/muety/wakapi/services/misc.go:215.3,216.65 2 0
github.com/muety/wakapi/services/misc.go:216.65,218.130 1 0
github.com/muety/wakapi/services/misc.go:218.130,220.5 1 0
github.com/muety/wakapi/services/misc.go:220.10,220.25 1 0
github.com/muety/wakapi/services/misc.go:220.25,223.5 2 0
github.com/muety/wakapi/services/misc.go:230.3,230.137 1 0
github.com/muety/wakapi/services/misc.go:230.137,231.12 1 0
github.com/muety/wakapi/services/misc.go:234.3,235.89 2 0
github.com/muety/wakapi/services/misc.go:235.89,237.4 1 0
github.com/muety/wakapi/services/misc.go:241.73,243.16 2 0
github.com/muety/wakapi/services/misc.go:243.16,246.3 2 0
github.com/muety/wakapi/services/misc.go:247.2,247.27 1 0
github.com/muety/wakapi/services/misc.go:250.99,252.33 2 0
github.com/muety/wakapi/services/misc.go:252.33,256.86 3 0
github.com/muety/wakapi/services/misc.go:256.86,259.4 2 0
github.com/muety/wakapi/services/misc.go:261.3,264.18 1 0
github.com/muety/wakapi/services/misc.go:264.18,266.4 1 0
github.com/muety/wakapi/services/misc.go:270.53,272.16 2 0
github.com/muety/wakapi/services/misc.go:272.16,274.3 1 0
github.com/muety/wakapi/services/misc.go:275.2,275.25 1 0
github.com/muety/wakapi/services/misc.go:278.53,280.16 2 0
github.com/muety/wakapi/services/misc.go:280.16,282.3 1 0
github.com/muety/wakapi/services/misc.go:283.2,283.25 1 0
github.com/muety/wakapi/services/misc.go:286.64,288.16 2 0
github.com/muety/wakapi/services/misc.go:288.16,290.3 1 0
github.com/muety/wakapi/services/misc.go:291.2,291.25 1 0
github.com/muety/wakapi/services/project_label.go:21.111,28.2 1 0
github.com/muety/wakapi/services/project_label.go:30.80,32.2 1 0
github.com/muety/wakapi/services/project_label.go:34.90,35.51 1 0
github.com/muety/wakapi/services/project_label.go:35.51,37.3 1 0
github.com/muety/wakapi/services/project_label.go:39.2,40.16 2 0
github.com/muety/wakapi/services/project_label.go:40.16,42.3 1 0
github.com/muety/wakapi/services/project_label.go:43.2,44.20 2 0
github.com/muety/wakapi/services/project_label.go:48.108,50.16 2 0
github.com/muety/wakapi/services/project_label.go:50.16,52.3 1 0
github.com/muety/wakapi/services/project_label.go:53.2,53.112 1 0
github.com/muety/wakapi/services/project_label.go:53.112,55.3 1 0
github.com/muety/wakapi/services/project_label.go:56.2,56.26 1 0
github.com/muety/wakapi/services/project_label.go:60.116,62.16 2 0
github.com/muety/wakapi/services/project_label.go:62.16,64.3 1 0
github.com/muety/wakapi/services/project_label.go:65.2,65.112 1 0
github.com/muety/wakapi/services/project_label.go:65.112,67.3 1 0
github.com/muety/wakapi/services/project_label.go:68.2,68.26 1 0
github.com/muety/wakapi/services/project_label.go:71.98,73.16 2 0
github.com/muety/wakapi/services/project_label.go:73.16,75.3 1 0
github.com/muety/wakapi/services/project_label.go:77.2,79.20 3 0
github.com/muety/wakapi/services/project_label.go:82.74,83.24 1 0
github.com/muety/wakapi/services/project_label.go:83.24,85.3 1 0
github.com/muety/wakapi/services/project_label.go:86.2,89.12 4 0
github.com/muety/wakapi/services/project_label.go:92.89,94.14 2 0
github.com/muety/wakapi/services/project_label.go:94.14,96.3 1 0
github.com/muety/wakapi/services/project_label.go:97.2,100.4 1 0
github.com/muety/wakapi/services/report.go:33.122,46.2 2 0
github.com/muety/wakapi/services/report.go:48.38,51.45 2 0
github.com/muety/wakapi/services/report.go:51.45,52.46 1 0
github.com/muety/wakapi/services/report.go:52.46,55.57 2 0
github.com/muety/wakapi/services/report.go:55.57,57.5 1 0
github.com/muety/wakapi/services/report.go:60.4,60.58 1 0
github.com/muety/wakapi/services/report.go:60.58,63.5 2 0
github.com/muety/wakapi/services/report.go:64.18,66.4 1 0
github.com/muety/wakapi/services/report.go:69.2,69.49 1 0
github.com/muety/wakapi/services/report.go:69.49,72.17 2 0
github.com/muety/wakapi/services/report.go:72.17,75.4 2 0
github.com/muety/wakapi/services/report.go:78.3,78.78 1 0
github.com/muety/wakapi/services/report.go:78.78,80.4 1 0
github.com/muety/wakapi/services/report.go:83.3,84.27 2 0
github.com/muety/wakapi/services/report.go:84.27,86.4 1 0
github.com/muety/wakapi/services/report.go:89.2,89.16 1 0
github.com/muety/wakapi/services/report.go:89.16,91.3 1 0
github.com/muety/wakapi/services/report.go:94.87,95.22 1 0
github.com/muety/wakapi/services/report.go:95.22,98.3 2 0
github.com/muety/wakapi/services/report.go:100.2,106.16 5 0
github.com/muety/wakapi/services/report.go:106.16,109.3 2 0
github.com/muety/wakapi/services/report.go:112.2,115.40 3 0
github.com/muety/wakapi/services/report.go:115.40,118.17 3 0
github.com/muety/wakapi/services/report.go:118.17,120.9 2 0
github.com/muety/wakapi/services/report.go:122.3,124.30 3 0
github.com/muety/wakapi/services/report.go:127.2,135.65 2 0
github.com/muety/wakapi/services/report.go:135.65,138.3 2 0
github.com/muety/wakapi/services/report.go:140.2,141.12 2 0
github.com/muety/wakapi/services/summary.go:31.225,44.33 3 1
github.com/muety/wakapi/services/summary.go:44.33,45.31 1 1
github.com/muety/wakapi/services/summary.go:45.31,47.4 1 0
github.com/muety/wakapi/services/summary.go:50.2,50.12 1 1
github.com/muety/wakapi/services/summary.go:56.167,59.82 2 1
github.com/muety/wakapi/services/summary.go:59.82,60.67 1 1
github.com/muety/wakapi/services/summary.go:60.67,62.4 1 0
github.com/muety/wakapi/services/summary.go:66.2,71.20 4 1
github.com/muety/wakapi/services/summary.go:71.20,74.3 2 1
github.com/muety/wakapi/services/summary.go:77.2,77.65 1 1
github.com/muety/wakapi/services/summary.go:77.65,79.3 1 0
github.com/muety/wakapi/services/summary.go:82.2,83.16 2 1
github.com/muety/wakapi/services/summary.go:83.16,85.3 1 0
github.com/muety/wakapi/services/summary.go:88.2,93.79 5 1
github.com/muety/wakapi/services/summary.go:93.79,96.3 2 1
github.com/muety/wakapi/services/summary.go:98.2,99.46 2 1
github.com/muety/wakapi/services/summary.go:102.126,108.110 2 1
github.com/muety/wakapi/services/summary.go:108.110,111.17 2 1
github.com/muety/wakapi/services/summary.go:111.17,113.4 1 1
github.com/muety/wakapi/services/summary.go:113.9,115.4 1 0
github.com/muety/wakapi/services/summary.go:119.2,120.44 2 1
github.com/muety/wakapi/services/summary.go:120.44,121.87 1 1
github.com/muety/wakapi/services/summary.go:121.87,122.71 1 1
github.com/muety/wakapi/services/summary.go:122.71,126.13 1 0
github.com/muety/wakapi/services/summary.go:128.4,128.36 1 1
github.com/muety/wakapi/services/summary.go:129.9,131.4 1 0
github.com/muety/wakapi/services/summary.go:135.2,137.16 3 1
github.com/muety/wakapi/services/summary.go:137.16,139.3 1 0
github.com/muety/wakapi/services/summary.go:141.2,141.87 1 1
github.com/muety/wakapi/services/summary.go:141.87,144.3 2 0
github.com/muety/wakapi/services/summary.go:146.2,146.46 1 1
github.com/muety/wakapi/services/summary.go:149.127,152.16 2 1
github.com/muety/wakapi/services/summary.go:152.16,154.3 1 0
github.com/muety/wakapi/services/summary.go:156.2,157.50 2 1
github.com/muety/wakapi/services/summary.go:157.50,160.3 2 1
github.com/muety/wakapi/services/summary.go:162.2,164.26 3 1
github.com/muety/wakapi/services/summary.go:164.26,166.3 1 1
github.com/muety/wakapi/services/summary.go:169.2,178.34 9 1
github.com/muety/wakapi/services/summary.go:178.34,180.20 2 1
github.com/muety/wakapi/services/summary.go:181.30,182.29 1 1
github.com/muety/wakapi/services/summary.go:183.31,184.30 1 1
github.com/muety/wakapi/services/summary.go:185.29,186.28 1 1
github.com/muety/wakapi/services/summary.go:187.25,188.24 1 1
github.com/muety/wakapi/services/summary.go:189.30,190.29 1 1
github.com/muety/wakapi/services/summary.go:191.29,192.28 1 1
github.com/muety/wakapi/services/summary.go:193.29,194.28 1 1
github.com/muety/wakapi/services/summary.go:195.31,196.30 1 1
github.com/muety/wakapi/services/summary.go:200.2,200.25 1 1
github.com/muety/wakapi/services/summary.go:200.25,203.3 2 1
github.com/muety/wakapi/services/summary.go:205.2,220.46 2 1
github.com/muety/wakapi/services/summary.go:225.76,227.2 1 0
github.com/muety/wakapi/services/summary.go:229.62,232.2 2 0
github.com/muety/wakapi/services/summary.go:234.81,237.2 2 0
github.com/muety/wakapi/services/summary.go:239.66,242.2 2 0
github.com/muety/wakapi/services/summary.go:246.125,249.30 2 1
github.com/muety/wakapi/services/summary.go:249.30,251.3 1 1
github.com/muety/wakapi/services/summary.go:253.2,254.28 2 1
github.com/muety/wakapi/services/summary.go:254.28,260.3 1 1
github.com/muety/wakapi/services/summary.go:262.2,262.40 1 1
github.com/muety/wakapi/services/summary.go:262.40,264.3 1 1
github.com/muety/wakapi/services/summary.go:266.2,266.67 1 1
github.com/muety/wakapi/services/summary.go:269.87,270.72 1 1
github.com/muety/wakapi/services/summary.go:270.72,276.3 1 1
github.com/muety/wakapi/services/summary.go:278.2,279.16 2 1
github.com/muety/wakapi/services/summary.go:279.16,282.3 2 0
github.com/muety/wakapi/services/summary.go:284.2,285.37 2 1
github.com/muety/wakapi/services/summary.go:285.37,287.3 1 1
github.com/muety/wakapi/services/summary.go:289.2,291.30 3 1
github.com/muety/wakapi/services/summary.go:291.30,292.48 1 1
github.com/muety/wakapi/services/summary.go:292.48,293.41 1 1
github.com/muety/wakapi/services/summary.go:293.41,295.5 1 1
github.com/muety/wakapi/services/summary.go:296.4,297.29 2 1
github.com/muety/wakapi/services/summary.go:302.2,303.29 2 1
github.com/muety/wakapi/services/summary.go:303.29,304.18 1 1
github.com/muety/wakapi/services/summary.go:304.18,306.4 1 1
github.com/muety/wakapi/services/summary.go:308.2,309.16 2 1
github.com/muety/wakapi/services/summary.go:312.97,317.24 1 1
github.com/muety/wakapi/services/summary.go:317.24,319.3 1 0
github.com/muety/wakapi/services/summary.go:321.2,339.30 5 1
github.com/muety/wakapi/services/summary.go:339.30,341.41 2 1
github.com/muety/wakapi/services/summary.go:341.41,343.12 2 1
github.com/muety/wakapi/services/summary.go:346.3,346.12 1 1
github.com/muety/wakapi/services/summary.go:346.12,347.70 1 1
github.com/muety/wakapi/services/summary.go:347.70,349.5 1 0
github.com/muety/wakapi/services/summary.go:352.3,352.38 1 1
github.com/muety/wakapi/services/summary.go:352.38,354.4 1 0
github.com/muety/wakapi/services/summary.go:356.3,356.37 1 1
github.com/muety/wakapi/services/summary.go:356.37,358.4 1 1
github.com/muety/wakapi/services/summary.go:360.3,360.34 1 1
github.com/muety/wakapi/services/summary.go:360.34,362.4 1 1
github.com/muety/wakapi/services/summary.go:364.3,375.25 11 1
github.com/muety/wakapi/services/summary.go:378.2,381.26 3 1
github.com/muety/wakapi/services/summary.go:384.127,388.32 2 1
github.com/muety/wakapi/services/summary.go:388.32,390.3 1 1
github.com/muety/wakapi/services/summary.go:392.2,392.27 1 1
github.com/muety/wakapi/services/summary.go:392.27,393.37 1 1
github.com/muety/wakapi/services/summary.go:393.37,395.4 1 1
github.com/muety/wakapi/services/summary.go:395.9,397.4 1 1
github.com/muety/wakapi/services/summary.go:400.2,402.26 3 1
github.com/muety/wakapi/services/summary.go:402.26,405.3 2 1
github.com/muety/wakapi/services/summary.go:407.2,407.43 1 1
github.com/muety/wakapi/services/summary.go:407.43,409.3 1 1
github.com/muety/wakapi/services/summary.go:411.2,411.17 1 1
github.com/muety/wakapi/services/summary.go:414.130,415.25 1 1
github.com/muety/wakapi/services/summary.go:415.25,417.3 1 0
github.com/muety/wakapi/services/summary.go:419.2,422.44 2 1
github.com/muety/wakapi/services/summary.go:422.44,424.3 1 1
github.com/muety/wakapi/services/summary.go:427.2,427.40 1 1
github.com/muety/wakapi/services/summary.go:427.40,429.51 2 1
github.com/muety/wakapi/services/summary.go:429.51,430.12 1 1
github.com/muety/wakapi/services/summary.go:433.3,440.15 3 1
github.com/muety/wakapi/services/summary.go:440.15,446.38 3 1
github.com/muety/wakapi/services/summary.go:446.38,448.5 1 0
github.com/muety/wakapi/services/summary.go:452.3,452.22 1 1
github.com/muety/wakapi/services/summary.go:452.22,454.4 1 1
github.com/muety/wakapi/services/summary.go:458.2,458.54 1 1
github.com/muety/wakapi/services/summary.go:458.54,460.3 1 1
github.com/muety/wakapi/services/summary.go:462.2,462.18 1 1
github.com/muety/wakapi/services/summary.go:465.59,467.2 1 1
github.com/muety/wakapi/services/summary.go:469.63,470.37 1 0
github.com/muety/wakapi/services/summary.go:470.37,471.36 1 0
github.com/muety/wakapi/services/summary.go:471.36,473.4 1 0
github.com/muety/wakapi/services/summary.go:477.85,478.40 1 1
github.com/muety/wakapi/services/summary.go:478.40,481.3 2 1
github.com/muety/wakapi/services/summary.go:484.99,485.42 1 1
github.com/muety/wakapi/services/summary.go:485.42,487.17 2 1
github.com/muety/wakapi/services/summary.go:487.17,490.4 2 0
github.com/muety/wakapi/services/summary.go:492.3,493.17 2 1
github.com/muety/wakapi/services/summary.go:493.17,495.4 1 0
github.com/muety/wakapi/services/summary.go:497.3,497.41 1 1
github.com/muety/wakapi/services/summary.go:497.41,499.4 1 1
github.com/muety/wakapi/services/summary.go:504.3,504.56 1 1
github.com/muety/wakapi/services/summary.go:504.56,506.75 2 1
github.com/muety/wakapi/services/summary.go:506.75,508.5 1 1
github.com/muety/wakapi/services/summary.go:511.3,512.29 2 1
github.com/muety/wakapi/services/summary.go:512.29,513.27 1 1
github.com/muety/wakapi/services/summary.go:513.27,515.5 1 1
github.com/muety/wakapi/services/summary.go:515.10,517.5 1 1
github.com/muety/wakapi/services/summary.go:519.3,519.22 1 1
github.com/muety/wakapi/services/summary.go:523.114,524.33 1 1
github.com/muety/wakapi/services/summary.go:524.33,527.17 3 1
github.com/muety/wakapi/services/summary.go:527.17,528.33 1 1
github.com/muety/wakapi/services/summary.go:528.33,530.5 1 1
github.com/muety/wakapi/services/summary.go:532.3,533.28 2 1
github.com/muety/wakapi/services/summary.go:533.28,535.4 1 1
github.com/muety/wakapi/services/summary.go:536.3,536.24 1 1
github.com/muety/wakapi/services/user.go:29.133,40.33 3 0
github.com/muety/wakapi/services/user.go:40.33,41.31 1 0
github.com/muety/wakapi/services/user.go:41.31,47.73 4 0
github.com/muety/wakapi/services/user.go:47.73,49.5 1 0
github.com/muety/wakapi/services/user.go:51.4,51.24 1 0
github.com/muety/wakapi/services/user.go:51.24,52.80 1 0
github.com/muety/wakapi/services/user.go:52.80,54.6 1 0
github.com/muety/wakapi/services/user.go:54.11,56.6 1 0
github.com/muety/wakapi/services/user.go:61.2,61.12 1 0
github.com/muety/wakapi/services/user.go:64.74,65.18 1 0
github.com/muety/wakapi/services/user.go:65.18,67.3 1 0
github.com/muety/wakapi/services/user.go:69.2,69.40 1 0
github.com/muety/wakapi/services/user.go:69.40,71.3 1 0
github.com/muety/wakapi/services/user.go:73.2,74.16 2 0
github.com/muety/wakapi/services/user.go:74.16,76.3 1 0
github.com/muety/wakapi/services/user.go:78.2,79.15 2 0
github.com/muety/wakapi/services/user.go:82.72,83.15 1 0
github.com/muety/wakapi/services/user.go:83.15,85.3 1 0
github.com/muety/wakapi/services/user.go:87.2,87.37 1 0
github.com/muety/wakapi/services/user.go:87.37,89.3 1 0
github.com/muety/wakapi/services/user.go:91.2,92.16 2 0
github.com/muety/wakapi/services/user.go:92.16,94.3 1 0
github.com/muety/wakapi/services/user.go:96.2,97.15 2 0
github.com/muety/wakapi/services/user.go:100.76,101.17 1 0
github.com/muety/wakapi/services/user.go:101.17,103.3 1 0
github.com/muety/wakapi/services/user.go:104.2,104.58 1 0
github.com/muety/wakapi/services/user.go:107.86,108.22 1 0
github.com/muety/wakapi/services/user.go:108.22,110.3 1 0
github.com/muety/wakapi/services/user.go:111.2,111.68 1 0
github.com/muety/wakapi/services/user.go:114.92,115.22 1 0
github.com/muety/wakapi/services/user.go:115.22,117.3 1 0
github.com/muety/wakapi/services/user.go:118.2,118.74 1 0
github.com/muety/wakapi/services/user.go:121.58,123.2 1 0
github.com/muety/wakapi/services/user.go:125.73,127.16 2 0
github.com/muety/wakapi/services/user.go:127.16,129.3 1 0
github.com/muety/wakapi/services/user.go:130.2,130.37 1 0
github.com/muety/wakapi/services/user.go:133.71,135.2 1 0
github.com/muety/wakapi/services/user.go:137.86,139.16 2 0
github.com/muety/wakapi/services/user.go:139.16,141.3 1 0
github.com/muety/wakapi/services/user.go:142.2,142.37 1 0
github.com/muety/wakapi/services/user.go:145.86,147.2 1 0
github.com/muety/wakapi/services/user.go:149.94,151.2 1 0
github.com/muety/wakapi/services/user.go:153.71,155.12 2 0
github.com/muety/wakapi/services/user.go:155.12,157.3 1 0
github.com/muety/wakapi/services/user.go:159.2,160.42 2 0
github.com/muety/wakapi/services/user.go:160.42,162.3 1 0
github.com/muety/wakapi/services/user.go:164.2,165.16 2 0
github.com/muety/wakapi/services/user.go:165.16,167.3 1 0
github.com/muety/wakapi/services/user.go:169.2,170.21 2 0
github.com/muety/wakapi/services/user.go:173.48,175.2 1 0
github.com/muety/wakapi/services/user.go:177.102,188.95 2 0
github.com/muety/wakapi/services/user.go:188.95,190.3 1 0
github.com/muety/wakapi/services/user.go:190.8,192.3 1 0
github.com/muety/wakapi/services/user.go:194.2,194.38 1 0
github.com/muety/wakapi/services/user.go:197.73,201.2 3 0
github.com/muety/wakapi/services/user.go:203.97,204.31 1 0
github.com/muety/wakapi/services/user.go:204.31,206.3 1 0
github.com/muety/wakapi/services/user.go:209.2,214.16 4 0
github.com/muety/wakapi/services/user.go:214.16,216.3 1 0
github.com/muety/wakapi/services/user.go:218.2,219.16 2 0
github.com/muety/wakapi/services/user.go:219.16,222.81 2 0
github.com/muety/wakapi/services/user.go:222.81,224.4 1 0
github.com/muety/wakapi/services/user.go:225.3,225.18 1 0
github.com/muety/wakapi/services/user.go:228.2,230.21 2 0
github.com/muety/wakapi/services/user.go:233.78,237.2 3 0
github.com/muety/wakapi/services/user.go:239.122,242.35 2 0
github.com/muety/wakapi/services/user.go:242.35,243.89 1 0
github.com/muety/wakapi/services/user.go:243.89,245.4 1 0
github.com/muety/wakapi/services/user.go:248.2,248.35 1 0
github.com/muety/wakapi/services/user.go:248.35,250.3 1 0
github.com/muety/wakapi/services/user.go:252.2,252.18 1 0
github.com/muety/wakapi/services/user.go:255.85,257.2 1 0
github.com/muety/wakapi/services/user.go:259.57,267.2 5 0
github.com/muety/wakapi/services/user.go:269.84,270.112 1 0
github.com/muety/wakapi/services/user.go:270.112,272.3 1 0
github.com/muety/wakapi/services/user.go:275.38,277.2 1 0
github.com/muety/wakapi/services/user.go:279.55,281.2 1 0
github.com/muety/wakapi/services/user.go:283.57,288.2 1 0
github.com/muety/wakapi/services/user.go:290.57,295.2 1 0
github.com/muety/wakapi/services/user.go:297.51,298.97 1 0
github.com/muety/wakapi/services/user.go:298.97,301.3 2 0
github.com/muety/wakapi/services/user.go:302.2,302.13 1 0
