mode: set
github.com/muety/wakapi/models/alias.go:12.32,14.2 1 0
github.com/muety/wakapi/models/alias.go:16.37,17.35 1 0
github.com/muety/wakapi/models/alias.go:22.2,22.14 1 0
github.com/muety/wakapi/models/alias.go:17.35,18.18 1 0
github.com/muety/wakapi/models/alias.go:18.18,20.4 1 0
github.com/muety/wakapi/models/filters.go:16.56,17.16 1 0
github.com/muety/wakapi/models/filters.go:29.2,29.19 1 0
github.com/muety/wakapi/models/filters.go:18.22,19.32 1 0
github.com/muety/wakapi/models/filters.go:20.17,21.27 1 0
github.com/muety/wakapi/models/filters.go:22.23,23.33 1 0
github.com/muety/wakapi/models/filters.go:24.21,25.31 1 0
github.com/muety/wakapi/models/filters.go:26.22,27.32 1 0
github.com/muety/wakapi/models/filters.go:32.49,33.21 1 0
github.com/muety/wakapi/models/filters.go:44.2,44.21 1 0
github.com/muety/wakapi/models/filters.go:33.21,35.3 1 0
github.com/muety/wakapi/models/filters.go:35.8,35.23 1 0
github.com/muety/wakapi/models/filters.go:35.23,37.3 1 0
github.com/muety/wakapi/models/filters.go:37.8,37.29 1 0
github.com/muety/wakapi/models/filters.go:37.29,39.3 1 0
github.com/muety/wakapi/models/filters.go:39.8,39.27 1 0
github.com/muety/wakapi/models/filters.go:39.27,41.3 1 0
github.com/muety/wakapi/models/filters.go:41.8,41.28 1 0
github.com/muety/wakapi/models/filters.go:41.28,43.3 1 0
github.com/muety/wakapi/models/filters.go:47.42,50.21 2 1
github.com/muety/wakapi/models/filters.go:53.2,53.20 1 1
github.com/muety/wakapi/models/filters.go:56.2,56.22 1 1
github.com/muety/wakapi/models/filters.go:59.2,59.21 1 1
github.com/muety/wakapi/models/filters.go:62.2,62.16 1 1
github.com/muety/wakapi/models/filters.go:66.2,66.12 1 1
github.com/muety/wakapi/models/filters.go:50.21,52.3 1 1
github.com/muety/wakapi/models/filters.go:53.20,55.3 1 0
github.com/muety/wakapi/models/filters.go:56.22,58.3 1 1
github.com/muety/wakapi/models/filters.go:59.21,61.3 1 0
github.com/muety/wakapi/models/filters.go:62.16,64.3 1 0
github.com/muety/wakapi/models/language_mapping.go:11.42,13.2 1 0
github.com/muety/wakapi/models/language_mapping.go:15.51,17.2 1 0
github.com/muety/wakapi/models/language_mapping.go:19.52,21.2 1 0
github.com/muety/wakapi/models/summary.go:29.27,33.2 1 0
github.com/muety/wakapi/models/summary.go:83.29,85.2 1 1
github.com/muety/wakapi/models/summary.go:87.37,94.2 6 1
github.com/muety/wakapi/models/summary.go:96.35,98.2 1 1
github.com/muety/wakapi/models/summary.go:100.57,108.2 1 1
github.com/muety/wakapi/models/summary.go:121.33,126.26 4 1
github.com/muety/wakapi/models/summary.go:133.2,133.37 1 1
github.com/muety/wakapi/models/summary.go:137.2,140.33 2 1
github.com/muety/wakapi/models/summary.go:126.26,127.30 1 1
github.com/muety/wakapi/models/summary.go:127.30,129.4 1 1
github.com/muety/wakapi/models/summary.go:133.37,135.3 1 0
github.com/muety/wakapi/models/summary.go:140.33,146.3 1 1
github.com/muety/wakapi/models/summary.go:149.45,154.30 3 1
github.com/muety/wakapi/models/summary.go:163.2,163.30 1 1
github.com/muety/wakapi/models/summary.go:154.30,155.47 1 1
github.com/muety/wakapi/models/summary.go:155.47,156.32 1 1
github.com/muety/wakapi/models/summary.go:159.4,159.9 1 1
github.com/muety/wakapi/models/summary.go:156.32,158.5 1 1
github.com/muety/wakapi/models/summary.go:166.73,168.55 2 1
github.com/muety/wakapi/models/summary.go:173.2,173.16 1 1
github.com/muety/wakapi/models/summary.go:168.55,169.31 1 1
github.com/muety/wakapi/models/summary.go:169.31,171.4 1 1
github.com/muety/wakapi/models/summary.go:176.88,178.55 2 1
github.com/muety/wakapi/models/summary.go:186.2,186.16 1 1
github.com/muety/wakapi/models/summary.go:178.55,179.31 1 1
github.com/muety/wakapi/models/summary.go:179.31,180.23 1 1
github.com/muety/wakapi/models/summary.go:183.4,183.46 1 1
github.com/muety/wakapi/models/summary.go:180.23,181.13 1 1
github.com/muety/wakapi/models/summary.go:189.79,190.33 1 1
github.com/muety/wakapi/models/summary.go:193.2,193.16 1 1
github.com/muety/wakapi/models/summary.go:190.33,192.3 1 1
github.com/muety/wakapi/models/summary.go:196.71,197.63 1 1
github.com/muety/wakapi/models/summary.go:237.2,243.10 6 1
github.com/muety/wakapi/models/summary.go:197.63,200.45 2 1
github.com/muety/wakapi/models/summary.go:209.3,209.31 1 1
github.com/muety/wakapi/models/summary.go:216.3,216.31 1 1
github.com/muety/wakapi/models/summary.go:233.3,233.16 1 1
github.com/muety/wakapi/models/summary.go:200.45,201.32 1 1
github.com/muety/wakapi/models/summary.go:206.4,206.14 1 1
github.com/muety/wakapi/models/summary.go:201.32,202.24 1 1
github.com/muety/wakapi/models/summary.go:202.24,204.6 1 1
github.com/muety/wakapi/models/summary.go:209.31,211.60 1 1
github.com/muety/wakapi/models/summary.go:211.60,213.5 1 1
github.com/muety/wakapi/models/summary.go:216.31,218.60 1 1
github.com/muety/wakapi/models/summary.go:218.60,219.55 1 1
github.com/muety/wakapi/models/summary.go:219.55,221.6 1 1
github.com/muety/wakapi/models/summary.go:221.11,229.6 1 1
github.com/muety/wakapi/models/summary.go:246.33,248.2 1 1
github.com/muety/wakapi/models/summary.go:250.43,252.2 1 1
github.com/muety/wakapi/models/summary.go:254.38,256.2 1 1
github.com/muety/wakapi/models/user.go:35.43,38.2 1 0
github.com/muety/wakapi/models/user.go:40.33,44.2 1 0
github.com/muety/wakapi/models/user.go:46.45,48.2 1 0
github.com/muety/wakapi/models/user.go:50.45,52.2 1 0
github.com/muety/wakapi/models/heartbeat.go:26.34,28.2 1 1
github.com/muety/wakapi/models/heartbeat.go:30.65,31.28 1 1
github.com/muety/wakapi/models/heartbeat.go:34.2,35.45 2 1
github.com/muety/wakapi/models/heartbeat.go:38.2,39.44 2 1
github.com/muety/wakapi/models/heartbeat.go:42.2,42.42 1 1
github.com/muety/wakapi/models/heartbeat.go:31.28,33.3 1 1
github.com/muety/wakapi/models/heartbeat.go:35.45,37.3 1 0
github.com/muety/wakapi/models/heartbeat.go:39.44,41.3 1 0
github.com/muety/wakapi/models/heartbeat.go:45.50,46.11 1 1
github.com/muety/wakapi/models/heartbeat.go:59.2,59.15 1 1
github.com/muety/wakapi/models/heartbeat.go:63.2,63.12 1 1
github.com/muety/wakapi/models/heartbeat.go:47.22,48.18 1 1
github.com/muety/wakapi/models/heartbeat.go:49.21,50.17 1 1
github.com/muety/wakapi/models/heartbeat.go:51.23,52.19 1 1
github.com/muety/wakapi/models/heartbeat.go:53.17,54.26 1 1
github.com/muety/wakapi/models/heartbeat.go:55.22,56.18 1 1
github.com/muety/wakapi/models/heartbeat.go:59.15,61.3 1 1
github.com/muety/wakapi/models/heartbeats.go:7.31,9.2 1 0
github.com/muety/wakapi/models/heartbeats.go:11.41,13.2 1 0
github.com/muety/wakapi/models/heartbeats.go:15.36,17.2 1 0
github.com/muety/wakapi/models/heartbeats.go:19.43,22.2 2 0
github.com/muety/wakapi/models/heartbeats.go:24.41,26.18 1 0
github.com/muety/wakapi/models/heartbeats.go:29.2,29.16 1 0
github.com/muety/wakapi/models/heartbeats.go:26.18,28.3 1 0
github.com/muety/wakapi/models/heartbeats.go:32.40,34.18 1 0
github.com/muety/wakapi/models/heartbeats.go:37.2,37.24 1 0
github.com/muety/wakapi/models/heartbeats.go:34.18,36.3 1 0
github.com/muety/wakapi/models/models.go:3.14,5.2 0 1
github.com/muety/wakapi/models/shared.go:34.52,37.16 3 0
github.com/muety/wakapi/models/shared.go:40.2,42.12 3 0
github.com/muety/wakapi/models/shared.go:37.16,39.3 1 0
github.com/muety/wakapi/models/shared.go:46.52,52.22 2 0
github.com/muety/wakapi/models/shared.go:68.2,71.12 3 0
github.com/muety/wakapi/models/shared.go:53.14,55.17 2 0
github.com/muety/wakapi/models/shared.go:58.13,60.8 2 0
github.com/muety/wakapi/models/shared.go:61.17,63.8 2 0
github.com/muety/wakapi/models/shared.go:64.10,65.64 1 0
github.com/muety/wakapi/models/shared.go:55.17,57.4 1 0
github.com/muety/wakapi/models/shared.go:74.51,77.2 2 0
github.com/muety/wakapi/models/shared.go:79.37,82.2 2 0
github.com/muety/wakapi/models/shared.go:84.35,86.2 1 0
github.com/muety/wakapi/models/shared.go:88.34,90.2 1 0
github.com/muety/wakapi/utils/auth.go:18.79,20.54 2 0
github.com/muety/wakapi/utils/auth.go:24.2,26.16 3 0
github.com/muety/wakapi/utils/auth.go:30.2,32.45 3 0
github.com/muety/wakapi/utils/auth.go:35.2,36.32 2 0
github.com/muety/wakapi/utils/auth.go:20.54,22.3 1 0
github.com/muety/wakapi/utils/auth.go:26.16,28.3 1 0
github.com/muety/wakapi/utils/auth.go:32.45,34.3 1 0
github.com/muety/wakapi/utils/auth.go:39.65,41.54 2 0
github.com/muety/wakapi/utils/auth.go:45.2,46.30 2 0
github.com/muety/wakapi/utils/auth.go:41.54,43.3 1 0
github.com/muety/wakapi/utils/auth.go:49.97,51.16 2 0
github.com/muety/wakapi/utils/auth.go:55.2,55.104 1 0
github.com/muety/wakapi/utils/auth.go:59.2,59.19 1 0
github.com/muety/wakapi/utils/auth.go:51.16,53.3 1 0
github.com/muety/wakapi/utils/auth.go:55.104,57.3 1 0
github.com/muety/wakapi/utils/auth.go:62.30,64.2 1 0
github.com/muety/wakapi/utils/auth.go:66.56,70.2 3 0
github.com/muety/wakapi/utils/auth.go:73.53,75.2 1 0
github.com/muety/wakapi/utils/auth.go:77.55,80.16 3 0
github.com/muety/wakapi/utils/auth.go:83.2,83.16 1 0
github.com/muety/wakapi/utils/auth.go:80.16,82.3 1 0
github.com/muety/wakapi/utils/auth.go:86.43,91.2 4 0
github.com/muety/wakapi/utils/color.go:8.93,10.41 2 0
github.com/muety/wakapi/utils/color.go:15.2,15.15 1 0
github.com/muety/wakapi/utils/color.go:10.41,11.50 1 0
github.com/muety/wakapi/utils/color.go:11.50,13.4 1 0
github.com/muety/wakapi/utils/common.go:9.48,11.2 1 0
github.com/muety/wakapi/utils/common.go:13.40,15.2 1 0
github.com/muety/wakapi/utils/common.go:17.45,19.2 1 0
github.com/muety/wakapi/utils/common.go:21.24,23.2 1 0
github.com/muety/wakapi/utils/common.go:25.56,28.45 3 1
github.com/muety/wakapi/utils/common.go:31.2,31.40 1 1
github.com/muety/wakapi/utils/common.go:28.45,30.3 1 1
github.com/muety/wakapi/utils/date.go:8.31,10.2 1 0
github.com/muety/wakapi/utils/date.go:12.43,14.2 1 0
github.com/muety/wakapi/utils/date.go:16.30,20.2 3 0
github.com/muety/wakapi/utils/date.go:22.31,25.2 2 0
github.com/muety/wakapi/utils/date.go:27.30,30.2 2 0
github.com/muety/wakapi/utils/date.go:32.67,35.33 2 0
github.com/muety/wakapi/utils/date.go:44.2,44.18 1 0
github.com/muety/wakapi/utils/date.go:35.33,37.19 2 0
github.com/muety/wakapi/utils/date.go:40.3,41.10 2 0
github.com/muety/wakapi/utils/date.go:37.19,39.4 1 0
github.com/muety/wakapi/utils/date.go:47.50,53.2 5 0
github.com/muety/wakapi/utils/date.go:56.79,59.36 3 0
github.com/muety/wakapi/utils/date.go:63.2,63.21 1 0
github.com/muety/wakapi/utils/date.go:67.2,67.21 1 0
github.com/muety/wakapi/utils/date.go:71.2,71.13 1 0
github.com/muety/wakapi/utils/date.go:59.36,62.3 2 0
github.com/muety/wakapi/utils/date.go:63.21,66.3 2 0
github.com/muety/wakapi/utils/date.go:67.21,70.3 2 0
github.com/muety/wakapi/utils/http.go:9.73,12.58 3 0
github.com/muety/wakapi/utils/http.go:12.58,14.3 1 0
github.com/muety/wakapi/utils/strings.go:8.34,10.2 1 0
github.com/muety/wakapi/utils/strings.go:12.77,13.29 1 0
github.com/muety/wakapi/utils/strings.go:18.2,18.19 1 0
github.com/muety/wakapi/utils/strings.go:13.29,14.18 1 0
github.com/muety/wakapi/utils/strings.go:14.18,16.4 1 0
github.com/muety/wakapi/utils/summary.go:10.71,13.18 2 0
github.com/muety/wakapi/utils/summary.go:37.2,37.22 1 0
github.com/muety/wakapi/utils/summary.go:14.28,15.24 1 0
github.com/muety/wakapi/utils/summary.go:16.32,18.22 2 0
github.com/muety/wakapi/utils/summary.go:19.31,20.23 1 0
github.com/muety/wakapi/utils/summary.go:21.32,22.24 1 0
github.com/muety/wakapi/utils/summary.go:23.31,24.23 1 0
github.com/muety/wakapi/utils/summary.go:25.32,26.42 1 0
github.com/muety/wakapi/utils/summary.go:27.33,28.43 1 0
github.com/muety/wakapi/utils/summary.go:29.35,30.43 1 0
github.com/muety/wakapi/utils/summary.go:31.26,32.21 1 0
github.com/muety/wakapi/utils/summary.go:33.10,34.39 1 0
github.com/muety/wakapi/utils/summary.go:40.73,47.56 5 0
github.com/muety/wakapi/utils/summary.go:61.2,68.8 2 0
github.com/muety/wakapi/utils/summary.go:47.56,49.3 1 0
github.com/muety/wakapi/utils/summary.go:49.8,51.17 2 0
github.com/muety/wakapi/utils/summary.go:55.3,56.17 2 0
github.com/muety/wakapi/utils/summary.go:51.17,53.4 1 0
github.com/muety/wakapi/utils/summary.go:56.17,58.4 1 0
github.com/muety/wakapi/utils/template.go:8.41,10.16 2 0
github.com/muety/wakapi/utils/template.go:13.2,13.23 1 0
github.com/muety/wakapi/utils/template.go:10.16,12.3 1 0
github.com/muety/wakapi/utils/template.go:16.37,17.30 1 0
github.com/muety/wakapi/utils/template.go:20.2,20.10 1 0
github.com/muety/wakapi/utils/template.go:17.30,19.3 1 0
github.com/muety/wakapi/config/legacy.go:13.33,14.57 1 0
github.com/muety/wakapi/config/legacy.go:14.57,16.3 1 0
github.com/muety/wakapi/config/legacy.go:16.8,16.16 1 0
github.com/muety/wakapi/config/legacy.go:16.16,18.47 2 0
github.com/muety/wakapi/config/legacy.go:21.3,21.128 1 0
github.com/muety/wakapi/config/legacy.go:18.47,20.4 1 0
github.com/muety/wakapi/config/legacy.go:25.48,26.54 1 0
github.com/muety/wakapi/config/legacy.go:31.2,31.18 1 0
github.com/muety/wakapi/config/legacy.go:26.54,28.3 1 0
github.com/muety/wakapi/config/legacy.go:28.8,28.32 1 0
github.com/muety/wakapi/config/legacy.go:28.32,30.3 1 0
github.com/muety/wakapi/config/legacy.go:34.34,37.16 2 0
github.com/muety/wakapi/config/legacy.go:40.2,41.16 2 0
github.com/muety/wakapi/config/legacy.go:45.2,57.16 11 0
github.com/muety/wakapi/config/legacy.go:61.2,61.18 1 0
github.com/muety/wakapi/config/legacy.go:65.2,69.16 5 0
github.com/muety/wakapi/config/legacy.go:73.2,75.23 3 0
github.com/muety/wakapi/config/legacy.go:80.2,82.33 3 0
github.com/muety/wakapi/config/legacy.go:87.2,114.16 3 0
github.com/muety/wakapi/config/legacy.go:119.2,119.78 1 0
github.com/muety/wakapi/config/legacy.go:123.2,123.12 1 0
github.com/muety/wakapi/config/legacy.go:37.16,39.3 1 0
github.com/muety/wakapi/config/legacy.go:41.16,43.3 1 0
github.com/muety/wakapi/config/legacy.go:57.16,59.3 1 0
github.com/muety/wakapi/config/legacy.go:61.18,63.3 1 0
github.com/muety/wakapi/config/legacy.go:69.16,71.3 1 0
github.com/muety/wakapi/config/legacy.go:75.23,77.3 1 0
github.com/muety/wakapi/config/legacy.go:82.33,84.3 1 0
github.com/muety/wakapi/config/legacy.go:114.16,116.3 1 0
github.com/muety/wakapi/config/legacy.go:119.78,121.3 1 0
github.com/muety/wakapi/config/utils.go:3.60,5.22 2 0
github.com/muety/wakapi/config/utils.go:8.2,8.11 1 0
github.com/muety/wakapi/config/utils.go:5.22,7.3 1 0
github.com/muety/wakapi/config/config.go:84.70,86.2 1 0
github.com/muety/wakapi/config/config.go:88.65,90.2 1 0
github.com/muety/wakapi/config/config.go:92.82,102.2 1 0
github.com/muety/wakapi/config/config.go:104.31,106.2 1 0
github.com/muety/wakapi/config/config.go:108.32,110.2 1 0
github.com/muety/wakapi/config/config.go:112.74,113.19 1 0
github.com/muety/wakapi/config/config.go:114.10,115.34 1 0
github.com/muety/wakapi/config/config.go:115.34,124.4 8 0
github.com/muety/wakapi/config/config.go:128.73,129.33 1 0
github.com/muety/wakapi/config/config.go:129.33,137.17 5 0
github.com/muety/wakapi/config/config.go:141.3,142.13 2 0
github.com/muety/wakapi/config/config.go:137.17,139.4 1 0
github.com/muety/wakapi/config/config.go:146.50,147.19 1 0
github.com/muety/wakapi/config/config.go:160.2,160.12 1 0
github.com/muety/wakapi/config/config.go:148.23,152.5 1 0
github.com/muety/wakapi/config/config.go:153.26,156.5 1 0
github.com/muety/wakapi/config/config.go:157.24,158.48 1 0
github.com/muety/wakapi/config/config.go:163.53,173.2 1 1
github.com/muety/wakapi/config/config.go:175.56,177.16 2 1
github.com/muety/wakapi/config/config.go:181.2,188.3 1 1
github.com/muety/wakapi/config/config.go:177.16,179.3 1 0
github.com/muety/wakapi/config/config.go:191.54,193.2 1 1
github.com/muety/wakapi/config/config.go:195.60,197.2 1 0
github.com/muety/wakapi/config/config.go:199.59,201.2 1 0
github.com/muety/wakapi/config/config.go:203.29,205.2 1 1
github.com/muety/wakapi/config/config.go:207.27,209.16 2 0
github.com/muety/wakapi/config/config.go:212.2,215.16 3 0
github.com/muety/wakapi/config/config.go:219.2,219.41 1 0
github.com/muety/wakapi/config/config.go:209.16,211.3 1 0
github.com/muety/wakapi/config/config.go:215.16,217.3 1 0
github.com/muety/wakapi/config/config.go:222.45,232.16 4 0
github.com/muety/wakapi/config/config.go:235.2,237.16 3 0
github.com/muety/wakapi/config/config.go:241.2,241.58 1 0
github.com/muety/wakapi/config/config.go:245.2,245.30 1 0
github.com/muety/wakapi/config/config.go:249.2,249.15 1 0
github.com/muety/wakapi/config/config.go:232.16,234.3 1 0
github.com/muety/wakapi/config/config.go:237.16,239.3 1 0
github.com/muety/wakapi/config/config.go:241.58,243.3 1 0
github.com/muety/wakapi/config/config.go:245.30,247.3 1 0
github.com/muety/wakapi/config/config.go:252.38,253.43 1 0
github.com/muety/wakapi/config/config.go:257.2,257.15 1 0
github.com/muety/wakapi/config/config.go:253.43,255.3 1 0
github.com/muety/wakapi/config/config.go:260.45,261.27 1 0
github.com/muety/wakapi/config/config.go:264.2,264.15 1 0
github.com/muety/wakapi/config/config.go:261.27,263.3 1 0
github.com/muety/wakapi/config/config.go:267.26,269.2 1 0
github.com/muety/wakapi/config/config.go:271.20,273.2 1 0
github.com/muety/wakapi/config/config.go:275.21,282.96 4 0
github.com/muety/wakapi/config/config.go:286.2,294.52 5 0
github.com/muety/wakapi/config/config.go:298.2,298.47 1 0
github.com/muety/wakapi/config/config.go:304.2,304.70 1 0
github.com/muety/wakapi/config/config.go:308.2,309.14 2 0
github.com/muety/wakapi/config/config.go:282.96,284.3 1 0
github.com/muety/wakapi/config/config.go:294.52,296.3 1 0
github.com/muety/wakapi/config/config.go:298.47,299.14 1 0
github.com/muety/wakapi/config/config.go:299.14,301.4 1 0
github.com/muety/wakapi/config/config.go:304.70,306.3 1 0
github.com/muety/wakapi/middlewares/authenticate.go:22.116,28.2 1 1
github.com/muety/wakapi/middlewares/authenticate.go:30.71,31.71 1 0
github.com/muety/wakapi/middlewares/authenticate.go:31.71,33.3 1 0
github.com/muety/wakapi/middlewares/authenticate.go:36.107,37.37 1 0
github.com/muety/wakapi/middlewares/authenticate.go:44.2,47.16 3 0
github.com/muety/wakapi/middlewares/authenticate.go:51.2,51.16 1 0
github.com/muety/wakapi/middlewares/authenticate.go:61.2,62.29 2 0
github.com/muety/wakapi/middlewares/authenticate.go:37.37,38.58 1 0
github.com/muety/wakapi/middlewares/authenticate.go:38.58,41.4 2 0
github.com/muety/wakapi/middlewares/authenticate.go:47.16,49.3 1 0
github.com/muety/wakapi/middlewares/authenticate.go:51.16,52.44 1 0
github.com/muety/wakapi/middlewares/authenticate.go:58.3,58.9 1 0
github.com/muety/wakapi/middlewares/authenticate.go:52.44,54.4 1 0
github.com/muety/wakapi/middlewares/authenticate.go:54.9,57.4 2 0
github.com/muety/wakapi/middlewares/authenticate.go:65.92,67.16 2 1
github.com/muety/wakapi/middlewares/authenticate.go:71.2,74.16 4 1
github.com/muety/wakapi/middlewares/authenticate.go:77.2,77.18 1 1
github.com/muety/wakapi/middlewares/authenticate.go:67.16,69.3 1 1
github.com/muety/wakapi/middlewares/authenticate.go:74.16,76.3 1 0
github.com/muety/wakapi/middlewares/authenticate.go:80.92,82.16 2 0
github.com/muety/wakapi/middlewares/authenticate.go:86.2,87.16 2 0
github.com/muety/wakapi/middlewares/authenticate.go:91.2,91.88 1 0
github.com/muety/wakapi/middlewares/authenticate.go:95.2,95.18 1 0
github.com/muety/wakapi/middlewares/authenticate.go:82.16,84.3 1 0
github.com/muety/wakapi/middlewares/authenticate.go:87.16,89.3 1 0
github.com/muety/wakapi/middlewares/authenticate.go:91.88,93.3 1 0
github.com/muety/wakapi/middlewares/authenticate.go:99.127,100.32 1 0
github.com/muety/wakapi/middlewares/authenticate.go:108.2,108.65 1 0
github.com/muety/wakapi/middlewares/authenticate.go:100.32,101.58 1 0
github.com/muety/wakapi/middlewares/authenticate.go:106.3,106.15 1 0
github.com/muety/wakapi/middlewares/authenticate.go:101.58,105.4 3 0
github.com/muety/wakapi/middlewares/logging.go:11.48,13.2 1 0
github.com/muety/wakapi/middlewares/logging.go:15.66,17.2 1 0
github.com/muety/wakapi/services/misc.go:23.126,30.2 1 0
github.com/muety/wakapi/services/misc.go:42.50,44.48 1 0
github.com/muety/wakapi/services/misc.go:48.2,50.19 3 0
github.com/muety/wakapi/services/misc.go:44.48,46.3 1 0
github.com/muety/wakapi/services/misc.go:53.51,59.40 4 0
github.com/muety/wakapi/services/misc.go:63.2,66.56 2 0
github.com/muety/wakapi/services/misc.go:77.2,77.12 1 0
github.com/muety/wakapi/services/misc.go:59.40,61.3 1 0
github.com/muety/wakapi/services/misc.go:66.56,67.27 1 0
github.com/muety/wakapi/services/misc.go:67.27,72.4 1 0
github.com/muety/wakapi/services/misc.go:73.8,75.3 1 0
github.com/muety/wakapi/services/misc.go:80.116,81.24 1 0
github.com/muety/wakapi/services/misc.go:81.24,82.144 1 0
github.com/muety/wakapi/services/misc.go:91.3,91.48 1 0
github.com/muety/wakapi/services/misc.go:82.144,84.4 1 0
github.com/muety/wakapi/services/misc.go:84.9,90.4 2 0
github.com/muety/wakapi/services/misc.go:91.48,94.4 2 0
github.com/muety/wakapi/services/misc.go:98.86,101.30 3 0
github.com/muety/wakapi/services/misc.go:106.2,109.17 1 0
github.com/muety/wakapi/services/misc.go:113.2,116.17 1 0
github.com/muety/wakapi/services/misc.go:101.30,104.3 2 0
github.com/muety/wakapi/services/misc.go:109.17,111.3 1 0
github.com/muety/wakapi/services/misc.go:116.17,118.3 1 0
github.com/muety/wakapi/services/aggregation.go:24.142,31.2 1 0
github.com/muety/wakapi/services/aggregation.go:40.43,42.37 1 0
github.com/muety/wakapi/services/aggregation.go:46.2,48.19 3 0
github.com/muety/wakapi/services/aggregation.go:42.37,44.3 1 0
github.com/muety/wakapi/services/aggregation.go:51.67,55.40 3 0
github.com/muety/wakapi/services/aggregation.go:59.2,59.50 1 0
github.com/muety/wakapi/services/aggregation.go:64.2,64.60 1 0
github.com/muety/wakapi/services/aggregation.go:70.2,70.35 1 0
github.com/muety/wakapi/services/aggregation.go:55.40,57.3 1 0
github.com/muety/wakapi/services/aggregation.go:59.50,61.3 1 0
github.com/muety/wakapi/services/aggregation.go:64.60,68.3 3 0
github.com/muety/wakapi/services/aggregation.go:73.109,74.24 1 0
github.com/muety/wakapi/services/aggregation.go:74.24,75.111 1 0
github.com/muety/wakapi/services/aggregation.go:75.111,77.4 1 0
github.com/muety/wakapi/services/aggregation.go:77.9,80.4 2 0
github.com/muety/wakapi/services/aggregation.go:84.80,85.33 1 0
github.com/muety/wakapi/services/aggregation.go:85.33,86.60 1 0
github.com/muety/wakapi/services/aggregation.go:86.60,88.4 1 0
github.com/muety/wakapi/services/aggregation.go:92.100,96.59 3 0
github.com/muety/wakapi/services/aggregation.go:111.2,112.16 2 0
github.com/muety/wakapi/services/aggregation.go:118.2,119.16 2 0
github.com/muety/wakapi/services/aggregation.go:125.2,126.44 2 0
github.com/muety/wakapi/services/aggregation.go:131.2,131.41 1 0
github.com/muety/wakapi/services/aggregation.go:145.2,145.12 1 0
github.com/muety/wakapi/services/aggregation.go:96.59,99.3 2 0
github.com/muety/wakapi/services/aggregation.go:99.8,99.47 1 0
github.com/muety/wakapi/services/aggregation.go:99.47,101.30 2 0
github.com/muety/wakapi/services/aggregation.go:101.30,102.43 1 0
github.com/muety/wakapi/services/aggregation.go:102.43,104.5 1 0
github.com/muety/wakapi/services/aggregation.go:106.8,108.3 1 0
github.com/muety/wakapi/services/aggregation.go:112.16,115.3 2 0
github.com/muety/wakapi/services/aggregation.go:119.16,122.3 2 0
github.com/muety/wakapi/services/aggregation.go:126.44,128.3 1 0
github.com/muety/wakapi/services/aggregation.go:131.41,132.21 1 0
github.com/muety/wakapi/services/aggregation.go:132.21,136.4 1 0
github.com/muety/wakapi/services/aggregation.go:136.9,136.62 1 0
github.com/muety/wakapi/services/aggregation.go:136.62,140.4 1 0
github.com/muety/wakapi/services/aggregation.go:148.83,163.41 5 0
github.com/muety/wakapi/services/aggregation.go:163.41,173.3 3 0
github.com/muety/wakapi/services/aggregation.go:176.34,179.2 2 0
github.com/muety/wakapi/services/heartbeat.go:17.141,23.2 1 0
github.com/muety/wakapi/services/heartbeat.go:25.80,27.2 1 0
github.com/muety/wakapi/services/heartbeat.go:29.111,31.16 2 0
github.com/muety/wakapi/services/heartbeat.go:34.2,34.43 1 0
github.com/muety/wakapi/services/heartbeat.go:31.16,33.3 1 0
github.com/muety/wakapi/services/heartbeat.go:37.78,39.2 1 0
github.com/muety/wakapi/services/heartbeat.go:41.62,43.2 1 0
github.com/muety/wakapi/services/heartbeat.go:45.116,47.16 2 0
github.com/muety/wakapi/services/heartbeat.go:51.2,51.28 1 0
github.com/muety/wakapi/services/heartbeat.go:55.2,55.24 1 0
github.com/muety/wakapi/services/heartbeat.go:47.16,49.3 1 0
github.com/muety/wakapi/services/heartbeat.go:51.28,53.3 1 0
github.com/muety/wakapi/services/language_mapping.go:18.118,24.2 1 0
github.com/muety/wakapi/services/language_mapping.go:26.86,28.2 1 0
github.com/muety/wakapi/services/language_mapping.go:30.96,31.53 1 0
github.com/muety/wakapi/services/language_mapping.go:35.2,36.16 2 0
github.com/muety/wakapi/services/language_mapping.go:39.2,40.22 2 0
github.com/muety/wakapi/services/language_mapping.go:31.53,33.3 1 0
github.com/muety/wakapi/services/language_mapping.go:36.16,38.3 1 0
github.com/muety/wakapi/services/language_mapping.go:43.92,46.16 3 0
github.com/muety/wakapi/services/language_mapping.go:50.2,50.33 1 0
github.com/muety/wakapi/services/language_mapping.go:53.2,53.22 1 0
github.com/muety/wakapi/services/language_mapping.go:46.16,48.3 1 0
github.com/muety/wakapi/services/language_mapping.go:50.33,52.3 1 0
github.com/muety/wakapi/services/language_mapping.go:56.109,58.16 2 0
github.com/muety/wakapi/services/language_mapping.go:62.2,63.20 2 0
github.com/muety/wakapi/services/language_mapping.go:58.16,60.3 1 0
github.com/muety/wakapi/services/language_mapping.go:66.82,67.26 1 0
github.com/muety/wakapi/services/language_mapping.go:70.2,72.12 3 0
github.com/muety/wakapi/services/language_mapping.go:67.26,69.3 1 0
github.com/muety/wakapi/services/language_mapping.go:75.74,78.2 1 0
github.com/muety/wakapi/services/summary.go:27.149,35.2 1 1
github.com/muety/wakapi/services/summary.go:39.120,42.52 2 1
github.com/muety/wakapi/services/summary.go:47.2,47.44 1 1
github.com/muety/wakapi/services/summary.go:53.2,53.65 1 1
github.com/muety/wakapi/services/summary.go:58.2,59.16 2 1
github.com/muety/wakapi/services/summary.go:64.2,66.30 3 1
github.com/muety/wakapi/services/summary.go:42.52,44.3 1 0
github.com/muety/wakapi/services/summary.go:47.44,50.3 2 1
github.com/muety/wakapi/services/summary.go:53.65,55.3 1 0
github.com/muety/wakapi/services/summary.go:59.16,61.3 1 0
github.com/muety/wakapi/services/summary.go:69.101,72.52 2 1
github.com/muety/wakapi/services/summary.go:77.2,78.16 2 1
github.com/muety/wakapi/services/summary.go:83.2,84.44 2 1
github.com/muety/wakapi/services/summary.go:93.2,94.16 2 1
github.com/muety/wakapi/services/summary.go:99.2,100.30 2 1
github.com/muety/wakapi/services/summary.go:72.52,74.3 1 0
github.com/muety/wakapi/services/summary.go:78.16,80.3 1 0
github.com/muety/wakapi/services/summary.go:84.44,85.78 1 1
github.com/muety/wakapi/services/summary.go:85.78,87.4 1 1
github.com/muety/wakapi/services/summary.go:87.9,89.4 1 0
github.com/muety/wakapi/services/summary.go:94.16,96.3 1 0
github.com/muety/wakapi/services/summary.go:103.102,106.89 2 1
github.com/muety/wakapi/services/summary.go:112.2,116.26 4 1
github.com/muety/wakapi/services/summary.go:121.2,127.34 6 1
github.com/muety/wakapi/services/summary.go:143.2,143.26 1 1
github.com/muety/wakapi/services/summary.go:148.2,161.30 2 1
github.com/muety/wakapi/services/summary.go:106.89,108.3 1 1
github.com/muety/wakapi/services/summary.go:108.8,110.3 1 0
github.com/muety/wakapi/services/summary.go:116.26,118.3 1 1
github.com/muety/wakapi/services/summary.go:127.34,129.20 2 1
github.com/muety/wakapi/services/summary.go:130.30,131.29 1 1
github.com/muety/wakapi/services/summary.go:132.31,133.30 1 1
github.com/muety/wakapi/services/summary.go:134.29,135.28 1 1
github.com/muety/wakapi/services/summary.go:136.25,137.24 1 1
github.com/muety/wakapi/services/summary.go:138.30,139.29 1 1
github.com/muety/wakapi/services/summary.go:143.26,146.3 2 1
github.com/muety/wakapi/services/summary.go:166.76,168.2 1 0
github.com/muety/wakapi/services/summary.go:170.62,172.2 1 0
github.com/muety/wakapi/services/summary.go:174.66,176.2 1 0
github.com/muety/wakapi/services/summary.go:180.127,183.31 2 1
github.com/muety/wakapi/services/summary.go:206.2,207.30 2 1
github.com/muety/wakapi/services/summary.go:215.2,215.40 1 1
github.com/muety/wakapi/services/summary.go:219.2,219.67 1 1
github.com/muety/wakapi/services/summary.go:183.31,186.35 2 1
github.com/muety/wakapi/services/summary.go:190.3,190.13 1 1
github.com/muety/wakapi/services/summary.go:194.3,199.27 2 1
github.com/muety/wakapi/services/summary.go:203.3,203.26 1 1
github.com/muety/wakapi/services/summary.go:186.35,188.4 1 1
github.com/muety/wakapi/services/summary.go:190.13,191.12 1 1
github.com/muety/wakapi/services/summary.go:199.27,202.4 2 1
github.com/muety/wakapi/services/summary.go:207.30,213.3 1 1
github.com/muety/wakapi/services/summary.go:215.40,217.3 1 1
github.com/muety/wakapi/services/summary.go:222.97,223.24 1 1
github.com/muety/wakapi/services/summary.go:227.2,239.30 4 1
github.com/muety/wakapi/services/summary.go:259.2,262.26 3 1
github.com/muety/wakapi/services/summary.go:223.24,225.3 1 0
github.com/muety/wakapi/services/summary.go:239.30,240.38 1 1
github.com/muety/wakapi/services/summary.go:244.3,244.37 1 1
github.com/muety/wakapi/services/summary.go:248.3,248.34 1 1
github.com/muety/wakapi/services/summary.go:252.3,256.83 5 1
github.com/muety/wakapi/services/summary.go:240.38,242.4 1 0
github.com/muety/wakapi/services/summary.go:244.37,246.4 1 1
github.com/muety/wakapi/services/summary.go:248.34,250.4 1 1
github.com/muety/wakapi/services/summary.go:265.127,269.32 2 1
github.com/muety/wakapi/services/summary.go:273.2,273.27 1 1
github.com/muety/wakapi/services/summary.go:281.2,283.26 3 1
github.com/muety/wakapi/services/summary.go:288.2,288.43 1 1
github.com/muety/wakapi/services/summary.go:292.2,292.17 1 1
github.com/muety/wakapi/services/summary.go:269.32,271.3 1 1
github.com/muety/wakapi/services/summary.go:273.27,274.37 1 1
github.com/muety/wakapi/services/summary.go:274.37,276.4 1 1
github.com/muety/wakapi/services/summary.go:276.9,278.4 1 1
github.com/muety/wakapi/services/summary.go:283.26,286.3 2 1
github.com/muety/wakapi/services/summary.go:288.43,290.3 1 1
github.com/muety/wakapi/services/summary.go:295.116,296.25 1 1
github.com/muety/wakapi/services/summary.go:300.2,303.44 2 1
github.com/muety/wakapi/services/summary.go:308.2,308.40 1 1
github.com/muety/wakapi/services/summary.go:324.2,324.54 1 1
github.com/muety/wakapi/services/summary.go:328.2,328.18 1 1
github.com/muety/wakapi/services/summary.go:296.25,298.3 1 0
github.com/muety/wakapi/services/summary.go:303.44,305.3 1 1
github.com/muety/wakapi/services/summary.go:308.40,310.19 2 1
github.com/muety/wakapi/services/summary.go:315.3,318.22 3 0
github.com/muety/wakapi/services/summary.go:310.19,311.12 1 1
github.com/muety/wakapi/services/summary.go:318.22,320.4 1 0
github.com/muety/wakapi/services/summary.go:324.54,326.3 1 1
github.com/muety/wakapi/services/summary.go:331.59,333.25 2 1
github.com/muety/wakapi/services/summary.go:336.2,336.32 1 1
github.com/muety/wakapi/services/summary.go:333.25,335.3 1 1
github.com/muety/wakapi/services/user.go:19.73,25.2 1 0
github.com/muety/wakapi/services/user.go:27.74,28.40 1 0
github.com/muety/wakapi/services/user.go:32.2,33.16 2 0
github.com/muety/wakapi/services/user.go:37.2,38.15 2 0
github.com/muety/wakapi/services/user.go:28.40,30.3 1 0
github.com/muety/wakapi/services/user.go:33.16,35.3 1 0
github.com/muety/wakapi/services/user.go:41.72,42.37 1 0
github.com/muety/wakapi/services/user.go:46.2,47.16 2 0
github.com/muety/wakapi/services/user.go:51.2,52.15 2 0
github.com/muety/wakapi/services/user.go:42.37,44.3 1 0
github.com/muety/wakapi/services/user.go:47.16,49.3 1 0
github.com/muety/wakapi/services/user.go:55.58,57.2 1 0
github.com/muety/wakapi/services/user.go:59.88,66.93 2 0
github.com/muety/wakapi/services/user.go:72.2,72.38 1 0
github.com/muety/wakapi/services/user.go:66.93,68.3 1 0
github.com/muety/wakapi/services/user.go:68.8,70.3 1 0
github.com/muety/wakapi/services/user.go:75.73,78.2 2 0
github.com/muety/wakapi/services/user.go:80.78,84.2 3 0
github.com/muety/wakapi/services/user.go:86.79,89.2 2 0
github.com/muety/wakapi/services/user.go:91.99,94.2 2 0
github.com/muety/wakapi/services/user.go:96.106,99.96 3 0
github.com/muety/wakapi/services/user.go:104.2,104.68 1 0
github.com/muety/wakapi/services/user.go:99.96,101.3 1 0
github.com/muety/wakapi/services/user.go:101.8,103.3 1 0
github.com/muety/wakapi/services/alias.go:17.77,22.2 1 1
github.com/muety/wakapi/services/alias.go:26.60,27.43 1 1
github.com/muety/wakapi/services/alias.go:30.2,30.14 1 1
github.com/muety/wakapi/services/alias.go:27.43,29.3 1 1
github.com/muety/wakapi/services/alias.go:33.62,35.16 2 1
github.com/muety/wakapi/services/alias.go:38.2,38.12 1 1
github.com/muety/wakapi/services/alias.go:35.16,37.3 1 1
github.com/muety/wakapi/services/alias.go:41.76,43.16 2 0
github.com/muety/wakapi/services/alias.go:46.2,46.21 1 0
github.com/muety/wakapi/services/alias.go:43.16,45.3 1 0
github.com/muety/wakapi/services/alias.go:49.113,51.16 2 0
github.com/muety/wakapi/services/alias.go:54.2,54.21 1 0
github.com/muety/wakapi/services/alias.go:51.16,53.3 1 0
github.com/muety/wakapi/services/alias.go:57.108,58.32 1 1
github.com/muety/wakapi/services/alias.go:64.2,65.46 2 1
github.com/muety/wakapi/services/alias.go:70.2,70.19 1 1
github.com/muety/wakapi/services/alias.go:58.32,59.52 1 1
github.com/muety/wakapi/services/alias.go:59.52,61.4 1 1
github.com/muety/wakapi/services/alias.go:65.46,66.48 1 1
github.com/muety/wakapi/services/alias.go:66.48,68.4 1 1
github.com/muety/wakapi/services/alias.go:73.77,75.16 2 0
github.com/muety/wakapi/services/alias.go:78.2,79.20 2 0
github.com/muety/wakapi/services/alias.go:75.16,77.3 1 0
github.com/muety/wakapi/services/alias.go:82.60,83.24 1 0
github.com/muety/wakapi/services/alias.go:86.2,88.12 3 0
github.com/muety/wakapi/services/alias.go:83.24,85.3 1 0
github.com/muety/wakapi/services/alias.go:91.69,94.28 3 0
github.com/muety/wakapi/services/alias.go:102.2,104.31 2 0
github.com/muety/wakapi/services/alias.go:108.2,108.12 1 0
github.com/muety/wakapi/services/alias.go:94.28,95.21 1 0
github.com/muety/wakapi/services/alias.go:98.3,99.16 2 0
github.com/muety/wakapi/services/alias.go:95.21,97.4 1 0
github.com/muety/wakapi/services/alias.go:104.31,106.3 1 0
github.com/muety/wakapi/services/alias.go:111.52,112.51 1 0
github.com/muety/wakapi/services/alias.go:112.51,114.3 1 0
github.com/muety/wakapi/services/key_value.go:14.89,19.2 1 0
github.com/muety/wakapi/services/key_value.go:21.83,23.2 1 0
github.com/muety/wakapi/services/key_value.go:25.72,27.2 1 0
github.com/muety/wakapi/services/key_value.go:29.60,31.2 1 0
