mode: set
github.com/muety/wakapi/config/config.go:199.64,201.2 1 0
github.com/muety/wakapi/config/config.go:203.59,205.2 1 0
github.com/muety/wakapi/config/config.go:207.82,217.2 1 0
github.com/muety/wakapi/config/config.go:219.31,221.2 1 0
github.com/muety/wakapi/config/config.go:223.32,225.2 1 0
github.com/muety/wakapi/config/config.go:227.60,229.2 1 0
github.com/muety/wakapi/config/config.go:231.59,233.2 1 0
github.com/muety/wakapi/config/config.go:235.57,237.2 1 0
github.com/muety/wakapi/config/config.go:239.53,241.2 1 0
github.com/muety/wakapi/config/config.go:243.53,244.46 1 0
github.com/muety/wakapi/config/config.go:244.46,248.17 3 0
github.com/muety/wakapi/config/config.go:248.17,250.4 1 0
github.com/muety/wakapi/config/config.go:252.3,253.17 2 0
github.com/muety/wakapi/config/config.go:253.17,255.4 1 0
github.com/muety/wakapi/config/config.go:257.3,257.44 1 0
github.com/muety/wakapi/config/config.go:260.2,260.51 1 0
github.com/muety/wakapi/config/config.go:263.50,264.47 1 0
github.com/muety/wakapi/config/config.go:264.47,271.17 5 0
github.com/muety/wakapi/config/config.go:271.17,273.4 1 0
github.com/muety/wakapi/config/config.go:275.3,276.17 2 0
github.com/muety/wakapi/config/config.go:276.17,278.4 1 0
github.com/muety/wakapi/config/config.go:280.3,280.54 1 0
github.com/muety/wakapi/config/config.go:283.2,283.52 1 0
github.com/muety/wakapi/config/config.go:286.65,291.56 3 0
github.com/muety/wakapi/config/config.go:291.56,293.33 1 0
github.com/muety/wakapi/config/config.go:293.33,296.18 3 0
github.com/muety/wakapi/config/config.go:296.18,298.5 1 0
github.com/muety/wakapi/config/config.go:300.4,301.18 2 0
github.com/muety/wakapi/config/config.go:301.18,303.5 1 0
github.com/muety/wakapi/config/config.go:305.4,305.45 1 0
github.com/muety/wakapi/config/config.go:307.8,308.33 1 0
github.com/muety/wakapi/config/config.go:308.33,310.4 1 0
github.com/muety/wakapi/config/config.go:313.2,313.76 1 0
github.com/muety/wakapi/config/config.go:313.76,315.3 1 0
github.com/muety/wakapi/config/config.go:317.2,317.14 1 0
github.com/muety/wakapi/config/config.go:320.54,323.2 2 0
github.com/muety/wakapi/config/config.go:325.54,327.64 2 0
github.com/muety/wakapi/config/config.go:327.64,328.70 1 0
github.com/muety/wakapi/config/config.go:328.70,330.4 1 0
github.com/muety/wakapi/config/config.go:330.9,332.4 1 0
github.com/muety/wakapi/config/config.go:336.58,338.2 1 0
github.com/muety/wakapi/config/config.go:340.36,342.2 1 0
github.com/muety/wakapi/config/config.go:344.35,346.2 1 0
github.com/muety/wakapi/config/config.go:348.38,350.2 1 0
github.com/muety/wakapi/config/config.go:352.35,354.2 1 0
github.com/muety/wakapi/config/config.go:356.46,358.2 1 0
github.com/muety/wakapi/config/config.go:360.43,362.2 1 0
github.com/muety/wakapi/config/config.go:364.29,366.2 1 1
github.com/muety/wakapi/config/config.go:368.48,379.16 2 0
github.com/muety/wakapi/config/config.go:379.16,381.3 1 0
github.com/muety/wakapi/config/config.go:383.2,384.53 2 0
github.com/muety/wakapi/config/config.go:384.53,386.3 1 0
github.com/muety/wakapi/config/config.go:388.2,388.15 1 0
github.com/muety/wakapi/config/config.go:391.45,392.27 1 0
github.com/muety/wakapi/config/config.go:392.27,394.3 1 0
github.com/muety/wakapi/config/config.go:395.2,395.24 1 0
github.com/muety/wakapi/config/config.go:395.24,397.3 1 0
github.com/muety/wakapi/config/config.go:398.2,398.25 1 0
github.com/muety/wakapi/config/config.go:398.25,400.3 1 0
github.com/muety/wakapi/config/config.go:401.2,401.15 1 0
github.com/muety/wakapi/config/config.go:404.26,406.2 1 0
github.com/muety/wakapi/config/config.go:408.20,410.2 1 0
github.com/muety/wakapi/config/config.go:412.54,415.82 2 0
github.com/muety/wakapi/config/config.go:415.82,417.3 1 0
github.com/muety/wakapi/config/config.go:419.2,423.21 4 0
github.com/muety/wakapi/config/config.go:423.21,425.3 1 0
github.com/muety/wakapi/config/config.go:427.2,435.16 7 0
github.com/muety/wakapi/config/config.go:435.16,439.3 3 0
github.com/muety/wakapi/config/config.go:441.2,447.47 5 0
github.com/muety/wakapi/config/config.go:447.47,448.14 1 0
github.com/muety/wakapi/config/config.go:448.14,450.4 1 0
github.com/muety/wakapi/config/config.go:453.2,453.29 1 0
github.com/muety/wakapi/config/config.go:453.29,456.3 2 0
github.com/muety/wakapi/config/config.go:458.2,458.41 1 0
github.com/muety/wakapi/config/config.go:458.41,460.3 1 0
github.com/muety/wakapi/config/config.go:460.8,462.35 2 0
github.com/muety/wakapi/config/config.go:462.35,464.4 1 0
github.com/muety/wakapi/config/config.go:465.3,465.37 1 0
github.com/muety/wakapi/config/config.go:469.2,469.108 1 0
github.com/muety/wakapi/config/config.go:469.108,471.3 1 0
github.com/muety/wakapi/config/config.go:472.2,472.28 1 0
github.com/muety/wakapi/config/config.go:472.28,474.3 1 0
github.com/muety/wakapi/config/config.go:475.2,475.51 1 0
github.com/muety/wakapi/config/config.go:475.51,478.3 2 0
github.com/muety/wakapi/config/config.go:479.2,479.100 1 0
github.com/muety/wakapi/config/config.go:479.100,481.3 1 0
github.com/muety/wakapi/config/config.go:482.2,482.74 1 0
github.com/muety/wakapi/config/config.go:482.74,484.3 1 0
github.com/muety/wakapi/config/config.go:485.2,485.94 1 0
github.com/muety/wakapi/config/config.go:485.94,487.3 1 0
github.com/muety/wakapi/config/config.go:488.2,488.156 1 0
github.com/muety/wakapi/config/config.go:488.156,490.3 1 0
github.com/muety/wakapi/config/config.go:491.2,491.165 1 0
github.com/muety/wakapi/config/config.go:491.165,493.3 1 0
github.com/muety/wakapi/config/config.go:495.2,497.78 2 0
github.com/muety/wakapi/config/config.go:497.78,499.3 1 0
github.com/muety/wakapi/config/config.go:500.2,500.81 1 0
github.com/muety/wakapi/config/config.go:500.81,502.3 1 0
github.com/muety/wakapi/config/config.go:503.2,503.66 1 0
github.com/muety/wakapi/config/config.go:503.66,504.48 1 0
github.com/muety/wakapi/config/config.go:504.48,506.4 1 0
github.com/muety/wakapi/config/config.go:510.2,510.76 1 0
github.com/muety/wakapi/config/config.go:510.76,512.3 1 0
github.com/muety/wakapi/config/config.go:515.2,515.55 1 0
github.com/muety/wakapi/config/config.go:515.55,517.3 1 0
github.com/muety/wakapi/config/config.go:518.2,518.56 1 0
github.com/muety/wakapi/config/config.go:518.56,520.3 1 0
github.com/muety/wakapi/config/config.go:521.2,521.65 1 0
github.com/muety/wakapi/config/config.go:521.65,523.3 1 0
github.com/muety/wakapi/config/config.go:525.2,526.14 2 0
github.com/muety/wakapi/config/config.go:529.22,539.2 1 0
github.com/muety/wakapi/config/config.go:541.38,544.2 2 0
github.com/muety/wakapi/config/db.go:42.50,43.19 1 0
github.com/muety/wakapi/config/db.go:44.23,48.5 1 0
github.com/muety/wakapi/config/db.go:49.26,52.5 1 0
github.com/muety/wakapi/config/db.go:53.24,54.48 1 0
github.com/muety/wakapi/config/db.go:55.23,56.50 1 0
github.com/muety/wakapi/config/db.go:59.2,59.12 1 0
github.com/muety/wakapi/config/db.go:62.53,63.25 1 1
github.com/muety/wakapi/config/db.go:63.25,65.3 1 0
github.com/muety/wakapi/config/db.go:67.2,69.25 2 1
github.com/muety/wakapi/config/db.go:69.25,71.3 1 1
github.com/muety/wakapi/config/db.go:73.2,80.3 1 1
github.com/muety/wakapi/config/db.go:83.56,84.25 1 1
github.com/muety/wakapi/config/db.go:84.25,86.3 1 0
github.com/muety/wakapi/config/db.go:88.2,89.16 2 1
github.com/muety/wakapi/config/db.go:89.16,91.3 1 0
github.com/muety/wakapi/config/db.go:93.2,100.3 1 1
github.com/muety/wakapi/config/db.go:103.54,105.2 1 1
github.com/muety/wakapi/config/db.go:107.53,113.16 3 1
github.com/muety/wakapi/config/db.go:113.16,115.3 1 1
github.com/muety/wakapi/config/db.go:117.2,124.19 2 1
github.com/muety/wakapi/config/db_opts.go:11.56,13.2 1 0
github.com/muety/wakapi/config/db_opts.go:15.59,17.2 1 0
github.com/muety/wakapi/config/db_opts.go:19.61,21.39 1 0
github.com/muety/wakapi/config/db_opts.go:21.39,23.100 1 0
github.com/muety/wakapi/config/db_opts.go:23.100,25.4 1 0
github.com/muety/wakapi/config/db_opts.go:28.2,28.30 1 0
github.com/muety/wakapi/config/db_opts.go:28.30,29.68 1 0
github.com/muety/wakapi/config/db_opts.go:29.68,31.4 1 0
github.com/muety/wakapi/config/db_opts.go:34.2,34.12 1 0
github.com/muety/wakapi/config/eventbus.go:27.13,29.2 1 1
github.com/muety/wakapi/config/eventbus.go:31.26,33.2 1 0
github.com/muety/wakapi/config/fs.go:9.56,10.19 1 0
github.com/muety/wakapi/config/fs.go:10.19,12.3 1 0
github.com/muety/wakapi/config/fs.go:13.2,13.19 1 0
github.com/muety/wakapi/config/jobqueue.go:28.13,30.2 1 1
github.com/muety/wakapi/config/jobqueue.go:32.18,39.2 6 0
github.com/muety/wakapi/config/jobqueue.go:41.48,42.34 1 0
github.com/muety/wakapi/config/jobqueue.go:42.34,44.3 1 0
github.com/muety/wakapi/config/jobqueue.go:45.2,48.12 4 0
github.com/muety/wakapi/config/jobqueue.go:51.44,53.2 1 0
github.com/muety/wakapi/config/jobqueue.go:55.48,56.35 1 0
github.com/muety/wakapi/config/jobqueue.go:56.35,58.3 1 0
github.com/muety/wakapi/config/jobqueue.go:59.2,59.24 1 0
github.com/muety/wakapi/config/jobqueue.go:62.43,64.37 2 0
github.com/muety/wakapi/config/jobqueue.go:64.37,70.3 1 0
github.com/muety/wakapi/config/jobqueue.go:71.2,71.16 1 0
github.com/muety/wakapi/config/jobqueue.go:74.20,75.30 1 0
github.com/muety/wakapi/config/jobqueue.go:75.30,77.3 1 0
github.com/muety/wakapi/config/key_utils.go:11.58,15.44 2 0
github.com/muety/wakapi/config/key_utils.go:15.44,17.17 2 0
github.com/muety/wakapi/config/key_utils.go:17.17,19.4 1 0
github.com/muety/wakapi/config/key_utils.go:20.3,23.17 3 0
github.com/muety/wakapi/config/key_utils.go:23.17,25.4 1 0
github.com/muety/wakapi/config/key_utils.go:26.3,26.46 1 0
github.com/muety/wakapi/config/key_utils.go:30.2,31.16 2 0
github.com/muety/wakapi/config/key_utils.go:31.16,33.3 1 0
github.com/muety/wakapi/config/key_utils.go:34.2,37.51 3 0
github.com/muety/wakapi/config/key_utils.go:37.51,39.3 1 0
github.com/muety/wakapi/config/key_utils.go:40.2,40.45 1 0
github.com/muety/wakapi/config/sentry.go:21.35,23.2 1 0
github.com/muety/wakapi/config/sentry.go:25.62,28.2 2 0
github.com/muety/wakapi/config/sentry.go:38.33,45.2 2 0
github.com/muety/wakapi/config/sentry.go:47.79,50.2 2 0
github.com/muety/wakapi/config/sentry.go:52.72,56.2 3 0
github.com/muety/wakapi/config/sentry.go:58.71,62.2 3 0
github.com/muety/wakapi/config/sentry.go:64.71,68.2 3 0
github.com/muety/wakapi/config/sentry.go:70.72,74.2 3 0
github.com/muety/wakapi/config/sentry.go:76.72,80.2 3 0
github.com/muety/wakapi/config/sentry.go:82.67,87.18 4 0
github.com/muety/wakapi/config/sentry.go:87.18,88.65 1 0
github.com/muety/wakapi/config/sentry.go:88.65,91.45 3 0
github.com/muety/wakapi/config/sentry.go:91.45,93.5 1 0
github.com/muety/wakapi/config/sentry.go:94.4,95.10 2 0
github.com/muety/wakapi/config/sentry.go:99.2,99.28 1 0
github.com/muety/wakapi/config/sentry.go:109.50,115.59 1 0
github.com/muety/wakapi/config/sentry.go:115.59,117.38 2 0
github.com/muety/wakapi/config/sentry.go:117.38,118.38 1 0
github.com/muety/wakapi/config/sentry.go:118.38,120.6 1 0
github.com/muety/wakapi/config/sentry.go:122.4,122.39 1 0
github.com/muety/wakapi/config/sentry.go:122.39,124.5 1 0
github.com/muety/wakapi/config/sentry.go:125.4,125.37 1 0
github.com/muety/wakapi/config/sentry.go:127.79,128.27 1 0
github.com/muety/wakapi/config/sentry.go:128.27,129.84 1 0
github.com/muety/wakapi/config/sentry.go:129.84,130.45 1 0
github.com/muety/wakapi/config/sentry.go:130.45,132.7 1 0
github.com/muety/wakapi/config/sentry.go:135.4,135.16 1 0
github.com/muety/wakapi/config/sentry.go:137.17,139.3 1 0
github.com/muety/wakapi/config/sentry.go:143.43,148.51 2 0
github.com/muety/wakapi/config/sentry.go:148.51,150.3 1 0
github.com/muety/wakapi/config/sentry.go:151.2,151.11 1 0
github.com/muety/wakapi/config/session.go:9.46,10.25 1 0
github.com/muety/wakapi/config/session.go:10.25,12.3 1 0
github.com/muety/wakapi/config/session.go:13.2,13.21 1 0
github.com/muety/wakapi/helpers/date.go:17.73,18.58 1 0
github.com/muety/wakapi/helpers/date.go:18.58,20.3 1 0
github.com/muety/wakapi/helpers/date.go:21.2,21.87 1 0
github.com/muety/wakapi/helpers/date.go:21.87,23.3 1 0
github.com/muety/wakapi/helpers/date.go:24.2,24.64 1 0
github.com/muety/wakapi/helpers/date.go:27.40,29.2 1 0
github.com/muety/wakapi/helpers/date.go:31.44,33.2 1 0
github.com/muety/wakapi/helpers/date.go:35.49,37.2 1 0
github.com/muety/wakapi/helpers/date.go:39.45,41.2 1 0
github.com/muety/wakapi/helpers/date.go:43.50,49.2 5 0
github.com/muety/wakapi/helpers/http.go:11.94,13.16 2 0
github.com/muety/wakapi/helpers/http.go:13.16,15.3 1 0
github.com/muety/wakapi/helpers/http.go:17.2,17.107 1 0
github.com/muety/wakapi/helpers/http.go:17.107,19.3 1 0
github.com/muety/wakapi/helpers/http.go:21.2,21.22 1 0
github.com/muety/wakapi/helpers/http.go:24.90,27.58 3 0
github.com/muety/wakapi/helpers/http.go:27.58,29.3 1 0
github.com/muety/wakapi/helpers/interval.go:10.66,11.40 1 0
github.com/muety/wakapi/helpers/interval.go:11.40,12.27 1 0
github.com/muety/wakapi/helpers/interval.go:12.27,14.4 1 0
github.com/muety/wakapi/helpers/interval.go:16.2,16.48 1 0
github.com/muety/wakapi/helpers/interval.go:19.61,22.2 2 0
github.com/muety/wakapi/helpers/interval.go:24.88,27.2 2 0
github.com/muety/wakapi/helpers/interval.go:29.95,31.16 2 0
github.com/muety/wakapi/helpers/interval.go:31.16,33.3 1 0
github.com/muety/wakapi/helpers/interval.go:34.2,34.38 1 0
github.com/muety/wakapi/helpers/interval.go:37.105,41.18 3 1
github.com/muety/wakapi/helpers/interval.go:42.28,43.32 1 0
github.com/muety/wakapi/helpers/interval.go:44.32,46.30 2 0
github.com/muety/wakapi/helpers/interval.go:47.30,48.34 1 1
github.com/muety/wakapi/helpers/interval.go:49.31,50.35 1 0
github.com/muety/wakapi/helpers/interval.go:51.31,53.33 2 0
github.com/muety/wakapi/helpers/interval.go:54.32,55.36 1 0
github.com/muety/wakapi/helpers/interval.go:56.32,58.34 2 0
github.com/muety/wakapi/helpers/interval.go:59.31,60.35 1 0
github.com/muety/wakapi/helpers/interval.go:61.32,62.31 1 1
github.com/muety/wakapi/helpers/interval.go:63.41,65.48 2 0
github.com/muety/wakapi/helpers/interval.go:66.33,67.32 1 1
github.com/muety/wakapi/helpers/interval.go:68.33,69.32 1 1
github.com/muety/wakapi/helpers/interval.go:70.34,71.31 1 1
github.com/muety/wakapi/helpers/interval.go:72.35,73.32 1 1
github.com/muety/wakapi/helpers/interval.go:74.26,75.21 1 0
github.com/muety/wakapi/helpers/interval.go:76.10,77.39 1 0
github.com/muety/wakapi/helpers/interval.go:80.2,80.22 1 1
github.com/muety/wakapi/helpers/interval.go:84.65,85.15 1 1
github.com/muety/wakapi/helpers/interval.go:85.15,87.3 1 1
github.com/muety/wakapi/helpers/interval.go:88.2,88.14 1 1
github.com/muety/wakapi/helpers/interval.go:88.14,90.3 1 1
github.com/muety/wakapi/helpers/interval.go:91.2,91.14 1 1
github.com/muety/wakapi/helpers/interval.go:91.14,93.3 1 1
github.com/muety/wakapi/helpers/interval.go:94.2,94.15 1 1
github.com/muety/wakapi/helpers/interval.go:94.15,96.3 1 1
github.com/muety/wakapi/helpers/interval.go:97.2,97.15 1 1
github.com/muety/wakapi/helpers/interval.go:97.15,99.3 1 1
github.com/muety/wakapi/helpers/interval.go:100.2,100.16 1 1
github.com/muety/wakapi/helpers/interval.go:100.16,102.3 1 1
github.com/muety/wakapi/helpers/interval.go:103.2,103.16 1 1
github.com/muety/wakapi/helpers/interval.go:103.16,105.3 1 1
github.com/muety/wakapi/helpers/interval.go:106.2,106.41 1 1
github.com/muety/wakapi/helpers/summary.go:10.73,17.56 5 0
github.com/muety/wakapi/helpers/summary.go:17.56,19.3 1 0
github.com/muety/wakapi/helpers/summary.go:19.8,19.54 1 0
github.com/muety/wakapi/helpers/summary.go:19.54,21.3 1 0
github.com/muety/wakapi/helpers/summary.go:21.8,23.17 2 0
github.com/muety/wakapi/helpers/summary.go:23.17,25.4 1 0
github.com/muety/wakapi/helpers/summary.go:27.3,28.17 2 0
github.com/muety/wakapi/helpers/summary.go:28.17,30.4 1 0
github.com/muety/wakapi/helpers/summary.go:33.2,43.8 3 0
github.com/muety/wakapi/helpers/summary.go:46.59,48.48 2 0
github.com/muety/wakapi/helpers/summary.go:48.48,50.3 1 0
github.com/muety/wakapi/helpers/summary.go:51.2,51.49 1 0
github.com/muety/wakapi/helpers/summary.go:51.49,53.3 1 0
github.com/muety/wakapi/helpers/summary.go:54.2,54.47 1 0
github.com/muety/wakapi/helpers/summary.go:54.47,56.3 1 0
github.com/muety/wakapi/helpers/summary.go:57.2,57.48 1 0
github.com/muety/wakapi/helpers/summary.go:57.48,59.3 1 0
github.com/muety/wakapi/helpers/summary.go:60.2,60.57 1 0
github.com/muety/wakapi/helpers/summary.go:60.57,62.3 1 0
github.com/muety/wakapi/helpers/summary.go:63.2,63.46 1 0
github.com/muety/wakapi/helpers/summary.go:63.46,65.3 1 0
github.com/muety/wakapi/helpers/summary.go:66.2,66.47 1 0
github.com/muety/wakapi/helpers/summary.go:66.47,68.3 1 0
github.com/muety/wakapi/helpers/summary.go:69.2,69.47 1 0
github.com/muety/wakapi/helpers/summary.go:69.47,71.3 1 0
github.com/muety/wakapi/helpers/summary.go:72.2,72.16 1 0
github.com/muety/wakapi/helpers/summary.go:75.48,79.51 2 0
github.com/muety/wakapi/helpers/summary.go:79.51,81.3 1 0
github.com/muety/wakapi/helpers/summary.go:82.2,82.12 1 0
github.com/muety/wakapi/middlewares/authenticate.go:35.91,41.2 1 1
github.com/muety/wakapi/middlewares/authenticate.go:43.91,46.2 2 0
github.com/muety/wakapi/middlewares/authenticate.go:48.90,51.2 2 0
github.com/muety/wakapi/middlewares/authenticate.go:53.99,56.2 2 0
github.com/muety/wakapi/middlewares/authenticate.go:58.71,59.71 1 0
github.com/muety/wakapi/middlewares/authenticate.go:59.71,61.3 1 0
github.com/muety/wakapi/middlewares/authenticate.go:64.107,68.16 3 0
github.com/muety/wakapi/middlewares/authenticate.go:68.16,70.3 1 0
github.com/muety/wakapi/middlewares/authenticate.go:71.2,71.16 1 0
github.com/muety/wakapi/middlewares/authenticate.go:71.16,73.3 1 0
github.com/muety/wakapi/middlewares/authenticate.go:74.2,74.55 1 0
github.com/muety/wakapi/middlewares/authenticate.go:74.55,76.3 1 0
github.com/muety/wakapi/middlewares/authenticate.go:78.2,78.31 1 0
github.com/muety/wakapi/middlewares/authenticate.go:78.31,79.31 1 0
github.com/muety/wakapi/middlewares/authenticate.go:79.31,82.4 2 0
github.com/muety/wakapi/middlewares/authenticate.go:84.3,84.29 1 0
github.com/muety/wakapi/middlewares/authenticate.go:84.29,87.4 2 0
github.com/muety/wakapi/middlewares/authenticate.go:87.9,88.36 1 0
github.com/muety/wakapi/middlewares/authenticate.go:88.36,92.5 3 0
github.com/muety/wakapi/middlewares/authenticate.go:93.4,94.59 2 0
github.com/muety/wakapi/middlewares/authenticate.go:96.3,96.9 1 0
github.com/muety/wakapi/middlewares/authenticate.go:99.2,100.12 2 0
github.com/muety/wakapi/middlewares/authenticate.go:103.70,104.39 1 0
github.com/muety/wakapi/middlewares/authenticate.go:104.39,105.60 1 0
github.com/muety/wakapi/middlewares/authenticate.go:105.60,107.4 1 0
github.com/muety/wakapi/middlewares/authenticate.go:109.2,109.14 1 0
github.com/muety/wakapi/middlewares/authenticate.go:112.98,114.16 2 1
github.com/muety/wakapi/middlewares/authenticate.go:114.16,116.3 1 1
github.com/muety/wakapi/middlewares/authenticate.go:118.2,121.16 4 1
github.com/muety/wakapi/middlewares/authenticate.go:121.16,123.3 1 0
github.com/muety/wakapi/middlewares/authenticate.go:124.2,124.18 1 1
github.com/muety/wakapi/middlewares/authenticate.go:127.97,131.19 4 1
github.com/muety/wakapi/middlewares/authenticate.go:131.19,133.3 1 1
github.com/muety/wakapi/middlewares/authenticate.go:134.2,135.16 2 1
github.com/muety/wakapi/middlewares/authenticate.go:135.16,137.3 1 0
github.com/muety/wakapi/middlewares/authenticate.go:138.2,138.18 1 1
github.com/muety/wakapi/middlewares/authenticate.go:141.99,143.22 2 1
github.com/muety/wakapi/middlewares/authenticate.go:143.22,145.3 1 0
github.com/muety/wakapi/middlewares/authenticate.go:146.2,146.161 1 1
github.com/muety/wakapi/middlewares/authenticate.go:146.161,148.3 1 1
github.com/muety/wakapi/middlewares/authenticate.go:148.5,150.3 1 1
github.com/muety/wakapi/middlewares/authenticate.go:151.2,151.43 1 1
github.com/muety/wakapi/middlewares/authenticate.go:154.92,156.16 2 0
github.com/muety/wakapi/middlewares/authenticate.go:156.16,158.3 1 0
github.com/muety/wakapi/middlewares/authenticate.go:160.2,161.16 2 0
github.com/muety/wakapi/middlewares/authenticate.go:161.16,163.3 1 0
github.com/muety/wakapi/middlewares/authenticate.go:168.2,168.18 1 0
github.com/muety/wakapi/middlewares/filetype.go:13.83,14.43 1 0
github.com/muety/wakapi/middlewares/filetype.go:14.43,19.3 1 0
github.com/muety/wakapi/middlewares/filetype.go:22.84,24.34 2 0
github.com/muety/wakapi/middlewares/filetype.go:24.34,25.50 1 0
github.com/muety/wakapi/middlewares/filetype.go:25.50,29.4 3 0
github.com/muety/wakapi/middlewares/filetype.go:31.2,31.27 1 0
github.com/muety/wakapi/middlewares/logging.go:20.102,21.43 1 0
github.com/muety/wakapi/middlewares/logging.go:21.43,27.3 1 0
github.com/muety/wakapi/middlewares/logging.go:30.80,39.44 7 0
github.com/muety/wakapi/middlewares/logging.go:39.44,40.38 1 0
github.com/muety/wakapi/middlewares/logging.go:40.38,42.4 1 0
github.com/muety/wakapi/middlewares/logging.go:45.2,54.3 1 0
github.com/muety/wakapi/middlewares/logging.go:57.41,59.14 2 0
github.com/muety/wakapi/middlewares/logging.go:59.14,61.3 1 0
github.com/muety/wakapi/middlewares/logging.go:62.2,62.14 1 0
github.com/muety/wakapi/middlewares/logging.go:62.14,64.3 1 0
github.com/muety/wakapi/middlewares/logging.go:65.2,65.11 1 0
github.com/muety/wakapi/middlewares/logging.go:68.41,69.42 1 0
github.com/muety/wakapi/middlewares/logging.go:69.42,71.3 1 0
github.com/muety/wakapi/middlewares/logging.go:72.2,72.12 1 0
github.com/muety/wakapi/middlewares/logging.go:103.52,105.2 1 0
github.com/muety/wakapi/middlewares/logging.go:117.45,118.20 1 0
github.com/muety/wakapi/middlewares/logging.go:118.20,122.3 3 0
github.com/muety/wakapi/middlewares/logging.go:124.54,127.18 3 0
github.com/muety/wakapi/middlewares/logging.go:127.18,130.17 2 0
github.com/muety/wakapi/middlewares/logging.go:130.17,132.4 1 0
github.com/muety/wakapi/middlewares/logging.go:134.2,135.15 2 0
github.com/muety/wakapi/middlewares/logging.go:137.42,138.20 1 0
github.com/muety/wakapi/middlewares/logging.go:138.20,140.3 1 0
github.com/muety/wakapi/middlewares/logging.go:142.36,144.2 1 0
github.com/muety/wakapi/middlewares/logging.go:145.42,147.2 1 0
github.com/muety/wakapi/middlewares/logging.go:148.40,150.2 1 0
github.com/muety/wakapi/middlewares/logging.go:151.52,153.2 1 0
github.com/muety/wakapi/middlewares/principal.go:15.62,17.2 1 0
github.com/muety/wakapi/middlewares/principal.go:19.58,21.2 1 0
github.com/muety/wakapi/middlewares/principal.go:23.60,24.24 1 0
github.com/muety/wakapi/middlewares/principal.go:24.24,26.3 1 0
github.com/muety/wakapi/middlewares/principal.go:27.2,27.31 1 0
github.com/muety/wakapi/middlewares/principal.go:49.71,50.43 1 0
github.com/muety/wakapi/middlewares/principal.go:50.43,52.3 1 0
github.com/muety/wakapi/middlewares/principal.go:55.81,58.2 2 0
github.com/muety/wakapi/middlewares/principal.go:60.55,61.52 1 0
github.com/muety/wakapi/middlewares/principal.go:61.52,63.3 1 0
github.com/muety/wakapi/middlewares/principal.go:66.49,67.52 1 0
github.com/muety/wakapi/middlewares/principal.go:67.52,69.3 1 0
github.com/muety/wakapi/middlewares/principal.go:70.2,70.12 1 0
github.com/muety/wakapi/middlewares/security.go:19.62,20.43 1 0
github.com/muety/wakapi/middlewares/security.go:20.43,22.3 1 0
github.com/muety/wakapi/middlewares/security.go:25.80,26.36 1 0
github.com/muety/wakapi/middlewares/security.go:26.36,27.30 1 0
github.com/muety/wakapi/middlewares/security.go:27.30,29.4 1 0
github.com/muety/wakapi/middlewares/security.go:31.2,31.27 1 0
github.com/muety/wakapi/middlewares/sentry.go:15.60,16.43 1 0
github.com/muety/wakapi/middlewares/sentry.go:16.43,20.3 1 0
github.com/muety/wakapi/middlewares/sentry.go:23.78,26.54 3 0
github.com/muety/wakapi/middlewares/sentry.go:26.54,27.43 1 0
github.com/muety/wakapi/middlewares/sentry.go:27.43,29.4 1 0
github.com/muety/wakapi/routes/api/activity.go:20.13,22.2 1 1
github.com/muety/wakapi/routes/api/activity.go:30.126,36.2 1 0
github.com/muety/wakapi/routes/api/activity.go:38.64,47.2 4 0
github.com/muety/wakapi/routes/api/activity.go:49.87,56.45 3 0
github.com/muety/wakapi/routes/api/activity.go:56.45,60.3 3 0
github.com/muety/wakapi/routes/api/activity.go:61.2,62.16 2 0
github.com/muety/wakapi/routes/api/activity.go:62.16,65.3 2 0
github.com/muety/wakapi/routes/api/activity.go:67.2,67.68 1 0
github.com/muety/wakapi/routes/api/activity.go:67.68,68.159 1 0
github.com/muety/wakapi/routes/api/activity.go:68.159,71.4 2 0
github.com/muety/wakapi/routes/api/activity.go:74.2,78.16 4 0
github.com/muety/wakapi/routes/api/activity.go:78.16,82.3 3 0
github.com/muety/wakapi/routes/api/activity.go:84.2,87.24 4 0
github.com/muety/wakapi/routes/api/avatar.go:19.40,21.16 2 0
github.com/muety/wakapi/routes/api/avatar.go:21.16,22.13 1 0
github.com/muety/wakapi/routes/api/avatar.go:25.2,28.3 1 0
github.com/muety/wakapi/routes/api/avatar.go:31.59,36.2 4 0
github.com/muety/wakapi/routes/api/avatar.go:38.69,41.37 2 0
github.com/muety/wakapi/routes/api/avatar.go:41.37,43.3 1 0
github.com/muety/wakapi/routes/api/avatar.go:45.2,45.29 1 0
github.com/muety/wakapi/routes/api/avatar.go:45.29,47.3 1 0
github.com/muety/wakapi/routes/api/avatar.go:48.2,53.32 5 0
github.com/muety/wakapi/routes/api/badge.go:28.112,35.2 1 1
github.com/muety/wakapi/routes/api/badge.go:37.58,42.2 4 1
github.com/muety/wakapi/routes/api/badge.go:44.68,47.16 3 1
github.com/muety/wakapi/routes/api/badge.go:47.16,50.3 2 0
github.com/muety/wakapi/routes/api/badge.go:52.2,53.16 2 1
github.com/muety/wakapi/routes/api/badge.go:53.16,57.3 3 1
github.com/muety/wakapi/routes/api/badge.go:58.2,62.62 4 1
github.com/muety/wakapi/routes/api/badge.go:62.62,65.3 2 0
github.com/muety/wakapi/routes/api/badge.go:67.2,75.16 3 1
github.com/muety/wakapi/routes/api/badge.go:75.16,79.3 3 0
github.com/muety/wakapi/routes/api/badge.go:81.2,82.66 2 1
github.com/muety/wakapi/routes/api/badge.go:82.66,84.3 1 0
github.com/muety/wakapi/routes/api/badge.go:85.2,85.66 1 1
github.com/muety/wakapi/routes/api/badge.go:85.66,87.3 1 0
github.com/muety/wakapi/routes/api/badge.go:89.2,89.101 1 1
github.com/muety/wakapi/routes/api/badge.go:89.101,91.3 1 1
github.com/muety/wakapi/routes/api/badge.go:93.2,95.25 3 1
github.com/muety/wakapi/routes/api/badge.go:98.53,103.2 4 1
github.com/muety/wakapi/routes/api/captcha.go:13.42,17.2 1 0
github.com/muety/wakapi/routes/api/captcha.go:19.60,21.2 1 0
github.com/muety/wakapi/routes/api/diagnostics.go:20.138,26.2 1 0
github.com/muety/wakapi/routes/api/diagnostics.go:28.67,30.2 1 0
github.com/muety/wakapi/routes/api/diagnostics.go:39.78,42.69 2 0
github.com/muety/wakapi/routes/api/diagnostics.go:42.69,47.3 4 0
github.com/muety/wakapi/routes/api/diagnostics.go:49.2,49.66 1 0
github.com/muety/wakapi/routes/api/diagnostics.go:49.66,54.3 4 0
github.com/muety/wakapi/routes/api/diagnostics.go:56.2,56.59 1 0
github.com/muety/wakapi/routes/api/health.go:15.57,17.2 1 0
github.com/muety/wakapi/routes/api/health.go:19.62,21.2 1 0
github.com/muety/wakapi/routes/api/health.go:29.72,31.41 2 0
github.com/muety/wakapi/routes/api/health.go:31.41,32.38 1 0
github.com/muety/wakapi/routes/api/health.go:32.38,34.4 1 0
github.com/muety/wakapi/routes/api/health.go:37.2,38.56 2 0
github.com/muety/wakapi/routes/api/heartbeat.go:26.187,33.2 1 0
github.com/muety/wakapi/routes/api/heartbeat.go:39.65,40.34 1 0
github.com/muety/wakapi/routes/api/heartbeat.go:40.34,54.3 9 0
github.com/muety/wakapi/routes/api/heartbeat.go:65.76,67.16 2 0
github.com/muety/wakapi/routes/api/heartbeat.go:67.16,69.3 1 0
github.com/muety/wakapi/routes/api/heartbeat.go:71.2,73.16 3 0
github.com/muety/wakapi/routes/api/heartbeat.go:73.16,78.3 4 0
github.com/muety/wakapi/routes/api/heartbeat.go:80.2,84.32 4 0
github.com/muety/wakapi/routes/api/heartbeat.go:84.32,85.16 1 0
github.com/muety/wakapi/routes/api/heartbeat.go:85.16,89.4 3 0
github.com/muety/wakapi/routes/api/heartbeat.go:92.3,92.25 1 0
github.com/muety/wakapi/routes/api/heartbeat.go:92.25,97.4 4 0
github.com/muety/wakapi/routes/api/heartbeat.go:98.3,98.23 1 0
github.com/muety/wakapi/routes/api/heartbeat.go:98.23,100.4 1 0
github.com/muety/wakapi/routes/api/heartbeat.go:102.3,102.37 1 0
github.com/muety/wakapi/routes/api/heartbeat.go:102.37,103.150 1 0
github.com/muety/wakapi/routes/api/heartbeat.go:103.150,105.5 1 0
github.com/muety/wakapi/routes/api/heartbeat.go:105.10,107.5 1 0
github.com/muety/wakapi/routes/api/heartbeat.go:110.3,117.65 7 0
github.com/muety/wakapi/routes/api/heartbeat.go:117.65,121.4 3 0
github.com/muety/wakapi/routes/api/heartbeat.go:123.3,123.14 1 0
github.com/muety/wakapi/routes/api/heartbeat.go:126.2,126.64 1 0
github.com/muety/wakapi/routes/api/heartbeat.go:126.64,131.3 4 0
github.com/muety/wakapi/routes/api/heartbeat.go:133.2,133.19 1 0
github.com/muety/wakapi/routes/api/heartbeat.go:133.19,135.52 2 0
github.com/muety/wakapi/routes/api/heartbeat.go:135.52,140.4 4 0
github.com/muety/wakapi/routes/api/heartbeat.go:143.2,143.15 1 0
github.com/muety/wakapi/routes/api/heartbeat.go:143.16,143.17 0 0
github.com/muety/wakapi/routes/api/heartbeat.go:145.2,145.90 1 0
github.com/muety/wakapi/routes/api/heartbeat.go:154.59,157.25 2 0
github.com/muety/wakapi/routes/api/heartbeat.go:157.25,162.3 4 0
github.com/muety/wakapi/routes/api/heartbeat.go:164.2,166.3 1 0
github.com/muety/wakapi/routes/api/heartbeat.go:180.45,180.46 0 0
github.com/muety/wakapi/routes/api/heartbeat.go:191.45,191.46 0 0
github.com/muety/wakapi/routes/api/heartbeat.go:202.45,202.46 0 0
github.com/muety/wakapi/routes/api/heartbeat.go:212.45,212.46 0 0
github.com/muety/wakapi/routes/api/heartbeat.go:223.45,223.46 0 0
github.com/muety/wakapi/routes/api/heartbeat.go:234.45,234.46 0 0
github.com/muety/wakapi/routes/api/heartbeat.go:245.45,245.46 0 0
github.com/muety/wakapi/routes/api/metrics.go:72.298,82.2 1 0
github.com/muety/wakapi/routes/api/metrics.go:84.60,85.38 1 0
github.com/muety/wakapi/routes/api/metrics.go:85.38,87.3 1 0
github.com/muety/wakapi/routes/api/metrics.go:89.2,95.29 5 0
github.com/muety/wakapi/routes/api/metrics.go:98.70,100.20 2 0
github.com/muety/wakapi/routes/api/metrics.go:100.20,104.3 3 0
github.com/muety/wakapi/routes/api/metrics.go:106.2,108.63 2 0
github.com/muety/wakapi/routes/api/metrics.go:108.63,113.3 4 0
github.com/muety/wakapi/routes/api/metrics.go:113.8,114.34 1 0
github.com/muety/wakapi/routes/api/metrics.go:114.34,116.4 1 0
github.com/muety/wakapi/routes/api/metrics.go:119.2,119.21 1 0
github.com/muety/wakapi/routes/api/metrics.go:119.21,120.66 1 0
github.com/muety/wakapi/routes/api/metrics.go:120.66,125.4 4 0
github.com/muety/wakapi/routes/api/metrics.go:125.9,126.36 1 0
github.com/muety/wakapi/routes/api/metrics.go:126.36,128.5 1 0
github.com/muety/wakapi/routes/api/metrics.go:132.2,135.34 3 0
github.com/muety/wakapi/routes/api/metrics.go:138.81,142.16 3 0
github.com/muety/wakapi/routes/api/metrics.go:142.16,145.3 2 0
github.com/muety/wakapi/routes/api/metrics.go:147.2,150.16 3 0
github.com/muety/wakapi/routes/api/metrics.go:150.16,153.3 2 0
github.com/muety/wakapi/routes/api/metrics.go:155.2,156.16 2 0
github.com/muety/wakapi/routes/api/metrics.go:156.16,159.3 2 0
github.com/muety/wakapi/routes/api/metrics.go:161.2,162.37 2 0
github.com/muety/wakapi/routes/api/metrics.go:162.37,164.17 2 0
github.com/muety/wakapi/routes/api/metrics.go:164.17,167.4 2 0
github.com/muety/wakapi/routes/api/metrics.go:172.2,193.42 4 0
github.com/muety/wakapi/routes/api/metrics.go:193.42,200.3 1 0
github.com/muety/wakapi/routes/api/metrics.go:202.2,202.43 1 0
github.com/muety/wakapi/routes/api/metrics.go:202.43,209.3 1 0
github.com/muety/wakapi/routes/api/metrics.go:211.2,211.41 1 0
github.com/muety/wakapi/routes/api/metrics.go:211.41,218.3 1 0
github.com/muety/wakapi/routes/api/metrics.go:220.2,220.50 1 0
github.com/muety/wakapi/routes/api/metrics.go:220.50,227.3 1 0
github.com/muety/wakapi/routes/api/metrics.go:229.2,229.42 1 0
github.com/muety/wakapi/routes/api/metrics.go:229.42,236.3 1 0
github.com/muety/wakapi/routes/api/metrics.go:238.2,238.40 1 0
github.com/muety/wakapi/routes/api/metrics.go:238.40,245.3 1 0
github.com/muety/wakapi/routes/api/metrics.go:247.2,248.34 2 0
github.com/muety/wakapi/routes/api/metrics.go:248.34,250.3 1 0
github.com/muety/wakapi/routes/api/metrics.go:251.2,341.16 16 0
github.com/muety/wakapi/routes/api/metrics.go:341.16,343.3 1 0
github.com/muety/wakapi/routes/api/metrics.go:345.2,353.44 2 0
github.com/muety/wakapi/routes/api/metrics.go:353.44,367.3 2 0
github.com/muety/wakapi/routes/api/metrics.go:369.2,369.22 1 0
github.com/muety/wakapi/routes/api/metrics.go:372.82,378.19 4 0
github.com/muety/wakapi/routes/api/metrics.go:378.19,380.3 1 0
github.com/muety/wakapi/routes/api/metrics.go:382.2,383.106 2 0
github.com/muety/wakapi/routes/api/metrics.go:383.106,384.56 1 0
github.com/muety/wakapi/routes/api/metrics.go:384.56,386.4 1 0
github.com/muety/wakapi/routes/api/metrics.go:389.2,394.16 5 0
github.com/muety/wakapi/routes/api/metrics.go:394.16,397.3 2 0
github.com/muety/wakapi/routes/api/metrics.go:398.2,431.16 7 0
github.com/muety/wakapi/routes/api/metrics.go:431.16,434.3 2 0
github.com/muety/wakapi/routes/api/metrics.go:436.2,436.32 1 0
github.com/muety/wakapi/routes/api/metrics.go:436.32,443.3 1 0
github.com/muety/wakapi/routes/api/metrics.go:444.2,454.29 6 0
github.com/muety/wakapi/routes/api/metrics.go:454.29,455.20 1 0
github.com/muety/wakapi/routes/api/metrics.go:455.20,457.18 2 0
github.com/muety/wakapi/routes/api/metrics.go:457.18,460.5 2 0
github.com/muety/wakapi/routes/api/metrics.go:461.4,468.6 3 0
github.com/muety/wakapi/routes/api/metrics.go:472.2,475.22 3 0
github.com/muety/wakapi/routes/api/summary.go:20.122,26.2 1 0
github.com/muety/wakapi/routes/api/summary.go:28.63,34.2 4 0
github.com/muety/wakapi/routes/api/summary.go:53.73,55.16 2 0
github.com/muety/wakapi/routes/api/summary.go:55.16,59.3 3 0
github.com/muety/wakapi/routes/api/summary.go:61.2,61.51 1 0
github.com/muety/wakapi/routes/compat/wakatime/v1/all_time.go:23.116,29.2 1 0
github.com/muety/wakapi/routes/compat/wakatime/v1/all_time.go:31.60,32.34 1 0
github.com/muety/wakapi/routes/compat/wakatime/v1/all_time.go:32.34,35.3 2 0
github.com/muety/wakapi/routes/compat/wakatime/v1/all_time.go:47.70,49.16 2 0
github.com/muety/wakapi/routes/compat/wakatime/v1/all_time.go:49.16,51.3 1 0
github.com/muety/wakapi/routes/compat/wakatime/v1/all_time.go:53.2,54.16 2 0
github.com/muety/wakapi/routes/compat/wakatime/v1/all_time.go:54.16,58.3 3 0
github.com/muety/wakapi/routes/compat/wakatime/v1/all_time.go:60.2,61.46 2 0
github.com/muety/wakapi/routes/compat/wakatime/v1/all_time.go:64.116,73.29 3 0
github.com/muety/wakapi/routes/compat/wakatime/v1/all_time.go:73.29,75.3 1 0
github.com/muety/wakapi/routes/compat/wakatime/v1/all_time.go:77.2,85.16 2 0
github.com/muety/wakapi/routes/compat/wakatime/v1/all_time.go:85.16,87.3 1 0
github.com/muety/wakapi/routes/compat/wakatime/v1/all_time.go:89.2,89.36 1 0
github.com/muety/wakapi/routes/compat/wakatime/v1/heartbeat.go:29.124,34.2 1 0
github.com/muety/wakapi/routes/compat/wakatime/v1/heartbeat.go:36.62,37.34 1 0
github.com/muety/wakapi/routes/compat/wakatime/v1/heartbeat.go:37.34,40.3 2 0
github.com/muety/wakapi/routes/compat/wakatime/v1/heartbeat.go:52.72,54.16 2 0
github.com/muety/wakapi/routes/compat/wakatime/v1/heartbeat.go:54.16,56.3 1 0
github.com/muety/wakapi/routes/compat/wakatime/v1/heartbeat.go:58.2,61.16 4 0
github.com/muety/wakapi/routes/compat/wakatime/v1/heartbeat.go:61.16,65.3 3 0
github.com/muety/wakapi/routes/compat/wakatime/v1/heartbeat.go:67.2,71.16 4 0
github.com/muety/wakapi/routes/compat/wakatime/v1/heartbeat.go:71.16,76.3 4 0
github.com/muety/wakapi/routes/compat/wakatime/v1/heartbeat.go:78.2,84.47 2 0
github.com/muety/wakapi/routes/compat/wakatime/v1/leaders.go:26.124,32.2 1 0
github.com/muety/wakapi/routes/compat/wakatime/v1/leaders.go:34.60,35.34 1 0
github.com/muety/wakapi/routes/compat/wakatime/v1/leaders.go:35.34,38.3 2 0
github.com/muety/wakapi/routes/compat/wakatime/v1/leaders.go:49.70,55.63 5 0
github.com/muety/wakapi/routes/compat/wakatime/v1/leaders.go:55.63,56.26 1 0
github.com/muety/wakapi/routes/compat/wakatime/v1/leaders.go:56.26,58.4 1 0
github.com/muety/wakapi/routes/compat/wakatime/v1/leaders.go:58.9,60.18 2 0
github.com/muety/wakapi/routes/compat/wakatime/v1/leaders.go:60.18,62.5 1 0
github.com/muety/wakapi/routes/compat/wakatime/v1/leaders.go:63.4,63.19 1 0
github.com/muety/wakapi/routes/compat/wakatime/v1/leaders.go:67.2,67.67 1 0
github.com/muety/wakapi/routes/compat/wakatime/v1/leaders.go:67.67,68.18 1 0
github.com/muety/wakapi/routes/compat/wakatime/v1/leaders.go:68.18,70.4 1 0
github.com/muety/wakapi/routes/compat/wakatime/v1/leaders.go:71.3,71.26 1 0
github.com/muety/wakapi/routes/compat/wakatime/v1/leaders.go:71.26,73.4 1 0
github.com/muety/wakapi/routes/compat/wakatime/v1/leaders.go:73.9,75.18 2 0
github.com/muety/wakapi/routes/compat/wakatime/v1/leaders.go:75.18,77.5 1 0
github.com/muety/wakapi/routes/compat/wakatime/v1/leaders.go:78.4,78.19 1 0
github.com/muety/wakapi/routes/compat/wakatime/v1/leaders.go:82.2,83.16 2 0
github.com/muety/wakapi/routes/compat/wakatime/v1/leaders.go:83.16,88.3 4 0
github.com/muety/wakapi/routes/compat/wakatime/v1/leaders.go:89.2,92.16 3 0
github.com/muety/wakapi/routes/compat/wakatime/v1/leaders.go:92.16,97.3 4 0
github.com/muety/wakapi/routes/compat/wakatime/v1/leaders.go:100.2,100.57 1 0
github.com/muety/wakapi/routes/compat/wakatime/v1/leaders.go:100.57,101.57 1 0
github.com/muety/wakapi/routes/compat/wakatime/v1/leaders.go:101.57,103.4 1 0
github.com/muety/wakapi/routes/compat/wakatime/v1/leaders.go:103.9,105.4 1 0
github.com/muety/wakapi/routes/compat/wakatime/v1/leaders.go:109.2,111.46 3 0
github.com/muety/wakapi/routes/compat/wakatime/v1/leaders.go:114.200,116.17 2 0
github.com/muety/wakapi/routes/compat/wakatime/v1/leaders.go:116.17,118.3 1 0
github.com/muety/wakapi/routes/compat/wakatime/v1/leaders.go:120.2,140.32 6 0
github.com/muety/wakapi/routes/compat/wakatime/v1/leaders.go:140.32,146.3 1 0
github.com/muety/wakapi/routes/compat/wakatime/v1/leaders.go:148.2,148.42 1 0
github.com/muety/wakapi/routes/compat/wakatime/v1/leaders.go:148.42,158.219 2 0
github.com/muety/wakapi/routes/compat/wakatime/v1/leaders.go:158.219,163.6 1 0
github.com/muety/wakapi/routes/compat/wakatime/v1/leaders.go:169.2,169.11 1 0
github.com/muety/wakapi/routes/compat/wakatime/v1/projects.go:27.123,33.2 1 0
github.com/muety/wakapi/routes/compat/wakatime/v1/projects.go:35.61,36.34 1 0
github.com/muety/wakapi/routes/compat/wakatime/v1/projects.go:36.34,40.3 3 0
github.com/muety/wakapi/routes/compat/wakatime/v1/projects.go:53.71,55.16 2 0
github.com/muety/wakapi/routes/compat/wakatime/v1/projects.go:55.16,57.3 1 0
github.com/muety/wakapi/routes/compat/wakatime/v1/projects.go:59.2,60.16 2 0
github.com/muety/wakapi/routes/compat/wakatime/v1/projects.go:60.16,65.3 4 0
github.com/muety/wakapi/routes/compat/wakatime/v1/projects.go:67.2,68.46 2 0
github.com/muety/wakapi/routes/compat/wakatime/v1/projects.go:81.74,83.16 2 0
github.com/muety/wakapi/routes/compat/wakatime/v1/projects.go:83.16,85.3 1 0
github.com/muety/wakapi/routes/compat/wakatime/v1/projects.go:87.2,88.16 2 0
github.com/muety/wakapi/routes/compat/wakatime/v1/projects.go:88.16,93.3 4 0
github.com/muety/wakapi/routes/compat/wakatime/v1/projects.go:95.2,95.24 1 0
github.com/muety/wakapi/routes/compat/wakatime/v1/projects.go:95.24,99.3 3 0
github.com/muety/wakapi/routes/compat/wakatime/v1/projects.go:101.2,102.46 2 0
github.com/muety/wakapi/routes/compat/wakatime/v1/projects.go:105.104,107.16 2 0
github.com/muety/wakapi/routes/compat/wakatime/v1/projects.go:107.16,109.3 1 0
github.com/muety/wakapi/routes/compat/wakatime/v1/projects.go:111.2,112.28 2 0
github.com/muety/wakapi/routes/compat/wakatime/v1/projects.go:112.28,113.79 1 0
github.com/muety/wakapi/routes/compat/wakatime/v1/projects.go:113.79,122.4 1 0
github.com/muety/wakapi/routes/compat/wakatime/v1/projects.go:125.2,125.22 1 0
github.com/muety/wakapi/routes/compat/wakatime/v1/stats.go:23.112,29.2 1 0
github.com/muety/wakapi/routes/compat/wakatime/v1/stats.go:31.58,32.34 1 0
github.com/muety/wakapi/routes/compat/wakatime/v1/stats.go:32.34,42.3 5 0
github.com/muety/wakapi/routes/compat/wakatime/v1/stats.go:63.68,69.53 5 0
github.com/muety/wakapi/routes/compat/wakatime/v1/stats.go:69.53,71.3 1 0
github.com/muety/wakapi/routes/compat/wakatime/v1/stats.go:73.2,74.16 2 0
github.com/muety/wakapi/routes/compat/wakatime/v1/stats.go:74.16,78.3 3 0
github.com/muety/wakapi/routes/compat/wakatime/v1/stats.go:82.2,82.22 1 0
github.com/muety/wakapi/routes/compat/wakatime/v1/stats.go:82.22,83.100 1 0
github.com/muety/wakapi/routes/compat/wakatime/v1/stats.go:83.100,85.4 1 0
github.com/muety/wakapi/routes/compat/wakatime/v1/stats.go:85.9,87.4 1 0
github.com/muety/wakapi/routes/compat/wakatime/v1/stats.go:90.2,91.16 2 0
github.com/muety/wakapi/routes/compat/wakatime/v1/stats.go:91.16,95.3 3 0
github.com/muety/wakapi/routes/compat/wakatime/v1/stats.go:97.2,99.69 2 0
github.com/muety/wakapi/routes/compat/wakatime/v1/stats.go:99.69,103.3 3 0
github.com/muety/wakapi/routes/compat/wakatime/v1/stats.go:105.2,106.16 2 0
github.com/muety/wakapi/routes/compat/wakatime/v1/stats.go:106.16,110.3 3 0
github.com/muety/wakapi/routes/compat/wakatime/v1/stats.go:112.2,118.68 6 0
github.com/muety/wakapi/routes/compat/wakatime/v1/stats.go:118.68,120.34 1 0
github.com/muety/wakapi/routes/compat/wakatime/v1/stats.go:120.34,122.4 1 0
github.com/muety/wakapi/routes/compat/wakatime/v1/stats.go:123.3,123.36 1 0
github.com/muety/wakapi/routes/compat/wakatime/v1/stats.go:123.36,125.4 1 0
github.com/muety/wakapi/routes/compat/wakatime/v1/stats.go:126.3,126.35 1 0
github.com/muety/wakapi/routes/compat/wakatime/v1/stats.go:126.35,128.4 1 0
github.com/muety/wakapi/routes/compat/wakatime/v1/stats.go:129.3,129.30 1 0
github.com/muety/wakapi/routes/compat/wakatime/v1/stats.go:129.30,131.4 1 0
github.com/muety/wakapi/routes/compat/wakatime/v1/stats.go:132.3,132.35 1 0
github.com/muety/wakapi/routes/compat/wakatime/v1/stats.go:132.35,134.4 1 0
github.com/muety/wakapi/routes/compat/wakatime/v1/stats.go:137.2,137.49 1 0
github.com/muety/wakapi/routes/compat/wakatime/v1/stats.go:140.136,149.16 3 0
github.com/muety/wakapi/routes/compat/wakatime/v1/stats.go:149.16,151.3 1 0
github.com/muety/wakapi/routes/compat/wakatime/v1/stats.go:153.2,153.36 1 0
github.com/muety/wakapi/routes/compat/wakatime/v1/statusbar.go:29.120,35.2 1 0
github.com/muety/wakapi/routes/compat/wakatime/v1/statusbar.go:37.62,38.34 1 0
github.com/muety/wakapi/routes/compat/wakatime/v1/statusbar.go:38.34,43.3 4 0
github.com/muety/wakapi/routes/compat/wakatime/v1/statusbar.go:55.72,57.16 2 0
github.com/muety/wakapi/routes/compat/wakatime/v1/statusbar.go:57.16,59.3 1 0
github.com/muety/wakapi/routes/compat/wakatime/v1/statusbar.go:61.2,62.22 2 0
github.com/muety/wakapi/routes/compat/wakatime/v1/statusbar.go:62.22,64.3 1 0
github.com/muety/wakapi/routes/compat/wakatime/v1/statusbar.go:66.2,67.16 2 0
github.com/muety/wakapi/routes/compat/wakatime/v1/statusbar.go:67.16,71.3 3 0
github.com/muety/wakapi/routes/compat/wakatime/v1/statusbar.go:73.2,74.16 2 0
github.com/muety/wakapi/routes/compat/wakatime/v1/statusbar.go:74.16,78.3 3 0
github.com/muety/wakapi/routes/compat/wakatime/v1/statusbar.go:79.2,83.4 2 0
github.com/muety/wakapi/routes/compat/wakatime/v1/statusbar.go:86.115,95.29 3 0
github.com/muety/wakapi/routes/compat/wakatime/v1/statusbar.go:95.29,97.3 1 0
github.com/muety/wakapi/routes/compat/wakatime/v1/statusbar.go:99.2,100.16 2 0
github.com/muety/wakapi/routes/compat/wakatime/v1/statusbar.go:100.16,102.3 1 0
github.com/muety/wakapi/routes/compat/wakatime/v1/statusbar.go:104.2,104.36 1 0
github.com/muety/wakapi/routes/compat/wakatime/v1/summaries.go:27.120,33.2 1 0
github.com/muety/wakapi/routes/compat/wakatime/v1/summaries.go:35.62,36.34 1 0
github.com/muety/wakapi/routes/compat/wakatime/v1/summaries.go:36.34,39.3 2 0
github.com/muety/wakapi/routes/compat/wakatime/v1/summaries.go:65.72,67.16 2 0
github.com/muety/wakapi/routes/compat/wakatime/v1/summaries.go:67.16,69.3 1 0
github.com/muety/wakapi/routes/compat/wakatime/v1/summaries.go:71.2,72.16 2 0
github.com/muety/wakapi/routes/compat/wakatime/v1/summaries.go:72.16,76.3 3 0
github.com/muety/wakapi/routes/compat/wakatime/v1/summaries.go:78.2,79.46 2 0
github.com/muety/wakapi/routes/compat/wakatime/v1/summaries.go:82.114,87.19 4 0
github.com/muety/wakapi/routes/compat/wakatime/v1/summaries.go:87.19,88.56 1 0
github.com/muety/wakapi/routes/compat/wakatime/v1/summaries.go:88.56,90.4 1 0
github.com/muety/wakapi/routes/compat/wakatime/v1/summaries.go:93.2,94.22 2 0
github.com/muety/wakapi/routes/compat/wakatime/v1/summaries.go:94.22,96.98 1 0
github.com/muety/wakapi/routes/compat/wakatime/v1/summaries.go:96.98,98.4 1 0
github.com/muety/wakapi/routes/compat/wakatime/v1/summaries.go:98.9,100.4 1 0
github.com/muety/wakapi/routes/compat/wakatime/v1/summaries.go:101.8,101.130 1 0
github.com/muety/wakapi/routes/compat/wakatime/v1/summaries.go:101.130,104.3 1 0
github.com/muety/wakapi/routes/compat/wakatime/v1/summaries.go:104.8,109.17 3 0
github.com/muety/wakapi/routes/compat/wakatime/v1/summaries.go:109.17,111.4 1 0
github.com/muety/wakapi/routes/compat/wakatime/v1/summaries.go:113.3,114.17 2 0
github.com/muety/wakapi/routes/compat/wakatime/v1/summaries.go:114.17,116.4 1 0
github.com/muety/wakapi/routes/compat/wakatime/v1/summaries.go:123.2,125.23 2 0
github.com/muety/wakapi/routes/compat/wakatime/v1/summaries.go:125.23,127.3 1 0
github.com/muety/wakapi/routes/compat/wakatime/v1/summaries.go:129.2,141.37 5 0
github.com/muety/wakapi/routes/compat/wakatime/v1/summaries.go:141.37,143.17 2 0
github.com/muety/wakapi/routes/compat/wakatime/v1/summaries.go:143.17,145.4 1 0
github.com/muety/wakapi/routes/compat/wakatime/v1/summaries.go:147.3,149.25 3 0
github.com/muety/wakapi/routes/compat/wakatime/v1/summaries.go:152.2,152.38 1 0
github.com/muety/wakapi/routes/compat/wakatime/v1/users.go:21.116,27.2 1 1
github.com/muety/wakapi/routes/compat/wakatime/v1/users.go:29.58,30.34 1 1
github.com/muety/wakapi/routes/compat/wakatime/v1/users.go:30.34,33.3 2 1
github.com/muety/wakapi/routes/compat/wakatime/v1/users.go:45.68,47.16 2 1
github.com/muety/wakapi/routes/compat/wakatime/v1/users.go:47.16,49.3 1 1
github.com/muety/wakapi/routes/compat/wakatime/v1/users.go:51.2,52.72 2 1
github.com/muety/wakapi/routes/compat/wakatime/v1/users.go:52.72,54.3 1 1
github.com/muety/wakapi/routes/compat/wakatime/v1/users.go:54.8,56.3 1 0
github.com/muety/wakapi/routes/compat/wakatime/v1/users.go:58.2,58.72 1 1
github.com/muety/wakapi/routes/utils/badge_utils.go:20.13,23.2 2 1
github.com/muety/wakapi/routes/utils/badge_utils.go:25.129,29.76 3 0
github.com/muety/wakapi/routes/utils/badge_utils.go:29.76,31.3 1 0
github.com/muety/wakapi/routes/utils/badge_utils.go:33.2,34.72 2 0
github.com/muety/wakapi/routes/utils/badge_utils.go:34.72,35.61 1 0
github.com/muety/wakapi/routes/utils/badge_utils.go:35.61,37.4 1 0
github.com/muety/wakapi/routes/utils/badge_utils.go:40.2,48.86 4 0
github.com/muety/wakapi/routes/utils/badge_utils.go:48.86,50.3 1 0
github.com/muety/wakapi/routes/utils/badge_utils.go:52.2,54.22 3 0
github.com/muety/wakapi/routes/utils/badge_utils.go:55.17,57.68 2 0
github.com/muety/wakapi/routes/utils/badge_utils.go:58.12,60.63 2 0
github.com/muety/wakapi/routes/utils/badge_utils.go:61.16,63.67 2 0
github.com/muety/wakapi/routes/utils/badge_utils.go:64.18,66.69 2 0
github.com/muety/wakapi/routes/utils/badge_utils.go:67.17,69.68 2 0
github.com/muety/wakapi/routes/utils/badge_utils.go:70.15,72.66 2 0
github.com/muety/wakapi/routes/utils/badge_utils.go:74.10,77.30 2 0
github.com/muety/wakapi/routes/utils/badge_utils.go:80.2,80.34 1 0
github.com/muety/wakapi/routes/utils/badge_utils.go:80.34,82.3 1 0
github.com/muety/wakapi/routes/utils/badge_utils.go:84.2,84.31 1 0
github.com/muety/wakapi/routes/utils/heartbeat_utils.go:11.68,13.16 2 0
github.com/muety/wakapi/routes/utils/heartbeat_utils.go:13.16,15.3 1 0
github.com/muety/wakapi/routes/utils/heartbeat_utils.go:17.2,18.16 2 0
github.com/muety/wakapi/routes/utils/heartbeat_utils.go:18.16,20.3 1 0
github.com/muety/wakapi/routes/utils/heartbeat_utils.go:22.2,22.35 1 0
github.com/muety/wakapi/routes/utils/heartbeat_utils.go:25.65,33.48 6 0
github.com/muety/wakapi/routes/utils/heartbeat_utils.go:33.48,35.3 1 0
github.com/muety/wakapi/routes/utils/heartbeat_utils.go:37.2,37.24 1 0
github.com/muety/wakapi/routes/utils/heartbeat_utils.go:40.67,48.47 6 0
github.com/muety/wakapi/routes/utils/heartbeat_utils.go:48.47,50.3 1 0
github.com/muety/wakapi/routes/utils/heartbeat_utils.go:52.2,52.45 1 0
github.com/muety/wakapi/routes/utils/messages.go:9.71,11.2 1 0
github.com/muety/wakapi/routes/utils/messages.go:13.73,15.2 1 0
github.com/muety/wakapi/routes/utils/messages.go:17.97,19.57 2 0
github.com/muety/wakapi/routes/utils/messages.go:19.57,21.3 1 0
github.com/muety/wakapi/routes/utils/messages.go:22.2,22.65 1 0
github.com/muety/wakapi/routes/utils/messages.go:22.65,24.3 1 0
github.com/muety/wakapi/routes/utils/messages.go:25.2,26.11 2 0
github.com/muety/wakapi/routes/utils/messages.go:29.78,33.2 3 0
github.com/muety/wakapi/routes/utils/project_utils.go:15.144,18.16 2 0
github.com/muety/wakapi/routes/utils/project_utils.go:18.16,20.3 1 0
github.com/muety/wakapi/routes/utils/project_utils.go:23.2,24.16 2 0
github.com/muety/wakapi/routes/utils/project_utils.go:24.16,26.3 1 0
github.com/muety/wakapi/routes/utils/project_utils.go:28.2,32.35 2 0
github.com/muety/wakapi/routes/utils/project_utils.go:32.35,35.3 2 0
github.com/muety/wakapi/routes/utils/project_utils.go:37.2,39.20 3 0
github.com/muety/wakapi/routes/utils/summary_utils.go:12.98,14.16 2 0
github.com/muety/wakapi/routes/utils/summary_utils.go:14.16,16.3 1 0
github.com/muety/wakapi/routes/utils/summary_utils.go:17.2,17.51 1 0
github.com/muety/wakapi/routes/utils/summary_utils.go:20.119,22.22 2 0
github.com/muety/wakapi/routes/utils/summary_utils.go:22.22,24.3 1 0
github.com/muety/wakapi/routes/utils/summary_utils.go:26.2,34.16 2 0
github.com/muety/wakapi/routes/utils/summary_utils.go:34.16,36.3 1 0
github.com/muety/wakapi/routes/utils/summary_utils.go:38.2,41.36 3 0
github.com/muety/wakapi/routes/utils/summary_utils.go:44.90,46.32 2 0
github.com/muety/wakapi/routes/utils/summary_utils.go:46.32,47.50 1 0
github.com/muety/wakapi/routes/utils/summary_utils.go:47.50,49.4 1 0
github.com/muety/wakapi/routes/utils/summary_utils.go:51.2,51.15 1 0
github.com/muety/wakapi/routes/utils/user_utils.go:15.139,16.68 1 1
github.com/muety/wakapi/routes/utils/user_utils.go:16.68,21.3 4 1
github.com/muety/wakapi/routes/utils/user_utils.go:23.2,24.21 2 1
github.com/muety/wakapi/routes/utils/user_utils.go:24.21,26.3 1 1
github.com/muety/wakapi/routes/utils/user_utils.go:28.2,29.27 2 1
github.com/muety/wakapi/routes/utils/user_utils.go:29.27,31.3 1 1
github.com/muety/wakapi/routes/utils/user_utils.go:31.8,31.35 1 1
github.com/muety/wakapi/routes/utils/user_utils.go:31.35,33.3 1 1
github.com/muety/wakapi/routes/utils/user_utils.go:35.2,35.63 1 1
github.com/muety/wakapi/routes/utils/user_utils.go:35.63,37.3 1 1
github.com/muety/wakapi/routes/utils/user_utils.go:39.2,40.16 2 1
github.com/muety/wakapi/routes/utils/user_utils.go:40.16,42.3 1 0
github.com/muety/wakapi/routes/utils/user_utils.go:44.2,44.27 1 1
github.com/muety/wakapi/routes/handler.go:14.53,15.2 0 0
github.com/muety/wakapi/routes/handler.go:17.36,19.2 1 0
github.com/muety/wakapi/routes/home.go:29.112,35.2 1 1
github.com/muety/wakapi/routes/home.go:37.57,38.34 1 1
github.com/muety/wakapi/routes/home.go:38.34,41.3 2 1
github.com/muety/wakapi/routes/home.go:44.72,45.22 1 1
github.com/muety/wakapi/routes/home.go:45.22,47.3 1 1
github.com/muety/wakapi/routes/home.go:49.2,49.54 1 1
github.com/muety/wakapi/routes/home.go:49.54,52.3 2 1
github.com/muety/wakapi/routes/home.go:53.2,53.40 1 1
github.com/muety/wakapi/routes/home.go:53.40,56.3 2 0
github.com/muety/wakapi/routes/home.go:58.2,58.66 1 1
github.com/muety/wakapi/routes/home.go:61.98,66.109 4 1
github.com/muety/wakapi/routes/home.go:66.109,67.57 1 1
github.com/muety/wakapi/routes/home.go:67.57,69.4 1 1
github.com/muety/wakapi/routes/home.go:72.2,72.110 1 1
github.com/muety/wakapi/routes/home.go:72.110,73.51 1 1
github.com/muety/wakapi/routes/home.go:73.51,75.4 1 1
github.com/muety/wakapi/routes/home.go:78.2,78.101 1 1
github.com/muety/wakapi/routes/home.go:78.101,79.87 1 0
github.com/muety/wakapi/routes/home.go:79.87,81.4 1 0
github.com/muety/wakapi/routes/home.go:84.2,90.49 2 1
github.com/muety/wakapi/routes/imprint.go:17.83,22.2 1 0
github.com/muety/wakapi/routes/imprint.go:24.60,26.2 1 0
github.com/muety/wakapi/routes/imprint.go:28.77,29.22 1 0
github.com/muety/wakapi/routes/imprint.go:29.22,31.3 1 0
github.com/muety/wakapi/routes/imprint.go:33.2,34.74 2 0
github.com/muety/wakapi/routes/imprint.go:34.74,36.3 1 0
github.com/muety/wakapi/routes/imprint.go:38.2,38.84 1 0
github.com/muety/wakapi/routes/imprint.go:41.81,43.2 1 0
github.com/muety/wakapi/routes/leaderboard.go:28.132,34.2 1 0
github.com/muety/wakapi/routes/leaderboard.go:36.64,47.2 4 0
github.com/muety/wakapi/routes/leaderboard.go:49.79,50.22 1 0
github.com/muety/wakapi/routes/leaderboard.go:50.22,52.3 1 0
github.com/muety/wakapi/routes/leaderboard.go:53.2,53.95 1 0
github.com/muety/wakapi/routes/leaderboard.go:53.95,55.3 1 0
github.com/muety/wakapi/routes/leaderboard.go:58.112,72.19 9 0
github.com/muety/wakapi/routes/leaderboard.go:72.19,74.17 2 0
github.com/muety/wakapi/routes/leaderboard.go:74.17,79.4 2 0
github.com/muety/wakapi/routes/leaderboard.go:82.3,82.51 1 0
github.com/muety/wakapi/routes/leaderboard.go:82.51,84.109 1 0
github.com/muety/wakapi/routes/leaderboard.go:84.109,85.141 1 0
github.com/muety/wakapi/routes/leaderboard.go:85.141,87.6 1 0
github.com/muety/wakapi/routes/leaderboard.go:90.8,91.49 1 0
github.com/muety/wakapi/routes/leaderboard.go:91.49,93.18 2 0
github.com/muety/wakapi/routes/leaderboard.go:93.18,98.5 2 0
github.com/muety/wakapi/routes/leaderboard.go:101.4,101.19 1 0
github.com/muety/wakapi/routes/leaderboard.go:101.19,103.110 1 0
github.com/muety/wakapi/routes/leaderboard.go:103.110,104.143 1 0
github.com/muety/wakapi/routes/leaderboard.go:104.143,106.7 1 0
github.com/muety/wakapi/routes/leaderboard.go:106.12,108.7 1 0
github.com/muety/wakapi/routes/leaderboard.go:112.4,112.140 1 0
github.com/muety/wakapi/routes/leaderboard.go:112.140,114.5 1 0
github.com/muety/wakapi/routes/leaderboard.go:115.4,116.43 2 0
github.com/muety/wakapi/routes/leaderboard.go:116.43,118.5 1 0
github.com/muety/wakapi/routes/leaderboard.go:120.4,121.24 2 0
github.com/muety/wakapi/routes/leaderboard.go:121.24,122.23 1 0
github.com/muety/wakapi/routes/leaderboard.go:122.23,124.6 1 0
github.com/muety/wakapi/routes/leaderboard.go:125.5,126.53 2 0
github.com/muety/wakapi/routes/leaderboard.go:128.9,133.4 1 0
github.com/muety/wakapi/routes/leaderboard.go:136.2,137.17 2 0
github.com/muety/wakapi/routes/leaderboard.go:137.17,139.3 1 0
github.com/muety/wakapi/routes/leaderboard.go:141.2,155.49 3 0
github.com/muety/wakapi/routes/login.go:26.106,32.2 1 0
github.com/muety/wakapi/routes/login.go:34.58,53.2 13 0
github.com/muety/wakapi/routes/login.go:55.73,56.22 1 0
github.com/muety/wakapi/routes/login.go:56.22,58.3 1 0
github.com/muety/wakapi/routes/login.go:60.2,60.85 1 0
github.com/muety/wakapi/routes/login.go:60.85,63.3 2 0
github.com/muety/wakapi/routes/login.go:65.2,65.73 1 0
github.com/muety/wakapi/routes/login.go:68.74,69.22 1 0
github.com/muety/wakapi/routes/login.go:69.22,71.3 1 0
github.com/muety/wakapi/routes/login.go:73.2,73.85 1 0
github.com/muety/wakapi/routes/login.go:73.85,76.3 2 0
github.com/muety/wakapi/routes/login.go:78.2,79.38 2 0
github.com/muety/wakapi/routes/login.go:79.38,83.3 3 0
github.com/muety/wakapi/routes/login.go:84.2,84.64 1 0
github.com/muety/wakapi/routes/login.go:84.64,88.3 3 0
github.com/muety/wakapi/routes/login.go:90.2,91.16 2 0
github.com/muety/wakapi/routes/login.go:91.16,95.3 3 0
github.com/muety/wakapi/routes/login.go:97.2,97.91 1 0
github.com/muety/wakapi/routes/login.go:97.91,101.3 3 0
github.com/muety/wakapi/routes/login.go:103.2,104.16 2 0
github.com/muety/wakapi/routes/login.go:104.16,109.3 4 0
github.com/muety/wakapi/routes/login.go:111.2,115.92 4 0
github.com/muety/wakapi/routes/login.go:118.75,119.22 1 0
github.com/muety/wakapi/routes/login.go:119.22,121.3 1 0
github.com/muety/wakapi/routes/login.go:123.2,123.54 1 0
github.com/muety/wakapi/routes/login.go:123.54,125.3 1 0
github.com/muety/wakapi/routes/login.go:126.2,127.85 2 0
github.com/muety/wakapi/routes/login.go:130.74,131.22 1 0
github.com/muety/wakapi/routes/login.go:131.22,133.3 1 0
github.com/muety/wakapi/routes/login.go:135.2,135.85 1 0
github.com/muety/wakapi/routes/login.go:135.85,138.3 2 0
github.com/muety/wakapi/routes/login.go:140.2,140.100 1 0
github.com/muety/wakapi/routes/login.go:143.75,144.22 1 0
github.com/muety/wakapi/routes/login.go:144.22,146.3 1 0
github.com/muety/wakapi/routes/login.go:148.2,148.57 1 0
github.com/muety/wakapi/routes/login.go:148.57,152.3 3 0
github.com/muety/wakapi/routes/login.go:154.2,154.85 1 0
github.com/muety/wakapi/routes/login.go:154.85,157.3 2 0
github.com/muety/wakapi/routes/login.go:159.2,160.38 2 0
github.com/muety/wakapi/routes/login.go:160.38,164.3 3 0
github.com/muety/wakapi/routes/login.go:165.2,165.66 1 0
github.com/muety/wakapi/routes/login.go:165.66,169.3 3 0
github.com/muety/wakapi/routes/login.go:171.2,171.23 1 0
github.com/muety/wakapi/routes/login.go:171.23,175.3 3 0
github.com/muety/wakapi/routes/login.go:177.2,180.16 3 0
github.com/muety/wakapi/routes/login.go:180.16,185.3 4 0
github.com/muety/wakapi/routes/login.go:186.2,186.14 1 0
github.com/muety/wakapi/routes/login.go:186.14,190.3 3 0
github.com/muety/wakapi/routes/login.go:192.2,193.65 2 0
github.com/muety/wakapi/routes/login.go:196.81,197.22 1 0
github.com/muety/wakapi/routes/login.go:197.22,199.3 1 0
github.com/muety/wakapi/routes/login.go:200.2,200.81 1 0
github.com/muety/wakapi/routes/login.go:203.79,204.22 1 0
github.com/muety/wakapi/routes/login.go:204.22,206.3 1 0
github.com/muety/wakapi/routes/login.go:208.2,210.17 3 0
github.com/muety/wakapi/routes/login.go:210.17,214.3 3 0
github.com/muety/wakapi/routes/login.go:216.2,221.52 2 0
github.com/muety/wakapi/routes/login.go:224.80,225.22 1 0
github.com/muety/wakapi/routes/login.go:225.22,227.3 1 0
github.com/muety/wakapi/routes/login.go:229.2,230.38 2 0
github.com/muety/wakapi/routes/login.go:230.38,234.3 3 0
github.com/muety/wakapi/routes/login.go:235.2,235.70 1 0
github.com/muety/wakapi/routes/login.go:235.70,239.3 3 0
github.com/muety/wakapi/routes/login.go:241.2,242.16 2 0
github.com/muety/wakapi/routes/login.go:242.16,246.3 3 0
github.com/muety/wakapi/routes/login.go:248.2,248.27 1 0
github.com/muety/wakapi/routes/login.go:248.27,252.3 3 0
github.com/muety/wakapi/routes/login.go:254.2,256.96 3 0
github.com/muety/wakapi/routes/login.go:256.96,261.3 4 0
github.com/muety/wakapi/routes/login.go:261.8,263.3 1 0
github.com/muety/wakapi/routes/login.go:265.2,265.51 1 0
github.com/muety/wakapi/routes/login.go:265.51,270.3 4 0
github.com/muety/wakapi/routes/login.go:272.2,273.90 2 0
github.com/muety/wakapi/routes/login.go:276.82,277.22 1 0
github.com/muety/wakapi/routes/login.go:277.22,279.3 1 0
github.com/muety/wakapi/routes/login.go:281.2,281.28 1 0
github.com/muety/wakapi/routes/login.go:281.28,285.3 3 0
github.com/muety/wakapi/routes/login.go:287.2,288.38 2 0
github.com/muety/wakapi/routes/login.go:288.38,292.3 3 0
github.com/muety/wakapi/routes/login.go:293.2,293.79 1 0
github.com/muety/wakapi/routes/login.go:293.79,297.3 3 0
github.com/muety/wakapi/routes/login.go:299.2,299.91 1 0
github.com/muety/wakapi/routes/login.go:299.91,300.64 1 0
github.com/muety/wakapi/routes/login.go:300.64,305.4 4 0
github.com/muety/wakapi/routes/login.go:305.9,306.31 1 0
github.com/muety/wakapi/routes/login.go:306.31,308.68 2 0
github.com/muety/wakapi/routes/login.go:308.68,310.6 1 0
github.com/muety/wakapi/routes/login.go:310.11,312.6 1 0
github.com/muety/wakapi/routes/login.go:315.8,317.3 1 0
github.com/muety/wakapi/routes/login.go:319.2,320.65 2 0
github.com/muety/wakapi/routes/login.go:323.118,331.17 3 0
github.com/muety/wakapi/routes/login.go:331.17,333.3 1 0
github.com/muety/wakapi/routes/login.go:335.2,335.49 1 0
github.com/muety/wakapi/routes/projects.go:22.122,28.2 1 0
github.com/muety/wakapi/routes/projects.go:30.61,40.2 4 0
github.com/muety/wakapi/routes/projects.go:42.76,43.22 1 0
github.com/muety/wakapi/routes/projects.go:43.22,45.3 1 0
github.com/muety/wakapi/routes/projects.go:46.2,46.92 1 0
github.com/muety/wakapi/routes/projects.go:46.92,48.3 1 0
github.com/muety/wakapi/routes/projects.go:51.106,53.17 2 0
github.com/muety/wakapi/routes/projects.go:53.17,56.3 2 0
github.com/muety/wakapi/routes/projects.go:58.2,67.16 5 0
github.com/muety/wakapi/routes/projects.go:67.16,73.3 2 0
github.com/muety/wakapi/routes/projects.go:75.2,82.49 2 0
github.com/muety/wakapi/routes/routes.go:21.13,23.2 1 0
github.com/muety/wakapi/routes/routes.go:25.46,45.24 1 1
github.com/muety/wakapi/routes/routes.go:45.24,47.4 1 0
github.com/muety/wakapi/routes/routes.go:48.32,50.4 1 1
github.com/muety/wakapi/routes/routes.go:51.31,53.4 1 1
github.com/muety/wakapi/routes/routes.go:54.30,56.4 1 1
github.com/muety/wakapi/routes/routes.go:57.47,59.4 1 0
github.com/muety/wakapi/routes/routes.go:60.42,62.4 1 0
github.com/muety/wakapi/routes/routes.go:63.42,65.4 1 0
github.com/muety/wakapi/routes/routes.go:66.38,68.4 1 0
github.com/muety/wakapi/routes/routes.go:69.39,71.4 1 0
github.com/muety/wakapi/routes/routes.go:75.31,76.32 1 0
github.com/muety/wakapi/routes/routes.go:76.32,78.3 1 0
github.com/muety/wakapi/routes/routes.go:79.2,79.33 1 0
github.com/muety/wakapi/routes/routes.go:79.33,81.3 1 0
github.com/muety/wakapi/routes/routes.go:82.2,82.31 1 0
github.com/muety/wakapi/routes/routes.go:82.31,84.3 1 0
github.com/muety/wakapi/routes/routes.go:85.2,85.27 1 0
github.com/muety/wakapi/routes/routes.go:85.27,87.3 1 0
github.com/muety/wakapi/routes/routes.go:88.2,88.32 1 0
github.com/muety/wakapi/routes/routes.go:88.32,90.3 1 0
github.com/muety/wakapi/routes/routes.go:91.2,91.30 1 0
github.com/muety/wakapi/routes/routes.go:91.30,93.3 1 0
github.com/muety/wakapi/routes/routes.go:94.2,94.31 1 0
github.com/muety/wakapi/routes/routes.go:94.31,96.3 1 0
github.com/muety/wakapi/routes/routes.go:97.2,97.31 1 0
github.com/muety/wakapi/routes/routes.go:97.31,99.3 1 0
github.com/muety/wakapi/routes/routes.go:100.2,100.18 1 0
github.com/muety/wakapi/routes/routes.go:103.22,106.86 2 1
github.com/muety/wakapi/routes/routes.go:106.86,108.3 1 1
github.com/muety/wakapi/routes/routes.go:108.8,109.13 1 0
github.com/muety/wakapi/routes/routes.go:113.42,115.2 1 0
github.com/muety/wakapi/routes/routes.go:117.24,119.2 1 0
github.com/muety/wakapi/routes/settings.go:54.20,68.2 1 0
github.com/muety/wakapi/routes/settings.go:70.61,81.2 5 0
github.com/muety/wakapi/routes/settings.go:83.76,84.22 1 0
github.com/muety/wakapi/routes/settings.go:84.22,86.3 1 0
github.com/muety/wakapi/routes/settings.go:87.2,87.69 1 0
github.com/muety/wakapi/routes/settings.go:90.77,91.22 1 0
github.com/muety/wakapi/routes/settings.go:91.22,93.3 1 0
github.com/muety/wakapi/routes/settings.go:95.2,95.38 1 0
github.com/muety/wakapi/routes/settings.go:95.38,99.3 3 0
github.com/muety/wakapi/routes/settings.go:101.2,105.23 4 0
github.com/muety/wakapi/routes/settings.go:105.23,110.3 4 0
github.com/muety/wakapi/routes/settings.go:112.2,115.18 2 0
github.com/muety/wakapi/routes/settings.go:115.18,117.3 1 0
github.com/muety/wakapi/routes/settings.go:119.2,119.20 1 0
github.com/muety/wakapi/routes/settings.go:119.20,123.3 3 0
github.com/muety/wakapi/routes/settings.go:124.2,124.22 1 0
github.com/muety/wakapi/routes/settings.go:124.22,128.3 3 0
github.com/muety/wakapi/routes/settings.go:129.2,129.69 1 0
github.com/muety/wakapi/routes/settings.go:132.64,133.16 1 0
github.com/muety/wakapi/routes/settings.go:134.25,135.32 1 0
github.com/muety/wakapi/routes/settings.go:136.21,137.28 1 0
github.com/muety/wakapi/routes/settings.go:138.22,139.29 1 0
github.com/muety/wakapi/routes/settings.go:140.22,141.29 1 0
github.com/muety/wakapi/routes/settings.go:142.19,143.26 1 0
github.com/muety/wakapi/routes/settings.go:144.19,145.26 1 0
github.com/muety/wakapi/routes/settings.go:146.22,147.29 1 0
github.com/muety/wakapi/routes/settings.go:148.24,149.39 1 0
github.com/muety/wakapi/routes/settings.go:150.21,151.36 1 0
github.com/muety/wakapi/routes/settings.go:152.24,153.31 1 0
github.com/muety/wakapi/routes/settings.go:154.28,155.35 1 0
github.com/muety/wakapi/routes/settings.go:156.25,157.35 1 0
github.com/muety/wakapi/routes/settings.go:158.25,159.32 1 0
github.com/muety/wakapi/routes/settings.go:160.30,161.37 1 0
github.com/muety/wakapi/routes/settings.go:162.20,163.27 1 0
github.com/muety/wakapi/routes/settings.go:164.24,165.28 1 0
github.com/muety/wakapi/routes/settings.go:167.2,167.12 1 0
github.com/muety/wakapi/routes/settings.go:170.106,171.22 1 0
github.com/muety/wakapi/routes/settings.go:171.22,173.3 1 0
github.com/muety/wakapi/routes/settings.go:175.2,178.38 3 0
github.com/muety/wakapi/routes/settings.go:178.38,180.3 1 0
github.com/muety/wakapi/routes/settings.go:181.2,181.72 1 0
github.com/muety/wakapi/routes/settings.go:181.72,183.3 1 0
github.com/muety/wakapi/routes/settings.go:185.2,185.24 1 0
github.com/muety/wakapi/routes/settings.go:185.24,187.3 1 0
github.com/muety/wakapi/routes/settings.go:189.2,189.57 1 0
github.com/muety/wakapi/routes/settings.go:189.57,191.3 1 0
github.com/muety/wakapi/routes/settings.go:193.2,198.51 5 0
github.com/muety/wakapi/routes/settings.go:198.51,200.3 1 0
github.com/muety/wakapi/routes/settings.go:202.2,202.55 1 0
github.com/muety/wakapi/routes/settings.go:205.110,206.22 1 0
github.com/muety/wakapi/routes/settings.go:206.22,208.3 1 0
github.com/muety/wakapi/routes/settings.go:210.2,213.38 3 0
github.com/muety/wakapi/routes/settings.go:213.38,215.3 1 0
github.com/muety/wakapi/routes/settings.go:216.2,216.76 1 0
github.com/muety/wakapi/routes/settings.go:216.76,218.3 1 0
github.com/muety/wakapi/routes/settings.go:220.2,220.100 1 0
github.com/muety/wakapi/routes/settings.go:220.100,222.3 1 0
github.com/muety/wakapi/routes/settings.go:224.2,224.28 1 0
github.com/muety/wakapi/routes/settings.go:224.28,226.3 1 0
github.com/muety/wakapi/routes/settings.go:228.2,229.96 2 0
github.com/muety/wakapi/routes/settings.go:229.96,231.3 1 0
github.com/muety/wakapi/routes/settings.go:231.8,233.3 1 0
github.com/muety/wakapi/routes/settings.go:235.2,235.51 1 0
github.com/muety/wakapi/routes/settings.go:235.51,237.3 1 0
github.com/muety/wakapi/routes/settings.go:239.2,244.16 3 0
github.com/muety/wakapi/routes/settings.go:244.16,246.3 1 0
github.com/muety/wakapi/routes/settings.go:248.2,249.63 2 0
github.com/muety/wakapi/routes/settings.go:252.107,253.22 1 0
github.com/muety/wakapi/routes/settings.go:253.22,255.3 1 0
github.com/muety/wakapi/routes/settings.go:257.2,258.56 2 0
github.com/muety/wakapi/routes/settings.go:258.56,260.3 1 0
github.com/muety/wakapi/routes/settings.go:262.2,263.31 2 0
github.com/muety/wakapi/routes/settings.go:266.113,267.22 1 0
github.com/muety/wakapi/routes/settings.go:267.22,269.3 1 0
github.com/muety/wakapi/routes/settings.go:271.2,277.16 5 0
github.com/muety/wakapi/routes/settings.go:277.16,279.3 1 0
github.com/muety/wakapi/routes/settings.go:280.2,280.51 1 0
github.com/muety/wakapi/routes/settings.go:280.51,282.3 1 0
github.com/muety/wakapi/routes/settings.go:283.2,283.46 1 0
github.com/muety/wakapi/routes/settings.go:286.109,287.22 1 0
github.com/muety/wakapi/routes/settings.go:287.22,289.3 1 0
github.com/muety/wakapi/routes/settings.go:291.2,304.16 11 0
github.com/muety/wakapi/routes/settings.go:304.16,306.3 1 0
github.com/muety/wakapi/routes/settings.go:308.2,308.51 1 0
github.com/muety/wakapi/routes/settings.go:308.51,310.3 1 0
github.com/muety/wakapi/routes/settings.go:312.2,312.46 1 0
github.com/muety/wakapi/routes/settings.go:315.107,316.22 1 0
github.com/muety/wakapi/routes/settings.go:316.22,318.3 1 0
github.com/muety/wakapi/routes/settings.go:320.2,323.16 4 0
github.com/muety/wakapi/routes/settings.go:323.16,325.3 1 0
github.com/muety/wakapi/routes/settings.go:327.2,327.105 1 0
github.com/muety/wakapi/routes/settings.go:327.105,329.3 1 0
github.com/muety/wakapi/routes/settings.go:329.8,329.64 1 0
github.com/muety/wakapi/routes/settings.go:329.64,331.3 1 0
github.com/muety/wakapi/routes/settings.go:333.2,333.58 1 0
github.com/muety/wakapi/routes/settings.go:336.104,337.22 1 0
github.com/muety/wakapi/routes/settings.go:337.22,339.3 1 0
github.com/muety/wakapi/routes/settings.go:340.2,344.16 5 0
github.com/muety/wakapi/routes/settings.go:344.16,346.3 1 0
github.com/muety/wakapi/routes/settings.go:348.2,355.53 2 0
github.com/muety/wakapi/routes/settings.go:355.53,358.3 1 0
github.com/muety/wakapi/routes/settings.go:360.2,360.54 1 0
github.com/muety/wakapi/routes/settings.go:363.104,364.22 1 0
github.com/muety/wakapi/routes/settings.go:364.22,366.3 1 0
github.com/muety/wakapi/routes/settings.go:367.2,371.36 3 0
github.com/muety/wakapi/routes/settings.go:371.36,378.3 2 0
github.com/muety/wakapi/routes/settings.go:380.2,380.31 1 0
github.com/muety/wakapi/routes/settings.go:380.31,382.23 2 0
github.com/muety/wakapi/routes/settings.go:382.23,384.4 1 0
github.com/muety/wakapi/routes/settings.go:385.3,385.61 1 0
github.com/muety/wakapi/routes/settings.go:385.61,388.4 1 0
github.com/muety/wakapi/routes/settings.go:390.2,390.65 1 0
github.com/muety/wakapi/routes/settings.go:393.107,394.22 1 0
github.com/muety/wakapi/routes/settings.go:394.22,396.3 1 0
github.com/muety/wakapi/routes/settings.go:398.2,403.16 5 0
github.com/muety/wakapi/routes/settings.go:403.16,405.3 1 0
github.com/muety/wakapi/routes/settings.go:407.2,407.27 1 0
github.com/muety/wakapi/routes/settings.go:407.27,408.56 1 0
github.com/muety/wakapi/routes/settings.go:408.56,409.55 1 0
github.com/muety/wakapi/routes/settings.go:409.55,411.5 1 0
github.com/muety/wakapi/routes/settings.go:412.4,412.58 1 0
github.com/muety/wakapi/routes/settings.go:415.2,415.51 1 0
github.com/muety/wakapi/routes/settings.go:418.117,419.22 1 0
github.com/muety/wakapi/routes/settings.go:419.22,421.3 1 0
github.com/muety/wakapi/routes/settings.go:423.2,425.16 3 0
github.com/muety/wakapi/routes/settings.go:425.16,427.3 1 0
github.com/muety/wakapi/routes/settings.go:429.2,430.34 2 0
github.com/muety/wakapi/routes/settings.go:430.34,432.3 1 0
github.com/muety/wakapi/routes/settings.go:432.8,432.38 1 0
github.com/muety/wakapi/routes/settings.go:432.38,434.3 1 0
github.com/muety/wakapi/routes/settings.go:436.2,436.62 1 0
github.com/muety/wakapi/routes/settings.go:436.62,438.3 1 0
github.com/muety/wakapi/routes/settings.go:440.2,440.58 1 0
github.com/muety/wakapi/routes/settings.go:443.114,444.22 1 0
github.com/muety/wakapi/routes/settings.go:444.22,446.3 1 0
github.com/muety/wakapi/routes/settings.go:447.2,451.25 4 0
github.com/muety/wakapi/routes/settings.go:451.25,453.3 1 0
github.com/muety/wakapi/routes/settings.go:455.2,461.65 2 0
github.com/muety/wakapi/routes/settings.go:461.65,463.3 1 0
github.com/muety/wakapi/routes/settings.go:465.2,465.56 1 0
github.com/muety/wakapi/routes/settings.go:468.113,469.22 1 0
github.com/muety/wakapi/routes/settings.go:469.22,471.3 1 0
github.com/muety/wakapi/routes/settings.go:473.2,476.51 4 0
github.com/muety/wakapi/routes/settings.go:476.51,478.3 1 0
github.com/muety/wakapi/routes/settings.go:481.2,481.91 1 0
github.com/muety/wakapi/routes/settings.go:481.91,483.3 1 0
github.com/muety/wakapi/routes/settings.go:485.2,485.86 1 0
github.com/muety/wakapi/routes/settings.go:485.86,487.3 1 0
github.com/muety/wakapi/routes/settings.go:489.2,489.67 1 0
github.com/muety/wakapi/routes/settings.go:492.110,493.22 1 0
github.com/muety/wakapi/routes/settings.go:493.22,495.3 1 0
github.com/muety/wakapi/routes/settings.go:497.2,497.33 1 0
github.com/muety/wakapi/routes/settings.go:497.33,499.3 1 0
github.com/muety/wakapi/routes/settings.go:501.2,502.31 2 0
github.com/muety/wakapi/routes/settings.go:502.31,504.3 1 0
github.com/muety/wakapi/routes/settings.go:506.2,510.23 4 0
github.com/muety/wakapi/routes/settings.go:510.23,512.92 2 0
github.com/muety/wakapi/routes/settings.go:512.92,516.4 1 0
github.com/muety/wakapi/routes/settings.go:518.3,519.94 2 0
github.com/muety/wakapi/routes/settings.go:519.94,523.4 1 0
github.com/muety/wakapi/routes/settings.go:526.2,526.29 1 0
github.com/muety/wakapi/routes/settings.go:526.29,536.121 5 0
github.com/muety/wakapi/routes/settings.go:536.121,538.4 1 0
github.com/muety/wakapi/routes/settings.go:538.9,541.4 1 0
github.com/muety/wakapi/routes/settings.go:542.3,542.25 1 0
github.com/muety/wakapi/routes/settings.go:542.25,545.4 2 0
github.com/muety/wakapi/routes/settings.go:548.3,556.45 4 0
github.com/muety/wakapi/routes/settings.go:556.45,557.61 1 0
github.com/muety/wakapi/routes/settings.go:557.61,559.5 1 0
github.com/muety/wakapi/routes/settings.go:562.3,562.26 1 0
github.com/muety/wakapi/routes/settings.go:562.26,566.50 3 0
github.com/muety/wakapi/routes/settings.go:566.50,569.5 2 0
github.com/muety/wakapi/routes/settings.go:571.3,571.21 1 0
github.com/muety/wakapi/routes/settings.go:571.21,573.4 1 0
github.com/muety/wakapi/routes/settings.go:575.3,580.20 4 0
github.com/muety/wakapi/routes/settings.go:580.20,582.53 2 0
github.com/muety/wakapi/routes/settings.go:582.53,584.5 1 0
github.com/muety/wakapi/routes/settings.go:587.3,587.23 1 0
github.com/muety/wakapi/routes/settings.go:587.23,588.118 1 0
github.com/muety/wakapi/routes/settings.go:588.118,590.5 1 0
github.com/muety/wakapi/routes/settings.go:590.10,592.5 1 0
github.com/muety/wakapi/routes/settings.go:596.2,601.108 2 0
github.com/muety/wakapi/routes/settings.go:604.115,605.22 1 0
github.com/muety/wakapi/routes/settings.go:605.22,607.3 1 0
github.com/muety/wakapi/routes/settings.go:609.2,609.29 1 0
github.com/muety/wakapi/routes/settings.go:609.29,610.53 1 0
github.com/muety/wakapi/routes/settings.go:610.53,612.4 1 0
github.com/muety/wakapi/routes/settings.go:615.2,615.135 1 0
github.com/muety/wakapi/routes/settings.go:618.105,619.22 1 0
github.com/muety/wakapi/routes/settings.go:619.22,621.3 1 0
github.com/muety/wakapi/routes/settings.go:623.2,626.29 3 0
github.com/muety/wakapi/routes/settings.go:626.29,628.61 2 0
github.com/muety/wakapi/routes/settings.go:628.61,630.4 1 0
github.com/muety/wakapi/routes/settings.go:632.3,633.60 2 0
github.com/muety/wakapi/routes/settings.go:633.60,635.4 1 0
github.com/muety/wakapi/routes/settings.go:638.2,638.91 1 0
github.com/muety/wakapi/routes/settings.go:641.106,642.22 1 0
github.com/muety/wakapi/routes/settings.go:642.22,644.3 1 0
github.com/muety/wakapi/routes/settings.go:646.2,647.29 2 0
github.com/muety/wakapi/routes/settings.go:647.29,650.49 3 0
github.com/muety/wakapi/routes/settings.go:650.49,652.4 1 0
github.com/muety/wakapi/routes/settings.go:652.9,654.4 1 0
github.com/muety/wakapi/routes/settings.go:657.2,660.19 4 0
github.com/muety/wakapi/routes/settings.go:663.83,664.19 1 0
github.com/muety/wakapi/routes/settings.go:664.19,666.3 1 0
github.com/muety/wakapi/routes/settings.go:668.2,680.16 3 0
github.com/muety/wakapi/routes/settings.go:680.16,682.3 1 0
github.com/muety/wakapi/routes/settings.go:684.2,686.73 2 0
github.com/muety/wakapi/routes/settings.go:686.73,688.3 1 0
github.com/muety/wakapi/routes/settings.go:690.2,690.13 1 0
github.com/muety/wakapi/routes/settings.go:693.72,695.60 2 0
github.com/muety/wakapi/routes/settings.go:695.60,698.3 2 0
github.com/muety/wakapi/routes/settings.go:700.2,700.92 1 0
github.com/muety/wakapi/routes/settings.go:700.92,703.3 2 0
github.com/muety/wakapi/routes/settings.go:705.2,705.12 1 0
github.com/muety/wakapi/routes/settings.go:708.106,716.16 4 0
github.com/muety/wakapi/routes/settings.go:716.16,719.3 2 0
github.com/muety/wakapi/routes/settings.go:720.2,721.28 2 0
github.com/muety/wakapi/routes/settings.go:721.28,723.32 2 0
github.com/muety/wakapi/routes/settings.go:723.32,725.4 1 0
github.com/muety/wakapi/routes/settings.go:725.9,727.4 1 0
github.com/muety/wakapi/routes/settings.go:730.2,731.29 2 0
github.com/muety/wakapi/routes/settings.go:731.29,737.23 2 0
github.com/muety/wakapi/routes/settings.go:737.23,739.4 1 0
github.com/muety/wakapi/routes/settings.go:740.3,740.48 1 0
github.com/muety/wakapi/routes/settings.go:744.2,745.16 2 0
github.com/muety/wakapi/routes/settings.go:745.16,748.3 2 0
github.com/muety/wakapi/routes/settings.go:750.2,751.29 2 0
github.com/muety/wakapi/routes/settings.go:751.29,756.24 2 0
github.com/muety/wakapi/routes/settings.go:756.24,758.4 1 0
github.com/muety/wakapi/routes/settings.go:759.3,759.46 1 0
github.com/muety/wakapi/routes/settings.go:761.2,761.49 1 0
github.com/muety/wakapi/routes/settings.go:761.49,763.3 1 0
github.com/muety/wakapi/routes/settings.go:766.2,767.16 2 0
github.com/muety/wakapi/routes/settings.go:767.16,770.3 2 0
github.com/muety/wakapi/routes/settings.go:773.2,774.36 2 0
github.com/muety/wakapi/routes/settings.go:774.36,776.3 1 0
github.com/muety/wakapi/routes/settings.go:779.2,781.29 3 0
github.com/muety/wakapi/routes/settings.go:781.29,783.3 1 0
github.com/muety/wakapi/routes/settings.go:785.2,798.49 2 0
github.com/muety/wakapi/routes/subscription.go:52.24,56.34 3 0
github.com/muety/wakapi/routes/subscription.go:56.34,60.17 3 0
github.com/muety/wakapi/routes/subscription.go:60.17,62.4 1 0
github.com/muety/wakapi/routes/subscription.go:63.3,65.112 2 0
github.com/muety/wakapi/routes/subscription.go:68.2,77.33 3 0
github.com/muety/wakapi/routes/subscription.go:77.33,78.31 1 0
github.com/muety/wakapi/routes/subscription.go:78.31,80.37 2 0
github.com/muety/wakapi/routes/subscription.go:80.37,81.13 1 0
github.com/muety/wakapi/routes/subscription.go:84.4,85.63 2 0
github.com/muety/wakapi/routes/subscription.go:85.63,87.5 1 0
github.com/muety/wakapi/routes/subscription.go:87.10,89.5 1 0
github.com/muety/wakapi/routes/subscription.go:93.2,93.16 1 0
github.com/muety/wakapi/routes/subscription.go:98.65,99.37 1 0
github.com/muety/wakapi/routes/subscription.go:99.37,101.3 1 0
github.com/muety/wakapi/routes/subscription.go:103.2,118.48 10 0
github.com/muety/wakapi/routes/subscription.go:121.84,122.22 1 0
github.com/muety/wakapi/routes/subscription.go:122.22,124.3 1 0
github.com/muety/wakapi/routes/subscription.go:126.2,127.22 2 0
github.com/muety/wakapi/routes/subscription.go:127.22,131.3 3 0
github.com/muety/wakapi/routes/subscription.go:133.2,133.38 1 0
github.com/muety/wakapi/routes/subscription.go:133.38,137.3 3 0
github.com/muety/wakapi/routes/subscription.go:139.2,153.33 2 0
github.com/muety/wakapi/routes/subscription.go:153.33,155.3 1 0
github.com/muety/wakapi/routes/subscription.go:155.8,157.3 1 0
github.com/muety/wakapi/routes/subscription.go:159.2,160.16 2 0
github.com/muety/wakapi/routes/subscription.go:160.16,165.3 4 0
github.com/muety/wakapi/routes/subscription.go:167.2,167.55 1 0
github.com/muety/wakapi/routes/subscription.go:170.82,171.22 1 0
github.com/muety/wakapi/routes/subscription.go:171.22,173.3 1 0
github.com/muety/wakapi/routes/subscription.go:175.2,176.33 2 0
github.com/muety/wakapi/routes/subscription.go:176.33,180.3 3 0
github.com/muety/wakapi/routes/subscription.go:182.2,188.16 3 0
github.com/muety/wakapi/routes/subscription.go:188.16,193.3 4 0
github.com/muety/wakapi/routes/subscription.go:195.2,195.55 1 0
github.com/muety/wakapi/routes/subscription.go:198.83,201.16 3 0
github.com/muety/wakapi/routes/subscription.go:201.16,205.3 3 0
github.com/muety/wakapi/routes/subscription.go:207.2,210.16 2 0
github.com/muety/wakapi/routes/subscription.go:210.16,214.3 3 0
github.com/muety/wakapi/routes/subscription.go:216.2,216.20 1 0
github.com/muety/wakapi/routes/subscription.go:219.35,222.17 2 0
github.com/muety/wakapi/routes/subscription.go:222.17,224.4 1 0
github.com/muety/wakapi/routes/subscription.go:225.3,229.17 3 0
github.com/muety/wakapi/routes/subscription.go:229.17,234.18 3 0
github.com/muety/wakapi/routes/subscription.go:234.18,238.5 3 0
[...]
github.com/muety/wakapi/models/filters.go:143.35,145.4 1 0
github.com/muety/wakapi/models/filters.go:147.2,147.14 1 0
github.com/muety/wakapi/models/filters.go:150.57,151.18 1 0
github.com/muety/wakapi/models/filters.go:152.22,153.20 1 0
github.com/muety/wakapi/models/filters.go:154.23,155.21 1 0
github.com/muety/wakapi/models/filters.go:156.21,157.19 1 0
github.com/muety/wakapi/models/filters.go:158.17,159.15 1 0
github.com/muety/wakapi/models/filters.go:160.22,161.20 1 0
github.com/muety/wakapi/models/filters.go:162.20,163.18 1 0
github.com/muety/wakapi/models/filters.go:164.21,165.19 1 0
github.com/muety/wakapi/models/filters.go:166.21,167.19 1 0
github.com/muety/wakapi/models/filters.go:168.10,169.21 1 0
github.com/muety/wakapi/models/filters.go:173.33,175.16 2 0
github.com/muety/wakapi/models/filters.go:175.16,177.3 1 0
github.com/muety/wakapi/models/filters.go:178.2,178.32 1 0
github.com/muety/wakapi/models/filters.go:181.53,187.2 1 1
github.com/muety/wakapi/models/filters.go:189.51,195.2 1 0
github.com/muety/wakapi/models/filters.go:198.70,199.22 1 1
github.com/muety/wakapi/models/filters.go:199.22,201.31 2 1
github.com/muety/wakapi/models/filters.go:201.31,204.4 2 1
github.com/muety/wakapi/models/filters.go:205.3,205.22 1 1
github.com/muety/wakapi/models/filters.go:207.2,207.17 1 1
github.com/muety/wakapi/models/filters.go:207.17,209.26 2 0
github.com/muety/wakapi/models/filters.go:209.26,212.4 2 0
github.com/muety/wakapi/models/filters.go:213.3,213.17 1 0
github.com/muety/wakapi/models/filters.go:215.2,215.23 1 1
github.com/muety/wakapi/models/filters.go:215.23,217.32 2 1
github.com/muety/wakapi/models/filters.go:217.32,220.4 2 1
github.com/muety/wakapi/models/filters.go:221.3,221.23 1 1
github.com/muety/wakapi/models/filters.go:223.2,223.21 1 1
github.com/muety/wakapi/models/filters.go:223.21,225.30 2 0
github.com/muety/wakapi/models/filters.go:225.30,228.4 2 0
github.com/muety/wakapi/models/filters.go:229.3,229.21 1 0
github.com/muety/wakapi/models/filters.go:231.2,231.22 1 1
github.com/muety/wakapi/models/filters.go:231.22,233.31 2 0
github.com/muety/wakapi/models/filters.go:233.31,236.4 2 0
github.com/muety/wakapi/models/filters.go:237.3,237.22 1 0
github.com/muety/wakapi/models/filters.go:239.2,239.21 1 1
github.com/muety/wakapi/models/filters.go:239.21,241.30 2 0
github.com/muety/wakapi/models/filters.go:241.30,244.4 2 0
github.com/muety/wakapi/models/filters.go:245.3,245.21 1 0
github.com/muety/wakapi/models/filters.go:248.2,248.10 1 1
github.com/muety/wakapi/models/filters.go:251.83,252.41 1 1
github.com/muety/wakapi/models/filters.go:252.41,254.3 1 0
github.com/muety/wakapi/models/filters.go:255.2,255.28 1 1
github.com/muety/wakapi/models/filters.go:255.28,257.3 1 1
github.com/muety/wakapi/models/filters.go:258.2,258.10 1 1
github.com/muety/wakapi/models/filters.go:261.43,263.2 1 0
github.com/muety/wakapi/models/heartbeat.go:35.34,37.2 1 1
github.com/muety/wakapi/models/heartbeat.go:39.55,42.2 2 0
github.com/muety/wakapi/models/heartbeat.go:44.43,50.80 1 0
github.com/muety/wakapi/models/heartbeat.go:50.80,52.3 1 0
github.com/muety/wakapi/models/heartbeat.go:54.2,57.10 3 0
github.com/muety/wakapi/models/heartbeat.go:60.65,62.46 2 1
github.com/muety/wakapi/models/heartbeat.go:62.46,63.108 1 1
github.com/muety/wakapi/models/heartbeat.go:63.108,66.4 2 1
github.com/muety/wakapi/models/heartbeat.go:70.50,71.11 1 1
github.com/muety/wakapi/models/heartbeat.go:72.22,73.18 1 1
github.com/muety/wakapi/models/heartbeat.go:74.21,75.17 1 1
github.com/muety/wakapi/models/heartbeat.go:76.23,77.19 1 1
github.com/muety/wakapi/models/heartbeat.go:78.17,79.26 1 1
github.com/muety/wakapi/models/heartbeat.go:80.22,81.18 1 1
github.com/muety/wakapi/models/heartbeat.go:82.21,83.17 1 0
github.com/muety/wakapi/models/heartbeat.go:84.21,85.17 1 0
github.com/muety/wakapi/models/heartbeat.go:88.2,88.15 1 1
github.com/muety/wakapi/models/heartbeat.go:88.15,90.3 1 1
github.com/muety/wakapi/models/heartbeat.go:92.2,92.12 1 1
github.com/muety/wakapi/models/heartbeat.go:95.37,111.2 1 0
github.com/muety/wakapi/models/heartbeat.go:119.41,121.16 2 1
github.com/muety/wakapi/models/heartbeat.go:121.16,123.3 1 0
github.com/muety/wakapi/models/heartbeat.go:124.2,125.10 2 1
github.com/muety/wakapi/models/heartbeat.go:128.38,138.2 1 0
github.com/muety/wakapi/models/heartbeats.go:7.31,9.2 1 0
github.com/muety/wakapi/models/heartbeats.go:11.41,13.2 1 0
github.com/muety/wakapi/models/heartbeats.go:15.36,17.2 1 0
github.com/muety/wakapi/models/heartbeats.go:19.43,22.2 2 0
github.com/muety/wakapi/models/heartbeats.go:24.41,26.18 1 0
github.com/muety/wakapi/models/heartbeats.go:26.18,28.3 1 0
github.com/muety/wakapi/models/heartbeats.go:29.2,29.16 1 0
github.com/muety/wakapi/models/heartbeats.go:32.40,34.18 1 0
github.com/muety/wakapi/models/heartbeats.go:34.18,36.3 1 0
github.com/muety/wakapi/models/heartbeats.go:37.2,37.24 1 0
github.com/muety/wakapi/models/interval.go:47.47,48.23 1 0
github.com/muety/wakapi/models/interval.go:48.23,49.13 1 0
github.com/muety/wakapi/models/interval.go:49.13,51.4 1 0
github.com/muety/wakapi/models/interval.go:53.2,53.14 1 0
github.com/muety/wakapi/models/interval.go:56.49,57.23 1 0
github.com/muety/wakapi/models/interval.go:57.23,58.34 1 0
github.com/muety/wakapi/models/interval.go:58.34,60.4 1 0
github.com/muety/wakapi/models/interval.go:62.2,62.11 1 0
github.com/muety/wakapi/models/language_mapping.go:11.42,13.2 1 0
github.com/muety/wakapi/models/language_mapping.go:15.51,17.2 1 0
github.com/muety/wakapi/models/language_mapping.go:19.52,21.2 1 0
github.com/muety/wakapi/models/leaderboard.go:28.73,30.2 1 0
github.com/muety/wakapi/models/leaderboard.go:39.56,40.103 1 0
github.com/muety/wakapi/models/leaderboard.go:40.103,42.3 1 0
github.com/muety/wakapi/models/leaderboard.go:42.13,44.3 1 0
github.com/muety/wakapi/models/leaderboard.go:47.63,48.29 1 0
github.com/muety/wakapi/models/leaderboard.go:48.29,50.3 1 0
github.com/muety/wakapi/models/leaderboard.go:54.37,55.94 1 0
github.com/muety/wakapi/models/leaderboard.go:55.94,57.3 1 0
github.com/muety/wakapi/models/leaderboard.go:60.41,61.123 1 0
github.com/muety/wakapi/models/leaderboard.go:61.123,63.3 1 0
github.com/muety/wakapi/models/leaderboard.go:66.50,68.2 1 0
github.com/muety/wakapi/models/leaderboard.go:71.60,72.109 1 0
github.com/muety/wakapi/models/leaderboard.go:72.109,74.3 1 0
github.com/muety/wakapi/models/leaderboard.go:75.2,75.15 1 0
github.com/muety/wakapi/models/leaderboard.go:78.65,79.95 1 0
github.com/muety/wakapi/models/leaderboard.go:79.95,81.3 1 0
github.com/muety/wakapi/models/leaderboard.go:84.49,85.114 1 0
github.com/muety/wakapi/models/leaderboard.go:85.114,87.3 1 0
github.com/muety/wakapi/models/leaderboard.go:90.68,93.25 2 0
github.com/muety/wakapi/models/leaderboard.go:93.25,94.58 1 0
github.com/muety/wakapi/models/leaderboard.go:94.58,95.12 1 0
github.com/muety/wakapi/models/leaderboard.go:97.3,98.38 2 0
github.com/muety/wakapi/models/leaderboard.go:98.38,100.4 1 0
github.com/muety/wakapi/models/leaderboard.go:101.3,101.40 1 0
github.com/muety/wakapi/models/leaderboard.go:104.2,104.184 1 0
github.com/muety/wakapi/models/leaderboard.go:104.184,106.3 1 0
github.com/muety/wakapi/models/leaderboard.go:107.2,107.67 1 0
github.com/muety/wakapi/models/leaderboard.go:107.67,109.3 1 0
github.com/muety/wakapi/models/leaderboard.go:111.2,111.15 1 0
github.com/muety/wakapi/models/leaderboard.go:114.70,115.128 1 0
github.com/muety/wakapi/models/leaderboard.go:115.128,117.3 1 0
github.com/muety/wakapi/models/leaderboard.go:120.89,121.107 1 0
github.com/muety/wakapi/models/leaderboard.go:121.107,123.3 1 0
github.com/muety/wakapi/models/leaderboard.go:126.45,128.25 2 0
github.com/muety/wakapi/models/leaderboard.go:128.25,129.43 1 0
github.com/muety/wakapi/models/leaderboard.go:129.43,131.4 1 0
github.com/muety/wakapi/models/leaderboard.go:133.2,133.19 1 0
github.com/muety/wakapi/models/mail.go:23.44,27.2 3 0
github.com/muety/wakapi/models/mail.go:29.44,33.2 3 0
github.com/muety/wakapi/models/mail.go:35.34,36.18 1 0
github.com/muety/wakapi/models/mail.go:36.18,38.3 1 0
github.com/muety/wakapi/models/mail.go:39.2,39.21 1 0
github.com/muety/wakapi/models/mail.go:39.21,41.3 1 0
github.com/muety/wakapi/models/mail.go:42.2,42.23 1 0
github.com/muety/wakapi/models/mail.go:42.23,44.3 1 0
github.com/muety/wakapi/models/mail.go:45.2,45.10 1 0
github.com/muety/wakapi/models/mail.go:48.32,67.2 1 0
github.com/muety/wakapi/models/mail.go:69.41,71.2 1 0
github.com/muety/wakapi/models/mail_address.go:18.13,21.2 2 1
github.com/muety/wakapi/models/mail_address.go:27.38,29.2 1 0
github.com/muety/wakapi/models/mail_address.go:31.35,33.21 2 1
github.com/muety/wakapi/models/mail_address.go:33.21,34.21 1 1
github.com/muety/wakapi/models/mail_address.go:34.21,36.4 1 1
github.com/muety/wakapi/models/mail_address.go:37.3,37.18 1 1
github.com/muety/wakapi/models/mail_address.go:39.2,39.11 1 1
github.com/muety/wakapi/models/mail_address.go:42.38,44.21 2 0
github.com/muety/wakapi/models/mail_address.go:44.21,46.3 1 0
github.com/muety/wakapi/models/mail_address.go:47.2,47.17 1 0
github.com/muety/wakapi/models/mail_address.go:50.35,52.2 1 1
github.com/muety/wakapi/models/mail_address.go:54.43,56.22 2 0
github.com/muety/wakapi/models/mail_address.go:56.22,58.3 1 0
github.com/muety/wakapi/models/mail_address.go:59.2,59.12 1 0
github.com/muety/wakapi/models/mail_address.go:62.46,64.22 2 1
github.com/muety/wakapi/models/mail_address.go:64.22,66.3 1 1
github.com/muety/wakapi/models/mail_address.go:67.2,67.12 1 1
github.com/muety/wakapi/models/mail_address.go:70.40,71.22 1 1
github.com/muety/wakapi/models/mail_address.go:71.22,72.17 1 1
github.com/muety/wakapi/models/mail_address.go:72.17,74.4 1 1
github.com/muety/wakapi/models/mail_address.go:76.2,76.13 1 1
github.com/muety/wakapi/models/models.go:3.14,5.2 0 1
github.com/muety/wakapi/models/project_label.go:14.39,16.2 1 0
github.com/muety/wakapi/models/shared.go:44.77,48.66 2 0
github.com/muety/wakapi/models/shared.go:48.66,50.3 1 0
github.com/muety/wakapi/models/shared.go:52.2,52.53 1 0
github.com/muety/wakapi/models/shared.go:52.53,54.3 1 0
github.com/muety/wakapi/models/shared.go:56.2,56.10 1 0
github.com/muety/wakapi/models/shared.go:59.52,61.2 1 0
github.com/muety/wakapi/models/shared.go:63.52,66.16 3 0
github.com/muety/wakapi/models/shared.go:66.16,68.3 1 0
github.com/muety/wakapi/models/shared.go:69.2,71.12 3 0
github.com/muety/wakapi/models/shared.go:74.52,80.22 2 0
github.com/muety/wakapi/models/shared.go:81.14,85.17 2 0
github.com/muety/wakapi/models/shared.go:85.17,87.4 1 0
github.com/muety/wakapi/models/shared.go:88.17,90.8 2 0
github.com/muety/wakapi/models/shared.go:91.10,92.64 1 0
github.com/muety/wakapi/models/shared.go:95.2,98.12 3 0
github.com/muety/wakapi/models/shared.go:101.51,104.2 2 0
github.com/muety/wakapi/models/shared.go:106.45,108.2 1 1
github.com/muety/wakapi/models/shared.go:110.37,112.2 1 0
github.com/muety/wakapi/models/shared.go:114.35,116.2 1 1
github.com/muety/wakapi/models/shared.go:118.34,120.2 1 0
github.com/muety/wakapi/models/summary.go:78.29,80.2 1 1
github.com/muety/wakapi/models/summary.go:82.35,84.2 1 0
github.com/muety/wakapi/models/summary.go:86.38,88.2 1 0
github.com/muety/wakapi/models/summary.go:90.33,101.2 1 0
github.com/muety/wakapi/models/summary.go:103.37,113.2 9 1
github.com/muety/wakapi/models/summary.go:115.35,117.2 1 1
github.com/muety/wakapi/models/summary.go:119.57,130.2 1 1
github.com/muety/wakapi/models/summary.go:132.62,133.21 1 1
github.com/muety/wakapi/models/summary.go:134.22,135.21 1 1
github.com/muety/wakapi/models/summary.go:136.23,137.22 1 1
github.com/muety/wakapi/models/summary.go:138.21,139.20 1 1
github.com/muety/wakapi/models/summary.go:140.17,141.29 1 1
github.com/muety/wakapi/models/summary.go:142.22,143.21 1 1
github.com/muety/wakapi/models/summary.go:144.20,145.19 1 1
github.com/muety/wakapi/models/summary.go:146.21,147.21 1 1
github.com/muety/wakapi/models/summary.go:148.21,149.21 1 1
github.com/muety/wakapi/models/summary.go:151.2,151.12 1 0
github.com/muety/wakapi/models/summary.go:154.69,155.21 1 1
github.com/muety/wakapi/models/summary.go:156.22,158.8 2 1
github.com/muety/wakapi/models/summary.go:159.23,161.8 2 0
github.com/muety/wakapi/models/summary.go:162.21,164.8 2 0
github.com/muety/wakapi/models/summary.go:165.17,167.8 2 0
github.com/muety/wakapi/models/summary.go:168.22,170.8 2 0
github.com/muety/wakapi/models/summary.go:171.20,173.8 2 0
github.com/muety/wakapi/models/summary.go:174.21,176.8 2 0
github.com/muety/wakapi/models/summary.go:177.21,179.8 2 0
github.com/muety/wakapi/models/summary.go:183.59,184.21 1 1
github.com/muety/wakapi/models/summary.go:184.21,186.3 1 1
github.com/muety/wakapi/models/summary.go:188.2,188.35 1 1
github.com/muety/wakapi/models/summary.go:188.35,189.41 1 1
github.com/muety/wakapi/models/summary.go:189.41,191.4 1 1
github.com/muety/wakapi/models/summary.go:194.2,194.10 1 1
github.com/muety/wakapi/models/summary.go:201.62,202.116 1 1
github.com/muety/wakapi/models/summary.go:202.116,204.3 1 1
github.com/muety/wakapi/models/summary.go:205.2,206.10 2 1
github.com/muety/wakapi/models/summary.go:222.33,227.26 4 1
github.com/muety/wakapi/models/summary.go:227.26,228.30 1 1
github.com/muety/wakapi/models/summary.go:228.30,230.4 1 1
github.com/muety/wakapi/models/summary.go:234.2,234.37 1 1
github.com/muety/wakapi/models/summary.go:234.37,236.3 1 0
github.com/muety/wakapi/models/summary.go:239.2,240.16 2 1
github.com/muety/wakapi/models/summary.go:240.16,242.3 1 0
github.com/muety/wakapi/models/summary.go:243.2,243.33 1 1
github.com/muety/wakapi/models/summary.go:243.33,245.3 1 1
github.com/muety/wakapi/models/summary.go:249.56,255.28 5 1
github.com/muety/wakapi/models/summary.go:255.28,257.3 1 1
github.com/muety/wakapi/models/summary.go:259.2,260.42 2 1
github.com/muety/wakapi/models/summary.go:260.42,261.22 1 0
github.com/muety/wakapi/models/summary.go:261.22,263.9 2 0
github.com/muety/wakapi/models/summary.go:267.2,268.15 2 1
github.com/muety/wakapi/models/summary.go:268.15,269.28 1 1
github.com/muety/wakapi/models/summary.go:269.28,271.4 1 0
github.com/muety/wakapi/models/summary.go:271.9,277.4 1 1
github.com/muety/wakapi/models/summary.go:281.45,286.16 4 1
github.com/muety/wakapi/models/summary.go:286.16,288.3 1 0
github.com/muety/wakapi/models/summary.go:289.2,289.39 1 1
github.com/muety/wakapi/models/summary.go:289.39,291.3 1 1
github.com/muety/wakapi/models/summary.go:293.2,293.30 1 1
github.com/muety/wakapi/models/summary.go:296.73,298.55 2 1
github.com/muety/wakapi/models/summary.go:298.55,299.31 1 1
github.com/muety/wakapi/models/summary.go:299.31,301.4 1 1
github.com/muety/wakapi/models/summary.go:303.2,303.16 1 1
github.com/muety/wakapi/models/summary.go:306.88,308.55 2 1
github.com/muety/wakapi/models/summary.go:308.55,309.31 1 1
github.com/muety/wakapi/models/summary.go:309.31,310.23 1 1
github.com/muety/wakapi/models/summary.go:310.23,311.13 1 1
github.com/muety/wakapi/models/summary.go:313.4,313.46 1 1
github.com/muety/wakapi/models/summary.go:316.2,316.16 1 1
github.com/muety/wakapi/models/summary.go:319.73,321.34 2 1
github.com/muety/wakapi/models/summary.go:321.34,323.3 1 1
github.com/muety/wakapi/models/summary.go:324.2,324.14 1 1
github.com/muety/wakapi/models/summary.go:327.56,330.55 3 0
github.com/muety/wakapi/models/summary.go:330.55,331.31 1 0
github.com/muety/wakapi/models/summary.go:331.31,332.44 1 0
github.com/muety/wakapi/models/summary.go:332.44,334.5 1 0
github.com/muety/wakapi/models/summary.go:337.2,337.12 1 0
github.com/muety/wakapi/models/summary.go:340.58,342.16 2 0
github.com/muety/wakapi/models/summary.go:342.16,344.3 1 0
github.com/muety/wakapi/models/summary.go:345.2,345.16 1 0
github.com/muety/wakapi/models/summary.go:348.71,349.63 1 1
github.com/muety/wakapi/models/summary.go:349.63,350.20 1 1
github.com/muety/wakapi/models/summary.go:350.20,352.4 1 1
github.com/muety/wakapi/models/summary.go:354.3,356.45 2 1
github.com/muety/wakapi/models/summary.go:356.45,357.32 1 1
github.com/muety/wakapi/models/summary.go:357.32,358.24 1 1
github.com/muety/wakapi/models/summary.go:358.24,360.6 1 1
github.com/muety/wakapi/models/summary.go:362.4,362.14 1 1
github.com/muety/wakapi/models/summary.go:365.3,365.31 1 1
github.com/muety/wakapi/models/summary.go:365.31,367.60 1 1
github.com/muety/wakapi/models/summary.go:367.60,369.5 1 1
github.com/muety/wakapi/models/summary.go:372.3,372.31 1 1
github.com/muety/wakapi/models/summary.go:372.31,374.60 1 1
github.com/muety/wakapi/models/summary.go:374.60,375.55 1 1
github.com/muety/wakapi/models/summary.go:375.55,377.6 1 1
github.com/muety/wakapi/models/summary.go:377.11,385.6 1 1
github.com/muety/wakapi/models/summary.go:389.3,389.16 1 1
github.com/muety/wakapi/models/summary.go:393.2,402.10 8 1
github.com/muety/wakapi/models/summary.go:405.57,406.30 1 1
github.com/muety/wakapi/models/summary.go:406.30,407.28 1 1
github.com/muety/wakapi/models/summary.go:407.28,409.4 1 1
github.com/muety/wakapi/models/summary.go:411.2,411.43 1 0
github.com/muety/wakapi/models/summary.go:414.43,416.2 1 0
github.com/muety/wakapi/models/summary.go:418.49,419.21 1 0
github.com/muety/wakapi/models/summary.go:419.21,421.3 1 0
github.com/muety/wakapi/models/summary.go:422.2,423.54 2 0
github.com/muety/wakapi/models/summary.go:426.51,427.27 1 0
github.com/muety/wakapi/models/summary.go:427.27,429.3 1 0
github.com/muety/wakapi/models/summary.go:430.2,431.19 2 0
github.com/muety/wakapi/models/summary.go:434.50,438.2 1 1
github.com/muety/wakapi/models/summary.go:440.49,441.101 1 0
github.com/muety/wakapi/models/summary.go:441.101,443.3 1 0
github.com/muety/wakapi/models/summary.go:446.30,448.2 1 0
github.com/muety/wakapi/models/summary.go:450.40,452.2 1 0
github.com/muety/wakapi/models/summary.go:454.35,456.2 1 0
github.com/muety/wakapi/models/summary.go:458.33,460.2 1 1
github.com/muety/wakapi/models/summary.go:462.43,464.2 1 1
github.com/muety/wakapi/models/summary.go:466.38,468.2 1 1
github.com/muety/wakapi/models/user.go:14.13,16.2 1 1
github.com/muety/wakapi/models/user.go:93.34,95.2 1 0
github.com/muety/wakapi/models/user.go:97.36,98.22 1 1
github.com/muety/wakapi/models/user.go:98.22,100.3 1 1
github.com/muety/wakapi/models/user.go:101.2,102.16 2 1
github.com/muety/wakapi/models/user.go:102.16,104.3 1 0
github.com/muety/wakapi/models/user.go:105.2,105.11 1 1
github.com/muety/wakapi/models/user.go:110.41,113.2 2 1
github.com/muety/wakapi/models/user.go:115.53,118.54 3 0
github.com/muety/wakapi/models/user.go:118.54,120.3 1 0
github.com/muety/wakapi/models/user.go:121.2,121.51 1 0
github.com/muety/wakapi/models/user.go:121.51,123.3 1 0
github.com/muety/wakapi/models/user.go:124.2,124.20 1 0
github.com/muety/wakapi/models/user.go:128.52,129.28 1 0
github.com/muety/wakapi/models/user.go:129.28,131.3 1 0
github.com/muety/wakapi/models/user.go:132.2,132.17 1 0
github.com/muety/wakapi/models/user.go:136.45,138.2 1 1
github.com/muety/wakapi/models/user.go:140.51,142.2 1 1
github.com/muety/wakapi/models/user.go:148.65,150.32 2 0
github.com/muety/wakapi/models/user.go:150.32,152.3 1 0
github.com/muety/wakapi/models/user.go:153.2,153.30 1 0
github.com/muety/wakapi/models/user.go:153.30,155.3 1 0
github.com/muety/wakapi/models/user.go:156.2,157.24 2 0
github.com/muety/wakapi/models/user.go:160.39,162.55 2 1
github.com/muety/wakapi/models/user.go:162.55,164.3 1 1
github.com/muety/wakapi/models/user.go:166.2,166.51 1 1
github.com/muety/wakapi/models/user.go:169.37,171.2 1 0
github.com/muety/wakapi/models/user.go:173.43,176.2 1 0
github.com/muety/wakapi/models/user.go:178.45,181.2 1 0
github.com/muety/wakapi/models/user.go:183.33,190.2 2 0
github.com/muety/wakapi/models/user.go:192.41,194.2 1 0
github.com/muety/wakapi/models/user.go:196.45,198.2 1 0
github.com/muety/wakapi/models/user.go:200.45,202.2 1 0
github.com/muety/wakapi/models/user.go:204.59,206.2 1 0
github.com/muety/wakapi/models/user.go:209.39,211.2 1 0
github.com/muety/wakapi/models/user.go:213.39,216.2 2 0
