mode: set
github.com/muety/wakapi/config/config.go:205.64,207.2 1 0
github.com/muety/wakapi/config/config.go:209.59,211.2 1 0
github.com/muety/wakapi/config/config.go:213.82,223.2 1 0
github.com/muety/wakapi/config/config.go:225.31,227.2 1 0
github.com/muety/wakapi/config/config.go:229.32,231.2 1 0
github.com/muety/wakapi/config/config.go:233.60,235.2 1 0
github.com/muety/wakapi/config/config.go:237.59,239.2 1 0
github.com/muety/wakapi/config/config.go:241.57,243.2 1 0
github.com/muety/wakapi/config/config.go:245.53,247.2 1 0
github.com/muety/wakapi/config/config.go:249.53,250.46 1 0
github.com/muety/wakapi/config/config.go:250.46,254.17 3 0
github.com/muety/wakapi/config/config.go:254.17,256.4 1 0
github.com/muety/wakapi/config/config.go:258.3,259.17 2 0
github.com/muety/wakapi/config/config.go:259.17,261.4 1 0
github.com/muety/wakapi/config/config.go:263.3,263.44 1 0
github.com/muety/wakapi/config/config.go:266.2,266.51 1 0
github.com/muety/wakapi/config/config.go:269.50,270.47 1 0
github.com/muety/wakapi/config/config.go:270.47,277.17 5 0
github.com/muety/wakapi/config/config.go:277.17,279.4 1 0
github.com/muety/wakapi/config/config.go:281.3,282.17 2 0
github.com/muety/wakapi/config/config.go:282.17,284.4 1 0
github.com/muety/wakapi/config/config.go:286.3,286.54 1 0
github.com/muety/wakapi/config/config.go:289.2,289.52 1 0
github.com/muety/wakapi/config/config.go:292.65,297.56 3 0
github.com/muety/wakapi/config/config.go:297.56,299.33 1 0
github.com/muety/wakapi/config/config.go:299.33,302.18 3 0
github.com/muety/wakapi/config/config.go:302.18,304.5 1 0
github.com/muety/wakapi/config/config.go:306.4,307.18 2 0
github.com/muety/wakapi/config/config.go:307.18,309.5 1 0
github.com/muety/wakapi/config/config.go:311.4,311.45 1 0
github.com/muety/wakapi/config/config.go:313.8,314.33 1 0
github.com/muety/wakapi/config/config.go:314.33,316.4 1 0
github.com/muety/wakapi/config/config.go:319.2,319.76 1 0
github.com/muety/wakapi/config/config.go:319.76,321.3 1 0
github.com/muety/wakapi/config/config.go:323.2,323.14 1 0
github.com/muety/wakapi/config/config.go:326.54,329.2 2 0
github.com/muety/wakapi/config/config.go:331.54,333.64 2 0
github.com/muety/wakapi/config/config.go:333.64,334.70 1 0
github.com/muety/wakapi/config/config.go:334.70,336.4 1 0
github.com/muety/wakapi/config/config.go:336.9,338.4 1 0
github.com/muety/wakapi/config/config.go:342.58,344.2 1 0
github.com/muety/wakapi/config/config.go:346.66,348.2 1 0
github.com/muety/wakapi/config/config.go:350.65,352.2 1 0
github.com/muety/wakapi/config/config.go:354.73,356.2 1 0
github.com/muety/wakapi/config/config.go:358.70,361.23 3 0
github.com/muety/wakapi/config/config.go:361.23,363.3 1 0
github.com/muety/wakapi/config/config.go:365.2,369.20 4 0
github.com/muety/wakapi/config/config.go:370.11,371.28 1 0
github.com/muety/wakapi/config/config.go:372.11,373.28 1 0
github.com/muety/wakapi/config/config.go:374.11,375.26 1 0
github.com/muety/wakapi/config/config.go:378.2,378.51 1 0
github.com/muety/wakapi/config/config.go:381.36,383.2 1 0
github.com/muety/wakapi/config/config.go:385.35,387.2 1 0
github.com/muety/wakapi/config/config.go:389.38,391.2 1 0
github.com/muety/wakapi/config/config.go:393.35,395.2 1 0
github.com/muety/wakapi/config/config.go:397.46,399.2 1 0
github.com/muety/wakapi/config/config.go:401.43,403.2 1 0
github.com/muety/wakapi/config/config.go:405.29,407.2 1 1
github.com/muety/wakapi/config/config.go:409.48,420.16 2 0
github.com/muety/wakapi/config/config.go:420.16,422.3 1 0
github.com/muety/wakapi/config/config.go:424.2,425.53 2 0
github.com/muety/wakapi/config/config.go:425.53,427.3 1 0
github.com/muety/wakapi/config/config.go:429.2,429.15 1 0
github.com/muety/wakapi/config/config.go:432.45,433.27 1 0
github.com/muety/wakapi/config/config.go:433.27,435.3 1 0
github.com/muety/wakapi/config/config.go:436.2,436.24 1 0
github.com/muety/wakapi/config/config.go:436.24,438.3 1 0
github.com/muety/wakapi/config/config.go:439.2,439.25 1 0
github.com/muety/wakapi/config/config.go:439.25,441.3 1 0
github.com/muety/wakapi/config/config.go:442.2,442.15 1 0
github.com/muety/wakapi/config/config.go:445.26,447.2 1 0
github.com/muety/wakapi/config/config.go:449.20,451.2 1 0
github.com/muety/wakapi/config/config.go:453.54,456.82 2 0
github.com/muety/wakapi/config/config.go:456.82,458.3 1 0
github.com/muety/wakapi/config/config.go:460.2,464.21 4 0
github.com/muety/wakapi/config/config.go:464.21,466.3 1 0
github.com/muety/wakapi/config/config.go:468.2,476.16 7 0
github.com/muety/wakapi/config/config.go:476.16,480.3 3 0
github.com/muety/wakapi/config/config.go:482.2,488.47 5 0
github.com/muety/wakapi/config/config.go:488.47,489.14 1 0
github.com/muety/wakapi/config/config.go:489.14,491.4 1 0
github.com/muety/wakapi/config/config.go:494.2,494.29 1 0
github.com/muety/wakapi/config/config.go:494.29,497.3 2 0
github.com/muety/wakapi/config/config.go:499.2,499.41 1 0
github.com/muety/wakapi/config/config.go:499.41,501.3 1 0
github.com/muety/wakapi/config/config.go:501.8,503.35 2 0
github.com/muety/wakapi/config/config.go:503.35,505.4 1 0
github.com/muety/wakapi/config/config.go:506.3,506.37 1 0
github.com/muety/wakapi/config/config.go:510.2,510.108 1 0
github.com/muety/wakapi/config/config.go:510.108,512.3 1 0
github.com/muety/wakapi/config/config.go:513.2,513.28 1 0
github.com/muety/wakapi/config/config.go:513.28,515.3 1 0
github.com/muety/wakapi/config/config.go:516.2,516.51 1 0
github.com/muety/wakapi/config/config.go:516.51,519.3 2 0
github.com/muety/wakapi/config/config.go:520.2,520.100 1 0
github.com/muety/wakapi/config/config.go:520.100,522.3 1 0
github.com/muety/wakapi/config/config.go:523.2,523.74 1 0
github.com/muety/wakapi/config/config.go:523.74,525.3 1 0
github.com/muety/wakapi/config/config.go:526.2,526.94 1 0
github.com/muety/wakapi/config/config.go:526.94,528.3 1 0
github.com/muety/wakapi/config/config.go:529.2,529.156 1 0
github.com/muety/wakapi/config/config.go:529.156,531.3 1 0
github.com/muety/wakapi/config/config.go:532.2,532.165 1 0
github.com/muety/wakapi/config/config.go:532.165,534.3 1 0
github.com/muety/wakapi/config/config.go:536.2,538.78 2 0
github.com/muety/wakapi/config/config.go:538.78,540.3 1 0
github.com/muety/wakapi/config/config.go:541.2,541.81 1 0
github.com/muety/wakapi/config/config.go:541.81,543.3 1 0
github.com/muety/wakapi/config/config.go:544.2,544.66 1 0
github.com/muety/wakapi/config/config.go:544.66,545.48 1 0
github.com/muety/wakapi/config/config.go:545.48,547.4 1 0
github.com/muety/wakapi/config/config.go:551.2,551.76 1 0
github.com/muety/wakapi/config/config.go:551.76,553.3 1 0
github.com/muety/wakapi/config/config.go:556.2,556.55 1 0
github.com/muety/wakapi/config/config.go:556.55,558.3 1 0
github.com/muety/wakapi/config/config.go:559.2,559.56 1 0
github.com/muety/wakapi/config/config.go:559.56,561.3 1 0
github.com/muety/wakapi/config/config.go:562.2,562.65 1 0
github.com/muety/wakapi/config/config.go:562.65,564.3 1 0
github.com/muety/wakapi/config/config.go:566.2,567.14 2 0
github.com/muety/wakapi/config/config.go:570.22,580.2 1 0
github.com/muety/wakapi/config/config.go:582.38,585.2 2 0
github.com/muety/wakapi/config/db.go:42.50,43.19 1 0
github.com/muety/wakapi/config/db.go:44.23,48.5 1 0
github.com/muety/wakapi/config/db.go:49.26,52.5 1 0
github.com/muety/wakapi/config/db.go:53.24,54.48 1 0
github.com/muety/wakapi/config/db.go:55.23,56.50 1 0
github.com/muety/wakapi/config/db.go:59.2,59.12 1 0
github.com/muety/wakapi/config/db.go:62.53,63.25 1 1
github.com/muety/wakapi/config/db.go:63.25,65.3 1 0
github.com/muety/wakapi/config/db.go:67.2,69.25 2 1
github.com/muety/wakapi/config/db.go:69.25,71.3 1 1
github.com/muety/wakapi/config/db.go:73.2,80.3 1 1
github.com/muety/wakapi/config/db.go:83.56,84.25 1 1
github.com/muety/wakapi/config/db.go:84.25,86.3 1 0
github.com/muety/wakapi/config/db.go:88.2,89.16 2 1
github.com/muety/wakapi/config/db.go:89.16,91.3 1 0
github.com/muety/wakapi/config/db.go:93.2,100.3 1 1
github.com/muety/wakapi/config/db.go:103.54,105.2 1 1
github.com/muety/wakapi/config/db.go:107.53,113.16 3 1
github.com/muety/wakapi/config/db.go:113.16,115.3 1 1
github.com/muety/wakapi/config/db.go:117.2,124.19 2 1
github.com/muety/wakapi/config/db_opts.go:11.56,13.2 1 0
github.com/muety/wakapi/config/db_opts.go:15.59,17.2 1 0
github.com/muety/wakapi/config/db_opts.go:19.61,21.39 1 0
github.com/muety/wakapi/config/db_opts.go:21.39,23.100 1 0
github.com/muety/wakapi/config/db_opts.go:23.100,25.4 1 0
github.com/muety/wakapi/config/db_opts.go:28.2,28.30 1 0
github.com/muety/wakapi/config/db_opts.go:28.30,29.68 1 0
github.com/muety/wakapi/config/db_opts.go:29.68,31.4 1 0
github.com/muety/wakapi/config/db_opts.go:34.2,34.12 1 0
github.com/muety/wakapi/config/eventbus.go:27.13,29.2 1 1
github.com/muety/wakapi/config/eventbus.go:31.26,33.2 1 0
github.com/muety/wakapi/config/fs.go:9.56,10.19 1 0
github.com/muety/wakapi/config/fs.go:10.19,12.3 1 0
github.com/muety/wakapi/config/fs.go:13.2,13.19 1 0
github.com/muety/wakapi/config/jobqueue.go:28.13,30.2 1 1
github.com/muety/wakapi/config/jobqueue.go:32.18,39.2 6 0
github.com/muety/wakapi/config/jobqueue.go:41.48,42.34 1 0
github.com/muety/wakapi/config/jobqueue.go:42.34,44.3 1 0
github.com/muety/wakapi/config/jobqueue.go:45.2,48.12 4 0
github.com/muety/wakapi/config/jobqueue.go:51.44,53.2 1 0
github.com/muety/wakapi/config/jobqueue.go:55.48,56.35 1 0
github.com/muety/wakapi/config/jobqueue.go:56.35,58.3 1 0
github.com/muety/wakapi/config/jobqueue.go:59.2,59.24 1 0
github.com/muety/wakapi/config/jobqueue.go:62.43,64.37 2 0
github.com/muety/wakapi/config/jobqueue.go:64.37,70.3 1 0
github.com/muety/wakapi/config/jobqueue.go:71.2,71.16 1 0
github.com/muety/wakapi/config/jobqueue.go:74.20,75.30 1 0
github.com/muety/wakapi/config/jobqueue.go:75.30,77.3 1 0
github.com/muety/wakapi/config/key_utils.go:11.58,15.44 2 0
github.com/muety/wakapi/config/key_utils.go:15.44,17.17 2 0
github.com/muety/wakapi/config/key_utils.go:17.17,19.4 1 0
github.com/muety/wakapi/config/key_utils.go:20.3,23.17 3 0
github.com/muety/wakapi/config/key_utils.go:23.17,25.4 1 0
github.com/muety/wakapi/config/key_utils.go:26.3,26.46 1 0
github.com/muety/wakapi/config/key_utils.go:30.2,31.16 2 0
github.com/muety/wakapi/config/key_utils.go:31.16,33.3 1 0
github.com/muety/wakapi/config/key_utils.go:34.2,37.51 3 0
github.com/muety/wakapi/config/key_utils.go:37.51,39.3 1 0
github.com/muety/wakapi/config/key_utils.go:40.2,40.45 1 0
github.com/muety/wakapi/config/sentry.go:21.35,23.2 1 0
github.com/muety/wakapi/config/sentry.go:25.62,28.2 2 0
github.com/muety/wakapi/config/sentry.go:38.33,45.2 2 0
github.com/muety/wakapi/config/sentry.go:47.79,50.2 2 0
github.com/muety/wakapi/config/sentry.go:52.72,56.2 3 0
github.com/muety/wakapi/config/sentry.go:58.71,62.2 3 0
github.com/muety/wakapi/config/sentry.go:64.71,68.2 3 0
github.com/muety/wakapi/config/sentry.go:70.72,74.2 3 0
github.com/muety/wakapi/config/sentry.go:76.72,80.2 3 0
github.com/muety/wakapi/config/sentry.go:82.67,87.18 4 0
github.com/muety/wakapi/config/sentry.go:87.18,88.65 1 0
github.com/muety/wakapi/config/sentry.go:88.65,91.45 3 0
github.com/muety/wakapi/config/sentry.go:91.45,93.5 1 0
github.com/muety/wakapi/config/sentry.go:94.4,95.10 2 0
github.com/muety/wakapi/config/sentry.go:99.2,99.28 1 0
github.com/muety/wakapi/config/sentry.go:109.50,115.59 1 0
github.com/muety/wakapi/config/sentry.go:115.59,117.38 2 0
github.com/muety/wakapi/config/sentry.go:117.38,118.38 1 0
github.com/muety/wakapi/config/sentry.go:118.38,120.6 1 0
github.com/muety/wakapi/config/sentry.go:122.4,122.39 1 0
github.com/muety/wakapi/config/sentry.go:122.39,124.5 1 0
github.com/muety/wakapi/config/sentry.go:125.4,125.37 1 0
github.com/muety/wakapi/config/sentry.go:127.79,128.27 1 0
github.com/muety/wakapi/config/sentry.go:128.27,129.84 1 0
github.com/muety/wakapi/config/sentry.go:129.84,130.45 1 0
github.com/muety/wakapi/config/sentry.go:130.45,132.7 1 0
github.com/muety/wakapi/config/sentry.go:135.4,135.16 1 0
github.com/muety/wakapi/config/sentry.go:137.17,139.3 1 0
github.com/muety/wakapi/config/sentry.go:143.43,148.51 2 0
github.com/muety/wakapi/config/sentry.go:148.51,150.3 1 0
github.com/muety/wakapi/config/sentry.go:151.2,151.11 1 0
github.com/muety/wakapi/config/session.go:9.46,10.25 1 0
github.com/muety/wakapi/config/session.go:10.25,12.3 1 0
github.com/muety/wakapi/config/session.go:13.2,13.21 1 0
github.com/muety/wakapi/helpers/date.go:17.73,18.58 1 0
github.com/muety/wakapi/helpers/date.go:18.58,20.3 1 0
github.com/muety/wakapi/helpers/date.go:21.2,21.87 1 0
github.com/muety/wakapi/helpers/date.go:21.87,23.3 1 0
github.com/muety/wakapi/helpers/date.go:24.2,24.64 1 0
github.com/muety/wakapi/helpers/date.go:27.40,29.2 1 0
github.com/muety/wakapi/helpers/date.go:31.44,33.2 1 0
github.com/muety/wakapi/helpers/date.go:35.49,37.2 1 0
github.com/muety/wakapi/helpers/date.go:39.45,41.2 1 0
github.com/muety/wakapi/helpers/date.go:43.50,49.2 5 0
github.com/muety/wakapi/helpers/http.go:11.94,13.16 2 0
github.com/muety/wakapi/helpers/http.go:13.16,15.3 1 0
github.com/muety/wakapi/helpers/http.go:17.2,17.107 1 0
github.com/muety/wakapi/helpers/http.go:17.107,19.3 1 0
github.com/muety/wakapi/helpers/http.go:21.2,21.22 1 0
github.com/muety/wakapi/helpers/http.go:24.90,27.58 3 0
github.com/muety/wakapi/helpers/http.go:27.58,29.3 1 0
github.com/muety/wakapi/helpers/interval.go:10.66,11.40 1 0
github.com/muety/wakapi/helpers/interval.go:11.40,12.27 1 0
github.com/muety/wakapi/helpers/interval.go:12.27,14.4 1 0
github.com/muety/wakapi/helpers/interval.go:16.2,16.48 1 0
github.com/muety/wakapi/helpers/interval.go:19.61,22.2 2 0
github.com/muety/wakapi/helpers/interval.go:24.88,27.2 2 0
github.com/muety/wakapi/helpers/interval.go:29.95,31.16 2 0
github.com/muety/wakapi/helpers/interval.go:31.16,33.3 1 0
github.com/muety/wakapi/helpers/interval.go:34.2,34.38 1 0
github.com/muety/wakapi/helpers/interval.go:37.105,41.18 3 1
github.com/muety/wakapi/helpers/interval.go:42.28,43.32 1 0
github.com/muety/wakapi/helpers/interval.go:44.32,46.30 2 0
github.com/muety/wakapi/helpers/interval.go:47.30,48.34 1 1
github.com/muety/wakapi/helpers/interval.go:49.31,50.35 1 0
github.com/muety/wakapi/helpers/interval.go:51.31,53.33 2 0
github.com/muety/wakapi/helpers/interval.go:54.32,55.36 1 0
github.com/muety/wakapi/helpers/interval.go:56.32,58.34 2 0
github.com/muety/wakapi/helpers/interval.go:59.31,60.35 1 0
github.com/muety/wakapi/helpers/interval.go:61.32,62.31 1 1
github.com/muety/wakapi/helpers/interval.go:63.41,65.48 2 0
github.com/muety/wakapi/helpers/interval.go:66.33,67.32 1 1
github.com/muety/wakapi/helpers/interval.go:68.33,69.32 1 1
github.com/muety/wakapi/helpers/interval.go:70.34,71.31 1 1
github.com/muety/wakapi/helpers/interval.go:72.35,73.32 1 1
github.com/muety/wakapi/helpers/interval.go:74.26,75.21 1 0
github.com/muety/wakapi/helpers/interval.go:76.10,77.39 1 0
github.com/muety/wakapi/helpers/interval.go:80.2,80.22 1 1
github.com/muety/wakapi/helpers/interval.go:84.65,85.15 1 1
github.com/muety/wakapi/helpers/interval.go:85.15,87.3 1 1
github.com/muety/wakapi/helpers/interval.go:88.2,88.14 1 1
github.com/muety/wakapi/helpers/interval.go:88.14,90.3 1 1
github.com/muety/wakapi/helpers/interval.go:91.2,91.14 1 1
github.com/muety/wakapi/helpers/interval.go:91.14,93.3 1 1
github.com/muety/wakapi/helpers/interval.go:94.2,94.15 1 1
github.com/muety/wakapi/helpers/interval.go:94.15,96.3 1 1
github.com/muety/wakapi/helpers/interval.go:97.2,97.15 1 1
github.com/muety/wakapi/helpers/interval.go:97.15,99.3 1 1
github.com/muety/wakapi/helpers/interval.go:100.2,100.16 1 1
github.com/muety/wakapi/helpers/interval.go:100.16,102.3 1 1
github.com/muety/wakapi/helpers/interval.go:103.2,103.16 1 1
github.com/muety/wakapi/helpers/interval.go:103.16,105.3 1 1
github.com/muety/wakapi/helpers/interval.go:106.2,106.41 1 1
github.com/muety/wakapi/helpers/summary.go:10.73,17.56 5 0
github.com/muety/wakapi/helpers/summary.go:17.56,19.3 1 0
github.com/muety/wakapi/helpers/summary.go:19.8,19.54 1 0
github.com/muety/wakapi/helpers/summary.go:19.54,21.3 1 0
github.com/muety/wakapi/helpers/summary.go:21.8,23.17 2 0
github.com/muety/wakapi/helpers/summary.go:23.17,25.4 1 0
github.com/muety/wakapi/helpers/summary.go:27.3,28.17 2 0
github.com/muety/wakapi/helpers/summary.go:28.17,30.4 1 0
github.com/muety/wakapi/helpers/summary.go:33.2,43.8 3 0
github.com/muety/wakapi/helpers/summary.go:46.59,48.48 2 0
github.com/muety/wakapi/helpers/summary.go:48.48,50.3 1 0
github.com/muety/wakapi/helpers/summary.go:51.2,51.49 1 0
github.com/muety/wakapi/helpers/summary.go:51.49,53.3 1 0
github.com/muety/wakapi/helpers/summary.go:54.2,54.47 1 0
github.com/muety/wakapi/helpers/summary.go:54.47,56.3 1 0
github.com/muety/wakapi/helpers/summary.go:57.2,57.48 1 0
github.com/muety/wakapi/helpers/summary.go:57.48,59.3 1 0
github.com/muety/wakapi/helpers/summary.go:60.2,60.57 1 0
github.com/muety/wakapi/helpers/summary.go:60.57,62.3 1 0
github.com/muety/wakapi/helpers/summary.go:63.2,63.46 1 0
github.com/muety/wakapi/helpers/summary.go:63.46,65.3 1 0
github.com/muety/wakapi/helpers/summary.go:66.2,66.47 1 0
github.com/muety/wakapi/helpers/summary.go:66.47,68.3 1 0
github.com/muety/wakapi/helpers/summary.go:69.2,69.47 1 0
github.com/muety/wakapi/helpers/summary.go:69.47,71.3 1 0
github.com/muety/wakapi/helpers/summary.go:72.2,72.49 1 0
github.com/muety/wakapi/helpers/summary.go:72.49,74.3 1 0
github.com/muety/wakapi/helpers/summary.go:75.2,75.16 1 0
github.com/muety/wakapi/helpers/summary.go:78.48,82.51 2 0
github.com/muety/wakapi/helpers/summary.go:82.51,84.3 1 0
github.com/muety/wakapi/helpers/summary.go:85.2,85.12 1 0
github.com/muety/wakapi/middlewares/authenticate.go:35.91,41.2 1 1
github.com/muety/wakapi/middlewares/authenticate.go:43.91,46.2 2 0
github.com/muety/wakapi/middlewares/authenticate.go:48.90,51.2 2 0
github.com/muety/wakapi/middlewares/authenticate.go:53.99,56.2 2 0
github.com/muety/wakapi/middlewares/authenticate.go:58.71,59.71 1 0
github.com/muety/wakapi/middlewares/authenticate.go:59.71,61.3 1 0
github.com/muety/wakapi/middlewares/authenticate.go:64.107,68.16 3 0
github.com/muety/wakapi/middlewares/authenticate.go:68.16,70.3 1 0
github.com/muety/wakapi/middlewares/authenticate.go:71.2,71.16 1 0
github.com/muety/wakapi/middlewares/authenticate.go:71.16,73.3 1 0
github.com/muety/wakapi/middlewares/authenticate.go:74.2,74.55 1 0
github.com/muety/wakapi/middlewares/authenticate.go:74.55,76.3 1 0
github.com/muety/wakapi/middlewares/authenticate.go:78.2,78.31 1 0
github.com/muety/wakapi/middlewares/authenticate.go:78.31,79.31 1 0
github.com/muety/wakapi/middlewares/authenticate.go:79.31,82.4 2 0
github.com/muety/wakapi/middlewares/authenticate.go:84.3,84.29 1 0
github.com/muety/wakapi/middlewares/authenticate.go:84.29,87.4 2 0
github.com/muety/wakapi/middlewares/authenticate.go:87.9,88.36 1 0
github.com/muety/wakapi/middlewares/authenticate.go:88.36,92.5 3 0
github.com/muety/wakapi/middlewares/authenticate.go:93.4,94.59 2 0
github.com/muety/wakapi/middlewares/authenticate.go:96.3,96.9 1 0
github.com/muety/wakapi/middlewares/authenticate.go:99.2,100.12 2 0
github.com/muety/wakapi/middlewares/authenticate.go:103.70,104.39 1 0
github.com/muety/wakapi/middlewares/authenticate.go:104.39,105.60 1 0
github.com/muety/wakapi/middlewares/authenticate.go:105.60,107.4 1 0
github.com/muety/wakapi/middlewares/authenticate.go:109.2,109.14 1 0
github.com/muety/wakapi/middlewares/authenticate.go:112.98,114.16 2 1
github.com/muety/wakapi/middlewares/authenticate.go:114.16,116.3 1 1
github.com/muety/wakapi/middlewares/authenticate.go:118.2,121.16 4 1
github.com/muety/wakapi/middlewares/authenticate.go:121.16,123.3 1 0
github.com/muety/wakapi/middlewares/authenticate.go:124.2,124.18 1 1
github.com/muety/wakapi/middlewares/authenticate.go:127.97,131.19 4 1
github.com/muety/wakapi/middlewares/authenticate.go:131.19,133.3 1 1
github.com/muety/wakapi/middlewares/authenticate.go:134.2,135.16 2 1
github.com/muety/wakapi/middlewares/authenticate.go:135.16,137.3 1 0
github.com/muety/wakapi/middlewares/authenticate.go:138.2,138.18 1 1
github.com/muety/wakapi/middlewares/authenticate.go:141.99,143.22 2 1
github.com/muety/wakapi/middlewares/authenticate.go:143.22,145.3 1 0
github.com/muety/wakapi/middlewares/authenticate.go:146.2,146.161 1 1
github.com/muety/wakapi/middlewares/authenticate.go:146.161,148.3 1 1
github.com/muety/wakapi/middlewares/authenticate.go:148.5,150.3 1 1
github.com/muety/wakapi/middlewares/authenticate.go:151.2,151.43 1 1
github.com/muety/wakapi/middlewares/authenticate.go:154.92,156.16 2 0
github.com/muety/wakapi/middlewares/authenticate.go:156.16,158.3 1 0
github.com/muety/wakapi/middlewares/authenticate.go:160.2,161.16 2 0
github.com/muety/wakapi/middlewares/authenticate.go:161.16,163.3 1 0
github.com/muety/wakapi/middlewares/authenticate.go:168.2,168.18 1 0
github.com/muety/wakapi/middlewares/filetype.go:13.83,14.43 1 0
github.com/muety/wakapi/middlewares/filetype.go:14.43,19.3 1 0
github.com/muety/wakapi/middlewares/filetype.go:22.84,24.34 2 0
github.com/muety/wakapi/middlewares/filetype.go:24.34,25.50 1 0
github.com/muety/wakapi/middlewares/filetype.go:25.50,29.4 3 0
github.com/muety/wakapi/middlewares/filetype.go:31.2,31.27 1 0
github.com/muety/wakapi/middlewares/logging.go:20.102,21.43 1 0
github.com/muety/wakapi/middlewares/logging.go:21.43,27.3 1 0
github.com/muety/wakapi/middlewares/logging.go:30.80,39.44 7 0
github.com/muety/wakapi/middlewares/logging.go:39.44,40.38 1 0
github.com/muety/wakapi/middlewares/logging.go:40.38,42.4 1 0
github.com/muety/wakapi/middlewares/logging.go:45.2,54.3 1 0
github.com/muety/wakapi/middlewares/logging.go:57.41,59.14 2 0
github.com/muety/wakapi/middlewares/logging.go:59.14,61.3 1 0
github.com/muety/wakapi/middlewares/logging.go:62.2,62.14 1 0
github.com/muety/wakapi/middlewares/logging.go:62.14,64.3 1 0
github.com/muety/wakapi/middlewares/logging.go:65.2,65.11 1 0
github.com/muety/wakapi/middlewares/logging.go:68.41,69.42 1 0
github.com/muety/wakapi/middlewares/logging.go:69.42,71.3 1 0
github.com/muety/wakapi/middlewares/logging.go:72.2,72.12 1 0
github.com/muety/wakapi/middlewares/logging.go:103.52,105.2 1 0
github.com/muety/wakapi/middlewares/logging.go:117.45,118.20 1 0
github.com/muety/wakapi/middlewares/logging.go:118.20,122.3 3 0
github.com/muety/wakapi/middlewares/logging.go:124.54,127.18 3 0
github.com/muety/wakapi/middlewares/logging.go:127.18,130.17 2 0
github.com/muety/wakapi/middlewares/logging.go:130.17,132.4 1 0
github.com/muety/wakapi/middlewares/logging.go:134.2,135.15 2 0
github.com/muety/wakapi/middlewares/logging.go:137.42,138.20 1 0
github.com/muety/wakapi/middlewares/logging.go:138.20,140.3 1 0
github.com/muety/wakapi/middlewares/logging.go:142.36,144.2 1 0
github.com/muety/wakapi/middlewares/logging.go:145.42,147.2 1 0
github.com/muety/wakapi/middlewares/logging.go:148.40,150.2 1 0
github.com/muety/wakapi/middlewares/logging.go:151.52,153.2 1 0
github.com/muety/wakapi/middlewares/principal.go:15.62,17.2 1 0
github.com/muety/wakapi/middlewares/principal.go:19.58,21.2 1 0
github.com/muety/wakapi/middlewares/principal.go:23.60,24.24 1 0
github.com/muety/wakapi/middlewares/principal.go:24.24,26.3 1 0
github.com/muety/wakapi/middlewares/principal.go:27.2,27.31 1 0
github.com/muety/wakapi/middlewares/principal.go:49.71,50.43 1 0
github.com/muety/wakapi/middlewares/principal.go:50.43,52.3 1 0
github.com/muety/wakapi/middlewares/principal.go:55.81,58.2 2 0
github.com/muety/wakapi/middlewares/principal.go:60.55,61.52 1 0
github.com/muety/wakapi/middlewares/principal.go:61.52,63.3 1 0
github.com/muety/wakapi/middlewares/principal.go:66.49,67.52 1 0
github.com/muety/wakapi/middlewares/principal.go:67.52,69.3 1 0
github.com/muety/wakapi/middlewares/principal.go:70.2,70.12 1 0
github.com/muety/wakapi/middlewares/security.go:19.62,20.43 1 0
github.com/muety/wakapi/middlewares/security.go:20.43,22.3 1 0
github.com/muety/wakapi/middlewares/security.go:25.80,26.36 1 0
github.com/muety/wakapi/middlewares/security.go:26.36,27.30 1 0
github.com/muety/wakapi/middlewares/security.go:27.30,29.4 1 0
github.com/muety/wakapi/middlewares/security.go:31.2,31.27 1 0
github.com/muety/wakapi/middlewares/sentry.go:15.60,16.43 1 0
github.com/muety/wakapi/middlewares/sentry.go:16.43,20.3 1 0
github.com/muety/wakapi/middlewares/sentry.go:23.78,26.54 3 0
github.com/muety/wakapi/middlewares/sentry.go:26.54,27.43 1 0
github.com/muety/wakapi/middlewares/sentry.go:27.43,29.4 1 0
github.com/muety/wakapi/models/alias.go:18.32,20.2 1 0
github.com/muety/wakapi/models/alias.go:22.37,23.35 1 0
github.com/muety/wakapi/models/alias.go:23.35,24.18 1 0
github.com/muety/wakapi/models/alias.go:24.18,26.4 1 0
github.com/muety/wakapi/models/alias.go:28.2,28.14 1 0
github.com/muety/wakapi/models/duration.go:28.75,29.23 1 0
github.com/muety/wakapi/models/duration.go:29.23,31.3 1 0
github.com/muety/wakapi/models/duration.go:32.2,36.35 1 0
github.com/muety/wakapi/models/duration.go:36.35,38.3 1 0
github.com/muety/wakapi/models/duration.go:39.2,39.18 1 0
github.com/muety/wakapi/models/duration.go:42.55,58.2 2 0
github.com/muety/wakapi/models/duration.go:60.50,63.2 2 0
github.com/muety/wakapi/models/duration.go:65.39,67.16 2 0
github.com/muety/wakapi/models/duration.go:67.16,69.3 1 0
github.com/muety/wakapi/models/duration.go:70.2,71.10 2 0
github.com/muety/wakapi/models/duration.go:74.49,75.11 1 0
github.com/muety/wakapi/models/duration.go:76.22,77.18 1 0
github.com/muety/wakapi/models/duration.go:78.21,79.17 1 0
github.com/muety/wakapi/models/duration.go:80.23,81.19 1 0
github.com/muety/wakapi/models/duration.go:82.17,83.26 1 0
github.com/muety/wakapi/models/duration.go:84.22,85.18 1 0
github.com/muety/wakapi/models/duration.go:86.21,87.17 1 0
github.com/muety/wakapi/models/duration.go:88.21,89.17 1 0
github.com/muety/wakapi/models/duration.go:90.23,91.19 1 0
github.com/muety/wakapi/models/duration.go:94.2,94.15 1 0
github.com/muety/wakapi/models/duration.go:94.15,96.3 1 0
github.com/muety/wakapi/models/duration.go:98.2,98.12 1 0
github.com/muety/wakapi/models/durations.go:7.30,9.2 1 0
github.com/muety/wakapi/models/durations.go:11.40,13.2 1 0
github.com/muety/wakapi/models/durations.go:15.35,17.2 1 0
github.com/muety/wakapi/models/durations.go:19.45,21.22 2 0
github.com/muety/wakapi/models/durations.go:21.22,23.3 1 0
github.com/muety/wakapi/models/durations.go:24.2,24.14 1 0
github.com/muety/wakapi/models/durations.go:27.39,30.2 2 0
github.com/muety/wakapi/models/durations.go:32.39,34.18 1 0
github.com/muety/wakapi/models/durations.go:34.18,36.3 1 0
github.com/muety/wakapi/models/durations.go:37.2,37.16 1 0
github.com/muety/wakapi/models/durations.go:40.38,42.18 1 0
github.com/muety/wakapi/models/durations.go:42.18,44.3 1 0
github.com/muety/wakapi/models/durations.go:45.2,45.24 1 0
github.com/muety/wakapi/models/filters.go:24.33,26.2 1 1
github.com/muety/wakapi/models/filters.go:28.48,29.22 1 1
github.com/muety/wakapi/models/filters.go:29.22,30.48 1 1
github.com/muety/wakapi/models/filters.go:30.48,32.4 1 1
github.com/muety/wakapi/models/filters.go:34.2,34.14 1 1
github.com/muety/wakapi/models/filters.go:42.56,44.2 1 1
github.com/muety/wakapi/models/filters.go:46.66,49.2 2 1
github.com/muety/wakapi/models/filters.go:51.59,53.2 1 1
github.com/muety/wakapi/models/filters.go:55.53,58.33 1 0
github.com/muety/wakapi/models/filters.go:58.33,60.3 1 0
github.com/muety/wakapi/models/filters.go:61.2,61.10 1 0
github.com/muety/wakapi/models/filters.go:64.70,65.16 1 1
github.com/muety/wakapi/models/filters.go:66.22,67.41 1 1
github.com/muety/wakapi/models/filters.go:68.17,69.31 1 0
github.com/muety/wakapi/models/filters.go:70.23,71.43 1 1
github.com/muety/wakapi/models/filters.go:72.21,73.39 1 0
github.com/muety/wakapi/models/filters.go:74.22,75.41 1 0
github.com/muety/wakapi/models/filters.go:76.20,77.37 1 1
github.com/muety/wakapi/models/filters.go:78.21,79.39 1 0
github.com/muety/wakapi/models/filters.go:80.21,81.39 1 0
github.com/muety/wakapi/models/filters.go:82.23,83.43 1 0
github.com/muety/wakapi/models/filters.go:85.2,85.10 1 1
github.com/muety/wakapi/models/filters.go:88.49,89.44 1 1
github.com/muety/wakapi/models/filters.go:89.44,91.3 1 1
github.com/muety/wakapi/models/filters.go:91.8,91.41 1 1
github.com/muety/wakapi/models/filters.go:91.41,93.3 1 0
github.com/muety/wakapi/models/filters.go:93.8,93.53 1 1
github.com/muety/wakapi/models/filters.go:93.53,95.3 1 1
github.com/muety/wakapi/models/filters.go:95.8,95.49 1 1
github.com/muety/wakapi/models/filters.go:95.49,97.3 1 0
github.com/muety/wakapi/models/filters.go:97.8,97.51 1 1
github.com/muety/wakapi/models/filters.go:97.51,99.3 1 0
github.com/muety/wakapi/models/filters.go:99.8,99.47 1 1
github.com/muety/wakapi/models/filters.go:99.47,101.3 1 0
github.com/muety/wakapi/models/filters.go:101.8,101.49 1 1
github.com/muety/wakapi/models/filters.go:101.49,103.3 1 0
github.com/muety/wakapi/models/filters.go:103.8,103.49 1 1
github.com/muety/wakapi/models/filters.go:103.49,105.3 1 0
github.com/muety/wakapi/models/filters.go:105.8,105.53 1 1
github.com/muety/wakapi/models/filters.go:105.53,107.3 1 0
github.com/muety/wakapi/models/filters.go:108.2,108.29 1 1
github.com/muety/wakapi/models/filters.go:111.46,112.30 1 1
github.com/muety/wakapi/models/filters.go:112.30,114.3 1 1
github.com/muety/wakapi/models/filters.go:115.2,115.66 1 0
github.com/muety/wakapi/models/filters.go:118.34,121.2 2 1
github.com/muety/wakapi/models/filters.go:123.31,125.51 2 0
github.com/muety/wakapi/models/filters.go:125.51,127.3 1 0
github.com/muety/wakapi/models/filters.go:128.2,128.14 1 0
github.com/muety/wakapi/models/filters.go:131.44,133.51 2 0
github.com/muety/wakapi/models/filters.go:133.51,134.27 1 0
github.com/muety/wakapi/models/filters.go:134.27,136.4 1 0
github.com/muety/wakapi/models/filters.go:138.2,138.14 1 0
github.com/muety/wakapi/models/filters.go:141.49,143.2 1 0
github.com/muety/wakapi/models/filters.go:145.37,147.51 2 0
github.com/muety/wakapi/models/filters.go:147.51,148.35 1 0
github.com/muety/wakapi/models/filters.go:148.35,150.4 1 0
github.com/muety/wakapi/models/filters.go:152.2,152.14 1 0
github.com/muety/wakapi/models/filters.go:155.57,156.18 1 0
github.com/muety/wakapi/models/filters.go:157.22,158.20 1 0
github.com/muety/wakapi/models/filters.go:159.23,160.21 1 0
github.com/muety/wakapi/models/filters.go:161.21,162.19 1 0
github.com/muety/wakapi/models/filters.go:163.17,164.15 1 0
github.com/muety/wakapi/models/filters.go:165.22,166.20 1 0
github.com/muety/wakapi/models/filters.go:167.20,168.18 1 0
github.com/muety/wakapi/models/filters.go:169.21,170.19 1 0
github.com/muety/wakapi/models/filters.go:171.21,172.19 1 0
github.com/muety/wakapi/models/filters.go:173.23,174.21 1 0
github.com/muety/wakapi/models/filters.go:175.10,176.21 1 0
github.com/muety/wakapi/models/filters.go:180.33,182.16 2 0
github.com/muety/wakapi/models/filters.go:182.16,184.3 1 0
github.com/muety/wakapi/models/filters.go:185.2,185.32 1 0
github.com/muety/wakapi/models/filters.go:188.53,195.2 1 1
github.com/muety/wakapi/models/filters.go:197.51,204.2 1 0
github.com/muety/wakapi/models/filters.go:207.70,208.22 1 1
github.com/muety/wakapi/models/filters.go:208.22,210.31 2 1
github.com/muety/wakapi/models/filters.go:210.31,213.4 2 1
github.com/muety/wakapi/models/filters.go:214.3,214.22 1 1
github.com/muety/wakapi/models/filters.go:216.2,216.17 1 1
github.com/muety/wakapi/models/filters.go:216.17,218.26 2 0
github.com/muety/wakapi/models/filters.go:218.26,221.4 2 0
github.com/muety/wakapi/models/filters.go:222.3,222.17 1 0
github.com/muety/wakapi/models/filters.go:224.2,224.23 1 1
github.com/muety/wakapi/models/filters.go:224.23,226.32 2 1
github.com/muety/wakapi/models/filters.go:226.32,229.4 2 1
github.com/muety/wakapi/models/filters.go:230.3,230.23 1 1
github.com/muety/wakapi/models/filters.go:232.2,232.21 1 1
github.com/muety/wakapi/models/filters.go:232.21,234.30 2 0
github.com/muety/wakapi/models/filters.go:234.30,237.4 2 0
github.com/muety/wakapi/models/filters.go:238.3,238.21 1 0
github.com/muety/wakapi/models/filters.go:240.2,240.22 1 1
github.com/muety/wakapi/models/filters.go:240.22,242.31 2 0
github.com/muety/wakapi/models/filters.go:242.31,245.4 2 0
github.com/muety/wakapi/models/filters.go:246.3,246.22 1 0
github.com/muety/wakapi/models/filters.go:248.2,248.21 1 1
github.com/muety/wakapi/models/filters.go:248.21,250.30 2 0
github.com/muety/wakapi/models/filters.go:250.30,253.4 2 0
github.com/muety/wakapi/models/filters.go:254.3,254.21 1 0
github.com/muety/wakapi/models/filters.go:256.2,256.23 1 1
github.com/muety/wakapi/models/filters.go:256.23,258.32 2 0
github.com/muety/wakapi/models/filters.go:258.32,261.4 2 0
github.com/muety/wakapi/models/filters.go:262.3,262.23 1 0
github.com/muety/wakapi/models/filters.go:265.2,265.10 1 1
github.com/muety/wakapi/models/filters.go:268.83,269.41 1 1
github.com/muety/wakapi/models/filters.go:269.41,271.3 1 0
github.com/muety/wakapi/models/filters.go:272.2,272.28 1 1
github.com/muety/wakapi/models/filters.go:272.28,274.3 1 1
github.com/muety/wakapi/models/filters.go:275.2,275.10 1 1
github.com/muety/wakapi/models/filters.go:278.43,280.2 1 0
github.com/muety/wakapi/models/heartbeat.go:35.34,37.2 1 1
github.com/muety/wakapi/models/heartbeat.go:39.55,42.2 2 0
github.com/muety/wakapi/models/heartbeat.go:44.43,50.80 1 0
github.com/muety/wakapi/models/heartbeat.go:50.80,52.3 1 0
github.com/muety/wakapi/models/heartbeat.go:54.2,57.10 3 0
github.com/muety/wakapi/models/heartbeat.go:60.65,62.46 2 1
github.com/muety/wakapi/models/heartbeat.go:62.46,63.108 1 1
github.com/muety/wakapi/models/heartbeat.go:63.108,66.4 2 1
github.com/muety/wakapi/models/heartbeat.go:70.50,71.11 1 1
github.com/muety/wakapi/models/heartbeat.go:72.22,73.18 1 1
github.com/muety/wakapi/models/heartbeat.go:74.21,75.17 1 1
github.com/muety/wakapi/models/heartbeat.go:76.23,77.19 1 1
github.com/muety/wakapi/models/heartbeat.go:78.17,79.26 1 1
github.com/muety/wakapi/models/heartbeat.go:80.22,81.18 1 1
github.com/muety/wakapi/models/heartbeat.go:82.21,83.17 1 0
github.com/muety/wakapi/models/heartbeat.go:84.21,85.17 1 0
github.com/muety/wakapi/models/heartbeat.go:86.23,87.19 1 1
github.com/muety/wakapi/models/heartbeat.go:90.2,90.15 1 1
github.com/muety/wakapi/models/heartbeat.go:90.15,92.3 1 1
github.com/muety/wakapi/models/heartbeat.go:94.2,94.12 1 1
github.com/muety/wakapi/models/heartbeat.go:97.37,113.2 1 0
github.com/muety/wakapi/models/heartbeat.go:121.41,123.16 2 1
github.com/muety/wakapi/models/heartbeat.go:123.16,125.3 1 0
github.com/muety/wakapi/models/heartbeat.go:126.2,127.10 2 1
github.com/muety/wakapi/models/heartbeat.go:130.38,140.2 1 0
github.com/muety/wakapi/models/heartbeats.go:7.31,9.2 1 0
github.com/muety/wakapi/models/heartbeats.go:11.41,13.2 1 0
github.com/muety/wakapi/models/heartbeats.go:15.36,17.2 1 0
github.com/muety/wakapi/models/heartbeats.go:19.43,22.2 2 0
github.com/muety/wakapi/models/heartbeats.go:24.41,26.18 1 0
github.com/muety/wakapi/models/heartbeats.go:26.18,28.3 1 0
github.com/muety/wakapi/models/heartbeats.go:29.2,29.16 1 0
github.com/muety/wakapi/models/heartbeats.go:32.40,34.18 1 0
github.com/muety/wakapi/models/heartbeats.go:34.18,36.3 1 0
github.com/muety/wakapi/models/heartbeats.go:37.2,37.24 1 0
github.com/muety/wakapi/models/interval.go:47.47,48.23 1 0
github.com/muety/wakapi/models/interval.go:48.23,49.13 1 0
github.com/muety/wakapi/models/interval.go:49.13,51.4 1 0
github.com/muety/wakapi/models/interval.go:53.2,53.14 1 0
github.com/muety/wakapi/models/interval.go:56.49,57.23 1 0
github.com/muety/wakapi/models/interval.go:57.23,58.34 1 0
github.com/muety/wakapi/models/interval.go:58.34,60.4 1 0
github.com/muety/wakapi/models/interval.go:62.2,62.11 1 0
github.com/muety/wakapi/models/language_mapping.go:11.42,13.2 1 0
github.com/muety/wakapi/models/language_mapping.go:15.51,17.2 1 0
github.com/muety/wakapi/models/language_mapping.go:19.52,21.2 1 0
github.com/muety/wakapi/models/leaderboard.go:28.73,30.2 1 0
github.com/muety/wakapi/models/leaderboard.go:39.56,40.103 1 0
github.com/muety/wakapi/models/leaderboard.go:40.103,42.3 1 0
github.com/muety/wakapi/models/leaderboard.go:42.13,44.3 1 0
github.com/muety/wakapi/models/leaderboard.go:47.63,48.29 1 0
github.com/muety/wakapi/models/leaderboard.go:48.29,50.3 1 0
github.com/muety/wakapi/models/leaderboard.go:54.37,55.94 1 0
github.com/muety/wakapi/models/leaderboard.go:55.94,57.3 1 0
github.com/muety/wakapi/models/leaderboard.go:60.41,61.123 1 0
github.com/muety/wakapi/models/leaderboard.go:61.123,63.3 1 0
github.com/muety/wakapi/models/leaderboard.go:66.50,68.2 1 0
github.com/muety/wakapi/models/leaderboard.go:71.60,72.109 1 0
github.com/muety/wakapi/models/leaderboard.go:72.109,74.3 1 0
github.com/muety/wakapi/models/leaderboard.go:75.2,75.15 1 0
github.com/muety/wakapi/models/leaderboard.go:78.65,79.95 1 0
github.com/muety/wakapi/models/leaderboard.go:79.95,81.3 1 0
github.com/muety/wakapi/models/leaderboard.go:84.49,85.114 1 0
github.com/muety/wakapi/models/leaderboard.go:85.114,87.3 1 0
github.com/muety/wakapi/models/leaderboard.go:90.68,93.25 2 0
github.com/muety/wakapi/models/leaderboard.go:93.25,94.58 1 0
github.com/muety/wakapi/models/leaderboard.go:94.58,95.12 1 0
github.com/muety/wakapi/models/leaderboard.go:97.3,98.38 2 0
github.com/muety/wakapi/models/leaderboard.go:98.38,100.4 1 0
github.com/muety/wakapi/models/leaderboard.go:101.3,101.40 1 0
github.com/muety/wakapi/models/leaderboard.go:104.2,104.184 1 0
github.com/muety/wakapi/models/leaderboard.go:104.184,106.3 1 0
github.com/muety/wakapi/models/leaderboard.go:107.2,107.67 1 0
github.com/muety/wakapi/models/leaderboard.go:107.67,109.3 1 0
github.com/muety/wakapi/models/leaderboard.go:111.2,111.15 1 0
github.com/muety/wakapi/models/leaderboard.go:114.70,115.128 1 0
github.com/muety/wakapi/models/leaderboard.go:115.128,117.3 1 0
github.com/muety/wakapi/models/leaderboard.go:120.89,121.107 1 0
github.com/muety/wakapi/models/leaderboard.go:121.107,123.3 1 0
github.com/muety/wakapi/models/leaderboard.go:126.45,128.25 2 0
github.com/muety/wakapi/models/leaderboard.go:128.25,129.43 1 0
github.com/muety/wakapi/models/leaderboard.go:129.43,131.4 1 0
github.com/muety/wakapi/models/leaderboard.go:133.2,133.19 1 0
github.com/muety/wakapi/models/mail.go:23.44,27.2 3 0
github.com/muety/wakapi/models/mail.go:29.44,33.2 3 0
github.com/muety/wakapi/models/mail.go:35.34,36.18 1 0
github.com/muety/wakapi/models/mail.go:36.18,38.3 1 0
github.com/muety/wakapi/models/mail.go:39.2,39.21 1 0
github.com/muety/wakapi/models/mail.go:39.21,41.3 1 0
github.com/muety/wakapi/models/mail.go:42.2,42.23 1 0
github.com/muety/wakapi/models/mail.go:42.23,44.3 1 0
github.com/muety/wakapi/models/mail.go:45.2,45.10 1 0
github.com/muety/wakapi/models/mail.go:48.32,67.2 1 0
github.com/muety/wakapi/models/mail.go:69.41,71.2 1 0
github.com/muety/wakapi/models/mail_address.go:18.13,21.2 2 1
github.com/muety/wakapi/models/mail_address.go:27.38,29.2 1 0
github.com/muety/wakapi/models/mail_address.go:31.35,33.21 2 1
github.com/muety/wakapi/models/mail_address.go:33.21,34.21 1 1
github.com/muety/wakapi/models/mail_address.go:34.21,36.4 1 1
github.com/muety/wakapi/models/mail_address.go:37.3,37.18 1 1
github.com/muety/wakapi/models/mail_address.go:39.2,39.11 1 1
github.com/muety/wakapi/models/mail_address.go:42.38,44.21 2 0
github.com/muety/wakapi/models/mail_address.go:44.21,46.3 1 0
github.com/muety/wakapi/models/mail_address.go:47.2,47.17 1 0
github.com/muety/wakapi/models/mail_address.go:50.35,52.2 1 1
github.com/muety/wakapi/models/mail_address.go:54.43,56.22 2 0
github.com/muety/wakapi/models/mail_address.go:56.22,58.3 1 0
github.com/muety/wakapi/models/mail_address.go:59.2,59.12 1 0
github.com/muety/wakapi/models/mail_address.go:62.46,64.22 2 1
github.com/muety/wakapi/models/mail_address.go:64.22,66.3 1 1
github.com/muety/wakapi/models/mail_address.go:67.2,67.12 1 1
github.com/muety/wakapi/models/mail_address.go:70.40,71.22 1 1
github.com/muety/wakapi/models/mail_address.go:71.22,72.17 1 1
github.com/muety/wakapi/models/mail_address.go:72.17,74.4 1 1
github.com/muety/wakapi/models/mail_address.go:76.2,76.13 1 1
github.com/muety/wakapi/models/models.go:3.14,5.2 0 1
github.com/muety/wakapi/models/project_label.go:14.39,16.2 1 0
github.com/muety/wakapi/models/shared.go:44.77,48.66 2 0
github.com/muety/wakapi/models/shared.go:48.66,50.3 1 0
github.com/muety/wakapi/models/shared.go:52.2,52.53 1 0
github.com/muety/wakapi/models/shared.go:52.53,54.3 1 0
github.com/muety/wakapi/models/shared.go:56.2,56.10 1 0
github.com/muety/wakapi/models/shared.go:59.52,61.2 1 0
github.com/muety/wakapi/models/shared.go:63.52,66.16 3 0
github.com/muety/wakapi/models/shared.go:66.16,68.3 1 0
github.com/muety/wakapi/models/shared.go:69.2,71.12 3 0
github.com/muety/wakapi/models/shared.go:74.52,80.22 2 0
github.com/muety/wakapi/models/shared.go:81.14,85.17 2 0
github.com/muety/wakapi/models/shared.go:85.17,87.4 1 0
github.com/muety/wakapi/models/shared.go:88.17,90.8 2 0
github.com/muety/wakapi/models/shared.go:91.10,92.64 1 0
github.com/muety/wakapi/models/shared.go:95.2,98.12 3 0
github.com/muety/wakapi/models/shared.go:101.51,104.2 2 0
github.com/muety/wakapi/models/shared.go:106.45,108.2 1 1
github.com/muety/wakapi/models/shared.go:110.37,112.2 1 0
github.com/muety/wakapi/models/shared.go:114.35,116.2 1 1
github.com/muety/wakapi/models/shared.go:118.34,120.2 1 0
github.com/muety/wakapi/models/summary.go:80.29,82.2 1 1
github.com/muety/wakapi/models/summary.go:84.35,86.2 1 0
github.com/muety/wakapi/models/summary.go:88.38,90.2 1 0
github.com/muety/wakapi/models/summary.go:92.33,104.2 1 0
github.com/muety/wakapi/models/summary.go:106.37,117.2 10 1
github.com/muety/wakapi/models/summary.go:119.35,121.2 1 1
github.com/muety/wakapi/models/summary.go:123.57,135.2 1 1
github.com/muety/wakapi/models/summary.go:137.62,138.21 1 1
github.com/muety/wakapi/models/summary.go:139.22,140.21 1 1
github.com/muety/wakapi/models/summary.go:141.23,142.22 1 1
github.com/muety/wakapi/models/summary.go:143.21,144.20 1 1
github.com/muety/wakapi/models/summary.go:145.17,146.29 1 1
github.com/muety/wakapi/models/summary.go:147.22,148.21 1 1
github.com/muety/wakapi/models/summary.go:149.20,150.19 1 1
github.com/muety/wakapi/models/summary.go:151.21,152.21 1 1
github.com/muety/wakapi/models/summary.go:153.21,154.21 1 1
github.com/muety/wakapi/models/summary.go:155.23,156.23 1 1
github.com/muety/wakapi/models/summary.go:158.2,158.12 1 0
github.com/muety/wakapi/models/summary.go:161.69,162.21 1 1
github.com/muety/wakapi/models/summary.go:163.22,165.8 2 1
github.com/muety/wakapi/models/summary.go:166.23,168.8 2 0
github.com/muety/wakapi/models/summary.go:169.21,171.8 2 0
github.com/muety/wakapi/models/summary.go:172.17,174.8 2 0
github.com/muety/wakapi/models/summary.go:175.22,177.8 2 0
github.com/muety/wakapi/models/summary.go:178.20,180.8 2 0
github.com/muety/wakapi/models/summary.go:181.21,183.8 2 0
github.com/muety/wakapi/models/summary.go:184.21,186.8 2 0
github.com/muety/wakapi/models/summary.go:187.23,189.8 2 0
github.com/muety/wakapi/models/summary.go:193.59,194.21 1 1
github.com/muety/wakapi/models/summary.go:194.21,196.3 1 1
github.com/muety/wakapi/models/summary.go:198.2,198.35 1 1
github.com/muety/wakapi/models/summary.go:198.35,199.41 1 1
github.com/muety/wakapi/models/summary.go:199.41,201.4 1 1
github.com/muety/wakapi/models/summary.go:204.2,204.10 1 1
github.com/muety/wakapi/models/summary.go:211.62,212.116 1 1
github.com/muety/wakapi/models/summary.go:212.116,214.3 1 1
github.com/muety/wakapi/models/summary.go:215.2,216.10 2 1
github.com/muety/wakapi/models/summary.go:232.33,237.26 4 1
github.com/muety/wakapi/models/summary.go:237.26,238.30 1 1
github.com/muety/wakapi/models/summary.go:238.30,240.4 1 1
github.com/muety/wakapi/models/summary.go:244.2,244.37 1 1
github.com/muety/wakapi/models/summary.go:244.37,246.3 1 0
github.com/muety/wakapi/models/summary.go:249.2,250.16 2 1
github.com/muety/wakapi/models/summary.go:250.16,252.3 1 0
github.com/muety/wakapi/models/summary.go:253.2,253.33 1 1
github.com/muety/wakapi/models/summary.go:253.33,255.3 1 1
github.com/muety/wakapi/models/summary.go:259.56,265.28 5 1
github.com/muety/wakapi/models/summary.go:265.28,267.3 1 1
github.com/muety/wakapi/models/summary.go:269.2,270.42 2 1
github.com/muety/wakapi/models/summary.go:270.42,271.22 1 0
github.com/muety/wakapi/models/summary.go:271.22,273.9 2 0
github.com/muety/wakapi/models/summary.go:277.2,278.15 2 1
github.com/muety/wakapi/models/summary.go:278.15,279.28 1 1
github.com/muety/wakapi/models/summary.go:279.28,281.4 1 0
github.com/muety/wakapi/models/summary.go:281.9,287.4 1 1
github.com/muety/wakapi/models/summary.go:291.45,296.16 4 1
github.com/muety/wakapi/models/summary.go:296.16,298.3 1 0
github.com/muety/wakapi/models/summary.go:299.2,299.39 1 1
github.com/muety/wakapi/models/summary.go:299.39,301.3 1 1
github.com/muety/wakapi/models/summary.go:303.2,303.30 1 1
github.com/muety/wakapi/models/summary.go:306.73,308.55 2 1
github.com/muety/wakapi/models/summary.go:308.55,309.31 1 1
github.com/muety/wakapi/models/summary.go:309.31,311.4 1 1
github.com/muety/wakapi/models/summary.go:313.2,313.16 1 1
github.com/muety/wakapi/models/summary.go:316.88,318.55 2 1
github.com/muety/wakapi/models/summary.go:318.55,319.31 1 1
github.com/muety/wakapi/models/summary.go:319.31,320.23 1 1
github.com/muety/wakapi/models/summary.go:320.23,321.13 1 1
github.com/muety/wakapi/models/summary.go:323.4,323.46 1 1
github.com/muety/wakapi/models/summary.go:326.2,326.16 1 1
github.com/muety/wakapi/models/summary.go:329.73,331.34 2 1
github.com/muety/wakapi/models/summary.go:331.34,333.3 1 1
github.com/muety/wakapi/models/summary.go:334.2,334.14 1 1
github.com/muety/wakapi/models/summary.go:337.56,340.55 3 0
github.com/muety/wakapi/models/summary.go:340.55,341.31 1 0
github.com/muety/wakapi/models/summary.go:341.31,342.44 1 0
github.com/muety/wakapi/models/summary.go:342.44,344.5 1 0
github.com/muety/wakapi/models/summary.go:347.2,347.12 1 0
github.com/muety/wakapi/models/summary.go:350.58,352.16 2 0
github.com/muety/wakapi/models/summary.go:352.16,354.3 1 0
github.com/muety/wakapi/models/summary.go:355.2,355.16 1 0
github.com/muety/wakapi/models/summary.go:358.71,359.63 1 1
github.com/muety/wakapi/models/summary.go:359.63,360.20 1 1
github.com/muety/wakapi/models/summary.go:360.20,362.4 1 1
github.com/muety/wakapi/models/summary.go:364.3,366.45 2 1
github.com/muety/wakapi/models/summary.go:366.45,367.32 1 1
github.com/muety/wakapi/models/summary.go:367.32,368.24 1 1
github.com/muety/wakapi/models/summary.go:368.24,370.6 1 1
github.com/muety/wakapi/models/summary.go:372.4,372.14 1 1
github.com/muety/wakapi/models/summary.go:375.3,375.31 1 1
github.com/muety/wakapi/models/summary.go:375.31,377.60 1 1
github.com/muety/wakapi/models/summary.go:377.60,379.5 1 1
github.com/muety/wakapi/models/summary.go:382.3,382.31 1 1
github.com/muety/wakapi/models/summary.go:382.31,384.60 1 1
github.com/muety/wakapi/models/summary.go:384.60,385.55 1 1
github.com/muety/wakapi/models/summary.go:385.55,387.6 1 1
github.com/muety/wakapi/models/summary.go:387.11,395.6 1 1
github.com/muety/wakapi/models/summary.go:399.3,399.16 1 1
github.com/muety/wakapi/models/summary.go:403.2,413.10 9 1
github.com/muety/wakapi/models/summary.go:416.57,417.30 1 1
github.com/muety/wakapi/models/summary.go:417.30,418.28 1 1
github.com/muety/wakapi/models/summary.go:418.28,420.4 1 1
github.com/muety/wakapi/models/summary.go:422.2,422.43 1 0
github.com/muety/wakapi/models/summary.go:425.43,427.2 1 0
github.com/muety/wakapi/models/summary.go:429.49,430.21 1 0
github.com/muety/wakapi/models/summary.go:430.21,432.3 1 0
github.com/muety/wakapi/models/summary.go:433.2,434.54 2 0
github.com/muety/wakapi/models/summary.go:437.51,438.27 1 0
github.com/muety/wakapi/models/summary.go:438.27,440.3 1 0
github.com/muety/wakapi/models/summary.go:441.2,442.19 2 0
github.com/muety/wakapi/models/summary.go:445.50,449.2 1 1
github.com/muety/wakapi/models/summary.go:451.49,452.101 1 0
github.com/muety/wakapi/models/summary.go:452.101,454.3 1 0
github.com/muety/wakapi/models/summary.go:457.30,459.2 1 0
github.com/muety/wakapi/models/summary.go:461.40,463.2 1 0
github.com/muety/wakapi/models/summary.go:465.35,467.2 1 0
github.com/muety/wakapi/models/summary.go:469.33,471.2 1 1
github.com/muety/wakapi/models/summary.go:473.43,475.2 1 1
github.com/muety/wakapi/models/summary.go:477.38,479.2 1 1
github.com/muety/wakapi/models/user.go:14.13,16.2 1 1
github.com/muety/wakapi/models/user.go:97.34,99.2 1 0
github.com/muety/wakapi/models/user.go:101.36,102.22 1 1
github.com/muety/wakapi/models/user.go:102.22,104.3 1 1
github.com/muety/wakapi/models/user.go:105.2,106.16 2 1
github.com/muety/wakapi/models/user.go:106.16,108.3 1 0
github.com/muety/wakapi/models/user.go:109.2,109.11 1 1
github.com/muety/wakapi/models/user.go:114.41,117.2 2 1
github.com/muety/wakapi/models/user.go:119.53,122.54 3 0
github.com/muety/wakapi/models/user.go:122.54,124.3 1 0
github.com/muety/wakapi/models/user.go:125.2,125.51 1 0
github.com/muety/wakapi/models/user.go:125.51,127.3 1 0
github.com/muety/wakapi/models/user.go:128.2,128.20 1 0
github.com/muety/wakapi/models/user.go:132.52,133.28 1 0
github.com/muety/wakapi/models/user.go:133.28,135.3 1 0
github.com/muety/wakapi/models/user.go:136.2,136.17 1 0
github.com/muety/wakapi/models/user.go:140.45,142.2 1 1
github.com/muety/wakapi/models/user.go:144.51,146.2 1 1
github.com/muety/wakapi/models/user.go:152.65,154.32 2 0
github.com/muety/wakapi/models/user.go:154.32,156.3 1 0
github.com/muety/wakapi/models/user.go:157.2,157.30 1 0
github.com/muety/wakapi/models/user.go:157.30,159.3 1 0
github.com/muety/wakapi/models/user.go:160.2,161.24 2 0
github.com/muety/wakapi/models/user.go:164.39,166.55 2 1
github.com/muety/wakapi/models/user.go:166.55,168.3 1 1
github.com/muety/wakapi/models/user.go:170.2,170.51 1 1
github.com/muety/wakapi/models/user.go:173.37,175.2 1 0
github.com/muety/wakapi/models/user.go:177.43,180.2 1 0
github.com/muety/wakapi/models/user.go:182.45,185.2 1 0
github.com/muety/wakapi/models/user.go:187.33,194.2 2 0
github.com/muety/wakapi/models/user.go:196.41,198.2 1 0
github.com/muety/wakapi/models/user.go:200.45,202.2 1 0
github.com/muety/wakapi/models/user.go:204.45,206.2 1 0
github.com/muety/wakapi/models/user.go:208.59,210.2 1 0
github.com/muety/wakapi/models/user.go:213.39,215.2 1 0
github.com/muety/wakapi/models/user.go:217.39,220.2 2 0
github.com/muety/wakapi/routes/utils/badge_utils.go:20.13,23.2 2 1
github.com/muety/wakapi/routes/utils/badge_utils.go:25.129,29.76 3 0
github.com/muety/wakapi/routes/utils/badge_utils.go:29.76,31.3 1 0
github.com/muety/wakapi/routes/utils/badge_utils.go:33.2,34.72 2 0
github.com/muety/wakapi/routes/utils/badge_utils.go:34.72,35.61 1 0
github.com/muety/wakapi/routes/utils/badge_utils.go:35.61,37.4 1 0
github.com/muety/wakapi/routes/utils/badge_utils.go:40.2,48.86 4 0
github.com/muety/wakapi/routes/utils/badge_utils.go:48.86,50.3 1 0
github.com/muety/wakapi/routes/utils/badge_utils.go:52.2,54.22 3 0
github.com/muety/wakapi/routes/utils/badge_utils.go:55.17,57.68 2 0
github.com/muety/wakapi/routes/utils/badge_utils.go:58.12,60.63 2 0
github.com/muety/wakapi/routes/utils/badge_utils.go:61.16,63.67 2 0
github.com/muety/wakapi/routes/utils/badge_utils.go:64.18,66.69 2 0
github.com/muety/wakapi/routes/utils/badge_utils.go:67.17,69.68 2 0
github.com/muety/wakapi/routes/utils/badge_utils.go:70.15,72.66 2 0
github.com/muety/wakapi/routes/utils/badge_utils.go:74.10,77.30 2 0
github.com/muety/wakapi/routes/utils/badge_utils.go:80.2,80.34 1 0
github.com/muety/wakapi/routes/utils/badge_utils.go:80.34,82.3 1 0
github.com/muety/wakapi/routes/utils/badge_utils.go:84.2,84.31 1 0
github.com/muety/wakapi/routes/utils/heartbeat_utils.go:11.68,13.16 2 0
github.com/muety/wakapi/routes/utils/heartbeat_utils.go:13.16,15.3 1 0
github.com/muety/wakapi/routes/utils/heartbeat_utils.go:17.2,18.16 2 0
github.com/muety/wakapi/routes/utils/heartbeat_utils.go:18.16,20.3 1 0
github.com/muety/wakapi/routes/utils/heartbeat_utils.go:22.2,22.35 1 0
github.com/muety/wakapi/routes/utils/heartbeat_utils.go:25.65,33.48 6 0
github.com/muety/wakapi/routes/utils/heartbeat_utils.go:33.48,35.3 1 0
github.com/muety/wakapi/routes/utils/heartbeat_utils.go:37.2,37.24 1 0
github.com/muety/wakapi/routes/utils/heartbeat_utils.go:40.67,48.47 6 0
github.com/muety/wakapi/routes/utils/heartbeat_utils.go:48.47,50.3 1 0
github.com/muety/wakapi/routes/utils/heartbeat_utils.go:52.2,52.45 1 0
github.com/muety/wakapi/routes/utils/messages.go:9.71,11.2 1 0
github.com/muety/wakapi/routes/utils/messages.go:13.73,15.2 1 0
github.com/muety/wakapi/routes/utils/messages.go:17.97,19.57 2 0
github.com/muety/wakapi/routes/utils/messages.go:19.57,21.3 1 0
github.com/muety/wakapi/routes/utils/messages.go:22.2,22.65 1 0
github.com/muety/wakapi/routes/utils/messages.go:22.65,24.3 1 0
github.com/muety/wakapi/routes/utils/messages.go:25.2,26.11 2 0
github.com/muety/wakapi/routes/utils/messages.go:29.78,33.2 3 0
github.com/muety/wakapi/routes/utils/project_utils.go:15.144,18.16 2 0
github.com/muety/wakapi/routes/utils/project_utils.go:18.16,20.3 1 0
github.com/muety/wakapi/routes/utils/project_utils.go:23.2,24.16 2 0
github.com/muety/wakapi/routes/utils/project_utils.go:24.16,26.3 1 0
github.com/muety/wakapi/routes/utils/project_utils.go:28.2,32.35 2 0
github.com/muety/wakapi/routes/utils/project_utils.go:32.35,35.3 2 0
github.com/muety/wakapi/routes/utils/project_utils.go:37.2,39.20 3 0
github.com/muety/wakapi/routes/utils/summary_utils.go:12.98,14.16 2 0
github.com/muety/wakapi/routes/utils/summary_utils.go:14.16,16.3 1 0
github.com/muety/wakapi/routes/utils/summary_utils.go:17.2,17.51 1 0
github.com/muety/wakapi/routes/utils/summary_utils.go:20.119,22.22 2 0
github.com/muety/wakapi/routes/utils/summary_utils.go:22.22,24.3 1 0
github.com/muety/wakapi/routes/utils/summary_utils.go:26.2,34.16 2 0
github.com/muety/wakapi/routes/utils/summary_utils.go:34.16,36.3 1 0
github.com/muety/wakapi/routes/utils/summary_utils.go:38.2,41.36 3 0
github.com/muety/wakapi/routes/utils/summary_utils.go:44.90,46.32 2 0
github.com/muety/wakapi/routes/utils/summary_utils.go:46.32,47.50 1 0
github.com/muety/wakapi/routes/utils/summary_utils.go:47.50,49.4 1 0
github.com/muety/wakapi/routes/utils/summary_utils.go:51.2,51.15 1 0
github.com/muety/wakapi/routes/utils/user_utils.go:15.139,16.68 1 1
github.com/muety/wakapi/routes/utils/user_utils.go:16.68,21.3 4 1
github.com/muety/wakapi/routes/utils/user_utils.go:23.2,24.21 2 1
github.com/muety/wakapi/routes/utils/user_utils.go:24.21,26.3 1 1
github.com/muety/wakapi/routes/utils/user_utils.go:28.2,29.27 2 1
github.com/muety/wakapi/routes/utils/user_utils.go:29.27,31.3 1 1
github.com/muety/wakapi/routes/utils/user_utils.go:31.8,31.35 1 1
github.com/muety/wakapi/routes/utils/user_utils.go:31.35,33.3 1 1
github.com/muety/wakapi/routes/utils/user_utils.go:35.2,35.63 1 1
github.com/muety/wakapi/routes/utils/user_utils.go:35.63,37.3 1 1
github.com/muety/wakapi/routes/utils/user_utils.go:39.2,40.16 2 1
github.com/muety/wakapi/routes/utils/user_utils.go:40.16,42.3 1 0
github.com/muety/wakapi/routes/utils/user_utils.go:44.2,44.27 1 1
github.com/muety/wakapi/routes/compat/wakatime/v1/all_time.go:23.116,29.2 1 0
github.com/muety/wakapi/routes/compat/wakatime/v1/all_time.go:31.60,32.34 1 0
github.com/muety/wakapi/routes/compat/wakatime/v1/all_time.go:32.34,35.3 2 0
github.com/muety/wakapi/routes/compat/wakatime/v1/all_time.go:47.70,49.16 2 0
github.com/muety/wakapi/routes/compat/wakatime/v1/all_time.go:49.16,51.3 1 0
github.com/muety/wakapi/routes/compat/wakatime/v1/all_time.go:53.2,54.16 2 0
github.com/muety/wakapi/routes/compat/wakatime/v1/all_time.go:54.16,58.3 3 0
github.com/muety/wakapi/routes/compat/wakatime/v1/all_time.go:60.2,61.46 2 0
github.com/muety/wakapi/routes/compat/wakatime/v1/all_time.go:64.116,73.29 3 0
github.com/muety/wakapi/routes/compat/wakatime/v1/all_time.go:73.29,75.3 1 0
github.com/muety/wakapi/routes/compat/wakatime/v1/all_time.go:77.2,85.16 2 0
github.com/muety/wakapi/routes/compat/wakatime/v1/all_time.go:85.16,87.3 1 0
github.com/muety/wakapi/routes/compat/wakatime/v1/all_time.go:89.2,89.36 1 0
github.com/muety/wakapi/routes/compat/wakatime/v1/heartbeat.go:29.124,34.2 1 0
github.com/muety/wakapi/routes/compat/wakatime/v1/heartbeat.go:36.62,37.34 1 0
github.com/muety/wakapi/routes/compat/wakatime/v1/heartbeat.go:37.34,40.3 2 0
github.com/muety/wakapi/routes/compat/wakatime/v1/heartbeat.go:52.72,54.16 2 0
github.com/muety/wakapi/routes/compat/wakatime/v1/heartbeat.go:54.16,56.3 1 0
github.com/muety/wakapi/routes/compat/wakatime/v1/heartbeat.go:58.2,61.16 4 0
github.com/muety/wakapi/routes/compat/wakatime/v1/heartbeat.go:61.16,65.3 3 0
github.com/muety/wakapi/routes/compat/wakatime/v1/heartbeat.go:67.2,71.16 4 0
github.com/muety/wakapi/routes/compat/wakatime/v1/heartbeat.go:71.16,76.3 4 0
github.com/muety/wakapi/routes/compat/wakatime/v1/heartbeat.go:78.2,84.47 2 0
github.com/muety/wakapi/routes/compat/wakatime/v1/leaders.go:26.124,32.2 1 0
github.com/muety/wakapi/routes/compat/wakatime/v1/leaders.go:34.60,35.34 1 0
github.com/muety/wakapi/routes/compat/wakatime/v1/leaders.go:35.34,38.3 2 0
github.com/muety/wakapi/routes/compat/wakatime/v1/leaders.go:49.70,55.63 5 0
github.com/muety/wakapi/routes/compat/wakatime/v1/leaders.go:55.63,56.26 1 0
github.com/muety/wakapi/routes/compat/wakatime/v1/leaders.go:56.26,58.4 1 0
github.com/muety/wakapi/routes/compat/wakatime/v1/leaders.go:58.9,60.18 2 0
github.com/muety/wakapi/routes/compat/wakatime/v1/leaders.go:60.18,62.5 1 0
github.com/muety/wakapi/routes/compat/wakatime/v1/leaders.go:63.4,63.19 1 0
github.com/muety/wakapi/routes/compat/wakatime/v1/leaders.go:67.2,67.67 1 0
github.com/muety/wakapi/routes/compat/wakatime/v1/leaders.go:67.67,68.18 1 0
github.com/muety/wakapi/routes/compat/wakatime/v1/leaders.go:68.18,70.4 1 0
github.com/muety/wakapi/routes/compat/wakatime/v1/leaders.go:71.3,71.26 1 0
github.com/muety/wakapi/routes/compat/wakatime/v1/leaders.go:71.26,73.4 1 0
github.com/muety/wakapi/routes/compat/wakatime/v1/leaders.go:73.9,75.18 2 0
github.com/muety/wakapi/routes/compat/wakatime/v1/leaders.go:75.18,77.5 1 0
github.com/muety/wakapi/routes/compat/wakatime/v1/leaders.go:78.4,78.19 1 0
github.com/muety/wakapi/routes/compat/wakatime/v1/leaders.go:82.2,83.16 2 0
github.com/muety/wakapi/routes/compat/wakatime/v1/leaders.go:83.16,88.3 4 0
github.com/muety/wakapi/routes/compat/wakatime/v1/leaders.go:89.2,92.16 3 0
github.com/muety/wakapi/routes/compat/wakatime/v1/leaders.go:92.16,97.3 4 0
github.com/muety/wakapi/routes/compat/wakatime/v1/leaders.go:100.2,100.57 1 0
github.com/muety/wakapi/routes/compat/wakatime/v1/leaders.go:100.57,101.57 1 0
github.com/muety/wakapi/routes/compat/wakatime/v1/leaders.go:101.57,103.4 1 0
github.com/muety/wakapi/routes/compat/wakatime/v1/leaders.go:103.9,105.4 1 0
github.com/muety/wakapi/routes/compat/wakatime/v1/leaders.go:109.2,111.46 3 0
github.com/muety/wakapi/routes/compat/wakatime/v1/leaders.go:114.200,116.17 2 0
github.com/muety/wakapi/routes/compat/wakatime/v1/leaders.go:116.17,118.3 1 0
github.com/muety/wakapi/routes/compat/wakatime/v1/leaders.go:120.2,140.32 6 0
github.com/muety/wakapi/routes/compat/wakatime/v1/leaders.go:140.32,146.3 1 0
github.com/muety/wakapi/routes/compat/wakatime/v1/leaders.go:148.2,148.42 1 0
github.com/muety/wakapi/routes/compat/wakatime/v1/leaders.go:148.42,158.219 2 0
github.com/muety/wakapi/routes/compat/wakatime/v1/leaders.go:158.219,163.6 1 0
github.com/muety/wakapi/routes/compat/wakatime/v1/leaders.go:169.2,169.11 1 0
github.com/muety/wakapi/routes/compat/wakatime/v1/projects.go:27.123,33.2 1 0
github.com/muety/wakapi/routes/compat/wakatime/v1/projects.go:35.61,36.34 1 0
github.com/muety/wakapi/routes/compat/wakatime/v1/projects.go:36.34,40.3 3 0
github.com/muety/wakapi/routes/compat/wakatime/v1/projects.go:53.71,55.16 2 0
github.com/muety/wakapi/routes/compat/wakatime/v1/projects.go:55.16,57.3 1 0
github.com/muety/wakapi/routes/compat/wakatime/v1/projects.go:59.2,60.16 2 0
github.com/muety/wakapi/routes/compat/wakatime/v1/projects.go:60.16,65.3 4 0
github.com/muety/wakapi/routes/compat/wakatime/v1/projects.go:67.2,68.46 2 0
github.com/muety/wakapi/routes/compat/wakatime/v1/projects.go:81.74,83.16 2 0
github.com/muety/wakapi/routes/compat/wakatime/v1/projects.go:83.16,85.3 1 0
github.com/muety/wakapi/routes/compat/wakatime/v1/projects.go:87.2,88.16 2 0
github.com/muety/wakapi/routes/compat/wakatime/v1/projects.go:88.16,93.3 4 0
github.com/muety/wakapi/routes/compat/wakatime/v1/projects.go:95.2,95.24 1 0
github.com/muety/wakapi/routes/compat/wakatime/v1/projects.go:95.24,99.3 3 0
github.com/muety/wakapi/routes/compat/wakatime/v1/projects.go:101.2,102.46 2 0
github.com/muety/wakapi/routes/compat/wakatime/v1/projects.go:105.104,107.16 2 0
github.com/muety/wakapi/routes/compat/wakatime/v1/projects.go:107.16,109.3 1 0
github.com/muety/wakapi/routes/compat/wakatime/v1/projects.go:111.2,112.28 2 0
github.com/muety/wakapi/routes/compat/wakatime/v1/projects.go:112.28,113.79 1 0
github.com/muety/wakapi/routes/compat/wakatime/v1/projects.go:113.79,122.4 1 0
github.com/muety/wakapi/routes/compat/wakatime/v1/projects.go:125.2,125.22 1 0
github.com/muety/wakapi/routes/compat/wakatime/v1/stats.go:23.112,29.2 1 0
github.com/muety/wakapi/routes/compat/wakatime/v1/stats.go:31.58,32.34 1 0
github.com/muety/wakapi/routes/compat/wakatime/v1/stats.go:32.34,42.3 5 0
github.com/muety/wakapi/routes/compat/wakatime/v1/stats.go:63.68,69.53 5 0
github.com/muety/wakapi/routes/compat/wakatime/v1/stats.go:69.53,71.3 1 0
github.com/muety/wakapi/routes/compat/wakatime/v1/stats.go:73.2,74.16 2 0
github.com/muety/wakapi/routes/compat/wakatime/v1/stats.go:74.16,78.3 3 0
github.com/muety/wakapi/routes/compat/wakatime/v1/stats.go:82.2,82.22 1 0
github.com/muety/wakapi/routes/compat/wakatime/v1/stats.go:82.22,83.100 1 0
github.com/muety/wakapi/routes/compat/wakatime/v1/stats.go:83.100,85.4 1 0
github.com/muety/wakapi/routes/compat/wakatime/v1/stats.go:85.9,87.4 1 0
github.com/muety/wakapi/routes/compat/wakatime/v1/stats.go:90.2,91.16 2 0
github.com/muety/wakapi/routes/compat/wakatime/v1/stats.go:91.16,95.3 3 0
github.com/muety/wakapi/routes/compat/wakatime/v1/stats.go:97.2,99.69 2 0
github.com/muety/wakapi/routes/compat/wakatime/v1/stats.go:99.69,103.3 3 0
github.com/muety/wakapi/routes/compat/wakatime/v1/stats.go:105.2,106.16 2 0
github.com/muety/wakapi/routes/compat/wakatime/v1/stats.go:106.16,110.3 3 0
github.com/muety/wakapi/routes/compat/wakatime/v1/stats.go:112.2,118.68 6 0
github.com/muety/wakapi/routes/compat/wakatime/v1/stats.go:118.68,120.34 1 0
github.com/muety/wakapi/routes/compat/wakatime/v1/stats.go:120.34,122.4 1 0
github.com/muety/wakapi/routes/compat/wakatime/v1/stats.go:123.3,123.36 1 0
github.com/muety/wakapi/routes/compat/wakatime/v1/stats.go:123.36,125.4 1 0
github.com/muety/wakapi/routes/compat/wakatime/v1/stats.go:126.3,126.35 1 0
github.com/muety/wakapi/routes/compat/wakatime/v1/stats.go:126.35,128.4 1 0
github.com/muety/wakapi/routes/compat/wakatime/v1/stats.go:129.3,129.30 1 0
github.com/muety/wakapi/routes/compat/wakatime/v1/stats.go:129.30,131.4 1 0
github.com/muety/wakapi/routes/compat/wakatime/v1/stats.go:132.3,132.35 1 0
github.com/muety/wakapi/routes/compat/wakatime/v1/stats.go:132.35,134.4 1 0
github.com/muety/wakapi/routes/compat/wakatime/v1/stats.go:137.2,137.49 1 0
github.com/muety/wakapi/routes/compat/wakatime/v1/stats.go:140.136,149.16 3 0
github.com/muety/wakapi/routes/compat/wakatime/v1/stats.go:149.16,151.3 1 0
github.com/muety/wakapi/routes/compat/wakatime/v1/stats.go:153.2,153.36 1 0
github.com/muety/wakapi/routes/compat/wakatime/v1/statusbar.go:29.120,35.2 1 0
github.com/muety/wakapi/routes/compat/wakatime/v1/statusbar.go:37.62,38.34 1 0
github.com/muety/wakapi/routes/compat/wakatime/v1/statusbar.go:38.34,43.3 4 0
github.com/muety/wakapi/routes/compat/wakatime/v1/statusbar.go:55.72,57.16 2 0
github.com/muety/wakapi/routes/compat/wakatime/v1/statusbar.go:57.16,59.3 1 0
github.com/muety/wakapi/routes/compat/wakatime/v1/statusbar.go:61.2,62.22 2 0
github.com/muety/wakapi/routes/compat/wakatime/v1/statusbar.go:62.22,64.3 1 0
github.com/muety/wakapi/routes/compat/wakatime/v1/statusbar.go:66.2,67.16 2 0
github.com/muety/wakapi/routes/compat/wakatime/v1/statusbar.go:67.16,71.3 3 0
github.com/muety/wakapi/routes/compat/wakatime/v1/statusbar.go:73.2,74.16 2 0
github.com/muety/wakapi/routes/compat/wakatime/v1/statusbar.go:74.16,78.3 3 0
github.com/muety/wakapi/routes/compat/wakatime/v1/statusbar.go:79.2,83.4 2 0
github.com/muety/wakapi/routes/compat/wakatime/v1/statusbar.go:86.115,95.29 3 0
github.com/muety/wakapi/routes/compat/wakatime/v1/statusbar.go:95.29,97.3 1 0
github.com/muety/wakapi/routes/compat/wakatime/v1/statusbar.go:99.2,100.16 2 0
github.com/muety/wakapi/routes/compat/wakatime/v1/statusbar.go:100.16,102.3 1 0
github.com/muety/wakapi/routes/compat/wakatime/v1/statusbar.go:104.2,104.36 1 0
github.com/muety/wakapi/routes/compat/wakatime/v1/summaries.go:27.120,33.2 1 0
github.com/muety/wakapi/routes/compat/wakatime/v1/summaries.go:35.62,36.34 1 0
github.com/muety/wakapi/routes/compat/wakatime/v1/summaries.go:36.34,39.3 2 0
github.com/muety/wakapi/routes/compat/wakatime/v1/summaries.go:65.72,67.16 2 0
github.com/muety/wakapi/routes/compat/wakatime/v1/summaries.go:67.16,69.3 1 0
github.com/muety/wakapi/routes/compat/wakatime/v1/summaries.go:71.2,72.16 2 0
github.com/muety/wakapi/routes/compat/wakatime/v1/summaries.go:72.16,76.3 3 0
github.com/muety/wakapi/routes/compat/wakatime/v1/summaries.go:78.2,79.46 2 0
github.com/muety/wakapi/routes/compat/wakatime/v1/summaries.go:82.114,87.19 4 0
github.com/muety/wakapi/routes/compat/wakatime/v1/summaries.go:87.19,88.56 1 0
github.com/muety/wakapi/routes/compat/wakatime/v1/summaries.go:88.56,90.4 1 0
github.com/muety/wakapi/routes/compat/wakatime/v1/summaries.go:93.2,94.22 2 0
github.com/muety/wakapi/routes/compat/wakatime/v1/summaries.go:94.22,96.98 1 0
github.com/muety/wakapi/routes/compat/wakatime/v1/summaries.go:96.98,98.4 1 0
github.com/muety/wakapi/routes/compat/wakatime/v1/summaries.go:98.9,100.4 1 0
github.com/muety/wakapi/routes/compat/wakatime/v1/summaries.go:101.8,101.130 1 0
github.com/muety/wakapi/routes/compat/wakatime/v1/summaries.go:101.130,104.3 1 0
github.com/muety/wakapi/routes/compat/wakatime/v1/summaries.go:104.8,109.17 3 0
github.com/muety/wakapi/routes/compat/wakatime/v1/summaries.go:109.17,111.4 1 0
github.com/muety/wakapi/routes/compat/wakatime/v1/summaries.go:113.3,114.17 2 0
github.com/muety/wakapi/routes/compat/wakatime/v1/summaries.go:114.17,116.4 1 0
github.com/muety/wakapi/routes/compat/wakatime/v1/summaries.go:123.2,125.23 2 0
github.com/muety/wakapi/routes/compat/wakatime/v1/summaries.go:125.23,127.3 1 0
github.com/muety/wakapi/routes/compat/wakatime/v1/summaries.go:129.2,141.37 5 0
github.com/muety/wakapi/routes/compat/wakatime/v1/summaries.go:141.37,143.17 2 0
github.com/muety/wakapi/routes/compat/wakatime/v1/summaries.go:143.17,145.4 1 0
github.com/muety/wakapi/routes/compat/wakatime/v1/summaries.go:147.3,149.25 3 0
github.com/muety/wakapi/routes/compat/wakatime/v1/summaries.go:152.2,152.38 1 0
github.com/muety/wakapi/routes/compat/wakatime/v1/users.go:21.116,27.2 1 1
github.com/muety/wakapi/routes/compat/wakatime/v1/users.go:29.58,30.34 1 1
github.com/muety/wakapi/routes/compat/wakatime/v1/users.go:30.34,33.3 2 1
github.com/muety/wakapi/routes/compat/wakatime/v1/users.go:45.68,47.16 2 1
github.com/muety/wakapi/routes/compat/wakatime/v1/users.go:47.16,49.3 1 1
github.com/muety/wakapi/routes/compat/wakatime/v1/users.go:51.2,52.72 2 1
github.com/muety/wakapi/routes/compat/wakatime/v1/users.go:52.72,54.3 1 1
github.com/muety/wakapi/routes/compat/wakatime/v1/users.go:54.8,56.3 1 0
github.com/muety/wakapi/routes/compat/wakatime/v1/users.go:58.2,58.72 1 1
github.com/muety/wakapi/routes/api/activity.go:20.13,22.2 1 1
github.com/muety/wakapi/routes/api/activity.go:30.126,36.2 1 0
github.com/muety/wakapi/routes/api/activity.go:38.64,47.2 4 0
github.com/muety/wakapi/routes/api/activity.go:49.87,56.45 3 0
github.com/muety/wakapi/routes/api/activity.go:56.45,60.3 3 0
github.com/muety/wakapi/routes/api/activity.go:61.2,62.16 2 0
github.com/muety/wakapi/routes/api/activity.go:62.16,65.3 2 0
github.com/muety/wakapi/routes/api/activity.go:67.2,67.68 1 0
github.com/muety/wakapi/routes/api/activity.go:67.68,68.159 1 0
github.com/muety/wakapi/routes/api/activity.go:68.159,71.4 2 0
github.com/muety/wakapi/routes/api/activity.go:74.2,78.16 4 0
github.com/muety/wakapi/routes/api/activity.go:78.16,82.3 3 0
github.com/muety/wakapi/routes/api/activity.go:84.2,87.24 4 0
github.com/muety/wakapi/routes/api/avatar.go:19.40,21.16 2 0
github.com/muety/wakapi/routes/api/avatar.go:21.16,22.13 1 0
github.com/muety/wakapi/routes/api/avatar.go:25.2,28.3 1 0
github.com/muety/wakapi/routes/api/avatar.go:31.59,36.2 4 0
github.com/muety/wakapi/routes/api/avatar.go:38.69,41.37 2 0
github.com/muety/wakapi/routes/api/avatar.go:41.37,43.3 1 0
github.com/muety/wakapi/routes/api/avatar.go:45.2,45.29 1 0
github.com/muety/wakapi/routes/api/avatar.go:45.29,47.3 1 0
github.com/muety/wakapi/routes/api/avatar.go:48.2,53.32 5 0
github.com/muety/wakapi/routes/api/badge.go:28.112,35.2 1 1
github.com/muety/wakapi/routes/api/badge.go:37.58,42.2 4 1
github.com/muety/wakapi/routes/api/badge.go:44.68,47.16 3 1
github.com/muety/wakapi/routes/api/badge.go:47.16,50.3 2 0
github.com/muety/wakapi/routes/api/badge.go:52.2,53.16 2 1
github.com/muety/wakapi/routes/api/badge.go:53.16,57.3 3 1
github.com/muety/wakapi/routes/api/badge.go:58.2,62.62 4 1
github.com/muety/wakapi/routes/api/badge.go:62.62,65.3 2 0
github.com/muety/wakapi/routes/api/badge.go:67.2,75.16 3 1
github.com/muety/wakapi/routes/api/badge.go:75.16,79.3 3 0
github.com/muety/wakapi/routes/api/badge.go:81.2,82.66 2 1
github.com/muety/wakapi/routes/api/badge.go:82.66,84.3 1 0
github.com/muety/wakapi/routes/api/badge.go:85.2,85.66 1 1
github.com/muety/wakapi/routes/api/badge.go:85.66,87.3 1 0
github.com/muety/wakapi/routes/api/badge.go:89.2,89.101 1 1
github.com/muety/wakapi/routes/api/badge.go:89.101,91.3 1 1
github.com/muety/wakapi/routes/api/badge.go:93.2,95.25 3 1
github.com/muety/wakapi/routes/api/badge.go:98.53,103.2 4 1
github.com/muety/wakapi/routes/api/captcha.go:13.42,17.2 1 0
github.com/muety/wakapi/routes/api/captcha.go:19.60,21.2 1 0
github.com/muety/wakapi/routes/api/diagnostics.go:20.138,26.2 1 0
github.com/muety/wakapi/routes/api/diagnostics.go:28.67,30.2 1 0
github.com/muety/wakapi/routes/api/diagnostics.go:39.78,42.69 2 0
github.com/muety/wakapi/routes/api/diagnostics.go:42.69,47.3 4 0
github.com/muety/wakapi/routes/api/diagnostics.go:49.2,49.66 1 0
github.com/muety/wakapi/routes/api/diagnostics.go:49.66,54.3 4 0
github.com/muety/wakapi/routes/api/diagnostics.go:56.2,56.59 1 0
github.com/muety/wakapi/routes/api/health.go:15.57,17.2 1 0
github.com/muety/wakapi/routes/api/health.go:19.62,21.2 1 0
github.com/muety/wakapi/routes/api/health.go:29.72,31.41 2 0
github.com/muety/wakapi/routes/api/health.go:31.41,32.38 1 0
github.com/muety/wakapi/routes/api/health.go:32.38,34.4 1 0
github.com/muety/wakapi/routes/api/health.go:37.2,38.56 2 0
github.com/muety/wakapi/routes/api/heartbeat.go:26.187,33.2 1 0
github.com/muety/wakapi/routes/api/heartbeat.go:39.65,40.34 1 0
github.com/muety/wakapi/routes/api/heartbeat.go:40.34,54.3 9 0
github.com/muety/wakapi/routes/api/heartbeat.go:65.76,67.16 2 0
github.com/muety/wakapi/routes/api/heartbeat.go:67.16,69.3 1 0
github.com/muety/wakapi/routes/api/heartbeat.go:71.2,73.16 3 0
github.com/muety/wakapi/routes/api/heartbeat.go:73.16,78.3 4 0
github.com/muety/wakapi/routes/api/heartbeat.go:80.2,84.32 4 0
github.com/muety/wakapi/routes/api/heartbeat.go:84.32,85.16 1 0
github.com/muety/wakapi/routes/api/heartbeat.go:85.16,89.4 3 0
github.com/muety/wakapi/routes/api/heartbeat.go:92.3,92.25 1 0
github.com/muety/wakapi/routes/api/heartbeat.go:92.25,97.4 4 0
github.com/muety/wakapi/routes/api/heartbeat.go:98.3,98.23 1 0
github.com/muety/wakapi/routes/api/heartbeat.go:98.23,100.4 1 0
github.com/muety/wakapi/routes/api/heartbeat.go:102.3,102.37 1 0
github.com/muety/wakapi/routes/api/heartbeat.go:102.37,103.150 1 0
github.com/muety/wakapi/routes/api/heartbeat.go:103.150,105.5 1 0
github.com/muety/wakapi/routes/api/heartbeat.go:105.10,107.5 1 0
github.com/muety/wakapi/routes/api/heartbeat.go:110.3,117.65 7 0
github.com/muety/wakapi/routes/api/heartbeat.go:117.65,121.4 3 0
github.com/muety/wakapi/routes/api/heartbeat.go:123.3,123.14 1 0
github.com/muety/wakapi/routes/api/heartbeat.go:126.2,126.64 1 0
github.com/muety/wakapi/routes/api/heartbeat.go:126.64,131.3 4 0
github.com/muety/wakapi/routes/api/heartbeat.go:133.2,133.19 1 0
github.com/muety/wakapi/routes/api/heartbeat.go:133.19,135.52 2 0
github.com/muety/wakapi/routes/api/heartbeat.go:135.52,140.4 4 0
github.com/muety/wakapi/routes/api/heartbeat.go:143.2,143.15 1 0
github.com/muety/wakapi/routes/api/heartbeat.go:143.16,143.17 0 0
github.com/muety/wakapi/routes/api/heartbeat.go:145.2,145.90 1 0
github.com/muety/wakapi/routes/api/heartbeat.go:154.59,157.25 2 0
github.com/muety/wakapi/routes/api/heartbeat.go:157.25,162.3 4 0
github.com/muety/wakapi/routes/api/heartbeat.go:164.2,166.3 1 0
github.com/muety/wakapi/routes/api/heartbeat.go:180.45,180.46 0 0
github.com/muety/wakapi/routes/api/heartbeat.go:191.45,191.46 0 0
github.com/muety/wakapi/routes/api/heartbeat.go:202.45,202.46 0 0
github.com/muety/wakapi/routes/api/heartbeat.go:212.45,212.46 0 0
github.com/muety/wakapi/routes/api/heartbeat.go:223.45,223.46 0 0
github.com/muety/wakapi/routes/api/heartbeat.go:234.45,234.46 0 0
github.com/muety/wakapi/routes/api/heartbeat.go:245.45,245.46 0 0
github.com/muety/wakapi/routes/api/metrics.go:73.298,83.2 1 0
github.com/muety/wakapi/routes/api/metrics.go:85.60,86.38 1 0
github.com/muety/wakapi/routes/api/metrics.go:86.38,88.3 1 0
github.com/muety/wakapi/routes/api/metrics.go:90.2,96.29 5 0
github.com/muety/wakapi/routes/api/metrics.go:99.70,101.20 2 0
github.com/muety/wakapi/routes/api/metrics.go:101.20,105.3 3 0
github.com/muety/wakapi/routes/api/metrics.go:107.2,109.63 2 0
github.com/muety/wakapi/routes/api/metrics.go:109.63,114.3 4 0
github.com/muety/wakapi/routes/api/metrics.go:114.8,115.34 1 0
github.com/muety/wakapi/routes/api/metrics.go:115.34,117.4 1 0
github.com/muety/wakapi/routes/api/metrics.go:120.2,120.21 1 0
github.com/muety/wakapi/routes/api/metrics.go:120.21,121.66 1 0
github.com/muety/wakapi/routes/api/metrics.go:121.66,126.4 4 0
github.com/muety/wakapi/routes/api/metrics.go:126.9,127.36 1 0
github.com/muety/wakapi/routes/api/metrics.go:127.36,129.5 1 0
github.com/muety/wakapi/routes/api/metrics.go:133.2,136.34 3 0
github.com/muety/wakapi/routes/api/metrics.go:139.81,143.16 3 0
github.com/muety/wakapi/routes/api/metrics.go:143.16,146.3 2 0
github.com/muety/wakapi/routes/api/metrics.go:148.2,151.16 3 0
github.com/muety/wakapi/routes/api/metrics.go:151.16,154.3 2 0
github.com/muety/wakapi/routes/api/metrics.go:156.2,157.16 2 0
github.com/muety/wakapi/routes/api/metrics.go:157.16,160.3 2 0
github.com/muety/wakapi/routes/api/metrics.go:162.2,163.37 2 0
github.com/muety/wakapi/routes/api/metrics.go:163.37,165.17 2 0
github.com/muety/wakapi/routes/api/metrics.go:165.17,168.4 2 0
github.com/muety/wakapi/routes/api/metrics.go:173.2,194.42 4 0
github.com/muety/wakapi/routes/api/metrics.go:194.42,201.3 1 0
github.com/muety/wakapi/routes/api/metrics.go:203.2,203.43 1 0
github.com/muety/wakapi/routes/api/metrics.go:203.43,210.3 1 0
github.com/muety/wakapi/routes/api/metrics.go:212.2,212.41 1 0
github.com/muety/wakapi/routes/api/metrics.go:212.41,219.3 1 0
github.com/muety/wakapi/routes/api/metrics.go:221.2,221.50 1 0
github.com/muety/wakapi/routes/api/metrics.go:221.50,228.3 1 0
github.com/muety/wakapi/routes/api/metrics.go:230.2,230.42 1 0
github.com/muety/wakapi/routes/api/metrics.go:230.42,237.3 1 0
github.com/muety/wakapi/routes/api/metrics.go:239.2,239.40 1 0
github.com/muety/wakapi/routes/api/metrics.go:239.40,246.3 1 0
github.com/muety/wakapi/routes/api/metrics.go:248.2,248.44 1 0
github.com/muety/wakapi/routes/api/metrics.go:248.44,255.3 1 0
github.com/muety/wakapi/routes/api/metrics.go:257.2,258.34 2 0
github.com/muety/wakapi/routes/api/metrics.go:258.34,260.3 1 0
github.com/muety/wakapi/routes/api/metrics.go:261.2,351.16 16 0
github.com/muety/wakapi/routes/api/metrics.go:351.16,353.3 1 0
github.com/muety/wakapi/routes/api/metrics.go:355.2,363.44 2 0
github.com/muety/wakapi/routes/api/metrics.go:363.44,377.3 2 0
github.com/muety/wakapi/routes/api/metrics.go:379.2,379.22 1 0
github.com/muety/wakapi/routes/api/metrics.go:382.82,388.19 4 0
github.com/muety/wakapi/routes/api/metrics.go:388.19,390.3 1 0
github.com/muety/wakapi/routes/api/metrics.go:392.2,393.106 2 0
github.com/muety/wakapi/routes/api/metrics.go:393.106,394.56 1 0
github.com/muety/wakapi/routes/api/metrics.go:394.56,396.4 1 0
github.com/muety/wakapi/routes/api/metrics.go:399.2,404.16 5 0
github.com/muety/wakapi/routes/api/metrics.go:404.16,407.3 2 0
github.com/muety/wakapi/routes/api/metrics.go:408.2,441.16 7 0
github.com/muety/wakapi/routes/api/metrics.go:441.16,444.3 2 0
github.com/muety/wakapi/routes/api/metrics.go:446.2,446.32 1 0
github.com/muety/wakapi/routes/api/metrics.go:446.32,453.3 1 0
github.com/muety/wakapi/routes/api/metrics.go:454.2,464.29 6 0
github.com/muety/wakapi/routes/api/metrics.go:464.29,465.20 1 0
github.com/muety/wakapi/routes/api/metrics.go:465.20,467.18 2 0
github.com/muety/wakapi/routes/api/metrics.go:467.18,470.5 2 0
github.com/muety/wakapi/routes/api/metrics.go:471.4,478.6 3 0
github.com/muety/wakapi/routes/api/metrics.go:482.2,485.22 3 0
github.com/muety/wakapi/routes/api/summary.go:20.122,26.2 1 0
github.com/muety/wakapi/routes/api/summary.go:28.63,34.2 4 0
github.com/muety/wakapi/routes/api/summary.go:53.73,55.16 2 0
github.com/muety/wakapi/routes/api/summary.go:55.16,59.3 3 0
github.com/muety/wakapi/routes/api/summary.go:61.2,61.51 1 0
github.com/muety/wakapi/routes/handler.go:14.53,15.2 0 0
github.com/muety/wakapi/routes/handler.go:17.36,19.2 1 0
github.com/muety/wakapi/routes/home.go:29.112,35.2 1 1
github.com/muety/wakapi/routes/home.go:37.57,38.34 1 1
github.com/muety/wakapi/routes/home.go:38.34,41.3 2 1
github.com/muety/wakapi/routes/home.go:44.72,45.22 1 1
github.com/muety/wakapi/routes/home.go:45.22,47.3 1 1
github.com/muety/wakapi/routes/home.go:49.2,49.54 1 1
github.com/muety/wakapi/routes/home.go:49.54,52.3 2 1
github.com/muety/wakapi/routes/home.go:53.2,53.40 1 1
github.com/muety/wakapi/routes/home.go:53.40,56.3 2 0
github.com/muety/wakapi/routes/home.go:58.2,58.66 1 1
github.com/muety/wakapi/routes/home.go:61.98,66.109 4 1
github.com/muety/wakapi/routes/home.go:66.109,67.57 1 1
github.com/muety/wakapi/routes/home.go:67.57,69.4 1 1
github.com/muety/wakapi/routes/home.go:72.2,72.110 1 1
github.com/muety/wakapi/routes/home.go:72.110,73.51 1 1
github.com/muety/wakapi/routes/home.go:73.51,75.4 1 1
github.com/muety/wakapi/routes/home.go:78.2,78.101 1 1
github.com/muety/wakapi/routes/home.go:78.101,79.87 1 0
github.com/muety/wakapi/routes/home.go:79.87,81.4 1 0
github.com/muety/wakapi/routes/home.go:84.2,90.49 2 1
github.com/muety/wakapi/routes/imprint.go:17.83,22.2 1 0
github.com/muety/wakapi/routes/imprint.go:24.60,26.2 1 0
github.com/muety/wakapi/routes/imprint.go:28.77,29.22 1 0
github.com/muety/wakapi/routes/imprint.go:29.22,31.3 1 0
github.com/muety/wakapi/routes/imprint.go:33.2,34.74 2 0
github.com/muety/wakapi/routes/imprint.go:34.74,36.3 1 0
github.com/muety/wakapi/routes/imprint.go:38.2,38.84 1 0
github.com/muety/wakapi/routes/imprint.go:41.81,45.2 1 0
github.com/muety/wakapi/routes/leaderboard.go:28.132,34.2 1 0
github.com/muety/wakapi/routes/leaderboard.go:36.64,47.2 4 0
github.com/muety/wakapi/routes/leaderboard.go:49.79,50.22 1 0
github.com/muety/wakapi/routes/leaderboard.go:50.22,52.3 1 0
[...]
github.com/muety/wakapi/services/misc.go:71.125,73.4 1 0
github.com/muety/wakapi/services/misc.go:77.2,77.33 1 0
github.com/muety/wakapi/services/misc.go:77.33,78.71 1 0
github.com/muety/wakapi/services/misc.go:78.71,80.4 1 0
github.com/muety/wakapi/services/misc.go:82.2,82.33 1 0
github.com/muety/wakapi/services/misc.go:82.33,83.80 1 0
github.com/muety/wakapi/services/misc.go:83.80,85.4 1 0
github.com/muety/wakapi/services/misc.go:87.2,87.170 1 0
github.com/muety/wakapi/services/misc.go:87.170,88.83 1 0
github.com/muety/wakapi/services/misc.go:88.83,90.4 1 0
github.com/muety/wakapi/services/misc.go:94.42,96.36 2 0
github.com/muety/wakapi/services/misc.go:96.36,98.3 1 0
github.com/muety/wakapi/services/misc.go:99.2,102.16 3 0
github.com/muety/wakapi/services/misc.go:102.16,105.3 2 0
github.com/muety/wakapi/services/misc.go:107.2,111.26 4 0
github.com/muety/wakapi/services/misc.go:111.26,113.46 2 0
github.com/muety/wakapi/services/misc.go:113.46,116.4 2 0
github.com/muety/wakapi/services/misc.go:116.18,119.4 2 0
github.com/muety/wakapi/services/misc.go:123.2,123.30 1 0
github.com/muety/wakapi/services/misc.go:123.30,124.58 1 0
github.com/muety/wakapi/services/misc.go:124.58,128.19 1 0
github.com/muety/wakapi/services/misc.go:128.19,130.5 1 0
github.com/muety/wakapi/services/misc.go:132.4,135.19 1 0
github.com/muety/wakapi/services/misc.go:135.19,137.5 1 0
github.com/muety/wakapi/services/misc.go:138.9,140.4 1 0
github.com/muety/wakapi/services/misc.go:144.51,147.45 2 0
github.com/muety/wakapi/services/misc.go:147.45,148.41 1 0
github.com/muety/wakapi/services/misc.go:148.41,151.4 2 0
github.com/muety/wakapi/services/misc.go:152.3,155.17 3 0
github.com/muety/wakapi/services/misc.go:155.17,158.4 2 0
github.com/muety/wakapi/services/misc.go:160.3,160.33 1 0
github.com/muety/wakapi/services/misc.go:160.33,161.31 1 0
github.com/muety/wakapi/services/misc.go:161.31,162.13 1 0
github.com/muety/wakapi/services/misc.go:165.4,169.19 2 0
github.com/muety/wakapi/services/misc.go:169.19,171.5 1 0
github.com/muety/wakapi/services/misc.go:173.17,175.3 1 0
github.com/muety/wakapi/services/misc.go:186.54,187.82 1 0
github.com/muety/wakapi/services/misc.go:187.82,189.3 1 0
github.com/muety/wakapi/services/misc.go:191.2,195.16 4 0
github.com/muety/wakapi/services/misc.go:195.16,198.3 2 0
github.com/muety/wakapi/services/misc.go:200.2,201.104 2 0
github.com/muety/wakapi/services/misc.go:201.104,202.122 1 0
github.com/muety/wakapi/services/misc.go:202.122,204.4 1 0
github.com/muety/wakapi/services/misc.go:205.8,208.3 2 0
github.com/muety/wakapi/services/misc.go:210.2,210.26 1 0
github.com/muety/wakapi/services/misc.go:210.26,211.49 1 0
github.com/muety/wakapi/services/misc.go:211.49,213.4 1 0
github.com/muety/wakapi/services/misc.go:215.3,216.65 2 0
github.com/muety/wakapi/services/misc.go:216.65,218.130 1 0
github.com/muety/wakapi/services/misc.go:218.130,220.5 1 0
github.com/muety/wakapi/services/misc.go:220.10,220.25 1 0
github.com/muety/wakapi/services/misc.go:220.25,223.5 2 0
github.com/muety/wakapi/services/misc.go:230.3,230.137 1 0
github.com/muety/wakapi/services/misc.go:230.137,231.12 1 0
github.com/muety/wakapi/services/misc.go:234.3,235.89 2 0
github.com/muety/wakapi/services/misc.go:235.89,237.4 1 0
github.com/muety/wakapi/services/misc.go:241.73,243.16 2 0
github.com/muety/wakapi/services/misc.go:243.16,246.3 2 0
github.com/muety/wakapi/services/misc.go:247.2,247.27 1 0
github.com/muety/wakapi/services/misc.go:250.99,252.33 2 0
github.com/muety/wakapi/services/misc.go:252.33,256.86 3 0
github.com/muety/wakapi/services/misc.go:256.86,259.4 2 0
github.com/muety/wakapi/services/misc.go:261.3,264.18 1 0
github.com/muety/wakapi/services/misc.go:264.18,266.4 1 0
github.com/muety/wakapi/services/misc.go:270.53,272.16 2 0
github.com/muety/wakapi/services/misc.go:272.16,274.3 1 0
github.com/muety/wakapi/services/misc.go:275.2,275.25 1 0
github.com/muety/wakapi/services/misc.go:278.53,280.16 2 0
github.com/muety/wakapi/services/misc.go:280.16,282.3 1 0
github.com/muety/wakapi/services/misc.go:283.2,283.25 1 0
github.com/muety/wakapi/services/misc.go:286.64,288.16 2 0
github.com/muety/wakapi/services/misc.go:288.16,290.3 1 0
github.com/muety/wakapi/services/misc.go:291.2,291.25 1 0
github.com/muety/wakapi/services/project_label.go:21.111,28.2 1 0
github.com/muety/wakapi/services/project_label.go:30.80,32.2 1 0
github.com/muety/wakapi/services/project_label.go:34.90,35.51 1 0
github.com/muety/wakapi/services/project_label.go:35.51,37.3 1 0
github.com/muety/wakapi/services/project_label.go:39.2,40.16 2 0
github.com/muety/wakapi/services/project_label.go:40.16,42.3 1 0
github.com/muety/wakapi/services/project_label.go:43.2,44.20 2 0
github.com/muety/wakapi/services/project_label.go:48.108,50.16 2 0
github.com/muety/wakapi/services/project_label.go:50.16,52.3 1 0
github.com/muety/wakapi/services/project_label.go:53.2,53.112 1 0
github.com/muety/wakapi/services/project_label.go:53.112,55.3 1 0
github.com/muety/wakapi/services/project_label.go:56.2,56.26 1 0
github.com/muety/wakapi/services/project_label.go:60.116,62.16 2 0
github.com/muety/wakapi/services/project_label.go:62.16,64.3 1 0
github.com/muety/wakapi/services/project_label.go:65.2,65.112 1 0
github.com/muety/wakapi/services/project_label.go:65.112,67.3 1 0
github.com/muety/wakapi/services/project_label.go:68.2,68.26 1 0
github.com/muety/wakapi/services/project_label.go:71.98,73.16 2 0
github.com/muety/wakapi/services/project_label.go:73.16,75.3 1 0
github.com/muety/wakapi/services/project_label.go:77.2,79.20 3 0
github.com/muety/wakapi/services/project_label.go:82.74,83.24 1 0
github.com/muety/wakapi/services/project_label.go:83.24,85.3 1 0
github.com/muety/wakapi/services/project_label.go:86.2,89.12 4 0
github.com/muety/wakapi/services/project_label.go:92.89,94.14 2 0
github.com/muety/wakapi/services/project_label.go:94.14,96.3 1 0
github.com/muety/wakapi/services/project_label.go:97.2,100.4 1 0
github.com/muety/wakapi/services/report.go:33.122,46.2 2 0
github.com/muety/wakapi/services/report.go:48.38,51.45 2 0
github.com/muety/wakapi/services/report.go:51.45,52.46 1 0
github.com/muety/wakapi/services/report.go:52.46,55.57 2 0
github.com/muety/wakapi/services/report.go:55.57,57.5 1 0
github.com/muety/wakapi/services/report.go:60.4,60.58 1 0
github.com/muety/wakapi/services/report.go:60.58,63.5 2 0
github.com/muety/wakapi/services/report.go:64.18,66.4 1 0
github.com/muety/wakapi/services/report.go:69.2,69.49 1 0
github.com/muety/wakapi/services/report.go:69.49,72.17 2 0
github.com/muety/wakapi/services/report.go:72.17,75.4 2 0
github.com/muety/wakapi/services/report.go:78.3,78.78 1 0
github.com/muety/wakapi/services/report.go:78.78,80.4 1 0
github.com/muety/wakapi/services/report.go:83.3,84.27 2 0
github.com/muety/wakapi/services/report.go:84.27,86.4 1 0
github.com/muety/wakapi/services/report.go:89.2,89.16 1 0
github.com/muety/wakapi/services/report.go:89.16,91.3 1 0
github.com/muety/wakapi/services/report.go:94.87,95.22 1 0
github.com/muety/wakapi/services/report.go:95.22,98.3 2 0
github.com/muety/wakapi/services/report.go:100.2,106.16 5 0
github.com/muety/wakapi/services/report.go:106.16,109.3 2 0
github.com/muety/wakapi/services/report.go:112.2,115.40 3 0
github.com/muety/wakapi/services/report.go:115.40,118.17 3 0
github.com/muety/wakapi/services/report.go:118.17,120.9 2 0
github.com/muety/wakapi/services/report.go:122.3,124.30 3 0
github.com/muety/wakapi/services/report.go:127.2,135.65 2 0
github.com/muety/wakapi/services/report.go:135.65,138.3 2 0
github.com/muety/wakapi/services/report.go:140.2,141.12 2 0
github.com/muety/wakapi/services/summary.go:28.189,40.33 3 1
github.com/muety/wakapi/services/summary.go:40.33,41.31 1 1
github.com/muety/wakapi/services/summary.go:41.31,43.4 1 0
github.com/muety/wakapi/services/summary.go:46.2,46.12 1 1
github.com/muety/wakapi/services/summary.go:52.167,55.82 2 1
github.com/muety/wakapi/services/summary.go:55.82,56.67 1 1
github.com/muety/wakapi/services/summary.go:56.67,58.4 1 0
github.com/muety/wakapi/services/summary.go:62.2,67.20 4 1
github.com/muety/wakapi/services/summary.go:67.20,70.3 2 1
github.com/muety/wakapi/services/summary.go:73.2,73.65 1 1
github.com/muety/wakapi/services/summary.go:73.65,75.3 1 0
github.com/muety/wakapi/services/summary.go:78.2,79.16 2 1
github.com/muety/wakapi/services/summary.go:79.16,81.3 1 0
github.com/muety/wakapi/services/summary.go:84.2,89.79 5 1
github.com/muety/wakapi/services/summary.go:89.79,92.3 2 1
github.com/muety/wakapi/services/summary.go:94.2,95.30 2 1
github.com/muety/wakapi/services/summary.go:98.126,104.110 2 1
github.com/muety/wakapi/services/summary.go:104.110,107.17 2 1
github.com/muety/wakapi/services/summary.go:107.17,109.4 1 1
github.com/muety/wakapi/services/summary.go:109.9,111.4 1 0
github.com/muety/wakapi/services/summary.go:115.2,116.44 2 1
github.com/muety/wakapi/services/summary.go:116.44,117.87 1 1
github.com/muety/wakapi/services/summary.go:117.87,118.71 1 1
github.com/muety/wakapi/services/summary.go:118.71,122.13 1 0
github.com/muety/wakapi/services/summary.go:124.4,124.36 1 1
github.com/muety/wakapi/services/summary.go:125.9,127.4 1 0
github.com/muety/wakapi/services/summary.go:131.2,133.16 3 1
github.com/muety/wakapi/services/summary.go:133.16,135.3 1 0
github.com/muety/wakapi/services/summary.go:137.2,137.87 1 1
github.com/muety/wakapi/services/summary.go:137.87,140.3 2 0
github.com/muety/wakapi/services/summary.go:142.2,142.30 1 1
github.com/muety/wakapi/services/summary.go:145.127,148.16 2 1
github.com/muety/wakapi/services/summary.go:148.16,150.3 1 0
github.com/muety/wakapi/services/summary.go:152.2,153.50 2 1
github.com/muety/wakapi/services/summary.go:153.50,156.3 2 1
github.com/muety/wakapi/services/summary.go:158.2,160.26 3 1
github.com/muety/wakapi/services/summary.go:160.26,162.3 1 1
github.com/muety/wakapi/services/summary.go:165.2,174.34 9 1
github.com/muety/wakapi/services/summary.go:174.34,176.20 2 1
github.com/muety/wakapi/services/summary.go:177.30,178.29 1 1
github.com/muety/wakapi/services/summary.go:179.31,180.30 1 1
github.com/muety/wakapi/services/summary.go:181.29,182.28 1 1
github.com/muety/wakapi/services/summary.go:183.25,184.24 1 1
github.com/muety/wakapi/services/summary.go:185.30,186.29 1 1
github.com/muety/wakapi/services/summary.go:187.29,188.28 1 1
github.com/muety/wakapi/services/summary.go:189.29,190.28 1 1
github.com/muety/wakapi/services/summary.go:191.31,192.30 1 1
github.com/muety/wakapi/services/summary.go:196.2,196.25 1 1
github.com/muety/wakapi/services/summary.go:196.25,199.3 2 1
github.com/muety/wakapi/services/summary.go:201.2,216.30 2 1
github.com/muety/wakapi/services/summary.go:221.76,223.2 1 0
github.com/muety/wakapi/services/summary.go:225.62,228.2 2 0
github.com/muety/wakapi/services/summary.go:230.81,233.2 2 0
github.com/muety/wakapi/services/summary.go:235.66,238.2 2 0
github.com/muety/wakapi/services/summary.go:242.125,245.30 2 1
github.com/muety/wakapi/services/summary.go:245.30,247.3 1 1
github.com/muety/wakapi/services/summary.go:249.2,250.28 2 1
github.com/muety/wakapi/services/summary.go:250.28,256.3 1 1
github.com/muety/wakapi/services/summary.go:258.2,258.40 1 1
github.com/muety/wakapi/services/summary.go:258.40,260.3 1 1
github.com/muety/wakapi/services/summary.go:262.2,262.67 1 1
github.com/muety/wakapi/services/summary.go:265.87,266.72 1 1
github.com/muety/wakapi/services/summary.go:266.72,272.3 1 1
github.com/muety/wakapi/services/summary.go:274.2,275.16 2 1
github.com/muety/wakapi/services/summary.go:275.16,278.3 2 0
github.com/muety/wakapi/services/summary.go:280.2,281.37 2 1
github.com/muety/wakapi/services/summary.go:281.37,283.3 1 1
github.com/muety/wakapi/services/summary.go:285.2,287.30 3 1
github.com/muety/wakapi/services/summary.go:287.30,288.48 1 1
github.com/muety/wakapi/services/summary.go:288.48,289.41 1 1
github.com/muety/wakapi/services/summary.go:289.41,291.5 1 1
github.com/muety/wakapi/services/summary.go:292.4,293.29 2 1
github.com/muety/wakapi/services/summary.go:298.2,299.29 2 1
github.com/muety/wakapi/services/summary.go:299.29,300.18 1 1
github.com/muety/wakapi/services/summary.go:300.18,302.4 1 1
github.com/muety/wakapi/services/summary.go:304.2,305.16 2 1
github.com/muety/wakapi/services/summary.go:308.97,313.24 1 1
github.com/muety/wakapi/services/summary.go:313.24,315.3 1 0
github.com/muety/wakapi/services/summary.go:317.2,335.30 5 1
github.com/muety/wakapi/services/summary.go:335.30,337.41 2 1
github.com/muety/wakapi/services/summary.go:337.41,339.12 2 1
github.com/muety/wakapi/services/summary.go:342.3,342.12 1 1
github.com/muety/wakapi/services/summary.go:342.12,343.70 1 1
github.com/muety/wakapi/services/summary.go:343.70,345.5 1 0
github.com/muety/wakapi/services/summary.go:348.3,348.38 1 1
github.com/muety/wakapi/services/summary.go:348.38,350.4 1 0
github.com/muety/wakapi/services/summary.go:352.3,352.37 1 1
github.com/muety/wakapi/services/summary.go:352.37,354.4 1 1
github.com/muety/wakapi/services/summary.go:356.3,356.34 1 1
github.com/muety/wakapi/services/summary.go:356.34,358.4 1 1
github.com/muety/wakapi/services/summary.go:360.3,371.25 11 1
github.com/muety/wakapi/services/summary.go:374.2,377.26 3 1
github.com/muety/wakapi/services/summary.go:380.127,384.32 2 1
github.com/muety/wakapi/services/summary.go:384.32,386.3 1 1
github.com/muety/wakapi/services/summary.go:388.2,388.27 1 1
github.com/muety/wakapi/services/summary.go:388.27,389.37 1 1
github.com/muety/wakapi/services/summary.go:389.37,391.4 1 1
github.com/muety/wakapi/services/summary.go:391.9,393.4 1 1
github.com/muety/wakapi/services/summary.go:396.2,398.26 3 1
github.com/muety/wakapi/services/summary.go:398.26,401.3 2 1
github.com/muety/wakapi/services/summary.go:403.2,403.43 1 1
github.com/muety/wakapi/services/summary.go:403.43,405.3 1 1
github.com/muety/wakapi/services/summary.go:407.2,407.17 1 1
github.com/muety/wakapi/services/summary.go:410.130,411.25 1 1
github.com/muety/wakapi/services/summary.go:411.25,413.3 1 0
github.com/muety/wakapi/services/summary.go:415.2,418.44 2 1
github.com/muety/wakapi/services/summary.go:418.44,420.3 1 1
github.com/muety/wakapi/services/summary.go:423.2,423.40 1 1
github.com/muety/wakapi/services/summary.go:423.40,425.51 2 1
github.com/muety/wakapi/services/summary.go:425.51,426.12 1 1
github.com/muety/wakapi/services/summary.go:429.3,436.15 3 1
github.com/muety/wakapi/services/summary.go:436.15,442.38 3 1
github.com/muety/wakapi/services/summary.go:442.38,444.5 1 0
github.com/muety/wakapi/services/summary.go:448.3,448.22 1 1
github.com/muety/wakapi/services/summary.go:448.22,450.4 1 1
github.com/muety/wakapi/services/summary.go:454.2,454.54 1 1
github.com/muety/wakapi/services/summary.go:454.54,456.3 1 1
github.com/muety/wakapi/services/summary.go:458.2,458.18 1 1
github.com/muety/wakapi/services/summary.go:461.59,463.2 1 1
github.com/muety/wakapi/services/summary.go:465.63,466.37 1 0
github.com/muety/wakapi/services/summary.go:466.37,467.36 1 0
github.com/muety/wakapi/services/summary.go:467.36,469.4 1 0
github.com/muety/wakapi/services/summary.go:473.85,474.40 1 1
github.com/muety/wakapi/services/summary.go:474.40,477.3 2 1
github.com/muety/wakapi/services/summary.go:480.99,481.42 1 1
github.com/muety/wakapi/services/summary.go:481.42,483.17 2 1
github.com/muety/wakapi/services/summary.go:483.17,485.4 1 0
github.com/muety/wakapi/services/summary.go:486.3,487.29 2 1
github.com/muety/wakapi/services/summary.go:487.29,489.4 1 1
github.com/muety/wakapi/services/summary.go:490.3,490.22 1 1
github.com/muety/wakapi/services/summary.go:494.114,495.33 1 1
github.com/muety/wakapi/services/summary.go:495.33,498.17 3 1
github.com/muety/wakapi/services/summary.go:498.17,499.33 1 1
github.com/muety/wakapi/services/summary.go:499.33,501.5 1 1
github.com/muety/wakapi/services/summary.go:503.3,504.28 2 1
github.com/muety/wakapi/services/summary.go:504.28,506.4 1 1
github.com/muety/wakapi/services/summary.go:507.3,507.24 1 1
github.com/muety/wakapi/services/user.go:27.99,37.33 3 0
github.com/muety/wakapi/services/user.go:37.33,38.31 1 0
github.com/muety/wakapi/services/user.go:38.31,44.73 4 0
github.com/muety/wakapi/services/user.go:44.73,46.5 1 0
github.com/muety/wakapi/services/user.go:48.4,48.24 1 0
github.com/muety/wakapi/services/user.go:48.24,49.80 1 0
github.com/muety/wakapi/services/user.go:49.80,51.6 1 0
github.com/muety/wakapi/services/user.go:51.11,53.6 1 0
github.com/muety/wakapi/services/user.go:58.2,58.12 1 0
github.com/muety/wakapi/services/user.go:61.74,62.18 1 0
github.com/muety/wakapi/services/user.go:62.18,64.3 1 0
github.com/muety/wakapi/services/user.go:66.2,66.40 1 0
github.com/muety/wakapi/services/user.go:66.40,68.3 1 0
github.com/muety/wakapi/services/user.go:70.2,71.16 2 0
github.com/muety/wakapi/services/user.go:71.16,73.3 1 0
github.com/muety/wakapi/services/user.go:75.2,76.15 2 0
github.com/muety/wakapi/services/user.go:79.72,80.15 1 0
github.com/muety/wakapi/services/user.go:80.15,82.3 1 0
github.com/muety/wakapi/services/user.go:84.2,84.37 1 0
github.com/muety/wakapi/services/user.go:84.37,86.3 1 0
github.com/muety/wakapi/services/user.go:88.2,89.16 2 0
github.com/muety/wakapi/services/user.go:89.16,91.3 1 0
github.com/muety/wakapi/services/user.go:93.2,94.15 2 0
github.com/muety/wakapi/services/user.go:97.76,98.17 1 0
github.com/muety/wakapi/services/user.go:98.17,100.3 1 0
github.com/muety/wakapi/services/user.go:101.2,101.58 1 0
github.com/muety/wakapi/services/user.go:104.86,105.22 1 0
github.com/muety/wakapi/services/user.go:105.22,107.3 1 0
github.com/muety/wakapi/services/user.go:108.2,108.68 1 0
github.com/muety/wakapi/services/user.go:111.92,112.22 1 0
github.com/muety/wakapi/services/user.go:112.22,114.3 1 0
github.com/muety/wakapi/services/user.go:115.2,115.74 1 0
github.com/muety/wakapi/services/user.go:118.58,120.2 1 0
github.com/muety/wakapi/services/user.go:122.73,124.16 2 0
github.com/muety/wakapi/services/user.go:124.16,126.3 1 0
github.com/muety/wakapi/services/user.go:127.2,127.37 1 0
github.com/muety/wakapi/services/user.go:130.71,132.2 1 0
github.com/muety/wakapi/services/user.go:134.86,136.16 2 0
github.com/muety/wakapi/services/user.go:136.16,138.3 1 0
github.com/muety/wakapi/services/user.go:139.2,139.37 1 0
github.com/muety/wakapi/services/user.go:142.86,144.2 1 0
github.com/muety/wakapi/services/user.go:146.94,148.2 1 0
github.com/muety/wakapi/services/user.go:150.71,152.12 2 0
github.com/muety/wakapi/services/user.go:152.12,154.3 1 0
github.com/muety/wakapi/services/user.go:156.2,157.42 2 0
github.com/muety/wakapi/services/user.go:157.42,159.3 1 0
github.com/muety/wakapi/services/user.go:161.2,162.16 2 0
github.com/muety/wakapi/services/user.go:162.16,164.3 1 0
github.com/muety/wakapi/services/user.go:166.2,167.21 2 0
github.com/muety/wakapi/services/user.go:170.48,172.2 1 0
github.com/muety/wakapi/services/user.go:174.102,185.95 2 0
github.com/muety/wakapi/services/user.go:185.95,187.3 1 0
github.com/muety/wakapi/services/user.go:187.8,189.3 1 0
github.com/muety/wakapi/services/user.go:191.2,191.38 1 0
github.com/muety/wakapi/services/user.go:194.73,198.2 3 0
github.com/muety/wakapi/services/user.go:200.78,204.2 3 0
github.com/muety/wakapi/services/user.go:206.122,209.35 2 0
github.com/muety/wakapi/services/user.go:209.35,210.89 1 0
github.com/muety/wakapi/services/user.go:210.89,212.4 1 0
github.com/muety/wakapi/services/user.go:215.2,215.35 1 0
github.com/muety/wakapi/services/user.go:215.35,217.3 1 0
github.com/muety/wakapi/services/user.go:219.2,219.18 1 0
github.com/muety/wakapi/services/user.go:222.85,224.2 1 0
github.com/muety/wakapi/services/user.go:226.57,234.2 5 0
github.com/muety/wakapi/services/user.go:236.84,237.112 1 0
github.com/muety/wakapi/services/user.go:237.112,239.3 1 0
github.com/muety/wakapi/services/user.go:242.38,244.2 1 0
github.com/muety/wakapi/services/user.go:246.55,248.2 1 0
github.com/muety/wakapi/services/user.go:250.57,255.2 1 0
github.com/muety/wakapi/services/user.go:257.57,262.2 1 0
