mode: set
github.com/muety/wakapi/main.go:113.13,118.21 4 0
github.com/muety/wakapi/main.go:118.21,121.6 2 0
github.com/muety/wakapi/main.go:122.5,145.19 9 0
github.com/muety/wakapi/main.go:145.19,148.6 2 0
github.com/muety/wakapi/main.go:150.5,150.23 1 0
github.com/muety/wakapi/main.go:150.23,152.6 1 0
github.com/muety/wakapi/main.go:153.5,154.19 2 0
github.com/muety/wakapi/main.go:154.19,157.6 2 0
github.com/muety/wakapi/main.go:158.5,163.31 4 0
github.com/muety/wakapi/main.go:163.31,165.6 1 0
github.com/muety/wakapi/main.go:168.5,196.38 26 0
github.com/muety/wakapi/main.go:196.38,198.6 1 0
github.com/muety/wakapi/main.go:201.5,207.38 6 0
github.com/muety/wakapi/main.go:207.38,209.6 1 0
github.com/muety/wakapi/main.go:211.5,263.32 31 0
github.com/muety/wakapi/main.go:263.32,265.6 1 0
github.com/muety/wakapi/main.go:268.5,315.24 37 0
github.com/muety/wakapi/main.go:315.24,317.6 1 0
github.com/muety/wakapi/main.go:318.5,325.27 6 0
github.com/muety/wakapi/main.go:325.27,327.19 2 0
github.com/muety/wakapi/main.go:327.19,329.10 1 0
github.com/muety/wakapi/main.go:333.5,333.19 1 0
github.com/muety/wakapi/main.go:336.35,340.74 2 0
github.com/muety/wakapi/main.go:340.74,348.6 2 0
github.com/muety/wakapi/main.go:351.5,351.74 1 0
github.com/muety/wakapi/main.go:351.74,359.6 2 0
github.com/muety/wakapi/main.go:362.5,362.78 1 0
github.com/muety/wakapi/main.go:362.78,364.70 1 0
github.com/muety/wakapi/main.go:364.70,366.73 2 0
github.com/muety/wakapi/main.go:366.73,368.14 1 0
github.com/muety/wakapi/main.go:370.9,374.10 1 0
github.com/muety/wakapi/main.go:377.5,377.24 1 0
github.com/muety/wakapi/main.go:377.24,378.22 1 0
github.com/muety/wakapi/main.go:378.22,380.23 2 0
github.com/muety/wakapi/main.go:380.23,381.113 1 0
github.com/muety/wakapi/main.go:381.113,383.18 1 0
github.com/muety/wakapi/main.go:386.9,386.22 1 0
github.com/muety/wakapi/main.go:386.22,388.23 2 0
github.com/muety/wakapi/main.go:388.23,389.113 1 0
github.com/muety/wakapi/main.go:389.113,391.18 1 0
github.com/muety/wakapi/main.go:394.9,394.27 1 0
github.com/muety/wakapi/main.go:394.27,396.23 2 0
github.com/muety/wakapi/main.go:396.23,398.31 2 0
github.com/muety/wakapi/main.go:398.31,400.18 1 0
github.com/muety/wakapi/main.go:401.17,401.121 1 0
github.com/muety/wakapi/main.go:401.121,403.18 1 0
github.com/muety/wakapi/main.go:404.17,404.123 1 0
github.com/muety/wakapi/main.go:404.123,406.18 1 0
github.com/muety/wakapi/main.go:409.11,410.22 1 0
github.com/muety/wakapi/main.go:410.22,412.23 2 0
github.com/muety/wakapi/main.go:412.23,413.59 1 0
github.com/muety/wakapi/main.go:413.59,415.18 1 0
github.com/muety/wakapi/main.go:418.9,418.22 1 0
github.com/muety/wakapi/main.go:418.22,420.23 2 0
github.com/muety/wakapi/main.go:420.23,421.59 1 0
github.com/muety/wakapi/main.go:421.59,423.18 1 0
github.com/muety/wakapi/main.go:426.9,426.27 1 0
github.com/muety/wakapi/main.go:426.27,428.23 2 0
github.com/muety/wakapi/main.go:428.23,430.31 2 0
github.com/muety/wakapi/main.go:430.31,432.18 1 0
github.com/muety/wakapi/main.go:433.17,433.121 1 0
github.com/muety/wakapi/main.go:433.121,435.18 1 0
github.com/muety/wakapi/main.go:436.17,436.67 1 0
github.com/muety/wakapi/main.go:436.67,438.18 1 0
github.com/muety/wakapi/main.go:443.5,443.32 1 0
github.com/muety/wakapi/main.go:446.19,448.23 2 0
github.com/muety/wakapi/main.go:448.23,450.6 1 0
github.com/muety/wakapi/main.go:450.11,452.6 1 0
github.com/muety/wakapi/main.go:453.5,454.23 2 0
github.com/muety/wakapi/mocks/alias_repository.go:12.65,15.2 2 0
github.com/muety/wakapi/mocks/alias_repository.go:17.76,20.2 2 0
github.com/muety/wakapi/mocks/alias_repository.go:22.93,25.2 2 0
github.com/muety/wakapi/mocks/alias_repository.go:27.109,30.2 2 0
github.com/muety/wakapi/mocks/alias_repository.go:32.109,35.2 2 0
github.com/muety/wakapi/mocks/alias_repository.go:37.78,40.2 2 0
github.com/muety/wakapi/mocks/alias_repository.go:42.52,45.2 2 0
github.com/muety/wakapi/mocks/alias_repository.go:47.59,50.2 2 0
github.com/muety/wakapi/mocks/alias_service.go:12.57,15.2 2 0
github.com/muety/wakapi/mocks/alias_service.go:17.59,20.2 2 0
github.com/muety/wakapi/mocks/alias_service.go:22.92,25.2 2 0
github.com/muety/wakapi/mocks/alias_service.go:27.73,30.2 2 0
github.com/muety/wakapi/mocks/alias_service.go:32.89,35.2 2 0
github.com/muety/wakapi/mocks/alias_service.go:37.106,40.2 2 0
github.com/muety/wakapi/mocks/alias_service.go:42.75,45.2 2 0
github.com/muety/wakapi/mocks/alias_service.go:47.58,50.2 2 0
github.com/muety/wakapi/mocks/alias_service.go:52.65,55.2 2 0
github.com/muety/wakapi/mocks/duration_service.go:13.132,16.2 2 0
github.com/muety/wakapi/mocks/heartbeat_service.go:14.66,17.2 2 0
github.com/muety/wakapi/mocks/heartbeat_service.go:19.73,22.2 2 0
github.com/muety/wakapi/mocks/heartbeat_service.go:24.61,27.2 2 0
github.com/muety/wakapi/mocks/heartbeat_service.go:29.78,32.2 2 0
github.com/muety/wakapi/mocks/heartbeat_service.go:34.98,37.2 2 0
github.com/muety/wakapi/mocks/heartbeat_service.go:39.126,42.2 2 0
github.com/muety/wakapi/mocks/heartbeat_service.go:44.160,47.2 2 0
github.com/muety/wakapi/mocks/heartbeat_service.go:49.80,52.2 2 0
github.com/muety/wakapi/mocks/heartbeat_service.go:54.94,57.2 2 0
github.com/muety/wakapi/mocks/heartbeat_service.go:59.113,62.2 2 0
github.com/muety/wakapi/mocks/heartbeat_service.go:64.113,67.2 2 0
github.com/muety/wakapi/mocks/heartbeat_service.go:69.91,72.2 2 0
github.com/muety/wakapi/mocks/heartbeat_service.go:74.67,77.2 2 0
github.com/muety/wakapi/mocks/heartbeat_service.go:79.67,82.2 2 0
github.com/muety/wakapi/mocks/heartbeat_service.go:84.86,87.2 2 0
github.com/muety/wakapi/mocks/heartbeat_service.go:89.146,92.2 2 0
github.com/muety/wakapi/mocks/key_value_service.go:12.83,15.2 2 0
github.com/muety/wakapi/mocks/key_value_service.go:17.78,20.2 2 0
github.com/muety/wakapi/mocks/key_value_service.go:22.87,25.2 2 0
github.com/muety/wakapi/mocks/key_value_service.go:27.73,30.2 2 0
github.com/muety/wakapi/mocks/key_value_service.go:32.60,35.2 2 0
github.com/muety/wakapi/mocks/project_label_service.go:12.81,15.2 2 0
github.com/muety/wakapi/mocks/project_label_service.go:17.87,20.2 2 0
github.com/muety/wakapi/mocks/project_label_service.go:22.105,25.2 2 0
github.com/muety/wakapi/mocks/project_label_service.go:27.113,30.2 2 0
github.com/muety/wakapi/mocks/project_label_service.go:32.96,35.2 2 0
github.com/muety/wakapi/mocks/project_label_service.go:37.72,40.2 2 0
github.com/muety/wakapi/mocks/summary_repository.go:13.65,16.2 2 0
github.com/muety/wakapi/mocks/summary_repository.go:18.69,21.2 2 0
github.com/muety/wakapi/mocks/summary_repository.go:23.120,26.2 2 0
github.com/muety/wakapi/mocks/summary_repository.go:28.79,31.2 2 0
github.com/muety/wakapi/mocks/summary_repository.go:33.62,36.2 2 0
github.com/muety/wakapi/mocks/summary_repository.go:38.81,41.2 2 0
github.com/muety/wakapi/mocks/summary_service.go:14.159,17.2 2 0
github.com/muety/wakapi/mocks/summary_service.go:19.126,22.2 2 0
github.com/muety/wakapi/mocks/summary_service.go:24.127,27.2 2 0
github.com/muety/wakapi/mocks/summary_service.go:29.78,32.2 2 0
github.com/muety/wakapi/mocks/summary_service.go:34.59,37.2 2 0
github.com/muety/wakapi/mocks/summary_service.go:39.78,42.2 2 0
github.com/muety/wakapi/mocks/summary_service.go:44.62,47.2 2 0
github.com/muety/wakapi/mocks/user_service.go:12.71,15.2 2 0
github.com/muety/wakapi/mocks/user_service.go:17.72,20.2 2 0
github.com/muety/wakapi/mocks/user_service.go:22.74,25.2 2 0
github.com/muety/wakapi/mocks/user_service.go:27.79,30.2 2 0
github.com/muety/wakapi/mocks/user_service.go:32.60,35.2 2 0
github.com/muety/wakapi/mocks/user_service.go:37.75,40.2 2 0
github.com/muety/wakapi/mocks/user_service.go:42.71,45.2 2 0
github.com/muety/wakapi/mocks/user_service.go:47.86,50.2 2 0
github.com/muety/wakapi/mocks/user_service.go:52.79,54.23 1 0
github.com/muety/wakapi/mocks/user_service.go:57.75,60.2 2 0
github.com/muety/wakapi/mocks/user_service.go:62.85,65.2 2 0
github.com/muety/wakapi/mocks/user_service.go:67.69,70.2 2 0
github.com/muety/wakapi/mocks/user_service.go:72.50,75.2 2 0
github.com/muety/wakapi/mocks/user_service.go:77.104,80.2 2 0
github.com/muety/wakapi/mocks/user_service.go:82.75,85.2 2 0
github.com/muety/wakapi/mocks/user_service.go:87.59,90.2 2 0
github.com/muety/wakapi/mocks/user_service.go:92.80,95.2 2 0
github.com/muety/wakapi/mocks/user_service.go:97.81,100.2 2 0
github.com/muety/wakapi/mocks/user_service.go:102.109,105.2 2 0
github.com/muety/wakapi/mocks/user_service.go:107.87,110.2 2 0
github.com/muety/wakapi/mocks/user_service.go:112.40,114.2 1 0
github.com/muety/wakapi/mocks/user_service.go:116.52,118.2 1 0
github.com/muety/wakapi/models/compat/shields/v1/badge.go:22.59,29.2 1 0
github.com/muety/wakapi/models/metrics/counter_metric.go:12.37,14.2 1 0
github.com/muety/wakapi/models/metrics/counter_metric.go:16.39,18.2 1 0
github.com/muety/wakapi/models/metrics/counter_metric.go:20.40,22.2 1 0
github.com/muety/wakapi/models/metrics/gauge_metric.go:12.35,14.2 1 0
github.com/muety/wakapi/models/metrics/gauge_metric.go:16.37,18.2 1 0
github.com/muety/wakapi/models/metrics/gauge_metric.go:20.38,22.2 1 0
github.com/muety/wakapi/models/metrics/label.go:15.32,17.22 2 0
github.com/muety/wakapi/models/metrics/label.go:17.22,19.3 1 0
github.com/muety/wakapi/models/metrics/label.go:20.2,20.17 1 0
github.com/muety/wakapi/models/metrics/label.go:20.17,22.3 1 0
github.com/muety/wakapi/models/metrics/label.go:23.2,23.62 1 0
github.com/muety/wakapi/models/metrics/label.go:26.31,28.2 1 0
github.com/muety/wakapi/models/metrics/metric.go:14.42,16.22 2 0
github.com/muety/wakapi/models/metrics/metric.go:16.22,17.44 1 0
github.com/muety/wakapi/models/metrics/metric.go:17.44,20.4 2 0
github.com/muety/wakapi/models/metrics/metric.go:21.3,21.43 1 0
github.com/muety/wakapi/models/metrics/metric.go:24.2,24.15 1 0
github.com/muety/wakapi/models/metrics/metric.go:27.28,29.2 1 0
github.com/muety/wakapi/models/metrics/metric.go:31.38,33.2 1 0
github.com/muety/wakapi/models/metrics/metric.go:35.33,37.2 1 0
github.com/muety/wakapi/models/compat/wakatime/v1/all_time.go:30.64,47.2 3 0
github.com/muety/wakapi/models/compat/wakatime/v1/heartbeat.go:33.72,35.36 2 0
github.com/muety/wakapi/models/compat/wakatime/v1/heartbeat.go:35.36,52.3 2 0
github.com/muety/wakapi/models/compat/wakatime/v1/heartbeat.go:53.2,53.12 1 0
github.com/muety/wakapi/models/compat/wakatime/v1/stats.go:41.85,56.17 4 0
github.com/muety/wakapi/models/compat/wakatime/v1/stats.go:56.17,59.3 2 0
github.com/muety/wakapi/models/compat/wakatime/v1/stats.go:60.2,60.71 1 0
github.com/muety/wakapi/models/compat/wakatime/v1/stats.go:60.71,62.3 1 0
github.com/muety/wakapi/models/compat/wakatime/v1/stats.go:64.2,65.36 2 0
github.com/muety/wakapi/models/compat/wakatime/v1/stats.go:65.36,67.3 1 0
github.com/muety/wakapi/models/compat/wakatime/v1/stats.go:69.2,70.38 2 0
github.com/muety/wakapi/models/compat/wakatime/v1/stats.go:70.38,72.3 1 0
github.com/muety/wakapi/models/compat/wakatime/v1/stats.go:74.2,75.37 2 0
github.com/muety/wakapi/models/compat/wakatime/v1/stats.go:75.37,77.3 1 0
github.com/muety/wakapi/models/compat/wakatime/v1/stats.go:79.2,80.37 2 0
github.com/muety/wakapi/models/compat/wakatime/v1/stats.go:80.37,82.3 1 0
github.com/muety/wakapi/models/compat/wakatime/v1/stats.go:84.2,85.45 2 0
github.com/muety/wakapi/models/compat/wakatime/v1/stats.go:85.45,87.3 1 0
github.com/muety/wakapi/models/compat/wakatime/v1/stats.go:89.2,90.37 2 0
github.com/muety/wakapi/models/compat/wakatime/v1/stats.go:90.37,92.3 1 0
github.com/muety/wakapi/models/compat/wakatime/v1/stats.go:94.2,95.39 2 0
github.com/muety/wakapi/models/compat/wakatime/v1/stats.go:95.39,97.3 1 0
github.com/muety/wakapi/models/compat/wakatime/v1/stats.go:101.2,109.29 8 0
github.com/muety/wakapi/models/compat/wakatime/v1/stats.go:109.29,111.3 1 0
github.com/muety/wakapi/models/compat/wakatime/v1/stats.go:113.2,115.3 1 0
github.com/muety/wakapi/models/compat/wakatime/v1/summaries.go:86.55,88.44 2 0
github.com/muety/wakapi/models/compat/wakatime/v1/summaries.go:88.44,94.3 1 0
github.com/muety/wakapi/models/compat/wakatime/v1/summaries.go:95.2,95.34 1 0
github.com/muety/wakapi/models/compat/wakatime/v1/summaries.go:98.72,102.30 3 0
github.com/muety/wakapi/models/compat/wakatime/v1/summaries.go:102.30,105.37 2 0
github.com/muety/wakapi/models/compat/wakatime/v1/summaries.go:105.37,107.4 1 0
github.com/muety/wakapi/models/compat/wakatime/v1/summaries.go:108.3,108.34 1 0
github.com/muety/wakapi/models/compat/wakatime/v1/summaries.go:108.34,110.4 1 0
github.com/muety/wakapi/models/compat/wakatime/v1/summaries.go:113.2,115.30 3 0
github.com/muety/wakapi/models/compat/wakatime/v1/summaries.go:115.30,119.3 3 0
github.com/muety/wakapi/models/compat/wakatime/v1/summaries.go:121.2,145.3 5 0
github.com/muety/wakapi/models/compat/wakatime/v1/summaries.go:148.52,182.67 7 0
github.com/muety/wakapi/models/compat/wakatime/v1/summaries.go:182.67,184.32 2 0
github.com/muety/wakapi/models/compat/wakatime/v1/summaries.go:184.32,186.4 1 0
github.com/muety/wakapi/models/compat/wakatime/v1/summaries.go:189.2,190.67 2 0
github.com/muety/wakapi/models/compat/wakatime/v1/summaries.go:190.67,192.31 2 0
github.com/muety/wakapi/models/compat/wakatime/v1/summaries.go:192.31,194.4 1 0
github.com/muety/wakapi/models/compat/wakatime/v1/summaries.go:197.2,198.67 2 0
github.com/muety/wakapi/models/compat/wakatime/v1/summaries.go:198.67,200.33 2 0
github.com/muety/wakapi/models/compat/wakatime/v1/summaries.go:200.33,202.4 1 0
github.com/muety/wakapi/models/compat/wakatime/v1/summaries.go:205.2,206.67 2 0
github.com/muety/wakapi/models/compat/wakatime/v1/summaries.go:206.67,208.40 2 0
github.com/muety/wakapi/models/compat/wakatime/v1/summaries.go:208.40,210.4 1 0
github.com/muety/wakapi/models/compat/wakatime/v1/summaries.go:213.2,214.67 2 0
github.com/muety/wakapi/models/compat/wakatime/v1/summaries.go:214.67,216.32 2 0
github.com/muety/wakapi/models/compat/wakatime/v1/summaries.go:216.32,218.4 1 0
github.com/muety/wakapi/models/compat/wakatime/v1/summaries.go:221.2,222.67 2 0
github.com/muety/wakapi/models/compat/wakatime/v1/summaries.go:222.67,224.32 2 0
github.com/muety/wakapi/models/compat/wakatime/v1/summaries.go:224.32,226.4 1 0
github.com/muety/wakapi/models/compat/wakatime/v1/summaries.go:229.2,230.67 2 0
github.com/muety/wakapi/models/compat/wakatime/v1/summaries.go:230.67,232.32 2 0
github.com/muety/wakapi/models/compat/wakatime/v1/summaries.go:232.32,234.4 1 0
github.com/muety/wakapi/models/compat/wakatime/v1/summaries.go:237.2,238.67 2 0
github.com/muety/wakapi/models/compat/wakatime/v1/summaries.go:238.67,240.34 2 0
github.com/muety/wakapi/models/compat/wakatime/v1/summaries.go:240.34,242.4 1 0
github.com/muety/wakapi/models/compat/wakatime/v1/summaries.go:245.2,245.23 1 0
github.com/muety/wakapi/models/compat/wakatime/v1/summaries.go:245.23,247.3 1 0
github.com/muety/wakapi/models/compat/wakatime/v1/summaries.go:248.2,248.23 1 0
github.com/muety/wakapi/models/compat/wakatime/v1/summaries.go:248.23,250.3 1 0
github.com/muety/wakapi/models/compat/wakatime/v1/summaries.go:252.2,253.13 2 0
github.com/muety/wakapi/models/compat/wakatime/v1/summaries.go:256.85,262.57 6 0
github.com/muety/wakapi/models/compat/wakatime/v1/summaries.go:262.57,264.3 1 0
github.com/muety/wakapi/models/compat/wakatime/v1/summaries.go:266.2,275.3 1 0
github.com/muety/wakapi/models/compat/wakatime/v1/user.go:38.43,41.25 3 0
github.com/muety/wakapi/models/compat/wakatime/v1/user.go:41.25,43.3 1 0
github.com/muety/wakapi/models/compat/wakatime/v1/user.go:45.2,47.43 2 0
github.com/muety/wakapi/models/compat/wakatime/v1/user.go:47.43,49.3 1 0
github.com/muety/wakapi/models/compat/wakatime/v1/user.go:51.2,60.3 1 0
github.com/muety/wakapi/models/compat/wakatime/v1/user.go:63.63,68.2 4 0
github.com/muety/wakapi/models/view/common.go:30.77,35.21 2 0
github.com/muety/wakapi/models/view/common.go:35.21,37.3 1 0
github.com/muety/wakapi/models/view/common.go:38.2,38.11 1 0
github.com/muety/wakapi/models/view/common.go:41.45,43.2 1 0
github.com/muety/wakapi/models/view/common.go:45.47,47.2 1 0
github.com/muety/wakapi/models/view/home.go:15.62,18.2 2 0
github.com/muety/wakapi/models/view/home.go:20.60,23.2 2 0
github.com/muety/wakapi/models/view/imprint.go:8.68,11.2 2 0
github.com/muety/wakapi/models/view/imprint.go:13.66,16.2 2 0
github.com/muety/wakapi/models/view/imprint.go:18.69,21.2 2 0
github.com/muety/wakapi/models/view/leaderboard.go:20.76,23.2 2 0
github.com/muety/wakapi/models/view/leaderboard.go:25.74,28.2 2 0
github.com/muety/wakapi/models/view/leaderboard.go:30.113,31.53 1 0
github.com/muety/wakapi/models/view/leaderboard.go:31.53,33.3 1 0
github.com/muety/wakapi/models/view/leaderboard.go:34.2,34.20 1 0
github.com/muety/wakapi/models/view/leaderboard.go:34.20,36.3 1 0
github.com/muety/wakapi/models/view/leaderboard.go:37.2,37.20 1 0
github.com/muety/wakapi/models/view/leaderboard.go:37.20,39.3 1 0
github.com/muety/wakapi/models/view/leaderboard.go:40.2,40.20 1 0
github.com/muety/wakapi/models/view/leaderboard.go:40.20,42.3 1 0
github.com/muety/wakapi/models/view/leaderboard.go:43.2,43.18 1 0
github.com/muety/wakapi/models/view/leaderboard.go:46.61,48.2 1 0
github.com/muety/wakapi/models/view/leaderboard.go:50.55,52.2 1 0
github.com/muety/wakapi/models/view/login.go:16.64,19.2 2 0
github.com/muety/wakapi/models/view/login.go:21.62,24.2 2 0
github.com/muety/wakapi/models/view/projects.go:19.58,21.2 1 0
github.com/muety/wakapi/models/view/projects.go:23.65,27.2 3 0
github.com/muety/wakapi/models/view/projects.go:29.70,32.2 2 0
github.com/muety/wakapi/models/view/projects.go:34.68,37.2 2 0
github.com/muety/wakapi/models/view/projects.go:39.49,40.21 1 0
github.com/muety/wakapi/models/view/projects.go:40.21,41.122 1 0
github.com/muety/wakapi/models/view/projects.go:41.122,43.4 1 0
github.com/muety/wakapi/models/view/projects.go:45.2,45.36 1 0
github.com/muety/wakapi/models/view/projects.go:48.75,56.2 3 0
github.com/muety/wakapi/models/view/settings.go:32.57,34.2 1 0
github.com/muety/wakapi/models/view/settings.go:36.70,39.2 2 0
github.com/muety/wakapi/models/view/settings.go:41.68,44.2 2 0
github.com/muety/wakapi/models/view/summary.go:22.51,29.2 2 0
github.com/muety/wakapi/models/view/summary.go:31.68,34.2 2 0
github.com/muety/wakapi/models/view/summary.go:36.66,39.2 2 0
github.com/muety/wakapi/models/view/utils.go:5.46,32.55 2 0
github.com/muety/wakapi/models/view/utils.go:32.55,34.3 1 0
github.com/muety/wakapi/models/view/utils.go:35.2,35.11 1 0
github.com/muety/wakapi/repositories/alias.go:13.55,15.2 1 0
github.com/muety/wakapi/repositories/alias.go:17.61,19.50 2 0
github.com/muety/wakapi/repositories/alias.go:19.50,21.3 1 0
github.com/muety/wakapi/repositories/alias.go:22.2,22.21 1 0
github.com/muety/wakapi/repositories/alias.go:25.77,27.18 2 0
github.com/muety/wakapi/repositories/alias.go:27.18,29.3 1 0
github.com/muety/wakapi/repositories/alias.go:30.2,32.36 1 0
github.com/muety/wakapi/repositories/alias.go:32.36,34.3 1 0
github.com/muety/wakapi/repositories/alias.go:35.2,35.21 1 0
github.com/muety/wakapi/repositories/alias.go:38.88,40.18 2 0
github.com/muety/wakapi/repositories/alias.go:40.18,42.3 1 0
github.com/muety/wakapi/repositories/alias.go:43.2,48.36 1 0
github.com/muety/wakapi/repositories/alias.go:48.36,50.3 1 0
github.com/muety/wakapi/repositories/alias.go:51.2,51.21 1 0
github.com/muety/wakapi/repositories/alias.go:54.114,56.18 2 0
github.com/muety/wakapi/repositories/alias.go:56.18,58.3 1 0
github.com/muety/wakapi/repositories/alias.go:59.2,65.36 1 0
github.com/muety/wakapi/repositories/alias.go:65.36,67.3 1 0
github.com/muety/wakapi/repositories/alias.go:68.2,68.21 1 0
github.com/muety/wakapi/repositories/alias.go:71.123,73.18 2 0
github.com/muety/wakapi/repositories/alias.go:73.18,75.3 1 0
github.com/muety/wakapi/repositories/alias.go:76.2,82.34 1 0
github.com/muety/wakapi/repositories/alias.go:82.34,84.3 1 0
github.com/muety/wakapi/repositories/alias.go:85.2,85.19 1 0
github.com/muety/wakapi/repositories/alias.go:88.78,89.22 1 0
github.com/muety/wakapi/repositories/alias.go:89.22,91.3 1 0
github.com/muety/wakapi/repositories/alias.go:92.2,93.37 2 0
github.com/muety/wakapi/repositories/alias.go:93.37,95.3 1 0
github.com/muety/wakapi/repositories/alias.go:96.2,96.19 1 0
github.com/muety/wakapi/repositories/alias.go:99.49,103.2 1 0
github.com/muety/wakapi/repositories/alias.go:105.57,109.2 1 0
github.com/muety/wakapi/repositories/diagnostics.go:12.67,14.2 1 0
github.com/muety/wakapi/repositories/diagnostics.go:16.102,18.2 1 0
github.com/muety/wakapi/repositories/heartbeat.go:21.63,23.2 1 0
github.com/muety/wakapi/repositories/heartbeat.go:26.69,28.53 2 0
github.com/muety/wakapi/repositories/heartbeat.go:28.53,30.3 1 0
github.com/muety/wakapi/repositories/heartbeat.go:31.2,31.24 1 0
github.com/muety/wakapi/repositories/heartbeat.go:34.81,38.61 1 0
github.com/muety/wakapi/repositories/heartbeat.go:38.61,39.32 1 0
github.com/muety/wakapi/repositories/heartbeat.go:39.32,41.18 2 0
github.com/muety/wakapi/repositories/heartbeat.go:41.18,42.140 1 0
github.com/muety/wakapi/repositories/heartbeat.go:42.141,44.6 0 0
github.com/muety/wakapi/repositories/heartbeat.go:44.11,46.6 1 0
github.com/muety/wakapi/repositories/heartbeat.go:49.3,49.13 1 0
github.com/muety/wakapi/repositories/heartbeat.go:52.2,56.41 1 0
github.com/muety/wakapi/repositories/heartbeat.go:56.41,58.3 1 0
github.com/muety/wakapi/repositories/heartbeat.go:59.2,59.12 1 0
github.com/muety/wakapi/repositories/heartbeat.go:62.93,68.39 2 0
github.com/muety/wakapi/repositories/heartbeat.go:68.39,70.3 1 0
github.com/muety/wakapi/repositories/heartbeat.go:71.2,71.24 1 0
github.com/muety/wakapi/repositories/heartbeat.go:74.117,83.39 2 0
github.com/muety/wakapi/repositories/heartbeat.go:83.39,85.3 1 0
github.com/muety/wakapi/repositories/heartbeat.go:86.2,86.24 1 0
github.com/muety/wakapi/repositories/heartbeat.go:89.112,97.39 2 0
github.com/muety/wakapi/repositories/heartbeat.go:97.39,99.3 1 0
github.com/muety/wakapi/repositories/heartbeat.go:100.2,100.24 1 0
github.com/muety/wakapi/repositories/heartbeat.go:103.152,114.50 4 0
github.com/muety/wakapi/repositories/heartbeat.go:114.50,116.3 1 0
github.com/muety/wakapi/repositories/heartbeat.go:117.2,117.24 1 0
github.com/muety/wakapi/repositories/heartbeat.go:120.127,128.50 4 0
github.com/muety/wakapi/repositories/heartbeat.go:128.50,130.3 1 0
github.com/muety/wakapi/repositories/heartbeat.go:131.2,131.23 1 0
github.com/muety/wakapi/repositories/heartbeat.go:134.79,142.2 3 0
github.com/muety/wakapi/repositories/heartbeat.go:144.78,152.2 3 0
github.com/muety/wakapi/repositories/heartbeat.go:154.80,155.42 1 0
github.com/muety/wakapi/repositories/heartbeat.go:155.42,161.3 1 0
github.com/muety/wakapi/repositories/heartbeat.go:163.2,163.16 1 0
github.com/muety/wakapi/repositories/heartbeat.go:163.16,167.3 1 0
github.com/muety/wakapi/repositories/heartbeat.go:168.2,168.19 1 0
github.com/muety/wakapi/repositories/heartbeat.go:171.77,176.35 2 0
github.com/muety/wakapi/repositories/heartbeat.go:176.35,178.3 1 0
github.com/muety/wakapi/repositories/heartbeat.go:179.2,179.19 1 0
github.com/muety/wakapi/repositories/heartbeat.go:182.97,186.26 3 0
github.com/muety/wakapi/repositories/heartbeat.go:186.26,188.3 1 0
github.com/muety/wakapi/repositories/heartbeat.go:190.2,190.23 1 0
github.com/muety/wakapi/repositories/heartbeat.go:190.23,192.3 1 0
github.com/muety/wakapi/repositories/heartbeat.go:194.2,199.35 1 0
github.com/muety/wakapi/repositories/heartbeat.go:199.35,201.3 1 0
github.com/muety/wakapi/repositories/heartbeat.go:203.2,203.20 1 0
github.com/muety/wakapi/repositories/heartbeat.go:206.101,212.36 2 0
github.com/muety/wakapi/repositories/heartbeat.go:212.36,214.3 1 0
github.com/muety/wakapi/repositories/heartbeat.go:215.2,215.21 1 0
github.com/muety/wakapi/repositories/heartbeat.go:218.63,221.48 1 0
github.com/muety/wakapi/repositories/heartbeat.go:221.48,223.3 1 0
github.com/muety/wakapi/repositories/heartbeat.go:224.2,224.12 1 0
github.com/muety/wakapi/repositories/heartbeat.go:227.69,230.48 1 0
github.com/muety/wakapi/repositories/heartbeat.go:230.48,232.3 1 0
github.com/muety/wakapi/repositories/heartbeat.go:233.2,233.12 1 0
github.com/muety/wakapi/repositories/heartbeat.go:236.88,240.48 1 0
github.com/muety/wakapi/repositories/heartbeat.go:240.48,242.3 1 0
github.com/muety/wakapi/repositories/heartbeat.go:243.2,243.12 1 0
github.com/muety/wakapi/repositories/heartbeat.go:246.141,262.27 4 0
github.com/muety/wakapi/repositories/heartbeat.go:262.27,265.3 2 0
github.com/muety/wakapi/repositories/heartbeat.go:265.8,267.3 1 0
github.com/muety/wakapi/repositories/heartbeat.go:269.2,285.41 1 0
github.com/muety/wakapi/repositories/heartbeat.go:285.41,287.3 1 0
github.com/muety/wakapi/repositories/heartbeat.go:289.2,289.26 1 0
github.com/muety/wakapi/repositories/heartbeat.go:292.97,293.35 1 0
github.com/muety/wakapi/repositories/heartbeat.go:293.35,294.91 1 0
github.com/muety/wakapi/repositories/heartbeat.go:294.91,296.18 1 0
github.com/muety/wakapi/repositories/heartbeat.go:296.18,298.5 1 0
github.com/muety/wakapi/repositories/heartbeat.go:299.4,299.14 1 0
github.com/muety/wakapi/repositories/heartbeat.go:302.2,302.10 1 0
github.com/muety/wakapi/repositories/key_value.go:16.61,18.2 1 0
github.com/muety/wakapi/repositories/key_value.go:20.73,22.52 2 0
github.com/muety/wakapi/repositories/key_value.go:22.52,24.3 1 0
github.com/muety/wakapi/repositories/key_value.go:25.2,25.23 1 0
github.com/muety/wakapi/repositories/key_value.go:28.84,32.32 2 0
github.com/muety/wakapi/repositories/key_value.go:32.32,34.3 1 0
github.com/muety/wakapi/repositories/key_value.go:36.2,36.16 1 0
github.com/muety/wakapi/repositories/key_value.go:39.84,44.21 2 0
github.com/muety/wakapi/repositories/key_value.go:44.21,46.3 1 0
github.com/muety/wakapi/repositories/key_value.go:47.2,47.23 1 0
github.com/muety/wakapi/repositories/key_value.go:50.73,59.37 2 0
github.com/muety/wakapi/repositories/key_value.go:59.37,61.3 1 0
github.com/muety/wakapi/repositories/key_value.go:63.2,63.12 1 0
github.com/muety/wakapi/repositories/key_value.go:66.61,70.37 2 0
github.com/muety/wakapi/repositories/key_value.go:70.37,72.3 1 0
github.com/muety/wakapi/repositories/key_value.go:74.2,74.30 1 0
github.com/muety/wakapi/repositories/key_value.go:74.30,76.3 1 0
github.com/muety/wakapi/repositories/key_value.go:78.2,78.12 1 0
github.com/muety/wakapi/repositories/language_mapping.go:15.75,17.2 1 0
github.com/muety/wakapi/repositories/language_mapping.go:19.81,21.51 2 0
github.com/muety/wakapi/repositories/language_mapping.go:21.51,23.3 1 0
github.com/muety/wakapi/repositories/language_mapping.go:24.2,24.22 1 0
github.com/muety/wakapi/repositories/language_mapping.go:27.87,29.89 2 0
github.com/muety/wakapi/repositories/language_mapping.go:29.89,31.3 1 0
github.com/muety/wakapi/repositories/language_mapping.go:32.2,32.21 1 0
github.com/muety/wakapi/repositories/language_mapping.go:35.97,37.18 2 0
github.com/muety/wakapi/repositories/language_mapping.go:37.18,39.3 1 0
github.com/muety/wakapi/repositories/language_mapping.go:40.2,42.37 1 0
github.com/muety/wakapi/repositories/language_mapping.go:42.37,44.3 1 0
github.com/muety/wakapi/repositories/language_mapping.go:45.2,45.22 1 0
github.com/muety/wakapi/repositories/language_mapping.go:48.110,49.24 1 0
github.com/muety/wakapi/repositories/language_mapping.go:49.24,51.3 1 0
github.com/muety/wakapi/repositories/language_mapping.go:52.2,53.37 2 0
github.com/muety/wakapi/repositories/language_mapping.go:53.37,55.3 1 0
github.com/muety/wakapi/repositories/language_mapping.go:56.2,56.21 1 0
github.com/muety/wakapi/repositories/language_mapping.go:59.59,63.2 1 0
github.com/muety/wakapi/repositories/leaderboard.go:14.67,16.2 1 0
github.com/muety/wakapi/repositories/leaderboard.go:18.84,21.36 1 0
github.com/muety/wakapi/repositories/leaderboard.go:21.36,23.3 1 0
github.com/muety/wakapi/repositories/leaderboard.go:24.2,24.12 1 0
github.com/muety/wakapi/repositories/leaderboard.go:27.78,34.2 3 0
github.com/muety/wakapi/repositories/leaderboard.go:36.77,39.17 3 0
github.com/muety/wakapi/repositories/leaderboard.go:39.17,41.3 1 0
github.com/muety/wakapi/repositories/leaderboard.go:42.2,43.19 2 0
github.com/muety/wakapi/repositories/leaderboard.go:46.154,59.45 6 0
github.com/muety/wakapi/repositories/leaderboard.go:59.45,61.3 1 0
github.com/muety/wakapi/repositories/leaderboard.go:62.2,62.19 1 0
github.com/muety/wakapi/repositories/leaderboard.go:65.173,76.45 6 0
github.com/muety/wakapi/repositories/leaderboard.go:76.45,78.3 1 0
github.com/muety/wakapi/repositories/leaderboard.go:79.2,79.19 1 0
github.com/muety/wakapi/repositories/leaderboard.go:82.67,85.54 1 0
github.com/muety/wakapi/repositories/leaderboard.go:85.54,87.3 1 0
github.com/muety/wakapi/repositories/leaderboard.go:88.2,88.12 1 0
github.com/muety/wakapi/repositories/leaderboard.go:91.103,95.54 1 0
github.com/muety/wakapi/repositories/leaderboard.go:95.54,97.3 1 0
github.com/muety/wakapi/repositories/leaderboard.go:98.2,98.12 1 0
github.com/muety/wakapi/repositories/leaderboard.go:101.82,102.15 1 0
github.com/muety/wakapi/repositories/leaderboard.go:102.15,104.3 1 0
github.com/muety/wakapi/repositories/leaderboard.go:105.2,105.14 1 0
github.com/muety/wakapi/repositories/leaderboard.go:105.14,107.3 1 0
github.com/muety/wakapi/repositories/leaderboard.go:108.2,108.10 1 0
github.com/muety/wakapi/repositories/metrics.go:25.59,27.2 1 0
github.com/muety/wakapi/repositories/metrics.go:29.73,33.19 3 0
github.com/muety/wakapi/repositories/metrics.go:33.19,35.3 1 0
github.com/muety/wakapi/repositories/metrics.go:35.8,35.29 1 0
github.com/muety/wakapi/repositories/metrics.go:35.29,37.3 1 0
github.com/muety/wakapi/repositories/metrics.go:37.8,37.27 1 0
github.com/muety/wakapi/repositories/metrics.go:37.27,39.3 1 0
github.com/muety/wakapi/repositories/metrics.go:41.2,42.18 2 0
github.com/muety/wakapi/repositories/project_label.go:15.69,17.2 1 0
github.com/muety/wakapi/repositories/project_label.go:19.75,21.49 2 0
github.com/muety/wakapi/repositories/project_label.go:21.49,23.3 1 0
github.com/muety/wakapi/repositories/project_label.go:24.2,24.20 1 0
github.com/muety/wakapi/repositories/project_label.go:27.81,29.84 2 0
github.com/muety/wakapi/repositories/project_label.go:29.84,31.3 1 0
github.com/muety/wakapi/repositories/project_label.go:32.2,32.19 1 0
github.com/muety/wakapi/repositories/project_label.go:35.91,36.18 1 0
github.com/muety/wakapi/repositories/project_label.go:36.18,38.3 1 0
github.com/muety/wakapi/repositories/project_label.go:39.2,42.35 2 0
github.com/muety/wakapi/repositories/project_label.go:42.35,44.3 1 0
github.com/muety/wakapi/repositories/project_label.go:45.2,45.20 1 0
github.com/muety/wakapi/repositories/project_label.go:48.99,49.22 1 0
github.com/muety/wakapi/repositories/project_label.go:49.22,51.3 1 0
github.com/muety/wakapi/repositories/project_label.go:52.2,53.37 2 0
github.com/muety/wakapi/repositories/project_label.go:53.37,55.3 1 0
github.com/muety/wakapi/repositories/project_label.go:56.2,56.19 1 0
github.com/muety/wakapi/repositories/project_label.go:59.56,63.2 1 0
github.com/muety/wakapi/repositories/summary.go:17.59,19.2 1 0
github.com/muety/wakapi/repositories/summary.go:21.65,26.38 2 0
github.com/muety/wakapi/repositories/summary.go:26.38,28.3 1 0
github.com/muety/wakapi/repositories/summary.go:30.2,30.73 1 0
github.com/muety/wakapi/repositories/summary.go:30.73,32.3 1 0
github.com/muety/wakapi/repositories/summary.go:34.2,34.23 1 0
github.com/muety/wakapi/repositories/summary.go:37.67,39.53 1 0
github.com/muety/wakapi/repositories/summary.go:39.53,40.50 1 0
github.com/muety/wakapi/repositories/summary.go:40.50,42.4 1 0
github.com/muety/wakapi/repositories/summary.go:44.3,49.41 2 0
github.com/muety/wakapi/repositories/summary.go:49.41,52.4 2 0
github.com/muety/wakapi/repositories/summary.go:54.3,54.42 1 0
github.com/muety/wakapi/repositories/summary.go:54.42,57.4 2 0
github.com/muety/wakapi/repositories/summary.go:59.3,59.49 1 0
github.com/muety/wakapi/repositories/summary.go:59.49,62.4 2 0
github.com/muety/wakapi/repositories/summary.go:64.3,64.40 1 0
github.com/muety/wakapi/repositories/summary.go:64.40,67.4 2 0
github.com/muety/wakapi/repositories/summary.go:69.3,69.43 1 0
github.com/muety/wakapi/repositories/summary.go:69.43,72.4 2 0
github.com/muety/wakapi/repositories/summary.go:74.3,74.29 1 0
github.com/muety/wakapi/repositories/summary.go:74.29,75.57 1 0
github.com/muety/wakapi/repositories/summary.go:75.57,77.5 1 0
github.com/muety/wakapi/repositories/summary.go:80.3,80.13 1 0
github.com/muety/wakapi/repositories/summary.go:81.17,83.3 1 0
github.com/muety/wakapi/repositories/summary.go:85.2,85.12 1 0
github.com/muety/wakapi/repositories/summary.go:88.111,100.36 4 0
github.com/muety/wakapi/repositories/summary.go:100.36,102.3 1 0
github.com/muety/wakapi/repositories/summary.go:105.2,105.49 1 0
github.com/muety/wakapi/repositories/summary.go:105.49,107.3 1 0
github.com/muety/wakapi/repositories/summary.go:109.2,109.68 1 0
github.com/muety/wakapi/repositories/summary.go:109.68,111.3 1 0
github.com/muety/wakapi/repositories/summary.go:113.2,113.23 1 0
github.com/muety/wakapi/repositories/summary.go:116.75,124.2 3 0
github.com/muety/wakapi/repositories/summary.go:126.63,129.46 1 0
github.com/muety/wakapi/repositories/summary.go:129.46,131.3 1 0
github.com/muety/wakapi/repositories/summary.go:132.2,132.12 1 0
github.com/muety/wakapi/repositories/summary.go:135.82,139.46 1 0
github.com/muety/wakapi/repositories/summary.go:139.46,141.3 1 0
github.com/muety/wakapi/repositories/summary.go:142.2,142.12 1 0
github.com/muety/wakapi/repositories/summary.go:146.109,149.95 2 0
github.com/muety/wakapi/repositories/summary.go:149.95,151.3 1 0
github.com/muety/wakapi/repositories/summary.go:153.2,159.31 2 0
github.com/muety/wakapi/repositories/summary.go:159.31,161.3 1 0
github.com/muety/wakapi/repositories/summary.go:163.2,163.45 1 0
github.com/muety/wakapi/repositories/summary.go:163.45,165.3 1 0
github.com/muety/wakapi/repositories/summary.go:167.2,167.29 1 0
github.com/muety/wakapi/repositories/summary.go:167.29,168.47 1 0
github.com/muety/wakapi/repositories/summary.go:168.47,169.12 1 0
github.com/muety/wakapi/repositories/summary.go:171.3,172.24 2 0
github.com/muety/wakapi/repositories/summary.go:175.2,175.12 1 0
github.com/muety/wakapi/repositories/user.go:18.53,20.2 1 0
github.com/muety/wakapi/repositories/user.go:22.80,24.63 2 0
github.com/muety/wakapi/repositories/user.go:24.63,26.3 1 0
github.com/muety/wakapi/repositories/user.go:27.2,27.15 1 0
github.com/muety/wakapi/repositories/user.go:30.77,35.34 2 0
github.com/muety/wakapi/repositories/user.go:35.34,37.3 1 0
github.com/muety/wakapi/repositories/user.go:38.2,38.19 1 0
github.com/muety/wakapi/repositories/user.go:41.59,45.34 2 0
github.com/muety/wakapi/repositories/user.go:45.34,47.3 1 0
github.com/muety/wakapi/repositories/user.go:48.2,48.19 1 0
github.com/muety/wakapi/repositories/user.go:51.72,56.34 2 0
github.com/muety/wakapi/repositories/user.go:56.34,58.3 1 0
github.com/muety/wakapi/repositories/user.go:59.2,59.19 1 0
github.com/muety/wakapi/repositories/user.go:62.87,64.99 2 0
github.com/muety/wakapi/repositories/user.go:64.99,66.3 1 0
github.com/muety/wakapi/repositories/user.go:67.2,67.19 1 0
github.com/muety/wakapi/repositories/user.go:70.95,72.107 2 0
github.com/muety/wakapi/repositories/user.go:72.107,74.3 1 0
github.com/muety/wakapi/repositories/user.go:75.2,75.19 1 0
github.com/muety/wakapi/repositories/user.go:78.82,80.2 1 0
github.com/muety/wakapi/repositories/user.go:82.83,84.2 1 0
github.com/muety/wakapi/repositories/user.go:88.84,98.36 3 0
github.com/muety/wakapi/repositories/user.go:98.36,100.3 1 0
github.com/muety/wakapi/repositories/user.go:102.2,102.28 1 0
github.com/muety/wakapi/repositories/user.go:105.49,109.35 2 0
github.com/muety/wakapi/repositories/user.go:109.35,111.3 1 0
github.com/muety/wakapi/repositories/user.go:112.2,112.19 1 0
github.com/muety/wakapi/repositories/user.go:115.85,116.89 1 0
github.com/muety/wakapi/repositories/user.go:116.89,118.3 1 0
github.com/muety/wakapi/repositories/user.go:120.2,121.37 2 0
github.com/muety/wakapi/repositories/user.go:121.37,123.3 1 0
github.com/muety/wakapi/repositories/user.go:125.2,125.24 1 0
github.com/muety/wakapi/repositories/user.go:128.74,157.37 3 0
github.com/muety/wakapi/repositories/user.go:157.37,159.3 1 0
github.com/muety/wakapi/repositories/user.go:161.2,161.18 1 0
github.com/muety/wakapi/repositories/user.go:164.110,166.37 2 0
github.com/muety/wakapi/repositories/user.go:166.37,168.3 1 0
github.com/muety/wakapi/repositories/user.go:170.2,170.30 1 0
github.com/muety/wakapi/repositories/user.go:170.30,172.3 1 0
github.com/muety/wakapi/repositories/user.go:174.2,174.18 1 0
github.com/muety/wakapi/repositories/user.go:177.58,179.2 1 0
github.com/muety/wakapi/repositories/user.go:181.89,186.34 3 0
github.com/muety/wakapi/repositories/user.go:186.34,188.3 1 0
github.com/muety/wakapi/repositories/user.go:189.2,189.19 1 0
github.com/muety/wakapi/middlewares/authenticate.go:35.91,41.2 1 1
github.com/muety/wakapi/middlewares/authenticate.go:43.91,46.2 2 0
github.com/muety/wakapi/middlewares/authenticate.go:48.90,51.2 2 0
github.com/muety/wakapi/middlewares/authenticate.go:53.99,56.2 2 0
github.com/muety/wakapi/middlewares/authenticate.go:58.71,59.71 1 0
github.com/muety/wakapi/middlewares/authenticate.go:59.71,61.3 1 0
github.com/muety/wakapi/middlewares/authenticate.go:64.107,68.16 3 0
github.com/muety/wakapi/middlewares/authenticate.go:68.16,70.3 1 0
github.com/muety/wakapi/middlewares/authenticate.go:71.2,71.16 1 0
github.com/muety/wakapi/middlewares/authenticate.go:71.16,73.3 1 0
github.com/muety/wakapi/middlewares/authenticate.go:74.2,74.55 1 0
github.com/muety/wakapi/middlewares/authenticate.go:74.55,76.3 1 0
github.com/muety/wakapi/middlewares/authenticate.go:78.2,78.31 1 0
github.com/muety/wakapi/middlewares/authenticate.go:78.31,79.31 1 0
github.com/muety/wakapi/middlewares/authenticate.go:79.31,82.4 2 0
github.com/muety/wakapi/middlewares/authenticate.go:84.3,84.29 1 0
github.com/muety/wakapi/middlewares/authenticate.go:84.29,87.4 2 0
github.com/muety/wakapi/middlewares/authenticate.go:87.9,88.36 1 0
github.com/muety/wakapi/middlewares/authenticate.go:88.36,92.5 3 0
github.com/muety/wakapi/middlewares/authenticate.go:93.4,94.59 2 0
github.com/muety/wakapi/middlewares/authenticate.go:96.3,96.9 1 0
github.com/muety/wakapi/middlewares/authenticate.go:99.2,100.12 2 0
github.com/muety/wakapi/middlewares/authenticate.go:103.70,104.39 1 0
github.com/muety/wakapi/middlewares/authenticate.go:104.39,105.60 1 0
github.com/muety/wakapi/middlewares/authenticate.go:105.60,107.4 1 0
github.com/muety/wakapi/middlewares/authenticate.go:109.2,109.14 1 0
github.com/muety/wakapi/middlewares/authenticate.go:112.98,114.16 2 1
github.com/muety/wakapi/middlewares/authenticate.go:114.16,116.3 1 1
github.com/muety/wakapi/middlewares/authenticate.go:118.2,121.16 4 1
github.com/muety/wakapi/middlewares/authenticate.go:121.16,123.3 1 0
github.com/muety/wakapi/middlewares/authenticate.go:124.2,124.18 1 1
github.com/muety/wakapi/middlewares/authenticate.go:127.97,131.19 4 1
github.com/muety/wakapi/middlewares/authenticate.go:131.19,133.3 1 1
github.com/muety/wakapi/middlewares/authenticate.go:134.2,135.16 2 1
github.com/muety/wakapi/middlewares/authenticate.go:135.16,137.3 1 0
github.com/muety/wakapi/middlewares/authenticate.go:138.2,138.18 1 1
github.com/muety/wakapi/middlewares/authenticate.go:141.99,143.22 2 1
github.com/muety/wakapi/middlewares/authenticate.go:143.22,145.3 1 0
github.com/muety/wakapi/middlewares/authenticate.go:146.2,146.161 1 1
github.com/muety/wakapi/middlewares/authenticate.go:146.161,148.3 1 1
github.com/muety/wakapi/middlewares/authenticate.go:148.5,150.3 1 1
github.com/muety/wakapi/middlewares/authenticate.go:151.2,151.43 1 1
github.com/muety/wakapi/middlewares/authenticate.go:154.92,156.16 2 0
github.com/muety/wakapi/middlewares/authenticate.go:156.16,158.3 1 0
github.com/muety/wakapi/middlewares/authenticate.go:160.2,161.16 2 0
github.com/muety/wakapi/middlewares/authenticate.go:161.16,163.3 1 0
github.com/muety/wakapi/middlewares/authenticate.go:168.2,168.18 1 0
github.com/muety/wakapi/middlewares/filetype.go:13.83,14.43 1 0
github.com/muety/wakapi/middlewares/filetype.go:14.43,19.3 1 0
github.com/muety/wakapi/middlewares/filetype.go:22.84,24.34 2 0
github.com/muety/wakapi/middlewares/filetype.go:24.34,25.50 1 0
github.com/muety/wakapi/middlewares/filetype.go:25.50,29.4 3 0
github.com/muety/wakapi/middlewares/filetype.go:31.2,31.27 1 0
github.com/muety/wakapi/middlewares/logging.go:20.102,21.43 1 0
github.com/muety/wakapi/middlewares/logging.go:21.43,27.3 1 0
github.com/muety/wakapi/middlewares/logging.go:30.80,39.44 7 0
github.com/muety/wakapi/middlewares/logging.go:39.44,40.38 1 0
github.com/muety/wakapi/middlewares/logging.go:40.38,42.4 1 0
github.com/muety/wakapi/middlewares/logging.go:45.2,54.3 1 0
github.com/muety/wakapi/middlewares/logging.go:57.41,59.14 2 0
github.com/muety/wakapi/middlewares/logging.go:59.14,61.3 1 0
github.com/muety/wakapi/middlewares/logging.go:62.2,62.14 1 0
github.com/muety/wakapi/middlewares/logging.go:62.14,64.3 1 0
github.com/muety/wakapi/middlewares/logging.go:65.2,65.11 1 0
github.com/muety/wakapi/middlewares/logging.go:68.41,69.42 1 0
github.com/muety/wakapi/middlewares/logging.go:69.42,71.3 1 0
github.com/muety/wakapi/middlewares/logging.go:72.2,72.12 1 0
github.com/muety/wakapi/middlewares/logging.go:103.52,105.2 1 0
github.com/muety/wakapi/middlewares/logging.go:117.45,118.20 1 0
github.com/muety/wakapi/middlewares/logging.go:118.20,122.3 3 0
github.com/muety/wakapi/middlewares/logging.go:124.54,127.18 3 0
github.com/muety/wakapi/middlewares/logging.go:127.18,130.17 2 0
github.com/muety/wakapi/middlewares/logging.go:130.17,132.4 1 0
github.com/muety/wakapi/middlewares/logging.go:134.2,135.15 2 0
github.com/muety/wakapi/middlewares/logging.go:137.42,138.20 1 0
github.com/muety/wakapi/middlewares/logging.go:138.20,140.3 1 0
github.com/muety/wakapi/middlewares/logging.go:142.36,144.2 1 0
github.com/muety/wakapi/middlewares/logging.go:145.42,147.2 1 0
github.com/muety/wakapi/middlewares/logging.go:148.40,150.2 1 0
github.com/muety/wakapi/middlewares/logging.go:151.52,153.2 1 0
github.com/muety/wakapi/middlewares/principal.go:15.62,17.2 1 0
github.com/muety/wakapi/middlewares/principal.go:19.58,21.2 1 0
github.com/muety/wakapi/middlewares/principal.go:23.60,24.24 1 0
github.com/muety/wakapi/middlewares/principal.go:24.24,26.3 1 0
github.com/muety/wakapi/middlewares/principal.go:27.2,27.31 1 0
github.com/muety/wakapi/middlewares/principal.go:49.71,50.43 1 0
github.com/muety/wakapi/middlewares/principal.go:50.43,52.3 1 0
github.com/muety/wakapi/middlewares/principal.go:55.81,58.2 2 0
github.com/muety/wakapi/middlewares/principal.go:60.55,61.52 1 0
github.com/muety/wakapi/middlewares/principal.go:61.52,63.3 1 0
github.com/muety/wakapi/middlewares/principal.go:66.49,67.52 1 0
github.com/muety/wakapi/middlewares/principal.go:67.52,69.3 1 0
github.com/muety/wakapi/middlewares/principal.go:70.2,70.12 1 0
github.com/muety/wakapi/middlewares/security.go:19.62,20.43 1 0
github.com/muety/wakapi/middlewares/security.go:20.43,22.3 1 0
github.com/muety/wakapi/middlewares/security.go:25.80,26.36 1 0
github.com/muety/wakapi/middlewares/security.go:26.36,27.30 1 0
github.com/muety/wakapi/middlewares/security.go:27.30,29.4 1 0
github.com/muety/wakapi/middlewares/security.go:31.2,31.27 1 0
github.com/muety/wakapi/middlewares/sentry.go:15.60,16.43 1 0
github.com/muety/wakapi/middlewares/sentry.go:16.43,20.3 1 0
github.com/muety/wakapi/middlewares/sentry.go:23.78,26.54 3 0
github.com/muety/wakapi/middlewares/sentry.go:26.54,27.43 1 0
github.com/muety/wakapi/middlewares/sentry.go:27.43,29.4 1 0
github.com/muety/wakapi/mocks/alias_repository.go:12.65,15.2 2 0
github.com/muety/wakapi/mocks/alias_repository.go:17.76,20.2 2 0
github.com/muety/wakapi/mocks/alias_repository.go:22.93,25.2 2 0
github.com/muety/wakapi/mocks/alias_repository.go:27.109,30.2 2 0
github.com/muety/wakapi/mocks/alias_repository.go:32.109,35.2 2 0
github.com/muety/wakapi/mocks/alias_repository.go:37.78,40.2 2 0
github.com/muety/wakapi/mocks/alias_repository.go:42.52,45.2 2 0
github.com/muety/wakapi/mocks/alias_repository.go:47.59,50.2 2 0
github.com/muety/wakapi/mocks/alias_service.go:12.57,15.2 2 0
github.com/muety/wakapi/mocks/alias_service.go:17.59,20.2 2 0
github.com/muety/wakapi/mocks/alias_service.go:22.92,25.2 2 0
github.com/muety/wakapi/mocks/alias_service.go:27.73,30.2 2 0
github.com/muety/wakapi/mocks/alias_service.go:32.89,35.2 2 0
github.com/muety/wakapi/mocks/alias_service.go:37.106,40.2 2 0
github.com/muety/wakapi/mocks/alias_service.go:42.75,45.2 2 0
github.com/muety/wakapi/mocks/alias_service.go:47.58,50.2 2 0
github.com/muety/wakapi/mocks/alias_service.go:52.65,55.2 2 0
github.com/muety/wakapi/mocks/duration_service.go:13.132,16.2 2 0
github.com/muety/wakapi/mocks/heartbeat_service.go:14.66,17.2 2 0
github.com/muety/wakapi/mocks/heartbeat_service.go:19.73,22.2 2 0
github.com/muety/wakapi/mocks/heartbeat_service.go:24.61,27.2 2 0
github.com/muety/wakapi/mocks/heartbeat_service.go:29.78,32.2 2 0
github.com/muety/wakapi/mocks/heartbeat_service.go:34.98,37.2 2 0
github.com/muety/wakapi/mocks/heartbeat_service.go:39.126,42.2 2 0
github.com/muety/wakapi/mocks/heartbeat_service.go:44.160,47.2 2 0
github.com/muety/wakapi/mocks/heartbeat_service.go:49.80,52.2 2 0
github.com/muety/wakapi/mocks/heartbeat_service.go:54.94,57.2 2 0
github.com/muety/wakapi/mocks/heartbeat_service.go:59.113,62.2 2 0
github.com/muety/wakapi/mocks/heartbeat_service.go:64.113,67.2 2 0
github.com/muety/wakapi/mocks/heartbeat_service.go:69.91,72.2 2 0
github.com/muety/wakapi/mocks/heartbeat_service.go:74.67,77.2 2 0
github.com/muety/wakapi/mocks/heartbeat_service.go:79.67,82.2 2 0
github.com/muety/wakapi/mocks/heartbeat_service.go:84.86,87.2 2 0
github.com/muety/wakapi/mocks/heartbeat_service.go:89.146,92.2 2 0
github.com/muety/wakapi/mocks/key_value_service.go:12.83,15.2 2 0
github.com/muety/wakapi/mocks/key_value_service.go:17.78,20.2 2 0
github.com/muety/wakapi/mocks/key_value_service.go:22.87,25.2 2 0
github.com/muety/wakapi/mocks/key_value_service.go:27.73,30.2 2 0
github.com/muety/wakapi/mocks/key_value_service.go:32.60,35.2 2 0
github.com/muety/wakapi/mocks/project_label_service.go:12.81,15.2 2 0
github.com/muety/wakapi/mocks/project_label_service.go:17.87,20.2 2 0
github.com/muety/wakapi/mocks/project_label_service.go:22.105,25.2 2 0
github.com/muety/wakapi/mocks/project_label_service.go:27.113,30.2 2 0
github.com/muety/wakapi/mocks/project_label_service.go:32.96,35.2 2 0
github.com/muety/wakapi/mocks/project_label_service.go:37.72,40.2 2 0
github.com/muety/wakapi/mocks/summary_repository.go:13.65,16.2 2 0
github.com/muety/wakapi/mocks/summary_repository.go:18.69,21.2 2 0
github.com/muety/wakapi/mocks/summary_repository.go:23.120,26.2 2 0
github.com/muety/wakapi/mocks/summary_repository.go:28.79,31.2 2 0
github.com/muety/wakapi/mocks/summary_repository.go:33.62,36.2 2 0
github.com/muety/wakapi/mocks/summary_repository.go:38.81,41.2 2 0
github.com/muety/wakapi/mocks/summary_service.go:14.159,17.2 2 0
github.com/muety/wakapi/mocks/summary_service.go:19.126,22.2 2 0
github.com/muety/wakapi/mocks/summary_service.go:24.127,27.2 2 0
github.com/muety/wakapi/mocks/summary_service.go:29.78,32.2 2 0
github.com/muety/wakapi/mocks/summary_service.go:34.59,37.2 2 0
github.com/muety/wakapi/mocks/summary_service.go:39.78,42.2 2 0
github.com/muety/wakapi/mocks/summary_service.go:44.62,47.2 2 0
github.com/muety/wakapi/mocks/user_service.go:12.71,15.2 2 1
github.com/muety/wakapi/mocks/user_service.go:17.72,20.2 2 1
github.com/muety/wakapi/mocks/user_service.go:22.74,25.2 2 0
github.com/muety/wakapi/mocks/user_service.go:27.79,30.2 2 0
github.com/muety/wakapi/mocks/user_service.go:32.60,35.2 2 0
github.com/muety/wakapi/mocks/user_service.go:37.75,40.2 2 0
github.com/muety/wakapi/mocks/user_service.go:42.71,45.2 2 0
github.com/muety/wakapi/mocks/user_service.go:47.86,50.2 2 0
github.com/muety/wakapi/mocks/user_service.go:52.79,54.23 1 0
github.com/muety/wakapi/mocks/user_service.go:57.75,60.2 2 0
github.com/muety/wakapi/mocks/user_service.go:62.85,65.2 2 0
github.com/muety/wakapi/mocks/user_service.go:67.69,70.2 2 0
github.com/muety/wakapi/mocks/user_service.go:72.50,75.2 2 0
github.com/muety/wakapi/mocks/user_service.go:77.104,80.2 2 0
github.com/muety/wakapi/mocks/user_service.go:82.75,85.2 2 0
github.com/muety/wakapi/mocks/user_service.go:87.59,90.2 2 0
github.com/muety/wakapi/mocks/user_service.go:92.80,95.2 2 0
github.com/muety/wakapi/mocks/user_service.go:97.81,100.2 2 0
github.com/muety/wakapi/mocks/user_service.go:102.109,105.2 2 0
github.com/muety/wakapi/mocks/user_service.go:107.87,110.2 2 0
github.com/muety/wakapi/mocks/user_service.go:112.40,114.2 1 0
github.com/muety/wakapi/mocks/user_service.go:116.52,118.2 1 0
github.com/muety/wakapi/repositories/alias.go:13.55,15.2 1 0
github.com/muety/wakapi/repositories/alias.go:17.61,19.50 2 0
github.com/muety/wakapi/repositories/alias.go:19.50,21.3 1 0
github.com/muety/wakapi/repositories/alias.go:22.2,22.21 1 0
github.com/muety/wakapi/repositories/alias.go:25.77,27.18 2 0
github.com/muety/wakapi/repositories/alias.go:27.18,29.3 1 0
github.com/muety/wakapi/repositories/alias.go:30.2,32.36 1 0
github.com/muety/wakapi/repositories/alias.go:32.36,34.3 1 0
github.com/muety/wakapi/repositories/alias.go:35.2,35.21 1 0
github.com/muety/wakapi/repositories/alias.go:38.88,40.18 2 0
github.com/muety/wakapi/repositories/alias.go:40.18,42.3 1 0
github.com/muety/wakapi/repositories/alias.go:43.2,48.36 1 0
github.com/muety/wakapi/repositories/alias.go:48.36,50.3 1 0
github.com/muety/wakapi/repositories/alias.go:51.2,51.21 1 0
github.com/muety/wakapi/repositories/alias.go:54.114,56.18 2 0
github.com/muety/wakapi/repositories/alias.go:56.18,58.3 1 0
github.com/muety/wakapi/repositories/alias.go:59.2,65.36 1 0
github.com/muety/wakapi/repositories/alias.go:65.36,67.3 1 0
github.com/muety/wakapi/repositories/alias.go:68.2,68.21 1 0
github.com/muety/wakapi/repositories/alias.go:71.123,73.18 2 0
github.com/muety/wakapi/repositories/alias.go:73.18,75.3 1 0
github.com/muety/wakapi/repositories/alias.go:76.2,82.34 1 0
github.com/muety/wakapi/repositories/alias.go:82.34,84.3 1 0
github.com/muety/wakapi/repositories/alias.go:85.2,85.19 1 0
github.com/muety/wakapi/repositories/alias.go:88.78,89.22 1 0
github.com/muety/wakapi/repositories/alias.go:89.22,91.3 1 0
github.com/muety/wakapi/repositories/alias.go:92.2,93.37 2 0
github.com/muety/wakapi/repositories/alias.go:93.37,95.3 1 0
github.com/muety/wakapi/repositories/alias.go:96.2,96.19 1 0
github.com/muety/wakapi/repositories/alias.go:99.49,103.2 1 0
github.com/muety/wakapi/repositories/alias.go:105.57,109.2 1 0
github.com/muety/wakapi/repositories/diagnostics.go:12.67,14.2 1 0
github.com/muety/wakapi/repositories/diagnostics.go:16.102,18.2 1 0
github.com/muety/wakapi/repositories/heartbeat.go:21.63,23.2 1 0
github.com/muety/wakapi/repositories/heartbeat.go:26.69,28.53 2 0
github.com/muety/wakapi/repositories/heartbeat.go:28.53,30.3 1 0
github.com/muety/wakapi/repositories/heartbeat.go:31.2,31.24 1 0
github.com/muety/wakapi/repositories/heartbeat.go:34.81,38.61 1 0
github.com/muety/wakapi/repositories/heartbeat.go:38.61,39.32 1 0
github.com/muety/wakapi/repositories/heartbeat.go:39.32,41.18 2 0
github.com/muety/wakapi/repositories/heartbeat.go:41.18,42.140 1 0
github.com/muety/wakapi/repositories/heartbeat.go:42.141,44.6 0 0
github.com/muety/wakapi/repositories/heartbeat.go:44.11,46.6 1 0
github.com/muety/wakapi/repositories/heartbeat.go:49.3,49.13 1 0
github.com/muety/wakapi/repositories/heartbeat.go:52.2,56.41 1 0
github.com/muety/wakapi/repositories/heartbeat.go:56.41,58.3 1 0
github.com/muety/wakapi/repositories/heartbeat.go:59.2,59.12 1 0
github.com/muety/wakapi/repositories/heartbeat.go:62.93,68.39 2 0
github.com/muety/wakapi/repositories/heartbeat.go:68.39,70.3 1 0
github.com/muety/wakapi/repositories/heartbeat.go:71.2,71.24 1 0
github.com/muety/wakapi/repositories/heartbeat.go:74.117,83.39 2 0
github.com/muety/wakapi/repositories/heartbeat.go:83.39,85.3 1 0
github.com/muety/wakapi/repositories/heartbeat.go:86.2,86.24 1 0
github.com/muety/wakapi/repositories/heartbeat.go:89.112,97.39 2 0
github.com/muety/wakapi/repositories/heartbeat.go:97.39,99.3 1 0
github.com/muety/wakapi/repositories/heartbeat.go:100.2,100.24 1 0
github.com/muety/wakapi/repositories/heartbeat.go:103.152,114.50 4 0
github.com/muety/wakapi/repositories/heartbeat.go:114.50,116.3 1 0
github.com/muety/wakapi/repositories/heartbeat.go:117.2,117.24 1 0
github.com/muety/wakapi/repositories/heartbeat.go:120.127,128.50 4 0
github.com/muety/wakapi/repositories/heartbeat.go:128.50,130.3 1 0
github.com/muety/wakapi/repositories/heartbeat.go:131.2,131.23 1 0
github.com/muety/wakapi/repositories/heartbeat.go:134.79,142.2 3 0
github.com/muety/wakapi/repositories/heartbeat.go:144.78,152.2 3 0
github.com/muety/wakapi/repositories/heartbeat.go:154.80,155.42 1 0
github.com/muety/wakapi/repositories/heartbeat.go:155.42,161.3 1 0
github.com/muety/wakapi/repositories/heartbeat.go:163.2,163.16 1 0
github.com/muety/wakapi/repositories/heartbeat.go:163.16,167.3 1 0
github.com/muety/wakapi/repositories/heartbeat.go:168.2,168.19 1 0
github.com/muety/wakapi/repositories/heartbeat.go:171.77,176.35 2 0
github.com/muety/wakapi/repositories/heartbeat.go:176.35,178.3 1 0
github.com/muety/wakapi/repositories/heartbeat.go:179.2,179.19 1 0
github.com/muety/wakapi/repositories/heartbeat.go:182.97,186.26 3 0
github.com/muety/wakapi/repositories/heartbeat.go:186.26,188.3 1 0
github.com/muety/wakapi/repositories/heartbeat.go:190.2,190.23 1 0
github.com/muety/wakapi/repositories/heartbeat.go:190.23,192.3 1 0
github.com/muety/wakapi/repositories/heartbeat.go:194.2,199.35 1 0
github.com/muety/wakapi/repositories/heartbeat.go:199.35,201.3 1 0
github.com/muety/wakapi/repositories/heartbeat.go:203.2,203.20 1 0
github.com/muety/wakapi/repositories/heartbeat.go:206.101,212.36 2 0
github.com/muety/wakapi/repositories/heartbeat.go:212.36,214.3 1 0
github.com/muety/wakapi/repositories/heartbeat.go:215.2,215.21 1 0
github.com/muety/wakapi/repositories/heartbeat.go:218.63,221.48 1 0
github.com/muety/wakapi/repositories/heartbeat.go:221.48,223.3 1 0
github.com/muety/wakapi/repositories/heartbeat.go:224.2,224.12 1 0
github.com/muety/wakapi/repositories/heartbeat.go:227.69,230.48 1 0
github.com/muety/wakapi/repositories/heartbeat.go:230.48,232.3 1 0
github.com/muety/wakapi/repositories/heartbeat.go:233.2,233.12 1 0
github.com/muety/wakapi/repositories/heartbeat.go:236.88,240.48 1 0
github.com/muety/wakapi/repositories/heartbeat.go:240.48,242.3 1 0
github.com/muety/wakapi/repositories/heartbeat.go:243.2,243.12 1 0
github.com/muety/wakapi/repositories/heartbeat.go:246.141,262.27 4 0
github.com/muety/wakapi/repositories/heartbeat.go:262.27,265.3 2 0
github.com/muety/wakapi/repositories/heartbeat.go:265.8,267.3 1 0
github.com/muety/wakapi/repositories/heartbeat.go:269.2,285.41 1 0
github.com/muety/wakapi/repositories/heartbeat.go:285.41,287.3 1 0
github.com/muety/wakapi/repositories/heartbeat.go:289.2,289.26 1 0
github.com/muety/wakapi/repositories/heartbeat.go:292.97,293.35 1 0
github.com/muety/wakapi/repositories/heartbeat.go:293.35,294.91 1 0
github.com/muety/wakapi/repositories/heartbeat.go:294.91,296.18 1 0
github.com/muety/wakapi/repositories/heartbeat.go:296.18,298.5 1 0
github.com/muety/wakapi/repositories/heartbeat.go:299.4,299.14 1 0
github.com/muety/wakapi/repositories/heartbeat.go:302.2,302.10 1 0
github.com/muety/wakapi/repositories/key_value.go:16.61,18.2 1 0
github.com/muety/wakapi/repositories/key_value.go:20.73,22.52 2 0
github.com/muety/wakapi/repositories/key_value.go:22.52,24.3 1 0
github.com/muety/wakapi/repositories/key_value.go:25.2,25.23 1 0
github.com/muety/wakapi/repositories/key_value.go:28.84,32.32 2 0
github.com/muety/wakapi/repositories/key_value.go:32.32,34.3 1 0
github.com/muety/wakapi/repositories/key_value.go:36.2,36.16 1 0
github.com/muety/wakapi/repositories/key_value.go:39.84,44.21 2 0
github.com/muety/wakapi/repositories/key_value.go:44.21,46.3 1 0
github.com/muety/wakapi/repositories/key_value.go:47.2,47.23 1 0
github.com/muety/wakapi/repositories/key_value.go:50.73,59.37 2 0
github.com/muety/wakapi/repositories/key_value.go:59.37,61.3 1 0
github.com/muety/wakapi/repositories/key_value.go:63.2,63.12 1 0
github.com/muety/wakapi/repositories/key_value.go:66.61,70.37 2 0
github.com/muety/wakapi/repositories/key_value.go:70.37,72.3 1 0
github.com/muety/wakapi/repositories/key_value.go:74.2,74.30 1 0
github.com/muety/wakapi/repositories/key_value.go:74.30,76.3 1 0
github.com/muety/wakapi/repositories/key_value.go:78.2,78.12 1 0
github.com/muety/wakapi/repositories/language_mapping.go:15.75,17.2 1 0
github.com/muety/wakapi/repositories/language_mapping.go:19.81,21.51 2 0
github.com/muety/wakapi/repositories/language_mapping.go:21.51,23.3 1 0
github.com/muety/wakapi/repositories/language_mapping.go:24.2,24.22 1 0
github.com/muety/wakapi/repositories/language_mapping.go:27.87,29.89 2 0
github.com/muety/wakapi/repositories/language_mapping.go:29.89,31.3 1 0
github.com/muety/wakapi/repositories/language_mapping.go:32.2,32.21 1 0
github.com/muety/wakapi/repositories/language_mapping.go:35.97,37.18 2 0
github.com/muety/wakapi/repositories/language_mapping.go:37.18,39.3 1 0
github.com/muety/wakapi/repositories/language_mapping.go:40.2,42.37 1 0
github.com/muety/wakapi/repositories/language_mapping.go:42.37,44.3 1 0
github.com/muety/wakapi/repositories/language_mapping.go:45.2,45.22 1 0
github.com/muety/wakapi/repositories/language_mapping.go:48.110,49.24 1 0
github.com/muety/wakapi/repositories/language_mapping.go:49.24,51.3 1 0
github.com/muety/wakapi/repositories/language_mapping.go:52.2,53.37 2 0
github.com/muety/wakapi/repositories/language_mapping.go:53.37,55.3 1 0
github.com/muety/wakapi/repositories/language_mapping.go:56.2,56.21 1 0
github.com/muety/wakapi/repositories/language_mapping.go:59.59,63.2 1 0
github.com/muety/wakapi/repositories/leaderboard.go:14.67,16.2 1 0
github.com/muety/wakapi/repositories/leaderboard.go:18.84,21.36 1 0
github.com/muety/wakapi/repositories/leaderboard.go:21.36,23.3 1 0
github.com/muety/wakapi/repositories/leaderboard.go:24.2,24.12 1 0
github.com/muety/wakapi/repositories/leaderboard.go:27.78,34.2 3 0
github.com/muety/wakapi/repositories/leaderboard.go:36.77,39.17 3 0
github.com/muety/wakapi/repositories/leaderboard.go:39.17,41.3 1 0
github.com/muety/wakapi/repositories/leaderboard.go:42.2,43.19 2 0
github.com/muety/wakapi/repositories/leaderboard.go:46.154,59.45 6 0
github.com/muety/wakapi/repositories/leaderboard.go:59.45,61.3 1 0
github.com/muety/wakapi/repositories/leaderboard.go:62.2,62.19 1 0
github.com/muety/wakapi/repositories/leaderboard.go:65.173,76.45 6 0
github.com/muety/wakapi/repositories/leaderboard.go:76.45,78.3 1 0
github.com/muety/wakapi/repositories/leaderboard.go:79.2,79.19 1 0
github.com/muety/wakapi/repositories/leaderboard.go:82.67,85.54 1 0
github.com/muety/wakapi/repositories/leaderboard.go:85.54,87.3 1 0
github.com/muety/wakapi/repositories/leaderboard.go:88.2,88.12 1 0
github.com/muety/wakapi/repositories/leaderboard.go:91.103,95.54 1 0
github.com/muety/wakapi/repositories/leaderboard.go:95.54,97.3 1 0
github.com/muety/wakapi/repositories/leaderboard.go:98.2,98.12 1 0
github.com/muety/wakapi/repositories/leaderboard.go:101.82,102.15 1 0
github.com/muety/wakapi/repositories/leaderboard.go:102.15,104.3 1 0
github.com/muety/wakapi/repositories/leaderboard.go:105.2,105.14 1 0
github.com/muety/wakapi/repositories/leaderboard.go:105.14,107.3 1 0
github.com/muety/wakapi/repositories/leaderboard.go:108.2,108.10 1 0
github.com/muety/wakapi/repositories/metrics.go:25.59,27.2 1 0
github.com/muety/wakapi/repositories/metrics.go:29.73,33.19 3 0
github.com/muety/wakapi/repositories/metrics.go:33.19,35.3 1 0
github.com/muety/wakapi/repositories/metrics.go:35.8,35.29 1 0
github.com/muety/wakapi/repositories/metrics.go:35.29,37.3 1 0
github.com/muety/wakapi/repositories/metrics.go:37.8,37.27 1 0
github.com/muety/wakapi/repositories/metrics.go:37.27,39.3 1 0
github.com/muety/wakapi/repositories/metrics.go:41.2,42.18 2 0
github.com/muety/wakapi/repositories/project_label.go:15.69,17.2 1 0
github.com/muety/wakapi/repositories/project_label.go:19.75,21.49 2 0
github.com/muety/wakapi/repositories/project_label.go:21.49,23.3 1 0
github.com/muety/wakapi/repositories/project_label.go:24.2,24.20 1 0
github.com/muety/wakapi/repositories/project_label.go:27.81,29.84 2 0
github.com/muety/wakapi/repositories/project_label.go:29.84,31.3 1 0
github.com/muety/wakapi/repositories/project_label.go:32.2,32.19 1 0
github.com/muety/wakapi/repositories/project_label.go:35.91,36.18 1 0
github.com/muety/wakapi/repositories/project_label.go:36.18,38.3 1 0
github.com/muety/wakapi/repositories/project_label.go:39.2,42.35 2 0
github.com/muety/wakapi/repositories/project_label.go:42.35,44.3 1 0
github.com/muety/wakapi/repositories/project_label.go:45.2,45.20 1 0
github.com/muety/wakapi/repositories/project_label.go:48.99,49.22 1 0
github.com/muety/wakapi/repositories/project_label.go:49.22,51.3 1 0
github.com/muety/wakapi/repositories/project_label.go:52.2,53.37 2 0
github.com/muety/wakapi/repositories/project_label.go:53.37,55.3 1 0
github.com/muety/wakapi/repositories/project_label.go:56.2,56.19 1 0
github.com/muety/wakapi/repositories/project_label.go:59.56,63.2 1 0
github.com/muety/wakapi/repositories/summary.go:17.59,19.2 1 0
github.com/muety/wakapi/repositories/summary.go:21.65,26.38 2 0
github.com/muety/wakapi/repositories/summary.go:26.38,28.3 1 0
github.com/muety/wakapi/repositories/summary.go:30.2,30.73 1 0
github.com/muety/wakapi/repositories/summary.go:30.73,32.3 1 0
github.com/muety/wakapi/repositories/summary.go:34.2,34.23 1 0
github.com/muety/wakapi/repositories/summary.go:37.67,39.53 1 0
github.com/muety/wakapi/repositories/summary.go:39.53,40.50 1 0
github.com/muety/wakapi/repositories/summary.go:40.50,42.4 1 0
github.com/muety/wakapi/repositories/summary.go:44.3,49.41 2 0
github.com/muety/wakapi/repositories/summary.go:49.41,52.4 2 0
github.com/muety/wakapi/repositories/summary.go:54.3,54.42 1 0
github.com/muety/wakapi/repositories/summary.go:54.42,57.4 2 0
github.com/muety/wakapi/repositories/summary.go:59.3,59.49 1 0
github.com/muety/wakapi/repositories/summary.go:59.49,62.4 2 0
github.com/muety/wakapi/repositories/summary.go:64.3,64.40 1 0
github.com/muety/wakapi/repositories/summary.go:64.40,67.4 2 0
github.com/muety/wakapi/repositories/summary.go:69.3,69.43 1 0
github.com/muety/wakapi/repositories/summary.go:69.43,72.4 2 0
github.com/muety/wakapi/repositories/summary.go:74.3,74.29 1 0
github.com/muety/wakapi/repositories/summary.go:74.29,75.57 1 0
github.com/muety/wakapi/repositories/summary.go:75.57,77.5 1 0
github.com/muety/wakapi/repositories/summary.go:80.3,80.13 1 0
github.com/muety/wakapi/repositories/summary.go:81.17,83.3 1 0
github.com/muety/wakapi/repositories/summary.go:85.2,85.12 1 0
github.com/muety/wakapi/repositories/summary.go:88.111,100.36 4 0
github.com/muety/wakapi/repositories/summary.go:100.36,102.3 1 0
github.com/muety/wakapi/repositories/summary.go:105.2,105.49 1 0
github.com/muety/wakapi/repositories/summary.go:105.49,107.3 1 0
github.com/muety/wakapi/repositories/summary.go:109.2,109.68 1 0
github.com/muety/wakapi/repositories/summary.go:109.68,111.3 1 0
github.com/muety/wakapi/repositories/summary.go:113.2,113.23 1 0
github.com/muety/wakapi/repositories/summary.go:116.75,124.2 3 0
github.com/muety/wakapi/repositories/summary.go:126.63,129.46 1 0
github.com/muety/wakapi/repositories/summary.go:129.46,131.3 1 0
github.com/muety/wakapi/repositories/summary.go:132.2,132.12 1 0
github.com/muety/wakapi/repositories/summary.go:135.82,139.46 1 0
github.com/muety/wakapi/repositories/summary.go:139.46,141.3 1 0
github.com/muety/wakapi/repositories/summary.go:142.2,142.12 1 0
github.com/muety/wakapi/repositories/summary.go:146.109,149.95 2 0
github.com/muety/wakapi/repositories/summary.go:149.95,151.3 1 0
github.com/muety/wakapi/repositories/summary.go:153.2,159.31 2 0
github.com/muety/wakapi/repositories/summary.go:159.31,161.3 1 0
github.com/muety/wakapi/repositories/summary.go:163.2,163.45 1 0
github.com/muety/wakapi/repositories/summary.go:163.45,165.3 1 0
github.com/muety/wakapi/repositories/summary.go:167.2,167.29 1 0
github.com/muety/wakapi/repositories/summary.go:167.29,168.47 1 0
github.com/muety/wakapi/repositories/summary.go:168.47,169.12 1 0
github.com/muety/wakapi/repositories/summary.go:171.3,172.24 2 0
github.com/muety/wakapi/repositories/summary.go:175.2,175.12 1 0
github.com/muety/wakapi/repositories/user.go:18.53,20.2 1 0
github.com/muety/wakapi/repositories/user.go:22.80,24.63 2 0
github.com/muety/wakapi/repositories/user.go:24.63,26.3 1 0
github.com/muety/wakapi/repositories/user.go:27.2,27.15 1 0
github.com/muety/wakapi/repositories/user.go:30.77,35.34 2 0
github.com/muety/wakapi/repositories/user.go:35.34,37.3 1 0
github.com/muety/wakapi/repositories/user.go:38.2,38.19 1 0
github.com/muety/wakapi/repositories/user.go:41.59,45.34 2 0
github.com/muety/wakapi/repositories/user.go:45.34,47.3 1 0
github.com/muety/wakapi/repositories/user.go:48.2,48.19 1 0
github.com/muety/wakapi/repositories/user.go:51.72,56.34 2 0
github.com/muety/wakapi/repositories/user.go:56.34,58.3 1 0
github.com/muety/wakapi/repositories/user.go:59.2,59.19 1 0
github.com/muety/wakapi/repositories/user.go:62.87,64.99 2 0
github.com/muety/wakapi/repositories/user.go:64.99,66.3 1 0
github.com/muety/wakapi/repositories/user.go:67.2,67.19 1 0
github.com/muety/wakapi/repositories/user.go:70.95,72.107 2 0
github.com/muety/wakapi/repositories/user.go:72.107,74.3 1 0
github.com/muety/wakapi/repositories/user.go:75.2,75.19 1 0
github.com/muety/wakapi/repositories/user.go:78.82,80.2 1 0
github.com/muety/wakapi/repositories/user.go:82.83,84.2 1 0
github.com/muety/wakapi/repositories/user.go:88.84,98.36 3 0
github.com/muety/wakapi/repositories/user.go:98.36,100.3 1 0
github.com/muety/wakapi/repositories/user.go:102.2,102.28 1 0
github.com/muety/wakapi/repositories/user.go:105.49,109.35 2 0
github.com/muety/wakapi/repositories/user.go:109.35,111.3 1 0
github.com/muety/wakapi/repositories/user.go:112.2,112.19 1 0
github.com/muety/wakapi/repositories/user.go:115.85,116.89 1 0
github.com/muety/wakapi/repositories/user.go:116.89,118.3 1 0
github.com/muety/wakapi/repositories/user.go:120.2,121.37 2 0
github.com/muety/wakapi/repositories/user.go:121.37,123.3 1 0
github.com/muety/wakapi/repositories/user.go:125.2,125.24 1 0
github.com/muety/wakapi/repositories/user.go:128.74,157.37 3 0
github.com/muety/wakapi/repositories/user.go:157.37,159.3 1 0
github.com/muety/wakapi/repositories/user.go:161.2,161.18 1 0
github.com/muety/wakapi/repositories/user.go:164.110,166.37 2 0
github.com/muety/wakapi/repositories/user.go:166.37,168.3 1 0
github.com/muety/wakapi/repositories/user.go:170.2,170.30 1 0
github.com/muety/wakapi/repositories/user.go:170.30,172.3 1 0
github.com/muety/wakapi/repositories/user.go:174.2,174.18 1 0
github.com/muety/wakapi/repositories/user.go:177.58,179.2 1 0
github.com/muety/wakapi/repositories/user.go:181.89,186.34 3 0
github.com/muety/wakapi/repositories/user.go:186.34,188.3 1 0
github.com/muety/wakapi/repositories/user.go:189.2,189.19 1 0
github.com/muety/wakapi/helpers/date.go:17.73,18.58 1 0
github.com/muety/wakapi/helpers/date.go:18.58,20.3 1 0
github.com/muety/wakapi/helpers/date.go:21.2,21.87 1 0
github.com/muety/wakapi/helpers/date.go:21.87,23.3 1 0
github.com/muety/wakapi/helpers/date.go:24.2,24.64 1 0
github.com/muety/wakapi/helpers/date.go:27.40,29.2 1 0
github.com/muety/wakapi/helpers/date.go:31.44,33.2 1 0
github.com/muety/wakapi/helpers/date.go:35.49,37.2 1 0
github.com/muety/wakapi/helpers/date.go:39.45,41.2 1 0
github.com/muety/wakapi/helpers/date.go:43.50,49.2 5 0
github.com/muety/wakapi/helpers/http.go:11.94,13.16 2 0
github.com/muety/wakapi/helpers/http.go:13.16,15.3 1 0
github.com/muety/wakapi/helpers/http.go:17.2,17.107 1 0
github.com/muety/wakapi/helpers/http.go:17.107,19.3 1 0
github.com/muety/wakapi/helpers/http.go:21.2,21.22 1 0
github.com/muety/wakapi/helpers/http.go:24.90,27.58 3 0
github.com/muety/wakapi/helpers/http.go:27.58,29.3 1 0
github.com/muety/wakapi/helpers/interval.go:10.66,11.40 1 0
github.com/muety/wakapi/helpers/interval.go:11.40,12.27 1 0
github.com/muety/wakapi/helpers/interval.go:12.27,14.4 1 0
github.com/muety/wakapi/helpers/interval.go:16.2,16.48 1 0
github.com/muety/wakapi/helpers/interval.go:19.61,22.2 2 0
github.com/muety/wakapi/helpers/interval.go:24.88,27.2 2 0
github.com/muety/wakapi/helpers/interval.go:29.95,31.16 2 0
github.com/muety/wakapi/helpers/interval.go:31.16,33.3 1 0
github.com/muety/wakapi/helpers/interval.go:34.2,34.38 1 0
github.com/muety/wakapi/helpers/interval.go:37.105,41.18 3 1
github.com/muety/wakapi/helpers/interval.go:42.28,43.32 1 0
github.com/muety/wakapi/helpers/interval.go:44.32,46.30 2 0
github.com/muety/wakapi/helpers/interval.go:47.30,48.34 1 1
github.com/muety/wakapi/helpers/interval.go:49.31,50.35 1 0
github.com/muety/wakapi/helpers/interval.go:51.31,53.33 2 0
github.com/muety/wakapi/helpers/interval.go:54.32,55.36 1 0
github.com/muety/wakapi/helpers/interval.go:56.32,58.34 2 0
github.com/muety/wakapi/helpers/interval.go:59.31,60.35 1 0
github.com/muety/wakapi/helpers/interval.go:61.32,62.31 1 1
github.com/muety/wakapi/helpers/interval.go:63.41,65.48 2 0
github.com/muety/wakapi/helpers/interval.go:66.33,67.32 1 1
github.com/muety/wakapi/helpers/interval.go:68.33,69.32 1 1
github.com/muety/wakapi/helpers/interval.go:70.34,71.31 1 1
github.com/muety/wakapi/helpers/interval.go:72.35,73.32 1 1
github.com/muety/wakapi/helpers/interval.go:74.26,75.21 1 0
github.com/muety/wakapi/helpers/interval.go:76.10,77.39 1 0
github.com/muety/wakapi/helpers/interval.go:80.2,80.22 1 1
github.com/muety/wakapi/helpers/interval.go:84.65,85.15 1 1
github.com/muety/wakapi/helpers/interval.go:85.15,87.3 1 1
github.com/muety/wakapi/helpers/interval.go:88.2,88.14 1 1
github.com/muety/wakapi/helpers/interval.go:88.14,90.3 1 1
github.com/muety/wakapi/helpers/interval.go:91.2,91.14 1 1
github.com/muety/wakapi/helpers/interval.go:91.14,93.3 1 1
github.com/muety/wakapi/helpers/interval.go:94.2,94.15 1 1
github.com/muety/wakapi/helpers/interval.go:94.15,96.3 1 1
github.com/muety/wakapi/helpers/interval.go:97.2,97.15 1 1
github.com/muety/wakapi/helpers/interval.go:97.15,99.3 1 1
github.com/muety/wakapi/helpers/interval.go:100.2,100.16 1 1
github.com/muety/wakapi/helpers/interval.go:100.16,102.3 1 1
github.com/muety/wakapi/helpers/interval.go:103.2,103.16 1 1
github.com/muety/wakapi/helpers/interval.go:103.16,105.3 1 1
github.com/muety/wakapi/helpers/interval.go:106.2,106.41 1 1
github.com/muety/wakapi/helpers/summary.go:10.73,17.56 5 0
github.com/muety/wakapi/helpers/summary.go:17.56,19.3 1 0
github.com/muety/wakapi/helpers/summary.go:19.8,19.54 1 0
github.com/muety/wakapi/helpers/summary.go:19.54,21.3 1 0
github.com/muety/wakapi/helpers/summary.go:21.8,23.17 2 0
github.com/muety/wakapi/helpers/summary.go:23.17,25.4 1 0
github.com/muety/wakapi/helpers/summary.go:27.3,28.17 2 0
github.com/muety/wakapi/helpers/summary.go:28.17,30.4 1 0
github.com/muety/wakapi/helpers/summary.go:33.2,43.8 3 0
github.com/muety/wakapi/helpers/summary.go:46.59,48.48 2 0
github.com/muety/wakapi/helpers/summary.go:48.48,50.3 1 0
github.com/muety/wakapi/helpers/summary.go:51.2,51.49 1 0
github.com/muety/wakapi/helpers/summary.go:51.49,53.3 1 0
github.com/muety/wakapi/helpers/summary.go:54.2,54.47 1 0
github.com/muety/wakapi/helpers/summary.go:54.47,56.3 1 0
github.com/muety/wakapi/helpers/summary.go:57.2,57.48 1 0
github.com/muety/wakapi/helpers/summary.go:57.48,59.3 1 0
github.com/muety/wakapi/helpers/summary.go:60.2,60.57 1 0
github.com/muety/wakapi/helpers/summary.go:60.57,62.3 1 0
github.com/muety/wakapi/helpers/summary.go:63.2,63.46 1 0
github.com/muety/wakapi/helpers/summary.go:63.46,65.3 1 0
github.com/muety/wakapi/helpers/summary.go:66.2,66.47 1 0
github.com/muety/wakapi/helpers/summary.go:66.47,68.3 1 0
github.com/muety/wakapi/helpers/summary.go:69.2,69.47 1 0
github.com/muety/wakapi/helpers/summary.go:69.47,71.3 1 0
github.com/muety/wakapi/helpers/summary.go:72.2,72.49 1 0
github.com/muety/wakapi/helpers/summary.go:72.49,74.3 1 0
github.com/muety/wakapi/helpers/summary.go:75.2,75.16 1 0
github.com/muety/wakapi/helpers/summary.go:78.48,82.51 2 0
github.com/muety/wakapi/helpers/summary.go:82.51,84.3 1 0
github.com/muety/wakapi/helpers/summary.go:85.2,85.12 1 0
github.com/muety/wakapi/routes/compat/shields/v1/badge.go:26.112,33.2 1 0
github.com/muety/wakapi/routes/compat/shields/v1/badge.go:35.58,38.2 1 0
github.com/muety/wakapi/routes/compat/shields/v1/badge.go:50.68,52.16 2 0
github.com/muety/wakapi/routes/compat/shields/v1/badge.go:52.16,55.3 2 0
github.com/muety/wakapi/routes/compat/shields/v1/badge.go:57.2,58.16 2 0
github.com/muety/wakapi/routes/compat/shields/v1/badge.go:58.16,62.3 3 0
github.com/muety/wakapi/routes/compat/shields/v1/badge.go:63.2,66.50 3 0
github.com/muety/wakapi/routes/compat/shields/v1/badge.go:66.50,69.3 2 0
github.com/muety/wakapi/routes/compat/shields/v1/badge.go:71.2,79.16 3 0
github.com/muety/wakapi/routes/compat/shields/v1/badge.go:79.16,83.3 3 0
github.com/muety/wakapi/routes/compat/shields/v1/badge.go:85.2,87.46 3 0
github.com/muety/wakapi/routes/compat/shields/v1/badge.go:90.144,92.16 2 0
github.com/muety/wakapi/routes/compat/shields/v1/badge.go:92.16,94.3 1 0
github.com/muety/wakapi/routes/compat/shields/v1/badge.go:96.2,103.29 3 0
github.com/muety/wakapi/routes/compat/shields/v1/badge.go:103.29,105.3 1 0
github.com/muety/wakapi/routes/compat/shields/v1/badge.go:107.2,115.16 2 0
github.com/muety/wakapi/routes/compat/shields/v1/badge.go:115.16,117.3 1 0
github.com/muety/wakapi/routes/compat/shields/v1/badge.go:119.2,119.36 1 0
github.com/muety/wakapi/routes/relay/relay.go:19.38,23.2 1 0
github.com/muety/wakapi/routes/relay/relay.go:30.63,31.43 1 0
github.com/muety/wakapi/routes/relay/relay.go:31.43,36.3 1 0
github.com/muety/wakapi/routes/relay/relay.go:39.81,41.62 2 0
github.com/muety/wakapi/routes/relay/relay.go:41.62,45.3 3 0
github.com/muety/wakapi/routes/relay/relay.go:46.2,46.27 1 0
github.com/muety/wakapi/routes/relay/relay.go:49.58,50.36 1 0
github.com/muety/wakapi/routes/relay/relay.go:50.36,52.3 1 0
github.com/muety/wakapi/routes/relay/relay.go:54.2,58.27 4 0
github.com/muety/wakapi/routes/relay/relay.go:61.68,63.16 2 0
github.com/muety/wakapi/routes/relay/relay.go:63.16,67.3 3 0
github.com/muety/wakapi/routes/relay/relay.go:68.2,71.35 2 0
github.com/muety/wakapi/routes/relay/relay.go:71.35,74.4 2 0
github.com/muety/wakapi/routes/relay/relay.go:77.2,77.19 1 0
github.com/muety/wakapi/routes/relay/relay.go:87.34,87.35 0 0
github.com/muety/wakapi/routes/relay/relay.go:96.34,96.35 0 0
github.com/muety/wakapi/routes/relay/relay.go:105.34,105.35 0 0
github.com/muety/wakapi/routes/relay/relay.go:114.34,114.35 0 0
github.com/muety/wakapi/routes/relay/relay.go:123.34,123.35 0 0
github.com/muety/wakapi/config/config.go:207.64,209.2 1 0
github.com/muety/wakapi/config/config.go:211.59,213.2 1 0
github.com/muety/wakapi/config/config.go:215.82,225.2 1 0
github.com/muety/wakapi/config/config.go:227.31,229.2 1 0
github.com/muety/wakapi/config/config.go:231.32,233.2 1 0
github.com/muety/wakapi/config/config.go:235.60,237.2 1 0
github.com/muety/wakapi/config/config.go:239.59,241.2 1 0
github.com/muety/wakapi/config/config.go:243.57,245.2 1 0
github.com/muety/wakapi/config/config.go:247.53,249.2 1 0
github.com/muety/wakapi/config/config.go:251.53,252.49 1 0
github.com/muety/wakapi/config/config.go:252.49,256.23 3 0
github.com/muety/wakapi/config/config.go:256.23,258.10 1 0
github.com/muety/wakapi/config/config.go:260.9,261.23 2 0
github.com/muety/wakapi/config/config.go:261.23,263.10 1 0
github.com/muety/wakapi/config/config.go:265.9,265.50 1 0
github.com/muety/wakapi/config/config.go:268.5,268.54 1 0
github.com/muety/wakapi/config/config.go:271.50,272.50 1 0
github.com/muety/wakapi/config/config.go:272.50,279.23 5 0
github.com/muety/wakapi/config/config.go:279.23,281.10 1 0
github.com/muety/wakapi/config/config.go:283.9,284.23 2 0
github.com/muety/wakapi/config/config.go:284.23,286.10 1 0
github.com/muety/wakapi/config/config.go:288.9,288.60 1 0
github.com/muety/wakapi/config/config.go:291.5,291.55 1 0
github.com/muety/wakapi/config/config.go:294.65,299.59 3 0
github.com/muety/wakapi/config/config.go:299.59,301.39 1 0
github.com/muety/wakapi/config/config.go:301.39,304.27 3 0
github.com/muety/wakapi/config/config.go:304.27,306.14 1 0
github.com/muety/wakapi/config/config.go:308.13,309.27 2 0
github.com/muety/wakapi/config/config.go:309.27,311.14 1 0
github.com/muety/wakapi/config/config.go:313.13,313.54 1 0
github.com/muety/wakapi/config/config.go:315.11,316.39 1 0
github.com/muety/wakapi/config/config.go:316.39,318.10 1 0
github.com/muety/wakapi/config/config.go:321.5,321.79 1 0
github.com/muety/wakapi/config/config.go:321.79,323.6 1 0
github.com/muety/wakapi/config/config.go:325.5,325.17 1 0
github.com/muety/wakapi/config/config.go:328.54,331.2 2 0
github.com/muety/wakapi/config/config.go:333.54,335.67 2 0
github.com/muety/wakapi/config/config.go:335.67,336.76 1 0
github.com/muety/wakapi/config/config.go:336.76,338.10 1 0
github.com/muety/wakapi/config/config.go:338.15,340.10 1 0
github.com/muety/wakapi/config/config.go:344.58,346.2 1 0
github.com/muety/wakapi/config/config.go:348.66,350.2 1 0
github.com/muety/wakapi/config/config.go:352.65,354.2 1 0
github.com/muety/wakapi/config/config.go:356.73,358.2 1 0
github.com/muety/wakapi/config/config.go:360.70,363.26 3 0
github.com/muety/wakapi/config/config.go:363.26,365.6 1 0
github.com/muety/wakapi/config/config.go:367.5,371.23 4 0
github.com/muety/wakapi/config/config.go:372.14,373.34 1 0
github.com/muety/wakapi/config/config.go:374.14,375.34 1 0
github.com/muety/wakapi/config/config.go:376.14,377.32 1 0
github.com/muety/wakapi/config/config.go:380.5,380.54 1 0
github.com/muety/wakapi/config/config.go:383.36,385.2 1 0
github.com/muety/wakapi/config/config.go:387.35,389.2 1 0
github.com/muety/wakapi/config/config.go:391.38,393.2 1 0
github.com/muety/wakapi/config/config.go:395.35,397.2 1 0
github.com/muety/wakapi/config/config.go:399.46,401.2 1 0
github.com/muety/wakapi/config/config.go:403.43,405.2 1 0
github.com/muety/wakapi/config/config.go:407.29,409.2 1 1
github.com/muety/wakapi/config/config.go:411.48,422.19 2 0
github.com/muety/wakapi/config/config.go:422.19,424.6 1 0
github.com/muety/wakapi/config/config.go:426.5,427.56 2 0
github.com/muety/wakapi/config/config.go:427.56,429.6 1 0
github.com/muety/wakapi/config/config.go:431.5,431.18 1 0
github.com/muety/wakapi/config/config.go:434.45,435.30 1 0
github.com/muety/wakapi/config/config.go:435.30,437.6 1 0
github.com/muety/wakapi/config/config.go:438.5,438.27 1 0
github.com/muety/wakapi/config/config.go:438.27,440.6 1 0
github.com/muety/wakapi/config/config.go:441.5,441.28 1 0
github.com/muety/wakapi/config/config.go:441.28,443.6 1 0
github.com/muety/wakapi/config/config.go:444.5,444.18 1 0
github.com/muety/wakapi/config/config.go:447.26,449.2 1 0
github.com/muety/wakapi/config/config.go:451.20,453.2 1 0
github.com/muety/wakapi/config/config.go:455.54,458.85 2 0
github.com/muety/wakapi/config/config.go:458.85,460.6 1 0
github.com/muety/wakapi/config/config.go:462.5,466.24 4 0
github.com/muety/wakapi/config/config.go:466.24,468.6 1 0
github.com/muety/wakapi/config/config.go:470.5,478.19 7 0
github.com/muety/wakapi/config/config.go:478.19,482.6 3 0
github.com/muety/wakapi/config/config.go:484.5,490.50 5 0
github.com/muety/wakapi/config/config.go:490.50,491.20 1 0
[...]
github.com/muety/wakapi/repositories/summary.go:49.41,52.4 2 0
github.com/muety/wakapi/repositories/summary.go:54.3,54.42 1 0
github.com/muety/wakapi/repositories/summary.go:54.42,57.4 2 0
github.com/muety/wakapi/repositories/summary.go:59.3,59.49 1 0
github.com/muety/wakapi/repositories/summary.go:59.49,62.4 2 0
github.com/muety/wakapi/repositories/summary.go:64.3,64.40 1 0
github.com/muety/wakapi/repositories/summary.go:64.40,67.4 2 0
github.com/muety/wakapi/repositories/summary.go:69.3,69.43 1 0
github.com/muety/wakapi/repositories/summary.go:69.43,72.4 2 0
github.com/muety/wakapi/repositories/summary.go:74.3,74.29 1 0
github.com/muety/wakapi/repositories/summary.go:74.29,75.57 1 0
github.com/muety/wakapi/repositories/summary.go:75.57,77.5 1 0
github.com/muety/wakapi/repositories/summary.go:80.3,80.13 1 0
github.com/muety/wakapi/repositories/summary.go:81.17,83.3 1 0
github.com/muety/wakapi/repositories/summary.go:85.2,85.12 1 0
github.com/muety/wakapi/repositories/summary.go:88.111,100.36 4 0
github.com/muety/wakapi/repositories/summary.go:100.36,102.3 1 0
github.com/muety/wakapi/repositories/summary.go:105.2,105.49 1 0
github.com/muety/wakapi/repositories/summary.go:105.49,107.3 1 0
github.com/muety/wakapi/repositories/summary.go:109.2,109.68 1 0
github.com/muety/wakapi/repositories/summary.go:109.68,111.3 1 0
github.com/muety/wakapi/repositories/summary.go:113.2,113.23 1 0
github.com/muety/wakapi/repositories/summary.go:116.75,124.2 3 0
github.com/muety/wakapi/repositories/summary.go:126.63,129.46 1 0
github.com/muety/wakapi/repositories/summary.go:129.46,131.3 1 0
github.com/muety/wakapi/repositories/summary.go:132.2,132.12 1 0
github.com/muety/wakapi/repositories/summary.go:135.82,139.46 1 0
github.com/muety/wakapi/repositories/summary.go:139.46,141.3 1 0
github.com/muety/wakapi/repositories/summary.go:142.2,142.12 1 0
github.com/muety/wakapi/repositories/summary.go:146.109,149.95 2 0
github.com/muety/wakapi/repositories/summary.go:149.95,151.3 1 0
github.com/muety/wakapi/repositories/summary.go:153.2,159.31 2 0
github.com/muety/wakapi/repositories/summary.go:159.31,161.3 1 0
github.com/muety/wakapi/repositories/summary.go:163.2,163.45 1 0
github.com/muety/wakapi/repositories/summary.go:163.45,165.3 1 0
github.com/muety/wakapi/repositories/summary.go:167.2,167.29 1 0
github.com/muety/wakapi/repositories/summary.go:167.29,168.47 1 0
github.com/muety/wakapi/repositories/summary.go:168.47,169.12 1 0
github.com/muety/wakapi/repositories/summary.go:171.3,172.24 2 0
github.com/muety/wakapi/repositories/summary.go:175.2,175.12 1 0
github.com/muety/wakapi/repositories/user.go:18.53,20.2 1 0
github.com/muety/wakapi/repositories/user.go:22.80,24.63 2 0
github.com/muety/wakapi/repositories/user.go:24.63,26.3 1 0
github.com/muety/wakapi/repositories/user.go:27.2,27.15 1 0
github.com/muety/wakapi/repositories/user.go:30.77,35.34 2 0
github.com/muety/wakapi/repositories/user.go:35.34,37.3 1 0
github.com/muety/wakapi/repositories/user.go:38.2,38.19 1 0
github.com/muety/wakapi/repositories/user.go:41.59,45.34 2 0
github.com/muety/wakapi/repositories/user.go:45.34,47.3 1 0
github.com/muety/wakapi/repositories/user.go:48.2,48.19 1 0
github.com/muety/wakapi/repositories/user.go:51.72,56.34 2 0
github.com/muety/wakapi/repositories/user.go:56.34,58.3 1 0
github.com/muety/wakapi/repositories/user.go:59.2,59.19 1 0
github.com/muety/wakapi/repositories/user.go:62.87,64.99 2 0
github.com/muety/wakapi/repositories/user.go:64.99,66.3 1 0
github.com/muety/wakapi/repositories/user.go:67.2,67.19 1 0
github.com/muety/wakapi/repositories/user.go:70.95,72.107 2 0
github.com/muety/wakapi/repositories/user.go:72.107,74.3 1 0
github.com/muety/wakapi/repositories/user.go:75.2,75.19 1 0
github.com/muety/wakapi/repositories/user.go:78.82,80.2 1 0
github.com/muety/wakapi/repositories/user.go:82.83,84.2 1 0
github.com/muety/wakapi/repositories/user.go:88.84,98.36 3 0
github.com/muety/wakapi/repositories/user.go:98.36,100.3 1 0
github.com/muety/wakapi/repositories/user.go:102.2,102.28 1 0
github.com/muety/wakapi/repositories/user.go:105.49,109.35 2 0
github.com/muety/wakapi/repositories/user.go:109.35,111.3 1 0
github.com/muety/wakapi/repositories/user.go:112.2,112.19 1 0
github.com/muety/wakapi/repositories/user.go:115.85,116.89 1 0
github.com/muety/wakapi/repositories/user.go:116.89,118.3 1 0
github.com/muety/wakapi/repositories/user.go:120.2,121.37 2 0
github.com/muety/wakapi/repositories/user.go:121.37,123.3 1 0
github.com/muety/wakapi/repositories/user.go:125.2,125.24 1 0
github.com/muety/wakapi/repositories/user.go:128.74,157.37 3 0
github.com/muety/wakapi/repositories/user.go:157.37,159.3 1 0
github.com/muety/wakapi/repositories/user.go:161.2,161.18 1 0
github.com/muety/wakapi/repositories/user.go:164.110,166.37 2 0
github.com/muety/wakapi/repositories/user.go:166.37,168.3 1 0
github.com/muety/wakapi/repositories/user.go:170.2,170.30 1 0
github.com/muety/wakapi/repositories/user.go:170.30,172.3 1 0
github.com/muety/wakapi/repositories/user.go:174.2,174.18 1 0
github.com/muety/wakapi/repositories/user.go:177.58,179.2 1 0
github.com/muety/wakapi/repositories/user.go:181.89,186.34 3 0
github.com/muety/wakapi/repositories/user.go:186.34,188.3 1 0
github.com/muety/wakapi/repositories/user.go:189.2,189.19 1 0
github.com/muety/wakapi/routes/utils/badge_utils.go:20.13,23.2 2 1
github.com/muety/wakapi/routes/utils/badge_utils.go:25.129,29.76 3 0
github.com/muety/wakapi/routes/utils/badge_utils.go:29.76,31.3 1 0
github.com/muety/wakapi/routes/utils/badge_utils.go:33.2,34.72 2 0
github.com/muety/wakapi/routes/utils/badge_utils.go:34.72,35.61 1 0
github.com/muety/wakapi/routes/utils/badge_utils.go:35.61,37.4 1 0
github.com/muety/wakapi/routes/utils/badge_utils.go:40.2,48.86 4 0
github.com/muety/wakapi/routes/utils/badge_utils.go:48.86,50.3 1 0
github.com/muety/wakapi/routes/utils/badge_utils.go:52.2,54.22 3 0
github.com/muety/wakapi/routes/utils/badge_utils.go:55.17,57.68 2 0
github.com/muety/wakapi/routes/utils/badge_utils.go:58.12,60.63 2 0
github.com/muety/wakapi/routes/utils/badge_utils.go:61.16,63.67 2 0
github.com/muety/wakapi/routes/utils/badge_utils.go:64.18,66.69 2 0
github.com/muety/wakapi/routes/utils/badge_utils.go:67.17,69.68 2 0
github.com/muety/wakapi/routes/utils/badge_utils.go:70.15,72.66 2 0
github.com/muety/wakapi/routes/utils/badge_utils.go:74.10,77.30 2 0
github.com/muety/wakapi/routes/utils/badge_utils.go:80.2,80.34 1 0
github.com/muety/wakapi/routes/utils/badge_utils.go:80.34,82.3 1 0
github.com/muety/wakapi/routes/utils/badge_utils.go:84.2,84.31 1 0
github.com/muety/wakapi/routes/utils/heartbeat_utils.go:11.68,13.16 2 0
github.com/muety/wakapi/routes/utils/heartbeat_utils.go:13.16,15.3 1 0
github.com/muety/wakapi/routes/utils/heartbeat_utils.go:17.2,18.16 2 0
github.com/muety/wakapi/routes/utils/heartbeat_utils.go:18.16,20.3 1 0
github.com/muety/wakapi/routes/utils/heartbeat_utils.go:22.2,22.35 1 0
github.com/muety/wakapi/routes/utils/heartbeat_utils.go:25.65,33.48 6 0
github.com/muety/wakapi/routes/utils/heartbeat_utils.go:33.48,35.3 1 0
github.com/muety/wakapi/routes/utils/heartbeat_utils.go:37.2,37.24 1 0
github.com/muety/wakapi/routes/utils/heartbeat_utils.go:40.67,48.47 6 0
github.com/muety/wakapi/routes/utils/heartbeat_utils.go:48.47,50.3 1 0
github.com/muety/wakapi/routes/utils/heartbeat_utils.go:52.2,52.45 1 0
github.com/muety/wakapi/routes/utils/messages.go:9.71,11.2 1 0
github.com/muety/wakapi/routes/utils/messages.go:13.73,15.2 1 0
github.com/muety/wakapi/routes/utils/messages.go:17.97,19.57 2 0
github.com/muety/wakapi/routes/utils/messages.go:19.57,21.3 1 0
github.com/muety/wakapi/routes/utils/messages.go:22.2,22.65 1 0
github.com/muety/wakapi/routes/utils/messages.go:22.65,24.3 1 0
github.com/muety/wakapi/routes/utils/messages.go:25.2,26.11 2 0
github.com/muety/wakapi/routes/utils/messages.go:29.78,33.2 3 0
github.com/muety/wakapi/routes/utils/project_utils.go:15.144,18.16 2 0
github.com/muety/wakapi/routes/utils/project_utils.go:18.16,20.3 1 0
github.com/muety/wakapi/routes/utils/project_utils.go:23.2,24.16 2 0
github.com/muety/wakapi/routes/utils/project_utils.go:24.16,26.3 1 0
github.com/muety/wakapi/routes/utils/project_utils.go:28.2,32.35 2 0
github.com/muety/wakapi/routes/utils/project_utils.go:32.35,35.3 2 0
github.com/muety/wakapi/routes/utils/project_utils.go:37.2,39.20 3 0
github.com/muety/wakapi/routes/utils/summary_utils.go:12.98,14.16 2 0
github.com/muety/wakapi/routes/utils/summary_utils.go:14.16,16.3 1 0
github.com/muety/wakapi/routes/utils/summary_utils.go:17.2,17.51 1 0
github.com/muety/wakapi/routes/utils/summary_utils.go:20.119,22.22 2 0
github.com/muety/wakapi/routes/utils/summary_utils.go:22.22,24.3 1 0
github.com/muety/wakapi/routes/utils/summary_utils.go:26.2,34.16 2 0
github.com/muety/wakapi/routes/utils/summary_utils.go:34.16,36.3 1 0
github.com/muety/wakapi/routes/utils/summary_utils.go:38.2,41.36 3 0
github.com/muety/wakapi/routes/utils/summary_utils.go:44.90,46.32 2 0
github.com/muety/wakapi/routes/utils/summary_utils.go:46.32,47.50 1 0
github.com/muety/wakapi/routes/utils/summary_utils.go:47.50,49.4 1 0
github.com/muety/wakapi/routes/utils/summary_utils.go:51.2,51.15 1 0
github.com/muety/wakapi/routes/utils/user_utils.go:15.139,16.68 1 1
github.com/muety/wakapi/routes/utils/user_utils.go:16.68,21.3 4 1
github.com/muety/wakapi/routes/utils/user_utils.go:23.2,24.21 2 1
github.com/muety/wakapi/routes/utils/user_utils.go:24.21,26.3 1 1
github.com/muety/wakapi/routes/utils/user_utils.go:28.2,29.27 2 1
github.com/muety/wakapi/routes/utils/user_utils.go:29.27,31.3 1 1
github.com/muety/wakapi/routes/utils/user_utils.go:31.8,31.35 1 1
github.com/muety/wakapi/routes/utils/user_utils.go:31.35,33.3 1 1
github.com/muety/wakapi/routes/utils/user_utils.go:35.2,35.63 1 1
github.com/muety/wakapi/routes/utils/user_utils.go:35.63,37.3 1 1
github.com/muety/wakapi/routes/utils/user_utils.go:39.2,40.16 2 1
github.com/muety/wakapi/routes/utils/user_utils.go:40.16,42.3 1 0
github.com/muety/wakapi/routes/utils/user_utils.go:44.2,44.27 1 1
github.com/muety/wakapi/utils/auth.go:15.79,17.54 2 0
github.com/muety/wakapi/utils/auth.go:17.54,19.3 1 0
github.com/muety/wakapi/utils/auth.go:21.2,23.16 3 0
github.com/muety/wakapi/utils/auth.go:23.16,25.3 1 0
github.com/muety/wakapi/utils/auth.go:27.2,29.45 3 0
github.com/muety/wakapi/utils/auth.go:29.45,31.3 1 0
github.com/muety/wakapi/utils/auth.go:32.2,33.32 2 0
github.com/muety/wakapi/utils/auth.go:36.65,38.85 2 0
github.com/muety/wakapi/utils/auth.go:38.85,40.3 1 0
github.com/muety/wakapi/utils/auth.go:42.2,43.30 2 0
github.com/muety/wakapi/utils/auth.go:48.57,49.34 1 0
github.com/muety/wakapi/utils/auth.go:49.34,51.3 1 0
github.com/muety/wakapi/utils/auth.go:52.2,52.45 1 0
github.com/muety/wakapi/utils/auth.go:55.57,57.2 1 0
github.com/muety/wakapi/utils/auth.go:59.55,63.2 3 0
github.com/muety/wakapi/utils/auth.go:65.55,68.16 3 0
github.com/muety/wakapi/utils/auth.go:68.16,70.3 1 0
github.com/muety/wakapi/utils/auth.go:71.2,71.16 1 0
github.com/muety/wakapi/utils/auth.go:74.57,78.2 3 0
github.com/muety/wakapi/utils/auth.go:80.57,83.16 3 0
github.com/muety/wakapi/utils/auth.go:83.16,85.3 1 0
github.com/muety/wakapi/utils/auth.go:86.2,86.16 1 0
github.com/muety/wakapi/utils/collection.go:5.52,6.28 1 0
github.com/muety/wakapi/utils/collection.go:6.28,8.3 1 0
github.com/muety/wakapi/utils/collection.go:9.2,9.26 1 0
github.com/muety/wakapi/utils/collection.go:9.26,11.3 1 0
github.com/muety/wakapi/utils/collection.go:12.2,12.28 1 0
github.com/muety/wakapi/utils/collection.go:15.78,17.22 2 0
github.com/muety/wakapi/utils/collection.go:17.22,18.18 1 0
github.com/muety/wakapi/utils/collection.go:18.18,20.4 1 0
github.com/muety/wakapi/utils/collection.go:21.3,21.12 1 0
github.com/muety/wakapi/utils/collection.go:23.2,23.11 1 0
github.com/muety/wakapi/utils/color.go:8.41,11.16 2 0
github.com/muety/wakapi/utils/color.go:12.9,13.51 1 0
github.com/muety/wakapi/utils/color.go:14.9,18.12 4 0
github.com/muety/wakapi/utils/color.go:20.2,20.8 1 0
github.com/muety/wakapi/utils/color.go:23.37,25.2 1 0
github.com/muety/wakapi/utils/color.go:27.70,28.15 1 0
github.com/muety/wakapi/utils/color.go:28.15,30.3 1 0
github.com/muety/wakapi/utils/color.go:30.8,30.22 1 0
github.com/muety/wakapi/utils/color.go:30.22,32.3 1 0
github.com/muety/wakapi/utils/color.go:34.2,39.43 5 0
github.com/muety/wakapi/utils/cron.go:5.44,7.21 2 0
github.com/muety/wakapi/utils/cron.go:7.21,9.3 1 0
github.com/muety/wakapi/utils/cron.go:10.2,10.20 1 0
github.com/muety/wakapi/utils/date.go:9.52,12.2 2 0
github.com/muety/wakapi/utils/date.go:14.48,16.2 1 0
github.com/muety/wakapi/utils/date.go:18.51,20.2 1 0
github.com/muety/wakapi/utils/date.go:22.52,24.2 1 0
github.com/muety/wakapi/utils/date.go:26.51,28.2 1 0
github.com/muety/wakapi/utils/date.go:31.41,33.21 2 0
github.com/muety/wakapi/utils/date.go:33.21,35.3 1 0
github.com/muety/wakapi/utils/date.go:36.2,36.33 1 0
github.com/muety/wakapi/utils/date.go:40.67,43.33 2 1
github.com/muety/wakapi/utils/date.go:43.33,45.19 2 1
github.com/muety/wakapi/utils/date.go:45.19,47.4 1 1
github.com/muety/wakapi/utils/date.go:48.3,49.10 2 1
github.com/muety/wakapi/utils/date.go:52.2,52.18 1 1
github.com/muety/wakapi/utils/date.go:56.36,59.2 2 0
github.com/muety/wakapi/utils/date.go:61.42,62.28 1 0
github.com/muety/wakapi/utils/date.go:63.52,64.21 1 0
github.com/muety/wakapi/utils/date.go:65.53,66.22 1 0
github.com/muety/wakapi/utils/date.go:67.55,68.24 1 0
github.com/muety/wakapi/utils/date.go:69.54,70.23 1 0
github.com/muety/wakapi/utils/date.go:71.52,72.21 1 0
github.com/muety/wakapi/utils/date.go:73.54,74.23 1 0
github.com/muety/wakapi/utils/date.go:75.52,76.21 1 0
github.com/muety/wakapi/utils/date.go:78.2,78.20 1 0
github.com/muety/wakapi/utils/db.go:12.34,13.40 1 0
github.com/muety/wakapi/utils/db.go:13.40,15.116 2 0
github.com/muety/wakapi/utils/db.go:15.116,18.10 2 0
github.com/muety/wakapi/utils/db.go:19.9,19.26 1 0
github.com/muety/wakapi/utils/db.go:21.5,22.17 2 0
github.com/muety/wakapi/utils/db.go:25.39,26.40 1 0
github.com/muety/wakapi/utils/db.go:26.40,28.125 2 0
github.com/muety/wakapi/utils/db.go:28.125,31.10 2 0
github.com/muety/wakapi/utils/db.go:32.9,32.26 1 0
github.com/muety/wakapi/utils/db.go:34.5,35.17 2 0
github.com/muety/wakapi/utils/db.go:38.66,39.51 1 0
github.com/muety/wakapi/utils/db.go:39.51,41.6 1 0
github.com/muety/wakapi/utils/db.go:42.5,42.56 1 0
github.com/muety/wakapi/utils/db.go:45.59,46.19 1 0
github.com/muety/wakapi/utils/db.go:46.19,48.6 1 0
github.com/muety/wakapi/utils/db.go:49.5,49.18 1 0
github.com/muety/wakapi/utils/db.go:49.18,51.6 1 0
github.com/muety/wakapi/utils/db.go:52.5,52.17 1 0
github.com/muety/wakapi/utils/db.go:59.47,61.2 1 0
github.com/muety/wakapi/utils/db.go:63.60,65.2 1 0
github.com/muety/wakapi/utils/db.go:68.63,75.2 3 0
github.com/muety/wakapi/utils/db.go:78.80,82.44 2 0
github.com/muety/wakapi/utils/db.go:82.44,84.6 1 0
github.com/muety/wakapi/utils/db.go:86.5,86.60 1 0
github.com/muety/wakapi/utils/dns.go:9.38,11.21 2 0
github.com/muety/wakapi/utils/dns.go:11.21,13.3 1 0
github.com/muety/wakapi/utils/dns.go:14.2,15.39 2 0
github.com/muety/wakapi/utils/func.go:10.77,11.18 1 0
github.com/muety/wakapi/utils/func.go:11.18,12.37 1 0
github.com/muety/wakapi/utils/func.go:12.37,16.10 3 0
github.com/muety/wakapi/utils/func.go:18.5,19.15 2 0
github.com/muety/wakapi/utils/func.go:23.57,24.51 1 0
github.com/muety/wakapi/utils/func.go:24.51,26.6 1 0
github.com/muety/wakapi/utils/http.go:25.13,27.2 1 1
github.com/muety/wakapi/utils/http.go:34.34,35.20 1 0
github.com/muety/wakapi/utils/http.go:35.20,37.3 1 0
github.com/muety/wakapi/utils/http.go:38.2,38.19 1 0
github.com/muety/wakapi/utils/http.go:41.35,42.21 1 0
github.com/muety/wakapi/utils/http.go:42.21,44.3 1 0
github.com/muety/wakapi/utils/http.go:45.2,45.34 1 0
github.com/muety/wakapi/utils/http.go:49.62,51.48 2 0
github.com/muety/wakapi/utils/http.go:51.48,53.3 1 0
github.com/muety/wakapi/utils/http.go:54.2,54.93 1 0
github.com/muety/wakapi/utils/http.go:54.93,55.89 1 0
github.com/muety/wakapi/utils/http.go:55.89,57.4 1 0
github.com/muety/wakapi/utils/http.go:59.2,59.14 1 0
github.com/muety/wakapi/utils/http.go:62.51,66.46 4 0
github.com/muety/wakapi/utils/http.go:66.46,68.3 1 0
github.com/muety/wakapi/utils/http.go:69.2,69.73 1 0
github.com/muety/wakapi/utils/http.go:69.73,71.3 1 0
github.com/muety/wakapi/utils/http.go:72.2,72.19 1 0
github.com/muety/wakapi/utils/http.go:75.78,77.26 2 0
github.com/muety/wakapi/utils/http.go:77.26,79.3 1 0
github.com/muety/wakapi/utils/http.go:80.2,80.30 1 0
github.com/muety/wakapi/utils/http.go:80.30,82.3 1 0
github.com/muety/wakapi/utils/http.go:83.2,83.19 1 0
github.com/muety/wakapi/utils/http.go:86.56,89.88 2 1
github.com/muety/wakapi/utils/http.go:89.88,90.28 1 1
github.com/muety/wakapi/utils/http.go:90.28,92.4 1 1
github.com/muety/wakapi/utils/http.go:94.3,94.63 1 1
github.com/muety/wakapi/utils/http.go:94.63,96.4 1 1
github.com/muety/wakapi/utils/http.go:97.3,97.61 1 1
github.com/muety/wakapi/utils/http.go:100.2,100.79 1 1
github.com/muety/wakapi/utils/http.go:100.79,102.3 1 1
github.com/muety/wakapi/utils/http.go:103.2,103.64 1 1
github.com/muety/wakapi/utils/http.go:106.76,107.16 1 0
github.com/muety/wakapi/utils/http.go:107.16,109.3 1 0
github.com/muety/wakapi/utils/http.go:110.2,110.27 1 0
github.com/muety/wakapi/utils/http.go:110.27,113.100 3 0
github.com/muety/wakapi/utils/http.go:113.100,118.4 4 0
github.com/muety/wakapi/utils/http.go:119.3,119.139 1 0
github.com/muety/wakapi/utils/http.go:121.2,121.17 1 0
github.com/muety/wakapi/utils/json.go:12.75,18.62 2 0
github.com/muety/wakapi/utils/json.go:18.62,20.3 1 0
github.com/muety/wakapi/utils/json.go:22.2,22.29 1 0
github.com/muety/wakapi/utils/json.go:22.29,24.3 1 0
github.com/muety/wakapi/utils/json.go:26.2,26.72 1 0
github.com/muety/wakapi/utils/json.go:26.72,28.3 1 0
github.com/muety/wakapi/utils/json.go:29.2,29.70 1 0
github.com/muety/wakapi/utils/json.go:29.70,31.3 1 0
github.com/muety/wakapi/utils/json.go:33.2,33.20 1 0
github.com/muety/wakapi/utils/strings.go:7.58,8.49 1 0
github.com/muety/wakapi/utils/strings.go:8.49,9.32 1 0
github.com/muety/wakapi/utils/strings.go:9.32,10.22 1 0
github.com/muety/wakapi/utils/strings.go:10.22,12.5 1 0
github.com/muety/wakapi/utils/strings.go:14.3,14.15 1 0
github.com/muety/wakapi/utils/strings.go:18.77,19.29 1 0
github.com/muety/wakapi/utils/strings.go:19.29,20.18 1 0
github.com/muety/wakapi/utils/strings.go:20.18,22.4 1 0
github.com/muety/wakapi/utils/strings.go:24.2,24.19 1 0
github.com/muety/wakapi/utils/sync.go:11.66,13.12 2 0
github.com/muety/wakapi/utils/sync.go:13.12,16.3 2 0
github.com/muety/wakapi/utils/sync.go:17.2,17.9 1 0
github.com/muety/wakapi/utils/sync.go:18.11,19.15 1 0
github.com/muety/wakapi/utils/sync.go:20.29,21.14 1 0
github.com/muety/wakapi/utils/system.go:8.20,10.2 1 0
github.com/muety/wakapi/utils/system.go:12.21,14.2 1 0
github.com/muety/wakapi/utils/template.go:13.41,15.16 2 0
github.com/muety/wakapi/utils/template.go:15.16,17.3 1 0
github.com/muety/wakapi/utils/template.go:18.2,18.23 1 0
github.com/muety/wakapi/utils/template.go:21.37,22.30 1 0
github.com/muety/wakapi/utils/template.go:22.30,24.3 1 0
github.com/muety/wakapi/utils/template.go:25.2,25.10 1 0
github.com/muety/wakapi/utils/template.go:28.83,33.16 4 0
github.com/muety/wakapi/utils/template.go:33.16,35.3 1 0
github.com/muety/wakapi/utils/template.go:37.2,37.29 1 0
github.com/muety/wakapi/utils/template.go:37.29,39.51 2 0
github.com/muety/wakapi/utils/template.go:39.51,40.12 1 0
github.com/muety/wakapi/utils/template.go:43.3,44.17 2 0
github.com/muety/wakapi/utils/template.go:44.17,46.4 1 0
github.com/muety/wakapi/utils/template.go:47.3,48.17 2 0
github.com/muety/wakapi/utils/template.go:48.17,50.4 1 0
github.com/muety/wakapi/utils/template.go:52.3,55.17 3 0
github.com/muety/wakapi/utils/template.go:55.17,57.4 1 0
github.com/muety/wakapi/utils/template.go:59.3,59.27 1 0
github.com/muety/wakapi/utils/template.go:62.2,62.23 1 0
