mode: set
github.com/muety/wakapi/models/heartbeat.go:32.34,34.2 1 1
github.com/muety/wakapi/models/heartbeat.go:36.65,38.46 2 1
github.com/muety/wakapi/models/heartbeat.go:38.46,39.108 1 1
github.com/muety/wakapi/models/heartbeat.go:39.108,42.4 2 1
github.com/muety/wakapi/models/heartbeat.go:46.50,47.11 1 1
github.com/muety/wakapi/models/heartbeat.go:60.2,60.15 1 1
github.com/muety/wakapi/models/heartbeat.go:64.2,64.12 1 1
github.com/muety/wakapi/models/heartbeat.go:48.22,49.18 1 1
github.com/muety/wakapi/models/heartbeat.go:50.21,51.17 1 1
github.com/muety/wakapi/models/heartbeat.go:52.23,53.19 1 1
github.com/muety/wakapi/models/heartbeat.go:54.17,55.26 1 1
github.com/muety/wakapi/models/heartbeat.go:56.22,57.18 1 1
github.com/muety/wakapi/models/heartbeat.go:60.15,62.3 1 1
github.com/muety/wakapi/models/heartbeat.go:67.37,83.2 1 0
github.com/muety/wakapi/models/heartbeat.go:91.41,93.16 2 0
github.com/muety/wakapi/models/heartbeat.go:96.2,97.10 2 0
github.com/muety/wakapi/models/heartbeat.go:93.16,95.3 1 0
github.com/muety/wakapi/models/heartbeats.go:7.31,9.2 1 0
github.com/muety/wakapi/models/heartbeats.go:11.41,13.2 1 0
github.com/muety/wakapi/models/heartbeats.go:15.36,17.2 1 0
github.com/muety/wakapi/models/heartbeats.go:19.43,22.2 2 0
github.com/muety/wakapi/models/heartbeats.go:24.41,26.18 1 0
github.com/muety/wakapi/models/heartbeats.go:29.2,29.16 1 0
github.com/muety/wakapi/models/heartbeats.go:26.18,28.3 1 0
github.com/muety/wakapi/models/heartbeats.go:32.40,34.18 1 0
github.com/muety/wakapi/models/heartbeats.go:37.2,37.24 1 0
github.com/muety/wakapi/models/heartbeats.go:34.18,36.3 1 0
github.com/muety/wakapi/models/mail.go:16.44,20.2 3 0
github.com/muety/wakapi/models/mail.go:22.44,26.2 3 0
github.com/muety/wakapi/models/mail.go:28.32,41.2 1 0
github.com/muety/wakapi/models/mail.go:43.41,45.2 1 0
github.com/muety/wakapi/models/models.go:3.14,5.2 0 1
github.com/muety/wakapi/models/shared.go:35.52,37.2 1 0
github.com/muety/wakapi/models/shared.go:39.52,42.16 3 0
github.com/muety/wakapi/models/shared.go:45.2,47.12 3 0
github.com/muety/wakapi/models/shared.go:42.16,44.3 1 0
github.com/muety/wakapi/models/shared.go:50.52,56.22 2 0
github.com/muety/wakapi/models/shared.go:71.2,74.12 3 0
github.com/muety/wakapi/models/shared.go:57.14,61.17 2 0
github.com/muety/wakapi/models/shared.go:64.17,66.8 2 0
github.com/muety/wakapi/models/shared.go:67.10,68.64 1 0
github.com/muety/wakapi/models/shared.go:61.17,63.4 1 0
github.com/muety/wakapi/models/shared.go:77.51,80.2 2 0
github.com/muety/wakapi/models/shared.go:82.45,84.2 1 0
github.com/muety/wakapi/models/shared.go:86.37,88.2 1 0
github.com/muety/wakapi/models/shared.go:90.35,92.2 1 0
github.com/muety/wakapi/models/shared.go:94.34,96.2 1 0
github.com/muety/wakapi/models/alias.go:12.32,14.2 1 0
github.com/muety/wakapi/models/alias.go:16.37,17.35 1 0
github.com/muety/wakapi/models/alias.go:22.2,22.14 1 0
github.com/muety/wakapi/models/alias.go:17.35,18.18 1 0
github.com/muety/wakapi/models/alias.go:18.18,20.4 1 0
github.com/muety/wakapi/models/filters.go:16.56,17.16 1 0
github.com/muety/wakapi/models/filters.go:29.2,29.19 1 0
github.com/muety/wakapi/models/filters.go:18.22,19.32 1 0
github.com/muety/wakapi/models/filters.go:20.17,21.27 1 0
github.com/muety/wakapi/models/filters.go:22.23,23.33 1 0
github.com/muety/wakapi/models/filters.go:24.21,25.31 1 0
github.com/muety/wakapi/models/filters.go:26.22,27.32 1 0
github.com/muety/wakapi/models/filters.go:32.47,33.21 1 1
github.com/muety/wakapi/models/filters.go:44.2,44.21 1 1
github.com/muety/wakapi/models/filters.go:33.21,35.3 1 1
github.com/muety/wakapi/models/filters.go:35.8,35.23 1 1
github.com/muety/wakapi/models/filters.go:35.23,37.3 1 0
github.com/muety/wakapi/models/filters.go:37.8,37.29 1 1
github.com/muety/wakapi/models/filters.go:37.29,39.3 1 1
github.com/muety/wakapi/models/filters.go:39.8,39.27 1 1
github.com/muety/wakapi/models/filters.go:39.27,41.3 1 0
github.com/muety/wakapi/models/filters.go:41.8,41.28 1 1
github.com/muety/wakapi/models/filters.go:41.28,43.3 1 0
github.com/muety/wakapi/models/interval.go:39.47,40.23 1 0
github.com/muety/wakapi/models/interval.go:45.2,45.14 1 0
github.com/muety/wakapi/models/interval.go:40.23,41.13 1 0
github.com/muety/wakapi/models/interval.go:41.13,43.4 1 0
github.com/muety/wakapi/models/language_mapping.go:11.42,13.2 1 0
github.com/muety/wakapi/models/language_mapping.go:15.51,17.2 1 0
github.com/muety/wakapi/models/language_mapping.go:19.52,21.2 1 0
github.com/muety/wakapi/models/mail_address.go:15.13,18.2 2 1
github.com/muety/wakapi/models/mail_address.go:24.38,26.2 1 0
github.com/muety/wakapi/models/mail_address.go:28.35,30.21 2 1
github.com/muety/wakapi/models/mail_address.go:36.2,36.11 1 1
github.com/muety/wakapi/models/mail_address.go:30.21,31.21 1 1
github.com/muety/wakapi/models/mail_address.go:34.3,34.18 1 1
github.com/muety/wakapi/models/mail_address.go:31.21,33.4 1 1
github.com/muety/wakapi/models/mail_address.go:39.35,41.2 1 1
github.com/muety/wakapi/models/mail_address.go:43.43,45.22 2 0
github.com/muety/wakapi/models/mail_address.go:48.2,48.12 1 0
github.com/muety/wakapi/models/mail_address.go:45.22,47.3 1 0
github.com/muety/wakapi/models/mail_address.go:51.46,53.22 2 1
github.com/muety/wakapi/models/mail_address.go:56.2,56.12 1 1
github.com/muety/wakapi/models/mail_address.go:53.22,55.3 1 1
github.com/muety/wakapi/models/mail_address.go:59.40,60.22 1 1
github.com/muety/wakapi/models/mail_address.go:65.2,65.13 1 1
github.com/muety/wakapi/models/mail_address.go:60.22,61.17 1 1
github.com/muety/wakapi/models/mail_address.go:61.17,63.4 1 1
github.com/muety/wakapi/models/summary.go:70.29,72.2 1 1
github.com/muety/wakapi/models/summary.go:74.37,81.2 6 1
github.com/muety/wakapi/models/summary.go:83.35,85.2 1 1
github.com/muety/wakapi/models/summary.go:87.57,95.2 1 1
github.com/muety/wakapi/models/summary.go:97.64,99.2 1 0
github.com/muety/wakapi/models/summary.go:112.33,117.26 4 1
github.com/muety/wakapi/models/summary.go:124.2,124.37 1 1
github.com/muety/wakapi/models/summary.go:128.2,131.33 2 1
github.com/muety/wakapi/models/summary.go:117.26,118.30 1 1
github.com/muety/wakapi/models/summary.go:118.30,120.4 1 1
github.com/muety/wakapi/models/summary.go:124.37,126.3 1 0
github.com/muety/wakapi/models/summary.go:131.33,137.3 1 1
github.com/muety/wakapi/models/summary.go:140.45,145.30 3 1
github.com/muety/wakapi/models/summary.go:154.2,154.30 1 1
github.com/muety/wakapi/models/summary.go:145.30,146.47 1 1
github.com/muety/wakapi/models/summary.go:146.47,147.32 1 1
github.com/muety/wakapi/models/summary.go:150.4,150.9 1 1
github.com/muety/wakapi/models/summary.go:147.32,149.5 1 1
github.com/muety/wakapi/models/summary.go:157.73,159.55 2 1
github.com/muety/wakapi/models/summary.go:164.2,164.16 1 1
github.com/muety/wakapi/models/summary.go:159.55,160.31 1 1
github.com/muety/wakapi/models/summary.go:160.31,162.4 1 1
github.com/muety/wakapi/models/summary.go:167.88,169.55 2 1
github.com/muety/wakapi/models/summary.go:177.2,177.16 1 1
github.com/muety/wakapi/models/summary.go:169.55,170.31 1 1
github.com/muety/wakapi/models/summary.go:170.31,171.23 1 1
github.com/muety/wakapi/models/summary.go:174.4,174.46 1 1
github.com/muety/wakapi/models/summary.go:171.23,172.13 1 1
github.com/muety/wakapi/models/summary.go:180.70,182.8 2 1
github.com/muety/wakapi/models/summary.go:185.2,185.10 1 1
github.com/muety/wakapi/models/summary.go:182.8,184.3 1 1
github.com/muety/wakapi/models/summary.go:188.71,189.63 1 1
github.com/muety/wakapi/models/summary.go:229.2,235.10 6 1
github.com/muety/wakapi/models/summary.go:189.63,192.45 2 1
github.com/muety/wakapi/models/summary.go:201.3,201.31 1 1
github.com/muety/wakapi/models/summary.go:208.3,208.31 1 1
github.com/muety/wakapi/models/summary.go:225.3,225.16 1 1
github.com/muety/wakapi/models/summary.go:192.45,193.32 1 1
github.com/muety/wakapi/models/summary.go:198.4,198.14 1 1
github.com/muety/wakapi/models/summary.go:193.32,194.24 1 1
github.com/muety/wakapi/models/summary.go:194.24,196.6 1 1
github.com/muety/wakapi/models/summary.go:201.31,203.60 1 1
github.com/muety/wakapi/models/summary.go:203.60,205.5 1 1
github.com/muety/wakapi/models/summary.go:208.31,210.60 1 1
github.com/muety/wakapi/models/summary.go:210.60,211.55 1 1
github.com/muety/wakapi/models/summary.go:211.55,213.6 1 1
github.com/muety/wakapi/models/summary.go:213.11,221.6 1 1
github.com/muety/wakapi/models/summary.go:238.50,242.2 1 0
github.com/muety/wakapi/models/summary.go:244.33,246.2 1 1
github.com/muety/wakapi/models/summary.go:248.43,250.2 1 1
github.com/muety/wakapi/models/summary.go:252.38,254.2 1 1
github.com/muety/wakapi/models/user.go:8.13,10.2 1 1
github.com/muety/wakapi/models/user.go:77.36,78.22 1 1
github.com/muety/wakapi/models/user.go:81.2,82.16 2 1
github.com/muety/wakapi/models/user.go:85.2,85.11 1 1
github.com/muety/wakapi/models/user.go:78.22,80.3 1 1
github.com/muety/wakapi/models/user.go:82.16,84.3 1 0
github.com/muety/wakapi/models/user.go:88.41,91.2 2 1
github.com/muety/wakapi/models/user.go:93.43,96.2 1 0
github.com/muety/wakapi/models/user.go:98.45,101.2 1 0
github.com/muety/wakapi/models/user.go:103.33,108.2 1 0
github.com/muety/wakapi/models/user.go:110.41,112.2 1 0
github.com/muety/wakapi/models/user.go:114.45,116.2 1 0
github.com/muety/wakapi/models/user.go:118.45,120.2 1 0
github.com/muety/wakapi/models/user.go:122.39,124.2 1 0
github.com/muety/wakapi/models/user.go:126.39,129.2 2 0
github.com/muety/wakapi/config/config.go:147.70,149.2 1 0
github.com/muety/wakapi/config/config.go:151.65,153.2 1 0
github.com/muety/wakapi/config/config.go:155.82,165.2 1 0
github.com/muety/wakapi/config/config.go:167.31,169.2 1 0
github.com/muety/wakapi/config/config.go:171.32,173.2 1 0
github.com/muety/wakapi/config/config.go:175.74,176.19 1 0
github.com/muety/wakapi/config/config.go:177.10,178.34 1 0
github.com/muety/wakapi/config/config.go:178.34,179.90 1 0
github.com/muety/wakapi/config/config.go:182.4,182.100 1 0
github.com/muety/wakapi/config/config.go:185.4,185.91 1 0
github.com/muety/wakapi/config/config.go:188.4,188.95 1 0
github.com/muety/wakapi/config/config.go:191.4,191.93 1 0
github.com/muety/wakapi/config/config.go:194.4,194.97 1 0
github.com/muety/wakapi/config/config.go:197.4,197.101 1 0
github.com/muety/wakapi/config/config.go:200.4,200.14 1 0
github.com/muety/wakapi/config/config.go:179.90,181.5 1 0
github.com/muety/wakapi/config/config.go:182.100,184.5 1 0
github.com/muety/wakapi/config/config.go:185.91,187.5 1 0
github.com/muety/wakapi/config/config.go:188.95,190.5 1 0
github.com/muety/wakapi/config/config.go:191.93,193.5 1 0
github.com/muety/wakapi/config/config.go:194.97,196.5 1 0
github.com/muety/wakapi/config/config.go:197.101,199.5 1 0
github.com/muety/wakapi/config/config.go:205.60,207.2 1 0
github.com/muety/wakapi/config/config.go:209.59,211.2 1 0
github.com/muety/wakapi/config/config.go:213.57,215.2 1 0
github.com/muety/wakapi/config/config.go:217.53,219.2 1 0
github.com/muety/wakapi/config/config.go:221.55,224.2 2 0
github.com/muety/wakapi/config/config.go:226.50,228.2 1 0
github.com/muety/wakapi/config/config.go:230.46,232.2 1 0
github.com/muety/wakapi/config/config.go:234.43,236.2 1 0
github.com/muety/wakapi/config/config.go:238.29,240.2 1 1
github.com/muety/wakapi/config/config.go:242.48,253.16 2 0
github.com/muety/wakapi/config/config.go:257.2,258.53 2 0
github.com/muety/wakapi/config/config.go:262.2,262.15 1 0
github.com/muety/wakapi/config/config.go:253.16,255.3 1 0
github.com/muety/wakapi/config/config.go:258.53,260.3 1 0
github.com/muety/wakapi/config/config.go:265.38,266.43 1 0
github.com/muety/wakapi/config/config.go:269.2,269.15 1 0
github.com/muety/wakapi/config/config.go:266.43,268.3 1 0
github.com/muety/wakapi/config/config.go:272.45,273.27 1 0
github.com/muety/wakapi/config/config.go:276.2,276.15 1 0
github.com/muety/wakapi/config/config.go:273.27,275.3 1 0
github.com/muety/wakapi/config/config.go:279.77,280.29 1 0
github.com/muety/wakapi/config/config.go:285.2,285.19 1 0
github.com/muety/wakapi/config/config.go:280.29,281.18 1 0
github.com/muety/wakapi/config/config.go:281.18,283.4 1 0
github.com/muety/wakapi/config/config.go:288.42,289.28 1 0
github.com/muety/wakapi/config/config.go:305.2,305.20 1 0
github.com/muety/wakapi/config/config.go:290.52,291.21 1 0
github.com/muety/wakapi/config/config.go:292.53,293.22 1 0
github.com/muety/wakapi/config/config.go:294.55,295.24 1 0
github.com/muety/wakapi/config/config.go:296.54,297.23 1 0
github.com/muety/wakapi/config/config.go:298.52,299.21 1 0
github.com/muety/wakapi/config/config.go:300.54,301.23 1 0
github.com/muety/wakapi/config/config.go:302.52,303.21 1 0
github.com/muety/wakapi/config/config.go:308.26,310.2 1 0
github.com/muety/wakapi/config/config.go:312.20,314.2 1 0
github.com/muety/wakapi/config/config.go:316.35,321.96 3 0
github.com/muety/wakapi/config/config.go:325.2,334.52 6 0
github.com/muety/wakapi/config/config.go:338.2,338.47 1 0
github.com/muety/wakapi/config/config.go:344.2,344.70 1 0
github.com/muety/wakapi/config/config.go:348.2,348.28 1 0
github.com/muety/wakapi/config/config.go:352.2,352.29 1 0
github.com/muety/wakapi/config/config.go:357.2,357.94 1 0
github.com/muety/wakapi/config/config.go:361.2,362.14 2 0
github.com/muety/wakapi/config/config.go:321.96,323.3 1 0
github.com/muety/wakapi/config/config.go:334.52,336.3 1 0
github.com/muety/wakapi/config/config.go:338.47,339.14 1 0
github.com/muety/wakapi/config/config.go:339.14,341.4 1 0
github.com/muety/wakapi/config/config.go:344.70,346.3 1 0
github.com/muety/wakapi/config/config.go:348.28,350.3 1 0
github.com/muety/wakapi/config/config.go:352.29,355.3 2 0
github.com/muety/wakapi/config/config.go:357.94,359.3 1 0
github.com/muety/wakapi/config/db.go:39.50,40.19 1 0
github.com/muety/wakapi/config/db.go:53.2,53.12 1 0
github.com/muety/wakapi/config/db.go:41.23,45.5 1 0
github.com/muety/wakapi/config/db.go:46.26,49.5 1 0
github.com/muety/wakapi/config/db.go:50.24,51.48 1 0
github.com/muety/wakapi/config/db.go:56.53,66.2 1 1
github.com/muety/wakapi/config/db.go:68.56,70.16 2 1
github.com/muety/wakapi/config/db.go:74.2,81.3 1 1
github.com/muety/wakapi/config/db.go:70.16,72.3 1 0
github.com/muety/wakapi/config/db.go:84.54,86.2 1 1
github.com/muety/wakapi/config/fs.go:9.56,10.19 1 0
github.com/muety/wakapi/config/fs.go:13.2,13.19 1 0
github.com/muety/wakapi/config/fs.go:10.19,12.3 1 0
github.com/muety/wakapi/config/sentry.go:22.35,24.2 1 0
github.com/muety/wakapi/config/sentry.go:26.62,29.2 2 0
github.com/muety/wakapi/config/sentry.go:39.33,46.2 2 0
github.com/muety/wakapi/config/sentry.go:48.79,51.2 2 0
github.com/muety/wakapi/config/sentry.go:53.72,57.2 3 0
github.com/muety/wakapi/config/sentry.go:59.71,63.2 3 0
github.com/muety/wakapi/config/sentry.go:65.71,69.2 3 0
github.com/muety/wakapi/config/sentry.go:71.72,75.2 3 0
github.com/muety/wakapi/config/sentry.go:77.72,81.2 3 0
github.com/muety/wakapi/config/sentry.go:83.67,88.18 4 0
github.com/muety/wakapi/config/sentry.go:100.2,100.28 1 0
github.com/muety/wakapi/config/sentry.go:88.18,89.65 1 0
github.com/muety/wakapi/config/sentry.go:89.65,92.42 3 0
github.com/muety/wakapi/config/sentry.go:95.4,96.10 2 0
github.com/muety/wakapi/config/sentry.go:92.42,94.5 1 0
github.com/muety/wakapi/config/sentry.go:110.50,114.91 1 0
github.com/muety/wakapi/config/sentry.go:114.91,115.29 1 0
github.com/muety/wakapi/config/sentry.go:119.4,122.38 3 0
github.com/muety/wakapi/config/sentry.go:127.4,127.39 1 0
github.com/muety/wakapi/config/sentry.go:130.4,130.69 1 0
github.com/muety/wakapi/config/sentry.go:115.29,117.5 1 0
github.com/muety/wakapi/config/sentry.go:122.38,123.38 1 0
github.com/muety/wakapi/config/sentry.go:123.38,125.6 1 0
github.com/muety/wakapi/config/sentry.go:127.39,129.5 1 0
github.com/muety/wakapi/config/sentry.go:132.79,133.27 1 0
github.com/muety/wakapi/config/sentry.go:140.4,140.16 1 0
github.com/muety/wakapi/config/sentry.go:133.27,134.84 1 0
github.com/muety/wakapi/config/sentry.go:134.84,135.42 1 0
github.com/muety/wakapi/config/sentry.go:135.42,137.7 1 0
github.com/muety/wakapi/config/sentry.go:142.17,144.3 1 0
github.com/muety/wakapi/config/sentry.go:147.49,151.51 2 0
github.com/muety/wakapi/config/sentry.go:154.2,154.12 1 0
github.com/muety/wakapi/config/sentry.go:151.51,153.3 1 0
github.com/muety/wakapi/config/utils.go:5.78,7.22 2 0
github.com/muety/wakapi/config/utils.go:13.2,13.11 1 0
github.com/muety/wakapi/config/utils.go:7.22,8.18 1 0
github.com/muety/wakapi/config/utils.go:11.3,11.12 1 0
github.com/muety/wakapi/config/utils.go:8.18,10.4 1 0
github.com/muety/wakapi/middlewares/security.go:19.62,20.43 1 0
github.com/muety/wakapi/middlewares/security.go:20.43,22.3 1 0
github.com/muety/wakapi/middlewares/security.go:25.80,26.36 1 0
github.com/muety/wakapi/middlewares/security.go:31.2,31.27 1 0
github.com/muety/wakapi/middlewares/security.go:26.36,27.30 1 0
github.com/muety/wakapi/middlewares/security.go:27.30,29.4 1 0
github.com/muety/wakapi/middlewares/sentry.go:15.60,16.43 1 0
github.com/muety/wakapi/middlewares/sentry.go:16.43,20.3 1 0
github.com/muety/wakapi/middlewares/sentry.go:23.78,26.54 3 0
github.com/muety/wakapi/middlewares/sentry.go:26.54,27.43 1 0
github.com/muety/wakapi/middlewares/sentry.go:27.43,29.4 1 0
github.com/muety/wakapi/middlewares/authenticate.go:19.91,25.2 1 1
github.com/muety/wakapi/middlewares/authenticate.go:27.90,30.2 2 0
github.com/muety/wakapi/middlewares/authenticate.go:32.90,35.2 2 0
github.com/muety/wakapi/middlewares/authenticate.go:37.71,38.71 1 0
github.com/muety/wakapi/middlewares/authenticate.go:38.71,40.3 1 0
github.com/muety/wakapi/middlewares/authenticate.go:43.107,47.16 3 0
github.com/muety/wakapi/middlewares/authenticate.go:51.2,51.31 1 0
github.com/muety/wakapi/middlewares/authenticate.go:67.2,68.12 2 0
github.com/muety/wakapi/middlewares/authenticate.go:47.16,49.3 1 0
github.com/muety/wakapi/middlewares/authenticate.go:51.31,52.31 1 0
github.com/muety/wakapi/middlewares/authenticate.go:57.3,57.29 1 0
github.com/muety/wakapi/middlewares/authenticate.go:64.3,64.9 1 0
github.com/muety/wakapi/middlewares/authenticate.go:52.31,55.4 2 0
github.com/muety/wakapi/middlewares/authenticate.go:57.29,60.4 2 0
github.com/muety/wakapi/middlewares/authenticate.go:60.9,63.4 2 0
github.com/muety/wakapi/middlewares/authenticate.go:71.70,72.39 1 0
github.com/muety/wakapi/middlewares/authenticate.go:77.2,77.14 1 0
github.com/muety/wakapi/middlewares/authenticate.go:72.39,73.60 1 0
github.com/muety/wakapi/middlewares/authenticate.go:73.60,75.4 1 0
github.com/muety/wakapi/middlewares/authenticate.go:80.92,82.16 2 1
github.com/muety/wakapi/middlewares/authenticate.go:86.2,89.16 4 1
github.com/muety/wakapi/middlewares/authenticate.go:92.2,92.18 1 1
github.com/muety/wakapi/middlewares/authenticate.go:82.16,84.3 1 1
github.com/muety/wakapi/middlewares/authenticate.go:89.16,91.3 1 0
github.com/muety/wakapi/middlewares/authenticate.go:95.92,97.16 2 0
github.com/muety/wakapi/middlewares/authenticate.go:101.2,102.16 2 0
github.com/muety/wakapi/middlewares/authenticate.go:109.2,109.18 1 0
github.com/muety/wakapi/middlewares/authenticate.go:97.16,99.3 1 0
github.com/muety/wakapi/middlewares/authenticate.go:102.16,104.3 1 0
github.com/muety/wakapi/middlewares/filetype.go:13.83,14.43 1 0
github.com/muety/wakapi/middlewares/filetype.go:14.43,19.3 1 0
github.com/muety/wakapi/middlewares/filetype.go:22.84,24.34 2 0
github.com/muety/wakapi/middlewares/filetype.go:31.2,31.27 1 0
github.com/muety/wakapi/middlewares/filetype.go:24.34,25.50 1 0
github.com/muety/wakapi/middlewares/filetype.go:25.50,29.4 3 0
github.com/muety/wakapi/middlewares/logging.go:20.102,21.43 1 0
github.com/muety/wakapi/middlewares/logging.go:21.43,27.3 1 0
github.com/muety/wakapi/middlewares/logging.go:30.80,39.44 7 0
github.com/muety/wakapi/middlewares/logging.go:45.2,54.3 1 0
github.com/muety/wakapi/middlewares/logging.go:39.44,40.38 1 0
github.com/muety/wakapi/middlewares/logging.go:40.38,42.4 1 0
github.com/muety/wakapi/middlewares/logging.go:57.41,59.14 2 0
github.com/muety/wakapi/middlewares/logging.go:62.2,62.14 1 0
github.com/muety/wakapi/middlewares/logging.go:65.2,65.11 1 0
github.com/muety/wakapi/middlewares/logging.go:59.14,61.3 1 0
github.com/muety/wakapi/middlewares/logging.go:62.14,64.3 1 0
github.com/muety/wakapi/middlewares/logging.go:68.41,69.42 1 0
github.com/muety/wakapi/middlewares/logging.go:72.2,72.12 1 0
github.com/muety/wakapi/middlewares/logging.go:69.42,71.3 1 0
github.com/muety/wakapi/middlewares/logging.go:103.52,105.2 1 0
github.com/muety/wakapi/middlewares/logging.go:117.45,118.20 1 0
github.com/muety/wakapi/middlewares/logging.go:118.20,122.3 3 0
github.com/muety/wakapi/middlewares/logging.go:124.54,127.18 3 0
github.com/muety/wakapi/middlewares/logging.go:134.2,135.15 2 0
github.com/muety/wakapi/middlewares/logging.go:127.18,130.17 2 0
github.com/muety/wakapi/middlewares/logging.go:130.17,132.4 1 0
github.com/muety/wakapi/middlewares/logging.go:137.42,138.20 1 0
github.com/muety/wakapi/middlewares/logging.go:138.20,140.3 1 0
github.com/muety/wakapi/middlewares/logging.go:142.36,144.2 1 0
github.com/muety/wakapi/middlewares/logging.go:145.42,147.2 1 0
github.com/muety/wakapi/middlewares/logging.go:148.40,150.2 1 0
github.com/muety/wakapi/middlewares/logging.go:151.52,153.2 1 0
github.com/muety/wakapi/middlewares/principal.go:15.62,17.2 1 0
github.com/muety/wakapi/middlewares/principal.go:19.58,21.2 1 0
github.com/muety/wakapi/middlewares/principal.go:42.71,43.43 1 0
github.com/muety/wakapi/middlewares/principal.go:43.43,45.3 1 0
github.com/muety/wakapi/middlewares/principal.go:48.81,51.2 2 0
github.com/muety/wakapi/middlewares/principal.go:53.55,54.52 1 0
github.com/muety/wakapi/middlewares/principal.go:54.52,56.3 1 0
github.com/muety/wakapi/middlewares/principal.go:59.49,60.52 1 0
github.com/muety/wakapi/middlewares/principal.go:63.2,63.12 1 0
github.com/muety/wakapi/middlewares/principal.go:60.52,62.3 1 0
github.com/muety/wakapi/utils/summary.go:10.66,11.40 1 0
github.com/muety/wakapi/utils/summary.go:16.2,16.48 1 0
github.com/muety/wakapi/utils/summary.go:11.40,12.27 1 0
github.com/muety/wakapi/utils/summary.go:12.27,14.4 1 0
github.com/muety/wakapi/utils/summary.go:19.88,22.2 2 0
github.com/muety/wakapi/utils/summary.go:24.95,26.16 2 0
github.com/muety/wakapi/utils/summary.go:29.2,29.38 1 0
github.com/muety/wakapi/utils/summary.go:26.16,28.3 1 0
github.com/muety/wakapi/utils/summary.go:32.105,35.18 2 0
github.com/muety/wakapi/utils/summary.go:70.2,70.22 1 0
github.com/muety/wakapi/utils/summary.go:36.28,37.26 1 0
github.com/muety/wakapi/utils/summary.go:38.32,40.24 2 0
github.com/muety/wakapi/utils/summary.go:41.31,42.29 1 0
github.com/muety/wakapi/utils/summary.go:43.31,45.27 2 0
github.com/muety/wakapi/utils/summary.go:46.32,47.30 1 0
github.com/muety/wakapi/utils/summary.go:48.32,50.28 2 0
github.com/muety/wakapi/utils/summary.go:51.31,52.29 1 0
github.com/muety/wakapi/utils/summary.go:53.32,54.44 1 0
github.com/muety/wakapi/utils/summary.go:55.41,57.42 2 0
github.com/muety/wakapi/utils/summary.go:58.33,59.45 1 0
github.com/muety/wakapi/utils/summary.go:60.33,61.45 1 0
github.com/muety/wakapi/utils/summary.go:62.35,63.45 1 0
github.com/muety/wakapi/utils/summary.go:64.26,65.21 1 0
github.com/muety/wakapi/utils/summary.go:66.10,67.39 1 0
github.com/muety/wakapi/utils/summary.go:73.73,80.56 5 0
github.com/muety/wakapi/utils/summary.go:96.2,103.8 2 0
github.com/muety/wakapi/utils/summary.go:80.56,82.3 1 0
github.com/muety/wakapi/utils/summary.go:82.8,82.54 1 0
github.com/muety/wakapi/utils/summary.go:82.54,84.3 1 0
github.com/muety/wakapi/utils/summary.go:84.8,86.17 2 0
github.com/muety/wakapi/utils/summary.go:90.3,91.17 2 0
github.com/muety/wakapi/utils/summary.go:86.17,88.4 1 0
github.com/muety/wakapi/utils/summary.go:91.17,93.4 1 0
github.com/muety/wakapi/utils/summary.go:106.48,110.51 2 0
github.com/muety/wakapi/utils/summary.go:113.2,113.12 1 0
github.com/muety/wakapi/utils/summary.go:110.51,112.3 1 0
github.com/muety/wakapi/utils/template.go:8.41,10.16 2 0
github.com/muety/wakapi/utils/template.go:13.2,13.23 1 0
github.com/muety/wakapi/utils/template.go:10.16,12.3 1 0
github.com/muety/wakapi/utils/template.go:16.37,17.30 1 0
github.com/muety/wakapi/utils/template.go:20.2,20.10 1 0
github.com/muety/wakapi/utils/template.go:17.30,19.3 1 0
github.com/muety/wakapi/utils/auth.go:16.79,18.54 2 0
github.com/muety/wakapi/utils/auth.go:22.2,24.16 3 0
github.com/muety/wakapi/utils/auth.go:28.2,30.45 3 0
github.com/muety/wakapi/utils/auth.go:33.2,34.32 2 0
github.com/muety/wakapi/utils/auth.go:18.54,20.3 1 0
github.com/muety/wakapi/utils/auth.go:24.16,26.3 1 0
github.com/muety/wakapi/utils/auth.go:30.45,32.3 1 0
github.com/muety/wakapi/utils/auth.go:37.65,39.85 2 0
github.com/muety/wakapi/utils/auth.go:43.2,44.30 2 0
github.com/muety/wakapi/utils/auth.go:39.85,41.3 1 0
github.com/muety/wakapi/utils/auth.go:47.94,49.16 2 0
github.com/muety/wakapi/utils/auth.go:53.2,53.107 1 0
github.com/muety/wakapi/utils/auth.go:57.2,57.22 1 0
github.com/muety/wakapi/utils/auth.go:49.16,51.3 1 0
github.com/muety/wakapi/utils/auth.go:53.107,55.3 1 0
github.com/muety/wakapi/utils/auth.go:60.56,64.2 3 0
github.com/muety/wakapi/utils/auth.go:66.55,69.16 3 0
github.com/muety/wakapi/utils/auth.go:72.2,72.16 1 0
github.com/muety/wakapi/utils/auth.go:69.16,71.3 1 0
github.com/muety/wakapi/utils/color.go:8.90,10.32 2 0
github.com/muety/wakapi/utils/color.go:15.2,15.15 1 0
github.com/muety/wakapi/utils/color.go:10.32,11.50 1 0
github.com/muety/wakapi/utils/color.go:11.50,13.4 1 0
github.com/muety/wakapi/utils/common.go:18.73,19.58 1 0
github.com/muety/wakapi/utils/common.go:22.2,22.87 1 0
github.com/muety/wakapi/utils/common.go:25.2,25.64 1 0
github.com/muety/wakapi/utils/common.go:19.58,21.3 1 0
github.com/muety/wakapi/utils/common.go:22.87,24.3 1 0
github.com/muety/wakapi/utils/common.go:28.40,30.2 1 0
github.com/muety/wakapi/utils/common.go:32.44,34.2 1 0
github.com/muety/wakapi/utils/common.go:36.45,38.2 1 0
github.com/muety/wakapi/utils/common.go:40.24,42.2 1 0
github.com/muety/wakapi/utils/common.go:44.56,47.45 3 1
github.com/muety/wakapi/utils/common.go:50.2,50.40 1 1
github.com/muety/wakapi/utils/common.go:47.45,49.3 1 1
github.com/muety/wakapi/utils/date.go:8.43,10.2 1 1
github.com/muety/wakapi/utils/date.go:12.48,14.2 1 0
github.com/muety/wakapi/utils/date.go:16.41,18.21 2 1
github.com/muety/wakapi/utils/date.go:21.2,21.23 1 1
github.com/muety/wakapi/utils/date.go:18.21,20.3 1 0
github.com/muety/wakapi/utils/date.go:24.46,26.2 1 0
github.com/muety/wakapi/utils/date.go:28.51,30.2 1 0
github.com/muety/wakapi/utils/date.go:32.44,35.2 2 1
github.com/muety/wakapi/utils/date.go:37.52,39.2 1 0
github.com/muety/wakapi/utils/date.go:41.45,43.2 1 0
github.com/muety/wakapi/utils/date.go:45.51,47.2 1 0
github.com/muety/wakapi/utils/date.go:49.44,51.2 1 0
github.com/muety/wakapi/utils/date.go:54.42,56.2 1 1
github.com/muety/wakapi/utils/date.go:59.41,61.21 2 1
github.com/muety/wakapi/utils/date.go:64.2,64.36 1 1
github.com/muety/wakapi/utils/date.go:61.21,63.3 1 1
github.com/muety/wakapi/utils/date.go:68.63,70.2 1 0
github.com/muety/wakapi/utils/date.go:73.62,79.2 5 0
github.com/muety/wakapi/utils/date.go:82.67,85.33 2 1
github.com/muety/wakapi/utils/date.go:94.2,94.18 1 1
github.com/muety/wakapi/utils/date.go:85.33,87.19 2 1
github.com/muety/wakapi/utils/date.go:90.3,91.10 2 1
github.com/muety/wakapi/utils/date.go:87.19,89.4 1 1
github.com/muety/wakapi/utils/date.go:97.50,103.2 5 0
github.com/muety/wakapi/utils/date.go:106.79,109.36 3 1
github.com/muety/wakapi/utils/date.go:113.2,113.21 1 1
github.com/muety/wakapi/utils/date.go:117.2,117.21 1 1
github.com/muety/wakapi/utils/date.go:121.2,121.13 1 1
github.com/muety/wakapi/utils/date.go:109.36,112.3 2 0
github.com/muety/wakapi/utils/date.go:113.21,116.3 2 1
github.com/muety/wakapi/utils/date.go:117.21,120.3 2 1
github.com/muety/wakapi/utils/filesystem.go:14.68,16.16 2 0
github.com/muety/wakapi/utils/filesystem.go:20.2,21.15 2 0
github.com/muety/wakapi/utils/filesystem.go:33.2,33.15 1 0
github.com/muety/wakapi/utils/filesystem.go:16.16,18.3 1 0
github.com/muety/wakapi/utils/filesystem.go:21.15,23.47 2 0
github.com/muety/wakapi/utils/filesystem.go:23.47,25.23 2 0
github.com/muety/wakapi/utils/filesystem.go:29.4,29.19 1 0
github.com/muety/wakapi/utils/filesystem.go:25.23,27.5 1 0
github.com/muety/wakapi/utils/http.go:9.90,12.58 3 0
github.com/muety/wakapi/utils/http.go:12.58,14.3 1 0
github.com/muety/wakapi/utils/strings.go:8.34,10.2 1 0
github.com/muety/wakapi/utils/strings.go:12.77,13.29 1 0
github.com/muety/wakapi/utils/strings.go:18.2,18.19 1 0
github.com/muety/wakapi/utils/strings.go:13.29,14.18 1 0
github.com/muety/wakapi/utils/strings.go:14.18,16.4 1 0
github.com/muety/wakapi/services/report.go:22.122,30.2 1 0
github.com/muety/wakapi/services/report.go:32.38,36.16 3 0
github.com/muety/wakapi/services/report.go:40.2,41.26 2 0
github.com/muety/wakapi/services/report.go:36.16,38.3 1 0
github.com/muety/wakapi/services/report.go:41.26,43.3 1 0
github.com/muety/wakapi/services/report.go:46.62,51.65 3 0
github.com/muety/wakapi/services/report.go:59.2,59.65 1 0
github.com/muety/wakapi/services/report.go:51.65,56.3 4 0
github.com/muety/wakapi/services/report.go:59.65,69.3 4 0
github.com/muety/wakapi/services/report.go:72.80,77.16 4 0
github.com/muety/wakapi/services/report.go:82.2,89.65 2 0
github.com/muety/wakapi/services/report.go:94.2,95.12 2 0
github.com/muety/wakapi/services/report.go:77.16,80.3 2 0
github.com/muety/wakapi/services/report.go:89.65,92.3 2 0
github.com/muety/wakapi/services/summary.go:28.149,36.2 1 1
github.com/muety/wakapi/services/summary.go:40.136,43.66 2 1
github.com/muety/wakapi/services/summary.go:48.2,48.44 1 1
github.com/muety/wakapi/services/summary.go:54.2,54.65 1 1
github.com/muety/wakapi/services/summary.go:59.2,60.16 2 1
github.com/muety/wakapi/services/summary.go:65.2,67.30 3 1
github.com/muety/wakapi/services/summary.go:43.66,45.3 1 0
github.com/muety/wakapi/services/summary.go:48.44,51.3 2 1
github.com/muety/wakapi/services/summary.go:54.65,56.3 1 0
github.com/muety/wakapi/services/summary.go:60.16,62.3 1 0
github.com/muety/wakapi/services/summary.go:70.101,73.52 2 1
github.com/muety/wakapi/services/summary.go:78.2,79.16 2 1
github.com/muety/wakapi/services/summary.go:84.2,85.44 2 1
github.com/muety/wakapi/services/summary.go:94.2,95.16 2 1
github.com/muety/wakapi/services/summary.go:100.2,101.30 2 1
github.com/muety/wakapi/services/summary.go:73.52,75.3 1 0
github.com/muety/wakapi/services/summary.go:79.16,81.3 1 0
github.com/muety/wakapi/services/summary.go:85.44,86.78 1 1
github.com/muety/wakapi/services/summary.go:86.78,88.4 1 1
github.com/muety/wakapi/services/summary.go:88.9,90.4 1 0
github.com/muety/wakapi/services/summary.go:95.16,97.3 1 0
github.com/muety/wakapi/services/summary.go:104.102,107.89 2 1
github.com/muety/wakapi/services/summary.go:113.2,117.26 4 1
github.com/muety/wakapi/services/summary.go:122.2,128.34 6 1
github.com/muety/wakapi/services/summary.go:144.2,144.26 1 1
github.com/muety/wakapi/services/summary.go:149.2,162.30 2 1
github.com/muety/wakapi/services/summary.go:107.89,109.3 1 1
github.com/muety/wakapi/services/summary.go:109.8,111.3 1 0
github.com/muety/wakapi/services/summary.go:117.26,119.3 1 1
github.com/muety/wakapi/services/summary.go:128.34,130.20 2 1
github.com/muety/wakapi/services/summary.go:131.30,132.29 1 1
github.com/muety/wakapi/services/summary.go:133.31,134.30 1 1
github.com/muety/wakapi/services/summary.go:135.29,136.28 1 1
github.com/muety/wakapi/services/summary.go:137.25,138.24 1 1
github.com/muety/wakapi/services/summary.go:139.30,140.29 1 1
github.com/muety/wakapi/services/summary.go:144.26,147.3 2 1
github.com/muety/wakapi/services/summary.go:167.76,169.2 1 0
github.com/muety/wakapi/services/summary.go:171.62,173.2 1 0
github.com/muety/wakapi/services/summary.go:175.66,177.2 1 0
github.com/muety/wakapi/services/summary.go:181.127,184.31 2 1
github.com/muety/wakapi/services/summary.go:207.2,208.30 2 1
github.com/muety/wakapi/services/summary.go:216.2,216.40 1 1
github.com/muety/wakapi/services/summary.go:220.2,220.67 1 1
github.com/muety/wakapi/services/summary.go:184.31,187.35 2 1
github.com/muety/wakapi/services/summary.go:191.3,191.13 1 1
github.com/muety/wakapi/services/summary.go:195.3,200.27 2 1
github.com/muety/wakapi/services/summary.go:204.3,204.26 1 1
github.com/muety/wakapi/services/summary.go:187.35,189.4 1 1
github.com/muety/wakapi/services/summary.go:191.13,192.12 1 1
github.com/muety/wakapi/services/summary.go:200.27,203.4 2 1
github.com/muety/wakapi/services/summary.go:208.30,214.3 1 1
github.com/muety/wakapi/services/summary.go:216.40,218.3 1 1
github.com/muety/wakapi/services/summary.go:223.97,224.24 1 1
github.com/muety/wakapi/services/summary.go:228.2,242.30 5 1
github.com/muety/wakapi/services/summary.go:270.2,273.26 3 1
github.com/muety/wakapi/services/summary.go:224.24,226.3 1 0
github.com/muety/wakapi/services/summary.go:242.30,244.41 2 1
github.com/muety/wakapi/services/summary.go:249.3,249.38 1 1
github.com/muety/wakapi/services/summary.go:253.3,253.37 1 1
github.com/muety/wakapi/services/summary.go:257.3,257.34 1 1
github.com/muety/wakapi/services/summary.go:261.3,267.25 6 1
github.com/muety/wakapi/services/summary.go:244.41,246.12 2 1
github.com/muety/wakapi/services/summary.go:249.38,251.4 1 0
github.com/muety/wakapi/services/summary.go:253.37,255.4 1 1
github.com/muety/wakapi/services/summary.go:257.34,259.4 1 1
github.com/muety/wakapi/services/summary.go:276.127,280.32 2 1
github.com/muety/wakapi/services/summary.go:284.2,284.27 1 1
github.com/muety/wakapi/services/summary.go:292.2,294.26 3 1
github.com/muety/wakapi/services/summary.go:299.2,299.43 1 1
github.com/muety/wakapi/services/summary.go:303.2,303.17 1 1
github.com/muety/wakapi/services/summary.go:280.32,282.3 1 1
github.com/muety/wakapi/services/summary.go:284.27,285.37 1 1
github.com/muety/wakapi/services/summary.go:285.37,287.4 1 1
github.com/muety/wakapi/services/summary.go:287.9,289.4 1 1
github.com/muety/wakapi/services/summary.go:294.26,297.3 2 1
github.com/muety/wakapi/services/summary.go:299.43,301.3 1 1
github.com/muety/wakapi/services/summary.go:306.116,307.25 1 1
github.com/muety/wakapi/services/summary.go:311.2,314.44 2 1
github.com/muety/wakapi/services/summary.go:319.2,319.40 1 1
github.com/muety/wakapi/services/summary.go:344.2,344.54 1 1
github.com/muety/wakapi/services/summary.go:348.2,348.18 1 1
github.com/muety/wakapi/services/summary.go:307.25,309.3 1 0
github.com/muety/wakapi/services/summary.go:314.44,316.3 1 1
github.com/muety/wakapi/services/summary.go:319.40,321.19 2 1
github.com/muety/wakapi/services/summary.go:328.3,333.34 3 1
github.com/muety/wakapi/services/summary.go:338.3,338.22 1 1
github.com/muety/wakapi/services/summary.go:321.19,322.12 1 1
github.com/muety/wakapi/services/summary.go:333.34,335.4 1 1
github.com/muety/wakapi/services/summary.go:338.22,340.4 1 1
github.com/muety/wakapi/services/summary.go:344.54,346.3 1 1
github.com/muety/wakapi/services/summary.go:351.59,353.25 2 1
github.com/muety/wakapi/services/summary.go:356.2,356.32 1 1
github.com/muety/wakapi/services/summary.go:353.25,355.3 1 1
github.com/muety/wakapi/services/user.go:19.73,25.2 1 0
github.com/muety/wakapi/services/user.go:27.74,28.40 1 0
github.com/muety/wakapi/services/user.go:32.2,33.16 2 0
github.com/muety/wakapi/services/user.go:37.2,38.15 2 0
github.com/muety/wakapi/services/user.go:28.40,30.3 1 0
github.com/muety/wakapi/services/user.go:33.16,35.3 1 0
github.com/muety/wakapi/services/user.go:41.72,42.37 1 0
github.com/muety/wakapi/services/user.go:46.2,47.16 2 0
github.com/muety/wakapi/services/user.go:51.2,52.15 2 0
github.com/muety/wakapi/services/user.go:42.37,44.3 1 0
github.com/muety/wakapi/services/user.go:47.16,49.3 1 0
github.com/muety/wakapi/services/user.go:55.76,57.2 1 0
github.com/muety/wakapi/services/user.go:59.86,61.2 1 0
github.com/muety/wakapi/services/user.go:63.58,65.2 1 0
github.com/muety/wakapi/services/user.go:67.86,69.2 1 0
github.com/muety/wakapi/services/user.go:71.61,74.2 2 0
github.com/muety/wakapi/services/user.go:76.48,78.2 1 0
github.com/muety/wakapi/services/user.go:80.102,90.93 2 0
github.com/muety/wakapi/services/user.go:96.2,96.38 1 0
github.com/muety/wakapi/services/user.go:90.93,92.3 1 0
github.com/muety/wakapi/services/user.go:92.8,94.3 1 0
github.com/muety/wakapi/services/user.go:99.73,102.2 2 0
github.com/muety/wakapi/services/user.go:104.78,108.2 3 0
github.com/muety/wakapi/services/user.go:110.99,113.2 2 0
github.com/muety/wakapi/services/user.go:115.106,118.96 3 0
github.com/muety/wakapi/services/user.go:123.2,123.68 1 0
github.com/muety/wakapi/services/user.go:118.96,120.3 1 0
github.com/muety/wakapi/services/user.go:120.8,122.3 1 0
github.com/muety/wakapi/services/user.go:126.85,128.2 1 0
github.com/muety/wakapi/services/user.go:130.57,133.2 2 0
github.com/muety/wakapi/services/user.go:135.38,137.2 1 0
github.com/muety/wakapi/services/aggregation.go:29.142,37.2 1 0
github.com/muety/wakapi/services/aggregation.go:46.43,48.37 1 0
github.com/muety/wakapi/services/aggregation.go:52.2,54.19 3 0
github.com/muety/wakapi/services/aggregation.go:48.37,50.3 1 0
github.com/muety/wakapi/services/aggregation.go:57.67,58.47 1 0
github.com/muety/wakapi/services/aggregation.go:61.2,66.40 4 0
github.com/muety/wakapi/services/aggregation.go:70.2,70.50 1 0
github.com/muety/wakapi/services/aggregation.go:75.2,75.60 1 0
github.com/muety/wakapi/services/aggregation.go:81.2,81.35 1 0
github.com/muety/wakapi/services/aggregation.go:58.47,60.3 1 0
github.com/muety/wakapi/services/aggregation.go:66.40,68.3 1 0
github.com/muety/wakapi/services/aggregation.go:70.50,72.3 1 0
github.com/muety/wakapi/services/aggregation.go:75.60,79.3 3 0
github.com/muety/wakapi/services/aggregation.go:84.109,85.24 1 0
github.com/muety/wakapi/services/aggregation.go:85.24,86.111 1 0
github.com/muety/wakapi/services/aggregation.go:86.111,88.4 1 0
github.com/muety/wakapi/services/aggregation.go:88.9,91.4 2 0
github.com/muety/wakapi/services/aggregation.go:95.80,96.33 1 0
github.com/muety/wakapi/services/aggregation.go:96.33,97.60 1 0
github.com/muety/wakapi/services/aggregation.go:97.60,99.4 1 0
github.com/muety/wakapi/services/aggregation.go:103.100,107.59 3 0
github.com/muety/wakapi/services/aggregation.go:122.2,123.16 2 0
github.com/muety/wakapi/services/aggregation.go:129.2,130.16 2 0
github.com/muety/wakapi/services/aggregation.go:136.2,137.44 2 0
github.com/muety/wakapi/services/aggregation.go:142.2,142.41 1 0
github.com/muety/wakapi/services/aggregation.go:156.2,156.12 1 0
github.com/muety/wakapi/services/aggregation.go:107.59,110.3 2 0
github.com/muety/wakapi/services/aggregation.go:110.8,110.47 1 0
github.com/muety/wakapi/services/aggregation.go:110.47,112.30 2 0
github.com/muety/wakapi/services/aggregation.go:112.30,113.43 1 0
github.com/muety/wakapi/services/aggregation.go:113.43,115.5 1 0
github.com/muety/wakapi/services/aggregation.go:117.8,119.3 1 0
github.com/muety/wakapi/services/aggregation.go:123.16,126.3 2 0
github.com/muety/wakapi/services/aggregation.go:130.16,133.3 2 0
github.com/muety/wakapi/services/aggregation.go:137.44,139.3 1 0
github.com/muety/wakapi/services/aggregation.go:142.41,143.21 1 0
github.com/muety/wakapi/services/aggregation.go:143.21,147.4 1 0
github.com/muety/wakapi/services/aggregation.go:147.9,147.62 1 0
github.com/muety/wakapi/services/aggregation.go:147.62,151.4 1 0
github.com/muety/wakapi/services/aggregation.go:159.73,162.27 3 0
github.com/muety/wakapi/services/aggregation.go:167.2,167.27 1 0
github.com/muety/wakapi/services/aggregation.go:170.2,170.12 1 0
github.com/muety/wakapi/services/aggregation.go:162.27,163.39 1 0
github.com/muety/wakapi/services/aggregation.go:163.39,165.4 1 0
github.com/muety/wakapi/services/aggregation.go:167.27,169.3 1 0
github.com/muety/wakapi/services/aggregation.go:173.69,176.27 3 0
github.com/muety/wakapi/services/aggregation.go:176.27,178.3 1 0
github.com/muety/wakapi/services/aggregation.go:181.83,196.41 5 0
github.com/muety/wakapi/services/aggregation.go:196.41,206.3 3 0
github.com/muety/wakapi/services/aggregation.go:209.34,212.2 2 0
github.com/muety/wakapi/services/alias.go:17.77,22.2 1 1
github.com/muety/wakapi/services/alias.go:26.60,27.43 1 1
github.com/muety/wakapi/services/alias.go:30.2,30.14 1 1
github.com/muety/wakapi/services/alias.go:27.43,29.3 1 1
github.com/muety/wakapi/services/alias.go:33.62,35.16 2 1
github.com/muety/wakapi/services/alias.go:38.2,38.12 1 1
github.com/muety/wakapi/services/alias.go:35.16,37.3 1 1
github.com/muety/wakapi/services/alias.go:41.76,43.16 2 0
github.com/muety/wakapi/services/alias.go:46.2,46.21 1 0
github.com/muety/wakapi/services/alias.go:43.16,45.3 1 0
github.com/muety/wakapi/services/alias.go:49.113,51.16 2 0
github.com/muety/wakapi/services/alias.go:54.2,54.21 1 0
github.com/muety/wakapi/services/alias.go:51.16,53.3 1 0
github.com/muety/wakapi/services/alias.go:57.108,58.32 1 1
github.com/muety/wakapi/services/alias.go:64.2,65.46 2 1
github.com/muety/wakapi/services/alias.go:70.2,70.19 1 1
github.com/muety/wakapi/services/alias.go:58.32,59.52 1 1
github.com/muety/wakapi/services/alias.go:59.52,61.4 1 1
github.com/muety/wakapi/services/alias.go:65.46,66.48 1 1
github.com/muety/wakapi/services/alias.go:66.48,68.4 1 1
github.com/muety/wakapi/services/alias.go:73.77,75.16 2 0
github.com/muety/wakapi/services/alias.go:78.2,79.20 2 0
github.com/muety/wakapi/services/alias.go:75.16,77.3 1 0
github.com/muety/wakapi/services/alias.go:82.60,83.24 1 0
github.com/muety/wakapi/services/alias.go:86.2,88.12 3 0
github.com/muety/wakapi/services/alias.go:83.24,85.3 1 0
github.com/muety/wakapi/services/alias.go:91.69,94.28 3 0
github.com/muety/wakapi/services/alias.go:102.2,104.31 2 0
github.com/muety/wakapi/services/alias.go:108.2,108.12 1 0
github.com/muety/wakapi/services/alias.go:94.28,95.21 1 0
github.com/muety/wakapi/services/alias.go:98.3,99.16 2 0
github.com/muety/wakapi/services/alias.go:95.21,97.4 1 0
github.com/muety/wakapi/services/alias.go:104.31,106.3 1 0
github.com/muety/wakapi/services/alias.go:111.52,112.51 1 0
github.com/muety/wakapi/services/alias.go:112.51,114.3 1 0
github.com/muety/wakapi/services/key_value.go:14.89,19.2 1 0
github.com/muety/wakapi/services/key_value.go:21.83,23.2 1 0
github.com/muety/wakapi/services/key_value.go:25.78,27.16 2 0
github.com/muety/wakapi/services/key_value.go:33.2,33.11 1 0
github.com/muety/wakapi/services/key_value.go:27.16,32.3 1 0
github.com/muety/wakapi/services/key_value.go:36.72,38.2 1 0
github.com/muety/wakapi/services/key_value.go:40.60,42.2 1 0
github.com/muety/wakapi/services/misc.go:23.126,30.2 1 0
github.com/muety/wakapi/services/misc.go:42.50,44.48 1 0
github.com/muety/wakapi/services/misc.go:48.2,50.19 3 0
github.com/muety/wakapi/services/misc.go:44.48,46.3 1 0
github.com/muety/wakapi/services/misc.go:53.51,59.40 4 0
github.com/muety/wakapi/services/misc.go:63.2,66.56 2 0
github.com/muety/wakapi/services/misc.go:77.2,77.12 1 0
github.com/muety/wakapi/services/misc.go:59.40,61.3 1 0
github.com/muety/wakapi/services/misc.go:66.56,67.27 1 0
github.com/muety/wakapi/services/misc.go:67.27,72.4 1 0
github.com/muety/wakapi/services/misc.go:73.8,75.3 1 0
github.com/muety/wakapi/services/misc.go:80.116,81.24 1 0
github.com/muety/wakapi/services/misc.go:81.24,82.151 1 0
github.com/muety/wakapi/services/misc.go:91.3,91.48 1 0
github.com/muety/wakapi/services/misc.go:82.151,84.4 1 0
github.com/muety/wakapi/services/misc.go:84.9,90.4 2 0
github.com/muety/wakapi/services/misc.go:91.48,94.4 2 0
github.com/muety/wakapi/services/misc.go:98.86,101.30 3 0
github.com/muety/wakapi/services/misc.go:106.2,109.17 1 0
github.com/muety/wakapi/services/misc.go:113.2,116.17 1 0
github.com/muety/wakapi/services/misc.go:101.30,104.3 2 0
github.com/muety/wakapi/services/misc.go:109.17,111.3 1 0
github.com/muety/wakapi/services/misc.go:116.17,118.3 1 0
github.com/muety/wakapi/services/heartbeat.go:17.141,23.2 1 0
github.com/muety/wakapi/services/heartbeat.go:25.72,27.2 1 0
github.com/muety/wakapi/services/heartbeat.go:29.80,34.32 3 0
github.com/muety/wakapi/services/heartbeat.go:41.2,41.55 1 0
github.com/muety/wakapi/services/heartbeat.go:34.32,35.36 1 0
github.com/muety/wakapi/services/heartbeat.go:35.36,38.4 2 0
github.com/muety/wakapi/services/heartbeat.go:44.53,46.2 1 0
github.com/muety/wakapi/services/heartbeat.go:48.76,50.2 1 0
github.com/muety/wakapi/services/heartbeat.go:52.96,54.2 1 0
github.com/muety/wakapi/services/heartbeat.go:56.111,58.16 2 0
github.com/muety/wakapi/services/heartbeat.go:61.2,61.43 1 0
github.com/muety/wakapi/services/heartbeat.go:58.16,60.3 1 0
github.com/muety/wakapi/services/heartbeat.go:64.92,66.2 1 0
github.com/muety/wakapi/services/heartbeat.go:68.116,70.2 1 0
github.com/muety/wakapi/services/heartbeat.go:72.78,74.2 1 0
github.com/muety/wakapi/services/heartbeat.go:76.62,78.2 1 0
github.com/muety/wakapi/services/heartbeat.go:80.116,82.16 2 0
github.com/muety/wakapi/services/heartbeat.go:86.2,86.28 1 0
github.com/muety/wakapi/services/heartbeat.go:90.2,90.24 1 0
github.com/muety/wakapi/services/heartbeat.go:82.16,84.3 1 0
github.com/muety/wakapi/services/heartbeat.go:86.28,88.3 1 0
github.com/muety/wakapi/services/language_mapping.go:18.118,24.2 1 0
github.com/muety/wakapi/services/language_mapping.go:26.86,28.2 1 0
github.com/muety/wakapi/services/language_mapping.go:30.96,31.53 1 0
github.com/muety/wakapi/services/language_mapping.go:35.2,36.16 2 0
github.com/muety/wakapi/services/language_mapping.go:39.2,40.22 2 0
github.com/muety/wakapi/services/language_mapping.go:31.53,33.3 1 0
github.com/muety/wakapi/services/language_mapping.go:36.16,38.3 1 0
github.com/muety/wakapi/services/language_mapping.go:43.92,46.16 3 0
github.com/muety/wakapi/services/language_mapping.go:50.2,50.33 1 0
github.com/muety/wakapi/services/language_mapping.go:53.2,53.22 1 0
github.com/muety/wakapi/services/language_mapping.go:46.16,48.3 1 0
github.com/muety/wakapi/services/language_mapping.go:50.33,52.3 1 0
github.com/muety/wakapi/services/language_mapping.go:56.109,58.16 2 0
github.com/muety/wakapi/services/language_mapping.go:62.2,63.20 2 0
github.com/muety/wakapi/services/language_mapping.go:58.16,60.3 1 0
github.com/muety/wakapi/services/language_mapping.go:66.82,67.26 1 0
github.com/muety/wakapi/services/language_mapping.go:70.2,72.12 3 0
github.com/muety/wakapi/services/language_mapping.go:67.26,69.3 1 0
github.com/muety/wakapi/services/language_mapping.go:75.74,78.2 1 0
