mode: set
github.com/muety/wakapi/models/heartbeats.go:7.31,9.2 1 0
github.com/muety/wakapi/models/heartbeats.go:11.41,13.2 1 0
github.com/muety/wakapi/models/heartbeats.go:15.36,17.2 1 0
github.com/muety/wakapi/models/heartbeats.go:19.43,22.2 2 0
github.com/muety/wakapi/models/heartbeats.go:24.41,26.18 1 0
github.com/muety/wakapi/models/heartbeats.go:29.2,29.16 1 0
github.com/muety/wakapi/models/heartbeats.go:26.18,28.3 1 0
github.com/muety/wakapi/models/heartbeats.go:32.40,34.18 1 0
github.com/muety/wakapi/models/heartbeats.go:37.2,37.24 1 0
github.com/muety/wakapi/models/heartbeats.go:34.18,36.3 1 0
github.com/muety/wakapi/models/interval.go:5.47,6.23 1 0
github.com/muety/wakapi/models/interval.go:11.2,11.14 1 0
github.com/muety/wakapi/models/interval.go:6.23,7.13 1 0
github.com/muety/wakapi/models/interval.go:7.13,9.4 1 0
github.com/muety/wakapi/models/models.go:3.14,5.2 0 1
github.com/muety/wakapi/models/shared.go:34.52,37.16 3 0
github.com/muety/wakapi/models/shared.go:40.2,42.12 3 0
github.com/muety/wakapi/models/shared.go:37.16,39.3 1 0
github.com/muety/wakapi/models/shared.go:46.52,52.22 2 0
github.com/muety/wakapi/models/shared.go:68.2,71.12 3 0
github.com/muety/wakapi/models/shared.go:53.14,55.17 2 0
github.com/muety/wakapi/models/shared.go:58.13,60.8 2 0
github.com/muety/wakapi/models/shared.go:61.17,63.8 2 0
github.com/muety/wakapi/models/shared.go:64.10,65.64 1 0
github.com/muety/wakapi/models/shared.go:55.17,57.4 1 0
github.com/muety/wakapi/models/shared.go:74.45,76.2 1 0
github.com/muety/wakapi/models/shared.go:78.51,81.2 2 0
github.com/muety/wakapi/models/shared.go:83.37,86.2 2 0
github.com/muety/wakapi/models/shared.go:88.35,90.2 1 0
github.com/muety/wakapi/models/shared.go:92.34,94.2 1 0
github.com/muety/wakapi/models/filters.go:16.56,17.16 1 0
github.com/muety/wakapi/models/filters.go:29.2,29.19 1 0
github.com/muety/wakapi/models/filters.go:18.22,19.32 1 0
github.com/muety/wakapi/models/filters.go:20.17,21.27 1 0
github.com/muety/wakapi/models/filters.go:22.23,23.33 1 0
github.com/muety/wakapi/models/filters.go:24.21,25.31 1 0
github.com/muety/wakapi/models/filters.go:26.22,27.32 1 0
github.com/muety/wakapi/models/filters.go:32.47,33.21 1 1
github.com/muety/wakapi/models/filters.go:44.2,44.21 1 1
github.com/muety/wakapi/models/filters.go:33.21,35.3 1 1
github.com/muety/wakapi/models/filters.go:35.8,35.23 1 1
github.com/muety/wakapi/models/filters.go:35.23,37.3 1 0
github.com/muety/wakapi/models/filters.go:37.8,37.29 1 1
github.com/muety/wakapi/models/filters.go:37.29,39.3 1 1
github.com/muety/wakapi/models/filters.go:39.8,39.27 1 1
github.com/muety/wakapi/models/filters.go:39.27,41.3 1 0
github.com/muety/wakapi/models/filters.go:41.8,41.28 1 1
github.com/muety/wakapi/models/filters.go:41.28,43.3 1 0
github.com/muety/wakapi/models/heartbeat.go:32.34,34.2 1 1
github.com/muety/wakapi/models/heartbeat.go:36.65,37.28 1 1
github.com/muety/wakapi/models/heartbeat.go:40.2,41.45 2 1
github.com/muety/wakapi/models/heartbeat.go:44.2,45.44 2 1
github.com/muety/wakapi/models/heartbeat.go:48.2,48.42 1 1
github.com/muety/wakapi/models/heartbeat.go:37.28,39.3 1 1
github.com/muety/wakapi/models/heartbeat.go:41.45,43.3 1 0
github.com/muety/wakapi/models/heartbeat.go:45.44,47.3 1 0
github.com/muety/wakapi/models/heartbeat.go:51.50,52.11 1 1
github.com/muety/wakapi/models/heartbeat.go:65.2,65.15 1 1
github.com/muety/wakapi/models/heartbeat.go:69.2,69.12 1 1
github.com/muety/wakapi/models/heartbeat.go:53.22,54.18 1 1
github.com/muety/wakapi/models/heartbeat.go:55.21,56.17 1 1
github.com/muety/wakapi/models/heartbeat.go:57.23,58.19 1 1
github.com/muety/wakapi/models/heartbeat.go:59.17,60.26 1 1
github.com/muety/wakapi/models/heartbeat.go:61.22,62.18 1 1
github.com/muety/wakapi/models/heartbeat.go:65.15,67.3 1 1
github.com/muety/wakapi/models/heartbeat.go:72.37,88.2 1 0
github.com/muety/wakapi/models/heartbeat.go:96.41,98.16 2 0
github.com/muety/wakapi/models/heartbeat.go:101.2,102.10 2 0
github.com/muety/wakapi/models/heartbeat.go:98.16,100.3 1 0
github.com/muety/wakapi/models/language_mapping.go:11.42,13.2 1 0
github.com/muety/wakapi/models/language_mapping.go:15.51,17.2 1 0
github.com/muety/wakapi/models/language_mapping.go:19.52,21.2 1 0
github.com/muety/wakapi/models/summary.go:101.29,103.2 1 1
github.com/muety/wakapi/models/summary.go:105.37,112.2 6 1
github.com/muety/wakapi/models/summary.go:114.35,116.2 1 1
github.com/muety/wakapi/models/summary.go:118.57,126.2 1 1
github.com/muety/wakapi/models/summary.go:139.33,144.26 4 1
github.com/muety/wakapi/models/summary.go:151.2,151.37 1 1
github.com/muety/wakapi/models/summary.go:155.2,158.33 2 1
github.com/muety/wakapi/models/summary.go:144.26,145.30 1 1
github.com/muety/wakapi/models/summary.go:145.30,147.4 1 1
github.com/muety/wakapi/models/summary.go:151.37,153.3 1 0
github.com/muety/wakapi/models/summary.go:158.33,164.3 1 1
github.com/muety/wakapi/models/summary.go:167.45,172.30 3 1
github.com/muety/wakapi/models/summary.go:181.2,181.30 1 1
github.com/muety/wakapi/models/summary.go:172.30,173.47 1 1
github.com/muety/wakapi/models/summary.go:173.47,174.32 1 1
github.com/muety/wakapi/models/summary.go:177.4,177.9 1 1
github.com/muety/wakapi/models/summary.go:174.32,176.5 1 1
github.com/muety/wakapi/models/summary.go:184.73,186.55 2 1
github.com/muety/wakapi/models/summary.go:191.2,191.16 1 1
github.com/muety/wakapi/models/summary.go:186.55,187.31 1 1
github.com/muety/wakapi/models/summary.go:187.31,189.4 1 1
github.com/muety/wakapi/models/summary.go:194.88,196.55 2 1
github.com/muety/wakapi/models/summary.go:204.2,204.16 1 1
github.com/muety/wakapi/models/summary.go:196.55,197.31 1 1
github.com/muety/wakapi/models/summary.go:197.31,198.23 1 1
github.com/muety/wakapi/models/summary.go:201.4,201.46 1 1
github.com/muety/wakapi/models/summary.go:198.23,199.13 1 1
github.com/muety/wakapi/models/summary.go:207.70,209.8 2 1
github.com/muety/wakapi/models/summary.go:212.2,212.10 1 1
github.com/muety/wakapi/models/summary.go:209.8,211.3 1 1
github.com/muety/wakapi/models/summary.go:215.71,216.63 1 1
github.com/muety/wakapi/models/summary.go:256.2,262.10 6 1
github.com/muety/wakapi/models/summary.go:216.63,219.45 2 1
github.com/muety/wakapi/models/summary.go:228.3,228.31 1 1
github.com/muety/wakapi/models/summary.go:235.3,235.31 1 1
github.com/muety/wakapi/models/summary.go:252.3,252.16 1 1
github.com/muety/wakapi/models/summary.go:219.45,220.32 1 1
github.com/muety/wakapi/models/summary.go:225.4,225.14 1 1
github.com/muety/wakapi/models/summary.go:220.32,221.24 1 1
github.com/muety/wakapi/models/summary.go:221.24,223.6 1 1
github.com/muety/wakapi/models/summary.go:228.31,230.60 1 1
github.com/muety/wakapi/models/summary.go:230.60,232.5 1 1
github.com/muety/wakapi/models/summary.go:235.31,237.60 1 1
github.com/muety/wakapi/models/summary.go:237.60,238.55 1 1
github.com/muety/wakapi/models/summary.go:238.55,240.6 1 1
github.com/muety/wakapi/models/summary.go:240.11,248.6 1 1
github.com/muety/wakapi/models/summary.go:265.33,267.2 1 1
github.com/muety/wakapi/models/summary.go:269.43,271.2 1 1
github.com/muety/wakapi/models/summary.go:273.38,275.2 1 1
github.com/muety/wakapi/models/user.go:40.43,43.2 1 0
github.com/muety/wakapi/models/user.go:45.33,49.2 1 0
github.com/muety/wakapi/models/user.go:51.45,53.2 1 0
github.com/muety/wakapi/models/user.go:55.45,57.2 1 0
github.com/muety/wakapi/models/alias.go:12.32,14.2 1 0
github.com/muety/wakapi/models/alias.go:16.37,17.35 1 0
github.com/muety/wakapi/models/alias.go:22.2,22.14 1 0
github.com/muety/wakapi/models/alias.go:17.35,18.18 1 0
github.com/muety/wakapi/models/alias.go:18.18,20.4 1 0
github.com/muety/wakapi/utils/template.go:8.41,10.16 2 0
github.com/muety/wakapi/utils/template.go:13.2,13.23 1 0
github.com/muety/wakapi/utils/template.go:10.16,12.3 1 0
github.com/muety/wakapi/utils/template.go:16.37,17.30 1 0
github.com/muety/wakapi/utils/template.go:20.2,20.10 1 0
github.com/muety/wakapi/utils/template.go:17.30,19.3 1 0
github.com/muety/wakapi/utils/auth.go:16.79,18.54 2 0
github.com/muety/wakapi/utils/auth.go:22.2,24.16 3 0
github.com/muety/wakapi/utils/auth.go:28.2,30.45 3 0
github.com/muety/wakapi/utils/auth.go:33.2,34.32 2 0
github.com/muety/wakapi/utils/auth.go:18.54,20.3 1 0
github.com/muety/wakapi/utils/auth.go:24.16,26.3 1 0
github.com/muety/wakapi/utils/auth.go:30.45,32.3 1 0
github.com/muety/wakapi/utils/auth.go:37.65,39.54 2 0
github.com/muety/wakapi/utils/auth.go:43.2,44.30 2 0
github.com/muety/wakapi/utils/auth.go:39.54,41.3 1 0
github.com/muety/wakapi/utils/auth.go:47.94,49.16 2 0
github.com/muety/wakapi/utils/auth.go:53.2,53.107 1 0
github.com/muety/wakapi/utils/auth.go:57.2,57.22 1 0
github.com/muety/wakapi/utils/auth.go:49.16,51.3 1 0
github.com/muety/wakapi/utils/auth.go:53.107,55.3 1 0
github.com/muety/wakapi/utils/auth.go:60.56,64.2 3 0
github.com/muety/wakapi/utils/auth.go:66.55,69.16 3 0
github.com/muety/wakapi/utils/auth.go:72.2,72.16 1 0
github.com/muety/wakapi/utils/auth.go:69.16,71.3 1 0
github.com/muety/wakapi/utils/color.go:8.90,10.32 2 0
github.com/muety/wakapi/utils/color.go:15.2,15.15 1 0
github.com/muety/wakapi/utils/color.go:10.32,11.50 1 0
github.com/muety/wakapi/utils/color.go:11.50,13.4 1 0
github.com/muety/wakapi/utils/common.go:9.48,11.2 1 0
github.com/muety/wakapi/utils/common.go:13.40,15.2 1 0
github.com/muety/wakapi/utils/common.go:17.45,19.2 1 0
github.com/muety/wakapi/utils/common.go:21.24,23.2 1 0
github.com/muety/wakapi/utils/common.go:25.56,28.45 3 1
github.com/muety/wakapi/utils/common.go:31.2,31.40 1 1
github.com/muety/wakapi/utils/common.go:28.45,30.3 1 1
github.com/muety/wakapi/utils/date.go:8.31,10.2 1 0
github.com/muety/wakapi/utils/date.go:12.43,14.2 1 0
github.com/muety/wakapi/utils/date.go:16.30,20.2 3 0
github.com/muety/wakapi/utils/date.go:22.31,25.2 2 0
github.com/muety/wakapi/utils/date.go:27.30,30.2 2 0
github.com/muety/wakapi/utils/date.go:32.67,35.33 2 0
github.com/muety/wakapi/utils/date.go:44.2,44.18 1 0
github.com/muety/wakapi/utils/date.go:35.33,37.19 2 0
github.com/muety/wakapi/utils/date.go:40.3,41.10 2 0
github.com/muety/wakapi/utils/date.go:37.19,39.4 1 0
github.com/muety/wakapi/utils/date.go:47.50,53.2 5 0
github.com/muety/wakapi/utils/date.go:56.79,59.36 3 0
github.com/muety/wakapi/utils/date.go:63.2,63.21 1 0
github.com/muety/wakapi/utils/date.go:67.2,67.21 1 0
github.com/muety/wakapi/utils/date.go:71.2,71.13 1 0
github.com/muety/wakapi/utils/date.go:59.36,62.3 2 0
github.com/muety/wakapi/utils/date.go:63.21,66.3 2 0
github.com/muety/wakapi/utils/date.go:67.21,70.3 2 0
github.com/muety/wakapi/utils/http.go:9.73,12.58 3 0
github.com/muety/wakapi/utils/http.go:12.58,14.3 1 0
github.com/muety/wakapi/utils/strings.go:8.34,10.2 1 0
github.com/muety/wakapi/utils/strings.go:12.77,13.29 1 0
github.com/muety/wakapi/utils/strings.go:18.2,18.19 1 0
github.com/muety/wakapi/utils/strings.go:13.29,14.18 1 0
github.com/muety/wakapi/utils/strings.go:14.18,16.4 1 0
github.com/muety/wakapi/utils/summary.go:10.66,11.40 1 0
github.com/muety/wakapi/utils/summary.go:16.2,16.48 1 0
github.com/muety/wakapi/utils/summary.go:11.40,12.27 1 0
github.com/muety/wakapi/utils/summary.go:12.27,14.4 1 0
github.com/muety/wakapi/utils/summary.go:19.74,21.16 2 0
github.com/muety/wakapi/utils/summary.go:24.2,24.32 1 0
github.com/muety/wakapi/utils/summary.go:21.16,23.3 1 0
github.com/muety/wakapi/utils/summary.go:27.84,30.18 2 0
github.com/muety/wakapi/utils/summary.go:65.2,65.22 1 0
github.com/muety/wakapi/utils/summary.go:31.28,32.24 1 0
github.com/muety/wakapi/utils/summary.go:33.32,35.22 2 0
github.com/muety/wakapi/utils/summary.go:36.31,37.23 1 0
github.com/muety/wakapi/utils/summary.go:38.31,40.21 2 0
github.com/muety/wakapi/utils/summary.go:41.32,42.24 1 0
github.com/muety/wakapi/utils/summary.go:43.32,45.22 2 0
github.com/muety/wakapi/utils/summary.go:46.31,47.23 1 0
github.com/muety/wakapi/utils/summary.go:48.32,49.42 1 0
github.com/muety/wakapi/utils/summary.go:50.41,52.40 2 0
github.com/muety/wakapi/utils/summary.go:53.33,54.43 1 0
github.com/muety/wakapi/utils/summary.go:55.33,56.43 1 0
github.com/muety/wakapi/utils/summary.go:57.35,58.43 1 0
github.com/muety/wakapi/utils/summary.go:59.26,60.21 1 0
github.com/muety/wakapi/utils/summary.go:61.10,62.39 1 0
github.com/muety/wakapi/utils/summary.go:68.73,75.56 5 0
github.com/muety/wakapi/utils/summary.go:89.2,96.8 2 0
github.com/muety/wakapi/utils/summary.go:75.56,77.3 1 0
github.com/muety/wakapi/utils/summary.go:77.8,79.17 2 0
github.com/muety/wakapi/utils/summary.go:83.3,84.17 2 0
github.com/muety/wakapi/utils/summary.go:79.17,81.4 1 0
github.com/muety/wakapi/utils/summary.go:84.17,86.4 1 0
github.com/muety/wakapi/middlewares/authenticate.go:20.91,26.2 1 1
github.com/muety/wakapi/middlewares/authenticate.go:28.90,31.2 2 0
github.com/muety/wakapi/middlewares/authenticate.go:33.71,34.71 1 0
github.com/muety/wakapi/middlewares/authenticate.go:34.71,36.3 1 0
github.com/muety/wakapi/middlewares/authenticate.go:39.107,43.16 3 0
github.com/muety/wakapi/middlewares/authenticate.go:47.2,47.31 1 0
github.com/muety/wakapi/middlewares/authenticate.go:62.2,63.29 2 0
github.com/muety/wakapi/middlewares/authenticate.go:43.16,45.3 1 0
github.com/muety/wakapi/middlewares/authenticate.go:47.31,48.31 1 0
github.com/muety/wakapi/middlewares/authenticate.go:53.3,53.44 1 0
github.com/muety/wakapi/middlewares/authenticate.go:59.3,59.9 1 0
github.com/muety/wakapi/middlewares/authenticate.go:48.31,51.4 2 0
github.com/muety/wakapi/middlewares/authenticate.go:53.44,55.4 1 0
github.com/muety/wakapi/middlewares/authenticate.go:55.9,58.4 2 0
github.com/muety/wakapi/middlewares/authenticate.go:66.70,67.39 1 0
github.com/muety/wakapi/middlewares/authenticate.go:72.2,72.14 1 0
github.com/muety/wakapi/middlewares/authenticate.go:67.39,68.60 1 0
github.com/muety/wakapi/middlewares/authenticate.go:68.60,70.4 1 0
github.com/muety/wakapi/middlewares/authenticate.go:75.92,77.16 2 1
github.com/muety/wakapi/middlewares/authenticate.go:81.2,84.16 4 1
github.com/muety/wakapi/middlewares/authenticate.go:87.2,87.18 1 1
github.com/muety/wakapi/middlewares/authenticate.go:77.16,79.3 1 1
github.com/muety/wakapi/middlewares/authenticate.go:84.16,86.3 1 0
github.com/muety/wakapi/middlewares/authenticate.go:90.92,92.16 2 0
github.com/muety/wakapi/middlewares/authenticate.go:96.2,97.16 2 0
github.com/muety/wakapi/middlewares/authenticate.go:104.2,104.18 1 0
github.com/muety/wakapi/middlewares/authenticate.go:92.16,94.3 1 0
github.com/muety/wakapi/middlewares/authenticate.go:97.16,99.3 1 0
github.com/muety/wakapi/middlewares/logging.go:17.79,18.43 1 0
github.com/muety/wakapi/middlewares/logging.go:18.43,23.3 1 0
github.com/muety/wakapi/middlewares/logging.go:26.80,44.2 6 0
github.com/muety/wakapi/middlewares/logging.go:46.41,48.14 2 0
github.com/muety/wakapi/middlewares/logging.go:51.2,51.14 1 0
github.com/muety/wakapi/middlewares/logging.go:54.2,54.11 1 0
github.com/muety/wakapi/middlewares/logging.go:48.14,50.3 1 0
github.com/muety/wakapi/middlewares/logging.go:51.14,53.3 1 0
github.com/muety/wakapi/middlewares/logging.go:85.52,87.2 1 0
github.com/muety/wakapi/middlewares/logging.go:99.45,100.20 1 0
github.com/muety/wakapi/middlewares/logging.go:100.20,104.3 3 0
github.com/muety/wakapi/middlewares/logging.go:106.54,109.18 3 0
github.com/muety/wakapi/middlewares/logging.go:116.2,117.15 2 0
github.com/muety/wakapi/middlewares/logging.go:109.18,112.17 2 0
github.com/muety/wakapi/middlewares/logging.go:112.17,114.4 1 0
github.com/muety/wakapi/middlewares/logging.go:119.42,120.20 1 0
github.com/muety/wakapi/middlewares/logging.go:120.20,122.3 1 0
github.com/muety/wakapi/middlewares/logging.go:124.36,126.2 1 0
github.com/muety/wakapi/middlewares/logging.go:127.42,129.2 1 0
github.com/muety/wakapi/middlewares/logging.go:130.40,132.2 1 0
github.com/muety/wakapi/middlewares/logging.go:133.52,135.2 1 0
github.com/muety/wakapi/config/config.go:95.70,97.2 1 0
github.com/muety/wakapi/config/config.go:99.65,101.2 1 0
github.com/muety/wakapi/config/config.go:103.82,113.2 1 0
github.com/muety/wakapi/config/config.go:115.31,117.2 1 0
github.com/muety/wakapi/config/config.go:119.32,121.2 1 0
github.com/muety/wakapi/config/config.go:123.74,124.19 1 0
github.com/muety/wakapi/config/config.go:125.10,126.34 1 0
github.com/muety/wakapi/config/config.go:126.34,135.4 8 0
github.com/muety/wakapi/config/config.go:139.73,140.33 1 0
github.com/muety/wakapi/config/config.go:140.33,148.17 5 0
github.com/muety/wakapi/config/config.go:152.3,153.13 2 0
github.com/muety/wakapi/config/config.go:148.17,150.4 1 0
github.com/muety/wakapi/config/config.go:157.50,158.19 1 0
github.com/muety/wakapi/config/config.go:171.2,171.12 1 0
github.com/muety/wakapi/config/config.go:159.23,163.5 1 0
github.com/muety/wakapi/config/config.go:164.26,167.5 1 0
github.com/muety/wakapi/config/config.go:168.24,169.48 1 0
github.com/muety/wakapi/config/config.go:174.53,184.2 1 1
github.com/muety/wakapi/config/config.go:186.56,188.16 2 1
github.com/muety/wakapi/config/config.go:192.2,199.3 1 1
github.com/muety/wakapi/config/config.go:188.16,190.3 1 0
github.com/muety/wakapi/config/config.go:202.54,204.2 1 1
github.com/muety/wakapi/config/config.go:206.60,208.2 1 0
github.com/muety/wakapi/config/config.go:210.59,212.2 1 0
github.com/muety/wakapi/config/config.go:214.57,216.2 1 0
github.com/muety/wakapi/config/config.go:218.53,220.2 1 0
github.com/muety/wakapi/config/config.go:222.29,224.2 1 1
github.com/muety/wakapi/config/config.go:226.27,228.16 2 0
github.com/muety/wakapi/config/config.go:231.2,234.16 3 0
github.com/muety/wakapi/config/config.go:238.2,238.41 1 0
github.com/muety/wakapi/config/config.go:228.16,230.3 1 0
github.com/muety/wakapi/config/config.go:234.16,236.3 1 0
github.com/muety/wakapi/config/config.go:241.48,253.16 3 0
github.com/muety/wakapi/config/config.go:256.2,258.16 3 0
github.com/muety/wakapi/config/config.go:262.2,262.55 1 0
github.com/muety/wakapi/config/config.go:266.2,266.15 1 0
github.com/muety/wakapi/config/config.go:253.16,255.3 1 0
github.com/muety/wakapi/config/config.go:258.16,260.3 1 0
github.com/muety/wakapi/config/config.go:262.55,264.3 1 0
github.com/muety/wakapi/config/config.go:269.38,270.43 1 0
github.com/muety/wakapi/config/config.go:273.2,273.15 1 0
github.com/muety/wakapi/config/config.go:270.43,272.3 1 0
github.com/muety/wakapi/config/config.go:276.45,277.27 1 0
github.com/muety/wakapi/config/config.go:280.2,280.15 1 0
github.com/muety/wakapi/config/config.go:277.27,279.3 1 0
github.com/muety/wakapi/config/config.go:283.26,285.2 1 0
github.com/muety/wakapi/config/config.go:287.20,289.2 1 0
github.com/muety/wakapi/config/config.go:291.21,296.96 3 0
github.com/muety/wakapi/config/config.go:300.2,308.52 5 0
github.com/muety/wakapi/config/config.go:312.2,312.47 1 0
github.com/muety/wakapi/config/config.go:318.2,318.70 1 0
github.com/muety/wakapi/config/config.go:322.2,322.28 1 0
github.com/muety/wakapi/config/config.go:326.2,327.14 2 0
github.com/muety/wakapi/config/config.go:296.96,298.3 1 0
github.com/muety/wakapi/config/config.go:308.52,310.3 1 0
github.com/muety/wakapi/config/config.go:312.47,313.14 1 0
github.com/muety/wakapi/config/config.go:313.14,315.4 1 0
github.com/muety/wakapi/config/config.go:318.70,320.3 1 0
github.com/muety/wakapi/config/config.go:322.28,324.3 1 0
github.com/muety/wakapi/config/utils.go:5.78,7.22 2 0
github.com/muety/wakapi/config/utils.go:13.2,13.11 1 0
github.com/muety/wakapi/config/utils.go:7.22,8.18 1 0
github.com/muety/wakapi/config/utils.go:11.3,11.12 1 0
github.com/muety/wakapi/config/utils.go:8.18,10.4 1 0
github.com/muety/wakapi/services/language_mapping.go:18.118,24.2 1 0
github.com/muety/wakapi/services/language_mapping.go:26.86,28.2 1 0
github.com/muety/wakapi/services/language_mapping.go:30.96,31.53 1 0
github.com/muety/wakapi/services/language_mapping.go:35.2,36.16 2 0
github.com/muety/wakapi/services/language_mapping.go:39.2,40.22 2 0
github.com/muety/wakapi/services/language_mapping.go:31.53,33.3 1 0
github.com/muety/wakapi/services/language_mapping.go:36.16,38.3 1 0
github.com/muety/wakapi/services/language_mapping.go:43.92,46.16 3 0
github.com/muety/wakapi/services/language_mapping.go:50.2,50.33 1 0
github.com/muety/wakapi/services/language_mapping.go:53.2,53.22 1 0
github.com/muety/wakapi/services/language_mapping.go:46.16,48.3 1 0
github.com/muety/wakapi/services/language_mapping.go:50.33,52.3 1 0
github.com/muety/wakapi/services/language_mapping.go:56.109,58.16 2 0
github.com/muety/wakapi/services/language_mapping.go:62.2,63.20 2 0
github.com/muety/wakapi/services/language_mapping.go:58.16,60.3 1 0
github.com/muety/wakapi/services/language_mapping.go:66.82,67.26 1 0
github.com/muety/wakapi/services/language_mapping.go:70.2,72.12 3 0
github.com/muety/wakapi/services/language_mapping.go:67.26,69.3 1 0
github.com/muety/wakapi/services/language_mapping.go:75.74,78.2 1 0
github.com/muety/wakapi/services/misc.go:23.126,30.2 1 0
github.com/muety/wakapi/services/misc.go:42.50,44.48 1 0
github.com/muety/wakapi/services/misc.go:48.2,50.19 3 0
github.com/muety/wakapi/services/misc.go:44.48,46.3 1 0
github.com/muety/wakapi/services/misc.go:53.51,59.40 4 0
github.com/muety/wakapi/services/misc.go:63.2,66.56 2 0
github.com/muety/wakapi/services/misc.go:77.2,77.12 1 0
github.com/muety/wakapi/services/misc.go:59.40,61.3 1 0
github.com/muety/wakapi/services/misc.go:66.56,67.27 1 0
github.com/muety/wakapi/services/misc.go:67.27,72.4 1 0
github.com/muety/wakapi/services/misc.go:73.8,75.3 1 0
github.com/muety/wakapi/services/misc.go:80.116,81.24 1 0
github.com/muety/wakapi/services/misc.go:81.24,82.144 1 0
github.com/muety/wakapi/services/misc.go:91.3,91.48 1 0
github.com/muety/wakapi/services/misc.go:82.144,84.4 1 0
github.com/muety/wakapi/services/misc.go:84.9,90.4 2 0
github.com/muety/wakapi/services/misc.go:91.48,94.4 2 0
github.com/muety/wakapi/services/misc.go:98.86,101.30 3 0
github.com/muety/wakapi/services/misc.go:106.2,109.17 1 0
github.com/muety/wakapi/services/misc.go:113.2,116.17 1 0
github.com/muety/wakapi/services/misc.go:101.30,104.3 2 0
github.com/muety/wakapi/services/misc.go:109.17,111.3 1 0
github.com/muety/wakapi/services/misc.go:116.17,118.3 1 0
github.com/muety/wakapi/services/aggregation.go:24.142,31.2 1 0
github.com/muety/wakapi/services/aggregation.go:40.43,42.37 1 0
github.com/muety/wakapi/services/aggregation.go:46.2,48.19 3 0
github.com/muety/wakapi/services/aggregation.go:42.37,44.3 1 0
github.com/muety/wakapi/services/aggregation.go:51.67,55.40 3 0
github.com/muety/wakapi/services/aggregation.go:59.2,59.50 1 0
github.com/muety/wakapi/services/aggregation.go:64.2,64.60 1 0
github.com/muety/wakapi/services/aggregation.go:70.2,70.35 1 0
github.com/muety/wakapi/services/aggregation.go:55.40,57.3 1 0
github.com/muety/wakapi/services/aggregation.go:59.50,61.3 1 0
github.com/muety/wakapi/services/aggregation.go:64.60,68.3 3 0
github.com/muety/wakapi/services/aggregation.go:73.109,74.24 1 0
github.com/muety/wakapi/services/aggregation.go:74.24,75.111 1 0
github.com/muety/wakapi/services/aggregation.go:75.111,77.4 1 0
github.com/muety/wakapi/services/aggregation.go:77.9,80.4 2 0
github.com/muety/wakapi/services/aggregation.go:84.80,85.33 1 0
github.com/muety/wakapi/services/aggregation.go:85.33,86.60 1 0
github.com/muety/wakapi/services/aggregation.go:86.60,88.4 1 0
github.com/muety/wakapi/services/aggregation.go:92.100,96.59 3 0
github.com/muety/wakapi/services/aggregation.go:111.2,112.16 2 0
github.com/muety/wakapi/services/aggregation.go:118.2,119.16 2 0
github.com/muety/wakapi/services/aggregation.go:125.2,126.44 2 0
github.com/muety/wakapi/services/aggregation.go:131.2,131.41 1 0
github.com/muety/wakapi/services/aggregation.go:145.2,145.12 1 0
github.com/muety/wakapi/services/aggregation.go:96.59,99.3 2 0
github.com/muety/wakapi/services/aggregation.go:99.8,99.47 1 0
github.com/muety/wakapi/services/aggregation.go:99.47,101.30 2 0
github.com/muety/wakapi/services/aggregation.go:101.30,102.43 1 0
github.com/muety/wakapi/services/aggregation.go:102.43,104.5 1 0
github.com/muety/wakapi/services/aggregation.go:106.8,108.3 1 0
github.com/muety/wakapi/services/aggregation.go:112.16,115.3 2 0
github.com/muety/wakapi/services/aggregation.go:119.16,122.3 2 0
github.com/muety/wakapi/services/aggregation.go:126.44,128.3 1 0
github.com/muety/wakapi/services/aggregation.go:131.41,132.21 1 0
github.com/muety/wakapi/services/aggregation.go:132.21,136.4 1 0
github.com/muety/wakapi/services/aggregation.go:136.9,136.62 1 0
github.com/muety/wakapi/services/aggregation.go:136.62,140.4 1 0
github.com/muety/wakapi/services/aggregation.go:148.83,163.41 5 0
github.com/muety/wakapi/services/aggregation.go:163.41,173.3 3 0
github.com/muety/wakapi/services/aggregation.go:176.34,179.2 2 0
github.com/muety/wakapi/services/heartbeat.go:17.141,23.2 1 0
github.com/muety/wakapi/services/heartbeat.go:25.72,27.2 1 0
github.com/muety/wakapi/services/heartbeat.go:29.80,31.2 1 0
github.com/muety/wakapi/services/heartbeat.go:33.76,35.2 1 0
github.com/muety/wakapi/services/heartbeat.go:37.111,39.16 2 0
github.com/muety/wakapi/services/heartbeat.go:42.2,42.43 1 0
github.com/muety/wakapi/services/heartbeat.go:39.16,41.3 1 0
github.com/muety/wakapi/services/heartbeat.go:45.116,47.2 1 0
github.com/muety/wakapi/services/heartbeat.go:49.78,51.2 1 0
github.com/muety/wakapi/services/heartbeat.go:53.62,55.2 1 0
github.com/muety/wakapi/services/heartbeat.go:57.116,59.16 2 0
github.com/muety/wakapi/services/heartbeat.go:63.2,63.28 1 0
github.com/muety/wakapi/services/heartbeat.go:67.2,67.24 1 0
github.com/muety/wakapi/services/heartbeat.go:59.16,61.3 1 0
github.com/muety/wakapi/services/heartbeat.go:63.28,65.3 1 0
github.com/muety/wakapi/services/summary.go:27.149,35.2 1 1
github.com/muety/wakapi/services/summary.go:39.120,42.52 2 1
github.com/muety/wakapi/services/summary.go:47.2,47.44 1 1
github.com/muety/wakapi/services/summary.go:53.2,53.65 1 1
github.com/muety/wakapi/services/summary.go:58.2,59.16 2 1
github.com/muety/wakapi/services/summary.go:64.2,66.30 3 1
github.com/muety/wakapi/services/summary.go:42.52,44.3 1 0
github.com/muety/wakapi/services/summary.go:47.44,50.3 2 1
github.com/muety/wakapi/services/summary.go:53.65,55.3 1 0
github.com/muety/wakapi/services/summary.go:59.16,61.3 1 0
github.com/muety/wakapi/services/summary.go:69.101,72.52 2 1
github.com/muety/wakapi/services/summary.go:77.2,78.16 2 1
github.com/muety/wakapi/services/summary.go:83.2,84.44 2 1
github.com/muety/wakapi/services/summary.go:93.2,94.16 2 1
github.com/muety/wakapi/services/summary.go:99.2,100.30 2 1
github.com/muety/wakapi/services/summary.go:72.52,74.3 1 0
github.com/muety/wakapi/services/summary.go:78.16,80.3 1 0
github.com/muety/wakapi/services/summary.go:84.44,85.78 1 1
github.com/muety/wakapi/services/summary.go:85.78,87.4 1 1
github.com/muety/wakapi/services/summary.go:87.9,89.4 1 0
github.com/muety/wakapi/services/summary.go:94.16,96.3 1 0
github.com/muety/wakapi/services/summary.go:103.102,106.89 2 1
github.com/muety/wakapi/services/summary.go:112.2,116.26 4 1
github.com/muety/wakapi/services/summary.go:121.2,127.34 6 1
github.com/muety/wakapi/services/summary.go:143.2,143.26 1 1
github.com/muety/wakapi/services/summary.go:148.2,161.30 2 1
github.com/muety/wakapi/services/summary.go:106.89,108.3 1 1
github.com/muety/wakapi/services/summary.go:108.8,110.3 1 0
github.com/muety/wakapi/services/summary.go:116.26,118.3 1 1
github.com/muety/wakapi/services/summary.go:127.34,129.20 2 1
github.com/muety/wakapi/services/summary.go:130.30,131.29 1 1
github.com/muety/wakapi/services/summary.go:132.31,133.30 1 1
github.com/muety/wakapi/services/summary.go:134.29,135.28 1 1
github.com/muety/wakapi/services/summary.go:136.25,137.24 1 1
github.com/muety/wakapi/services/summary.go:138.30,139.29 1 1
github.com/muety/wakapi/services/summary.go:143.26,146.3 2 1
github.com/muety/wakapi/services/summary.go:166.76,168.2 1 0
github.com/muety/wakapi/services/summary.go:170.62,172.2 1 0
github.com/muety/wakapi/services/summary.go:174.66,176.2 1 0
github.com/muety/wakapi/services/summary.go:180.127,183.31 2 1
github.com/muety/wakapi/services/summary.go:206.2,207.30 2 1
github.com/muety/wakapi/services/summary.go:215.2,215.40 1 1
github.com/muety/wakapi/services/summary.go:219.2,219.67 1 1
github.com/muety/wakapi/services/summary.go:183.31,186.35 2 1
github.com/muety/wakapi/services/summary.go:190.3,190.13 1 1
github.com/muety/wakapi/services/summary.go:194.3,199.27 2 1
github.com/muety/wakapi/services/summary.go:203.3,203.26 1 1
github.com/muety/wakapi/services/summary.go:186.35,188.4 1 1
github.com/muety/wakapi/services/summary.go:190.13,191.12 1 1
github.com/muety/wakapi/services/summary.go:199.27,202.4 2 1
github.com/muety/wakapi/services/summary.go:207.30,213.3 1 1
github.com/muety/wakapi/services/summary.go:215.40,217.3 1 1
github.com/muety/wakapi/services/summary.go:222.97,223.24 1 1
github.com/muety/wakapi/services/summary.go:227.2,239.30 4 1
github.com/muety/wakapi/services/summary.go:259.2,262.26 3 1
github.com/muety/wakapi/services/summary.go:223.24,225.3 1 0
github.com/muety/wakapi/services/summary.go:239.30,240.38 1 1
github.com/muety/wakapi/services/summary.go:244.3,244.37 1 1
github.com/muety/wakapi/services/summary.go:248.3,248.34 1 1
github.com/muety/wakapi/services/summary.go:252.3,256.83 5 1
github.com/muety/wakapi/services/summary.go:240.38,242.4 1 0
github.com/muety/wakapi/services/summary.go:244.37,246.4 1 1
github.com/muety/wakapi/services/summary.go:248.34,250.4 1 1
github.com/muety/wakapi/services/summary.go:265.127,269.32 2 1
github.com/muety/wakapi/services/summary.go:273.2,273.27 1 1
github.com/muety/wakapi/services/summary.go:281.2,283.26 3 1
github.com/muety/wakapi/services/summary.go:288.2,288.43 1 1
github.com/muety/wakapi/services/summary.go:292.2,292.17 1 1
github.com/muety/wakapi/services/summary.go:269.32,271.3 1 1
github.com/muety/wakapi/services/summary.go:273.27,274.37 1 1
github.com/muety/wakapi/services/summary.go:274.37,276.4 1 1
github.com/muety/wakapi/services/summary.go:276.9,278.4 1 1
github.com/muety/wakapi/services/summary.go:283.26,286.3 2 1
github.com/muety/wakapi/services/summary.go:288.43,290.3 1 1
github.com/muety/wakapi/services/summary.go:295.116,296.25 1 1
github.com/muety/wakapi/services/summary.go:300.2,303.44 2 1
github.com/muety/wakapi/services/summary.go:308.2,308.40 1 1
github.com/muety/wakapi/services/summary.go:324.2,324.54 1 1
github.com/muety/wakapi/services/summary.go:328.2,328.18 1 1
github.com/muety/wakapi/services/summary.go:296.25,298.3 1 0
github.com/muety/wakapi/services/summary.go:303.44,305.3 1 1
github.com/muety/wakapi/services/summary.go:308.40,310.19 2 1
github.com/muety/wakapi/services/summary.go:315.3,318.22 3 0
github.com/muety/wakapi/services/summary.go:310.19,311.12 1 1
github.com/muety/wakapi/services/summary.go:318.22,320.4 1 0
github.com/muety/wakapi/services/summary.go:324.54,326.3 1 1
github.com/muety/wakapi/services/summary.go:331.59,333.25 2 1
github.com/muety/wakapi/services/summary.go:336.2,336.32 1 1
github.com/muety/wakapi/services/summary.go:333.25,335.3 1 1
github.com/muety/wakapi/services/user.go:19.73,25.2 1 0
github.com/muety/wakapi/services/user.go:27.74,28.40 1 0
github.com/muety/wakapi/services/user.go:32.2,33.16 2 0
github.com/muety/wakapi/services/user.go:37.2,38.15 2 0
github.com/muety/wakapi/services/user.go:28.40,30.3 1 0
github.com/muety/wakapi/services/user.go:33.16,35.3 1 0
github.com/muety/wakapi/services/user.go:41.72,42.37 1 0
github.com/muety/wakapi/services/user.go:46.2,47.16 2 0
github.com/muety/wakapi/services/user.go:51.2,52.15 2 0
github.com/muety/wakapi/services/user.go:42.37,44.3 1 0
github.com/muety/wakapi/services/user.go:47.16,49.3 1 0
github.com/muety/wakapi/services/user.go:55.58,57.2 1 0
github.com/muety/wakapi/services/user.go:59.88,66.93 2 0
github.com/muety/wakapi/services/user.go:72.2,72.38 1 0
github.com/muety/wakapi/services/user.go:66.93,68.3 1 0
github.com/muety/wakapi/services/user.go:68.8,70.3 1 0
github.com/muety/wakapi/services/user.go:75.73,78.2 2 0
github.com/muety/wakapi/services/user.go:80.78,84.2 3 0
github.com/muety/wakapi/services/user.go:86.99,89.2 2 0
github.com/muety/wakapi/services/user.go:91.106,94.96 3 0
github.com/muety/wakapi/services/user.go:99.2,99.68 1 0
github.com/muety/wakapi/services/user.go:94.96,96.3 1 0
github.com/muety/wakapi/services/user.go:96.8,98.3 1 0
github.com/muety/wakapi/services/user.go:102.57,105.2 2 0
github.com/muety/wakapi/services/user.go:107.38,109.2 1 0
github.com/muety/wakapi/services/alias.go:17.77,22.2 1 1
github.com/muety/wakapi/services/alias.go:26.60,27.43 1 1
github.com/muety/wakapi/services/alias.go:30.2,30.14 1 1
github.com/muety/wakapi/services/alias.go:27.43,29.3 1 1
github.com/muety/wakapi/services/alias.go:33.62,35.16 2 1
github.com/muety/wakapi/services/alias.go:38.2,38.12 1 1
github.com/muety/wakapi/services/alias.go:35.16,37.3 1 1
github.com/muety/wakapi/services/alias.go:41.76,43.16 2 0
github.com/muety/wakapi/services/alias.go:46.2,46.21 1 0
github.com/muety/wakapi/services/alias.go:43.16,45.3 1 0
github.com/muety/wakapi/services/alias.go:49.113,51.16 2 0
github.com/muety/wakapi/services/alias.go:54.2,54.21 1 0
github.com/muety/wakapi/services/alias.go:51.16,53.3 1 0
github.com/muety/wakapi/services/alias.go:57.108,58.32 1 1
github.com/muety/wakapi/services/alias.go:64.2,65.46 2 1
github.com/muety/wakapi/services/alias.go:70.2,70.19 1 1
github.com/muety/wakapi/services/alias.go:58.32,59.52 1 1
github.com/muety/wakapi/services/alias.go:59.52,61.4 1 1
github.com/muety/wakapi/services/alias.go:65.46,66.48 1 1
github.com/muety/wakapi/services/alias.go:66.48,68.4 1 1
github.com/muety/wakapi/services/alias.go:73.77,75.16 2 0
github.com/muety/wakapi/services/alias.go:78.2,79.20 2 0
github.com/muety/wakapi/services/alias.go:75.16,77.3 1 0
github.com/muety/wakapi/services/alias.go:82.60,83.24 1 0
github.com/muety/wakapi/services/alias.go:86.2,88.12 3 0
github.com/muety/wakapi/services/alias.go:83.24,85.3 1 0
github.com/muety/wakapi/services/alias.go:91.69,94.28 3 0
github.com/muety/wakapi/services/alias.go:102.2,104.31 2 0
github.com/muety/wakapi/services/alias.go:108.2,108.12 1 0
github.com/muety/wakapi/services/alias.go:94.28,95.21 1 0
github.com/muety/wakapi/services/alias.go:98.3,99.16 2 0
github.com/muety/wakapi/services/alias.go:95.21,97.4 1 0
github.com/muety/wakapi/services/alias.go:104.31,106.3 1 0
github.com/muety/wakapi/services/alias.go:111.52,112.51 1 0
github.com/muety/wakapi/services/alias.go:112.51,114.3 1 0
github.com/muety/wakapi/services/key_value.go:14.89,19.2 1 0
github.com/muety/wakapi/services/key_value.go:21.83,23.2 1 0
github.com/muety/wakapi/services/key_value.go:25.78,27.16 2 0
github.com/muety/wakapi/services/key_value.go:33.2,33.11 1 0
github.com/muety/wakapi/services/key_value.go:27.16,32.3 1 0
github.com/muety/wakapi/services/key_value.go:36.72,38.2 1 0
github.com/muety/wakapi/services/key_value.go:40.60,42.2 1 0
